--------------- Build Started: 09/11/2019 02:07:41 Project: Icebreaker, Configuration: ARM GCC 5.4-2016-q2-update Debug ---------------
The code generation step is up to date.
arm-none-eabi-gcc.exe -mcpu=cortex-m0 -mthumb -I. -IGenerated_Source\PSoC4 -Wa,-alh=.\CortexM0\ARM_GCC_541\Debug/cc85xx.lst -g -D DEBUG -Wall -ffunction-sections -ffat-lto-objects -Og -c cc85xx.c -o .\CortexM0\ARM_GCC_541\Debug\cc85xx.o
In file included from cc85xx.c:17:0:
cc85xx.c: In function 'cc85xx_bl_flash_verify':
cc85xx.c:349:14: warning: format '%u' expects argument of type 'unsigned int', but argument 3 has type 'uint32_t {aka long unsigned int}' [-Wformat=]
       PRINTF("nImageBytes = %u (0x%08x)\nCRC_VAL = 0x%08X\nsw = 0x%04X\n", nImageBytes, nImageBytes, *pCrc32, sw);
              ^
./Application.h:69:39: note: in definition of macro 'PRINTF'
                     sprintf(&gbuf[0], __VA_ARGS__); \
                                       ^
cc85xx.c:349:14: warning: format '%x' expects argument of type 'unsigned int', but argument 4 has type 'uint32_t {aka long unsigned int}' [-Wformat=]
       PRINTF("nImageBytes = %u (0x%08x)\nCRC_VAL = 0x%08X\nsw = 0x%04X\n", nImageBytes, nImageBytes, *pCrc32, sw);
              ^
./Application.h:69:39: note: in definition of macro 'PRINTF'
                     sprintf(&gbuf[0], __VA_ARGS__); \
                                       ^
cc85xx.c:349:14: warning: format '%X' expects argument of type 'unsigned int', but argument 5 has type 'uint32_t {aka long unsigned int}' [-Wformat=]
       PRINTF("nImageBytes = %u (0x%08x)\nCRC_VAL = 0x%08X\nsw = 0x%04X\n", nImageBytes, nImageBytes, *pCrc32, sw);
              ^
./Application.h:69:39: note: in definition of macro 'PRINTF'
                     sprintf(&gbuf[0], __VA_ARGS__); \
                                       ^
cc85xx.c:349:14: warning: format '%u' expects argument of type 'unsigned int', but argument 3 has type 'uint32_t {aka long unsigned int}' [-Wformat=]
       PRINTF("nImageBytes = %u (0x%08x)\nCRC_VAL = 0x%08X\nsw = 0x%04X\n", nImageBytes, nImageBytes, *pCrc32, sw);
              ^
./Application.h:69:39: note: in definition of macro 'PRINTF'
                     sprintf(&gbuf[0], __VA_ARGS__); \
                                       ^
cc85xx.c:349:14: warning: format '%x' expects argument of type 'unsigned int', but argument 4 has type 'uint32_t {aka long unsigned int}' [-Wformat=]
       PRINTF("nImageBytes = %u (0x%08x)\nCRC_VAL = 0x%08X\nsw = 0x%04X\n", nImageBytes, nImageBytes, *pCrc32, sw);
              ^
./Application.h:69:39: note: in definition of macro 'PRINTF'
                     sprintf(&gbuf[0], __VA_ARGS__); \
                                       ^
cc85xx.c:349:14: warning: format '%X' expects argument of type 'unsigned int', but argument 5 has type 'uint32_t {aka long unsigned int}' [-Wformat=]
       PRINTF("nImageBytes = %u (0x%08x)\nCRC_VAL = 0x%08X\nsw = 0x%04X\n", nImageBytes, nImageBytes, *pCrc32, sw);
              ^
./Application.h:69:39: note: in definition of macro 'PRINTF'
                     sprintf(&gbuf[0], __VA_ARGS__); \
                                       ^
cc85xx.c: In function 'cc85xx_print_info':
cc85xx.c:445:10: warning: format '%X' expects argument of type 'unsigned int', but argument 3 has type 'long unsigned int' [-Wformat=]
   PRINTF("\tdevice_id: 0x%08X\n", BE32(pInfo->device_id));
          ^
./Application.h:69:39: note: in definition of macro 'PRINTF'
                     sprintf(&gbuf[0], __VA_ARGS__); \
                                       ^
cc85xx.c:445:10: warning: format '%X' expects argument of type 'unsigned int', but argument 3 has type 'long unsigned int' [-Wformat=]
   PRINTF("\tdevice_id: 0x%08X\n", BE32(pInfo->device_id));
          ^
./Application.h:69:39: note: in definition of macro 'PRINTF'
                     sprintf(&gbuf[0], __VA_ARGS__); \
                                       ^
cc85xx.c:446:10: warning: format '%X' expects argument of type 'unsigned int', but argument 3 has type 'long unsigned int' [-Wformat=]
   PRINTF("\tmanf_id: 0x%08X\n", BE32(pInfo->manf_id));
          ^
./Application.h:69:39: note: in definition of macro 'PRINTF'
                     sprintf(&gbuf[0], __VA_ARGS__); \
                                       ^
cc85xx.c:446:10: warning: format '%X' expects argument of type 'unsigned int', but argument 3 has type 'long unsigned int' [-Wformat=]
   PRINTF("\tmanf_id: 0x%08X\n", BE32(pInfo->manf_id));
          ^
./Application.h:69:39: note: in definition of macro 'PRINTF'
                     sprintf(&gbuf[0], __VA_ARGS__); \
                                       ^
cc85xx.c:447:10: warning: format '%X' expects argument of type 'unsigned int', but argument 3 has type 'long unsigned int' [-Wformat=]
   PRINTF("\tprod_id: 0x%08X\n", BE32(pInfo->prod_id));
          ^
./Application.h:69:39: note: in definition of macro 'PRINTF'
                     sprintf(&gbuf[0], __VA_ARGS__); \
                                       ^
cc85xx.c:447:10: warning: format '%X' expects argument of type 'unsigned int', but argument 3 has type 'long unsigned int' [-Wformat=]
   PRINTF("\tprod_id: 0x%08X\n", BE32(pInfo->prod_id));
          ^
./Application.h:69:39: note: in definition of macro 'PRINTF'
                     sprintf(&gbuf[0], __VA_ARGS__); \
                                       ^
cc85xx.c: At top level:
cc85xx.c:210:13: warning: 'cc85xx_readbc' defined but not used [-Wunused-function]
 static bool cc85xx_readbc(uint8_t *pRxData, uint16_t *pRxLen, uint16_t *pStatus)
             ^
arm-none-eabi-ar.exe -rs .\CortexM0\ARM_GCC_541\Debug\Icebreaker.a .\CortexM0\ARM_GCC_541\Debug\I2S.o .\CortexM0\ARM_GCC_541\Debug\I2S_PM.o .\CortexM0\ARM_GCC_541\Debug\Codec_MCLK.o .\CortexM0\ARM_GCC_541\Debug\Codec_MCLK_PM.o .\CortexM0\ARM_GCC_541\Debug\Async_Feedback_Counter.o .\CortexM0\ARM_GCC_541\Debug\Async_Feedback_Counter_PM.o .\CortexM0\ARM_GCC_541\Debug\Codec_DACDAT.o .\CortexM0\ARM_GCC_541\Debug\Codec_DACDAT_PM.o .\CortexM0\ARM_GCC_541\Debug\Codec_BCLK.o .\CortexM0\ARM_GCC_541\Debug\Codec_BCLK_PM.o .\CortexM0\ARM_GCC_541\Debug\Codec_LRC.o .\CortexM0\ARM_GCC_541\Debug\Codec_LRC_PM.o .\CortexM0\ARM_GCC_541\Debug\ByteCounter_Tx.o .\CortexM0\ARM_GCC_541\Debug\ByteCounter_Tx_PM.o .\CortexM0\ARM_GCC_541\Debug\TxDMA.o .\CortexM0\ARM_GCC_541\Debug\isr_TxDMADone.o .\CortexM0\ARM_GCC_541\Debug\ByteCounter_Rx.o .\CortexM0\ARM_GCC_541\Debug\ByteCounter_Rx_PM.o .\CortexM0\ARM_GCC_541\Debug\isr_RxDMADone.o .\CortexM0\ARM_GCC_541\Debug\Clk_Counter.o .\CortexM0\ARM_GCC_541\Debug\UART.o .\CortexM0\ARM_GCC_541\Debug\UART_SPI_UART.o .\CortexM0\ARM_GCC_541\Debug\UART_SPI_UART_INT.o .\CortexM0\ARM_GCC_541\Debug\UART_PM.o .\CortexM0\ARM_GCC_541\Debug\UART_UART.o .\CortexM0\ARM_GCC_541\Debug\UART_BOOT.o .\CortexM0\ARM_GCC_541\Debug\UART_UART_BOOT.o .\CortexM0\ARM_GCC_541\Debug\CodecI2CM.o .\CortexM0\ARM_GCC_541\Debug\CodecI2CM_I2C_INT.o .\CortexM0\ARM_GCC_541\Debug\CodecI2CM_I2C.o .\CortexM0\ARM_GCC_541\Debug\CodecI2CM_I2C_BOOT.o .\CortexM0\ARM_GCC_541\Debug\CodecI2CM_I2C_MASTER.o .\CortexM0\ARM_GCC_541\Debug\CodecI2CM_PM.o .\CortexM0\ARM_GCC_541\Debug\CodecI2CM_BOOT.o .\CortexM0\ARM_GCC_541\Debug\AudioClkSel.o .\CortexM0\ARM_GCC_541\Debug\AudioClkSel_PM.o .\CortexM0\ARM_GCC_541\Debug\UART_SCBCLK.o .\CortexM0\ARM_GCC_541\Debug\UART_tx.o .\CortexM0\ARM_GCC_541\Debug\UART_tx_PM.o .\CortexM0\ARM_GCC_541\Debug\CodecI2CM_SCBCLK.o .\CortexM0\ARM_GCC_541\Debug\CodecI2CM_sda.o .\CortexM0\ARM_GCC_541\Debug\CodecI2CM_sda_PM.o .\CortexM0\ARM_GCC_541\Debug\CodecI2CM_scl.o .\CortexM0\ARM_GCC_541\Debug\CodecI2CM_scl_PM.o .\CortexM0\ARM_GCC_541\Debug\CodecI2CM_SCB_IRQ.o .\CortexM0\ARM_GCC_541\Debug\CyFlash.o .\CortexM0\ARM_GCC_541\Debug\CyLib.o .\CortexM0\ARM_GCC_541\Debug\cyPm.o .\CortexM0\ARM_GCC_541\Debug\cyutils.o .\CortexM0\ARM_GCC_541\Debug\CyDMA.o .\CortexM0\ARM_GCC_541\Debug\CyLFClk.o .\CortexM0\ARM_GCC_541\Debug\cy_em_eeprom.o .\CortexM0\ARM_GCC_541\Debug\Clock_1.o .\CortexM0\ARM_GCC_541\Debug\LED_BLUE.o .\CortexM0\ARM_GCC_541\Debug\LED_BLUE_PM.o .\CortexM0\ARM_GCC_541\Debug\UART_rx.o .\CortexM0\ARM_GCC_541\Debug\UART_rx_PM.o .\CortexM0\ARM_GCC_541\Debug\LED_GREEN.o .\CortexM0\ARM_GCC_541\Debug\LED_GREEN_PM.o .\CortexM0\ARM_GCC_541\Debug\ADC.o .\CortexM0\ARM_GCC_541\Debug\ADC_PM.o .\CortexM0\ARM_GCC_541\Debug\ADC_INT.o .\CortexM0\ARM_GCC_541\Debug\DMA.o .\CortexM0\ARM_GCC_541\Debug\ADC_IRQ.o .\CortexM0\ARM_GCC_541\Debug\ADC_intClock.o .\CortexM0\ARM_GCC_541\Debug\POTR.o .\CortexM0\ARM_GCC_541\Debug\POTR_PM.o .\CortexM0\ARM_GCC_541\Debug\POTL.o .\CortexM0\ARM_GCC_541\Debug\POTL_PM.o .\CortexM0\ARM_GCC_541\Debug\USBUART.o .\CortexM0\ARM_GCC_541\Debug\USBUART_audio.o .\CortexM0\ARM_GCC_541\Debug\USBUART_boot.o .\CortexM0\ARM_GCC_541\Debug\USBUART_cdc.o .\CortexM0\ARM_GCC_541\Debug\USBUART_cls.o .\CortexM0\ARM_GCC_541\Debug\USBUART_descr.o .\CortexM0\ARM_GCC_541\Debug\USBUART_drv.o .\CortexM0\ARM_GCC_541\Debug\USBUART_episr.o .\CortexM0\ARM_GCC_541\Debug\USBUART_hid.o .\CortexM0\ARM_GCC_541\Debug\USBUART_pm.o .\CortexM0\ARM_GCC_541\Debug\USBUART_std.o .\CortexM0\ARM_GCC_541\Debug\USBUART_vnd.o .\CortexM0\ARM_GCC_541\Debug\USBUART_midi.o .\CortexM0\ARM_GCC_541\Debug\USBUART_msc.o .\CortexM0\ARM_GCC_541\Debug\USBUART_Dp.o .\CortexM0\ARM_GCC_541\Debug\USBUART_Dp_PM.o .\CortexM0\ARM_GCC_541\Debug\USBUART_Dm.o .\CortexM0\ARM_GCC_541\Debug\USBUART_Dm_PM.o .\CortexM0\ARM_GCC_541\Debug\BTN.o .\CortexM0\ARM_GCC_541\Debug\BTN_PM.o .\CortexM0\ARM_GCC_541\Debug\isr_Button.o .\CortexM0\ARM_GCC_541\Debug\LED_RED_PWM.o .\CortexM0\ARM_GCC_541\Debug\LED_RED_PWM_PM.o .\CortexM0\ARM_GCC_541\Debug\LED_RED_PWM_ISR.o .\CortexM0\ARM_GCC_541\Debug\LED_RED.o .\CortexM0\ARM_GCC_541\Debug\LED_RED_PM.o .\CortexM0\ARM_GCC_541\Debug\LED_BLUE_PWM.o .\CortexM0\ARM_GCC_541\Debug\LED_BLUE_PWM_PM.o .\CortexM0\ARM_GCC_541\Debug\LED_BLUE_PWM_ISR.o .\CortexM0\ARM_GCC_541\Debug\LED_GREEN_PWM.o .\CortexM0\ARM_GCC_541\Debug\LED_GREEN_PWM_PM.o .\CortexM0\ARM_GCC_541\Debug\LED_GREEN_PWM_ISR.o .\CortexM0\ARM_GCC_541\Debug\SPI.o .\CortexM0\ARM_GCC_541\Debug\SPI_SPI_UART.o .\CortexM0\ARM_GCC_541\Debug\SPI_PM.o .\CortexM0\ARM_GCC_541\Debug\SPI_SPI.o .\CortexM0\ARM_GCC_541\Debug\SPI_BOOT.o .\CortexM0\ARM_GCC_541\Debug\SPI_SPI_BOOT.o .\CortexM0\ARM_GCC_541\Debug\SPI_SPI_UART_INT.o .\CortexM0\ARM_GCC_541\Debug\SPI_SCBCLK.o .\CortexM0\ARM_GCC_541\Debug\SPI_sclk_m.o .\CortexM0\ARM_GCC_541\Debug\SPI_sclk_m_PM.o .\CortexM0\ARM_GCC_541\Debug\SPI_miso_m.o .\CortexM0\ARM_GCC_541\Debug\SPI_miso_m_PM.o .\CortexM0\ARM_GCC_541\Debug\SPI_mosi_m.o .\CortexM0\ARM_GCC_541\Debug\SPI_mosi_m_PM.o .\CortexM0\ARM_GCC_541\Debug\SPI_ss0_m.o .\CortexM0\ARM_GCC_541\Debug\SPI_ss0_m_PM.o .\CortexM0\ARM_GCC_541\Debug\RSTn.o .\CortexM0\ARM_GCC_541\Debug\RSTn_PM.o .\CortexM0\ARM_GCC_541\Debug\SPI_SCB_IRQ.o .\CortexM0\ARM_GCC_541\Debug\CyBootAsmGnu.o
arm-none-eabi-ar.exe: creating .\CortexM0\ARM_GCC_541\Debug\Icebreaker.a
arm-none-eabi-gcc.exe -Wl,--start-group -o C:\dev\git\icebreaker\Icebreaker.cydsn\CortexM0\ARM_GCC_541\Debug\Icebreaker.elf .\CortexM0\ARM_GCC_541\Debug\main.o .\CortexM0\ARM_GCC_541\Debug\Codec.o .\CortexM0\ARM_GCC_541\Debug\Application.o .\CortexM0\ARM_GCC_541\Debug\Interrupts.o .\CortexM0\ARM_GCC_541\Debug\TkShell.o .\CortexM0\ARM_GCC_541\Debug\VolumeControl.o .\CortexM0\ARM_GCC_541\Debug\Calibration.o .\CortexM0\ARM_GCC_541\Debug\ButtonManager.o .\CortexM0\ARM_GCC_541\Debug\Button.o .\CortexM0\ARM_GCC_541\Debug\timers.o .\CortexM0\ARM_GCC_541\Debug\LedManager.o .\CortexM0\ARM_GCC_541\Debug\AudioManager.o .\CortexM0\ARM_GCC_541\Debug\cc85xx.o .\CortexM0\ARM_GCC_541\Debug\cyfitter_cfg.o .\CortexM0\ARM_GCC_541\Debug\cymetadata.o .\CortexM0\ARM_GCC_541\Debug\Cm0Start.o .\CortexM0\ARM_GCC_541\Debug\Icebreaker.a -mcpu=cortex-m0 -mthumb -L Generated_Source\PSoC4 -Wl,-Map,.\CortexM0\ARM_GCC_541\Debug/Icebreaker.map -T Generated_Source\PSoC4\cm0gcc.ld -specs=nano.specs -Wl,--gc-sections -g -ffunction-sections -Og -ffat-lto-objects -Wl,--end-group
cyelftool.exe -C C:\dev\git\icebreaker\Icebreaker.cydsn\CortexM0\ARM_GCC_541\Debug\Icebreaker.elf --flash_row_size 256 --flash_size 262144 --flash_offset 0x00000000
No ELF section .cychecksum found, creating one
Application checksum calculated and stored in ELF section .cychecksum
Checksum calculated and stored in ELF section .cymeta
cyelftool.exe -S C:\dev\git\icebreaker\Icebreaker.cydsn\CortexM0\ARM_GCC_541\Debug\Icebreaker.elf
Flash used: 42286 of 262144 bytes (16.1 %).
SRAM used: 26480 of 32768 bytes (80.8 %). Stack: 2048 bytes. Heap: 128 bytes.
--------------- Build Succeeded: 09/11/2019 02:07:43 ---------------
