--------------- Clean Started: 09/12/2019 04:03:19 Project: Icebreaker, Configuration: ARM GCC 5.4-2016-q2-update Debug ---------------
Deleting file ".\CortexM0\ARM_GCC_541\Debug\main.o"
Deleting file ".\CortexM0\ARM_GCC_541\Debug\Codec.o"
Deleting file ".\CortexM0\ARM_GCC_541\Debug\Application.o"
Deleting file ".\CortexM0\ARM_GCC_541\Debug\Interrupts.o"
Deleting file ".\CortexM0\ARM_GCC_541\Debug\TkShell.o"
Deleting file ".\CortexM0\ARM_GCC_541\Debug\VolumeControl.o"
Deleting file ".\CortexM0\ARM_GCC_541\Debug\Calibration.o"
Deleting file ".\CortexM0\ARM_GCC_541\Debug\ButtonManager.o"
Deleting file ".\CortexM0\ARM_GCC_541\Debug\Button.o"
Deleting file ".\CortexM0\ARM_GCC_541\Debug\timers.o"
Deleting file ".\CortexM0\ARM_GCC_541\Debug\LedManager.o"
Deleting file ".\CortexM0\ARM_GCC_541\Debug\AudioManager.o"
Deleting file ".\CortexM0\ARM_GCC_541\Debug\cc85xx.o"
Deleting file ".\CortexM0\ARM_GCC_541\Debug\RfController.o"
Deleting file ".\CortexM0\ARM_GCC_541\Debug\utils.o"
Deleting file ".\CortexM0\ARM_GCC_541\Debug\cyfitter_cfg.o"
Deleting file ".\CortexM0\ARM_GCC_541\Debug\cymetadata.o"
Deleting file ".\CortexM0\ARM_GCC_541\Debug\I2S.o"
Deleting file ".\CortexM0\ARM_GCC_541\Debug\I2S_PM.o"
Deleting file ".\CortexM0\ARM_GCC_541\Debug\Codec_MCLK.o"
Deleting file ".\CortexM0\ARM_GCC_541\Debug\Codec_MCLK_PM.o"
Deleting file ".\CortexM0\ARM_GCC_541\Debug\Async_Feedback_Counter.o"
Deleting file ".\CortexM0\ARM_GCC_541\Debug\Async_Feedback_Counter_PM.o"
Deleting file ".\CortexM0\ARM_GCC_541\Debug\Codec_DACDAT.o"
Deleting file ".\CortexM0\ARM_GCC_541\Debug\Codec_DACDAT_PM.o"
Deleting file ".\CortexM0\ARM_GCC_541\Debug\Codec_BCLK.o"
Deleting file ".\CortexM0\ARM_GCC_541\Debug\Codec_BCLK_PM.o"
Deleting file ".\CortexM0\ARM_GCC_541\Debug\Codec_LRC.o"
Deleting file ".\CortexM0\ARM_GCC_541\Debug\Codec_LRC_PM.o"
Deleting file ".\CortexM0\ARM_GCC_541\Debug\ByteCounter_Tx.o"
Deleting file ".\CortexM0\ARM_GCC_541\Debug\ByteCounter_Tx_PM.o"
Deleting file ".\CortexM0\ARM_GCC_541\Debug\TxDMA.o"
Deleting file ".\CortexM0\ARM_GCC_541\Debug\isr_TxDMADone.o"
Deleting file ".\CortexM0\ARM_GCC_541\Debug\ByteCounter_Rx.o"
Deleting file ".\CortexM0\ARM_GCC_541\Debug\ByteCounter_Rx_PM.o"
Deleting file ".\CortexM0\ARM_GCC_541\Debug\isr_RxDMADone.o"
Deleting file ".\CortexM0\ARM_GCC_541\Debug\Clk_Counter.o"
Deleting file ".\CortexM0\ARM_GCC_541\Debug\UART.o"
Deleting file ".\CortexM0\ARM_GCC_541\Debug\UART_SPI_UART.o"
Deleting file ".\CortexM0\ARM_GCC_541\Debug\UART_SPI_UART_INT.o"
Deleting file ".\CortexM0\ARM_GCC_541\Debug\UART_PM.o"
Deleting file ".\CortexM0\ARM_GCC_541\Debug\UART_UART.o"
Deleting file ".\CortexM0\ARM_GCC_541\Debug\UART_BOOT.o"
Deleting file ".\CortexM0\ARM_GCC_541\Debug\UART_UART_BOOT.o"
Deleting file ".\CortexM0\ARM_GCC_541\Debug\CodecI2CM.o"
Deleting file ".\CortexM0\ARM_GCC_541\Debug\CodecI2CM_I2C_INT.o"
Deleting file ".\CortexM0\ARM_GCC_541\Debug\CodecI2CM_I2C.o"
Deleting file ".\CortexM0\ARM_GCC_541\Debug\CodecI2CM_I2C_BOOT.o"
Deleting file ".\CortexM0\ARM_GCC_541\Debug\CodecI2CM_I2C_MASTER.o"
Deleting file ".\CortexM0\ARM_GCC_541\Debug\CodecI2CM_PM.o"
Deleting file ".\CortexM0\ARM_GCC_541\Debug\CodecI2CM_BOOT.o"
Deleting file ".\CortexM0\ARM_GCC_541\Debug\AudioClkSel.o"
Deleting file ".\CortexM0\ARM_GCC_541\Debug\AudioClkSel_PM.o"
Deleting file ".\CortexM0\ARM_GCC_541\Debug\UART_SCBCLK.o"
Deleting file ".\CortexM0\ARM_GCC_541\Debug\UART_tx.o"
Deleting file ".\CortexM0\ARM_GCC_541\Debug\UART_tx_PM.o"
Deleting file ".\CortexM0\ARM_GCC_541\Debug\CodecI2CM_SCBCLK.o"
Deleting file ".\CortexM0\ARM_GCC_541\Debug\CodecI2CM_sda.o"
Deleting file ".\CortexM0\ARM_GCC_541\Debug\CodecI2CM_sda_PM.o"
Deleting file ".\CortexM0\ARM_GCC_541\Debug\CodecI2CM_scl.o"
Deleting file ".\CortexM0\ARM_GCC_541\Debug\CodecI2CM_scl_PM.o"
Deleting file ".\CortexM0\ARM_GCC_541\Debug\CodecI2CM_SCB_IRQ.o"
Deleting file ".\CortexM0\ARM_GCC_541\Debug\Cm0Start.o"
Deleting file ".\CortexM0\ARM_GCC_541\Debug\CyFlash.o"
Deleting file ".\CortexM0\ARM_GCC_541\Debug\CyLib.o"
Deleting file ".\CortexM0\ARM_GCC_541\Debug\cyPm.o"
Deleting file ".\CortexM0\ARM_GCC_541\Debug\cyutils.o"
Deleting file ".\CortexM0\ARM_GCC_541\Debug\CyBootAsmGnu.o"
Deleting file ".\CortexM0\ARM_GCC_541\Debug\CyDMA.o"
Deleting file ".\CortexM0\ARM_GCC_541\Debug\CyLFClk.o"
Deleting file ".\CortexM0\ARM_GCC_541\Debug\cy_em_eeprom.o"
Deleting file ".\CortexM0\ARM_GCC_541\Debug\Clock_1.o"
Deleting file ".\CortexM0\ARM_GCC_541\Debug\LED_BLUE.o"
Deleting file ".\CortexM0\ARM_GCC_541\Debug\LED_BLUE_PM.o"
Deleting file ".\CortexM0\ARM_GCC_541\Debug\UART_rx.o"
Deleting file ".\CortexM0\ARM_GCC_541\Debug\UART_rx_PM.o"
Deleting file ".\CortexM0\ARM_GCC_541\Debug\LED_GREEN.o"
Deleting file ".\CortexM0\ARM_GCC_541\Debug\LED_GREEN_PM.o"
Deleting file ".\CortexM0\ARM_GCC_541\Debug\ADC.o"
Deleting file ".\CortexM0\ARM_GCC_541\Debug\ADC_PM.o"
Deleting file ".\CortexM0\ARM_GCC_541\Debug\ADC_INT.o"
Deleting file ".\CortexM0\ARM_GCC_541\Debug\DMA.o"
Deleting file ".\CortexM0\ARM_GCC_541\Debug\ADC_IRQ.o"
Deleting file ".\CortexM0\ARM_GCC_541\Debug\ADC_intClock.o"
Deleting file ".\CortexM0\ARM_GCC_541\Debug\POTR.o"
Deleting file ".\CortexM0\ARM_GCC_541\Debug\POTR_PM.o"
Deleting file ".\CortexM0\ARM_GCC_541\Debug\POTL.o"
Deleting file ".\CortexM0\ARM_GCC_541\Debug\POTL_PM.o"
Deleting file ".\CortexM0\ARM_GCC_541\Debug\USBUART.o"
Deleting file ".\CortexM0\ARM_GCC_541\Debug\USBUART_audio.o"
Deleting file ".\CortexM0\ARM_GCC_541\Debug\USBUART_boot.o"
Deleting file ".\CortexM0\ARM_GCC_541\Debug\USBUART_cdc.o"
Deleting file ".\CortexM0\ARM_GCC_541\Debug\USBUART_cls.o"
Deleting file ".\CortexM0\ARM_GCC_541\Debug\USBUART_descr.o"
Deleting file ".\CortexM0\ARM_GCC_541\Debug\USBUART_drv.o"
Deleting file ".\CortexM0\ARM_GCC_541\Debug\USBUART_episr.o"
Deleting file ".\CortexM0\ARM_GCC_541\Debug\USBUART_hid.o"
Deleting file ".\CortexM0\ARM_GCC_541\Debug\USBUART_pm.o"
Deleting file ".\CortexM0\ARM_GCC_541\Debug\USBUART_std.o"
Deleting file ".\CortexM0\ARM_GCC_541\Debug\USBUART_vnd.o"
Deleting file ".\CortexM0\ARM_GCC_541\Debug\USBUART_midi.o"
Deleting file ".\CortexM0\ARM_GCC_541\Debug\USBUART_msc.o"
Deleting file ".\CortexM0\ARM_GCC_541\Debug\USBUART_Dp.o"
Deleting file ".\CortexM0\ARM_GCC_541\Debug\USBUART_Dp_PM.o"
Deleting file ".\CortexM0\ARM_GCC_541\Debug\USBUART_Dm.o"
Deleting file ".\CortexM0\ARM_GCC_541\Debug\USBUART_Dm_PM.o"
Deleting file ".\CortexM0\ARM_GCC_541\Debug\BTN.o"
Deleting file ".\CortexM0\ARM_GCC_541\Debug\BTN_PM.o"
Deleting file ".\CortexM0\ARM_GCC_541\Debug\isr_Button.o"
Deleting file ".\CortexM0\ARM_GCC_541\Debug\LED_RED_PWM.o"
Deleting file ".\CortexM0\ARM_GCC_541\Debug\LED_RED_PWM_PM.o"
Deleting file ".\CortexM0\ARM_GCC_541\Debug\LED_RED_PWM_ISR.o"
Deleting file ".\CortexM0\ARM_GCC_541\Debug\LED_RED.o"
Deleting file ".\CortexM0\ARM_GCC_541\Debug\LED_RED_PM.o"
Deleting file ".\CortexM0\ARM_GCC_541\Debug\LED_BLUE_PWM.o"
Deleting file ".\CortexM0\ARM_GCC_541\Debug\LED_BLUE_PWM_PM.o"
Deleting file ".\CortexM0\ARM_GCC_541\Debug\LED_BLUE_PWM_ISR.o"
Deleting file ".\CortexM0\ARM_GCC_541\Debug\LED_GREEN_PWM.o"
Deleting file ".\CortexM0\ARM_GCC_541\Debug\LED_GREEN_PWM_PM.o"
Deleting file ".\CortexM0\ARM_GCC_541\Debug\LED_GREEN_PWM_ISR.o"
Deleting file ".\CortexM0\ARM_GCC_541\Debug\SPI.o"
Deleting file ".\CortexM0\ARM_GCC_541\Debug\SPI_SPI_UART.o"
Deleting file ".\CortexM0\ARM_GCC_541\Debug\SPI_PM.o"
Deleting file ".\CortexM0\ARM_GCC_541\Debug\SPI_SPI.o"
Deleting file ".\CortexM0\ARM_GCC_541\Debug\SPI_BOOT.o"
Deleting file ".\CortexM0\ARM_GCC_541\Debug\SPI_SPI_BOOT.o"
Deleting file ".\CortexM0\ARM_GCC_541\Debug\SPI_SPI_UART_INT.o"
Deleting file ".\CortexM0\ARM_GCC_541\Debug\SPI_SCBCLK.o"
Deleting file ".\CortexM0\ARM_GCC_541\Debug\SPI_sclk_m.o"
Deleting file ".\CortexM0\ARM_GCC_541\Debug\SPI_sclk_m_PM.o"
Deleting file ".\CortexM0\ARM_GCC_541\Debug\SPI_miso_m.o"
Deleting file ".\CortexM0\ARM_GCC_541\Debug\SPI_miso_m_PM.o"
Deleting file ".\CortexM0\ARM_GCC_541\Debug\SPI_mosi_m.o"
Deleting file ".\CortexM0\ARM_GCC_541\Debug\SPI_mosi_m_PM.o"
Deleting file ".\CortexM0\ARM_GCC_541\Debug\SPI_ss0_m.o"
Deleting file ".\CortexM0\ARM_GCC_541\Debug\SPI_ss0_m_PM.o"
Deleting file ".\CortexM0\ARM_GCC_541\Debug\RSTn.o"
Deleting file ".\CortexM0\ARM_GCC_541\Debug\RSTn_PM.o"
Deleting file ".\CortexM0\ARM_GCC_541\Debug\SPI_SCB_IRQ.o"
Deleting file ".\CortexM0\ARM_GCC_541\Debug\Icebreaker.hex"
Deleting file ".\CortexM0\ARM_GCC_541\Debug\Icebreaker.elf"
Deleting file ".\CortexM0\ARM_GCC_541\Debug\Icebreaker.map"
Deleting file ".\Icebreaker.cycdx"
Deleting file ".\Icebreaker.svd"
Deleting file ".\Icebreaker.rpt"
Deleting file ".\Icebreaker_timing.html"
Deleting file ".\CortexM0\ARM_GCC_541\Debug\.deps\SOURCE_C__ARM_GCC_GENERIC.P"
Deleting file ".\CortexM0\ARM_GCC_541\Debug\.deps\SOURCE_ASM__ARM_GCC_GENERIC.P"
--------------- Clean Succeeded: 09/12/2019 04:03:19 ---------------
