ARM GAS  C:\Users\TERENC~1\AppData\Local\Temp\ccTAgT9c.s 			page 1


   1              		.syntax unified
   2              		.cpu cortex-m0
   3              		.fpu softvfp
   4              		.eabi_attribute 20, 1
   5              		.eabi_attribute 21, 1
   6              		.eabi_attribute 23, 3
   7              		.eabi_attribute 24, 1
   8              		.eabi_attribute 25, 1
   9              		.eabi_attribute 26, 1
  10              		.eabi_attribute 30, 1
  11              		.eabi_attribute 34, 0
  12              		.eabi_attribute 18, 4
  13              		.thumb
  14              		.syntax unified
  15              		.file	"Application.c"
  16              		.text
  17              	.Ltext0:
  18              		.cfi_sections	.debug_frame
  19              		.section	.text.InitApp,"ax",%progbits
  20              		.align	2
  21              		.global	InitApp
  22              		.code	16
  23              		.thumb_func
  24              		.type	InitApp, %function
  25              	InitApp:
  26              	.LFB195:
  27              		.file 1 "Application.c"
   1:Application.c **** /*******************************************************************************
   2:Application.c **** * File Name: Application.c
   3:Application.c **** *
   4:Application.c **** * Version 1.0
   5:Application.c **** *
   6:Application.c **** *  Description: This file contains all the application layer code which performs
   7:Application.c **** *               the user interface handling
   8:Application.c **** *
   9:Application.c **** *******************************************************************************
  10:Application.c **** * Copyright (2018), Cypress Semiconductor Corporation. All rights reserved.
  11:Application.c **** *******************************************************************************
  12:Application.c **** * This software, including source code, documentation and related materials
  13:Application.c **** * (“Software”), is owned by Cypress Semiconductor Corporation or one of its
  14:Application.c **** * subsidiaries (“Cypress”) and is protected by and subject to worldwide patent
  15:Application.c **** * protection (United States and foreign), United States copyright laws and
  16:Application.c **** * international treaty provisions. Therefore, you may use this Software only
  17:Application.c **** * as provided in the license agreement accompanying the software package from
  18:Application.c **** * which you obtained this Software (“EULA”).
  19:Application.c **** *
  20:Application.c **** * If no EULA applies, Cypress hereby grants you a personal, nonexclusive,
  21:Application.c **** * non-transferable license to copy, modify, and compile the Software source
  22:Application.c **** * code solely for use in connection with Cypress’s integrated circuit products.
  23:Application.c **** * Any reproduction, modification, translation, compilation, or representation
  24:Application.c **** * of this Software except as specified above is prohibited without the express
  25:Application.c **** * written permission of Cypress.
  26:Application.c **** *
  27:Application.c **** * Disclaimer: THIS SOFTWARE IS PROVIDED AS-IS, WITH NO WARRANTY OF ANY KIND, 
  28:Application.c **** * EXPRESS OR IMPLIED, INCLUDING, BUT NOT LIMITED TO, NONINFRINGEMENT, IMPLIED 
  29:Application.c **** * WARRANTIES OF MERCHANTABILITY AND FITNESS FOR A PARTICULAR PURPOSE. Cypress 
  30:Application.c **** * reserves the right to make changes to the Software without notice. Cypress 
ARM GAS  C:\Users\TERENC~1\AppData\Local\Temp\ccTAgT9c.s 			page 2


  31:Application.c **** * does not assume any liability arising out of the application or use of the 
  32:Application.c **** * Software or any product or circuit described in the Software. Cypress does 
  33:Application.c **** * not authorize its products for use in any products where a malfunction or 
  34:Application.c **** * failure of the Cypress product may reasonably be expected to result in 
  35:Application.c **** * significant property damage, injury or death (“High Risk Product”). By 
  36:Application.c **** * including Cypress’s product in a High Risk Product, the manufacturer of such 
  37:Application.c **** * system or application assumes all risk of such use and in doing so agrees to 
  38:Application.c **** * indemnify Cypress against all liability.
  39:Application.c **** *******************************************************************************/
  40:Application.c **** #include <Application.h>
  41:Application.c **** #include <AudioControl.h>
  42:Application.c **** #include <Config.h>
  43:Application.c **** #include <project.h>
  44:Application.c **** #include <Interrupts.h>
  45:Application.c **** #include <stdio.h>
  46:Application.c **** #include <USBInterface.h>
  47:Application.c **** #include <Codec.h>
  48:Application.c **** #include <TkShell.h>
  49:Application.c **** #include <VolumeControl.h>
  50:Application.c **** #include <pcm1770.h>
  51:Application.c **** #include <Calibration.h>
  52:Application.c **** 
  53:Application.c **** #define USBFS_DEVICE    (0u)
  54:Application.c **** #define USBUART_BUFFER_SIZE (64u)
  55:Application.c **** 
  56:Application.c **** extern CYPDATA uint8 audioSource;
  57:Application.c **** extern CYDATA uint8 auxConfigured;
  58:Application.c **** 
  59:Application.c **** extern uint32 accSliderDelta;
  60:Application.c **** 
  61:Application.c **** uint8 playlistControlReport;
  62:Application.c **** uint8 prevReport = 0;
  63:Application.c **** uint8 audioControlStatus;
  64:Application.c **** uint8 reportClearFlag;
  65:Application.c **** 
  66:Application.c **** char gbuf[256];
  67:Application.c **** 
  68:Application.c **** extern volatile uint8 USBFS_currentVolume[];
  69:Application.c **** extern volatile uint8 USBFS_currentMute;
  70:Application.c **** extern CYPDATA uint8 newRate;
  71:Application.c **** 
  72:Application.c **** /*******************************************************************************
  73:Application.c **** * Function Name: InitApp
  74:Application.c **** ********************************************************************************
  75:Application.c **** * Summary:
  76:Application.c **** *        This function configures the application layer hardware modules and
  77:Application.c **** *        clocks to be in sync with the audio clock updates done in 
  78:Application.c **** *        InitializeAudioPath API
  79:Application.c **** *
  80:Application.c **** * Parameters:
  81:Application.c **** *  void
  82:Application.c **** *
  83:Application.c **** * Return:
  84:Application.c **** *  void
  85:Application.c **** *
  86:Application.c **** *******************************************************************************/
  87:Application.c **** void InitApp(void)
ARM GAS  C:\Users\TERENC~1\AppData\Local\Temp\ccTAgT9c.s 			page 3


  88:Application.c **** {
  28              		.loc 1 88 0
  29              		.cfi_startproc
  30              		@ args = 0, pretend = 0, frame = 0
  31              		@ frame_needed = 0, uses_anonymous_args = 0
  32 0000 10B5     		push	{r4, lr}
  33              		.cfi_def_cfa_offset 8
  34              		.cfi_offset 4, -8
  35              		.cfi_offset 14, -4
  89:Application.c **** #if 0    
  90:Application.c ****     /* Configure CPU/DMA to be in round robin mode while accessing memory */
  91:Application.c **** 	CY_SET_REG32((void *) 0x40100038, CY_GET_REG32((void *) 0x40100038) | 0x22222222);     
  92:Application.c **** 	
  93:Application.c **** 	CyGlobalIntEnable;
  94:Application.c **** 
  95:Application.c ****     CalibrationInit();
  96:Application.c **** 	
  97:Application.c ****     #ifdef TXDEBUG
  98:Application.c **** 		UART_Start();
  99:Application.c **** 
 100:Application.c ****         PRINTF("\r\n=== v%d.%d.%d ===\r\n", FW_VER_MAJOR, FW_VER_MINOR, FW_VER_REV);
 101:Application.c **** 
 102:Application.c **** 		if(CySysGetResetReason(CY_SYS_RESET_SW) != CY_SYS_RESET_SW)
 103:Application.c **** 		{
 104:Application.c **** 			D_PRINTF(INFO, "\r\nApp Started...\r\n");
 105:Application.c **** 		}
 106:Application.c **** 		else
 107:Application.c **** 		{
 108:Application.c **** 			D_PRINTF(INFO, "\r\nApp Restarted after SW reset...\r\n");
 109:Application.c **** 		}
 110:Application.c **** 	#endif /* #ifdef TXDEBUG */
 111:Application.c **** 
 112:Application.c ****     /* Start I2C Master */
 113:Application.c ****     CodecI2CM_Start();	
 114:Application.c **** 	
 115:Application.c **** 	if(Codec_Init() == 0)
 116:Application.c **** 	{
 117:Application.c **** 		D_PRINTF(INFO, "Codec comm works!... \r\n");
 118:Application.c **** 	}
 119:Application.c **** 	else
 120:Application.c **** 	{
 121:Application.c **** 		D_PRINTF(ERROR, "Codec comm DOESN'T work!... \r\n");
 122:Application.c **** 	}
 123:Application.c **** 	
 124:Application.c **** 	Update_VolumeAudioOut();
 125:Application.c **** 	
 126:Application.c **** 	I2S_Start();	
 127:Application.c **** 	
 128:Application.c **** 	USBFS_Start(PC_MAC_AUDIO_WITH_VOLUME_DEVICE, USBFS_5V_OPERATION);
 129:Application.c ****     USBDeviceState = USB_INIT_AFTER_ENUMERATION_REQUIRED;
 130:Application.c **** 	
 131:Application.c **** 	/* Enables SOF interrupt source */
 132:Application.c ****     USBFS_INTR_SIE_MASK_REG |= USBFS_INTR_SIE_SOF_INTR;
 133:Application.c **** 
 134:Application.c **** 	while(USBFS_GetConfiguration());
 135:Application.c **** 	
 136:Application.c **** 	CyIntSetPriority(CYDMA_INTR_NUMBER, 0);
ARM GAS  C:\Users\TERENC~1\AppData\Local\Temp\ccTAgT9c.s 			page 4


 137:Application.c **** 	
 138:Application.c **** 	USBFS_LoadInEP(MAC_PC_HID_CONTROL_ENDPOINT, &playlistControlReport, sizeof(playlistControlReport))
 139:Application.c **** 	USBFS_LoadInEP(MAC_PC_HID_CONTROL_ENDPOINT, USBFS_NULL, sizeof(playlistControlReport) );	
 140:Application.c **** 	
 141:Application.c **** 	Async_Feedback_Counter_Start();
 142:Application.c ****     
 143:Application.c ****     TkShellInit();
 144:Application.c ****     
 145:Application.c ****     VolumeControlInit();
 146:Application.c ****     
 147:Application.c ****     /* Start SPI Master */
 148:Application.c ****     pcm1770_init();
 149:Application.c ****  #else
 150:Application.c ****     CyGlobalIntEnable;
  36              		.loc 1 150 0
  37              		.syntax divided
  38              	@ 150 "Application.c" 1
  39 0002 62B6     		CPSIE   i
  40              	@ 0 "" 2
 151:Application.c **** 
 152:Application.c ****     CalibrationInit();
  41              		.loc 1 152 0
  42              		.thumb
  43              		.syntax unified
  44 0004 FFF7FEFF 		bl	CalibrationInit
  45              	.LVL0:
 153:Application.c ****     
 154:Application.c ****     /* Start USBFS operation with 5-V operation. */
 155:Application.c ****     USBUART_Start(USBFS_DEVICE, USBUART_5V_OPERATION);
  46              		.loc 1 155 0
  47 0008 0121     		movs	r1, #1
  48 000a 0020     		movs	r0, #0
  49 000c FFF7FEFF 		bl	USBUART_Start
  50              	.LVL1:
 156:Application.c ****     
 157:Application.c ****     TkShellInit();
  51              		.loc 1 157 0
  52 0010 FFF7FEFF 		bl	TkShellInit
  53              	.LVL2:
 158:Application.c ****  #endif
 159:Application.c **** }
  54              		.loc 1 159 0
  55              		@ sp needed
  56 0014 10BD     		pop	{r4, pc}
  57              		.cfi_endproc
  58              	.LFE195:
  59              		.size	InitApp, .-InitApp
  60 0016 C046     		.section	.text.RunApplication,"ax",%progbits
  61              		.align	2
  62              		.global	RunApplication
  63              		.code	16
  64              		.thumb_func
  65              		.type	RunApplication, %function
  66              	RunApplication:
  67              	.LFB196:
 160:Application.c **** 
 161:Application.c **** 
ARM GAS  C:\Users\TERENC~1\AppData\Local\Temp\ccTAgT9c.s 			page 5


 162:Application.c **** /*******************************************************************************
 163:Application.c **** * Function Name: RunApplication
 164:Application.c **** ********************************************************************************
 165:Application.c **** * Summary:
 166:Application.c **** *      This function runs the application layer firmware of handling CapSense and
 167:Application.c **** *       volume control.
 168:Application.c **** *   
 169:Application.c **** * Parameters:
 170:Application.c **** *  void
 171:Application.c **** *
 172:Application.c **** * Return:
 173:Application.c **** *  void
 174:Application.c **** *
 175:Application.c **** *******************************************************************************/
 176:Application.c **** void RunApplication(void)
 177:Application.c **** {
  68              		.loc 1 177 0
  69              		.cfi_startproc
  70              		@ Volatile: function does not return.
  71              		@ args = 0, pretend = 0, frame = 0
  72              		@ frame_needed = 0, uses_anonymous_args = 0
  73 0000 10B5     		push	{r4, lr}
  74              		.cfi_def_cfa_offset 8
  75              		.cfi_offset 4, -8
  76              		.cfi_offset 14, -4
  77              	.L4:
 178:Application.c **** #if 0
 179:Application.c **** 	if(USBFS_GetConfiguration() == TRUE)
 180:Application.c **** 	{
 181:Application.c **** 		/* Update the volume data */
 182:Application.c **** 		Update_VolumeAudioOut();		
 183:Application.c **** 	}
 184:Application.c ****     
 185:Application.c ****     TkShellService();
 186:Application.c ****     VolumeControlService();
 187:Application.c **** #else
 188:Application.c ****     //uint16 count;
 189:Application.c ****     
 190:Application.c **** 
 191:Application.c ****     for(;;)
 192:Application.c ****     {
 193:Application.c ****         /* Host can send double SET_INTERFACE request. */
 194:Application.c ****         if (0u != USBUART_IsConfigurationChanged())
  78              		.loc 1 194 0
  79 0002 FFF7FEFF 		bl	USBUART_IsConfigurationChanged
  80              	.LVL3:
  81 0006 0028     		cmp	r0, #0
  82 0008 05D0     		beq	.L3
 195:Application.c ****         {
 196:Application.c ****             /* Initialize IN endpoints when device is configured. */
 197:Application.c ****             if (0u != USBUART_GetConfiguration())
  83              		.loc 1 197 0
  84 000a FFF7FEFF 		bl	USBUART_GetConfiguration
  85              	.LVL4:
  86 000e 0028     		cmp	r0, #0
  87 0010 01D0     		beq	.L3
 198:Application.c ****             {
ARM GAS  C:\Users\TERENC~1\AppData\Local\Temp\ccTAgT9c.s 			page 6


 199:Application.c ****                 /* Enumeration is done, enable OUT endpoint to receive data 
 200:Application.c ****                  * from host. */
 201:Application.c ****                 USBUART_CDC_Init();
  88              		.loc 1 201 0
  89 0012 FFF7FEFF 		bl	USBUART_CDC_Init
  90              	.LVL5:
  91              	.L3:
 202:Application.c ****             }
 203:Application.c ****         }
 204:Application.c **** 
 205:Application.c ****         /* Service USB CDC when device is configured. */
 206:Application.c ****         if (0u != USBUART_GetConfiguration())
  92              		.loc 1 206 0
  93 0016 FFF7FEFF 		bl	USBUART_GetConfiguration
  94              	.LVL6:
  95 001a 0028     		cmp	r0, #0
  96 001c F1D0     		beq	.L4
 207:Application.c ****         {
 208:Application.c ****             /* Check for input data from host. */
 209:Application.c ****             if (0u != USBUART_DataIsReady())
  97              		.loc 1 209 0
  98 001e FFF7FEFF 		bl	USBUART_DataIsReady
  99              	.LVL7:
 100 0022 0028     		cmp	r0, #0
 101 0024 EDD0     		beq	.L4
 210:Application.c ****             {
 211:Application.c ****                 TkShellService();
 102              		.loc 1 211 0
 103 0026 FFF7FEFF 		bl	TkShellService
 104              	.LVL8:
 105 002a EAE7     		b	.L4
 106              		.cfi_endproc
 107              	.LFE196:
 108              		.size	RunApplication, .-RunApplication
 109              		.section	.text.Update_VolumeAudioOut,"ax",%progbits
 110              		.align	2
 111              		.global	Update_VolumeAudioOut
 112              		.code	16
 113              		.thumb_func
 114              		.type	Update_VolumeAudioOut, %function
 115              	Update_VolumeAudioOut:
 116              	.LFB197:
 212:Application.c ****             }
 213:Application.c ****         }
 214:Application.c ****     }
 215:Application.c **** #endif
 216:Application.c **** }
 217:Application.c **** 
 218:Application.c **** /*******************************************************************************
 219:Application.c **** * Function Name: Update_VolumeAudioOut
 220:Application.c **** ********************************************************************************
 221:Application.c **** * Summary:  Updates the volume from PC to codec
 222:Application.c **** *
 223:Application.c **** * Parameters:
 224:Application.c **** *  void
 225:Application.c **** *
 226:Application.c **** * Return:
ARM GAS  C:\Users\TERENC~1\AppData\Local\Temp\ccTAgT9c.s 			page 7


 227:Application.c **** *  uint8 - status of I2C operation between PSoC 4200L and codec
 228:Application.c **** *
 229:Application.c **** *******************************************************************************/
 230:Application.c **** uint8 Update_VolumeAudioOut(void)
 231:Application.c **** {
 117              		.loc 1 231 0
 118              		.cfi_startproc
 119              		@ args = 0, pretend = 0, frame = 0
 120              		@ frame_needed = 0, uses_anonymous_args = 0
 121 0000 70B5     		push	{r4, r5, r6, lr}
 122              		.cfi_def_cfa_offset 16
 123              		.cfi_offset 4, -16
 124              		.cfi_offset 5, -12
 125              		.cfi_offset 6, -8
 126              		.cfi_offset 14, -4
 127              	.LVL9:
 232:Application.c **** 	uint8 ret = 0;
 233:Application.c ****     //static uint8 prevVol;
 234:Application.c **** 	static uint8 prevMute = 0;
 235:Application.c **** #if 0
 236:Application.c **** 	/* Get the MSB of the current volume data */
 237:Application.c **** 	int32 volume = (((int8)USBFS_currentVolume[1])) + PC_VOLUME_MSB_CODEC_OFFSET;
 238:Application.c **** 	
 239:Application.c **** 	if(volume > PC_VOLUME_MSB_MAX)
 240:Application.c **** 	{
 241:Application.c **** 		volume = PC_VOLUME_MSB_MAX;
 242:Application.c **** 	}
 243:Application.c **** 	else if(volume < PC_VOLUME_MSB_MIN)
 244:Application.c **** 	{
 245:Application.c **** 		volume = PC_VOLUME_MSB_MIN;
 246:Application.c **** 	}
 247:Application.c **** #endif
 248:Application.c **** 
 249:Application.c **** 	/* Process volume control only when USB bus is idle */
 250:Application.c **** 	//if(USBFS_TRANS_STATE_IDLE == USBFS_transferState)
 251:Application.c **** 	{
 252:Application.c **** #if 0
 253:Application.c **** 		/* If there is a change in volume, update codec */
 254:Application.c **** 		if(volume != prevVol)
 255:Application.c **** 		{
 256:Application.c **** 			/* Store current volume for next comparison */
 257:Application.c **** 			prevVol = volume;
 258:Application.c **** 			
 259:Application.c **** 			/* Filter volume to be in the expected range */
 260:Application.c **** 			if((volume > PC_VOLUME_MSB_MIN) && (volume <= PC_VOLUME_MSB_MAX))
 261:Application.c **** 			{
 262:Application.c **** 				volume = (uint8)(((volume - PC_VOLUME_MSB_MIN) * CODEC_HP_VOLUME_MAX) / (PC_VOLUME_MSB_MAX - PC
 263:Application.c **** 			}
 264:Application.c **** 			else
 265:Application.c **** 			{
 266:Application.c **** 				/* Set volume to 0 if the volume from PC is not in expected range */
 267:Application.c **** 				volume = 0;
 268:Application.c **** 			}
 269:Application.c **** 							
 270:Application.c **** 			
 271:Application.c **** 			/* Update the codec volume */
 272:Application.c **** 			ret = Codec_AdjustBothHeadphoneVolume((uint8)volume);
ARM GAS  C:\Users\TERENC~1\AppData\Local\Temp\ccTAgT9c.s 			page 8


 273:Application.c **** 			
 274:Application.c **** 			#ifdef TXDEBUG
 275:Application.c **** 				D_PRINTF(DEBUG, "Codec vol set to %d \r\n", (int)volume);
 276:Application.c **** 			#endif
 277:Application.c **** 		}
 278:Application.c **** #endif
 279:Application.c **** 
 280:Application.c **** 		/* Process mute data, if changed */
 281:Application.c **** 		if(USBFS_currentMute != prevMute)
 128              		.loc 1 281 0
 129 0002 294B     		ldr	r3, .L13
 130 0004 1B78     		ldrb	r3, [r3]
 131 0006 DBB2     		uxtb	r3, r3
 132 0008 284A     		ldr	r2, .L13+4
 133 000a 1278     		ldrb	r2, [r2]
 134 000c 9342     		cmp	r3, r2
 135 000e 48D0     		beq	.L12
 282:Application.c **** 		{
 283:Application.c **** 			/* Store current mute data for next comparison */
 284:Application.c **** 			prevMute = USBFS_currentMute;
 136              		.loc 1 284 0
 137 0010 254B     		ldr	r3, .L13
 138 0012 1B78     		ldrb	r3, [r3]
 139 0014 DBB2     		uxtb	r3, r3
 140 0016 254A     		ldr	r2, .L13+4
 141 0018 1370     		strb	r3, [r2]
 285:Application.c **** 			
 286:Application.c **** 			/* If mute is non-zero, then mute is active and update codec volume to 0 */
 287:Application.c **** 			if(prevMute != 0)
 142              		.loc 1 287 0
 143 001a 002B     		cmp	r3, #0
 144 001c 20D0     		beq	.L9
 288:Application.c **** 			{
 289:Application.c ****                 //prevVol = Codec_GetHeadphoneVolume();
 290:Application.c **** 				ret = Codec_SetMute(true);//Codec_AdjustBothHeadphoneVolume(0);
 145              		.loc 1 290 0
 146 001e 0120     		movs	r0, #1
 147 0020 FFF7FEFF 		bl	Codec_SetMute
 148              	.LVL10:
 149 0024 0400     		movs	r4, r0
 150              	.LVL11:
 291:Application.c ****                 pcm1770_mute_set(true, true);
 151              		.loc 1 291 0
 152 0026 0121     		movs	r1, #1
 153 0028 0120     		movs	r0, #1
 154              	.LVL12:
 155 002a FFF7FEFF 		bl	pcm1770_mute_set
 156              	.LVL13:
 292:Application.c **** 				D_PRINTF(INFO, "Muted\r\n");
 157              		.loc 1 292 0
 158 002e 204B     		ldr	r3, .L13+8
 159 0030 1B68     		ldr	r3, [r3]
 160 0032 002B     		cmp	r3, #0
 161 0034 36D0     		beq	.L8
 162              		.loc 1 292 0 is_stmt 0 discriminator 1
 163 0036 5B7C     		ldrb	r3, [r3, #17]
 164 0038 9B07     		lsls	r3, r3, #30
ARM GAS  C:\Users\TERENC~1\AppData\Local\Temp\ccTAgT9c.s 			page 9


 165 003a 33D5     		bpl	.L8
 166              		.loc 1 292 0 discriminator 2
 167 003c FFF7FEFF 		bl	USBUART_GetConfiguration
 168              	.LVL14:
 169 0040 0028     		cmp	r0, #0
 170 0042 2FD0     		beq	.L8
 171              	.L10:
 172              		.loc 1 292 0 discriminator 3
 173 0044 FFF7FEFF 		bl	USBUART_CDCIsReady
 174              	.LVL15:
 175 0048 0028     		cmp	r0, #0
 176 004a FBD0     		beq	.L10
 177              		.loc 1 292 0 discriminator 4
 178 004c 194D     		ldr	r5, .L13+12
 179 004e 0822     		movs	r2, #8
 180 0050 1949     		ldr	r1, .L13+16
 181 0052 2800     		movs	r0, r5
 182 0054 FFF7FEFF 		bl	memcpy
 183              	.LVL16:
 184 0058 2800     		movs	r0, r5
 185 005a FFF7FEFF 		bl	USBUART_PutString
 186              	.LVL17:
 187 005e 21E0     		b	.L8
 188              	.LVL18:
 189              	.L9:
 293:Application.c **** 			}
 294:Application.c **** 			else
 295:Application.c **** 			{
 296:Application.c ****                 pcm1770_mute_set(false, false);
 190              		.loc 1 296 0 is_stmt 1
 191 0060 0021     		movs	r1, #0
 192 0062 0020     		movs	r0, #0
 193 0064 FFF7FEFF 		bl	pcm1770_mute_set
 194              	.LVL19:
 297:Application.c ****                 #if 0
 298:Application.c **** 				/* If mute is released, then process and update the current volume to codec */
 299:Application.c **** 				prevVol = volume;
 300:Application.c **** 								
 301:Application.c **** 				/* Filter volume to be in the expected range */
 302:Application.c **** 				if((volume > PC_VOLUME_MSB_MIN) && (volume <= PC_VOLUME_MSB_MAX))
 303:Application.c **** 				{
 304:Application.c **** 					volume = (uint8)(((volume - PC_VOLUME_MSB_MIN) * CODEC_HP_VOLUME_MAX) / (PC_VOLUME_MSB_MAX - P
 305:Application.c **** 				}
 306:Application.c **** 				else
 307:Application.c **** 				{
 308:Application.c **** 					/* Set volume to 0 if the volume from PC is not in expected range */
 309:Application.c **** 					volume = 0;
 310:Application.c **** 				}
 311:Application.c ****                 #endif
 312:Application.c **** 								
 313:Application.c **** 				/* Update the codec volume */
 314:Application.c **** 				ret = Codec_SetMute(false);//Codec_AdjustBothHeadphoneVolume((uint8)prevVol);
 195              		.loc 1 314 0
 196 0068 0020     		movs	r0, #0
 197 006a FFF7FEFF 		bl	Codec_SetMute
 198              	.LVL20:
 199 006e 0400     		movs	r4, r0
ARM GAS  C:\Users\TERENC~1\AppData\Local\Temp\ccTAgT9c.s 			page 10


 200              	.LVL21:
 315:Application.c **** 				
 316:Application.c **** 				#ifdef TXDEBUG
 317:Application.c **** 					D_PRINTF(INFO, "Unmute - Codec vol set to %d \r\n", (int)Codec_GetHeadphoneVolume);
 201              		.loc 1 317 0
 202 0070 0F4B     		ldr	r3, .L13+8
 203 0072 1B68     		ldr	r3, [r3]
 204 0074 002B     		cmp	r3, #0
 205 0076 15D0     		beq	.L8
 206              		.loc 1 317 0 is_stmt 0 discriminator 1
 207 0078 5B7C     		ldrb	r3, [r3, #17]
 208 007a 9B07     		lsls	r3, r3, #30
 209 007c 12D5     		bpl	.L8
 210              		.loc 1 317 0 discriminator 2
 211 007e FFF7FEFF 		bl	USBUART_GetConfiguration
 212              	.LVL22:
 213 0082 0028     		cmp	r0, #0
 214 0084 0ED0     		beq	.L8
 215              	.L11:
 216              		.loc 1 317 0 discriminator 3
 217 0086 FFF7FEFF 		bl	USBUART_CDCIsReady
 218              	.LVL23:
 219 008a 0028     		cmp	r0, #0
 220 008c FBD0     		beq	.L11
 221              		.loc 1 317 0 discriminator 4
 222 008e 094D     		ldr	r5, .L13+12
 223 0090 0A4A     		ldr	r2, .L13+20
 224 0092 0B49     		ldr	r1, .L13+24
 225 0094 2800     		movs	r0, r5
 226 0096 FFF7FEFF 		bl	sprintf
 227              	.LVL24:
 228 009a 2800     		movs	r0, r5
 229 009c FFF7FEFF 		bl	USBUART_PutString
 230              	.LVL25:
 231 00a0 00E0     		b	.L8
 232              	.LVL26:
 233              	.L12:
 232:Application.c ****     //static uint8 prevVol;
 234              		.loc 1 232 0 is_stmt 1
 235 00a2 0024     		movs	r4, #0
 236              	.LVL27:
 237              	.L8:
 318:Application.c **** 				#endif
 319:Application.c **** 			}
 320:Application.c **** 		}
 321:Application.c **** 	}
 322:Application.c **** 	
 323:Application.c **** 	
 324:Application.c **** 	return ret;
 325:Application.c **** }
 238              		.loc 1 325 0
 239 00a4 2000     		movs	r0, r4
 240              		@ sp needed
 241              	.LVL28:
 242 00a6 70BD     		pop	{r4, r5, r6, pc}
 243              	.L14:
 244              		.align	2
ARM GAS  C:\Users\TERENC~1\AppData\Local\Temp\ccTAgT9c.s 			page 11


 245              	.L13:
 246 00a8 00000000 		.word	USBFS_currentMute
 247 00ac 00000000 		.word	.LANCHOR0
 248 00b0 00000000 		.word	cal_data
 249 00b4 00000000 		.word	gbuf
 250 00b8 00000000 		.word	.LC4
 251 00bc 00000000 		.word	Codec_GetHeadphoneVolume
 252 00c0 08000000 		.word	.LC7
 253              		.cfi_endproc
 254              	.LFE197:
 255              		.size	Update_VolumeAudioOut, .-Update_VolumeAudioOut
 256              		.comm	gbuf,256,4
 257              		.comm	reportClearFlag,1,1
 258              		.comm	audioControlStatus,1,1
 259              		.global	prevReport
 260              		.comm	playlistControlReport,1,1
 261              		.section	.rodata.str1.4,"aMS",%progbits,1
 262              		.align	2
 263              	.LC4:
 264 0000 4D757465 		.ascii	"Muted\015\012\000"
 264      640D0A00 
 265              	.LC7:
 266 0008 556E6D75 		.ascii	"Unmute - Codec vol set to %d \015\012\000"
 266      7465202D 
 266      20436F64 
 266      65632076 
 266      6F6C2073 
 267              		.bss
 268              		.set	.LANCHOR0,. + 0
 269              		.type	prevMute.9070, %object
 270              		.size	prevMute.9070, 1
 271              	prevMute.9070:
 272 0000 00       		.space	1
 273              		.type	prevReport, %object
 274              		.size	prevReport, 1
 275              	prevReport:
 276 0001 00       		.space	1
 277              		.text
 278              	.Letext0:
 279              		.file 2 "Generated_Source\\PSoC4/cytypes.h"
 280              		.file 3 "./Calibration.h"
 281              		.file 4 "Generated_Source\\PSoC4/USBUART.h"
 282              		.file 5 "./TkShell.h"
 283              		.file 6 "Generated_Source\\PSoC4/USBUART_cdc.h"
 284              		.file 7 "./Codec.h"
 285              		.file 8 "./pcm1770.h"
 286              		.file 9 "c:\\program files (x86)\\cypress\\psoc creator\\4.2\\psoc creator\\import\\gnu\\arm\\5.4.
 287              		.section	.debug_info,"",%progbits
 288              	.Ldebug_info0:
 289 0000 DF030000 		.4byte	0x3df
 290 0004 0400     		.2byte	0x4
 291 0006 00000000 		.4byte	.Ldebug_abbrev0
 292 000a 04       		.byte	0x4
 293 000b 01       		.uleb128 0x1
 294 000c 2C020000 		.4byte	.LASF47
 295 0010 0C       		.byte	0xc
 296 0011 90000000 		.4byte	.LASF48
ARM GAS  C:\Users\TERENC~1\AppData\Local\Temp\ccTAgT9c.s 			page 12


 297 0015 07010000 		.4byte	.LASF49
 298 0019 00000000 		.4byte	.Ldebug_ranges0+0
 299 001d 00000000 		.4byte	0
 300 0021 00000000 		.4byte	.Ldebug_line0
 301 0025 02       		.uleb128 0x2
 302 0026 01       		.byte	0x1
 303 0027 06       		.byte	0x6
 304 0028 42030000 		.4byte	.LASF0
 305 002c 02       		.uleb128 0x2
 306 002d 01       		.byte	0x1
 307 002e 08       		.byte	0x8
 308 002f E3000000 		.4byte	.LASF1
 309 0033 02       		.uleb128 0x2
 310 0034 02       		.byte	0x2
 311 0035 05       		.byte	0x5
 312 0036 0B030000 		.4byte	.LASF2
 313 003a 02       		.uleb128 0x2
 314 003b 02       		.byte	0x2
 315 003c 07       		.byte	0x7
 316 003d 2E010000 		.4byte	.LASF3
 317 0041 02       		.uleb128 0x2
 318 0042 04       		.byte	0x4
 319 0043 05       		.byte	0x5
 320 0044 2D030000 		.4byte	.LASF4
 321 0048 02       		.uleb128 0x2
 322 0049 04       		.byte	0x4
 323 004a 07       		.byte	0x7
 324 004b 41010000 		.4byte	.LASF5
 325 004f 02       		.uleb128 0x2
 326 0050 08       		.byte	0x8
 327 0051 05       		.byte	0x5
 328 0052 C3020000 		.4byte	.LASF6
 329 0056 02       		.uleb128 0x2
 330 0057 08       		.byte	0x8
 331 0058 07       		.byte	0x7
 332 0059 E2010000 		.4byte	.LASF7
 333 005d 03       		.uleb128 0x3
 334 005e 04       		.byte	0x4
 335 005f 05       		.byte	0x5
 336 0060 696E7400 		.ascii	"int\000"
 337 0064 02       		.uleb128 0x2
 338 0065 04       		.byte	0x4
 339 0066 07       		.byte	0x7
 340 0067 C4010000 		.4byte	.LASF8
 341 006b 04       		.uleb128 0x4
 342 006c D1000000 		.4byte	.LASF9
 343 0070 02       		.byte	0x2
 344 0071 E401     		.2byte	0x1e4
 345 0073 2C000000 		.4byte	0x2c
 346 0077 04       		.uleb128 0x4
 347 0078 AF010000 		.4byte	.LASF10
 348 007c 02       		.byte	0x2
 349 007d E601     		.2byte	0x1e6
 350 007f 48000000 		.4byte	0x48
 351 0083 04       		.uleb128 0x4
 352 0084 01010000 		.4byte	.LASF11
 353 0088 02       		.byte	0x2
ARM GAS  C:\Users\TERENC~1\AppData\Local\Temp\ccTAgT9c.s 			page 13


 354 0089 E801     		.2byte	0x1e8
 355 008b 33000000 		.4byte	0x33
 356 008f 02       		.uleb128 0x2
 357 0090 04       		.byte	0x4
 358 0091 04       		.byte	0x4
 359 0092 C3000000 		.4byte	.LASF12
 360 0096 02       		.uleb128 0x2
 361 0097 08       		.byte	0x8
 362 0098 04       		.byte	0x4
 363 0099 65000000 		.4byte	.LASF13
 364 009d 02       		.uleb128 0x2
 365 009e 01       		.byte	0x1
 366 009f 08       		.byte	0x8
 367 00a0 D1020000 		.4byte	.LASF14
 368 00a4 05       		.uleb128 0x5
 369 00a5 6B000000 		.4byte	0x6b
 370 00a9 02       		.uleb128 0x2
 371 00aa 08       		.byte	0x8
 372 00ab 04       		.byte	0x4
 373 00ac 36030000 		.4byte	.LASF15
 374 00b0 02       		.uleb128 0x2
 375 00b1 04       		.byte	0x4
 376 00b2 07       		.byte	0x7
 377 00b3 BA020000 		.4byte	.LASF16
 378 00b7 06       		.uleb128 0x6
 379 00b8 14       		.byte	0x14
 380 00b9 03       		.byte	0x3
 381 00ba 12       		.byte	0x12
 382 00bb 08010000 		.4byte	0x108
 383 00bf 07       		.uleb128 0x7
 384 00c0 20000000 		.4byte	.LASF17
 385 00c4 03       		.byte	0x3
 386 00c5 14       		.byte	0x14
 387 00c6 77000000 		.4byte	0x77
 388 00ca 00       		.byte	0
 389 00cb 07       		.uleb128 0x7
 390 00cc C9000000 		.4byte	.LASF18
 391 00d0 03       		.byte	0x3
 392 00d1 15       		.byte	0x15
 393 00d2 77000000 		.4byte	0x77
 394 00d6 04       		.byte	0x4
 395 00d7 07       		.uleb128 0x7
 396 00d8 D6020000 		.4byte	.LASF19
 397 00dc 03       		.byte	0x3
 398 00dd 16       		.byte	0x16
 399 00de 08010000 		.4byte	0x108
 400 00e2 08       		.byte	0x8
 401 00e3 07       		.uleb128 0x7
 402 00e4 F9010000 		.4byte	.LASF20
 403 00e8 03       		.byte	0x3
 404 00e9 17       		.byte	0x17
 405 00ea 08010000 		.4byte	0x108
 406 00ee 0C       		.byte	0xc
 407 00ef 07       		.uleb128 0x7
 408 00f0 38000000 		.4byte	.LASF21
 409 00f4 03       		.byte	0x3
 410 00f5 19       		.byte	0x19
ARM GAS  C:\Users\TERENC~1\AppData\Local\Temp\ccTAgT9c.s 			page 14


 411 00f6 6B000000 		.4byte	0x6b
 412 00fa 10       		.byte	0x10
 413 00fb 07       		.uleb128 0x7
 414 00fc 69010000 		.4byte	.LASF22
 415 0100 03       		.byte	0x3
 416 0101 1A       		.byte	0x1a
 417 0102 6B000000 		.4byte	0x6b
 418 0106 11       		.byte	0x11
 419 0107 00       		.byte	0
 420 0108 08       		.uleb128 0x8
 421 0109 83000000 		.4byte	0x83
 422 010d 18010000 		.4byte	0x118
 423 0111 09       		.uleb128 0x9
 424 0112 B0000000 		.4byte	0xb0
 425 0116 01       		.byte	0x1
 426 0117 00       		.byte	0
 427 0118 0A       		.uleb128 0xa
 428 0119 1A030000 		.4byte	.LASF23
 429 011d 03       		.byte	0x3
 430 011e 1B       		.byte	0x1b
 431 011f B7000000 		.4byte	0xb7
 432 0123 0B       		.uleb128 0xb
 433 0124 5D000000 		.4byte	.LASF50
 434 0128 01       		.byte	0x1
 435 0129 57       		.byte	0x57
 436 012a 00000000 		.4byte	.LFB195
 437 012e 16000000 		.4byte	.LFE195-.LFB195
 438 0132 01       		.uleb128 0x1
 439 0133 9C       		.byte	0x9c
 440 0134 63010000 		.4byte	0x163
 441 0138 0C       		.uleb128 0xc
 442 0139 08000000 		.4byte	.LVL0
 443 013d 47030000 		.4byte	0x347
 444 0141 0D       		.uleb128 0xd
 445 0142 10000000 		.4byte	.LVL1
 446 0146 52030000 		.4byte	0x352
 447 014a 59010000 		.4byte	0x159
 448 014e 0E       		.uleb128 0xe
 449 014f 01       		.uleb128 0x1
 450 0150 50       		.byte	0x50
 451 0151 01       		.uleb128 0x1
 452 0152 30       		.byte	0x30
 453 0153 0E       		.uleb128 0xe
 454 0154 01       		.uleb128 0x1
 455 0155 51       		.byte	0x51
 456 0156 01       		.uleb128 0x1
 457 0157 31       		.byte	0x31
 458 0158 00       		.byte	0
 459 0159 0C       		.uleb128 0xc
 460 015a 14000000 		.4byte	.LVL2
 461 015e 5E030000 		.4byte	0x35e
 462 0162 00       		.byte	0
 463 0163 0F       		.uleb128 0xf
 464 0164 11000000 		.4byte	.LASF24
 465 0168 01       		.byte	0x1
 466 0169 B0       		.byte	0xb0
 467 016a 00000000 		.4byte	.LFB196
ARM GAS  C:\Users\TERENC~1\AppData\Local\Temp\ccTAgT9c.s 			page 15


 468 016e 2C000000 		.4byte	.LFE196-.LFB196
 469 0172 01       		.uleb128 0x1
 470 0173 9C       		.byte	0x9c
 471 0174 AF010000 		.4byte	0x1af
 472 0178 0C       		.uleb128 0xc
 473 0179 06000000 		.4byte	.LVL3
 474 017d 69030000 		.4byte	0x369
 475 0181 0C       		.uleb128 0xc
 476 0182 0E000000 		.4byte	.LVL4
 477 0186 75030000 		.4byte	0x375
 478 018a 0C       		.uleb128 0xc
 479 018b 16000000 		.4byte	.LVL5
 480 018f 81030000 		.4byte	0x381
 481 0193 0C       		.uleb128 0xc
 482 0194 1A000000 		.4byte	.LVL6
 483 0198 75030000 		.4byte	0x375
 484 019c 0C       		.uleb128 0xc
 485 019d 22000000 		.4byte	.LVL7
 486 01a1 8C030000 		.4byte	0x38c
 487 01a5 0C       		.uleb128 0xc
 488 01a6 2A000000 		.4byte	.LVL8
 489 01aa 97030000 		.4byte	0x397
 490 01ae 00       		.byte	0
 491 01af 10       		.uleb128 0x10
 492 01b0 53010000 		.4byte	.LASF25
 493 01b4 01       		.byte	0x1
 494 01b5 E6       		.byte	0xe6
 495 01b6 6B000000 		.4byte	0x6b
 496 01ba 00000000 		.4byte	.LFB197
 497 01be C4000000 		.4byte	.LFE197-.LFB197
 498 01c2 01       		.uleb128 0x1
 499 01c3 9C       		.byte	0x9c
 500 01c4 C6020000 		.4byte	0x2c6
 501 01c8 11       		.uleb128 0x11
 502 01c9 72657400 		.ascii	"ret\000"
 503 01cd 01       		.byte	0x1
 504 01ce E8       		.byte	0xe8
 505 01cf 6B000000 		.4byte	0x6b
 506 01d3 00000000 		.4byte	.LLST0
 507 01d7 12       		.uleb128 0x12
 508 01d8 4E030000 		.4byte	.LASF26
 509 01dc 01       		.byte	0x1
 510 01dd EA       		.byte	0xea
 511 01de 6B000000 		.4byte	0x6b
 512 01e2 05       		.uleb128 0x5
 513 01e3 03       		.byte	0x3
 514 01e4 00000000 		.4byte	prevMute.9070
 515 01e8 0D       		.uleb128 0xd
 516 01e9 24000000 		.4byte	.LVL10
 517 01ed A2030000 		.4byte	0x3a2
 518 01f1 FB010000 		.4byte	0x1fb
 519 01f5 0E       		.uleb128 0xe
 520 01f6 01       		.uleb128 0x1
 521 01f7 50       		.byte	0x50
 522 01f8 01       		.uleb128 0x1
 523 01f9 31       		.byte	0x31
 524 01fa 00       		.byte	0
ARM GAS  C:\Users\TERENC~1\AppData\Local\Temp\ccTAgT9c.s 			page 16


 525 01fb 0D       		.uleb128 0xd
 526 01fc 2E000000 		.4byte	.LVL13
 527 0200 AD030000 		.4byte	0x3ad
 528 0204 13020000 		.4byte	0x213
 529 0208 0E       		.uleb128 0xe
 530 0209 01       		.uleb128 0x1
 531 020a 50       		.byte	0x50
 532 020b 01       		.uleb128 0x1
 533 020c 31       		.byte	0x31
 534 020d 0E       		.uleb128 0xe
 535 020e 01       		.uleb128 0x1
 536 020f 51       		.byte	0x51
 537 0210 01       		.uleb128 0x1
 538 0211 31       		.byte	0x31
 539 0212 00       		.byte	0
 540 0213 0C       		.uleb128 0xc
 541 0214 40000000 		.4byte	.LVL14
 542 0218 75030000 		.4byte	0x375
 543 021c 0C       		.uleb128 0xc
 544 021d 48000000 		.4byte	.LVL15
 545 0221 B8030000 		.4byte	0x3b8
 546 0225 0D       		.uleb128 0xd
 547 0226 58000000 		.4byte	.LVL16
 548 022a C3030000 		.4byte	0x3c3
 549 022e 47020000 		.4byte	0x247
 550 0232 0E       		.uleb128 0xe
 551 0233 01       		.uleb128 0x1
 552 0234 50       		.byte	0x50
 553 0235 02       		.uleb128 0x2
 554 0236 75       		.byte	0x75
 555 0237 00       		.sleb128 0
 556 0238 0E       		.uleb128 0xe
 557 0239 01       		.uleb128 0x1
 558 023a 51       		.byte	0x51
 559 023b 05       		.uleb128 0x5
 560 023c 03       		.byte	0x3
 561 023d 00000000 		.4byte	.LC4
 562 0241 0E       		.uleb128 0xe
 563 0242 01       		.uleb128 0x1
 564 0243 52       		.byte	0x52
 565 0244 01       		.uleb128 0x1
 566 0245 38       		.byte	0x38
 567 0246 00       		.byte	0
 568 0247 0D       		.uleb128 0xd
 569 0248 5E000000 		.4byte	.LVL17
 570 024c CC030000 		.4byte	0x3cc
 571 0250 5B020000 		.4byte	0x25b
 572 0254 0E       		.uleb128 0xe
 573 0255 01       		.uleb128 0x1
 574 0256 50       		.byte	0x50
 575 0257 02       		.uleb128 0x2
 576 0258 75       		.byte	0x75
 577 0259 00       		.sleb128 0
 578 025a 00       		.byte	0
 579 025b 0D       		.uleb128 0xd
 580 025c 68000000 		.4byte	.LVL19
 581 0260 AD030000 		.4byte	0x3ad
ARM GAS  C:\Users\TERENC~1\AppData\Local\Temp\ccTAgT9c.s 			page 17


 582 0264 73020000 		.4byte	0x273
 583 0268 0E       		.uleb128 0xe
 584 0269 01       		.uleb128 0x1
 585 026a 50       		.byte	0x50
 586 026b 01       		.uleb128 0x1
 587 026c 30       		.byte	0x30
 588 026d 0E       		.uleb128 0xe
 589 026e 01       		.uleb128 0x1
 590 026f 51       		.byte	0x51
 591 0270 01       		.uleb128 0x1
 592 0271 30       		.byte	0x30
 593 0272 00       		.byte	0
 594 0273 0D       		.uleb128 0xd
 595 0274 6E000000 		.4byte	.LVL20
 596 0278 A2030000 		.4byte	0x3a2
 597 027c 86020000 		.4byte	0x286
 598 0280 0E       		.uleb128 0xe
 599 0281 01       		.uleb128 0x1
 600 0282 50       		.byte	0x50
 601 0283 01       		.uleb128 0x1
 602 0284 30       		.byte	0x30
 603 0285 00       		.byte	0
 604 0286 0C       		.uleb128 0xc
 605 0287 82000000 		.4byte	.LVL22
 606 028b 75030000 		.4byte	0x375
 607 028f 0C       		.uleb128 0xc
 608 0290 8A000000 		.4byte	.LVL23
 609 0294 B8030000 		.4byte	0x3b8
 610 0298 0D       		.uleb128 0xd
 611 0299 9A000000 		.4byte	.LVL24
 612 029d D7030000 		.4byte	0x3d7
 613 02a1 B5020000 		.4byte	0x2b5
 614 02a5 0E       		.uleb128 0xe
 615 02a6 01       		.uleb128 0x1
 616 02a7 50       		.byte	0x50
 617 02a8 02       		.uleb128 0x2
 618 02a9 75       		.byte	0x75
 619 02aa 00       		.sleb128 0
 620 02ab 0E       		.uleb128 0xe
 621 02ac 01       		.uleb128 0x1
 622 02ad 51       		.byte	0x51
 623 02ae 05       		.uleb128 0x5
 624 02af 03       		.byte	0x3
 625 02b0 08000000 		.4byte	.LC7
 626 02b4 00       		.byte	0
 627 02b5 13       		.uleb128 0x13
 628 02b6 A0000000 		.4byte	.LVL25
 629 02ba CC030000 		.4byte	0x3cc
 630 02be 0E       		.uleb128 0xe
 631 02bf 01       		.uleb128 0x1
 632 02c0 50       		.byte	0x50
 633 02c1 02       		.uleb128 0x2
 634 02c2 75       		.byte	0x75
 635 02c3 00       		.sleb128 0
 636 02c4 00       		.byte	0
 637 02c5 00       		.byte	0
 638 02c6 14       		.uleb128 0x14
ARM GAS  C:\Users\TERENC~1\AppData\Local\Temp\ccTAgT9c.s 			page 18


 639 02c7 A6010000 		.4byte	.LASF27
 640 02cb 03       		.byte	0x3
 641 02cc 1D       		.byte	0x1d
 642 02cd D1020000 		.4byte	0x2d1
 643 02d1 15       		.uleb128 0x15
 644 02d2 04       		.byte	0x4
 645 02d3 18010000 		.4byte	0x118
 646 02d7 08       		.uleb128 0x8
 647 02d8 9D000000 		.4byte	0x9d
 648 02dc E7020000 		.4byte	0x2e7
 649 02e0 09       		.uleb128 0x9
 650 02e1 B0000000 		.4byte	0xb0
 651 02e5 FF       		.byte	0xff
 652 02e6 00       		.byte	0
 653 02e7 16       		.uleb128 0x16
 654 02e8 15030000 		.4byte	.LASF28
 655 02ec 01       		.byte	0x1
 656 02ed 42       		.byte	0x42
 657 02ee D7020000 		.4byte	0x2d7
 658 02f2 05       		.uleb128 0x5
 659 02f3 03       		.byte	0x3
 660 02f4 00000000 		.4byte	gbuf
 661 02f8 16       		.uleb128 0x16
 662 02f9 EE020000 		.4byte	.LASF29
 663 02fd 01       		.byte	0x1
 664 02fe 3D       		.byte	0x3d
 665 02ff 6B000000 		.4byte	0x6b
 666 0303 05       		.uleb128 0x5
 667 0304 03       		.byte	0x3
 668 0305 00000000 		.4byte	playlistControlReport
 669 0309 16       		.uleb128 0x16
 670 030a 6C000000 		.4byte	.LASF30
 671 030e 01       		.byte	0x1
 672 030f 3E       		.byte	0x3e
 673 0310 6B000000 		.4byte	0x6b
 674 0314 05       		.uleb128 0x5
 675 0315 03       		.byte	0x3
 676 0316 00000000 		.4byte	prevReport
 677 031a 16       		.uleb128 0x16
 678 031b 93010000 		.4byte	.LASF31
 679 031f 01       		.byte	0x1
 680 0320 3F       		.byte	0x3f
 681 0321 6B000000 		.4byte	0x6b
 682 0325 05       		.uleb128 0x5
 683 0326 03       		.byte	0x3
 684 0327 00000000 		.4byte	audioControlStatus
 685 032b 16       		.uleb128 0x16
 686 032c DE020000 		.4byte	.LASF32
 687 0330 01       		.byte	0x1
 688 0331 40       		.byte	0x40
 689 0332 6B000000 		.4byte	0x6b
 690 0336 05       		.uleb128 0x5
 691 0337 03       		.byte	0x3
 692 0338 00000000 		.4byte	reportClearFlag
 693 033c 14       		.uleb128 0x14
 694 033d 9E000000 		.4byte	.LASF33
 695 0341 01       		.byte	0x1
ARM GAS  C:\Users\TERENC~1\AppData\Local\Temp\ccTAgT9c.s 			page 19


 696 0342 45       		.byte	0x45
 697 0343 A4000000 		.4byte	0xa4
 698 0347 17       		.uleb128 0x17
 699 0348 F1000000 		.4byte	.LASF34
 700 034c F1000000 		.4byte	.LASF34
 701 0350 03       		.byte	0x3
 702 0351 1F       		.byte	0x1f
 703 0352 18       		.uleb128 0x18
 704 0353 B6010000 		.4byte	.LASF35
 705 0357 B6010000 		.4byte	.LASF35
 706 035b 04       		.byte	0x4
 707 035c 2F01     		.2byte	0x12f
 708 035e 17       		.uleb128 0x17
 709 035f D7000000 		.4byte	.LASF36
 710 0363 D7000000 		.4byte	.LASF36
 711 0367 05       		.byte	0x5
 712 0368 0F       		.byte	0xf
 713 0369 18       		.uleb128 0x18
 714 036a 74010000 		.4byte	.LASF37
 715 036e 74010000 		.4byte	.LASF37
 716 0372 04       		.byte	0x4
 717 0373 3301     		.2byte	0x133
 718 0375 18       		.uleb128 0x18
 719 0376 77000000 		.4byte	.LASF38
 720 037a 77000000 		.4byte	.LASF38
 721 037e 04       		.byte	0x4
 722 037f 3201     		.2byte	0x132
 723 0381 17       		.uleb128 0x17
 724 0382 D1010000 		.4byte	.LASF39
 725 0386 D1010000 		.4byte	.LASF39
 726 038a 06       		.byte	0x6
 727 038b 22       		.byte	0x22
 728 038c 17       		.uleb128 0x17
 729 038d 01020000 		.4byte	.LASF40
 730 0391 01020000 		.4byte	.LASF40
 731 0395 06       		.byte	0x6
 732 0396 29       		.byte	0x29
 733 0397 17       		.uleb128 0x17
 734 0398 1D020000 		.4byte	.LASF41
 735 039c 1D020000 		.4byte	.LASF41
 736 03a0 05       		.byte	0x5
 737 03a1 10       		.byte	0x10
 738 03a2 17       		.uleb128 0x17
 739 03a3 2A000000 		.4byte	.LASF42
 740 03a7 2A000000 		.4byte	.LASF42
 741 03ab 07       		.byte	0x7
 742 03ac AE       		.byte	0xae
 743 03ad 17       		.uleb128 0x17
 744 03ae 00000000 		.4byte	.LASF43
 745 03b2 00000000 		.4byte	.LASF43
 746 03b6 08       		.byte	0x8
 747 03b7 22       		.byte	0x22
 748 03b8 17       		.uleb128 0x17
 749 03b9 B0000000 		.4byte	.LASF44
 750 03bd B0000000 		.4byte	.LASF44
 751 03c1 06       		.byte	0x6
 752 03c2 28       		.byte	0x28
ARM GAS  C:\Users\TERENC~1\AppData\Local\Temp\ccTAgT9c.s 			page 20


 753 03c3 19       		.uleb128 0x19
 754 03c4 04030000 		.4byte	.LASF51
 755 03c8 04030000 		.4byte	.LASF51
 756 03cc 17       		.uleb128 0x17
 757 03cd 4B000000 		.4byte	.LASF45
 758 03d1 4B000000 		.4byte	.LASF45
 759 03d5 06       		.byte	0x6
 760 03d6 24       		.byte	0x24
 761 03d7 17       		.uleb128 0x17
 762 03d8 15020000 		.4byte	.LASF46
 763 03dc 15020000 		.4byte	.LASF46
 764 03e0 09       		.byte	0x9
 765 03e1 E7       		.byte	0xe7
 766 03e2 00       		.byte	0
 767              		.section	.debug_abbrev,"",%progbits
 768              	.Ldebug_abbrev0:
 769 0000 01       		.uleb128 0x1
 770 0001 11       		.uleb128 0x11
 771 0002 01       		.byte	0x1
 772 0003 25       		.uleb128 0x25
 773 0004 0E       		.uleb128 0xe
 774 0005 13       		.uleb128 0x13
 775 0006 0B       		.uleb128 0xb
 776 0007 03       		.uleb128 0x3
 777 0008 0E       		.uleb128 0xe
 778 0009 1B       		.uleb128 0x1b
 779 000a 0E       		.uleb128 0xe
 780 000b 55       		.uleb128 0x55
 781 000c 17       		.uleb128 0x17
 782 000d 11       		.uleb128 0x11
 783 000e 01       		.uleb128 0x1
 784 000f 10       		.uleb128 0x10
 785 0010 17       		.uleb128 0x17
 786 0011 00       		.byte	0
 787 0012 00       		.byte	0
 788 0013 02       		.uleb128 0x2
 789 0014 24       		.uleb128 0x24
 790 0015 00       		.byte	0
 791 0016 0B       		.uleb128 0xb
 792 0017 0B       		.uleb128 0xb
 793 0018 3E       		.uleb128 0x3e
 794 0019 0B       		.uleb128 0xb
 795 001a 03       		.uleb128 0x3
 796 001b 0E       		.uleb128 0xe
 797 001c 00       		.byte	0
 798 001d 00       		.byte	0
 799 001e 03       		.uleb128 0x3
 800 001f 24       		.uleb128 0x24
 801 0020 00       		.byte	0
 802 0021 0B       		.uleb128 0xb
 803 0022 0B       		.uleb128 0xb
 804 0023 3E       		.uleb128 0x3e
 805 0024 0B       		.uleb128 0xb
 806 0025 03       		.uleb128 0x3
 807 0026 08       		.uleb128 0x8
 808 0027 00       		.byte	0
 809 0028 00       		.byte	0
ARM GAS  C:\Users\TERENC~1\AppData\Local\Temp\ccTAgT9c.s 			page 21


 810 0029 04       		.uleb128 0x4
 811 002a 16       		.uleb128 0x16
 812 002b 00       		.byte	0
 813 002c 03       		.uleb128 0x3
 814 002d 0E       		.uleb128 0xe
 815 002e 3A       		.uleb128 0x3a
 816 002f 0B       		.uleb128 0xb
 817 0030 3B       		.uleb128 0x3b
 818 0031 05       		.uleb128 0x5
 819 0032 49       		.uleb128 0x49
 820 0033 13       		.uleb128 0x13
 821 0034 00       		.byte	0
 822 0035 00       		.byte	0
 823 0036 05       		.uleb128 0x5
 824 0037 35       		.uleb128 0x35
 825 0038 00       		.byte	0
 826 0039 49       		.uleb128 0x49
 827 003a 13       		.uleb128 0x13
 828 003b 00       		.byte	0
 829 003c 00       		.byte	0
 830 003d 06       		.uleb128 0x6
 831 003e 13       		.uleb128 0x13
 832 003f 01       		.byte	0x1
 833 0040 0B       		.uleb128 0xb
 834 0041 0B       		.uleb128 0xb
 835 0042 3A       		.uleb128 0x3a
 836 0043 0B       		.uleb128 0xb
 837 0044 3B       		.uleb128 0x3b
 838 0045 0B       		.uleb128 0xb
 839 0046 01       		.uleb128 0x1
 840 0047 13       		.uleb128 0x13
 841 0048 00       		.byte	0
 842 0049 00       		.byte	0
 843 004a 07       		.uleb128 0x7
 844 004b 0D       		.uleb128 0xd
 845 004c 00       		.byte	0
 846 004d 03       		.uleb128 0x3
 847 004e 0E       		.uleb128 0xe
 848 004f 3A       		.uleb128 0x3a
 849 0050 0B       		.uleb128 0xb
 850 0051 3B       		.uleb128 0x3b
 851 0052 0B       		.uleb128 0xb
 852 0053 49       		.uleb128 0x49
 853 0054 13       		.uleb128 0x13
 854 0055 38       		.uleb128 0x38
 855 0056 0B       		.uleb128 0xb
 856 0057 00       		.byte	0
 857 0058 00       		.byte	0
 858 0059 08       		.uleb128 0x8
 859 005a 01       		.uleb128 0x1
 860 005b 01       		.byte	0x1
 861 005c 49       		.uleb128 0x49
 862 005d 13       		.uleb128 0x13
 863 005e 01       		.uleb128 0x1
 864 005f 13       		.uleb128 0x13
 865 0060 00       		.byte	0
 866 0061 00       		.byte	0
ARM GAS  C:\Users\TERENC~1\AppData\Local\Temp\ccTAgT9c.s 			page 22


 867 0062 09       		.uleb128 0x9
 868 0063 21       		.uleb128 0x21
 869 0064 00       		.byte	0
 870 0065 49       		.uleb128 0x49
 871 0066 13       		.uleb128 0x13
 872 0067 2F       		.uleb128 0x2f
 873 0068 0B       		.uleb128 0xb
 874 0069 00       		.byte	0
 875 006a 00       		.byte	0
 876 006b 0A       		.uleb128 0xa
 877 006c 16       		.uleb128 0x16
 878 006d 00       		.byte	0
 879 006e 03       		.uleb128 0x3
 880 006f 0E       		.uleb128 0xe
 881 0070 3A       		.uleb128 0x3a
 882 0071 0B       		.uleb128 0xb
 883 0072 3B       		.uleb128 0x3b
 884 0073 0B       		.uleb128 0xb
 885 0074 49       		.uleb128 0x49
 886 0075 13       		.uleb128 0x13
 887 0076 00       		.byte	0
 888 0077 00       		.byte	0
 889 0078 0B       		.uleb128 0xb
 890 0079 2E       		.uleb128 0x2e
 891 007a 01       		.byte	0x1
 892 007b 3F       		.uleb128 0x3f
 893 007c 19       		.uleb128 0x19
 894 007d 03       		.uleb128 0x3
 895 007e 0E       		.uleb128 0xe
 896 007f 3A       		.uleb128 0x3a
 897 0080 0B       		.uleb128 0xb
 898 0081 3B       		.uleb128 0x3b
 899 0082 0B       		.uleb128 0xb
 900 0083 27       		.uleb128 0x27
 901 0084 19       		.uleb128 0x19
 902 0085 11       		.uleb128 0x11
 903 0086 01       		.uleb128 0x1
 904 0087 12       		.uleb128 0x12
 905 0088 06       		.uleb128 0x6
 906 0089 40       		.uleb128 0x40
 907 008a 18       		.uleb128 0x18
 908 008b 9742     		.uleb128 0x2117
 909 008d 19       		.uleb128 0x19
 910 008e 01       		.uleb128 0x1
 911 008f 13       		.uleb128 0x13
 912 0090 00       		.byte	0
 913 0091 00       		.byte	0
 914 0092 0C       		.uleb128 0xc
 915 0093 898201   		.uleb128 0x4109
 916 0096 00       		.byte	0
 917 0097 11       		.uleb128 0x11
 918 0098 01       		.uleb128 0x1
 919 0099 31       		.uleb128 0x31
 920 009a 13       		.uleb128 0x13
 921 009b 00       		.byte	0
 922 009c 00       		.byte	0
 923 009d 0D       		.uleb128 0xd
ARM GAS  C:\Users\TERENC~1\AppData\Local\Temp\ccTAgT9c.s 			page 23


 924 009e 898201   		.uleb128 0x4109
 925 00a1 01       		.byte	0x1
 926 00a2 11       		.uleb128 0x11
 927 00a3 01       		.uleb128 0x1
 928 00a4 31       		.uleb128 0x31
 929 00a5 13       		.uleb128 0x13
 930 00a6 01       		.uleb128 0x1
 931 00a7 13       		.uleb128 0x13
 932 00a8 00       		.byte	0
 933 00a9 00       		.byte	0
 934 00aa 0E       		.uleb128 0xe
 935 00ab 8A8201   		.uleb128 0x410a
 936 00ae 00       		.byte	0
 937 00af 02       		.uleb128 0x2
 938 00b0 18       		.uleb128 0x18
 939 00b1 9142     		.uleb128 0x2111
 940 00b3 18       		.uleb128 0x18
 941 00b4 00       		.byte	0
 942 00b5 00       		.byte	0
 943 00b6 0F       		.uleb128 0xf
 944 00b7 2E       		.uleb128 0x2e
 945 00b8 01       		.byte	0x1
 946 00b9 3F       		.uleb128 0x3f
 947 00ba 19       		.uleb128 0x19
 948 00bb 03       		.uleb128 0x3
 949 00bc 0E       		.uleb128 0xe
 950 00bd 3A       		.uleb128 0x3a
 951 00be 0B       		.uleb128 0xb
 952 00bf 3B       		.uleb128 0x3b
 953 00c0 0B       		.uleb128 0xb
 954 00c1 27       		.uleb128 0x27
 955 00c2 19       		.uleb128 0x19
 956 00c3 8701     		.uleb128 0x87
 957 00c5 19       		.uleb128 0x19
 958 00c6 11       		.uleb128 0x11
 959 00c7 01       		.uleb128 0x1
 960 00c8 12       		.uleb128 0x12
 961 00c9 06       		.uleb128 0x6
 962 00ca 40       		.uleb128 0x40
 963 00cb 18       		.uleb128 0x18
 964 00cc 9742     		.uleb128 0x2117
 965 00ce 19       		.uleb128 0x19
 966 00cf 01       		.uleb128 0x1
 967 00d0 13       		.uleb128 0x13
 968 00d1 00       		.byte	0
 969 00d2 00       		.byte	0
 970 00d3 10       		.uleb128 0x10
 971 00d4 2E       		.uleb128 0x2e
 972 00d5 01       		.byte	0x1
 973 00d6 3F       		.uleb128 0x3f
 974 00d7 19       		.uleb128 0x19
 975 00d8 03       		.uleb128 0x3
 976 00d9 0E       		.uleb128 0xe
 977 00da 3A       		.uleb128 0x3a
 978 00db 0B       		.uleb128 0xb
 979 00dc 3B       		.uleb128 0x3b
 980 00dd 0B       		.uleb128 0xb
ARM GAS  C:\Users\TERENC~1\AppData\Local\Temp\ccTAgT9c.s 			page 24


 981 00de 27       		.uleb128 0x27
 982 00df 19       		.uleb128 0x19
 983 00e0 49       		.uleb128 0x49
 984 00e1 13       		.uleb128 0x13
 985 00e2 11       		.uleb128 0x11
 986 00e3 01       		.uleb128 0x1
 987 00e4 12       		.uleb128 0x12
 988 00e5 06       		.uleb128 0x6
 989 00e6 40       		.uleb128 0x40
 990 00e7 18       		.uleb128 0x18
 991 00e8 9742     		.uleb128 0x2117
 992 00ea 19       		.uleb128 0x19
 993 00eb 01       		.uleb128 0x1
 994 00ec 13       		.uleb128 0x13
 995 00ed 00       		.byte	0
 996 00ee 00       		.byte	0
 997 00ef 11       		.uleb128 0x11
 998 00f0 34       		.uleb128 0x34
 999 00f1 00       		.byte	0
 1000 00f2 03       		.uleb128 0x3
 1001 00f3 08       		.uleb128 0x8
 1002 00f4 3A       		.uleb128 0x3a
 1003 00f5 0B       		.uleb128 0xb
 1004 00f6 3B       		.uleb128 0x3b
 1005 00f7 0B       		.uleb128 0xb
 1006 00f8 49       		.uleb128 0x49
 1007 00f9 13       		.uleb128 0x13
 1008 00fa 02       		.uleb128 0x2
 1009 00fb 17       		.uleb128 0x17
 1010 00fc 00       		.byte	0
 1011 00fd 00       		.byte	0
 1012 00fe 12       		.uleb128 0x12
 1013 00ff 34       		.uleb128 0x34
 1014 0100 00       		.byte	0
 1015 0101 03       		.uleb128 0x3
 1016 0102 0E       		.uleb128 0xe
 1017 0103 3A       		.uleb128 0x3a
 1018 0104 0B       		.uleb128 0xb
 1019 0105 3B       		.uleb128 0x3b
 1020 0106 0B       		.uleb128 0xb
 1021 0107 49       		.uleb128 0x49
 1022 0108 13       		.uleb128 0x13
 1023 0109 02       		.uleb128 0x2
 1024 010a 18       		.uleb128 0x18
 1025 010b 00       		.byte	0
 1026 010c 00       		.byte	0
 1027 010d 13       		.uleb128 0x13
 1028 010e 898201   		.uleb128 0x4109
 1029 0111 01       		.byte	0x1
 1030 0112 11       		.uleb128 0x11
 1031 0113 01       		.uleb128 0x1
 1032 0114 31       		.uleb128 0x31
 1033 0115 13       		.uleb128 0x13
 1034 0116 00       		.byte	0
 1035 0117 00       		.byte	0
 1036 0118 14       		.uleb128 0x14
 1037 0119 34       		.uleb128 0x34
ARM GAS  C:\Users\TERENC~1\AppData\Local\Temp\ccTAgT9c.s 			page 25


 1038 011a 00       		.byte	0
 1039 011b 03       		.uleb128 0x3
 1040 011c 0E       		.uleb128 0xe
 1041 011d 3A       		.uleb128 0x3a
 1042 011e 0B       		.uleb128 0xb
 1043 011f 3B       		.uleb128 0x3b
 1044 0120 0B       		.uleb128 0xb
 1045 0121 49       		.uleb128 0x49
 1046 0122 13       		.uleb128 0x13
 1047 0123 3F       		.uleb128 0x3f
 1048 0124 19       		.uleb128 0x19
 1049 0125 3C       		.uleb128 0x3c
 1050 0126 19       		.uleb128 0x19
 1051 0127 00       		.byte	0
 1052 0128 00       		.byte	0
 1053 0129 15       		.uleb128 0x15
 1054 012a 0F       		.uleb128 0xf
 1055 012b 00       		.byte	0
 1056 012c 0B       		.uleb128 0xb
 1057 012d 0B       		.uleb128 0xb
 1058 012e 49       		.uleb128 0x49
 1059 012f 13       		.uleb128 0x13
 1060 0130 00       		.byte	0
 1061 0131 00       		.byte	0
 1062 0132 16       		.uleb128 0x16
 1063 0133 34       		.uleb128 0x34
 1064 0134 00       		.byte	0
 1065 0135 03       		.uleb128 0x3
 1066 0136 0E       		.uleb128 0xe
 1067 0137 3A       		.uleb128 0x3a
 1068 0138 0B       		.uleb128 0xb
 1069 0139 3B       		.uleb128 0x3b
 1070 013a 0B       		.uleb128 0xb
 1071 013b 49       		.uleb128 0x49
 1072 013c 13       		.uleb128 0x13
 1073 013d 3F       		.uleb128 0x3f
 1074 013e 19       		.uleb128 0x19
 1075 013f 02       		.uleb128 0x2
 1076 0140 18       		.uleb128 0x18
 1077 0141 00       		.byte	0
 1078 0142 00       		.byte	0
 1079 0143 17       		.uleb128 0x17
 1080 0144 2E       		.uleb128 0x2e
 1081 0145 00       		.byte	0
 1082 0146 3F       		.uleb128 0x3f
 1083 0147 19       		.uleb128 0x19
 1084 0148 3C       		.uleb128 0x3c
 1085 0149 19       		.uleb128 0x19
 1086 014a 6E       		.uleb128 0x6e
 1087 014b 0E       		.uleb128 0xe
 1088 014c 03       		.uleb128 0x3
 1089 014d 0E       		.uleb128 0xe
 1090 014e 3A       		.uleb128 0x3a
 1091 014f 0B       		.uleb128 0xb
 1092 0150 3B       		.uleb128 0x3b
 1093 0151 0B       		.uleb128 0xb
 1094 0152 00       		.byte	0
ARM GAS  C:\Users\TERENC~1\AppData\Local\Temp\ccTAgT9c.s 			page 26


 1095 0153 00       		.byte	0
 1096 0154 18       		.uleb128 0x18
 1097 0155 2E       		.uleb128 0x2e
 1098 0156 00       		.byte	0
 1099 0157 3F       		.uleb128 0x3f
 1100 0158 19       		.uleb128 0x19
 1101 0159 3C       		.uleb128 0x3c
 1102 015a 19       		.uleb128 0x19
 1103 015b 6E       		.uleb128 0x6e
 1104 015c 0E       		.uleb128 0xe
 1105 015d 03       		.uleb128 0x3
 1106 015e 0E       		.uleb128 0xe
 1107 015f 3A       		.uleb128 0x3a
 1108 0160 0B       		.uleb128 0xb
 1109 0161 3B       		.uleb128 0x3b
 1110 0162 05       		.uleb128 0x5
 1111 0163 00       		.byte	0
 1112 0164 00       		.byte	0
 1113 0165 19       		.uleb128 0x19
 1114 0166 2E       		.uleb128 0x2e
 1115 0167 00       		.byte	0
 1116 0168 3F       		.uleb128 0x3f
 1117 0169 19       		.uleb128 0x19
 1118 016a 3C       		.uleb128 0x3c
 1119 016b 19       		.uleb128 0x19
 1120 016c 6E       		.uleb128 0x6e
 1121 016d 0E       		.uleb128 0xe
 1122 016e 03       		.uleb128 0x3
 1123 016f 0E       		.uleb128 0xe
 1124 0170 00       		.byte	0
 1125 0171 00       		.byte	0
 1126 0172 00       		.byte	0
 1127              		.section	.debug_loc,"",%progbits
 1128              	.Ldebug_loc0:
 1129              	.LLST0:
 1130 0000 02000000 		.4byte	.LVL9
 1131 0004 26000000 		.4byte	.LVL11
 1132 0008 0200     		.2byte	0x2
 1133 000a 30       		.byte	0x30
 1134 000b 9F       		.byte	0x9f
 1135 000c 26000000 		.4byte	.LVL11
 1136 0010 2A000000 		.4byte	.LVL12
 1137 0014 0100     		.2byte	0x1
 1138 0016 50       		.byte	0x50
 1139 0017 2A000000 		.4byte	.LVL12
 1140 001b 60000000 		.4byte	.LVL18
 1141 001f 0100     		.2byte	0x1
 1142 0021 54       		.byte	0x54
 1143 0022 60000000 		.4byte	.LVL18
 1144 0026 70000000 		.4byte	.LVL21
 1145 002a 0200     		.2byte	0x2
 1146 002c 30       		.byte	0x30
 1147 002d 9F       		.byte	0x9f
 1148 002e 70000000 		.4byte	.LVL21
 1149 0032 81000000 		.4byte	.LVL22-1
 1150 0036 0100     		.2byte	0x1
 1151 0038 50       		.byte	0x50
ARM GAS  C:\Users\TERENC~1\AppData\Local\Temp\ccTAgT9c.s 			page 27


 1152 0039 81000000 		.4byte	.LVL22-1
 1153 003d A2000000 		.4byte	.LVL26
 1154 0041 0100     		.2byte	0x1
 1155 0043 54       		.byte	0x54
 1156 0044 A2000000 		.4byte	.LVL26
 1157 0048 A4000000 		.4byte	.LVL27
 1158 004c 0200     		.2byte	0x2
 1159 004e 30       		.byte	0x30
 1160 004f 9F       		.byte	0x9f
 1161 0050 A4000000 		.4byte	.LVL27
 1162 0054 A6000000 		.4byte	.LVL28
 1163 0058 0100     		.2byte	0x1
 1164 005a 54       		.byte	0x54
 1165 005b 00000000 		.4byte	0
 1166 005f 00000000 		.4byte	0
 1167              		.section	.debug_aranges,"",%progbits
 1168 0000 2C000000 		.4byte	0x2c
 1169 0004 0200     		.2byte	0x2
 1170 0006 00000000 		.4byte	.Ldebug_info0
 1171 000a 04       		.byte	0x4
 1172 000b 00       		.byte	0
 1173 000c 0000     		.2byte	0
 1174 000e 0000     		.2byte	0
 1175 0010 00000000 		.4byte	.LFB195
 1176 0014 16000000 		.4byte	.LFE195-.LFB195
 1177 0018 00000000 		.4byte	.LFB196
 1178 001c 2C000000 		.4byte	.LFE196-.LFB196
 1179 0020 00000000 		.4byte	.LFB197
 1180 0024 C4000000 		.4byte	.LFE197-.LFB197
 1181 0028 00000000 		.4byte	0
 1182 002c 00000000 		.4byte	0
 1183              		.section	.debug_ranges,"",%progbits
 1184              	.Ldebug_ranges0:
 1185 0000 00000000 		.4byte	.LFB195
 1186 0004 16000000 		.4byte	.LFE195
 1187 0008 00000000 		.4byte	.LFB196
 1188 000c 2C000000 		.4byte	.LFE196
 1189 0010 00000000 		.4byte	.LFB197
 1190 0014 C4000000 		.4byte	.LFE197
 1191 0018 00000000 		.4byte	0
 1192 001c 00000000 		.4byte	0
 1193              		.section	.debug_line,"",%progbits
 1194              	.Ldebug_line0:
 1195 0000 9D010000 		.section	.debug_str,"MS",%progbits,1
 1195      02001701 
 1195      00000201 
 1195      FB0E0D00 
 1195      01010101 
 1196              	.LASF43:
 1197 0000 70636D31 		.ascii	"pcm1770_mute_set\000"
 1197      3737305F 
 1197      6D757465 
 1197      5F736574 
 1197      00
 1198              	.LASF24:
 1199 0011 52756E41 		.ascii	"RunApplication\000"
 1199      70706C69 
ARM GAS  C:\Users\TERENC~1\AppData\Local\Temp\ccTAgT9c.s 			page 28


 1199      63617469 
 1199      6F6E00
 1200              	.LASF17:
 1201 0020 7369676E 		.ascii	"signature\000"
 1201      61747572 
 1201      6500
 1202              	.LASF42:
 1203 002a 436F6465 		.ascii	"Codec_SetMute\000"
 1203      635F5365 
 1203      744D7574 
 1203      6500
 1204              	.LASF21:
 1205 0038 6C65645F 		.ascii	"led_max_brightness\000"
 1205      6D61785F 
 1205      62726967 
 1205      68746E65 
 1205      737300
 1206              	.LASF45:
 1207 004b 55534255 		.ascii	"USBUART_PutString\000"
 1207      4152545F 
 1207      50757453 
 1207      7472696E 
 1207      6700
 1208              	.LASF50:
 1209 005d 496E6974 		.ascii	"InitApp\000"
 1209      41707000 
 1210              	.LASF13:
 1211 0065 646F7562 		.ascii	"double\000"
 1211      6C6500
 1212              	.LASF30:
 1213 006c 70726576 		.ascii	"prevReport\000"
 1213      5265706F 
 1213      727400
 1214              	.LASF38:
 1215 0077 55534255 		.ascii	"USBUART_GetConfiguration\000"
 1215      4152545F 
 1215      47657443 
 1215      6F6E6669 
 1215      67757261 
 1216              	.LASF48:
 1217 0090 4170706C 		.ascii	"Application.c\000"
 1217      69636174 
 1217      696F6E2E 
 1217      6300
 1218              	.LASF33:
 1219 009e 55534246 		.ascii	"USBFS_currentMute\000"
 1219      535F6375 
 1219      7272656E 
 1219      744D7574 
 1219      6500
 1220              	.LASF44:
 1221 00b0 55534255 		.ascii	"USBUART_CDCIsReady\000"
 1221      4152545F 
 1221      43444349 
 1221      73526561 
 1221      647900
 1222              	.LASF12:
ARM GAS  C:\Users\TERENC~1\AppData\Local\Temp\ccTAgT9c.s 			page 29


 1223 00c3 666C6F61 		.ascii	"float\000"
 1223      7400
 1224              	.LASF18:
 1225 00c9 636F756E 		.ascii	"counter\000"
 1225      74657200 
 1226              	.LASF9:
 1227 00d1 75696E74 		.ascii	"uint8\000"
 1227      3800
 1228              	.LASF36:
 1229 00d7 546B5368 		.ascii	"TkShellInit\000"
 1229      656C6C49 
 1229      6E697400 
 1230              	.LASF1:
 1231 00e3 756E7369 		.ascii	"unsigned char\000"
 1231      676E6564 
 1231      20636861 
 1231      7200
 1232              	.LASF34:
 1233 00f1 43616C69 		.ascii	"CalibrationInit\000"
 1233      62726174 
 1233      696F6E49 
 1233      6E697400 
 1234              	.LASF11:
 1235 0101 696E7431 		.ascii	"int16\000"
 1235      3600
 1236              	.LASF49:
 1237 0107 433A5C64 		.ascii	"C:\\dev\\git\\icebreaker\\Icebreaker.cydsn\000"
 1237      65765C67 
 1237      69745C69 
 1237      63656272 
 1237      65616B65 
 1238              	.LASF3:
 1239 012e 73686F72 		.ascii	"short unsigned int\000"
 1239      7420756E 
 1239      7369676E 
 1239      65642069 
 1239      6E7400
 1240              	.LASF5:
 1241 0141 6C6F6E67 		.ascii	"long unsigned int\000"
 1241      20756E73 
 1241      69676E65 
 1241      6420696E 
 1241      7400
 1242              	.LASF25:
 1243 0153 55706461 		.ascii	"Update_VolumeAudioOut\000"
 1243      74655F56 
 1243      6F6C756D 
 1243      65417564 
 1243      696F4F75 
 1244              	.LASF22:
 1245 0169 64656275 		.ascii	"debug_mask\000"
 1245      675F6D61 
 1245      736B00
 1246              	.LASF37:
 1247 0174 55534255 		.ascii	"USBUART_IsConfigurationChanged\000"
 1247      4152545F 
 1247      4973436F 
ARM GAS  C:\Users\TERENC~1\AppData\Local\Temp\ccTAgT9c.s 			page 30


 1247      6E666967 
 1247      75726174 
 1248              	.LASF31:
 1249 0193 61756469 		.ascii	"audioControlStatus\000"
 1249      6F436F6E 
 1249      74726F6C 
 1249      53746174 
 1249      757300
 1250              	.LASF27:
 1251 01a6 63616C5F 		.ascii	"cal_data\000"
 1251      64617461 
 1251      00
 1252              	.LASF10:
 1253 01af 75696E74 		.ascii	"uint32\000"
 1253      333200
 1254              	.LASF35:
 1255 01b6 55534255 		.ascii	"USBUART_Start\000"
 1255      4152545F 
 1255      53746172 
 1255      7400
 1256              	.LASF8:
 1257 01c4 756E7369 		.ascii	"unsigned int\000"
 1257      676E6564 
 1257      20696E74 
 1257      00
 1258              	.LASF39:
 1259 01d1 55534255 		.ascii	"USBUART_CDC_Init\000"
 1259      4152545F 
 1259      4344435F 
 1259      496E6974 
 1259      00
 1260              	.LASF7:
 1261 01e2 6C6F6E67 		.ascii	"long long unsigned int\000"
 1261      206C6F6E 
 1261      6720756E 
 1261      7369676E 
 1261      65642069 
 1262              	.LASF20:
 1263 01f9 6164635F 		.ascii	"adc_max\000"
 1263      6D617800 
 1264              	.LASF40:
 1265 0201 55534255 		.ascii	"USBUART_DataIsReady\000"
 1265      4152545F 
 1265      44617461 
 1265      49735265 
 1265      61647900 
 1266              	.LASF46:
 1267 0215 73707269 		.ascii	"sprintf\000"
 1267      6E746600 
 1268              	.LASF41:
 1269 021d 546B5368 		.ascii	"TkShellService\000"
 1269      656C6C53 
 1269      65727669 
 1269      636500
 1270              	.LASF47:
 1271 022c 474E5520 		.ascii	"GNU C11 5.4.1 20160609 (release) [ARM/embedded-5-br"
 1271      43313120 
ARM GAS  C:\Users\TERENC~1\AppData\Local\Temp\ccTAgT9c.s 			page 31


 1271      352E342E 
 1271      31203230 
 1271      31363036 
 1272 025f 616E6368 		.ascii	"anch revision 237715] -mcpu=cortex-m0 -mthumb -g -O"
 1272      20726576 
 1272      6973696F 
 1272      6E203233 
 1272      37373135 
 1273 0292 67202D66 		.ascii	"g -ffunction-sections -ffat-lto-objects\000"
 1273      66756E63 
 1273      74696F6E 
 1273      2D736563 
 1273      74696F6E 
 1274              	.LASF16:
 1275 02ba 73697A65 		.ascii	"sizetype\000"
 1275      74797065 
 1275      00
 1276              	.LASF6:
 1277 02c3 6C6F6E67 		.ascii	"long long int\000"
 1277      206C6F6E 
 1277      6720696E 
 1277      7400
 1278              	.LASF14:
 1279 02d1 63686172 		.ascii	"char\000"
 1279      00
 1280              	.LASF19:
 1281 02d6 6164635F 		.ascii	"adc_min\000"
 1281      6D696E00 
 1282              	.LASF32:
 1283 02de 7265706F 		.ascii	"reportClearFlag\000"
 1283      7274436C 
 1283      65617246 
 1283      6C616700 
 1284              	.LASF29:
 1285 02ee 706C6179 		.ascii	"playlistControlReport\000"
 1285      6C697374 
 1285      436F6E74 
 1285      726F6C52 
 1285      65706F72 
 1286              	.LASF51:
 1287 0304 6D656D63 		.ascii	"memcpy\000"
 1287      707900
 1288              	.LASF2:
 1289 030b 73686F72 		.ascii	"short int\000"
 1289      7420696E 
 1289      7400
 1290              	.LASF28:
 1291 0315 67627566 		.ascii	"gbuf\000"
 1291      00
 1292              	.LASF23:
 1293 031a 63616C69 		.ascii	"calibration_data_s\000"
 1293      62726174 
 1293      696F6E5F 
 1293      64617461 
 1293      5F7300
 1294              	.LASF4:
 1295 032d 6C6F6E67 		.ascii	"long int\000"
ARM GAS  C:\Users\TERENC~1\AppData\Local\Temp\ccTAgT9c.s 			page 32


 1295      20696E74 
 1295      00
 1296              	.LASF15:
 1297 0336 6C6F6E67 		.ascii	"long double\000"
 1297      20646F75 
 1297      626C6500 
 1298              	.LASF0:
 1299 0342 7369676E 		.ascii	"signed char\000"
 1299      65642063 
 1299      68617200 
 1300              	.LASF26:
 1301 034e 70726576 		.ascii	"prevMute\000"
 1301      4D757465 
 1301      00
 1302              		.ident	"GCC: (GNU Tools for ARM Embedded Processors) 5.4.1 20160609 (release) [ARM/embedded-5-bran
