ARM GAS  C:\Users\TERENC~1\AppData\Local\Temp\ccJhPDRw.s 			page 1


   1              		.syntax unified
   2              		.cpu cortex-m0
   3              		.fpu softvfp
   4              		.eabi_attribute 20, 1
   5              		.eabi_attribute 21, 1
   6              		.eabi_attribute 23, 3
   7              		.eabi_attribute 24, 1
   8              		.eabi_attribute 25, 1
   9              		.eabi_attribute 26, 1
  10              		.eabi_attribute 30, 1
  11              		.eabi_attribute 34, 0
  12              		.eabi_attribute 18, 4
  13              		.thumb
  14              		.syntax unified
  15              		.file	"Button.c"
  16              		.text
  17              	.Ltext0:
  18              		.cfi_sections	.debug_frame
  19              		.section	.text.buttonDebounceGetState,"ax",%progbits
  20              		.align	2
  21              		.code	16
  22              		.thumb_func
  23              		.type	buttonDebounceGetState, %function
  24              	buttonDebounceGetState:
  25              	.LFB2:
  26              		.file 1 "Button.c"
   1:Button.c      **** #include <Button.h>
   2:Button.c      **** #include <timers.h>
   3:Button.c      **** #include <BTN.h>
   4:Button.c      **** #include <isr_Button.h>
   5:Button.c      **** #include <ButtonManager.h>
   6:Button.c      **** 
   7:Button.c      **** #define NUM_OF_DEBOUNCE_CHECKS      (5)
   8:Button.c      **** #define BUTTON_DEBOUNCE_INTERVAL_MS (10)
   9:Button.c      **** 
  10:Button.c      **** typedef enum
  11:Button.c      **** {
  12:Button.c      ****     BUTTON_DEBOUNCE_STATE_IDLE,
  13:Button.c      ****     BUTTON_DEBOUNCE_STATE_DEBOUNCING,
  14:Button.c      ****     BUTTON_DEBOUNCE_STATE_DONE
  15:Button.c      **** } BUTTON_DEBOUNCE_STATE_e;
  16:Button.c      **** 
  17:Button.c      **** typedef enum
  18:Button.c      **** {
  19:Button.c      ****     BUTTON_DEBOUNCE_EVT_PRESSED,
  20:Button.c      ****     BUTTON_DEBOUNCE_EVT_RELEASED,
  21:Button.c      **** } BUTTON_DEBOUNCE_EVT_e;
  22:Button.c      **** 
  23:Button.c      **** static bool buttonPressed;
  24:Button.c      **** static bool buttonOfficiallyPressed;
  25:Button.c      **** static uint8_t buttonVotesOfConfidence;
  26:Button.c      **** static BUTTON_DEBOUNCE_STATE_e buttonDebounceState;
  27:Button.c      **** 
  28:Button.c      **** static uint16_t button_debounce_timer_callback(void);
  29:Button.c      **** static void buttonDebounceEventHandler(BUTTON_DEBOUNCE_EVT_e e);
  30:Button.c      **** static BUTTON_DEBOUNCE_STATE_e buttonDebounceGetState(void);
  31:Button.c      **** 
ARM GAS  C:\Users\TERENC~1\AppData\Local\Temp\ccJhPDRw.s 			page 2


  32:Button.c      **** static tmrFuncType buttonDebounceTimer = 
  33:Button.c      **** {
  34:Button.c      ****     .mS = BUTTON_DEBOUNCE_INTERVAL_MS,
  35:Button.c      ****     .func = button_debounce_timer_callback
  36:Button.c      **** };
  37:Button.c      **** 
  38:Button.c      **** static uint16_t button_debounce_timer_callback(void)
  39:Button.c      **** {
  40:Button.c      ****     bool pressed = BTN_Read();
  41:Button.c      ****     buttonDebounceEventHandler((pressed) ? BUTTON_DEBOUNCE_EVT_PRESSED : BUTTON_DEBOUNCE_EVT_RELEAS
  42:Button.c      ****     buttonPressed = pressed;
  43:Button.c      ****     
  44:Button.c      ****     if (buttonDebounceGetState() == BUTTON_DEBOUNCE_STATE_DEBOUNCING)
  45:Button.c      ****     {
  46:Button.c      ****         return BUTTON_DEBOUNCE_INTERVAL_MS;
  47:Button.c      ****     }
  48:Button.c      ****     
  49:Button.c      ****     return 0;
  50:Button.c      **** }
  51:Button.c      **** 
  52:Button.c      **** static BUTTON_DEBOUNCE_STATE_e buttonDebounceGetState(void)
  53:Button.c      **** {
  27              		.loc 1 53 0
  28              		.cfi_startproc
  29              		@ args = 0, pretend = 0, frame = 0
  30              		@ frame_needed = 0, uses_anonymous_args = 0
  31              		@ link register save eliminated.
  54:Button.c      ****     return buttonDebounceState;
  32              		.loc 1 54 0
  33 0000 014B     		ldr	r3, .L2
  34 0002 1878     		ldrb	r0, [r3]
  55:Button.c      **** }
  35              		.loc 1 55 0
  36              		@ sp needed
  37 0004 7047     		bx	lr
  38              	.L3:
  39 0006 C046     		.align	2
  40              	.L2:
  41 0008 00000000 		.word	.LANCHOR0
  42              		.cfi_endproc
  43              	.LFE2:
  44              		.size	buttonDebounceGetState, .-buttonDebounceGetState
  45              		.section	.text.buttonDebounceSetState,"ax",%progbits
  46              		.align	2
  47              		.code	16
  48              		.thumb_func
  49              		.type	buttonDebounceSetState, %function
  50              	buttonDebounceSetState:
  51              	.LFB3:
  56:Button.c      **** 
  57:Button.c      **** static void buttonDebounceSetState(BUTTON_DEBOUNCE_STATE_e state)
  58:Button.c      **** {
  52              		.loc 1 58 0
  53              		.cfi_startproc
  54              		@ args = 0, pretend = 0, frame = 0
  55              		@ frame_needed = 0, uses_anonymous_args = 0
  56              		@ link register save eliminated.
ARM GAS  C:\Users\TERENC~1\AppData\Local\Temp\ccJhPDRw.s 			page 3


  57              	.LVL0:
  59:Button.c      ****     switch (state)
  58              		.loc 1 59 0
  59 0000 0128     		cmp	r0, #1
  60 0002 09D0     		beq	.L6
  61 0004 0028     		cmp	r0, #0
  62 0006 02D0     		beq	.L7
  63 0008 0228     		cmp	r0, #2
  64 000a 09D0     		beq	.L8
  65 000c 1FE0     		b	.L4
  66              	.L7:
  60:Button.c      ****     {
  61:Button.c      ****         case BUTTON_DEBOUNCE_STATE_IDLE:
  62:Button.c      ****             buttonVotesOfConfidence = 0;
  67              		.loc 1 62 0
  68 000e 104B     		ldr	r3, .L12
  69 0010 0022     		movs	r2, #0
  70 0012 5A70     		strb	r2, [r3, #1]
  63:Button.c      ****             buttonDebounceState = BUTTON_DEBOUNCE_STATE_IDLE;
  71              		.loc 1 63 0
  72 0014 1A70     		strb	r2, [r3]
  64:Button.c      ****             break;
  73              		.loc 1 64 0
  74 0016 1AE0     		b	.L4
  75              	.L6:
  65:Button.c      ****         case BUTTON_DEBOUNCE_STATE_DEBOUNCING:
  66:Button.c      ****             buttonDebounceState = BUTTON_DEBOUNCE_STATE_DEBOUNCING;
  76              		.loc 1 66 0
  77 0018 0122     		movs	r2, #1
  78 001a 0D4B     		ldr	r3, .L12
  79 001c 1A70     		strb	r2, [r3]
  67:Button.c      ****             break;
  80              		.loc 1 67 0
  81 001e 16E0     		b	.L4
  82              	.L8:
  68:Button.c      ****         case BUTTON_DEBOUNCE_STATE_DONE:
  69:Button.c      ****             if (buttonPressed != buttonOfficiallyPressed)
  83              		.loc 1 69 0
  84 0020 0B4A     		ldr	r2, .L12
  85 0022 9378     		ldrb	r3, [r2, #2]
  86 0024 D278     		ldrb	r2, [r2, #3]
  87 0026 9342     		cmp	r3, r2
  88 0028 0ED0     		beq	.L9
  70:Button.c      ****             {
  71:Button.c      ****                 if (buttonPressed)
  89              		.loc 1 71 0
  90 002a 002B     		cmp	r3, #0
  91 002c 05D0     		beq	.L10
  72:Button.c      ****                 {
  73:Button.c      ****                     buttonSetEvents(BUTTON_EVENTS_LL_PRESS);
  92              		.loc 1 73 0
  93 002e 0949     		ldr	r1, .L12+4
  94 0030 0868     		ldr	r0, [r1]
  95              	.LVL1:
  96 0032 0122     		movs	r2, #1
  97 0034 0243     		orrs	r2, r0
  98 0036 0A60     		str	r2, [r1]
ARM GAS  C:\Users\TERENC~1\AppData\Local\Temp\ccJhPDRw.s 			page 4


  99 0038 04E0     		b	.L11
 100              	.LVL2:
 101              	.L10:
  74:Button.c      ****                 }
  75:Button.c      ****                 else
  76:Button.c      ****                 {
  77:Button.c      ****                     buttonSetEvents(BUTTON_EVENTS_LL_RELEASE);
 102              		.loc 1 77 0
 103 003a 0649     		ldr	r1, .L12+4
 104 003c 0868     		ldr	r0, [r1]
 105              	.LVL3:
 106 003e 0222     		movs	r2, #2
 107 0040 0243     		orrs	r2, r0
 108 0042 0A60     		str	r2, [r1]
 109              	.L11:
  78:Button.c      ****                 }
  79:Button.c      ****                 buttonOfficiallyPressed = buttonPressed;
 110              		.loc 1 79 0
 111 0044 024A     		ldr	r2, .L12
 112 0046 D370     		strb	r3, [r2, #3]
 113              	.L9:
  80:Button.c      ****             }
  81:Button.c      ****             buttonDebounceState = BUTTON_DEBOUNCE_STATE_IDLE;
 114              		.loc 1 81 0
 115 0048 0022     		movs	r2, #0
 116 004a 014B     		ldr	r3, .L12
 117 004c 1A70     		strb	r2, [r3]
 118              	.L4:
  82:Button.c      ****             break;
  83:Button.c      ****         default:
  84:Button.c      ****             break;
  85:Button.c      ****     }
  86:Button.c      **** }
 119              		.loc 1 86 0
 120              		@ sp needed
 121 004e 7047     		bx	lr
 122              	.L13:
 123              		.align	2
 124              	.L12:
 125 0050 00000000 		.word	.LANCHOR0
 126 0054 00000000 		.word	buttonEvents
 127              		.cfi_endproc
 128              	.LFE3:
 129              		.size	buttonDebounceSetState, .-buttonDebounceSetState
 130              		.section	.text.buttonDebounceEventHandler,"ax",%progbits
 131              		.align	2
 132              		.code	16
 133              		.thumb_func
 134              		.type	buttonDebounceEventHandler, %function
 135              	buttonDebounceEventHandler:
 136              	.LFB4:
  87:Button.c      **** 
  88:Button.c      **** static void buttonDebounceEventHandler(BUTTON_DEBOUNCE_EVT_e e)
  89:Button.c      **** {
 137              		.loc 1 89 0
 138              		.cfi_startproc
 139              		@ args = 0, pretend = 0, frame = 0
ARM GAS  C:\Users\TERENC~1\AppData\Local\Temp\ccJhPDRw.s 			page 5


 140              		@ frame_needed = 0, uses_anonymous_args = 0
 141              	.LVL4:
 142 0000 10B5     		push	{r4, lr}
 143              		.cfi_def_cfa_offset 8
 144              		.cfi_offset 4, -8
 145              		.cfi_offset 14, -4
  90:Button.c      ****     switch (e)
 146              		.loc 1 90 0
 147 0002 0128     		cmp	r0, #1
 148 0004 1ED8     		bhi	.L14
  91:Button.c      ****     {
  92:Button.c      ****         case BUTTON_DEBOUNCE_EVT_PRESSED:
  93:Button.c      ****         case BUTTON_DEBOUNCE_EVT_RELEASED:
  94:Button.c      ****             if (((buttonPressed == true) && (e == BUTTON_DEBOUNCE_EVT_PRESSED)) ||
 149              		.loc 1 94 0
 150 0006 104B     		ldr	r3, .L21
 151 0008 9B78     		ldrb	r3, [r3, #2]
 152 000a 002B     		cmp	r3, #0
 153 000c 01D0     		beq	.L17
 154              		.loc 1 94 0 is_stmt 0 discriminator 1
 155 000e 0028     		cmp	r0, #0
 156 0010 03D0     		beq	.L18
 157              	.L17:
 158              		.loc 1 94 0 discriminator 3
 159 0012 002B     		cmp	r3, #0
 160 0014 10D1     		bne	.L19
  95:Button.c      ****                 ((buttonPressed == false) && (e == BUTTON_DEBOUNCE_EVT_RELEASED)))
 161              		.loc 1 95 0 is_stmt 1
 162 0016 0128     		cmp	r0, #1
 163 0018 0ED1     		bne	.L19
 164              	.L18:
  96:Button.c      ****             {
  97:Button.c      ****                 // Affirming more of the same
  98:Button.c      ****                 buttonVotesOfConfidence++;
 165              		.loc 1 98 0
 166 001a 0B4A     		ldr	r2, .L21
 167 001c 5378     		ldrb	r3, [r2, #1]
 168 001e 0133     		adds	r3, r3, #1
 169 0020 DBB2     		uxtb	r3, r3
 170 0022 5370     		strb	r3, [r2, #1]
  99:Button.c      ****                 if (buttonVotesOfConfidence >= NUM_OF_DEBOUNCE_CHECKS)
 171              		.loc 1 99 0
 172 0024 042B     		cmp	r3, #4
 173 0026 03D9     		bls	.L20
 100:Button.c      ****                 {
 101:Button.c      ****                     buttonDebounceSetState(BUTTON_DEBOUNCE_STATE_DONE);
 174              		.loc 1 101 0
 175 0028 0220     		movs	r0, #2
 176              	.LVL5:
 177 002a FFF7FEFF 		bl	buttonDebounceSetState
 178              	.LVL6:
 179 002e 09E0     		b	.L14
 180              	.LVL7:
 181              	.L20:
 102:Button.c      ****                 }
 103:Button.c      ****                 else
 104:Button.c      ****                 {
ARM GAS  C:\Users\TERENC~1\AppData\Local\Temp\ccJhPDRw.s 			page 6


 105:Button.c      ****                     buttonDebounceSetState(BUTTON_DEBOUNCE_STATE_DEBOUNCING);
 182              		.loc 1 105 0
 183 0030 0120     		movs	r0, #1
 184              	.LVL8:
 185 0032 FFF7FEFF 		bl	buttonDebounceSetState
 186              	.LVL9:
 187 0036 05E0     		b	.L14
 188              	.LVL10:
 189              	.L19:
 106:Button.c      ****                 }
 107:Button.c      ****             }
 108:Button.c      ****             else
 109:Button.c      ****             {
 110:Button.c      ****                 // Found a debounce, reset detection logic
 111:Button.c      ****                 buttonDebounceSetState(BUTTON_DEBOUNCE_STATE_DEBOUNCING);
 190              		.loc 1 111 0
 191 0038 0120     		movs	r0, #1
 192              	.LVL11:
 193 003a FFF7FEFF 		bl	buttonDebounceSetState
 194              	.LVL12:
 112:Button.c      ****                 buttonVotesOfConfidence = 0;
 195              		.loc 1 112 0
 196 003e 0022     		movs	r2, #0
 197 0040 014B     		ldr	r3, .L21
 198 0042 5A70     		strb	r2, [r3, #1]
 199              	.L14:
 113:Button.c      ****             }
 114:Button.c      ****             break;
 115:Button.c      ****         default:
 116:Button.c      ****             break;
 117:Button.c      ****     }
 118:Button.c      ****     
 119:Button.c      ****     
 120:Button.c      **** }
 200              		.loc 1 120 0
 201              		@ sp needed
 202 0044 10BD     		pop	{r4, pc}
 203              	.L22:
 204 0046 C046     		.align	2
 205              	.L21:
 206 0048 00000000 		.word	.LANCHOR0
 207              		.cfi_endproc
 208              	.LFE4:
 209              		.size	buttonDebounceEventHandler, .-buttonDebounceEventHandler
 210              		.section	.text.button_debounce_timer_callback,"ax",%progbits
 211              		.align	2
 212              		.code	16
 213              		.thumb_func
 214              		.type	button_debounce_timer_callback, %function
 215              	button_debounce_timer_callback:
 216              	.LFB1:
  39:Button.c      ****     bool pressed = BTN_Read();
 217              		.loc 1 39 0
 218              		.cfi_startproc
 219              		@ args = 0, pretend = 0, frame = 0
 220              		@ frame_needed = 0, uses_anonymous_args = 0
 221 0000 10B5     		push	{r4, lr}
ARM GAS  C:\Users\TERENC~1\AppData\Local\Temp\ccJhPDRw.s 			page 7


 222              		.cfi_def_cfa_offset 8
 223              		.cfi_offset 4, -8
 224              		.cfi_offset 14, -4
  40:Button.c      ****     buttonDebounceEventHandler((pressed) ? BUTTON_DEBOUNCE_EVT_PRESSED : BUTTON_DEBOUNCE_EVT_RELEAS
 225              		.loc 1 40 0
 226 0002 FFF7FEFF 		bl	BTN_Read
 227              	.LVL13:
 228 0006 0400     		movs	r4, r0
 229 0008 631E     		subs	r3, r4, #1
 230 000a 9C41     		sbcs	r4, r4, r3
 231 000c E4B2     		uxtb	r4, r4
 232              	.LVL14:
  41:Button.c      ****     buttonPressed = pressed;
 233              		.loc 1 41 0
 234 000e 0028     		cmp	r0, #0
 235 0010 01D0     		beq	.L26
 236 0012 0020     		movs	r0, #0
 237 0014 00E0     		b	.L24
 238              	.L26:
 239 0016 0120     		movs	r0, #1
 240              	.L24:
  41:Button.c      ****     buttonPressed = pressed;
 241              		.loc 1 41 0 is_stmt 0 discriminator 4
 242 0018 FFF7FEFF 		bl	buttonDebounceEventHandler
 243              	.LVL15:
  42:Button.c      ****     
 244              		.loc 1 42 0 is_stmt 1 discriminator 4
 245 001c 044B     		ldr	r3, .L28
 246 001e 9C70     		strb	r4, [r3, #2]
  44:Button.c      ****     {
 247              		.loc 1 44 0 discriminator 4
 248 0020 FFF7FEFF 		bl	buttonDebounceGetState
 249              	.LVL16:
 250 0024 0128     		cmp	r0, #1
 251 0026 01D1     		bne	.L27
  46:Button.c      ****     }
 252              		.loc 1 46 0
 253 0028 0930     		adds	r0, r0, #9
 254 002a 00E0     		b	.L25
 255              	.L27:
  49:Button.c      **** }
 256              		.loc 1 49 0
 257 002c 0020     		movs	r0, #0
 258              	.L25:
  50:Button.c      **** 
 259              		.loc 1 50 0
 260              		@ sp needed
 261              	.LVL17:
 262 002e 10BD     		pop	{r4, pc}
 263              	.L29:
 264              		.align	2
 265              	.L28:
 266 0030 00000000 		.word	.LANCHOR0
 267              		.cfi_endproc
 268              	.LFE1:
 269              		.size	button_debounce_timer_callback, .-button_debounce_timer_callback
 270              		.section	.text.buttonEdgeDetected,"ax",%progbits
ARM GAS  C:\Users\TERENC~1\AppData\Local\Temp\ccJhPDRw.s 			page 8


 271              		.align	2
 272              		.global	buttonEdgeDetected
 273              		.code	16
 274              		.thumb_func
 275              		.type	buttonEdgeDetected, %function
 276              	buttonEdgeDetected:
 277              	.LFB6:
 121:Button.c      **** 
 122:Button.c      **** void buttonInit(void)
 123:Button.c      **** {
 124:Button.c      ****     buttonDebounceState = BUTTON_DEBOUNCE_STATE_IDLE;
 125:Button.c      ****     buttonPressed = false;
 126:Button.c      ****     buttonOfficiallyPressed = false;
 127:Button.c      ****     buttonVotesOfConfidence = 0;
 128:Button.c      ****     
 129:Button.c      ****     isr_Button_Start();
 130:Button.c      ****     
 131:Button.c      ****     // Run first time check in case User is still pressing button from boot-up
 132:Button.c      ****     buttonEdgeDetected();
 133:Button.c      **** }
 134:Button.c      **** 
 135:Button.c      **** void buttonEdgeDetected(void)
 136:Button.c      **** {
 278              		.loc 1 136 0
 279              		.cfi_startproc
 280              		@ args = 0, pretend = 0, frame = 0
 281              		@ frame_needed = 0, uses_anonymous_args = 0
 282 0000 10B5     		push	{r4, lr}
 283              		.cfi_def_cfa_offset 8
 284              		.cfi_offset 4, -8
 285              		.cfi_offset 14, -4
 137:Button.c      ****     bool pressed = BTN_Read();
 286              		.loc 1 137 0
 287 0002 FFF7FEFF 		bl	BTN_Read
 288              	.LVL18:
 289 0006 0400     		movs	r4, r0
 290 0008 631E     		subs	r3, r4, #1
 291 000a 9C41     		sbcs	r4, r4, r3
 292 000c E4B2     		uxtb	r4, r4
 293              	.LVL19:
 138:Button.c      ****     buttonDebounceEventHandler((pressed) ? BUTTON_DEBOUNCE_EVT_PRESSED : BUTTON_DEBOUNCE_EVT_RELEAS
 294              		.loc 1 138 0
 295 000e 0028     		cmp	r0, #0
 296 0010 01D0     		beq	.L33
 297 0012 0020     		movs	r0, #0
 298 0014 00E0     		b	.L31
 299              	.L33:
 300 0016 0120     		movs	r0, #1
 301              	.L31:
 302              		.loc 1 138 0 is_stmt 0 discriminator 4
 303 0018 FFF7FEFF 		bl	buttonDebounceEventHandler
 304              	.LVL20:
 139:Button.c      **** 
 140:Button.c      ****     buttonPressed = pressed;
 305              		.loc 1 140 0 is_stmt 1 discriminator 4
 306 001c 074B     		ldr	r3, .L34
 307 001e 9C70     		strb	r4, [r3, #2]
ARM GAS  C:\Users\TERENC~1\AppData\Local\Temp\ccJhPDRw.s 			page 9


 141:Button.c      **** 
 142:Button.c      ****     if (buttonDebounceGetState() == BUTTON_DEBOUNCE_STATE_DEBOUNCING)
 308              		.loc 1 142 0 discriminator 4
 309 0020 FFF7FEFF 		bl	buttonDebounceGetState
 310              	.LVL21:
 311 0024 0128     		cmp	r0, #1
 312 0026 08D1     		bne	.L30
 143:Button.c      ****     {
 144:Button.c      ****         // Clear any running timer first
 145:Button.c      ****         tmrFuncDelete(&buttonDebounceTimer);
 313              		.loc 1 145 0
 314 0028 054C     		ldr	r4, .L34+4
 315              	.LVL22:
 316 002a 2000     		movs	r0, r4
 317 002c FFF7FEFF 		bl	tmrFuncDelete
 318              	.LVL23:
 146:Button.c      **** 
 147:Button.c      ****         // Start debounce timer
 148:Button.c      ****         buttonDebounceTimer.mS = BUTTON_DEBOUNCE_INTERVAL_MS;
 319              		.loc 1 148 0
 320 0030 0A23     		movs	r3, #10
 321 0032 6360     		str	r3, [r4, #4]
 149:Button.c      ****         tmrFuncAdd(&buttonDebounceTimer);
 322              		.loc 1 149 0
 323 0034 2000     		movs	r0, r4
 324 0036 FFF7FEFF 		bl	tmrFuncAdd
 325              	.LVL24:
 326              	.L30:
 150:Button.c      ****     }
 151:Button.c      **** }
 327              		.loc 1 151 0
 328              		@ sp needed
 329 003a 10BD     		pop	{r4, pc}
 330              	.L35:
 331              		.align	2
 332              	.L34:
 333 003c 00000000 		.word	.LANCHOR0
 334 0040 00000000 		.word	.LANCHOR1
 335              		.cfi_endproc
 336              	.LFE6:
 337              		.size	buttonEdgeDetected, .-buttonEdgeDetected
 338              		.section	.text.buttonInit,"ax",%progbits
 339              		.align	2
 340              		.global	buttonInit
 341              		.code	16
 342              		.thumb_func
 343              		.type	buttonInit, %function
 344              	buttonInit:
 345              	.LFB5:
 123:Button.c      ****     buttonDebounceState = BUTTON_DEBOUNCE_STATE_IDLE;
 346              		.loc 1 123 0
 347              		.cfi_startproc
 348              		@ args = 0, pretend = 0, frame = 0
 349              		@ frame_needed = 0, uses_anonymous_args = 0
 350 0000 10B5     		push	{r4, lr}
 351              		.cfi_def_cfa_offset 8
 352              		.cfi_offset 4, -8
ARM GAS  C:\Users\TERENC~1\AppData\Local\Temp\ccJhPDRw.s 			page 10


 353              		.cfi_offset 14, -4
 124:Button.c      ****     buttonPressed = false;
 354              		.loc 1 124 0
 355 0002 054B     		ldr	r3, .L37
 356 0004 0022     		movs	r2, #0
 357 0006 1A70     		strb	r2, [r3]
 125:Button.c      ****     buttonOfficiallyPressed = false;
 358              		.loc 1 125 0
 359 0008 9A70     		strb	r2, [r3, #2]
 126:Button.c      ****     buttonVotesOfConfidence = 0;
 360              		.loc 1 126 0
 361 000a DA70     		strb	r2, [r3, #3]
 127:Button.c      ****     
 362              		.loc 1 127 0
 363 000c 5A70     		strb	r2, [r3, #1]
 129:Button.c      ****     
 364              		.loc 1 129 0
 365 000e FFF7FEFF 		bl	isr_Button_Start
 366              	.LVL25:
 132:Button.c      **** }
 367              		.loc 1 132 0
 368 0012 FFF7FEFF 		bl	buttonEdgeDetected
 369              	.LVL26:
 133:Button.c      **** 
 370              		.loc 1 133 0
 371              		@ sp needed
 372 0016 10BD     		pop	{r4, pc}
 373              	.L38:
 374              		.align	2
 375              	.L37:
 376 0018 00000000 		.word	.LANCHOR0
 377              		.cfi_endproc
 378              	.LFE5:
 379              		.size	buttonInit, .-buttonInit
 380              		.data
 381              		.align	2
 382              		.set	.LANCHOR1,. + 0
 383              		.type	buttonDebounceTimer, %object
 384              		.size	buttonDebounceTimer, 12
 385              	buttonDebounceTimer:
 386 0000 00000000 		.space	4
 387 0004 0A000000 		.word	10
 388 0008 00000000 		.word	button_debounce_timer_callback
 389              		.bss
 390              		.set	.LANCHOR0,. + 0
 391              		.type	buttonDebounceState, %object
 392              		.size	buttonDebounceState, 1
 393              	buttonDebounceState:
 394 0000 00       		.space	1
 395              		.type	buttonVotesOfConfidence, %object
 396              		.size	buttonVotesOfConfidence, 1
 397              	buttonVotesOfConfidence:
 398 0001 00       		.space	1
 399              		.type	buttonPressed, %object
 400              		.size	buttonPressed, 1
 401              	buttonPressed:
 402 0002 00       		.space	1
ARM GAS  C:\Users\TERENC~1\AppData\Local\Temp\ccJhPDRw.s 			page 11


 403              		.type	buttonOfficiallyPressed, %object
 404              		.size	buttonOfficiallyPressed, 1
 405              	buttonOfficiallyPressed:
 406 0003 00       		.space	1
 407              		.text
 408              	.Letext0:
 409              		.file 2 "c:\\program files (x86)\\cypress\\psoc creator\\4.2\\psoc creator\\import\\gnu\\arm\\5.4.
 410              		.file 3 "c:\\program files (x86)\\cypress\\psoc creator\\4.2\\psoc creator\\import\\gnu\\arm\\5.4.
 411              		.file 4 "./timers.h"
 412              		.file 5 "Generated_Source\\PSoC4/BTN.h"
 413              		.file 6 "Generated_Source\\PSoC4/isr_Button.h"
 414              		.file 7 "./ButtonManager.h"
 415              		.section	.debug_info,"",%progbits
 416              	.Ldebug_info0:
 417 0000 61030000 		.4byte	0x361
 418 0004 0400     		.2byte	0x4
 419 0006 00000000 		.4byte	.Ldebug_abbrev0
 420 000a 04       		.byte	0x4
 421 000b 01       		.uleb128 0x1
 422 000c 66020000 		.4byte	.LASF46
 423 0010 0C       		.byte	0xc
 424 0011 20000000 		.4byte	.LASF47
 425 0015 82010000 		.4byte	.LASF48
 426 0019 00000000 		.4byte	.Ldebug_ranges0+0
 427 001d 00000000 		.4byte	0
 428 0021 00000000 		.4byte	.Ldebug_line0
 429 0025 02       		.uleb128 0x2
 430 0026 01       		.byte	0x1
 431 0027 06       		.byte	0x6
 432 0028 91030000 		.4byte	.LASF0
 433 002c 03       		.uleb128 0x3
 434 002d 29000000 		.4byte	.LASF3
 435 0031 02       		.byte	0x2
 436 0032 1D       		.byte	0x1d
 437 0033 37000000 		.4byte	0x37
 438 0037 02       		.uleb128 0x2
 439 0038 01       		.byte	0x1
 440 0039 08       		.byte	0x8
 441 003a 1D010000 		.4byte	.LASF1
 442 003e 02       		.uleb128 0x2
 443 003f 02       		.byte	0x2
 444 0040 05       		.byte	0x5
 445 0041 47030000 		.4byte	.LASF2
 446 0045 03       		.uleb128 0x3
 447 0046 B5010000 		.4byte	.LASF4
 448 004a 02       		.byte	0x2
 449 004b 2B       		.byte	0x2b
 450 004c 50000000 		.4byte	0x50
 451 0050 02       		.uleb128 0x2
 452 0051 02       		.byte	0x2
 453 0052 07       		.byte	0x7
 454 0053 6F010000 		.4byte	.LASF5
 455 0057 02       		.uleb128 0x2
 456 0058 04       		.byte	0x4
 457 0059 05       		.byte	0x5
 458 005a 77030000 		.4byte	.LASF6
 459 005e 03       		.uleb128 0x3
ARM GAS  C:\Users\TERENC~1\AppData\Local\Temp\ccJhPDRw.s 			page 12


 460 005f F0010000 		.4byte	.LASF7
 461 0063 02       		.byte	0x2
 462 0064 41       		.byte	0x41
 463 0065 69000000 		.4byte	0x69
 464 0069 02       		.uleb128 0x2
 465 006a 04       		.byte	0x4
 466 006b 07       		.byte	0x7
 467 006c 5D010000 		.4byte	.LASF8
 468 0070 02       		.uleb128 0x2
 469 0071 08       		.byte	0x8
 470 0072 05       		.byte	0x5
 471 0073 06030000 		.4byte	.LASF9
 472 0077 02       		.uleb128 0x2
 473 0078 08       		.byte	0x8
 474 0079 07       		.byte	0x7
 475 007a 31020000 		.4byte	.LASF10
 476 007e 04       		.uleb128 0x4
 477 007f 04       		.byte	0x4
 478 0080 05       		.byte	0x5
 479 0081 696E7400 		.ascii	"int\000"
 480 0085 02       		.uleb128 0x2
 481 0086 04       		.byte	0x4
 482 0087 07       		.byte	0x7
 483 0088 A7000000 		.4byte	.LASF11
 484 008c 02       		.uleb128 0x2
 485 008d 08       		.byte	0x8
 486 008e 04       		.byte	0x4
 487 008f 85030000 		.4byte	.LASF12
 488 0093 02       		.uleb128 0x2
 489 0094 04       		.byte	0x4
 490 0095 07       		.byte	0x7
 491 0096 F4020000 		.4byte	.LASF13
 492 009a 02       		.uleb128 0x2
 493 009b 01       		.byte	0x1
 494 009c 08       		.byte	0x8
 495 009d 80030000 		.4byte	.LASF14
 496 00a1 03       		.uleb128 0x3
 497 00a2 48020000 		.4byte	.LASF15
 498 00a6 03       		.byte	0x3
 499 00a7 18       		.byte	0x18
 500 00a8 2C000000 		.4byte	0x2c
 501 00ac 03       		.uleb128 0x3
 502 00ad 65030000 		.4byte	.LASF16
 503 00b1 03       		.byte	0x3
 504 00b2 24       		.byte	0x24
 505 00b3 45000000 		.4byte	0x45
 506 00b7 03       		.uleb128 0x3
 507 00b8 6E030000 		.4byte	.LASF17
 508 00bc 03       		.byte	0x3
 509 00bd 30       		.byte	0x30
 510 00be 5E000000 		.4byte	0x5e
 511 00c2 05       		.uleb128 0x5
 512 00c3 62000000 		.4byte	.LASF49
 513 00c7 0C       		.byte	0xc
 514 00c8 04       		.byte	0x4
 515 00c9 15       		.byte	0x15
 516 00ca F2000000 		.4byte	0xf2
ARM GAS  C:\Users\TERENC~1\AppData\Local\Temp\ccJhPDRw.s 			page 13


 517 00ce 06       		.uleb128 0x6
 518 00cf 44000000 		.4byte	.LASF18
 519 00d3 04       		.byte	0x4
 520 00d4 17       		.byte	0x17
 521 00d5 F2000000 		.4byte	0xf2
 522 00d9 00       		.byte	0
 523 00da 07       		.uleb128 0x7
 524 00db 6D5300   		.ascii	"mS\000"
 525 00de 04       		.byte	0x4
 526 00df 18       		.byte	0x18
 527 00e0 B7000000 		.4byte	0xb7
 528 00e4 04       		.byte	0x4
 529 00e5 06       		.uleb128 0x6
 530 00e6 5D000000 		.4byte	.LASF19
 531 00ea 04       		.byte	0x4
 532 00eb 19       		.byte	0x19
 533 00ec FD000000 		.4byte	0xfd
 534 00f0 08       		.byte	0x8
 535 00f1 00       		.byte	0
 536 00f2 08       		.uleb128 0x8
 537 00f3 04       		.byte	0x4
 538 00f4 C2000000 		.4byte	0xc2
 539 00f8 09       		.uleb128 0x9
 540 00f9 AC000000 		.4byte	0xac
 541 00fd 08       		.uleb128 0x8
 542 00fe 04       		.byte	0x4
 543 00ff F8000000 		.4byte	0xf8
 544 0103 03       		.uleb128 0x3
 545 0104 A9010000 		.4byte	.LASF20
 546 0108 04       		.byte	0x4
 547 0109 1A       		.byte	0x1a
 548 010a C2000000 		.4byte	0xc2
 549 010e 02       		.uleb128 0x2
 550 010f 04       		.byte	0x4
 551 0110 04       		.byte	0x4
 552 0111 09010000 		.4byte	.LASF21
 553 0115 02       		.uleb128 0x2
 554 0116 08       		.byte	0x8
 555 0117 04       		.byte	0x4
 556 0118 C0010000 		.4byte	.LASF22
 557 011c 0A       		.uleb128 0xa
 558 011d 01       		.byte	0x1
 559 011e 37000000 		.4byte	0x37
 560 0122 01       		.byte	0x1
 561 0123 0B       		.byte	0xb
 562 0124 3B010000 		.4byte	0x13b
 563 0128 0B       		.uleb128 0xb
 564 0129 42010000 		.4byte	.LASF23
 565 012d 00       		.byte	0
 566 012e 0B       		.uleb128 0xb
 567 012f A3030000 		.4byte	.LASF24
 568 0133 01       		.byte	0x1
 569 0134 0B       		.uleb128 0xb
 570 0135 6F000000 		.4byte	.LASF25
 571 0139 02       		.byte	0x2
 572 013a 00       		.byte	0
 573 013b 03       		.uleb128 0x3
ARM GAS  C:\Users\TERENC~1\AppData\Local\Temp\ccJhPDRw.s 			page 14


 574 013c 00000000 		.4byte	.LASF26
 575 0140 01       		.byte	0x1
 576 0141 0F       		.byte	0xf
 577 0142 1C010000 		.4byte	0x11c
 578 0146 0A       		.uleb128 0xa
 579 0147 01       		.byte	0x1
 580 0148 37000000 		.4byte	0x37
 581 014c 01       		.byte	0x1
 582 014d 12       		.byte	0x12
 583 014e 5F010000 		.4byte	0x15f
 584 0152 0B       		.uleb128 0xb
 585 0153 D4010000 		.4byte	.LASF27
 586 0157 00       		.byte	0
 587 0158 0B       		.uleb128 0xb
 588 0159 8A000000 		.4byte	.LASF28
 589 015d 01       		.byte	0x1
 590 015e 00       		.byte	0
 591 015f 03       		.uleb128 0x3
 592 0160 50020000 		.4byte	.LASF29
 593 0164 01       		.byte	0x1
 594 0165 15       		.byte	0x15
 595 0166 46010000 		.4byte	0x146
 596 016a 0C       		.uleb128 0xc
 597 016b 06020000 		.4byte	.LASF50
 598 016f 01       		.byte	0x1
 599 0170 34       		.byte	0x34
 600 0171 3B010000 		.4byte	0x13b
 601 0175 00000000 		.4byte	.LFB2
 602 0179 0C000000 		.4byte	.LFE2-.LFB2
 603 017d 01       		.uleb128 0x1
 604 017e 9C       		.byte	0x9c
 605 017f 0D       		.uleb128 0xd
 606 0180 2B010000 		.4byte	.LASF30
 607 0184 01       		.byte	0x1
 608 0185 39       		.byte	0x39
 609 0186 00000000 		.4byte	.LFB3
 610 018a 58000000 		.4byte	.LFE3-.LFB3
 611 018e 01       		.uleb128 0x1
 612 018f 9C       		.byte	0x9c
 613 0190 A4010000 		.4byte	0x1a4
 614 0194 0E       		.uleb128 0xe
 615 0195 57000000 		.4byte	.LASF32
 616 0199 01       		.byte	0x1
 617 019a 39       		.byte	0x39
 618 019b 3B010000 		.4byte	0x13b
 619 019f 00000000 		.4byte	.LLST0
 620 01a3 00       		.byte	0
 621 01a4 0D       		.uleb128 0xd
 622 01a5 14030000 		.4byte	.LASF31
 623 01a9 01       		.byte	0x1
 624 01aa 58       		.byte	0x58
 625 01ab 00000000 		.4byte	.LFB4
 626 01af 4C000000 		.4byte	.LFE4-.LFB4
 627 01b3 01       		.uleb128 0x1
 628 01b4 9C       		.byte	0x9c
 629 01b5 FC010000 		.4byte	0x1fc
 630 01b9 0F       		.uleb128 0xf
ARM GAS  C:\Users\TERENC~1\AppData\Local\Temp\ccJhPDRw.s 			page 15


 631 01ba 6500     		.ascii	"e\000"
 632 01bc 01       		.byte	0x1
 633 01bd 58       		.byte	0x58
 634 01be 5F010000 		.4byte	0x15f
 635 01c2 3A000000 		.4byte	.LLST1
 636 01c6 10       		.uleb128 0x10
 637 01c7 2E000000 		.4byte	.LVL6
 638 01cb 7F010000 		.4byte	0x17f
 639 01cf D9010000 		.4byte	0x1d9
 640 01d3 11       		.uleb128 0x11
 641 01d4 01       		.uleb128 0x1
 642 01d5 50       		.byte	0x50
 643 01d6 01       		.uleb128 0x1
 644 01d7 32       		.byte	0x32
 645 01d8 00       		.byte	0
 646 01d9 10       		.uleb128 0x10
 647 01da 36000000 		.4byte	.LVL9
 648 01de 7F010000 		.4byte	0x17f
 649 01e2 EC010000 		.4byte	0x1ec
 650 01e6 11       		.uleb128 0x11
 651 01e7 01       		.uleb128 0x1
 652 01e8 50       		.byte	0x50
 653 01e9 01       		.uleb128 0x1
 654 01ea 31       		.byte	0x31
 655 01eb 00       		.byte	0
 656 01ec 12       		.uleb128 0x12
 657 01ed 3E000000 		.4byte	.LVL12
 658 01f1 7F010000 		.4byte	0x17f
 659 01f5 11       		.uleb128 0x11
 660 01f6 01       		.uleb128 0x1
 661 01f7 50       		.byte	0x50
 662 01f8 01       		.uleb128 0x1
 663 01f9 31       		.byte	0x31
 664 01fa 00       		.byte	0
 665 01fb 00       		.byte	0
 666 01fc 13       		.uleb128 0x13
 667 01fd B4000000 		.4byte	.LASF51
 668 0201 01       		.byte	0x1
 669 0202 26       		.byte	0x26
 670 0203 AC000000 		.4byte	0xac
 671 0207 00000000 		.4byte	.LFB1
 672 020b 34000000 		.4byte	.LFE1-.LFB1
 673 020f 01       		.uleb128 0x1
 674 0210 9C       		.byte	0x9c
 675 0211 40020000 		.4byte	0x240
 676 0215 14       		.uleb128 0x14
 677 0216 18000000 		.4byte	.LASF34
 678 021a 01       		.byte	0x1
 679 021b 28       		.byte	0x28
 680 021c 40020000 		.4byte	0x240
 681 0220 8D000000 		.4byte	.LLST2
 682 0224 15       		.uleb128 0x15
 683 0225 06000000 		.4byte	.LVL13
 684 0229 38030000 		.4byte	0x338
 685 022d 15       		.uleb128 0x15
 686 022e 1C000000 		.4byte	.LVL15
 687 0232 A4010000 		.4byte	0x1a4
ARM GAS  C:\Users\TERENC~1\AppData\Local\Temp\ccJhPDRw.s 			page 16


 688 0236 15       		.uleb128 0x15
 689 0237 24000000 		.4byte	.LVL16
 690 023b 6A010000 		.4byte	0x16a
 691 023f 00       		.byte	0
 692 0240 02       		.uleb128 0x2
 693 0241 01       		.byte	0x1
 694 0242 02       		.byte	0x2
 695 0243 9D030000 		.4byte	.LASF33
 696 0247 16       		.uleb128 0x16
 697 0248 D3000000 		.4byte	.LASF35
 698 024c 01       		.byte	0x1
 699 024d 87       		.byte	0x87
 700 024e 00000000 		.4byte	.LFB6
 701 0252 44000000 		.4byte	.LFE6-.LFB6
 702 0256 01       		.uleb128 0x1
 703 0257 9C       		.byte	0x9c
 704 0258 AB020000 		.4byte	0x2ab
 705 025c 14       		.uleb128 0x14
 706 025d 18000000 		.4byte	.LASF34
 707 0261 01       		.byte	0x1
 708 0262 89       		.byte	0x89
 709 0263 40020000 		.4byte	0x240
 710 0267 A0000000 		.4byte	.LLST3
 711 026b 15       		.uleb128 0x15
 712 026c 06000000 		.4byte	.LVL18
 713 0270 38030000 		.4byte	0x338
 714 0274 15       		.uleb128 0x15
 715 0275 1C000000 		.4byte	.LVL20
 716 0279 A4010000 		.4byte	0x1a4
 717 027d 15       		.uleb128 0x15
 718 027e 24000000 		.4byte	.LVL21
 719 0282 6A010000 		.4byte	0x16a
 720 0286 10       		.uleb128 0x10
 721 0287 30000000 		.4byte	.LVL23
 722 028b 43030000 		.4byte	0x343
 723 028f 9A020000 		.4byte	0x29a
 724 0293 11       		.uleb128 0x11
 725 0294 01       		.uleb128 0x1
 726 0295 50       		.byte	0x50
 727 0296 02       		.uleb128 0x2
 728 0297 74       		.byte	0x74
 729 0298 00       		.sleb128 0
 730 0299 00       		.byte	0
 731 029a 12       		.uleb128 0x12
 732 029b 3A000000 		.4byte	.LVL24
 733 029f 4E030000 		.4byte	0x34e
 734 02a3 11       		.uleb128 0x11
 735 02a4 01       		.uleb128 0x1
 736 02a5 50       		.byte	0x50
 737 02a6 02       		.uleb128 0x2
 738 02a7 74       		.byte	0x74
 739 02a8 00       		.sleb128 0
 740 02a9 00       		.byte	0
 741 02aa 00       		.byte	0
 742 02ab 16       		.uleb128 0x16
 743 02ac E6000000 		.4byte	.LASF36
 744 02b0 01       		.byte	0x1
ARM GAS  C:\Users\TERENC~1\AppData\Local\Temp\ccJhPDRw.s 			page 17


 745 02b1 7A       		.byte	0x7a
 746 02b2 00000000 		.4byte	.LFB5
 747 02b6 1C000000 		.4byte	.LFE5-.LFB5
 748 02ba 01       		.uleb128 0x1
 749 02bb 9C       		.byte	0x9c
 750 02bc D3020000 		.4byte	0x2d3
 751 02c0 15       		.uleb128 0x15
 752 02c1 12000000 		.4byte	.LVL25
 753 02c5 59030000 		.4byte	0x359
 754 02c9 15       		.uleb128 0x15
 755 02ca 16000000 		.4byte	.LVL26
 756 02ce 47020000 		.4byte	0x247
 757 02d2 00       		.byte	0
 758 02d3 17       		.uleb128 0x17
 759 02d4 0F010000 		.4byte	.LASF37
 760 02d8 01       		.byte	0x1
 761 02d9 17       		.byte	0x17
 762 02da 40020000 		.4byte	0x240
 763 02de 05       		.uleb128 0x5
 764 02df 03       		.byte	0x3
 765 02e0 02000000 		.4byte	buttonPressed
 766 02e4 17       		.uleb128 0x17
 767 02e5 F1000000 		.4byte	.LASF38
 768 02e9 01       		.byte	0x1
 769 02ea 18       		.byte	0x18
 770 02eb 40020000 		.4byte	0x240
 771 02ef 05       		.uleb128 0x5
 772 02f0 03       		.byte	0x3
 773 02f1 03000000 		.4byte	buttonOfficiallyPressed
 774 02f5 17       		.uleb128 0x17
 775 02f6 2F030000 		.4byte	.LASF39
 776 02fa 01       		.byte	0x1
 777 02fb 19       		.byte	0x19
 778 02fc A1000000 		.4byte	0xa1
 779 0300 05       		.uleb128 0x5
 780 0301 03       		.byte	0x3
 781 0302 01000000 		.4byte	buttonVotesOfConfidence
 782 0306 17       		.uleb128 0x17
 783 0307 1D020000 		.4byte	.LASF40
 784 030b 01       		.byte	0x1
 785 030c 1A       		.byte	0x1a
 786 030d 3B010000 		.4byte	0x13b
 787 0311 05       		.uleb128 0x5
 788 0312 03       		.byte	0x3
 789 0313 00000000 		.4byte	buttonDebounceState
 790 0317 17       		.uleb128 0x17
 791 0318 51030000 		.4byte	.LASF41
 792 031c 01       		.byte	0x1
 793 031d 20       		.byte	0x20
 794 031e 03010000 		.4byte	0x103
 795 0322 05       		.uleb128 0x5
 796 0323 03       		.byte	0x3
 797 0324 00000000 		.4byte	buttonDebounceTimer
 798 0328 18       		.uleb128 0x18
 799 0329 C7010000 		.4byte	.LASF52
 800 032d 07       		.byte	0x7
 801 032e 32       		.byte	0x32
ARM GAS  C:\Users\TERENC~1\AppData\Local\Temp\ccJhPDRw.s 			page 18


 802 032f 33030000 		.4byte	0x333
 803 0333 19       		.uleb128 0x19
 804 0334 B7000000 		.4byte	0xb7
 805 0338 1A       		.uleb128 0x1a
 806 0339 FD020000 		.4byte	.LASF42
 807 033d FD020000 		.4byte	.LASF42
 808 0341 05       		.byte	0x5
 809 0342 32       		.byte	0x32
 810 0343 1A       		.uleb128 0x1a
 811 0344 49000000 		.4byte	.LASF43
 812 0348 49000000 		.4byte	.LASF43
 813 034c 04       		.byte	0x4
 814 034d 23       		.byte	0x23
 815 034e 1A       		.uleb128 0x1a
 816 034f FB010000 		.4byte	.LASF44
 817 0353 FB010000 		.4byte	.LASF44
 818 0357 04       		.byte	0x4
 819 0358 22       		.byte	0x22
 820 0359 1A       		.uleb128 0x1a
 821 035a 33000000 		.4byte	.LASF45
 822 035e 33000000 		.4byte	.LASF45
 823 0362 06       		.byte	0x6
 824 0363 17       		.byte	0x17
 825 0364 00       		.byte	0
 826              		.section	.debug_abbrev,"",%progbits
 827              	.Ldebug_abbrev0:
 828 0000 01       		.uleb128 0x1
 829 0001 11       		.uleb128 0x11
 830 0002 01       		.byte	0x1
 831 0003 25       		.uleb128 0x25
 832 0004 0E       		.uleb128 0xe
 833 0005 13       		.uleb128 0x13
 834 0006 0B       		.uleb128 0xb
 835 0007 03       		.uleb128 0x3
 836 0008 0E       		.uleb128 0xe
 837 0009 1B       		.uleb128 0x1b
 838 000a 0E       		.uleb128 0xe
 839 000b 55       		.uleb128 0x55
 840 000c 17       		.uleb128 0x17
 841 000d 11       		.uleb128 0x11
 842 000e 01       		.uleb128 0x1
 843 000f 10       		.uleb128 0x10
 844 0010 17       		.uleb128 0x17
 845 0011 00       		.byte	0
 846 0012 00       		.byte	0
 847 0013 02       		.uleb128 0x2
 848 0014 24       		.uleb128 0x24
 849 0015 00       		.byte	0
 850 0016 0B       		.uleb128 0xb
 851 0017 0B       		.uleb128 0xb
 852 0018 3E       		.uleb128 0x3e
 853 0019 0B       		.uleb128 0xb
 854 001a 03       		.uleb128 0x3
 855 001b 0E       		.uleb128 0xe
 856 001c 00       		.byte	0
 857 001d 00       		.byte	0
 858 001e 03       		.uleb128 0x3
ARM GAS  C:\Users\TERENC~1\AppData\Local\Temp\ccJhPDRw.s 			page 19


 859 001f 16       		.uleb128 0x16
 860 0020 00       		.byte	0
 861 0021 03       		.uleb128 0x3
 862 0022 0E       		.uleb128 0xe
 863 0023 3A       		.uleb128 0x3a
 864 0024 0B       		.uleb128 0xb
 865 0025 3B       		.uleb128 0x3b
 866 0026 0B       		.uleb128 0xb
 867 0027 49       		.uleb128 0x49
 868 0028 13       		.uleb128 0x13
 869 0029 00       		.byte	0
 870 002a 00       		.byte	0
 871 002b 04       		.uleb128 0x4
 872 002c 24       		.uleb128 0x24
 873 002d 00       		.byte	0
 874 002e 0B       		.uleb128 0xb
 875 002f 0B       		.uleb128 0xb
 876 0030 3E       		.uleb128 0x3e
 877 0031 0B       		.uleb128 0xb
 878 0032 03       		.uleb128 0x3
 879 0033 08       		.uleb128 0x8
 880 0034 00       		.byte	0
 881 0035 00       		.byte	0
 882 0036 05       		.uleb128 0x5
 883 0037 13       		.uleb128 0x13
 884 0038 01       		.byte	0x1
 885 0039 03       		.uleb128 0x3
 886 003a 0E       		.uleb128 0xe
 887 003b 0B       		.uleb128 0xb
 888 003c 0B       		.uleb128 0xb
 889 003d 3A       		.uleb128 0x3a
 890 003e 0B       		.uleb128 0xb
 891 003f 3B       		.uleb128 0x3b
 892 0040 0B       		.uleb128 0xb
 893 0041 01       		.uleb128 0x1
 894 0042 13       		.uleb128 0x13
 895 0043 00       		.byte	0
 896 0044 00       		.byte	0
 897 0045 06       		.uleb128 0x6
 898 0046 0D       		.uleb128 0xd
 899 0047 00       		.byte	0
 900 0048 03       		.uleb128 0x3
 901 0049 0E       		.uleb128 0xe
 902 004a 3A       		.uleb128 0x3a
 903 004b 0B       		.uleb128 0xb
 904 004c 3B       		.uleb128 0x3b
 905 004d 0B       		.uleb128 0xb
 906 004e 49       		.uleb128 0x49
 907 004f 13       		.uleb128 0x13
 908 0050 38       		.uleb128 0x38
 909 0051 0B       		.uleb128 0xb
 910 0052 00       		.byte	0
 911 0053 00       		.byte	0
 912 0054 07       		.uleb128 0x7
 913 0055 0D       		.uleb128 0xd
 914 0056 00       		.byte	0
 915 0057 03       		.uleb128 0x3
ARM GAS  C:\Users\TERENC~1\AppData\Local\Temp\ccJhPDRw.s 			page 20


 916 0058 08       		.uleb128 0x8
 917 0059 3A       		.uleb128 0x3a
 918 005a 0B       		.uleb128 0xb
 919 005b 3B       		.uleb128 0x3b
 920 005c 0B       		.uleb128 0xb
 921 005d 49       		.uleb128 0x49
 922 005e 13       		.uleb128 0x13
 923 005f 38       		.uleb128 0x38
 924 0060 0B       		.uleb128 0xb
 925 0061 00       		.byte	0
 926 0062 00       		.byte	0
 927 0063 08       		.uleb128 0x8
 928 0064 0F       		.uleb128 0xf
 929 0065 00       		.byte	0
 930 0066 0B       		.uleb128 0xb
 931 0067 0B       		.uleb128 0xb
 932 0068 49       		.uleb128 0x49
 933 0069 13       		.uleb128 0x13
 934 006a 00       		.byte	0
 935 006b 00       		.byte	0
 936 006c 09       		.uleb128 0x9
 937 006d 15       		.uleb128 0x15
 938 006e 00       		.byte	0
 939 006f 27       		.uleb128 0x27
 940 0070 19       		.uleb128 0x19
 941 0071 49       		.uleb128 0x49
 942 0072 13       		.uleb128 0x13
 943 0073 00       		.byte	0
 944 0074 00       		.byte	0
 945 0075 0A       		.uleb128 0xa
 946 0076 04       		.uleb128 0x4
 947 0077 01       		.byte	0x1
 948 0078 0B       		.uleb128 0xb
 949 0079 0B       		.uleb128 0xb
 950 007a 49       		.uleb128 0x49
 951 007b 13       		.uleb128 0x13
 952 007c 3A       		.uleb128 0x3a
 953 007d 0B       		.uleb128 0xb
 954 007e 3B       		.uleb128 0x3b
 955 007f 0B       		.uleb128 0xb
 956 0080 01       		.uleb128 0x1
 957 0081 13       		.uleb128 0x13
 958 0082 00       		.byte	0
 959 0083 00       		.byte	0
 960 0084 0B       		.uleb128 0xb
 961 0085 28       		.uleb128 0x28
 962 0086 00       		.byte	0
 963 0087 03       		.uleb128 0x3
 964 0088 0E       		.uleb128 0xe
 965 0089 1C       		.uleb128 0x1c
 966 008a 0B       		.uleb128 0xb
 967 008b 00       		.byte	0
 968 008c 00       		.byte	0
 969 008d 0C       		.uleb128 0xc
 970 008e 2E       		.uleb128 0x2e
 971 008f 00       		.byte	0
 972 0090 03       		.uleb128 0x3
ARM GAS  C:\Users\TERENC~1\AppData\Local\Temp\ccJhPDRw.s 			page 21


 973 0091 0E       		.uleb128 0xe
 974 0092 3A       		.uleb128 0x3a
 975 0093 0B       		.uleb128 0xb
 976 0094 3B       		.uleb128 0x3b
 977 0095 0B       		.uleb128 0xb
 978 0096 27       		.uleb128 0x27
 979 0097 19       		.uleb128 0x19
 980 0098 49       		.uleb128 0x49
 981 0099 13       		.uleb128 0x13
 982 009a 11       		.uleb128 0x11
 983 009b 01       		.uleb128 0x1
 984 009c 12       		.uleb128 0x12
 985 009d 06       		.uleb128 0x6
 986 009e 40       		.uleb128 0x40
 987 009f 18       		.uleb128 0x18
 988 00a0 9742     		.uleb128 0x2117
 989 00a2 19       		.uleb128 0x19
 990 00a3 00       		.byte	0
 991 00a4 00       		.byte	0
 992 00a5 0D       		.uleb128 0xd
 993 00a6 2E       		.uleb128 0x2e
 994 00a7 01       		.byte	0x1
 995 00a8 03       		.uleb128 0x3
 996 00a9 0E       		.uleb128 0xe
 997 00aa 3A       		.uleb128 0x3a
 998 00ab 0B       		.uleb128 0xb
 999 00ac 3B       		.uleb128 0x3b
 1000 00ad 0B       		.uleb128 0xb
 1001 00ae 27       		.uleb128 0x27
 1002 00af 19       		.uleb128 0x19
 1003 00b0 11       		.uleb128 0x11
 1004 00b1 01       		.uleb128 0x1
 1005 00b2 12       		.uleb128 0x12
 1006 00b3 06       		.uleb128 0x6
 1007 00b4 40       		.uleb128 0x40
 1008 00b5 18       		.uleb128 0x18
 1009 00b6 9742     		.uleb128 0x2117
 1010 00b8 19       		.uleb128 0x19
 1011 00b9 01       		.uleb128 0x1
 1012 00ba 13       		.uleb128 0x13
 1013 00bb 00       		.byte	0
 1014 00bc 00       		.byte	0
 1015 00bd 0E       		.uleb128 0xe
 1016 00be 05       		.uleb128 0x5
 1017 00bf 00       		.byte	0
 1018 00c0 03       		.uleb128 0x3
 1019 00c1 0E       		.uleb128 0xe
 1020 00c2 3A       		.uleb128 0x3a
 1021 00c3 0B       		.uleb128 0xb
 1022 00c4 3B       		.uleb128 0x3b
 1023 00c5 0B       		.uleb128 0xb
 1024 00c6 49       		.uleb128 0x49
 1025 00c7 13       		.uleb128 0x13
 1026 00c8 02       		.uleb128 0x2
 1027 00c9 17       		.uleb128 0x17
 1028 00ca 00       		.byte	0
 1029 00cb 00       		.byte	0
ARM GAS  C:\Users\TERENC~1\AppData\Local\Temp\ccJhPDRw.s 			page 22


 1030 00cc 0F       		.uleb128 0xf
 1031 00cd 05       		.uleb128 0x5
 1032 00ce 00       		.byte	0
 1033 00cf 03       		.uleb128 0x3
 1034 00d0 08       		.uleb128 0x8
 1035 00d1 3A       		.uleb128 0x3a
 1036 00d2 0B       		.uleb128 0xb
 1037 00d3 3B       		.uleb128 0x3b
 1038 00d4 0B       		.uleb128 0xb
 1039 00d5 49       		.uleb128 0x49
 1040 00d6 13       		.uleb128 0x13
 1041 00d7 02       		.uleb128 0x2
 1042 00d8 17       		.uleb128 0x17
 1043 00d9 00       		.byte	0
 1044 00da 00       		.byte	0
 1045 00db 10       		.uleb128 0x10
 1046 00dc 898201   		.uleb128 0x4109
 1047 00df 01       		.byte	0x1
 1048 00e0 11       		.uleb128 0x11
 1049 00e1 01       		.uleb128 0x1
 1050 00e2 31       		.uleb128 0x31
 1051 00e3 13       		.uleb128 0x13
 1052 00e4 01       		.uleb128 0x1
 1053 00e5 13       		.uleb128 0x13
 1054 00e6 00       		.byte	0
 1055 00e7 00       		.byte	0
 1056 00e8 11       		.uleb128 0x11
 1057 00e9 8A8201   		.uleb128 0x410a
 1058 00ec 00       		.byte	0
 1059 00ed 02       		.uleb128 0x2
 1060 00ee 18       		.uleb128 0x18
 1061 00ef 9142     		.uleb128 0x2111
 1062 00f1 18       		.uleb128 0x18
 1063 00f2 00       		.byte	0
 1064 00f3 00       		.byte	0
 1065 00f4 12       		.uleb128 0x12
 1066 00f5 898201   		.uleb128 0x4109
 1067 00f8 01       		.byte	0x1
 1068 00f9 11       		.uleb128 0x11
 1069 00fa 01       		.uleb128 0x1
 1070 00fb 31       		.uleb128 0x31
 1071 00fc 13       		.uleb128 0x13
 1072 00fd 00       		.byte	0
 1073 00fe 00       		.byte	0
 1074 00ff 13       		.uleb128 0x13
 1075 0100 2E       		.uleb128 0x2e
 1076 0101 01       		.byte	0x1
 1077 0102 03       		.uleb128 0x3
 1078 0103 0E       		.uleb128 0xe
 1079 0104 3A       		.uleb128 0x3a
 1080 0105 0B       		.uleb128 0xb
 1081 0106 3B       		.uleb128 0x3b
 1082 0107 0B       		.uleb128 0xb
 1083 0108 27       		.uleb128 0x27
 1084 0109 19       		.uleb128 0x19
 1085 010a 49       		.uleb128 0x49
 1086 010b 13       		.uleb128 0x13
ARM GAS  C:\Users\TERENC~1\AppData\Local\Temp\ccJhPDRw.s 			page 23


 1087 010c 11       		.uleb128 0x11
 1088 010d 01       		.uleb128 0x1
 1089 010e 12       		.uleb128 0x12
 1090 010f 06       		.uleb128 0x6
 1091 0110 40       		.uleb128 0x40
 1092 0111 18       		.uleb128 0x18
 1093 0112 9742     		.uleb128 0x2117
 1094 0114 19       		.uleb128 0x19
 1095 0115 01       		.uleb128 0x1
 1096 0116 13       		.uleb128 0x13
 1097 0117 00       		.byte	0
 1098 0118 00       		.byte	0
 1099 0119 14       		.uleb128 0x14
 1100 011a 34       		.uleb128 0x34
 1101 011b 00       		.byte	0
 1102 011c 03       		.uleb128 0x3
 1103 011d 0E       		.uleb128 0xe
 1104 011e 3A       		.uleb128 0x3a
 1105 011f 0B       		.uleb128 0xb
 1106 0120 3B       		.uleb128 0x3b
 1107 0121 0B       		.uleb128 0xb
 1108 0122 49       		.uleb128 0x49
 1109 0123 13       		.uleb128 0x13
 1110 0124 02       		.uleb128 0x2
 1111 0125 17       		.uleb128 0x17
 1112 0126 00       		.byte	0
 1113 0127 00       		.byte	0
 1114 0128 15       		.uleb128 0x15
 1115 0129 898201   		.uleb128 0x4109
 1116 012c 00       		.byte	0
 1117 012d 11       		.uleb128 0x11
 1118 012e 01       		.uleb128 0x1
 1119 012f 31       		.uleb128 0x31
 1120 0130 13       		.uleb128 0x13
 1121 0131 00       		.byte	0
 1122 0132 00       		.byte	0
 1123 0133 16       		.uleb128 0x16
 1124 0134 2E       		.uleb128 0x2e
 1125 0135 01       		.byte	0x1
 1126 0136 3F       		.uleb128 0x3f
 1127 0137 19       		.uleb128 0x19
 1128 0138 03       		.uleb128 0x3
 1129 0139 0E       		.uleb128 0xe
 1130 013a 3A       		.uleb128 0x3a
 1131 013b 0B       		.uleb128 0xb
 1132 013c 3B       		.uleb128 0x3b
 1133 013d 0B       		.uleb128 0xb
 1134 013e 27       		.uleb128 0x27
 1135 013f 19       		.uleb128 0x19
 1136 0140 11       		.uleb128 0x11
 1137 0141 01       		.uleb128 0x1
 1138 0142 12       		.uleb128 0x12
 1139 0143 06       		.uleb128 0x6
 1140 0144 40       		.uleb128 0x40
 1141 0145 18       		.uleb128 0x18
 1142 0146 9742     		.uleb128 0x2117
 1143 0148 19       		.uleb128 0x19
ARM GAS  C:\Users\TERENC~1\AppData\Local\Temp\ccJhPDRw.s 			page 24


 1144 0149 01       		.uleb128 0x1
 1145 014a 13       		.uleb128 0x13
 1146 014b 00       		.byte	0
 1147 014c 00       		.byte	0
 1148 014d 17       		.uleb128 0x17
 1149 014e 34       		.uleb128 0x34
 1150 014f 00       		.byte	0
 1151 0150 03       		.uleb128 0x3
 1152 0151 0E       		.uleb128 0xe
 1153 0152 3A       		.uleb128 0x3a
 1154 0153 0B       		.uleb128 0xb
 1155 0154 3B       		.uleb128 0x3b
 1156 0155 0B       		.uleb128 0xb
 1157 0156 49       		.uleb128 0x49
 1158 0157 13       		.uleb128 0x13
 1159 0158 02       		.uleb128 0x2
 1160 0159 18       		.uleb128 0x18
 1161 015a 00       		.byte	0
 1162 015b 00       		.byte	0
 1163 015c 18       		.uleb128 0x18
 1164 015d 34       		.uleb128 0x34
 1165 015e 00       		.byte	0
 1166 015f 03       		.uleb128 0x3
 1167 0160 0E       		.uleb128 0xe
 1168 0161 3A       		.uleb128 0x3a
 1169 0162 0B       		.uleb128 0xb
 1170 0163 3B       		.uleb128 0x3b
 1171 0164 0B       		.uleb128 0xb
 1172 0165 49       		.uleb128 0x49
 1173 0166 13       		.uleb128 0x13
 1174 0167 3F       		.uleb128 0x3f
 1175 0168 19       		.uleb128 0x19
 1176 0169 3C       		.uleb128 0x3c
 1177 016a 19       		.uleb128 0x19
 1178 016b 00       		.byte	0
 1179 016c 00       		.byte	0
 1180 016d 19       		.uleb128 0x19
 1181 016e 35       		.uleb128 0x35
 1182 016f 00       		.byte	0
 1183 0170 49       		.uleb128 0x49
 1184 0171 13       		.uleb128 0x13
 1185 0172 00       		.byte	0
 1186 0173 00       		.byte	0
 1187 0174 1A       		.uleb128 0x1a
 1188 0175 2E       		.uleb128 0x2e
 1189 0176 00       		.byte	0
 1190 0177 3F       		.uleb128 0x3f
 1191 0178 19       		.uleb128 0x19
 1192 0179 3C       		.uleb128 0x3c
 1193 017a 19       		.uleb128 0x19
 1194 017b 6E       		.uleb128 0x6e
 1195 017c 0E       		.uleb128 0xe
 1196 017d 03       		.uleb128 0x3
 1197 017e 0E       		.uleb128 0xe
 1198 017f 3A       		.uleb128 0x3a
 1199 0180 0B       		.uleb128 0xb
 1200 0181 3B       		.uleb128 0x3b
ARM GAS  C:\Users\TERENC~1\AppData\Local\Temp\ccJhPDRw.s 			page 25


 1201 0182 0B       		.uleb128 0xb
 1202 0183 00       		.byte	0
 1203 0184 00       		.byte	0
 1204 0185 00       		.byte	0
 1205              		.section	.debug_loc,"",%progbits
 1206              	.Ldebug_loc0:
 1207              	.LLST0:
 1208 0000 00000000 		.4byte	.LVL0
 1209 0004 32000000 		.4byte	.LVL1
 1210 0008 0100     		.2byte	0x1
 1211 000a 50       		.byte	0x50
 1212 000b 32000000 		.4byte	.LVL1
 1213 000f 3A000000 		.4byte	.LVL2
 1214 0013 0400     		.2byte	0x4
 1215 0015 F3       		.byte	0xf3
 1216 0016 01       		.uleb128 0x1
 1217 0017 50       		.byte	0x50
 1218 0018 9F       		.byte	0x9f
 1219 0019 3A000000 		.4byte	.LVL2
 1220 001d 3E000000 		.4byte	.LVL3
 1221 0021 0100     		.2byte	0x1
 1222 0023 50       		.byte	0x50
 1223 0024 3E000000 		.4byte	.LVL3
 1224 0028 58000000 		.4byte	.LFE3
 1225 002c 0400     		.2byte	0x4
 1226 002e F3       		.byte	0xf3
 1227 002f 01       		.uleb128 0x1
 1228 0030 50       		.byte	0x50
 1229 0031 9F       		.byte	0x9f
 1230 0032 00000000 		.4byte	0
 1231 0036 00000000 		.4byte	0
 1232              	.LLST1:
 1233 003a 00000000 		.4byte	.LVL4
 1234 003e 2A000000 		.4byte	.LVL5
 1235 0042 0100     		.2byte	0x1
 1236 0044 50       		.byte	0x50
 1237 0045 2A000000 		.4byte	.LVL5
 1238 0049 30000000 		.4byte	.LVL7
 1239 004d 0400     		.2byte	0x4
 1240 004f F3       		.byte	0xf3
 1241 0050 01       		.uleb128 0x1
 1242 0051 50       		.byte	0x50
 1243 0052 9F       		.byte	0x9f
 1244 0053 30000000 		.4byte	.LVL7
 1245 0057 32000000 		.4byte	.LVL8
 1246 005b 0100     		.2byte	0x1
 1247 005d 50       		.byte	0x50
 1248 005e 32000000 		.4byte	.LVL8
 1249 0062 38000000 		.4byte	.LVL10
 1250 0066 0400     		.2byte	0x4
 1251 0068 F3       		.byte	0xf3
 1252 0069 01       		.uleb128 0x1
 1253 006a 50       		.byte	0x50
 1254 006b 9F       		.byte	0x9f
 1255 006c 38000000 		.4byte	.LVL10
 1256 0070 3A000000 		.4byte	.LVL11
 1257 0074 0100     		.2byte	0x1
ARM GAS  C:\Users\TERENC~1\AppData\Local\Temp\ccJhPDRw.s 			page 26


 1258 0076 50       		.byte	0x50
 1259 0077 3A000000 		.4byte	.LVL11
 1260 007b 4C000000 		.4byte	.LFE4
 1261 007f 0400     		.2byte	0x4
 1262 0081 F3       		.byte	0xf3
 1263 0082 01       		.uleb128 0x1
 1264 0083 50       		.byte	0x50
 1265 0084 9F       		.byte	0x9f
 1266 0085 00000000 		.4byte	0
 1267 0089 00000000 		.4byte	0
 1268              	.LLST2:
 1269 008d 0E000000 		.4byte	.LVL14
 1270 0091 2E000000 		.4byte	.LVL17
 1271 0095 0100     		.2byte	0x1
 1272 0097 54       		.byte	0x54
 1273 0098 00000000 		.4byte	0
 1274 009c 00000000 		.4byte	0
 1275              	.LLST3:
 1276 00a0 0E000000 		.4byte	.LVL19
 1277 00a4 2A000000 		.4byte	.LVL22
 1278 00a8 0100     		.2byte	0x1
 1279 00aa 54       		.byte	0x54
 1280 00ab 00000000 		.4byte	0
 1281 00af 00000000 		.4byte	0
 1282              		.section	.debug_aranges,"",%progbits
 1283 0000 44000000 		.4byte	0x44
 1284 0004 0200     		.2byte	0x2
 1285 0006 00000000 		.4byte	.Ldebug_info0
 1286 000a 04       		.byte	0x4
 1287 000b 00       		.byte	0
 1288 000c 0000     		.2byte	0
 1289 000e 0000     		.2byte	0
 1290 0010 00000000 		.4byte	.LFB2
 1291 0014 0C000000 		.4byte	.LFE2-.LFB2
 1292 0018 00000000 		.4byte	.LFB3
 1293 001c 58000000 		.4byte	.LFE3-.LFB3
 1294 0020 00000000 		.4byte	.LFB4
 1295 0024 4C000000 		.4byte	.LFE4-.LFB4
 1296 0028 00000000 		.4byte	.LFB1
 1297 002c 34000000 		.4byte	.LFE1-.LFB1
 1298 0030 00000000 		.4byte	.LFB6
 1299 0034 44000000 		.4byte	.LFE6-.LFB6
 1300 0038 00000000 		.4byte	.LFB5
 1301 003c 1C000000 		.4byte	.LFE5-.LFB5
 1302 0040 00000000 		.4byte	0
 1303 0044 00000000 		.4byte	0
 1304              		.section	.debug_ranges,"",%progbits
 1305              	.Ldebug_ranges0:
 1306 0000 00000000 		.4byte	.LFB2
 1307 0004 0C000000 		.4byte	.LFE2
 1308 0008 00000000 		.4byte	.LFB3
 1309 000c 58000000 		.4byte	.LFE3
 1310 0010 00000000 		.4byte	.LFB4
 1311 0014 4C000000 		.4byte	.LFE4
 1312 0018 00000000 		.4byte	.LFB1
 1313 001c 34000000 		.4byte	.LFE1
 1314 0020 00000000 		.4byte	.LFB6
ARM GAS  C:\Users\TERENC~1\AppData\Local\Temp\ccJhPDRw.s 			page 27


 1315 0024 44000000 		.4byte	.LFE6
 1316 0028 00000000 		.4byte	.LFB5
 1317 002c 1C000000 		.4byte	.LFE5
 1318 0030 00000000 		.4byte	0
 1319 0034 00000000 		.4byte	0
 1320              		.section	.debug_line,"",%progbits
 1321              	.Ldebug_line0:
 1322 0000 2B020000 		.section	.debug_str,"MS",%progbits,1
 1322      02006F01 
 1322      00000201 
 1322      FB0E0D00 
 1322      01010101 
 1323              	.LASF26:
 1324 0000 42555454 		.ascii	"BUTTON_DEBOUNCE_STATE_e\000"
 1324      4F4E5F44 
 1324      45424F55 
 1324      4E43455F 
 1324      53544154 
 1325              	.LASF34:
 1326 0018 70726573 		.ascii	"pressed\000"
 1326      73656400 
 1327              	.LASF47:
 1328 0020 42757474 		.ascii	"Button.c\000"
 1328      6F6E2E63 
 1328      00
 1329              	.LASF3:
 1330 0029 5F5F7569 		.ascii	"__uint8_t\000"
 1330      6E74385F 
 1330      7400
 1331              	.LASF45:
 1332 0033 6973725F 		.ascii	"isr_Button_Start\000"
 1332      42757474 
 1332      6F6E5F53 
 1332      74617274 
 1332      00
 1333              	.LASF18:
 1334 0044 6E657874 		.ascii	"next\000"
 1334      00
 1335              	.LASF43:
 1336 0049 746D7246 		.ascii	"tmrFuncDelete\000"
 1336      756E6344 
 1336      656C6574 
 1336      6500
 1337              	.LASF32:
 1338 0057 73746174 		.ascii	"state\000"
 1338      6500
 1339              	.LASF19:
 1340 005d 66756E63 		.ascii	"func\000"
 1340      00
 1341              	.LASF49:
 1342 0062 5F746D72 		.ascii	"_tmrFuncType\000"
 1342      46756E63 
 1342      54797065 
 1342      00
 1343              	.LASF25:
 1344 006f 42555454 		.ascii	"BUTTON_DEBOUNCE_STATE_DONE\000"
 1344      4F4E5F44 
ARM GAS  C:\Users\TERENC~1\AppData\Local\Temp\ccJhPDRw.s 			page 28


 1344      45424F55 
 1344      4E43455F 
 1344      53544154 
 1345              	.LASF28:
 1346 008a 42555454 		.ascii	"BUTTON_DEBOUNCE_EVT_RELEASED\000"
 1346      4F4E5F44 
 1346      45424F55 
 1346      4E43455F 
 1346      4556545F 
 1347              	.LASF11:
 1348 00a7 756E7369 		.ascii	"unsigned int\000"
 1348      676E6564 
 1348      20696E74 
 1348      00
 1349              	.LASF51:
 1350 00b4 62757474 		.ascii	"button_debounce_timer_callback\000"
 1350      6F6E5F64 
 1350      65626F75 
 1350      6E63655F 
 1350      74696D65 
 1351              	.LASF35:
 1352 00d3 62757474 		.ascii	"buttonEdgeDetected\000"
 1352      6F6E4564 
 1352      67654465 
 1352      74656374 
 1352      656400
 1353              	.LASF36:
 1354 00e6 62757474 		.ascii	"buttonInit\000"
 1354      6F6E496E 
 1354      697400
 1355              	.LASF38:
 1356 00f1 62757474 		.ascii	"buttonOfficiallyPressed\000"
 1356      6F6E4F66 
 1356      66696369 
 1356      616C6C79 
 1356      50726573 
 1357              	.LASF21:
 1358 0109 666C6F61 		.ascii	"float\000"
 1358      7400
 1359              	.LASF37:
 1360 010f 62757474 		.ascii	"buttonPressed\000"
 1360      6F6E5072 
 1360      65737365 
 1360      6400
 1361              	.LASF1:
 1362 011d 756E7369 		.ascii	"unsigned char\000"
 1362      676E6564 
 1362      20636861 
 1362      7200
 1363              	.LASF30:
 1364 012b 62757474 		.ascii	"buttonDebounceSetState\000"
 1364      6F6E4465 
 1364      626F756E 
 1364      63655365 
 1364      74537461 
 1365              	.LASF23:
 1366 0142 42555454 		.ascii	"BUTTON_DEBOUNCE_STATE_IDLE\000"
ARM GAS  C:\Users\TERENC~1\AppData\Local\Temp\ccJhPDRw.s 			page 29


 1366      4F4E5F44 
 1366      45424F55 
 1366      4E43455F 
 1366      53544154 
 1367              	.LASF8:
 1368 015d 6C6F6E67 		.ascii	"long unsigned int\000"
 1368      20756E73 
 1368      69676E65 
 1368      6420696E 
 1368      7400
 1369              	.LASF5:
 1370 016f 73686F72 		.ascii	"short unsigned int\000"
 1370      7420756E 
 1370      7369676E 
 1370      65642069 
 1370      6E7400
 1371              	.LASF48:
 1372 0182 433A5C64 		.ascii	"C:\\dev\\git\\icebreaker\\Icebreaker.cydsn\000"
 1372      65765C67 
 1372      69745C69 
 1372      63656272 
 1372      65616B65 
 1373              	.LASF20:
 1374 01a9 746D7246 		.ascii	"tmrFuncType\000"
 1374      756E6354 
 1374      79706500 
 1375              	.LASF4:
 1376 01b5 5F5F7569 		.ascii	"__uint16_t\000"
 1376      6E743136 
 1376      5F7400
 1377              	.LASF22:
 1378 01c0 646F7562 		.ascii	"double\000"
 1378      6C6500
 1379              	.LASF52:
 1380 01c7 62757474 		.ascii	"buttonEvents\000"
 1380      6F6E4576 
 1380      656E7473 
 1380      00
 1381              	.LASF27:
 1382 01d4 42555454 		.ascii	"BUTTON_DEBOUNCE_EVT_PRESSED\000"
 1382      4F4E5F44 
 1382      45424F55 
 1382      4E43455F 
 1382      4556545F 
 1383              	.LASF7:
 1384 01f0 5F5F7569 		.ascii	"__uint32_t\000"
 1384      6E743332 
 1384      5F7400
 1385              	.LASF44:
 1386 01fb 746D7246 		.ascii	"tmrFuncAdd\000"
 1386      756E6341 
 1386      646400
 1387              	.LASF50:
 1388 0206 62757474 		.ascii	"buttonDebounceGetState\000"
 1388      6F6E4465 
 1388      626F756E 
 1388      63654765 
ARM GAS  C:\Users\TERENC~1\AppData\Local\Temp\ccJhPDRw.s 			page 30


 1388      74537461 
 1389              	.LASF40:
 1390 021d 62757474 		.ascii	"buttonDebounceState\000"
 1390      6F6E4465 
 1390      626F756E 
 1390      63655374 
 1390      61746500 
 1391              	.LASF10:
 1392 0231 6C6F6E67 		.ascii	"long long unsigned int\000"
 1392      206C6F6E 
 1392      6720756E 
 1392      7369676E 
 1392      65642069 
 1393              	.LASF15:
 1394 0248 75696E74 		.ascii	"uint8_t\000"
 1394      385F7400 
 1395              	.LASF29:
 1396 0250 42555454 		.ascii	"BUTTON_DEBOUNCE_EVT_e\000"
 1396      4F4E5F44 
 1396      45424F55 
 1396      4E43455F 
 1396      4556545F 
 1397              	.LASF46:
 1398 0266 474E5520 		.ascii	"GNU C11 5.4.1 20160609 (release) [ARM/embedded-5-br"
 1398      43313120 
 1398      352E342E 
 1398      31203230 
 1398      31363036 
 1399 0299 616E6368 		.ascii	"anch revision 237715] -mcpu=cortex-m0 -mthumb -g -O"
 1399      20726576 
 1399      6973696F 
 1399      6E203233 
 1399      37373135 
 1400 02cc 67202D66 		.ascii	"g -ffunction-sections -ffat-lto-objects\000"
 1400      66756E63 
 1400      74696F6E 
 1400      2D736563 
 1400      74696F6E 
 1401              	.LASF13:
 1402 02f4 73697A65 		.ascii	"sizetype\000"
 1402      74797065 
 1402      00
 1403              	.LASF42:
 1404 02fd 42544E5F 		.ascii	"BTN_Read\000"
 1404      52656164 
 1404      00
 1405              	.LASF9:
 1406 0306 6C6F6E67 		.ascii	"long long int\000"
 1406      206C6F6E 
 1406      6720696E 
 1406      7400
 1407              	.LASF31:
 1408 0314 62757474 		.ascii	"buttonDebounceEventHandler\000"
 1408      6F6E4465 
 1408      626F756E 
 1408      63654576 
 1408      656E7448 
ARM GAS  C:\Users\TERENC~1\AppData\Local\Temp\ccJhPDRw.s 			page 31


 1409              	.LASF39:
 1410 032f 62757474 		.ascii	"buttonVotesOfConfidence\000"
 1410      6F6E566F 
 1410      7465734F 
 1410      66436F6E 
 1410      66696465 
 1411              	.LASF2:
 1412 0347 73686F72 		.ascii	"short int\000"
 1412      7420696E 
 1412      7400
 1413              	.LASF41:
 1414 0351 62757474 		.ascii	"buttonDebounceTimer\000"
 1414      6F6E4465 
 1414      626F756E 
 1414      63655469 
 1414      6D657200 
 1415              	.LASF16:
 1416 0365 75696E74 		.ascii	"uint16_t\000"
 1416      31365F74 
 1416      00
 1417              	.LASF17:
 1418 036e 75696E74 		.ascii	"uint32_t\000"
 1418      33325F74 
 1418      00
 1419              	.LASF6:
 1420 0377 6C6F6E67 		.ascii	"long int\000"
 1420      20696E74 
 1420      00
 1421              	.LASF14:
 1422 0380 63686172 		.ascii	"char\000"
 1422      00
 1423              	.LASF12:
 1424 0385 6C6F6E67 		.ascii	"long double\000"
 1424      20646F75 
 1424      626C6500 
 1425              	.LASF0:
 1426 0391 7369676E 		.ascii	"signed char\000"
 1426      65642063 
 1426      68617200 
 1427              	.LASF33:
 1428 039d 5F426F6F 		.ascii	"_Bool\000"
 1428      6C00
 1429              	.LASF24:
 1430 03a3 42555454 		.ascii	"BUTTON_DEBOUNCE_STATE_DEBOUNCING\000"
 1430      4F4E5F44 
 1430      45424F55 
 1430      4E43455F 
 1430      53544154 
 1431              		.ident	"GCC: (GNU Tools for ARM Embedded Processors) 5.4.1 20160609 (release) [ARM/embedded-5-bran
