ARM GAS  C:\Users\TERENC~1\AppData\Local\Temp\cc4DAVPa.s 			page 1


   1              		.syntax unified
   2              		.cpu cortex-m0
   3              		.fpu softvfp
   4              		.eabi_attribute 20, 1
   5              		.eabi_attribute 21, 1
   6              		.eabi_attribute 23, 3
   7              		.eabi_attribute 24, 1
   8              		.eabi_attribute 25, 1
   9              		.eabi_attribute 26, 1
  10              		.eabi_attribute 30, 1
  11              		.eabi_attribute 34, 0
  12              		.eabi_attribute 18, 4
  13              		.thumb
  14              		.syntax unified
  15              		.file	"isr_Button.c"
  16              		.text
  17              	.Ltext0:
  18              		.cfi_sections	.debug_frame
  19              		.section	.text.isr_Button_Interrupt,"ax",%progbits
  20              		.align	2
  21              		.global	isr_Button_Interrupt
  22              		.code	16
  23              		.thumb_func
  24              		.type	isr_Button_Interrupt, %function
  25              	isr_Button_Interrupt:
  26              	.LFB4:
  27              		.file 1 "Generated_Source\\PSoC4\\isr_Button.c"
   1:Generated_Source\PSoC4/isr_Button.c **** /*******************************************************************************
   2:Generated_Source\PSoC4/isr_Button.c **** * File Name: isr_Button.c  
   3:Generated_Source\PSoC4/isr_Button.c **** * Version 1.70
   4:Generated_Source\PSoC4/isr_Button.c **** *
   5:Generated_Source\PSoC4/isr_Button.c **** *  Description:
   6:Generated_Source\PSoC4/isr_Button.c **** *   API for controlling the state of an interrupt.
   7:Generated_Source\PSoC4/isr_Button.c **** *
   8:Generated_Source\PSoC4/isr_Button.c **** *
   9:Generated_Source\PSoC4/isr_Button.c **** *  Note:
  10:Generated_Source\PSoC4/isr_Button.c **** *
  11:Generated_Source\PSoC4/isr_Button.c **** ********************************************************************************
  12:Generated_Source\PSoC4/isr_Button.c **** * Copyright 2008-2015, Cypress Semiconductor Corporation.  All rights reserved.
  13:Generated_Source\PSoC4/isr_Button.c **** * You may use this file only in accordance with the license, terms, conditions, 
  14:Generated_Source\PSoC4/isr_Button.c **** * disclaimers, and limitations in the end user license agreement accompanying 
  15:Generated_Source\PSoC4/isr_Button.c **** * the software package with which this file was provided.
  16:Generated_Source\PSoC4/isr_Button.c **** *******************************************************************************/
  17:Generated_Source\PSoC4/isr_Button.c **** 
  18:Generated_Source\PSoC4/isr_Button.c **** 
  19:Generated_Source\PSoC4/isr_Button.c **** #include <cydevice_trm.h>
  20:Generated_Source\PSoC4/isr_Button.c **** #include <CyLib.h>
  21:Generated_Source\PSoC4/isr_Button.c **** #include <isr_Button.h>
  22:Generated_Source\PSoC4/isr_Button.c **** #include "cyapicallbacks.h"
  23:Generated_Source\PSoC4/isr_Button.c **** 
  24:Generated_Source\PSoC4/isr_Button.c **** #if !defined(isr_Button__REMOVED) /* Check for removal by optimization */
  25:Generated_Source\PSoC4/isr_Button.c **** 
  26:Generated_Source\PSoC4/isr_Button.c **** /*******************************************************************************
  27:Generated_Source\PSoC4/isr_Button.c **** *  Place your includes, defines and code here 
  28:Generated_Source\PSoC4/isr_Button.c **** ********************************************************************************/
  29:Generated_Source\PSoC4/isr_Button.c **** /* `#START isr_Button_intc` */
  30:Generated_Source\PSoC4/isr_Button.c **** 
ARM GAS  C:\Users\TERENC~1\AppData\Local\Temp\cc4DAVPa.s 			page 2


  31:Generated_Source\PSoC4/isr_Button.c **** /* `#END` */
  32:Generated_Source\PSoC4/isr_Button.c **** 
  33:Generated_Source\PSoC4/isr_Button.c **** extern cyisraddress CyRamVectors[CYINT_IRQ_BASE + CY_NUM_INTERRUPTS];
  34:Generated_Source\PSoC4/isr_Button.c **** 
  35:Generated_Source\PSoC4/isr_Button.c **** /* Declared in startup, used to set unused interrupts to. */
  36:Generated_Source\PSoC4/isr_Button.c **** CY_ISR_PROTO(IntDefaultHandler);
  37:Generated_Source\PSoC4/isr_Button.c **** 
  38:Generated_Source\PSoC4/isr_Button.c **** 
  39:Generated_Source\PSoC4/isr_Button.c **** /*******************************************************************************
  40:Generated_Source\PSoC4/isr_Button.c **** * Function Name: isr_Button_Start
  41:Generated_Source\PSoC4/isr_Button.c **** ********************************************************************************
  42:Generated_Source\PSoC4/isr_Button.c **** *
  43:Generated_Source\PSoC4/isr_Button.c **** * Summary:
  44:Generated_Source\PSoC4/isr_Button.c **** *  Set up the interrupt and enable it. This function disables the interrupt, 
  45:Generated_Source\PSoC4/isr_Button.c **** *  sets the default interrupt vector, sets the priority from the value in the
  46:Generated_Source\PSoC4/isr_Button.c **** *  Design Wide Resources Interrupt Editor, then enables the interrupt to the 
  47:Generated_Source\PSoC4/isr_Button.c **** *  interrupt controller.
  48:Generated_Source\PSoC4/isr_Button.c **** *
  49:Generated_Source\PSoC4/isr_Button.c **** * Parameters:  
  50:Generated_Source\PSoC4/isr_Button.c **** *   None
  51:Generated_Source\PSoC4/isr_Button.c **** *
  52:Generated_Source\PSoC4/isr_Button.c **** * Return:
  53:Generated_Source\PSoC4/isr_Button.c **** *   None
  54:Generated_Source\PSoC4/isr_Button.c **** *
  55:Generated_Source\PSoC4/isr_Button.c **** *******************************************************************************/
  56:Generated_Source\PSoC4/isr_Button.c **** void isr_Button_Start(void)
  57:Generated_Source\PSoC4/isr_Button.c **** {
  58:Generated_Source\PSoC4/isr_Button.c ****     /* For all we know the interrupt is active. */
  59:Generated_Source\PSoC4/isr_Button.c ****     isr_Button_Disable();
  60:Generated_Source\PSoC4/isr_Button.c **** 
  61:Generated_Source\PSoC4/isr_Button.c ****     /* Set the ISR to point to the isr_Button Interrupt. */
  62:Generated_Source\PSoC4/isr_Button.c ****     isr_Button_SetVector(&isr_Button_Interrupt);
  63:Generated_Source\PSoC4/isr_Button.c **** 
  64:Generated_Source\PSoC4/isr_Button.c ****     /* Set the priority. */
  65:Generated_Source\PSoC4/isr_Button.c ****     isr_Button_SetPriority((uint8)isr_Button_INTC_PRIOR_NUMBER);
  66:Generated_Source\PSoC4/isr_Button.c **** 
  67:Generated_Source\PSoC4/isr_Button.c ****     /* Enable it. */
  68:Generated_Source\PSoC4/isr_Button.c ****     isr_Button_Enable();
  69:Generated_Source\PSoC4/isr_Button.c **** }
  70:Generated_Source\PSoC4/isr_Button.c **** 
  71:Generated_Source\PSoC4/isr_Button.c **** 
  72:Generated_Source\PSoC4/isr_Button.c **** /*******************************************************************************
  73:Generated_Source\PSoC4/isr_Button.c **** * Function Name: isr_Button_StartEx
  74:Generated_Source\PSoC4/isr_Button.c **** ********************************************************************************
  75:Generated_Source\PSoC4/isr_Button.c **** *
  76:Generated_Source\PSoC4/isr_Button.c **** * Summary:
  77:Generated_Source\PSoC4/isr_Button.c **** *  Sets up the interrupt and enables it. This function disables the interrupt,
  78:Generated_Source\PSoC4/isr_Button.c **** *  sets the interrupt vector based on the address passed in, sets the priority 
  79:Generated_Source\PSoC4/isr_Button.c **** *  from the value in the Design Wide Resources Interrupt Editor, then enables 
  80:Generated_Source\PSoC4/isr_Button.c **** *  the interrupt to the interrupt controller.
  81:Generated_Source\PSoC4/isr_Button.c **** *  
  82:Generated_Source\PSoC4/isr_Button.c **** *  When defining ISR functions, the CY_ISR and CY_ISR_PROTO macros should be 
  83:Generated_Source\PSoC4/isr_Button.c **** *  used to provide consistent definition across compilers:
  84:Generated_Source\PSoC4/isr_Button.c **** *  
  85:Generated_Source\PSoC4/isr_Button.c **** *  Function definition example:
  86:Generated_Source\PSoC4/isr_Button.c **** *   CY_ISR(MyISR)
  87:Generated_Source\PSoC4/isr_Button.c **** *   {
ARM GAS  C:\Users\TERENC~1\AppData\Local\Temp\cc4DAVPa.s 			page 3


  88:Generated_Source\PSoC4/isr_Button.c **** *   }
  89:Generated_Source\PSoC4/isr_Button.c **** *   Function prototype example:
  90:Generated_Source\PSoC4/isr_Button.c **** *   CY_ISR_PROTO(MyISR);
  91:Generated_Source\PSoC4/isr_Button.c **** *
  92:Generated_Source\PSoC4/isr_Button.c **** * Parameters:  
  93:Generated_Source\PSoC4/isr_Button.c **** *   address: Address of the ISR to set in the interrupt vector table.
  94:Generated_Source\PSoC4/isr_Button.c **** *
  95:Generated_Source\PSoC4/isr_Button.c **** * Return:
  96:Generated_Source\PSoC4/isr_Button.c **** *   None
  97:Generated_Source\PSoC4/isr_Button.c **** *
  98:Generated_Source\PSoC4/isr_Button.c **** *******************************************************************************/
  99:Generated_Source\PSoC4/isr_Button.c **** void isr_Button_StartEx(cyisraddress address)
 100:Generated_Source\PSoC4/isr_Button.c **** {
 101:Generated_Source\PSoC4/isr_Button.c ****     /* For all we know the interrupt is active. */
 102:Generated_Source\PSoC4/isr_Button.c ****     isr_Button_Disable();
 103:Generated_Source\PSoC4/isr_Button.c **** 
 104:Generated_Source\PSoC4/isr_Button.c ****     /* Set the ISR to point to the isr_Button Interrupt. */
 105:Generated_Source\PSoC4/isr_Button.c ****     isr_Button_SetVector(address);
 106:Generated_Source\PSoC4/isr_Button.c **** 
 107:Generated_Source\PSoC4/isr_Button.c ****     /* Set the priority. */
 108:Generated_Source\PSoC4/isr_Button.c ****     isr_Button_SetPriority((uint8)isr_Button_INTC_PRIOR_NUMBER);
 109:Generated_Source\PSoC4/isr_Button.c **** 
 110:Generated_Source\PSoC4/isr_Button.c ****     /* Enable it. */
 111:Generated_Source\PSoC4/isr_Button.c ****     isr_Button_Enable();
 112:Generated_Source\PSoC4/isr_Button.c **** }
 113:Generated_Source\PSoC4/isr_Button.c **** 
 114:Generated_Source\PSoC4/isr_Button.c **** 
 115:Generated_Source\PSoC4/isr_Button.c **** /*******************************************************************************
 116:Generated_Source\PSoC4/isr_Button.c **** * Function Name: isr_Button_Stop
 117:Generated_Source\PSoC4/isr_Button.c **** ********************************************************************************
 118:Generated_Source\PSoC4/isr_Button.c **** *
 119:Generated_Source\PSoC4/isr_Button.c **** * Summary:
 120:Generated_Source\PSoC4/isr_Button.c **** *   Disables and removes the interrupt.
 121:Generated_Source\PSoC4/isr_Button.c **** *
 122:Generated_Source\PSoC4/isr_Button.c **** * Parameters:  
 123:Generated_Source\PSoC4/isr_Button.c **** *   None
 124:Generated_Source\PSoC4/isr_Button.c **** *
 125:Generated_Source\PSoC4/isr_Button.c **** * Return:
 126:Generated_Source\PSoC4/isr_Button.c **** *   None
 127:Generated_Source\PSoC4/isr_Button.c **** *
 128:Generated_Source\PSoC4/isr_Button.c **** *******************************************************************************/
 129:Generated_Source\PSoC4/isr_Button.c **** void isr_Button_Stop(void)
 130:Generated_Source\PSoC4/isr_Button.c **** {
 131:Generated_Source\PSoC4/isr_Button.c ****     /* Disable this interrupt. */
 132:Generated_Source\PSoC4/isr_Button.c ****     isr_Button_Disable();
 133:Generated_Source\PSoC4/isr_Button.c **** 
 134:Generated_Source\PSoC4/isr_Button.c ****     /* Set the ISR to point to the passive one. */
 135:Generated_Source\PSoC4/isr_Button.c ****     isr_Button_SetVector(&IntDefaultHandler);
 136:Generated_Source\PSoC4/isr_Button.c **** }
 137:Generated_Source\PSoC4/isr_Button.c **** 
 138:Generated_Source\PSoC4/isr_Button.c **** 
 139:Generated_Source\PSoC4/isr_Button.c **** /*******************************************************************************
 140:Generated_Source\PSoC4/isr_Button.c **** * Function Name: isr_Button_Interrupt
 141:Generated_Source\PSoC4/isr_Button.c **** ********************************************************************************
 142:Generated_Source\PSoC4/isr_Button.c **** *
 143:Generated_Source\PSoC4/isr_Button.c **** * Summary:
 144:Generated_Source\PSoC4/isr_Button.c **** *   The default Interrupt Service Routine for isr_Button.
ARM GAS  C:\Users\TERENC~1\AppData\Local\Temp\cc4DAVPa.s 			page 4


 145:Generated_Source\PSoC4/isr_Button.c **** *
 146:Generated_Source\PSoC4/isr_Button.c **** *   Add custom code between the START and END comments to keep the next version
 147:Generated_Source\PSoC4/isr_Button.c **** *   of this file from over-writing your code.
 148:Generated_Source\PSoC4/isr_Button.c **** *
 149:Generated_Source\PSoC4/isr_Button.c **** *   Note You may use either the default ISR by using this API, or you may define
 150:Generated_Source\PSoC4/isr_Button.c **** *   your own separate ISR through ISR_StartEx().
 151:Generated_Source\PSoC4/isr_Button.c **** *
 152:Generated_Source\PSoC4/isr_Button.c **** * Parameters:  
 153:Generated_Source\PSoC4/isr_Button.c **** *   None
 154:Generated_Source\PSoC4/isr_Button.c **** *
 155:Generated_Source\PSoC4/isr_Button.c **** * Return:
 156:Generated_Source\PSoC4/isr_Button.c **** *   None
 157:Generated_Source\PSoC4/isr_Button.c **** *
 158:Generated_Source\PSoC4/isr_Button.c **** *******************************************************************************/
 159:Generated_Source\PSoC4/isr_Button.c **** CY_ISR(isr_Button_Interrupt)
 160:Generated_Source\PSoC4/isr_Button.c **** {
  28              		.loc 1 160 0
  29              		.cfi_startproc
  30              		@ args = 0, pretend = 0, frame = 0
  31              		@ frame_needed = 0, uses_anonymous_args = 0
  32 0000 10B5     		push	{r4, lr}
  33              		.cfi_def_cfa_offset 8
  34              		.cfi_offset 4, -8
  35              		.cfi_offset 14, -4
 161:Generated_Source\PSoC4/isr_Button.c ****     #ifdef isr_Button_INTERRUPT_INTERRUPT_CALLBACK
 162:Generated_Source\PSoC4/isr_Button.c ****         isr_Button_Interrupt_InterruptCallback();
 163:Generated_Source\PSoC4/isr_Button.c ****     #endif /* isr_Button_INTERRUPT_INTERRUPT_CALLBACK */ 
 164:Generated_Source\PSoC4/isr_Button.c **** 
 165:Generated_Source\PSoC4/isr_Button.c ****     /*  Place your Interrupt code here. */
 166:Generated_Source\PSoC4/isr_Button.c ****     /* `#START isr_Button_Interrupt` */
 167:Generated_Source\PSoC4/isr_Button.c ****     #include <BTN.h>
 168:Generated_Source\PSoC4/isr_Button.c ****     #include <Button.h>
 169:Generated_Source\PSoC4/isr_Button.c ****     if (BTN_INTSTAT & (0x01u << BTN_SHIFT))
  36              		.loc 1 169 0
  37 0002 044B     		ldr	r3, .L3
  38 0004 1B68     		ldr	r3, [r3]
  39 0006 1B07     		lsls	r3, r3, #28
  40 0008 03D5     		bpl	.L1
 170:Generated_Source\PSoC4/isr_Button.c ****     {        
 171:Generated_Source\PSoC4/isr_Button.c ****         buttonEdgeDetected();
  41              		.loc 1 171 0
  42 000a FFF7FEFF 		bl	buttonEdgeDetected
  43              	.LVL0:
 172:Generated_Source\PSoC4/isr_Button.c ****         BTN_ClearInterrupt();
  44              		.loc 1 172 0
  45 000e FFF7FEFF 		bl	BTN_ClearInterrupt
  46              	.LVL1:
  47              	.L1:
 173:Generated_Source\PSoC4/isr_Button.c ****     }
 174:Generated_Source\PSoC4/isr_Button.c **** 
 175:Generated_Source\PSoC4/isr_Button.c ****     /* `#END` */
 176:Generated_Source\PSoC4/isr_Button.c **** }
  48              		.loc 1 176 0
  49              		@ sp needed
  50 0012 10BD     		pop	{r4, pc}
  51              	.L4:
  52              		.align	2
ARM GAS  C:\Users\TERENC~1\AppData\Local\Temp\cc4DAVPa.s 			page 5


  53              	.L3:
  54 0014 10000440 		.word	1074003984
  55              		.cfi_endproc
  56              	.LFE4:
  57              		.size	isr_Button_Interrupt, .-isr_Button_Interrupt
  58              		.section	.text.isr_Button_SetVector,"ax",%progbits
  59              		.align	2
  60              		.global	isr_Button_SetVector
  61              		.code	16
  62              		.thumb_func
  63              		.type	isr_Button_SetVector, %function
  64              	isr_Button_SetVector:
  65              	.LFB5:
 177:Generated_Source\PSoC4/isr_Button.c **** 
 178:Generated_Source\PSoC4/isr_Button.c **** 
 179:Generated_Source\PSoC4/isr_Button.c **** /*******************************************************************************
 180:Generated_Source\PSoC4/isr_Button.c **** * Function Name: isr_Button_SetVector
 181:Generated_Source\PSoC4/isr_Button.c **** ********************************************************************************
 182:Generated_Source\PSoC4/isr_Button.c **** *
 183:Generated_Source\PSoC4/isr_Button.c **** * Summary:
 184:Generated_Source\PSoC4/isr_Button.c **** *   Change the ISR vector for the Interrupt. Note calling isr_Button_Start
 185:Generated_Source\PSoC4/isr_Button.c **** *   will override any effect this method would have had. To set the vector 
 186:Generated_Source\PSoC4/isr_Button.c **** *   before the component has been started use isr_Button_StartEx instead.
 187:Generated_Source\PSoC4/isr_Button.c **** * 
 188:Generated_Source\PSoC4/isr_Button.c **** *   When defining ISR functions, the CY_ISR and CY_ISR_PROTO macros should be 
 189:Generated_Source\PSoC4/isr_Button.c **** *   used to provide consistent definition across compilers:
 190:Generated_Source\PSoC4/isr_Button.c **** *
 191:Generated_Source\PSoC4/isr_Button.c **** *   Function definition example:
 192:Generated_Source\PSoC4/isr_Button.c **** *   CY_ISR(MyISR)
 193:Generated_Source\PSoC4/isr_Button.c **** *   {
 194:Generated_Source\PSoC4/isr_Button.c **** *   }
 195:Generated_Source\PSoC4/isr_Button.c **** *
 196:Generated_Source\PSoC4/isr_Button.c **** *   Function prototype example:
 197:Generated_Source\PSoC4/isr_Button.c **** *     CY_ISR_PROTO(MyISR);
 198:Generated_Source\PSoC4/isr_Button.c **** *
 199:Generated_Source\PSoC4/isr_Button.c **** * Parameters:
 200:Generated_Source\PSoC4/isr_Button.c **** *   address: Address of the ISR to set in the interrupt vector table.
 201:Generated_Source\PSoC4/isr_Button.c **** *
 202:Generated_Source\PSoC4/isr_Button.c **** * Return:
 203:Generated_Source\PSoC4/isr_Button.c **** *   None
 204:Generated_Source\PSoC4/isr_Button.c **** *
 205:Generated_Source\PSoC4/isr_Button.c **** *******************************************************************************/
 206:Generated_Source\PSoC4/isr_Button.c **** void isr_Button_SetVector(cyisraddress address)
 207:Generated_Source\PSoC4/isr_Button.c **** {
  66              		.loc 1 207 0
  67              		.cfi_startproc
  68              		@ args = 0, pretend = 0, frame = 0
  69              		@ frame_needed = 0, uses_anonymous_args = 0
  70              		@ link register save eliminated.
  71              	.LVL2:
 208:Generated_Source\PSoC4/isr_Button.c ****     CyRamVectors[CYINT_IRQ_BASE + isr_Button__INTC_NUMBER] = address;
  72              		.loc 1 208 0
  73 0000 014B     		ldr	r3, .L6
  74 0002 1864     		str	r0, [r3, #64]
 209:Generated_Source\PSoC4/isr_Button.c **** }
  75              		.loc 1 209 0
  76              		@ sp needed
ARM GAS  C:\Users\TERENC~1\AppData\Local\Temp\cc4DAVPa.s 			page 6


  77 0004 7047     		bx	lr
  78              	.L7:
  79 0006 C046     		.align	2
  80              	.L6:
  81 0008 00000000 		.word	CyRamVectors
  82              		.cfi_endproc
  83              	.LFE5:
  84              		.size	isr_Button_SetVector, .-isr_Button_SetVector
  85              		.section	.text.isr_Button_GetVector,"ax",%progbits
  86              		.align	2
  87              		.global	isr_Button_GetVector
  88              		.code	16
  89              		.thumb_func
  90              		.type	isr_Button_GetVector, %function
  91              	isr_Button_GetVector:
  92              	.LFB6:
 210:Generated_Source\PSoC4/isr_Button.c **** 
 211:Generated_Source\PSoC4/isr_Button.c **** 
 212:Generated_Source\PSoC4/isr_Button.c **** /*******************************************************************************
 213:Generated_Source\PSoC4/isr_Button.c **** * Function Name: isr_Button_GetVector
 214:Generated_Source\PSoC4/isr_Button.c **** ********************************************************************************
 215:Generated_Source\PSoC4/isr_Button.c **** *
 216:Generated_Source\PSoC4/isr_Button.c **** * Summary:
 217:Generated_Source\PSoC4/isr_Button.c **** *   Gets the "address" of the current ISR vector for the Interrupt.
 218:Generated_Source\PSoC4/isr_Button.c **** *
 219:Generated_Source\PSoC4/isr_Button.c **** * Parameters:
 220:Generated_Source\PSoC4/isr_Button.c **** *   None
 221:Generated_Source\PSoC4/isr_Button.c **** *
 222:Generated_Source\PSoC4/isr_Button.c **** * Return:
 223:Generated_Source\PSoC4/isr_Button.c **** *   Address of the ISR in the interrupt vector table.
 224:Generated_Source\PSoC4/isr_Button.c **** *
 225:Generated_Source\PSoC4/isr_Button.c **** *******************************************************************************/
 226:Generated_Source\PSoC4/isr_Button.c **** cyisraddress isr_Button_GetVector(void)
 227:Generated_Source\PSoC4/isr_Button.c **** {
  93              		.loc 1 227 0
  94              		.cfi_startproc
  95              		@ args = 0, pretend = 0, frame = 0
  96              		@ frame_needed = 0, uses_anonymous_args = 0
  97              		@ link register save eliminated.
 228:Generated_Source\PSoC4/isr_Button.c ****     return CyRamVectors[CYINT_IRQ_BASE + isr_Button__INTC_NUMBER];
  98              		.loc 1 228 0
  99 0000 014B     		ldr	r3, .L9
 100 0002 186C     		ldr	r0, [r3, #64]
 229:Generated_Source\PSoC4/isr_Button.c **** }
 101              		.loc 1 229 0
 102              		@ sp needed
 103 0004 7047     		bx	lr
 104              	.L10:
 105 0006 C046     		.align	2
 106              	.L9:
 107 0008 00000000 		.word	CyRamVectors
 108              		.cfi_endproc
 109              	.LFE6:
 110              		.size	isr_Button_GetVector, .-isr_Button_GetVector
 111              		.section	.text.isr_Button_SetPriority,"ax",%progbits
 112              		.align	2
 113              		.global	isr_Button_SetPriority
ARM GAS  C:\Users\TERENC~1\AppData\Local\Temp\cc4DAVPa.s 			page 7


 114              		.code	16
 115              		.thumb_func
 116              		.type	isr_Button_SetPriority, %function
 117              	isr_Button_SetPriority:
 118              	.LFB7:
 230:Generated_Source\PSoC4/isr_Button.c **** 
 231:Generated_Source\PSoC4/isr_Button.c **** 
 232:Generated_Source\PSoC4/isr_Button.c **** /*******************************************************************************
 233:Generated_Source\PSoC4/isr_Button.c **** * Function Name: isr_Button_SetPriority
 234:Generated_Source\PSoC4/isr_Button.c **** ********************************************************************************
 235:Generated_Source\PSoC4/isr_Button.c **** *
 236:Generated_Source\PSoC4/isr_Button.c **** * Summary:
 237:Generated_Source\PSoC4/isr_Button.c **** *   Sets the Priority of the Interrupt. 
 238:Generated_Source\PSoC4/isr_Button.c **** *
 239:Generated_Source\PSoC4/isr_Button.c **** *   Note calling isr_Button_Start or isr_Button_StartEx will 
 240:Generated_Source\PSoC4/isr_Button.c **** *   override any effect this API would have had. This API should only be called
 241:Generated_Source\PSoC4/isr_Button.c **** *   after isr_Button_Start or isr_Button_StartEx has been called. 
 242:Generated_Source\PSoC4/isr_Button.c **** *   To set the initial priority for the component, use the Design-Wide Resources
 243:Generated_Source\PSoC4/isr_Button.c **** *   Interrupt Editor.
 244:Generated_Source\PSoC4/isr_Button.c **** *
 245:Generated_Source\PSoC4/isr_Button.c **** *   Note This API has no effect on Non-maskable interrupt NMI).
 246:Generated_Source\PSoC4/isr_Button.c **** *
 247:Generated_Source\PSoC4/isr_Button.c **** * Parameters:
 248:Generated_Source\PSoC4/isr_Button.c **** *   priority: Priority of the interrupt, 0 being the highest priority
 249:Generated_Source\PSoC4/isr_Button.c **** *             PSoC 3 and PSoC 5LP: Priority is from 0 to 7.
 250:Generated_Source\PSoC4/isr_Button.c **** *             PSoC 4: Priority is from 0 to 3.
 251:Generated_Source\PSoC4/isr_Button.c **** *
 252:Generated_Source\PSoC4/isr_Button.c **** * Return:
 253:Generated_Source\PSoC4/isr_Button.c **** *   None
 254:Generated_Source\PSoC4/isr_Button.c **** *
 255:Generated_Source\PSoC4/isr_Button.c **** *******************************************************************************/
 256:Generated_Source\PSoC4/isr_Button.c **** void isr_Button_SetPriority(uint8 priority)
 257:Generated_Source\PSoC4/isr_Button.c **** {
 119              		.loc 1 257 0
 120              		.cfi_startproc
 121              		@ args = 0, pretend = 0, frame = 0
 122              		@ frame_needed = 0, uses_anonymous_args = 0
 123              	.LVL3:
 124 0000 10B5     		push	{r4, lr}
 125              		.cfi_def_cfa_offset 8
 126              		.cfi_offset 4, -8
 127              		.cfi_offset 14, -4
 128 0002 0400     		movs	r4, r0
 129              	.LVL4:
 258:Generated_Source\PSoC4/isr_Button.c **** 	uint8 interruptState;
 259:Generated_Source\PSoC4/isr_Button.c ****     uint32 priorityOffset = ((isr_Button__INTC_NUMBER % 4u) * 8u) + 6u;
 260:Generated_Source\PSoC4/isr_Button.c ****     
 261:Generated_Source\PSoC4/isr_Button.c **** 	interruptState = CyEnterCriticalSection();
 130              		.loc 1 261 0
 131 0004 FFF7FEFF 		bl	CyEnterCriticalSection
 132              	.LVL5:
 262:Generated_Source\PSoC4/isr_Button.c ****     *isr_Button_INTC_PRIOR = (*isr_Button_INTC_PRIOR & (uint32)(~isr_Button__INTC_PRIOR_MASK)) |
 133              		.loc 1 262 0
 134 0008 044A     		ldr	r2, .L12
 135 000a 1368     		ldr	r3, [r2]
 136 000c C021     		movs	r1, #192
 137 000e 8B43     		bics	r3, r1
ARM GAS  C:\Users\TERENC~1\AppData\Local\Temp\cc4DAVPa.s 			page 8


 263:Generated_Source\PSoC4/isr_Button.c ****                                     ((uint32)priority << priorityOffset);
 138              		.loc 1 263 0
 139 0010 A401     		lsls	r4, r4, #6
 262:Generated_Source\PSoC4/isr_Button.c ****     *isr_Button_INTC_PRIOR = (*isr_Button_INTC_PRIOR & (uint32)(~isr_Button__INTC_PRIOR_MASK)) |
 140              		.loc 1 262 0
 141 0012 1C43     		orrs	r4, r3
 142 0014 1460     		str	r4, [r2]
 264:Generated_Source\PSoC4/isr_Button.c **** 	CyExitCriticalSection(interruptState);
 143              		.loc 1 264 0
 144 0016 FFF7FEFF 		bl	CyExitCriticalSection
 145              	.LVL6:
 265:Generated_Source\PSoC4/isr_Button.c **** }
 146              		.loc 1 265 0
 147              		@ sp needed
 148 001a 10BD     		pop	{r4, pc}
 149              	.L13:
 150              		.align	2
 151              	.L12:
 152 001c 00E400E0 		.word	-536812544
 153              		.cfi_endproc
 154              	.LFE7:
 155              		.size	isr_Button_SetPriority, .-isr_Button_SetPriority
 156              		.section	.text.isr_Button_GetPriority,"ax",%progbits
 157              		.align	2
 158              		.global	isr_Button_GetPriority
 159              		.code	16
 160              		.thumb_func
 161              		.type	isr_Button_GetPriority, %function
 162              	isr_Button_GetPriority:
 163              	.LFB8:
 266:Generated_Source\PSoC4/isr_Button.c **** 
 267:Generated_Source\PSoC4/isr_Button.c **** 
 268:Generated_Source\PSoC4/isr_Button.c **** /*******************************************************************************
 269:Generated_Source\PSoC4/isr_Button.c **** * Function Name: isr_Button_GetPriority
 270:Generated_Source\PSoC4/isr_Button.c **** ********************************************************************************
 271:Generated_Source\PSoC4/isr_Button.c **** *
 272:Generated_Source\PSoC4/isr_Button.c **** * Summary:
 273:Generated_Source\PSoC4/isr_Button.c **** *   Gets the Priority of the Interrupt.
 274:Generated_Source\PSoC4/isr_Button.c **** *
 275:Generated_Source\PSoC4/isr_Button.c **** * Parameters:
 276:Generated_Source\PSoC4/isr_Button.c **** *   None
 277:Generated_Source\PSoC4/isr_Button.c **** *
 278:Generated_Source\PSoC4/isr_Button.c **** * Return:
 279:Generated_Source\PSoC4/isr_Button.c **** *   Priority of the interrupt, 0 being the highest priority
 280:Generated_Source\PSoC4/isr_Button.c **** *    PSoC 3 and PSoC 5LP: Priority is from 0 to 7.
 281:Generated_Source\PSoC4/isr_Button.c **** *    PSoC 4: Priority is from 0 to 3.
 282:Generated_Source\PSoC4/isr_Button.c **** *
 283:Generated_Source\PSoC4/isr_Button.c **** *******************************************************************************/
 284:Generated_Source\PSoC4/isr_Button.c **** uint8 isr_Button_GetPriority(void)
 285:Generated_Source\PSoC4/isr_Button.c **** {
 164              		.loc 1 285 0
 165              		.cfi_startproc
 166              		@ args = 0, pretend = 0, frame = 0
 167              		@ frame_needed = 0, uses_anonymous_args = 0
 168              		@ link register save eliminated.
 169              	.LVL7:
 286:Generated_Source\PSoC4/isr_Button.c ****     uint32 priority;
ARM GAS  C:\Users\TERENC~1\AppData\Local\Temp\cc4DAVPa.s 			page 9


 287:Generated_Source\PSoC4/isr_Button.c **** 	uint32 priorityOffset = ((isr_Button__INTC_NUMBER % 4u) * 8u) + 6u;
 288:Generated_Source\PSoC4/isr_Button.c **** 
 289:Generated_Source\PSoC4/isr_Button.c ****     priority = (*isr_Button_INTC_PRIOR & isr_Button__INTC_PRIOR_MASK) >> priorityOffset;
 170              		.loc 1 289 0
 171 0000 024B     		ldr	r3, .L15
 172 0002 1868     		ldr	r0, [r3]
 173 0004 8009     		lsrs	r0, r0, #6
 174              	.LVL8:
 290:Generated_Source\PSoC4/isr_Button.c **** 
 291:Generated_Source\PSoC4/isr_Button.c ****     return (uint8)priority;
 175              		.loc 1 291 0
 176 0006 0323     		movs	r3, #3
 177 0008 1840     		ands	r0, r3
 178              	.LVL9:
 292:Generated_Source\PSoC4/isr_Button.c **** }
 179              		.loc 1 292 0
 180              		@ sp needed
 181 000a 7047     		bx	lr
 182              	.L16:
 183              		.align	2
 184              	.L15:
 185 000c 00E400E0 		.word	-536812544
 186              		.cfi_endproc
 187              	.LFE8:
 188              		.size	isr_Button_GetPriority, .-isr_Button_GetPriority
 189              		.section	.text.isr_Button_Enable,"ax",%progbits
 190              		.align	2
 191              		.global	isr_Button_Enable
 192              		.code	16
 193              		.thumb_func
 194              		.type	isr_Button_Enable, %function
 195              	isr_Button_Enable:
 196              	.LFB9:
 293:Generated_Source\PSoC4/isr_Button.c **** 
 294:Generated_Source\PSoC4/isr_Button.c **** 
 295:Generated_Source\PSoC4/isr_Button.c **** /*******************************************************************************
 296:Generated_Source\PSoC4/isr_Button.c **** * Function Name: isr_Button_Enable
 297:Generated_Source\PSoC4/isr_Button.c **** ********************************************************************************
 298:Generated_Source\PSoC4/isr_Button.c **** *
 299:Generated_Source\PSoC4/isr_Button.c **** * Summary:
 300:Generated_Source\PSoC4/isr_Button.c **** *   Enables the interrupt to the interrupt controller. Do not call this function
 301:Generated_Source\PSoC4/isr_Button.c **** *   unless ISR_Start() has been called or the functionality of the ISR_Start() 
 302:Generated_Source\PSoC4/isr_Button.c **** *   function, which sets the vector and the priority, has been called.
 303:Generated_Source\PSoC4/isr_Button.c **** *
 304:Generated_Source\PSoC4/isr_Button.c **** * Parameters:
 305:Generated_Source\PSoC4/isr_Button.c **** *   None
 306:Generated_Source\PSoC4/isr_Button.c **** *
 307:Generated_Source\PSoC4/isr_Button.c **** * Return:
 308:Generated_Source\PSoC4/isr_Button.c **** *   None
 309:Generated_Source\PSoC4/isr_Button.c **** *
 310:Generated_Source\PSoC4/isr_Button.c **** *******************************************************************************/
 311:Generated_Source\PSoC4/isr_Button.c **** void isr_Button_Enable(void)
 312:Generated_Source\PSoC4/isr_Button.c **** {
 197              		.loc 1 312 0
 198              		.cfi_startproc
 199              		@ args = 0, pretend = 0, frame = 0
 200              		@ frame_needed = 0, uses_anonymous_args = 0
ARM GAS  C:\Users\TERENC~1\AppData\Local\Temp\cc4DAVPa.s 			page 10


 201              		@ link register save eliminated.
 313:Generated_Source\PSoC4/isr_Button.c ****     /* Enable the general interrupt. */
 314:Generated_Source\PSoC4/isr_Button.c ****     *isr_Button_INTC_SET_EN = isr_Button__INTC_MASK;
 202              		.loc 1 314 0
 203 0000 0122     		movs	r2, #1
 204 0002 014B     		ldr	r3, .L18
 205 0004 1A60     		str	r2, [r3]
 315:Generated_Source\PSoC4/isr_Button.c **** }
 206              		.loc 1 315 0
 207              		@ sp needed
 208 0006 7047     		bx	lr
 209              	.L19:
 210              		.align	2
 211              	.L18:
 212 0008 00E100E0 		.word	-536813312
 213              		.cfi_endproc
 214              	.LFE9:
 215              		.size	isr_Button_Enable, .-isr_Button_Enable
 216              		.section	.text.isr_Button_GetState,"ax",%progbits
 217              		.align	2
 218              		.global	isr_Button_GetState
 219              		.code	16
 220              		.thumb_func
 221              		.type	isr_Button_GetState, %function
 222              	isr_Button_GetState:
 223              	.LFB10:
 316:Generated_Source\PSoC4/isr_Button.c **** 
 317:Generated_Source\PSoC4/isr_Button.c **** 
 318:Generated_Source\PSoC4/isr_Button.c **** /*******************************************************************************
 319:Generated_Source\PSoC4/isr_Button.c **** * Function Name: isr_Button_GetState
 320:Generated_Source\PSoC4/isr_Button.c **** ********************************************************************************
 321:Generated_Source\PSoC4/isr_Button.c **** *
 322:Generated_Source\PSoC4/isr_Button.c **** * Summary:
 323:Generated_Source\PSoC4/isr_Button.c **** *   Gets the state (enabled, disabled) of the Interrupt.
 324:Generated_Source\PSoC4/isr_Button.c **** *
 325:Generated_Source\PSoC4/isr_Button.c **** * Parameters:
 326:Generated_Source\PSoC4/isr_Button.c **** *   None
 327:Generated_Source\PSoC4/isr_Button.c **** *
 328:Generated_Source\PSoC4/isr_Button.c **** * Return:
 329:Generated_Source\PSoC4/isr_Button.c **** *   1 if enabled, 0 if disabled.
 330:Generated_Source\PSoC4/isr_Button.c **** *
 331:Generated_Source\PSoC4/isr_Button.c **** *******************************************************************************/
 332:Generated_Source\PSoC4/isr_Button.c **** uint8 isr_Button_GetState(void)
 333:Generated_Source\PSoC4/isr_Button.c **** {
 224              		.loc 1 333 0
 225              		.cfi_startproc
 226              		@ args = 0, pretend = 0, frame = 0
 227              		@ frame_needed = 0, uses_anonymous_args = 0
 228              		@ link register save eliminated.
 334:Generated_Source\PSoC4/isr_Button.c ****     /* Get the state of the general interrupt. */
 335:Generated_Source\PSoC4/isr_Button.c ****     return ((*isr_Button_INTC_SET_EN & (uint32)isr_Button__INTC_MASK) != 0u) ? 1u:0u;
 229              		.loc 1 335 0
 230 0000 024B     		ldr	r3, .L21
 231 0002 1B68     		ldr	r3, [r3]
 232 0004 0120     		movs	r0, #1
 233 0006 1840     		ands	r0, r3
 336:Generated_Source\PSoC4/isr_Button.c **** }
ARM GAS  C:\Users\TERENC~1\AppData\Local\Temp\cc4DAVPa.s 			page 11


 234              		.loc 1 336 0
 235              		@ sp needed
 236 0008 7047     		bx	lr
 237              	.L22:
 238 000a C046     		.align	2
 239              	.L21:
 240 000c 00E100E0 		.word	-536813312
 241              		.cfi_endproc
 242              	.LFE10:
 243              		.size	isr_Button_GetState, .-isr_Button_GetState
 244              		.section	.text.isr_Button_Disable,"ax",%progbits
 245              		.align	2
 246              		.global	isr_Button_Disable
 247              		.code	16
 248              		.thumb_func
 249              		.type	isr_Button_Disable, %function
 250              	isr_Button_Disable:
 251              	.LFB11:
 337:Generated_Source\PSoC4/isr_Button.c **** 
 338:Generated_Source\PSoC4/isr_Button.c **** 
 339:Generated_Source\PSoC4/isr_Button.c **** /*******************************************************************************
 340:Generated_Source\PSoC4/isr_Button.c **** * Function Name: isr_Button_Disable
 341:Generated_Source\PSoC4/isr_Button.c **** ********************************************************************************
 342:Generated_Source\PSoC4/isr_Button.c **** *
 343:Generated_Source\PSoC4/isr_Button.c **** * Summary:
 344:Generated_Source\PSoC4/isr_Button.c **** *   Disables the Interrupt in the interrupt controller.
 345:Generated_Source\PSoC4/isr_Button.c **** *
 346:Generated_Source\PSoC4/isr_Button.c **** * Parameters:
 347:Generated_Source\PSoC4/isr_Button.c **** *   None
 348:Generated_Source\PSoC4/isr_Button.c **** *
 349:Generated_Source\PSoC4/isr_Button.c **** * Return:
 350:Generated_Source\PSoC4/isr_Button.c **** *   None
 351:Generated_Source\PSoC4/isr_Button.c **** *
 352:Generated_Source\PSoC4/isr_Button.c **** *******************************************************************************/
 353:Generated_Source\PSoC4/isr_Button.c **** void isr_Button_Disable(void)
 354:Generated_Source\PSoC4/isr_Button.c **** {
 252              		.loc 1 354 0
 253              		.cfi_startproc
 254              		@ args = 0, pretend = 0, frame = 0
 255              		@ frame_needed = 0, uses_anonymous_args = 0
 256              		@ link register save eliminated.
 355:Generated_Source\PSoC4/isr_Button.c ****     /* Disable the general interrupt. */
 356:Generated_Source\PSoC4/isr_Button.c ****     *isr_Button_INTC_CLR_EN = isr_Button__INTC_MASK;
 257              		.loc 1 356 0
 258 0000 0122     		movs	r2, #1
 259 0002 014B     		ldr	r3, .L24
 260 0004 1A60     		str	r2, [r3]
 357:Generated_Source\PSoC4/isr_Button.c **** }
 261              		.loc 1 357 0
 262              		@ sp needed
 263 0006 7047     		bx	lr
 264              	.L25:
 265              		.align	2
 266              	.L24:
 267 0008 80E100E0 		.word	-536813184
 268              		.cfi_endproc
 269              	.LFE11:
ARM GAS  C:\Users\TERENC~1\AppData\Local\Temp\cc4DAVPa.s 			page 12


 270              		.size	isr_Button_Disable, .-isr_Button_Disable
 271              		.section	.text.isr_Button_Start,"ax",%progbits
 272              		.align	2
 273              		.global	isr_Button_Start
 274              		.code	16
 275              		.thumb_func
 276              		.type	isr_Button_Start, %function
 277              	isr_Button_Start:
 278              	.LFB1:
  57:Generated_Source\PSoC4/isr_Button.c ****     /* For all we know the interrupt is active. */
 279              		.loc 1 57 0
 280              		.cfi_startproc
 281              		@ args = 0, pretend = 0, frame = 0
 282              		@ frame_needed = 0, uses_anonymous_args = 0
 283 0000 10B5     		push	{r4, lr}
 284              		.cfi_def_cfa_offset 8
 285              		.cfi_offset 4, -8
 286              		.cfi_offset 14, -4
  59:Generated_Source\PSoC4/isr_Button.c **** 
 287              		.loc 1 59 0
 288 0002 FFF7FEFF 		bl	isr_Button_Disable
 289              	.LVL10:
  62:Generated_Source\PSoC4/isr_Button.c **** 
 290              		.loc 1 62 0
 291 0006 0448     		ldr	r0, .L27
 292 0008 FFF7FEFF 		bl	isr_Button_SetVector
 293              	.LVL11:
  65:Generated_Source\PSoC4/isr_Button.c **** 
 294              		.loc 1 65 0
 295 000c 0320     		movs	r0, #3
 296 000e FFF7FEFF 		bl	isr_Button_SetPriority
 297              	.LVL12:
  68:Generated_Source\PSoC4/isr_Button.c **** }
 298              		.loc 1 68 0
 299 0012 FFF7FEFF 		bl	isr_Button_Enable
 300              	.LVL13:
  69:Generated_Source\PSoC4/isr_Button.c **** 
 301              		.loc 1 69 0
 302              		@ sp needed
 303 0016 10BD     		pop	{r4, pc}
 304              	.L28:
 305              		.align	2
 306              	.L27:
 307 0018 00000000 		.word	isr_Button_Interrupt
 308              		.cfi_endproc
 309              	.LFE1:
 310              		.size	isr_Button_Start, .-isr_Button_Start
 311              		.section	.text.isr_Button_StartEx,"ax",%progbits
 312              		.align	2
 313              		.global	isr_Button_StartEx
 314              		.code	16
 315              		.thumb_func
 316              		.type	isr_Button_StartEx, %function
 317              	isr_Button_StartEx:
 318              	.LFB2:
 100:Generated_Source\PSoC4/isr_Button.c ****     /* For all we know the interrupt is active. */
 319              		.loc 1 100 0
ARM GAS  C:\Users\TERENC~1\AppData\Local\Temp\cc4DAVPa.s 			page 13


 320              		.cfi_startproc
 321              		@ args = 0, pretend = 0, frame = 0
 322              		@ frame_needed = 0, uses_anonymous_args = 0
 323              	.LVL14:
 324 0000 10B5     		push	{r4, lr}
 325              		.cfi_def_cfa_offset 8
 326              		.cfi_offset 4, -8
 327              		.cfi_offset 14, -4
 328 0002 0400     		movs	r4, r0
 102:Generated_Source\PSoC4/isr_Button.c **** 
 329              		.loc 1 102 0
 330 0004 FFF7FEFF 		bl	isr_Button_Disable
 331              	.LVL15:
 105:Generated_Source\PSoC4/isr_Button.c **** 
 332              		.loc 1 105 0
 333 0008 2000     		movs	r0, r4
 334 000a FFF7FEFF 		bl	isr_Button_SetVector
 335              	.LVL16:
 108:Generated_Source\PSoC4/isr_Button.c **** 
 336              		.loc 1 108 0
 337 000e 0320     		movs	r0, #3
 338 0010 FFF7FEFF 		bl	isr_Button_SetPriority
 339              	.LVL17:
 111:Generated_Source\PSoC4/isr_Button.c **** }
 340              		.loc 1 111 0
 341 0014 FFF7FEFF 		bl	isr_Button_Enable
 342              	.LVL18:
 112:Generated_Source\PSoC4/isr_Button.c **** 
 343              		.loc 1 112 0
 344              		@ sp needed
 345              	.LVL19:
 346 0018 10BD     		pop	{r4, pc}
 347              		.cfi_endproc
 348              	.LFE2:
 349              		.size	isr_Button_StartEx, .-isr_Button_StartEx
 350 001a C046     		.section	.text.isr_Button_Stop,"ax",%progbits
 351              		.align	2
 352              		.global	isr_Button_Stop
 353              		.code	16
 354              		.thumb_func
 355              		.type	isr_Button_Stop, %function
 356              	isr_Button_Stop:
 357              	.LFB3:
 130:Generated_Source\PSoC4/isr_Button.c ****     /* Disable this interrupt. */
 358              		.loc 1 130 0
 359              		.cfi_startproc
 360              		@ args = 0, pretend = 0, frame = 0
 361              		@ frame_needed = 0, uses_anonymous_args = 0
 362 0000 10B5     		push	{r4, lr}
 363              		.cfi_def_cfa_offset 8
 364              		.cfi_offset 4, -8
 365              		.cfi_offset 14, -4
 132:Generated_Source\PSoC4/isr_Button.c **** 
 366              		.loc 1 132 0
 367 0002 FFF7FEFF 		bl	isr_Button_Disable
 368              	.LVL20:
 135:Generated_Source\PSoC4/isr_Button.c **** }
ARM GAS  C:\Users\TERENC~1\AppData\Local\Temp\cc4DAVPa.s 			page 14


 369              		.loc 1 135 0
 370 0006 0248     		ldr	r0, .L31
 371 0008 FFF7FEFF 		bl	isr_Button_SetVector
 372              	.LVL21:
 136:Generated_Source\PSoC4/isr_Button.c **** 
 373              		.loc 1 136 0
 374              		@ sp needed
 375 000c 10BD     		pop	{r4, pc}
 376              	.L32:
 377 000e C046     		.align	2
 378              	.L31:
 379 0010 00000000 		.word	IntDefaultHandler
 380              		.cfi_endproc
 381              	.LFE3:
 382              		.size	isr_Button_Stop, .-isr_Button_Stop
 383              		.section	.text.isr_Button_SetPending,"ax",%progbits
 384              		.align	2
 385              		.global	isr_Button_SetPending
 386              		.code	16
 387              		.thumb_func
 388              		.type	isr_Button_SetPending, %function
 389              	isr_Button_SetPending:
 390              	.LFB12:
 358:Generated_Source\PSoC4/isr_Button.c **** 
 359:Generated_Source\PSoC4/isr_Button.c **** 
 360:Generated_Source\PSoC4/isr_Button.c **** /*******************************************************************************
 361:Generated_Source\PSoC4/isr_Button.c **** * Function Name: isr_Button_SetPending
 362:Generated_Source\PSoC4/isr_Button.c **** ********************************************************************************
 363:Generated_Source\PSoC4/isr_Button.c **** *
 364:Generated_Source\PSoC4/isr_Button.c **** * Summary:
 365:Generated_Source\PSoC4/isr_Button.c **** *   Causes the Interrupt to enter the pending state, a software method of
 366:Generated_Source\PSoC4/isr_Button.c **** *   generating the interrupt.
 367:Generated_Source\PSoC4/isr_Button.c **** *
 368:Generated_Source\PSoC4/isr_Button.c **** * Parameters:
 369:Generated_Source\PSoC4/isr_Button.c **** *   None
 370:Generated_Source\PSoC4/isr_Button.c **** *
 371:Generated_Source\PSoC4/isr_Button.c **** * Return:
 372:Generated_Source\PSoC4/isr_Button.c **** *   None
 373:Generated_Source\PSoC4/isr_Button.c **** *
 374:Generated_Source\PSoC4/isr_Button.c **** * Side Effects:
 375:Generated_Source\PSoC4/isr_Button.c **** *   If interrupts are enabled and the interrupt is set up properly, the ISR is
 376:Generated_Source\PSoC4/isr_Button.c **** *   entered (depending on the priority of this interrupt and other pending 
 377:Generated_Source\PSoC4/isr_Button.c **** *   interrupts).
 378:Generated_Source\PSoC4/isr_Button.c **** *
 379:Generated_Source\PSoC4/isr_Button.c **** *******************************************************************************/
 380:Generated_Source\PSoC4/isr_Button.c **** void isr_Button_SetPending(void)
 381:Generated_Source\PSoC4/isr_Button.c **** {
 391              		.loc 1 381 0
 392              		.cfi_startproc
 393              		@ args = 0, pretend = 0, frame = 0
 394              		@ frame_needed = 0, uses_anonymous_args = 0
 395              		@ link register save eliminated.
 382:Generated_Source\PSoC4/isr_Button.c ****     *isr_Button_INTC_SET_PD = isr_Button__INTC_MASK;
 396              		.loc 1 382 0
 397 0000 0122     		movs	r2, #1
 398 0002 014B     		ldr	r3, .L34
 399 0004 1A60     		str	r2, [r3]
ARM GAS  C:\Users\TERENC~1\AppData\Local\Temp\cc4DAVPa.s 			page 15


 383:Generated_Source\PSoC4/isr_Button.c **** }
 400              		.loc 1 383 0
 401              		@ sp needed
 402 0006 7047     		bx	lr
 403              	.L35:
 404              		.align	2
 405              	.L34:
 406 0008 00E200E0 		.word	-536813056
 407              		.cfi_endproc
 408              	.LFE12:
 409              		.size	isr_Button_SetPending, .-isr_Button_SetPending
 410              		.section	.text.isr_Button_ClearPending,"ax",%progbits
 411              		.align	2
 412              		.global	isr_Button_ClearPending
 413              		.code	16
 414              		.thumb_func
 415              		.type	isr_Button_ClearPending, %function
 416              	isr_Button_ClearPending:
 417              	.LFB13:
 384:Generated_Source\PSoC4/isr_Button.c **** 
 385:Generated_Source\PSoC4/isr_Button.c **** 
 386:Generated_Source\PSoC4/isr_Button.c **** /*******************************************************************************
 387:Generated_Source\PSoC4/isr_Button.c **** * Function Name: isr_Button_ClearPending
 388:Generated_Source\PSoC4/isr_Button.c **** ********************************************************************************
 389:Generated_Source\PSoC4/isr_Button.c **** *
 390:Generated_Source\PSoC4/isr_Button.c **** * Summary:
 391:Generated_Source\PSoC4/isr_Button.c **** *   Clears a pending interrupt in the interrupt controller.
 392:Generated_Source\PSoC4/isr_Button.c **** *
 393:Generated_Source\PSoC4/isr_Button.c **** *   Note Some interrupt sources are clear-on-read and require the block 
 394:Generated_Source\PSoC4/isr_Button.c **** *   interrupt/status register to be read/cleared with the appropriate block API 
 395:Generated_Source\PSoC4/isr_Button.c **** *   (GPIO, UART, and so on). Otherwise the ISR will continue to remain in 
 396:Generated_Source\PSoC4/isr_Button.c **** *   pending state even though the interrupt itself is cleared using this API.
 397:Generated_Source\PSoC4/isr_Button.c **** *
 398:Generated_Source\PSoC4/isr_Button.c **** * Parameters:
 399:Generated_Source\PSoC4/isr_Button.c **** *   None
 400:Generated_Source\PSoC4/isr_Button.c **** *
 401:Generated_Source\PSoC4/isr_Button.c **** * Return:
 402:Generated_Source\PSoC4/isr_Button.c **** *   None
 403:Generated_Source\PSoC4/isr_Button.c **** *
 404:Generated_Source\PSoC4/isr_Button.c **** *******************************************************************************/
 405:Generated_Source\PSoC4/isr_Button.c **** void isr_Button_ClearPending(void)
 406:Generated_Source\PSoC4/isr_Button.c **** {
 418              		.loc 1 406 0
 419              		.cfi_startproc
 420              		@ args = 0, pretend = 0, frame = 0
 421              		@ frame_needed = 0, uses_anonymous_args = 0
 422              		@ link register save eliminated.
 407:Generated_Source\PSoC4/isr_Button.c ****     *isr_Button_INTC_CLR_PD = isr_Button__INTC_MASK;
 423              		.loc 1 407 0
 424 0000 0122     		movs	r2, #1
 425 0002 014B     		ldr	r3, .L37
 426 0004 1A60     		str	r2, [r3]
 408:Generated_Source\PSoC4/isr_Button.c **** }
 427              		.loc 1 408 0
 428              		@ sp needed
 429 0006 7047     		bx	lr
 430              	.L38:
ARM GAS  C:\Users\TERENC~1\AppData\Local\Temp\cc4DAVPa.s 			page 16


 431              		.align	2
 432              	.L37:
 433 0008 80E200E0 		.word	-536812928
 434              		.cfi_endproc
 435              	.LFE13:
 436              		.size	isr_Button_ClearPending, .-isr_Button_ClearPending
 437              		.text
 438              	.Letext0:
 439              		.file 2 "Generated_Source\\PSoC4/cytypes.h"
 440              		.file 3 "Generated_Source\\PSoC4/BTN.h"
 441              		.file 4 "./Button.h"
 442              		.file 5 "Generated_Source\\PSoC4/CyLib.h"
 443              		.section	.debug_info,"",%progbits
 444              	.Ldebug_info0:
 445 0000 B3030000 		.4byte	0x3b3
 446 0004 0400     		.2byte	0x4
 447 0006 00000000 		.4byte	.Ldebug_abbrev0
 448 000a 04       		.byte	0x4
 449 000b 01       		.uleb128 0x1
 450 000c 6B020000 		.4byte	.LASF47
 451 0010 0C       		.byte	0xc
 452 0011 47000000 		.4byte	.LASF48
 453 0015 7A010000 		.4byte	.LASF49
 454 0019 00000000 		.4byte	.Ldebug_ranges0+0
 455 001d 00000000 		.4byte	0
 456 0021 00000000 		.4byte	.Ldebug_line0
 457 0025 02       		.uleb128 0x2
 458 0026 01       		.byte	0x1
 459 0027 06       		.byte	0x6
 460 0028 8C030000 		.4byte	.LASF0
 461 002c 02       		.uleb128 0x2
 462 002d 01       		.byte	0x1
 463 002e 08       		.byte	0x8
 464 002f BC010000 		.4byte	.LASF1
 465 0033 02       		.uleb128 0x2
 466 0034 02       		.byte	0x2
 467 0035 05       		.byte	0x5
 468 0036 54030000 		.4byte	.LASF2
 469 003a 02       		.uleb128 0x2
 470 003b 02       		.byte	0x2
 471 003c 07       		.byte	0x7
 472 003d 9A000000 		.4byte	.LASF3
 473 0041 02       		.uleb128 0x2
 474 0042 04       		.byte	0x4
 475 0043 05       		.byte	0x5
 476 0044 77030000 		.4byte	.LASF4
 477 0048 02       		.uleb128 0x2
 478 0049 04       		.byte	0x4
 479 004a 07       		.byte	0x7
 480 004b 3B010000 		.4byte	.LASF5
 481 004f 02       		.uleb128 0x2
 482 0050 08       		.byte	0x8
 483 0051 05       		.byte	0x5
 484 0052 21030000 		.4byte	.LASF6
 485 0056 02       		.uleb128 0x2
 486 0057 08       		.byte	0x8
 487 0058 07       		.byte	0x7
ARM GAS  C:\Users\TERENC~1\AppData\Local\Temp\cc4DAVPa.s 			page 17


 488 0059 FB000000 		.4byte	.LASF7
 489 005d 03       		.uleb128 0x3
 490 005e 04       		.byte	0x4
 491 005f 05       		.byte	0x5
 492 0060 696E7400 		.ascii	"int\000"
 493 0064 02       		.uleb128 0x2
 494 0065 04       		.byte	0x4
 495 0066 07       		.byte	0x7
 496 0067 F6010000 		.4byte	.LASF8
 497 006b 04       		.uleb128 0x4
 498 006c 64010000 		.4byte	.LASF9
 499 0070 02       		.byte	0x2
 500 0071 E401     		.2byte	0x1e4
 501 0073 2C000000 		.4byte	0x2c
 502 0077 04       		.uleb128 0x4
 503 0078 D1010000 		.4byte	.LASF10
 504 007c 02       		.byte	0x2
 505 007d E501     		.2byte	0x1e5
 506 007f 3A000000 		.4byte	0x3a
 507 0083 04       		.uleb128 0x4
 508 0084 D8010000 		.4byte	.LASF11
 509 0088 02       		.byte	0x2
 510 0089 E601     		.2byte	0x1e6
 511 008b 48000000 		.4byte	0x48
 512 008f 02       		.uleb128 0x2
 513 0090 04       		.byte	0x4
 514 0091 04       		.byte	0x4
 515 0092 F5000000 		.4byte	.LASF12
 516 0096 02       		.uleb128 0x2
 517 0097 08       		.byte	0x8
 518 0098 04       		.byte	0x4
 519 0099 CA010000 		.4byte	.LASF13
 520 009d 02       		.uleb128 0x2
 521 009e 01       		.byte	0x1
 522 009f 08       		.byte	0x8
 523 00a0 2F030000 		.4byte	.LASF14
 524 00a4 04       		.uleb128 0x4
 525 00a5 1F000000 		.4byte	.LASF15
 526 00a9 02       		.byte	0x2
 527 00aa 9002     		.2byte	0x290
 528 00ac B0000000 		.4byte	0xb0
 529 00b0 05       		.uleb128 0x5
 530 00b1 83000000 		.4byte	0x83
 531 00b5 04       		.uleb128 0x4
 532 00b6 36020000 		.4byte	.LASF16
 533 00ba 02       		.byte	0x2
 534 00bb A002     		.2byte	0x2a0
 535 00bd C1000000 		.4byte	0xc1
 536 00c1 06       		.uleb128 0x6
 537 00c2 04       		.byte	0x4
 538 00c3 C7000000 		.4byte	0xc7
 539 00c7 07       		.uleb128 0x7
 540 00c8 02       		.uleb128 0x2
 541 00c9 08       		.byte	0x8
 542 00ca 04       		.byte	0x4
 543 00cb 80030000 		.4byte	.LASF17
 544 00cf 02       		.uleb128 0x2
ARM GAS  C:\Users\TERENC~1\AppData\Local\Temp\cc4DAVPa.s 			page 18


 545 00d0 04       		.byte	0x4
 546 00d1 07       		.byte	0x7
 547 00d2 0F030000 		.4byte	.LASF18
 548 00d6 08       		.uleb128 0x8
 549 00d7 43020000 		.4byte	.LASF29
 550 00db 01       		.byte	0x1
 551 00dc 9F       		.byte	0x9f
 552 00dd 00000000 		.4byte	.LFB4
 553 00e1 18000000 		.4byte	.LFE4-.LFB4
 554 00e5 01       		.uleb128 0x1
 555 00e6 9C       		.byte	0x9c
 556 00e7 73010000 		.4byte	0x173
 557 00eb 09       		.uleb128 0x9
 558 00ec 18030000 		.4byte	.LASF19
 559 00f0 03       		.byte	0x3
 560 00f1 32       		.byte	0x32
 561 00f2 6B000000 		.4byte	0x6b
 562 00f6 0A       		.uleb128 0xa
 563 00f7 12010000 		.4byte	.LASF21
 564 00fb 03       		.byte	0x3
 565 00fc 33       		.byte	0x33
 566 00fd 07010000 		.4byte	0x107
 567 0101 0B       		.uleb128 0xb
 568 0102 6B000000 		.4byte	0x6b
 569 0106 00       		.byte	0
 570 0107 09       		.uleb128 0x9
 571 0108 1C010000 		.4byte	.LASF20
 572 010c 03       		.byte	0x3
 573 010d 34       		.byte	0x34
 574 010e 6B000000 		.4byte	0x6b
 575 0112 0A       		.uleb128 0xa
 576 0113 25000000 		.4byte	.LASF22
 577 0117 03       		.byte	0x3
 578 0118 36       		.byte	0x36
 579 0119 23010000 		.4byte	0x123
 580 011d 0B       		.uleb128 0xb
 581 011e 6B000000 		.4byte	0x6b
 582 0122 00       		.byte	0
 583 0123 0A       		.uleb128 0xa
 584 0124 AD000000 		.4byte	.LASF23
 585 0128 03       		.byte	0x3
 586 0129 38       		.byte	0x38
 587 012a 39010000 		.4byte	0x139
 588 012e 0B       		.uleb128 0xb
 589 012f 77000000 		.4byte	0x77
 590 0133 0B       		.uleb128 0xb
 591 0134 77000000 		.4byte	0x77
 592 0138 00       		.byte	0
 593 0139 09       		.uleb128 0x9
 594 013a 98030000 		.4byte	.LASF24
 595 013e 03       		.byte	0x3
 596 013f 39       		.byte	0x39
 597 0140 6B000000 		.4byte	0x6b
 598 0144 0C       		.uleb128 0xc
 599 0145 5E030000 		.4byte	.LASF25
 600 0149 03       		.byte	0x3
 601 014a 40       		.byte	0x40
ARM GAS  C:\Users\TERENC~1\AppData\Local\Temp\cc4DAVPa.s 			page 19


 602 014b 0C       		.uleb128 0xc
 603 014c 14000000 		.4byte	.LASF26
 604 0150 03       		.byte	0x3
 605 0151 41       		.byte	0x41
 606 0152 0C       		.uleb128 0xc
 607 0153 D5000000 		.4byte	.LASF27
 608 0157 04       		.byte	0x4
 609 0158 2C       		.byte	0x2c
 610 0159 0C       		.uleb128 0xc
 611 015a C2000000 		.4byte	.LASF28
 612 015e 04       		.byte	0x4
 613 015f 2D       		.byte	0x2d
 614 0160 0D       		.uleb128 0xd
 615 0161 0E000000 		.4byte	.LVL0
 616 0165 8A030000 		.4byte	0x38a
 617 0169 0D       		.uleb128 0xd
 618 016a 12000000 		.4byte	.LVL1
 619 016e 95030000 		.4byte	0x395
 620 0172 00       		.byte	0
 621 0173 08       		.uleb128 0x8
 622 0174 E0000000 		.4byte	.LASF30
 623 0178 01       		.byte	0x1
 624 0179 CE       		.byte	0xce
 625 017a 00000000 		.4byte	.LFB5
 626 017e 0C000000 		.4byte	.LFE5-.LFB5
 627 0182 01       		.uleb128 0x1
 628 0183 9C       		.byte	0x9c
 629 0184 96010000 		.4byte	0x196
 630 0188 0E       		.uleb128 0xe
 631 0189 03020000 		.4byte	.LASF32
 632 018d 01       		.byte	0x1
 633 018e CE       		.byte	0xce
 634 018f B5000000 		.4byte	0xb5
 635 0193 01       		.uleb128 0x1
 636 0194 50       		.byte	0x50
 637 0195 00       		.byte	0
 638 0196 0F       		.uleb128 0xf
 639 0197 21020000 		.4byte	.LASF36
 640 019b 01       		.byte	0x1
 641 019c E2       		.byte	0xe2
 642 019d B5000000 		.4byte	0xb5
 643 01a1 00000000 		.4byte	.LFB6
 644 01a5 0C000000 		.4byte	.LFE6-.LFB6
 645 01a9 01       		.uleb128 0x1
 646 01aa 9C       		.byte	0x9c
 647 01ab 10       		.uleb128 0x10
 648 01ac 4D010000 		.4byte	.LASF31
 649 01b0 01       		.byte	0x1
 650 01b1 0001     		.2byte	0x100
 651 01b3 00000000 		.4byte	.LFB7
 652 01b7 20000000 		.4byte	.LFE7-.LFB7
 653 01bb 01       		.uleb128 0x1
 654 01bc 9C       		.byte	0x9c
 655 01bd 01020000 		.4byte	0x201
 656 01c1 11       		.uleb128 0x11
 657 01c2 A1010000 		.4byte	.LASF33
 658 01c6 01       		.byte	0x1
ARM GAS  C:\Users\TERENC~1\AppData\Local\Temp\cc4DAVPa.s 			page 20


 659 01c7 0001     		.2byte	0x100
 660 01c9 6B000000 		.4byte	0x6b
 661 01cd 00000000 		.4byte	.LLST0
 662 01d1 12       		.uleb128 0x12
 663 01d2 2C010000 		.4byte	.LASF34
 664 01d6 01       		.byte	0x1
 665 01d7 0201     		.2byte	0x102
 666 01d9 6B000000 		.4byte	0x6b
 667 01dd 21000000 		.4byte	.LLST1
 668 01e1 13       		.uleb128 0x13
 669 01e2 68030000 		.4byte	.LASF35
 670 01e6 01       		.byte	0x1
 671 01e7 0301     		.2byte	0x103
 672 01e9 83000000 		.4byte	0x83
 673 01ed 06       		.byte	0x6
 674 01ee 0D       		.uleb128 0xd
 675 01ef 08000000 		.4byte	.LVL5
 676 01f3 A0030000 		.4byte	0x3a0
 677 01f7 0D       		.uleb128 0xd
 678 01f8 1A000000 		.4byte	.LVL6
 679 01fc AB030000 		.4byte	0x3ab
 680 0200 00       		.byte	0
 681 0201 14       		.uleb128 0x14
 682 0202 6B000000 		.4byte	.LASF50
 683 0206 01       		.byte	0x1
 684 0207 1C01     		.2byte	0x11c
 685 0209 6B000000 		.4byte	0x6b
 686 020d 00000000 		.4byte	.LFB8
 687 0211 10000000 		.4byte	.LFE8-.LFB8
 688 0215 01       		.uleb128 0x1
 689 0216 9C       		.byte	0x9c
 690 0217 39020000 		.4byte	0x239
 691 021b 12       		.uleb128 0x12
 692 021c A1010000 		.4byte	.LASF33
 693 0220 01       		.byte	0x1
 694 0221 1E01     		.2byte	0x11e
 695 0223 83000000 		.4byte	0x83
 696 0227 34000000 		.4byte	.LLST2
 697 022b 13       		.uleb128 0x13
 698 022c 68030000 		.4byte	.LASF35
 699 0230 01       		.byte	0x1
 700 0231 1F01     		.2byte	0x11f
 701 0233 83000000 		.4byte	0x83
 702 0237 06       		.byte	0x6
 703 0238 00       		.byte	0
 704 0239 15       		.uleb128 0x15
 705 023a AA010000 		.4byte	.LASF38
 706 023e 01       		.byte	0x1
 707 023f 3701     		.2byte	0x137
 708 0241 00000000 		.4byte	.LFB9
 709 0245 0C000000 		.4byte	.LFE9-.LFB9
 710 0249 01       		.uleb128 0x1
 711 024a 9C       		.byte	0x9c
 712 024b 16       		.uleb128 0x16
 713 024c 00000000 		.4byte	.LASF37
 714 0250 01       		.byte	0x1
 715 0251 4C01     		.2byte	0x14c
ARM GAS  C:\Users\TERENC~1\AppData\Local\Temp\cc4DAVPa.s 			page 21


 716 0253 6B000000 		.4byte	0x6b
 717 0257 00000000 		.4byte	.LFB10
 718 025b 10000000 		.4byte	.LFE10-.LFB10
 719 025f 01       		.uleb128 0x1
 720 0260 9C       		.byte	0x9c
 721 0261 15       		.uleb128 0x15
 722 0262 34030000 		.4byte	.LASF39
 723 0266 01       		.byte	0x1
 724 0267 6101     		.2byte	0x161
 725 0269 00000000 		.4byte	.LFB11
 726 026d 0C000000 		.4byte	.LFE11-.LFB11
 727 0271 01       		.uleb128 0x1
 728 0272 9C       		.byte	0x9c
 729 0273 08       		.uleb128 0x8
 730 0274 36000000 		.4byte	.LASF40
 731 0278 01       		.byte	0x1
 732 0279 38       		.byte	0x38
 733 027a 00000000 		.4byte	.LFB1
 734 027e 1C000000 		.4byte	.LFE1-.LFB1
 735 0282 01       		.uleb128 0x1
 736 0283 9C       		.byte	0x9c
 737 0284 C5020000 		.4byte	0x2c5
 738 0288 0D       		.uleb128 0xd
 739 0289 06000000 		.4byte	.LVL10
 740 028d 61020000 		.4byte	0x261
 741 0291 17       		.uleb128 0x17
 742 0292 0C000000 		.4byte	.LVL11
 743 0296 73010000 		.4byte	0x173
 744 029a A8020000 		.4byte	0x2a8
 745 029e 18       		.uleb128 0x18
 746 029f 01       		.uleb128 0x1
 747 02a0 50       		.byte	0x50
 748 02a1 05       		.uleb128 0x5
 749 02a2 03       		.byte	0x3
 750 02a3 00000000 		.4byte	isr_Button_Interrupt
 751 02a7 00       		.byte	0
 752 02a8 17       		.uleb128 0x17
 753 02a9 12000000 		.4byte	.LVL12
 754 02ad AB010000 		.4byte	0x1ab
 755 02b1 BB020000 		.4byte	0x2bb
 756 02b5 18       		.uleb128 0x18
 757 02b6 01       		.uleb128 0x1
 758 02b7 50       		.byte	0x50
 759 02b8 01       		.uleb128 0x1
 760 02b9 33       		.byte	0x33
 761 02ba 00       		.byte	0
 762 02bb 0D       		.uleb128 0xd
 763 02bc 16000000 		.4byte	.LVL13
 764 02c0 39020000 		.4byte	0x239
 765 02c4 00       		.byte	0
 766 02c5 08       		.uleb128 0x8
 767 02c6 58020000 		.4byte	.LASF41
 768 02ca 01       		.byte	0x1
 769 02cb 63       		.byte	0x63
 770 02cc 00000000 		.4byte	.LFB2
 771 02d0 1A000000 		.4byte	.LFE2-.LFB2
 772 02d4 01       		.uleb128 0x1
ARM GAS  C:\Users\TERENC~1\AppData\Local\Temp\cc4DAVPa.s 			page 22


 773 02d5 9C       		.byte	0x9c
 774 02d6 23030000 		.4byte	0x323
 775 02da 19       		.uleb128 0x19
 776 02db 03020000 		.4byte	.LASF32
 777 02df 01       		.byte	0x1
 778 02e0 63       		.byte	0x63
 779 02e1 B5000000 		.4byte	0xb5
 780 02e5 56000000 		.4byte	.LLST3
 781 02e9 0D       		.uleb128 0xd
 782 02ea 08000000 		.4byte	.LVL15
 783 02ee 61020000 		.4byte	0x261
 784 02f2 17       		.uleb128 0x17
 785 02f3 0E000000 		.4byte	.LVL16
 786 02f7 73010000 		.4byte	0x173
 787 02fb 06030000 		.4byte	0x306
 788 02ff 18       		.uleb128 0x18
 789 0300 01       		.uleb128 0x1
 790 0301 50       		.byte	0x50
 791 0302 02       		.uleb128 0x2
 792 0303 74       		.byte	0x74
 793 0304 00       		.sleb128 0
 794 0305 00       		.byte	0
 795 0306 17       		.uleb128 0x17
 796 0307 14000000 		.4byte	.LVL17
 797 030b AB010000 		.4byte	0x1ab
 798 030f 19030000 		.4byte	0x319
 799 0313 18       		.uleb128 0x18
 800 0314 01       		.uleb128 0x1
 801 0315 50       		.byte	0x50
 802 0316 01       		.uleb128 0x1
 803 0317 33       		.byte	0x33
 804 0318 00       		.byte	0
 805 0319 0D       		.uleb128 0xd
 806 031a 18000000 		.4byte	.LVL18
 807 031e 39020000 		.4byte	0x239
 808 0322 00       		.byte	0
 809 0323 08       		.uleb128 0x8
 810 0324 6A010000 		.4byte	.LASF42
 811 0328 01       		.byte	0x1
 812 0329 81       		.byte	0x81
 813 032a 00000000 		.4byte	.LFB3
 814 032e 14000000 		.4byte	.LFE3-.LFB3
 815 0332 01       		.uleb128 0x1
 816 0333 9C       		.byte	0x9c
 817 0334 4B030000 		.4byte	0x34b
 818 0338 0D       		.uleb128 0xd
 819 0339 06000000 		.4byte	.LVL20
 820 033d 61020000 		.4byte	0x261
 821 0341 0D       		.uleb128 0xd
 822 0342 0C000000 		.4byte	.LVL21
 823 0346 73010000 		.4byte	0x173
 824 034a 00       		.byte	0
 825 034b 15       		.uleb128 0x15
 826 034c F9020000 		.4byte	.LASF43
 827 0350 01       		.byte	0x1
 828 0351 7C01     		.2byte	0x17c
 829 0353 00000000 		.4byte	.LFB12
ARM GAS  C:\Users\TERENC~1\AppData\Local\Temp\cc4DAVPa.s 			page 23


 830 0357 0C000000 		.4byte	.LFE12-.LFB12
 831 035b 01       		.uleb128 0x1
 832 035c 9C       		.byte	0x9c
 833 035d 15       		.uleb128 0x15
 834 035e 82000000 		.4byte	.LASF44
 835 0362 01       		.byte	0x1
 836 0363 9501     		.2byte	0x195
 837 0365 00000000 		.4byte	.LFB13
 838 0369 0C000000 		.4byte	.LFE13-.LFB13
 839 036d 01       		.uleb128 0x1
 840 036e 9C       		.byte	0x9c
 841 036f 1A       		.uleb128 0x1a
 842 0370 B5000000 		.4byte	0xb5
 843 0374 7F030000 		.4byte	0x37f
 844 0378 1B       		.uleb128 0x1b
 845 0379 CF000000 		.4byte	0xcf
 846 037d 2F       		.byte	0x2f
 847 037e 00       		.byte	0
 848 037f 1C       		.uleb128 0x1c
 849 0380 47030000 		.4byte	.LASF51
 850 0384 01       		.byte	0x1
 851 0385 21       		.byte	0x21
 852 0386 6F030000 		.4byte	0x36f
 853 038a 1D       		.uleb128 0x1d
 854 038b C2000000 		.4byte	.LASF28
 855 038f C2000000 		.4byte	.LASF28
 856 0393 04       		.byte	0x4
 857 0394 2D       		.byte	0x2d
 858 0395 1D       		.uleb128 0x1d
 859 0396 98030000 		.4byte	.LASF24
 860 039a 98030000 		.4byte	.LASF24
 861 039e 03       		.byte	0x3
 862 039f 39       		.byte	0x39
 863 03a0 1D       		.uleb128 0x1d
 864 03a1 DF010000 		.4byte	.LASF45
 865 03a5 DF010000 		.4byte	.LASF45
 866 03a9 05       		.byte	0x5
 867 03aa E5       		.byte	0xe5
 868 03ab 1D       		.uleb128 0x1d
 869 03ac 0B020000 		.4byte	.LASF46
 870 03b0 0B020000 		.4byte	.LASF46
 871 03b4 05       		.byte	0x5
 872 03b5 E6       		.byte	0xe6
 873 03b6 00       		.byte	0
 874              		.section	.debug_abbrev,"",%progbits
 875              	.Ldebug_abbrev0:
 876 0000 01       		.uleb128 0x1
 877 0001 11       		.uleb128 0x11
 878 0002 01       		.byte	0x1
 879 0003 25       		.uleb128 0x25
 880 0004 0E       		.uleb128 0xe
 881 0005 13       		.uleb128 0x13
 882 0006 0B       		.uleb128 0xb
 883 0007 03       		.uleb128 0x3
 884 0008 0E       		.uleb128 0xe
 885 0009 1B       		.uleb128 0x1b
 886 000a 0E       		.uleb128 0xe
ARM GAS  C:\Users\TERENC~1\AppData\Local\Temp\cc4DAVPa.s 			page 24


 887 000b 55       		.uleb128 0x55
 888 000c 17       		.uleb128 0x17
 889 000d 11       		.uleb128 0x11
 890 000e 01       		.uleb128 0x1
 891 000f 10       		.uleb128 0x10
 892 0010 17       		.uleb128 0x17
 893 0011 00       		.byte	0
 894 0012 00       		.byte	0
 895 0013 02       		.uleb128 0x2
 896 0014 24       		.uleb128 0x24
 897 0015 00       		.byte	0
 898 0016 0B       		.uleb128 0xb
 899 0017 0B       		.uleb128 0xb
 900 0018 3E       		.uleb128 0x3e
 901 0019 0B       		.uleb128 0xb
 902 001a 03       		.uleb128 0x3
 903 001b 0E       		.uleb128 0xe
 904 001c 00       		.byte	0
 905 001d 00       		.byte	0
 906 001e 03       		.uleb128 0x3
 907 001f 24       		.uleb128 0x24
 908 0020 00       		.byte	0
 909 0021 0B       		.uleb128 0xb
 910 0022 0B       		.uleb128 0xb
 911 0023 3E       		.uleb128 0x3e
 912 0024 0B       		.uleb128 0xb
 913 0025 03       		.uleb128 0x3
 914 0026 08       		.uleb128 0x8
 915 0027 00       		.byte	0
 916 0028 00       		.byte	0
 917 0029 04       		.uleb128 0x4
 918 002a 16       		.uleb128 0x16
 919 002b 00       		.byte	0
 920 002c 03       		.uleb128 0x3
 921 002d 0E       		.uleb128 0xe
 922 002e 3A       		.uleb128 0x3a
 923 002f 0B       		.uleb128 0xb
 924 0030 3B       		.uleb128 0x3b
 925 0031 05       		.uleb128 0x5
 926 0032 49       		.uleb128 0x49
 927 0033 13       		.uleb128 0x13
 928 0034 00       		.byte	0
 929 0035 00       		.byte	0
 930 0036 05       		.uleb128 0x5
 931 0037 35       		.uleb128 0x35
 932 0038 00       		.byte	0
 933 0039 49       		.uleb128 0x49
 934 003a 13       		.uleb128 0x13
 935 003b 00       		.byte	0
 936 003c 00       		.byte	0
 937 003d 06       		.uleb128 0x6
 938 003e 0F       		.uleb128 0xf
 939 003f 00       		.byte	0
 940 0040 0B       		.uleb128 0xb
 941 0041 0B       		.uleb128 0xb
 942 0042 49       		.uleb128 0x49
 943 0043 13       		.uleb128 0x13
ARM GAS  C:\Users\TERENC~1\AppData\Local\Temp\cc4DAVPa.s 			page 25


 944 0044 00       		.byte	0
 945 0045 00       		.byte	0
 946 0046 07       		.uleb128 0x7
 947 0047 15       		.uleb128 0x15
 948 0048 00       		.byte	0
 949 0049 27       		.uleb128 0x27
 950 004a 19       		.uleb128 0x19
 951 004b 00       		.byte	0
 952 004c 00       		.byte	0
 953 004d 08       		.uleb128 0x8
 954 004e 2E       		.uleb128 0x2e
 955 004f 01       		.byte	0x1
 956 0050 3F       		.uleb128 0x3f
 957 0051 19       		.uleb128 0x19
 958 0052 03       		.uleb128 0x3
 959 0053 0E       		.uleb128 0xe
 960 0054 3A       		.uleb128 0x3a
 961 0055 0B       		.uleb128 0xb
 962 0056 3B       		.uleb128 0x3b
 963 0057 0B       		.uleb128 0xb
 964 0058 27       		.uleb128 0x27
 965 0059 19       		.uleb128 0x19
 966 005a 11       		.uleb128 0x11
 967 005b 01       		.uleb128 0x1
 968 005c 12       		.uleb128 0x12
 969 005d 06       		.uleb128 0x6
 970 005e 40       		.uleb128 0x40
 971 005f 18       		.uleb128 0x18
 972 0060 9742     		.uleb128 0x2117
 973 0062 19       		.uleb128 0x19
 974 0063 01       		.uleb128 0x1
 975 0064 13       		.uleb128 0x13
 976 0065 00       		.byte	0
 977 0066 00       		.byte	0
 978 0067 09       		.uleb128 0x9
 979 0068 2E       		.uleb128 0x2e
 980 0069 00       		.byte	0
 981 006a 3F       		.uleb128 0x3f
 982 006b 19       		.uleb128 0x19
 983 006c 03       		.uleb128 0x3
 984 006d 0E       		.uleb128 0xe
 985 006e 3A       		.uleb128 0x3a
 986 006f 0B       		.uleb128 0xb
 987 0070 3B       		.uleb128 0x3b
 988 0071 0B       		.uleb128 0xb
 989 0072 27       		.uleb128 0x27
 990 0073 19       		.uleb128 0x19
 991 0074 49       		.uleb128 0x49
 992 0075 13       		.uleb128 0x13
 993 0076 3C       		.uleb128 0x3c
 994 0077 19       		.uleb128 0x19
 995 0078 00       		.byte	0
 996 0079 00       		.byte	0
 997 007a 0A       		.uleb128 0xa
 998 007b 2E       		.uleb128 0x2e
 999 007c 01       		.byte	0x1
 1000 007d 3F       		.uleb128 0x3f
ARM GAS  C:\Users\TERENC~1\AppData\Local\Temp\cc4DAVPa.s 			page 26


 1001 007e 19       		.uleb128 0x19
 1002 007f 03       		.uleb128 0x3
 1003 0080 0E       		.uleb128 0xe
 1004 0081 3A       		.uleb128 0x3a
 1005 0082 0B       		.uleb128 0xb
 1006 0083 3B       		.uleb128 0x3b
 1007 0084 0B       		.uleb128 0xb
 1008 0085 27       		.uleb128 0x27
 1009 0086 19       		.uleb128 0x19
 1010 0087 3C       		.uleb128 0x3c
 1011 0088 19       		.uleb128 0x19
 1012 0089 01       		.uleb128 0x1
 1013 008a 13       		.uleb128 0x13
 1014 008b 00       		.byte	0
 1015 008c 00       		.byte	0
 1016 008d 0B       		.uleb128 0xb
 1017 008e 05       		.uleb128 0x5
 1018 008f 00       		.byte	0
 1019 0090 49       		.uleb128 0x49
 1020 0091 13       		.uleb128 0x13
 1021 0092 00       		.byte	0
 1022 0093 00       		.byte	0
 1023 0094 0C       		.uleb128 0xc
 1024 0095 2E       		.uleb128 0x2e
 1025 0096 00       		.byte	0
 1026 0097 3F       		.uleb128 0x3f
 1027 0098 19       		.uleb128 0x19
 1028 0099 03       		.uleb128 0x3
 1029 009a 0E       		.uleb128 0xe
 1030 009b 3A       		.uleb128 0x3a
 1031 009c 0B       		.uleb128 0xb
 1032 009d 3B       		.uleb128 0x3b
 1033 009e 0B       		.uleb128 0xb
 1034 009f 27       		.uleb128 0x27
 1035 00a0 19       		.uleb128 0x19
 1036 00a1 3C       		.uleb128 0x3c
 1037 00a2 19       		.uleb128 0x19
 1038 00a3 00       		.byte	0
 1039 00a4 00       		.byte	0
 1040 00a5 0D       		.uleb128 0xd
 1041 00a6 898201   		.uleb128 0x4109
 1042 00a9 00       		.byte	0
 1043 00aa 11       		.uleb128 0x11
 1044 00ab 01       		.uleb128 0x1
 1045 00ac 31       		.uleb128 0x31
 1046 00ad 13       		.uleb128 0x13
 1047 00ae 00       		.byte	0
 1048 00af 00       		.byte	0
 1049 00b0 0E       		.uleb128 0xe
 1050 00b1 05       		.uleb128 0x5
 1051 00b2 00       		.byte	0
 1052 00b3 03       		.uleb128 0x3
 1053 00b4 0E       		.uleb128 0xe
 1054 00b5 3A       		.uleb128 0x3a
 1055 00b6 0B       		.uleb128 0xb
 1056 00b7 3B       		.uleb128 0x3b
 1057 00b8 0B       		.uleb128 0xb
ARM GAS  C:\Users\TERENC~1\AppData\Local\Temp\cc4DAVPa.s 			page 27


 1058 00b9 49       		.uleb128 0x49
 1059 00ba 13       		.uleb128 0x13
 1060 00bb 02       		.uleb128 0x2
 1061 00bc 18       		.uleb128 0x18
 1062 00bd 00       		.byte	0
 1063 00be 00       		.byte	0
 1064 00bf 0F       		.uleb128 0xf
 1065 00c0 2E       		.uleb128 0x2e
 1066 00c1 00       		.byte	0
 1067 00c2 3F       		.uleb128 0x3f
 1068 00c3 19       		.uleb128 0x19
 1069 00c4 03       		.uleb128 0x3
 1070 00c5 0E       		.uleb128 0xe
 1071 00c6 3A       		.uleb128 0x3a
 1072 00c7 0B       		.uleb128 0xb
 1073 00c8 3B       		.uleb128 0x3b
 1074 00c9 0B       		.uleb128 0xb
 1075 00ca 27       		.uleb128 0x27
 1076 00cb 19       		.uleb128 0x19
 1077 00cc 49       		.uleb128 0x49
 1078 00cd 13       		.uleb128 0x13
 1079 00ce 11       		.uleb128 0x11
 1080 00cf 01       		.uleb128 0x1
 1081 00d0 12       		.uleb128 0x12
 1082 00d1 06       		.uleb128 0x6
 1083 00d2 40       		.uleb128 0x40
 1084 00d3 18       		.uleb128 0x18
 1085 00d4 9742     		.uleb128 0x2117
 1086 00d6 19       		.uleb128 0x19
 1087 00d7 00       		.byte	0
 1088 00d8 00       		.byte	0
 1089 00d9 10       		.uleb128 0x10
 1090 00da 2E       		.uleb128 0x2e
 1091 00db 01       		.byte	0x1
 1092 00dc 3F       		.uleb128 0x3f
 1093 00dd 19       		.uleb128 0x19
 1094 00de 03       		.uleb128 0x3
 1095 00df 0E       		.uleb128 0xe
 1096 00e0 3A       		.uleb128 0x3a
 1097 00e1 0B       		.uleb128 0xb
 1098 00e2 3B       		.uleb128 0x3b
 1099 00e3 05       		.uleb128 0x5
 1100 00e4 27       		.uleb128 0x27
 1101 00e5 19       		.uleb128 0x19
 1102 00e6 11       		.uleb128 0x11
 1103 00e7 01       		.uleb128 0x1
 1104 00e8 12       		.uleb128 0x12
 1105 00e9 06       		.uleb128 0x6
 1106 00ea 40       		.uleb128 0x40
 1107 00eb 18       		.uleb128 0x18
 1108 00ec 9742     		.uleb128 0x2117
 1109 00ee 19       		.uleb128 0x19
 1110 00ef 01       		.uleb128 0x1
 1111 00f0 13       		.uleb128 0x13
 1112 00f1 00       		.byte	0
 1113 00f2 00       		.byte	0
 1114 00f3 11       		.uleb128 0x11
ARM GAS  C:\Users\TERENC~1\AppData\Local\Temp\cc4DAVPa.s 			page 28


 1115 00f4 05       		.uleb128 0x5
 1116 00f5 00       		.byte	0
 1117 00f6 03       		.uleb128 0x3
 1118 00f7 0E       		.uleb128 0xe
 1119 00f8 3A       		.uleb128 0x3a
 1120 00f9 0B       		.uleb128 0xb
 1121 00fa 3B       		.uleb128 0x3b
 1122 00fb 05       		.uleb128 0x5
 1123 00fc 49       		.uleb128 0x49
 1124 00fd 13       		.uleb128 0x13
 1125 00fe 02       		.uleb128 0x2
 1126 00ff 17       		.uleb128 0x17
 1127 0100 00       		.byte	0
 1128 0101 00       		.byte	0
 1129 0102 12       		.uleb128 0x12
 1130 0103 34       		.uleb128 0x34
 1131 0104 00       		.byte	0
 1132 0105 03       		.uleb128 0x3
 1133 0106 0E       		.uleb128 0xe
 1134 0107 3A       		.uleb128 0x3a
 1135 0108 0B       		.uleb128 0xb
 1136 0109 3B       		.uleb128 0x3b
 1137 010a 05       		.uleb128 0x5
 1138 010b 49       		.uleb128 0x49
 1139 010c 13       		.uleb128 0x13
 1140 010d 02       		.uleb128 0x2
 1141 010e 17       		.uleb128 0x17
 1142 010f 00       		.byte	0
 1143 0110 00       		.byte	0
 1144 0111 13       		.uleb128 0x13
 1145 0112 34       		.uleb128 0x34
 1146 0113 00       		.byte	0
 1147 0114 03       		.uleb128 0x3
 1148 0115 0E       		.uleb128 0xe
 1149 0116 3A       		.uleb128 0x3a
 1150 0117 0B       		.uleb128 0xb
 1151 0118 3B       		.uleb128 0x3b
 1152 0119 05       		.uleb128 0x5
 1153 011a 49       		.uleb128 0x49
 1154 011b 13       		.uleb128 0x13
 1155 011c 1C       		.uleb128 0x1c
 1156 011d 0B       		.uleb128 0xb
 1157 011e 00       		.byte	0
 1158 011f 00       		.byte	0
 1159 0120 14       		.uleb128 0x14
 1160 0121 2E       		.uleb128 0x2e
 1161 0122 01       		.byte	0x1
 1162 0123 3F       		.uleb128 0x3f
 1163 0124 19       		.uleb128 0x19
 1164 0125 03       		.uleb128 0x3
 1165 0126 0E       		.uleb128 0xe
 1166 0127 3A       		.uleb128 0x3a
 1167 0128 0B       		.uleb128 0xb
 1168 0129 3B       		.uleb128 0x3b
 1169 012a 05       		.uleb128 0x5
 1170 012b 27       		.uleb128 0x27
 1171 012c 19       		.uleb128 0x19
ARM GAS  C:\Users\TERENC~1\AppData\Local\Temp\cc4DAVPa.s 			page 29


 1172 012d 49       		.uleb128 0x49
 1173 012e 13       		.uleb128 0x13
 1174 012f 11       		.uleb128 0x11
 1175 0130 01       		.uleb128 0x1
 1176 0131 12       		.uleb128 0x12
 1177 0132 06       		.uleb128 0x6
 1178 0133 40       		.uleb128 0x40
 1179 0134 18       		.uleb128 0x18
 1180 0135 9742     		.uleb128 0x2117
 1181 0137 19       		.uleb128 0x19
 1182 0138 01       		.uleb128 0x1
 1183 0139 13       		.uleb128 0x13
 1184 013a 00       		.byte	0
 1185 013b 00       		.byte	0
 1186 013c 15       		.uleb128 0x15
 1187 013d 2E       		.uleb128 0x2e
 1188 013e 00       		.byte	0
 1189 013f 3F       		.uleb128 0x3f
 1190 0140 19       		.uleb128 0x19
 1191 0141 03       		.uleb128 0x3
 1192 0142 0E       		.uleb128 0xe
 1193 0143 3A       		.uleb128 0x3a
 1194 0144 0B       		.uleb128 0xb
 1195 0145 3B       		.uleb128 0x3b
 1196 0146 05       		.uleb128 0x5
 1197 0147 27       		.uleb128 0x27
 1198 0148 19       		.uleb128 0x19
 1199 0149 11       		.uleb128 0x11
 1200 014a 01       		.uleb128 0x1
 1201 014b 12       		.uleb128 0x12
 1202 014c 06       		.uleb128 0x6
 1203 014d 40       		.uleb128 0x40
 1204 014e 18       		.uleb128 0x18
 1205 014f 9742     		.uleb128 0x2117
 1206 0151 19       		.uleb128 0x19
 1207 0152 00       		.byte	0
 1208 0153 00       		.byte	0
 1209 0154 16       		.uleb128 0x16
 1210 0155 2E       		.uleb128 0x2e
 1211 0156 00       		.byte	0
 1212 0157 3F       		.uleb128 0x3f
 1213 0158 19       		.uleb128 0x19
 1214 0159 03       		.uleb128 0x3
 1215 015a 0E       		.uleb128 0xe
 1216 015b 3A       		.uleb128 0x3a
 1217 015c 0B       		.uleb128 0xb
 1218 015d 3B       		.uleb128 0x3b
 1219 015e 05       		.uleb128 0x5
 1220 015f 27       		.uleb128 0x27
 1221 0160 19       		.uleb128 0x19
 1222 0161 49       		.uleb128 0x49
 1223 0162 13       		.uleb128 0x13
 1224 0163 11       		.uleb128 0x11
 1225 0164 01       		.uleb128 0x1
 1226 0165 12       		.uleb128 0x12
 1227 0166 06       		.uleb128 0x6
 1228 0167 40       		.uleb128 0x40
ARM GAS  C:\Users\TERENC~1\AppData\Local\Temp\cc4DAVPa.s 			page 30


 1229 0168 18       		.uleb128 0x18
 1230 0169 9742     		.uleb128 0x2117
 1231 016b 19       		.uleb128 0x19
 1232 016c 00       		.byte	0
 1233 016d 00       		.byte	0
 1234 016e 17       		.uleb128 0x17
 1235 016f 898201   		.uleb128 0x4109
 1236 0172 01       		.byte	0x1
 1237 0173 11       		.uleb128 0x11
 1238 0174 01       		.uleb128 0x1
 1239 0175 31       		.uleb128 0x31
 1240 0176 13       		.uleb128 0x13
 1241 0177 01       		.uleb128 0x1
 1242 0178 13       		.uleb128 0x13
 1243 0179 00       		.byte	0
 1244 017a 00       		.byte	0
 1245 017b 18       		.uleb128 0x18
 1246 017c 8A8201   		.uleb128 0x410a
 1247 017f 00       		.byte	0
 1248 0180 02       		.uleb128 0x2
 1249 0181 18       		.uleb128 0x18
 1250 0182 9142     		.uleb128 0x2111
 1251 0184 18       		.uleb128 0x18
 1252 0185 00       		.byte	0
 1253 0186 00       		.byte	0
 1254 0187 19       		.uleb128 0x19
 1255 0188 05       		.uleb128 0x5
 1256 0189 00       		.byte	0
 1257 018a 03       		.uleb128 0x3
 1258 018b 0E       		.uleb128 0xe
 1259 018c 3A       		.uleb128 0x3a
 1260 018d 0B       		.uleb128 0xb
 1261 018e 3B       		.uleb128 0x3b
 1262 018f 0B       		.uleb128 0xb
 1263 0190 49       		.uleb128 0x49
 1264 0191 13       		.uleb128 0x13
 1265 0192 02       		.uleb128 0x2
 1266 0193 17       		.uleb128 0x17
 1267 0194 00       		.byte	0
 1268 0195 00       		.byte	0
 1269 0196 1A       		.uleb128 0x1a
 1270 0197 01       		.uleb128 0x1
 1271 0198 01       		.byte	0x1
 1272 0199 49       		.uleb128 0x49
 1273 019a 13       		.uleb128 0x13
 1274 019b 01       		.uleb128 0x1
 1275 019c 13       		.uleb128 0x13
 1276 019d 00       		.byte	0
 1277 019e 00       		.byte	0
 1278 019f 1B       		.uleb128 0x1b
 1279 01a0 21       		.uleb128 0x21
 1280 01a1 00       		.byte	0
 1281 01a2 49       		.uleb128 0x49
 1282 01a3 13       		.uleb128 0x13
 1283 01a4 2F       		.uleb128 0x2f
 1284 01a5 0B       		.uleb128 0xb
 1285 01a6 00       		.byte	0
ARM GAS  C:\Users\TERENC~1\AppData\Local\Temp\cc4DAVPa.s 			page 31


 1286 01a7 00       		.byte	0
 1287 01a8 1C       		.uleb128 0x1c
 1288 01a9 34       		.uleb128 0x34
 1289 01aa 00       		.byte	0
 1290 01ab 03       		.uleb128 0x3
 1291 01ac 0E       		.uleb128 0xe
 1292 01ad 3A       		.uleb128 0x3a
 1293 01ae 0B       		.uleb128 0xb
 1294 01af 3B       		.uleb128 0x3b
 1295 01b0 0B       		.uleb128 0xb
 1296 01b1 49       		.uleb128 0x49
 1297 01b2 13       		.uleb128 0x13
 1298 01b3 3F       		.uleb128 0x3f
 1299 01b4 19       		.uleb128 0x19
 1300 01b5 3C       		.uleb128 0x3c
 1301 01b6 19       		.uleb128 0x19
 1302 01b7 00       		.byte	0
 1303 01b8 00       		.byte	0
 1304 01b9 1D       		.uleb128 0x1d
 1305 01ba 2E       		.uleb128 0x2e
 1306 01bb 00       		.byte	0
 1307 01bc 3F       		.uleb128 0x3f
 1308 01bd 19       		.uleb128 0x19
 1309 01be 3C       		.uleb128 0x3c
 1310 01bf 19       		.uleb128 0x19
 1311 01c0 6E       		.uleb128 0x6e
 1312 01c1 0E       		.uleb128 0xe
 1313 01c2 03       		.uleb128 0x3
 1314 01c3 0E       		.uleb128 0xe
 1315 01c4 3A       		.uleb128 0x3a
 1316 01c5 0B       		.uleb128 0xb
 1317 01c6 3B       		.uleb128 0x3b
 1318 01c7 0B       		.uleb128 0xb
 1319 01c8 00       		.byte	0
 1320 01c9 00       		.byte	0
 1321 01ca 00       		.byte	0
 1322              		.section	.debug_loc,"",%progbits
 1323              	.Ldebug_loc0:
 1324              	.LLST0:
 1325 0000 00000000 		.4byte	.LVL3
 1326 0004 07000000 		.4byte	.LVL5-1
 1327 0008 0100     		.2byte	0x1
 1328 000a 50       		.byte	0x50
 1329 000b 07000000 		.4byte	.LVL5-1
 1330 000f 20000000 		.4byte	.LFE7
 1331 0013 0400     		.2byte	0x4
 1332 0015 F3       		.byte	0xf3
 1333 0016 01       		.uleb128 0x1
 1334 0017 50       		.byte	0x50
 1335 0018 9F       		.byte	0x9f
 1336 0019 00000000 		.4byte	0
 1337 001d 00000000 		.4byte	0
 1338              	.LLST1:
 1339 0021 08000000 		.4byte	.LVL5
 1340 0025 19000000 		.4byte	.LVL6-1
 1341 0029 0100     		.2byte	0x1
 1342 002b 50       		.byte	0x50
ARM GAS  C:\Users\TERENC~1\AppData\Local\Temp\cc4DAVPa.s 			page 32


 1343 002c 00000000 		.4byte	0
 1344 0030 00000000 		.4byte	0
 1345              	.LLST2:
 1346 0034 06000000 		.4byte	.LVL8
 1347 0038 0A000000 		.4byte	.LVL9
 1348 003c 0500     		.2byte	0x5
 1349 003e 70       		.byte	0x70
 1350 003f 00       		.sleb128 0
 1351 0040 33       		.byte	0x33
 1352 0041 1A       		.byte	0x1a
 1353 0042 9F       		.byte	0x9f
 1354 0043 0A000000 		.4byte	.LVL9
 1355 0047 10000000 		.4byte	.LFE8
 1356 004b 0100     		.2byte	0x1
 1357 004d 50       		.byte	0x50
 1358 004e 00000000 		.4byte	0
 1359 0052 00000000 		.4byte	0
 1360              	.LLST3:
 1361 0056 00000000 		.4byte	.LVL14
 1362 005a 07000000 		.4byte	.LVL15-1
 1363 005e 0100     		.2byte	0x1
 1364 0060 50       		.byte	0x50
 1365 0061 07000000 		.4byte	.LVL15-1
 1366 0065 18000000 		.4byte	.LVL19
 1367 0069 0100     		.2byte	0x1
 1368 006b 54       		.byte	0x54
 1369 006c 18000000 		.4byte	.LVL19
 1370 0070 1A000000 		.4byte	.LFE2
 1371 0074 0400     		.2byte	0x4
 1372 0076 F3       		.byte	0xf3
 1373 0077 01       		.uleb128 0x1
 1374 0078 50       		.byte	0x50
 1375 0079 9F       		.byte	0x9f
 1376 007a 00000000 		.4byte	0
 1377 007e 00000000 		.4byte	0
 1378              		.section	.debug_aranges,"",%progbits
 1379 0000 7C000000 		.4byte	0x7c
 1380 0004 0200     		.2byte	0x2
 1381 0006 00000000 		.4byte	.Ldebug_info0
 1382 000a 04       		.byte	0x4
 1383 000b 00       		.byte	0
 1384 000c 0000     		.2byte	0
 1385 000e 0000     		.2byte	0
 1386 0010 00000000 		.4byte	.LFB4
 1387 0014 18000000 		.4byte	.LFE4-.LFB4
 1388 0018 00000000 		.4byte	.LFB5
 1389 001c 0C000000 		.4byte	.LFE5-.LFB5
 1390 0020 00000000 		.4byte	.LFB6
 1391 0024 0C000000 		.4byte	.LFE6-.LFB6
 1392 0028 00000000 		.4byte	.LFB7
 1393 002c 20000000 		.4byte	.LFE7-.LFB7
 1394 0030 00000000 		.4byte	.LFB8
 1395 0034 10000000 		.4byte	.LFE8-.LFB8
 1396 0038 00000000 		.4byte	.LFB9
 1397 003c 0C000000 		.4byte	.LFE9-.LFB9
 1398 0040 00000000 		.4byte	.LFB10
 1399 0044 10000000 		.4byte	.LFE10-.LFB10
ARM GAS  C:\Users\TERENC~1\AppData\Local\Temp\cc4DAVPa.s 			page 33


 1400 0048 00000000 		.4byte	.LFB11
 1401 004c 0C000000 		.4byte	.LFE11-.LFB11
 1402 0050 00000000 		.4byte	.LFB1
 1403 0054 1C000000 		.4byte	.LFE1-.LFB1
 1404 0058 00000000 		.4byte	.LFB2
 1405 005c 1A000000 		.4byte	.LFE2-.LFB2
 1406 0060 00000000 		.4byte	.LFB3
 1407 0064 14000000 		.4byte	.LFE3-.LFB3
 1408 0068 00000000 		.4byte	.LFB12
 1409 006c 0C000000 		.4byte	.LFE12-.LFB12
 1410 0070 00000000 		.4byte	.LFB13
 1411 0074 0C000000 		.4byte	.LFE13-.LFB13
 1412 0078 00000000 		.4byte	0
 1413 007c 00000000 		.4byte	0
 1414              		.section	.debug_ranges,"",%progbits
 1415              	.Ldebug_ranges0:
 1416 0000 00000000 		.4byte	.LFB4
 1417 0004 18000000 		.4byte	.LFE4
 1418 0008 00000000 		.4byte	.LFB5
 1419 000c 0C000000 		.4byte	.LFE5
 1420 0010 00000000 		.4byte	.LFB6
 1421 0014 0C000000 		.4byte	.LFE6
 1422 0018 00000000 		.4byte	.LFB7
 1423 001c 20000000 		.4byte	.LFE7
 1424 0020 00000000 		.4byte	.LFB8
 1425 0024 10000000 		.4byte	.LFE8
 1426 0028 00000000 		.4byte	.LFB9
 1427 002c 0C000000 		.4byte	.LFE9
 1428 0030 00000000 		.4byte	.LFB10
 1429 0034 10000000 		.4byte	.LFE10
 1430 0038 00000000 		.4byte	.LFB11
 1431 003c 0C000000 		.4byte	.LFE11
 1432 0040 00000000 		.4byte	.LFB1
 1433 0044 1C000000 		.4byte	.LFE1
 1434 0048 00000000 		.4byte	.LFB2
 1435 004c 1A000000 		.4byte	.LFE2
 1436 0050 00000000 		.4byte	.LFB3
 1437 0054 14000000 		.4byte	.LFE3
 1438 0058 00000000 		.4byte	.LFB12
 1439 005c 0C000000 		.4byte	.LFE12
 1440 0060 00000000 		.4byte	.LFB13
 1441 0064 0C000000 		.4byte	.LFE13
 1442 0068 00000000 		.4byte	0
 1443 006c 00000000 		.4byte	0
 1444              		.section	.debug_line,"",%progbits
 1445              	.Ldebug_line0:
 1446 0000 68010000 		.section	.debug_str,"MS",%progbits,1
 1446      02006900 
 1446      00000201 
 1446      FB0E0D00 
 1446      01010101 
 1447              	.LASF37:
 1448 0000 6973725F 		.ascii	"isr_Button_GetState\000"
 1448      42757474 
 1448      6F6E5F47 
 1448      65745374 
 1448      61746500 
ARM GAS  C:\Users\TERENC~1\AppData\Local\Temp\cc4DAVPa.s 			page 34


 1449              	.LASF26:
 1450 0014 42544E5F 		.ascii	"BTN_Wakeup\000"
 1450      57616B65 
 1450      757000
 1451              	.LASF15:
 1452 001f 72656733 		.ascii	"reg32\000"
 1452      3200
 1453              	.LASF22:
 1454 0025 42544E5F 		.ascii	"BTN_SetDriveMode\000"
 1454      53657444 
 1454      72697665 
 1454      4D6F6465 
 1454      00
 1455              	.LASF40:
 1456 0036 6973725F 		.ascii	"isr_Button_Start\000"
 1456      42757474 
 1456      6F6E5F53 
 1456      74617274 
 1456      00
 1457              	.LASF48:
 1458 0047 47656E65 		.ascii	"Generated_Source\\PSoC4\\isr_Button.c\000"
 1458      72617465 
 1458      645F536F 
 1458      75726365 
 1458      5C50536F 
 1459              	.LASF50:
 1460 006b 6973725F 		.ascii	"isr_Button_GetPriority\000"
 1460      42757474 
 1460      6F6E5F47 
 1460      65745072 
 1460      696F7269 
 1461              	.LASF44:
 1462 0082 6973725F 		.ascii	"isr_Button_ClearPending\000"
 1462      42757474 
 1462      6F6E5F43 
 1462      6C656172 
 1462      50656E64 
 1463              	.LASF3:
 1464 009a 73686F72 		.ascii	"short unsigned int\000"
 1464      7420756E 
 1464      7369676E 
 1464      65642069 
 1464      6E7400
 1465              	.LASF23:
 1466 00ad 42544E5F 		.ascii	"BTN_SetInterruptMode\000"
 1466      53657449 
 1466      6E746572 
 1466      72757074 
 1466      4D6F6465 
 1467              	.LASF28:
 1468 00c2 62757474 		.ascii	"buttonEdgeDetected\000"
 1468      6F6E4564 
 1468      67654465 
 1468      74656374 
 1468      656400
 1469              	.LASF27:
 1470 00d5 62757474 		.ascii	"buttonInit\000"
ARM GAS  C:\Users\TERENC~1\AppData\Local\Temp\cc4DAVPa.s 			page 35


 1470      6F6E496E 
 1470      697400
 1471              	.LASF30:
 1472 00e0 6973725F 		.ascii	"isr_Button_SetVector\000"
 1472      42757474 
 1472      6F6E5F53 
 1472      65745665 
 1472      63746F72 
 1473              	.LASF12:
 1474 00f5 666C6F61 		.ascii	"float\000"
 1474      7400
 1475              	.LASF7:
 1476 00fb 6C6F6E67 		.ascii	"long long unsigned int\000"
 1476      206C6F6E 
 1476      6720756E 
 1476      7369676E 
 1476      65642069 
 1477              	.LASF21:
 1478 0112 42544E5F 		.ascii	"BTN_Write\000"
 1478      57726974 
 1478      6500
 1479              	.LASF20:
 1480 011c 42544E5F 		.ascii	"BTN_ReadDataReg\000"
 1480      52656164 
 1480      44617461 
 1480      52656700 
 1481              	.LASF34:
 1482 012c 696E7465 		.ascii	"interruptState\000"
 1482      72727570 
 1482      74537461 
 1482      746500
 1483              	.LASF5:
 1484 013b 6C6F6E67 		.ascii	"long unsigned int\000"
 1484      20756E73 
 1484      69676E65 
 1484      6420696E 
 1484      7400
 1485              	.LASF31:
 1486 014d 6973725F 		.ascii	"isr_Button_SetPriority\000"
 1486      42757474 
 1486      6F6E5F53 
 1486      65745072 
 1486      696F7269 
 1487              	.LASF9:
 1488 0164 75696E74 		.ascii	"uint8\000"
 1488      3800
 1489              	.LASF42:
 1490 016a 6973725F 		.ascii	"isr_Button_Stop\000"
 1490      42757474 
 1490      6F6E5F53 
 1490      746F7000 
 1491              	.LASF49:
 1492 017a 433A5C64 		.ascii	"C:\\dev\\git\\icebreaker\\Icebreaker.cydsn\000"
 1492      65765C67 
 1492      69745C69 
 1492      63656272 
 1492      65616B65 
ARM GAS  C:\Users\TERENC~1\AppData\Local\Temp\cc4DAVPa.s 			page 36


 1493              	.LASF33:
 1494 01a1 7072696F 		.ascii	"priority\000"
 1494      72697479 
 1494      00
 1495              	.LASF38:
 1496 01aa 6973725F 		.ascii	"isr_Button_Enable\000"
 1496      42757474 
 1496      6F6E5F45 
 1496      6E61626C 
 1496      6500
 1497              	.LASF1:
 1498 01bc 756E7369 		.ascii	"unsigned char\000"
 1498      676E6564 
 1498      20636861 
 1498      7200
 1499              	.LASF13:
 1500 01ca 646F7562 		.ascii	"double\000"
 1500      6C6500
 1501              	.LASF10:
 1502 01d1 75696E74 		.ascii	"uint16\000"
 1502      313600
 1503              	.LASF11:
 1504 01d8 75696E74 		.ascii	"uint32\000"
 1504      333200
 1505              	.LASF45:
 1506 01df 4379456E 		.ascii	"CyEnterCriticalSection\000"
 1506      74657243 
 1506      72697469 
 1506      63616C53 
 1506      65637469 
 1507              	.LASF8:
 1508 01f6 756E7369 		.ascii	"unsigned int\000"
 1508      676E6564 
 1508      20696E74 
 1508      00
 1509              	.LASF32:
 1510 0203 61646472 		.ascii	"address\000"
 1510      65737300 
 1511              	.LASF46:
 1512 020b 43794578 		.ascii	"CyExitCriticalSection\000"
 1512      69744372 
 1512      69746963 
 1512      616C5365 
 1512      6374696F 
 1513              	.LASF36:
 1514 0221 6973725F 		.ascii	"isr_Button_GetVector\000"
 1514      42757474 
 1514      6F6E5F47 
 1514      65745665 
 1514      63746F72 
 1515              	.LASF16:
 1516 0236 63796973 		.ascii	"cyisraddress\000"
 1516      72616464 
 1516      72657373 
 1516      00
 1517              	.LASF29:
 1518 0243 6973725F 		.ascii	"isr_Button_Interrupt\000"
ARM GAS  C:\Users\TERENC~1\AppData\Local\Temp\cc4DAVPa.s 			page 37


 1518      42757474 
 1518      6F6E5F49 
 1518      6E746572 
 1518      72757074 
 1519              	.LASF41:
 1520 0258 6973725F 		.ascii	"isr_Button_StartEx\000"
 1520      42757474 
 1520      6F6E5F53 
 1520      74617274 
 1520      457800
 1521              	.LASF47:
 1522 026b 474E5520 		.ascii	"GNU C11 5.4.1 20160609 (release) [ARM/embedded-5-br"
 1522      43313120 
 1522      352E342E 
 1522      31203230 
 1522      31363036 
 1523 029e 616E6368 		.ascii	"anch revision 237715] -mcpu=cortex-m0 -mthumb -g -O"
 1523      20726576 
 1523      6973696F 
 1523      6E203233 
 1523      37373135 
 1524 02d1 67202D66 		.ascii	"g -ffunction-sections -ffat-lto-objects\000"
 1524      66756E63 
 1524      74696F6E 
 1524      2D736563 
 1524      74696F6E 
 1525              	.LASF43:
 1526 02f9 6973725F 		.ascii	"isr_Button_SetPending\000"
 1526      42757474 
 1526      6F6E5F53 
 1526      65745065 
 1526      6E64696E 
 1527              	.LASF18:
 1528 030f 73697A65 		.ascii	"sizetype\000"
 1528      74797065 
 1528      00
 1529              	.LASF19:
 1530 0318 42544E5F 		.ascii	"BTN_Read\000"
 1530      52656164 
 1530      00
 1531              	.LASF6:
 1532 0321 6C6F6E67 		.ascii	"long long int\000"
 1532      206C6F6E 
 1532      6720696E 
 1532      7400
 1533              	.LASF14:
 1534 032f 63686172 		.ascii	"char\000"
 1534      00
 1535              	.LASF39:
 1536 0334 6973725F 		.ascii	"isr_Button_Disable\000"
 1536      42757474 
 1536      6F6E5F44 
 1536      69736162 
 1536      6C6500
 1537              	.LASF51:
 1538 0347 43795261 		.ascii	"CyRamVectors\000"
 1538      6D566563 
ARM GAS  C:\Users\TERENC~1\AppData\Local\Temp\cc4DAVPa.s 			page 38


 1538      746F7273 
 1538      00
 1539              	.LASF2:
 1540 0354 73686F72 		.ascii	"short int\000"
 1540      7420696E 
 1540      7400
 1541              	.LASF25:
 1542 035e 42544E5F 		.ascii	"BTN_Sleep\000"
 1542      536C6565 
 1542      7000
 1543              	.LASF35:
 1544 0368 7072696F 		.ascii	"priorityOffset\000"
 1544      72697479 
 1544      4F666673 
 1544      657400
 1545              	.LASF4:
 1546 0377 6C6F6E67 		.ascii	"long int\000"
 1546      20696E74 
 1546      00
 1547              	.LASF17:
 1548 0380 6C6F6E67 		.ascii	"long double\000"
 1548      20646F75 
 1548      626C6500 
 1549              	.LASF0:
 1550 038c 7369676E 		.ascii	"signed char\000"
 1550      65642063 
 1550      68617200 
 1551              	.LASF24:
 1552 0398 42544E5F 		.ascii	"BTN_ClearInterrupt\000"
 1552      436C6561 
 1552      72496E74 
 1552      65727275 
 1552      707400
 1553              		.ident	"GCC: (GNU Tools for ARM Embedded Processors) 5.4.1 20160609 (release) [ARM/embedded-5-bran
