ARM GAS  C:\Users\TERENC~1\AppData\Local\Temp\ccL5sP7N.s 			page 1


   1              		.syntax unified
   2              		.cpu cortex-m0
   3              		.fpu softvfp
   4              		.eabi_attribute 20, 1
   5              		.eabi_attribute 21, 1
   6              		.eabi_attribute 23, 3
   7              		.eabi_attribute 24, 1
   8              		.eabi_attribute 25, 1
   9              		.eabi_attribute 26, 1
  10              		.eabi_attribute 30, 1
  11              		.eabi_attribute 34, 0
  12              		.eabi_attribute 18, 4
  13              		.thumb
  14              		.syntax unified
  15              		.file	"LED.c"
  16              		.text
  17              	.Ltext0:
  18              		.cfi_sections	.debug_frame
  19              		.section	.text.LedInit,"ax",%progbits
  20              		.align	2
  21              		.global	LedInit
  22              		.code	16
  23              		.thumb_func
  24              		.type	LedInit, %function
  25              	LedInit:
  26              	.LFB2:
  27              		.file 1 "LED.c"
   1:LED.c         **** /* ========================================
   2:LED.c         ****  *
   3:LED.c         ****  * Copyright YOUR COMPANY, THE YEAR
   4:LED.c         ****  * All Rights Reserved
   5:LED.c         ****  * UNPUBLISHED, LICENSED SOFTWARE.
   6:LED.c         ****  *
   7:LED.c         ****  * CONFIDENTIAL AND PROPRIETARY INFORMATION
   8:LED.c         ****  * WHICH IS THE PROPERTY OF your company.
   9:LED.c         ****  *
  10:LED.c         ****  * ========================================
  11:LED.c         **** */
  12:LED.c         **** #include <LED.h>
  13:LED.c         **** #include <LED_BLUE.h>
  14:LED.c         **** #include <Application.h>
  15:LED.c         **** #include <Calibration.h>
  16:LED.c         **** #include <timers.h>
  17:LED.c         **** 
  18:LED.c         **** uint32_t pwm_period = 20; // in tenths of milliseconds
  19:LED.c         **** 
  20:LED.c         **** bool led_initialized = false;
  21:LED.c         **** 
  22:LED.c         **** void LedInit(void)
  23:LED.c         **** {
  28              		.loc 1 23 0
  29              		.cfi_startproc
  30              		@ args = 0, pretend = 0, frame = 0
  31              		@ frame_needed = 0, uses_anonymous_args = 0
  32              		@ link register save eliminated.
  24:LED.c         ****     led_initialized = true;
  33              		.loc 1 24 0
ARM GAS  C:\Users\TERENC~1\AppData\Local\Temp\ccL5sP7N.s 			page 2


  34 0000 0122     		movs	r2, #1
  35 0002 014B     		ldr	r3, .L2
  36 0004 1A70     		strb	r2, [r3]
  25:LED.c         **** }
  37              		.loc 1 25 0
  38              		@ sp needed
  39 0006 7047     		bx	lr
  40              	.L3:
  41              		.align	2
  42              	.L2:
  43 0008 00000000 		.word	.LANCHOR0
  44              		.cfi_endproc
  45              	.LFE2:
  46              		.size	LedInit, .-LedInit
  47              		.section	.text.LedDeInit,"ax",%progbits
  48              		.align	2
  49              		.global	LedDeInit
  50              		.code	16
  51              		.thumb_func
  52              		.type	LedDeInit, %function
  53              	LedDeInit:
  54              	.LFB3:
  26:LED.c         **** 
  27:LED.c         **** void LedDeInit(void)
  28:LED.c         **** {
  55              		.loc 1 28 0
  56              		.cfi_startproc
  57              		@ args = 0, pretend = 0, frame = 0
  58              		@ frame_needed = 0, uses_anonymous_args = 0
  59              		@ link register save eliminated.
  29:LED.c         ****     led_initialized = false;
  60              		.loc 1 29 0
  61 0000 0022     		movs	r2, #0
  62 0002 014B     		ldr	r3, .L5
  63 0004 1A70     		strb	r2, [r3]
  30:LED.c         **** }
  64              		.loc 1 30 0
  65              		@ sp needed
  66 0006 7047     		bx	lr
  67              	.L6:
  68              		.align	2
  69              	.L5:
  70 0008 00000000 		.word	.LANCHOR0
  71              		.cfi_endproc
  72              	.LFE3:
  73              		.size	LedDeInit, .-LedDeInit
  74              		.global	__aeabi_uidivmod
  75              		.global	__aeabi_uidiv
  76              		.section	.text.LedIntHandler,"ax",%progbits
  77              		.align	2
  78              		.global	LedIntHandler
  79              		.code	16
  80              		.thumb_func
  81              		.type	LedIntHandler, %function
  82              	LedIntHandler:
  83              	.LFB4:
  31:LED.c         **** 
ARM GAS  C:\Users\TERENC~1\AppData\Local\Temp\ccL5sP7N.s 			page 3


  32:LED.c         **** void LedIntHandler(void)
  33:LED.c         **** {
  84              		.loc 1 33 0
  85              		.cfi_startproc
  86              		@ args = 0, pretend = 0, frame = 0
  87              		@ frame_needed = 0, uses_anonymous_args = 0
  88 0000 70B5     		push	{r4, r5, r6, lr}
  89              		.cfi_def_cfa_offset 16
  90              		.cfi_offset 4, -16
  91              		.cfi_offset 5, -12
  92              		.cfi_offset 6, -8
  93              		.cfi_offset 14, -4
  34:LED.c         ****     if (led_initialized)
  94              		.loc 1 34 0
  95 0002 124B     		ldr	r3, .L10
  96 0004 1B78     		ldrb	r3, [r3]
  97 0006 002B     		cmp	r3, #0
  98 0008 1ED0     		beq	.L7
  35:LED.c         ****     {
  36:LED.c         ****         if ((tmrGetCounter_ms() % pwm_period) == 0)
  99              		.loc 1 36 0
 100 000a 114B     		ldr	r3, .L10+4
 101 000c 1868     		ldr	r0, [r3]
 102 000e 114B     		ldr	r3, .L10+8
 103 0010 1C68     		ldr	r4, [r3]
 104 0012 2100     		movs	r1, r4
 105 0014 FFF7FEFF 		bl	__aeabi_uidivmod
 106              	.LVL0:
 107 0018 0029     		cmp	r1, #0
 108 001a 03D1     		bne	.L9
  37:LED.c         ****         {
  38:LED.c         ****             LED_BLUE_Write(0);
 109              		.loc 1 38 0
 110 001c 0020     		movs	r0, #0
 111 001e FFF7FEFF 		bl	LED_BLUE_Write
 112              	.LVL1:
 113 0022 11E0     		b	.L7
 114              	.L9:
  39:LED.c         ****         }
  40:LED.c         ****         else if ((tmrGetCounter_ms() % pwm_period) == (cal_data->led_max_brightness * pwm_period / 
 115              		.loc 1 40 0
 116 0024 0A4B     		ldr	r3, .L10+4
 117 0026 1868     		ldr	r0, [r3]
 118 0028 2100     		movs	r1, r4
 119 002a FFF7FEFF 		bl	__aeabi_uidivmod
 120              	.LVL2:
 121 002e 0D00     		movs	r5, r1
 122 0030 094B     		ldr	r3, .L10+12
 123 0032 1B68     		ldr	r3, [r3]
 124 0034 187C     		ldrb	r0, [r3, #16]
 125 0036 6043     		muls	r0, r4
 126 0038 6421     		movs	r1, #100
 127 003a FFF7FEFF 		bl	__aeabi_uidiv
 128              	.LVL3:
 129 003e 8542     		cmp	r5, r0
 130 0040 02D1     		bne	.L7
  41:LED.c         ****         {
ARM GAS  C:\Users\TERENC~1\AppData\Local\Temp\ccL5sP7N.s 			page 4


  42:LED.c         ****             LED_BLUE_Write(1);
 131              		.loc 1 42 0
 132 0042 0120     		movs	r0, #1
 133 0044 FFF7FEFF 		bl	LED_BLUE_Write
 134              	.LVL4:
 135              	.L7:
  43:LED.c         ****         }
  44:LED.c         ****     }
  45:LED.c         **** }
 136              		.loc 1 45 0
 137              		@ sp needed
 138 0048 70BD     		pop	{r4, r5, r6, pc}
 139              	.L11:
 140 004a C046     		.align	2
 141              	.L10:
 142 004c 00000000 		.word	.LANCHOR0
 143 0050 00000000 		.word	tmrCounter_ms
 144 0054 00000000 		.word	.LANCHOR1
 145 0058 00000000 		.word	cal_data
 146              		.cfi_endproc
 147              	.LFE4:
 148              		.size	LedIntHandler, .-LedIntHandler
 149              		.global	led_initialized
 150              		.global	pwm_period
 151              		.data
 152              		.align	2
 153              		.set	.LANCHOR1,. + 0
 154              		.type	pwm_period, %object
 155              		.size	pwm_period, 4
 156              	pwm_period:
 157 0000 14000000 		.word	20
 158              		.bss
 159              		.set	.LANCHOR0,. + 0
 160              		.type	led_initialized, %object
 161              		.size	led_initialized, 1
 162              	led_initialized:
 163 0000 00       		.space	1
 164              		.text
 165              	.Letext0:
 166              		.file 2 "c:\\program files (x86)\\cypress\\psoc creator\\4.2\\psoc creator\\import\\gnu\\arm\\5.4.
 167              		.file 3 "c:\\program files (x86)\\cypress\\psoc creator\\4.2\\psoc creator\\import\\gnu\\arm\\5.4.
 168              		.file 4 "Generated_Source\\PSoC4/cytypes.h"
 169              		.file 5 "./Calibration.h"
 170              		.file 6 "./timers.h"
 171              		.file 7 "Generated_Source\\PSoC4/LED_BLUE.h"
 172              		.section	.debug_info,"",%progbits
 173              	.Ldebug_info0:
 174 0000 E0010000 		.4byte	0x1e0
 175 0004 0400     		.2byte	0x4
 176 0006 00000000 		.4byte	.Ldebug_abbrev0
 177 000a 04       		.byte	0x4
 178 000b 01       		.uleb128 0x1
 179 000c 3F010000 		.4byte	.LASF33
 180 0010 0C       		.byte	0xc
 181 0011 CD010000 		.4byte	.LASF34
 182 0015 66000000 		.4byte	.LASF35
 183 0019 00000000 		.4byte	.Ldebug_ranges0+0
ARM GAS  C:\Users\TERENC~1\AppData\Local\Temp\ccL5sP7N.s 			page 5


 184 001d 00000000 		.4byte	0
 185 0021 00000000 		.4byte	.Ldebug_line0
 186 0025 02       		.uleb128 0x2
 187 0026 01       		.byte	0x1
 188 0027 06       		.byte	0x6
 189 0028 25020000 		.4byte	.LASF0
 190 002c 02       		.uleb128 0x2
 191 002d 01       		.byte	0x1
 192 002e 08       		.byte	0x8
 193 002f 52000000 		.4byte	.LASF1
 194 0033 02       		.uleb128 0x2
 195 0034 02       		.byte	0x2
 196 0035 05       		.byte	0x5
 197 0036 F7010000 		.4byte	.LASF2
 198 003a 02       		.uleb128 0x2
 199 003b 02       		.byte	0x2
 200 003c 07       		.byte	0x7
 201 003d 8D000000 		.4byte	.LASF3
 202 0041 02       		.uleb128 0x2
 203 0042 04       		.byte	0x4
 204 0043 05       		.byte	0x5
 205 0044 10020000 		.4byte	.LASF4
 206 0048 03       		.uleb128 0x3
 207 0049 DB000000 		.4byte	.LASF9
 208 004d 02       		.byte	0x2
 209 004e 41       		.byte	0x41
 210 004f 53000000 		.4byte	0x53
 211 0053 02       		.uleb128 0x2
 212 0054 04       		.byte	0x4
 213 0055 07       		.byte	0x7
 214 0056 BE000000 		.4byte	.LASF5
 215 005a 02       		.uleb128 0x2
 216 005b 08       		.byte	0x8
 217 005c 05       		.byte	0x5
 218 005d DC010000 		.4byte	.LASF6
 219 0061 02       		.uleb128 0x2
 220 0062 08       		.byte	0x8
 221 0063 07       		.byte	0x7
 222 0064 20010000 		.4byte	.LASF7
 223 0068 04       		.uleb128 0x4
 224 0069 04       		.byte	0x4
 225 006a 05       		.byte	0x5
 226 006b 696E7400 		.ascii	"int\000"
 227 006f 02       		.uleb128 0x2
 228 0070 04       		.byte	0x4
 229 0071 07       		.byte	0x7
 230 0072 13010000 		.4byte	.LASF8
 231 0076 03       		.uleb128 0x3
 232 0077 07020000 		.4byte	.LASF10
 233 007b 03       		.byte	0x3
 234 007c 30       		.byte	0x30
 235 007d 48000000 		.4byte	0x48
 236 0081 05       		.uleb128 0x5
 237 0082 01020000 		.4byte	.LASF11
 238 0086 04       		.byte	0x4
 239 0087 E401     		.2byte	0x1e4
 240 0089 2C000000 		.4byte	0x2c
ARM GAS  C:\Users\TERENC~1\AppData\Local\Temp\ccL5sP7N.s 			page 6


 241 008d 05       		.uleb128 0x5
 242 008e 0C010000 		.4byte	.LASF12
 243 0092 04       		.byte	0x4
 244 0093 E601     		.2byte	0x1e6
 245 0095 53000000 		.4byte	0x53
 246 0099 05       		.uleb128 0x5
 247 009a 60000000 		.4byte	.LASF13
 248 009e 04       		.byte	0x4
 249 009f E801     		.2byte	0x1e8
 250 00a1 33000000 		.4byte	0x33
 251 00a5 02       		.uleb128 0x2
 252 00a6 04       		.byte	0x4
 253 00a7 04       		.byte	0x4
 254 00a8 44000000 		.4byte	.LASF14
 255 00ac 02       		.uleb128 0x2
 256 00ad 08       		.byte	0x8
 257 00ae 04       		.byte	0x4
 258 00af 35000000 		.4byte	.LASF15
 259 00b3 02       		.uleb128 0x2
 260 00b4 01       		.byte	0x1
 261 00b5 08       		.byte	0x8
 262 00b6 EA010000 		.4byte	.LASF16
 263 00ba 02       		.uleb128 0x2
 264 00bb 08       		.byte	0x8
 265 00bc 04       		.byte	0x4
 266 00bd 19020000 		.4byte	.LASF17
 267 00c1 02       		.uleb128 0x2
 268 00c2 04       		.byte	0x4
 269 00c3 07       		.byte	0x7
 270 00c4 D3010000 		.4byte	.LASF18
 271 00c8 06       		.uleb128 0x6
 272 00c9 14       		.byte	0x14
 273 00ca 05       		.byte	0x5
 274 00cb 12       		.byte	0x12
 275 00cc 19010000 		.4byte	0x119
 276 00d0 07       		.uleb128 0x7
 277 00d1 0E000000 		.4byte	.LASF19
 278 00d5 05       		.byte	0x5
 279 00d6 14       		.byte	0x14
 280 00d7 8D000000 		.4byte	0x8d
 281 00db 00       		.byte	0
 282 00dc 07       		.uleb128 0x7
 283 00dd 4A000000 		.4byte	.LASF20
 284 00e1 05       		.byte	0x5
 285 00e2 15       		.byte	0x15
 286 00e3 8D000000 		.4byte	0x8d
 287 00e7 04       		.byte	0x4
 288 00e8 07       		.uleb128 0x7
 289 00e9 EF010000 		.4byte	.LASF21
 290 00ed 05       		.byte	0x5
 291 00ee 16       		.byte	0x16
 292 00ef 19010000 		.4byte	0x119
 293 00f3 08       		.byte	0x8
 294 00f4 07       		.uleb128 0x7
 295 00f5 37010000 		.4byte	.LASF22
 296 00f9 05       		.byte	0x5
 297 00fa 17       		.byte	0x17
ARM GAS  C:\Users\TERENC~1\AppData\Local\Temp\ccL5sP7N.s 			page 7


 298 00fb 19010000 		.4byte	0x119
 299 00ff 0C       		.byte	0xc
 300 0100 07       		.uleb128 0x7
 301 0101 22000000 		.4byte	.LASF23
 302 0105 05       		.byte	0x5
 303 0106 19       		.byte	0x19
 304 0107 81000000 		.4byte	0x81
 305 010b 10       		.byte	0x10
 306 010c 07       		.uleb128 0x7
 307 010d D0000000 		.4byte	.LASF24
 308 0111 05       		.byte	0x5
 309 0112 1A       		.byte	0x1a
 310 0113 81000000 		.4byte	0x81
 311 0117 11       		.byte	0x11
 312 0118 00       		.byte	0
 313 0119 08       		.uleb128 0x8
 314 011a 99000000 		.4byte	0x99
 315 011e 29010000 		.4byte	0x129
 316 0122 09       		.uleb128 0x9
 317 0123 C1000000 		.4byte	0xc1
 318 0127 01       		.byte	0x1
 319 0128 00       		.byte	0
 320 0129 03       		.uleb128 0x3
 321 012a AB000000 		.4byte	.LASF25
 322 012e 05       		.byte	0x5
 323 012f 1B       		.byte	0x1b
 324 0130 C8000000 		.4byte	0xc8
 325 0134 0A       		.uleb128 0xa
 326 0135 3C000000 		.4byte	.LASF26
 327 0139 01       		.byte	0x1
 328 013a 16       		.byte	0x16
 329 013b 00000000 		.4byte	.LFB2
 330 013f 0C000000 		.4byte	.LFE2-.LFB2
 331 0143 01       		.uleb128 0x1
 332 0144 9C       		.byte	0x9c
 333 0145 0A       		.uleb128 0xa
 334 0146 18000000 		.4byte	.LASF27
 335 014a 01       		.byte	0x1
 336 014b 1B       		.byte	0x1b
 337 014c 00000000 		.4byte	.LFB3
 338 0150 0C000000 		.4byte	.LFE3-.LFB3
 339 0154 01       		.uleb128 0x1
 340 0155 9C       		.byte	0x9c
 341 0156 0B       		.uleb128 0xb
 342 0157 00000000 		.4byte	.LASF36
 343 015b 01       		.byte	0x1
 344 015c 20       		.byte	0x20
 345 015d 00000000 		.4byte	.LFB4
 346 0161 5C000000 		.4byte	.LFE4-.LFB4
 347 0165 01       		.uleb128 0x1
 348 0166 9C       		.byte	0x9c
 349 0167 8E010000 		.4byte	0x18e
 350 016b 0C       		.uleb128 0xc
 351 016c 22000000 		.4byte	.LVL1
 352 0170 D8010000 		.4byte	0x1d8
 353 0174 7E010000 		.4byte	0x17e
 354 0178 0D       		.uleb128 0xd
ARM GAS  C:\Users\TERENC~1\AppData\Local\Temp\ccL5sP7N.s 			page 8


 355 0179 01       		.uleb128 0x1
 356 017a 50       		.byte	0x50
 357 017b 01       		.uleb128 0x1
 358 017c 30       		.byte	0x30
 359 017d 00       		.byte	0
 360 017e 0E       		.uleb128 0xe
 361 017f 48000000 		.4byte	.LVL4
 362 0183 D8010000 		.4byte	0x1d8
 363 0187 0D       		.uleb128 0xd
 364 0188 01       		.uleb128 0x1
 365 0189 50       		.byte	0x50
 366 018a 01       		.uleb128 0x1
 367 018b 31       		.byte	0x31
 368 018c 00       		.byte	0
 369 018d 00       		.byte	0
 370 018e 0F       		.uleb128 0xf
 371 018f A0000000 		.4byte	.LASF28
 372 0193 01       		.byte	0x1
 373 0194 12       		.byte	0x12
 374 0195 76000000 		.4byte	0x76
 375 0199 05       		.uleb128 0x5
 376 019a 03       		.byte	0x3
 377 019b 00000000 		.4byte	pwm_period
 378 019f 0F       		.uleb128 0xf
 379 01a0 37020000 		.4byte	.LASF29
 380 01a4 01       		.byte	0x1
 381 01a5 14       		.byte	0x14
 382 01a6 B0010000 		.4byte	0x1b0
 383 01aa 05       		.uleb128 0x5
 384 01ab 03       		.byte	0x3
 385 01ac 00000000 		.4byte	led_initialized
 386 01b0 02       		.uleb128 0x2
 387 01b1 01       		.byte	0x1
 388 01b2 02       		.byte	0x2
 389 01b3 31020000 		.4byte	.LASF30
 390 01b7 10       		.uleb128 0x10
 391 01b8 03010000 		.4byte	.LASF31
 392 01bc 05       		.byte	0x5
 393 01bd 1D       		.byte	0x1d
 394 01be C2010000 		.4byte	0x1c2
 395 01c2 11       		.uleb128 0x11
 396 01c3 04       		.byte	0x4
 397 01c4 29010000 		.4byte	0x129
 398 01c8 10       		.uleb128 0x10
 399 01c9 E6000000 		.4byte	.LASF32
 400 01cd 06       		.byte	0x6
 401 01ce 13       		.byte	0x13
 402 01cf D3010000 		.4byte	0x1d3
 403 01d3 12       		.uleb128 0x12
 404 01d4 76000000 		.4byte	0x76
 405 01d8 13       		.uleb128 0x13
 406 01d9 F4000000 		.4byte	.LASF37
 407 01dd F4000000 		.4byte	.LASF37
 408 01e1 07       		.byte	0x7
 409 01e2 33       		.byte	0x33
 410 01e3 00       		.byte	0
 411              		.section	.debug_abbrev,"",%progbits
ARM GAS  C:\Users\TERENC~1\AppData\Local\Temp\ccL5sP7N.s 			page 9


 412              	.Ldebug_abbrev0:
 413 0000 01       		.uleb128 0x1
 414 0001 11       		.uleb128 0x11
 415 0002 01       		.byte	0x1
 416 0003 25       		.uleb128 0x25
 417 0004 0E       		.uleb128 0xe
 418 0005 13       		.uleb128 0x13
 419 0006 0B       		.uleb128 0xb
 420 0007 03       		.uleb128 0x3
 421 0008 0E       		.uleb128 0xe
 422 0009 1B       		.uleb128 0x1b
 423 000a 0E       		.uleb128 0xe
 424 000b 55       		.uleb128 0x55
 425 000c 17       		.uleb128 0x17
 426 000d 11       		.uleb128 0x11
 427 000e 01       		.uleb128 0x1
 428 000f 10       		.uleb128 0x10
 429 0010 17       		.uleb128 0x17
 430 0011 00       		.byte	0
 431 0012 00       		.byte	0
 432 0013 02       		.uleb128 0x2
 433 0014 24       		.uleb128 0x24
 434 0015 00       		.byte	0
 435 0016 0B       		.uleb128 0xb
 436 0017 0B       		.uleb128 0xb
 437 0018 3E       		.uleb128 0x3e
 438 0019 0B       		.uleb128 0xb
 439 001a 03       		.uleb128 0x3
 440 001b 0E       		.uleb128 0xe
 441 001c 00       		.byte	0
 442 001d 00       		.byte	0
 443 001e 03       		.uleb128 0x3
 444 001f 16       		.uleb128 0x16
 445 0020 00       		.byte	0
 446 0021 03       		.uleb128 0x3
 447 0022 0E       		.uleb128 0xe
 448 0023 3A       		.uleb128 0x3a
 449 0024 0B       		.uleb128 0xb
 450 0025 3B       		.uleb128 0x3b
 451 0026 0B       		.uleb128 0xb
 452 0027 49       		.uleb128 0x49
 453 0028 13       		.uleb128 0x13
 454 0029 00       		.byte	0
 455 002a 00       		.byte	0
 456 002b 04       		.uleb128 0x4
 457 002c 24       		.uleb128 0x24
 458 002d 00       		.byte	0
 459 002e 0B       		.uleb128 0xb
 460 002f 0B       		.uleb128 0xb
 461 0030 3E       		.uleb128 0x3e
 462 0031 0B       		.uleb128 0xb
 463 0032 03       		.uleb128 0x3
 464 0033 08       		.uleb128 0x8
 465 0034 00       		.byte	0
 466 0035 00       		.byte	0
 467 0036 05       		.uleb128 0x5
 468 0037 16       		.uleb128 0x16
ARM GAS  C:\Users\TERENC~1\AppData\Local\Temp\ccL5sP7N.s 			page 10


 469 0038 00       		.byte	0
 470 0039 03       		.uleb128 0x3
 471 003a 0E       		.uleb128 0xe
 472 003b 3A       		.uleb128 0x3a
 473 003c 0B       		.uleb128 0xb
 474 003d 3B       		.uleb128 0x3b
 475 003e 05       		.uleb128 0x5
 476 003f 49       		.uleb128 0x49
 477 0040 13       		.uleb128 0x13
 478 0041 00       		.byte	0
 479 0042 00       		.byte	0
 480 0043 06       		.uleb128 0x6
 481 0044 13       		.uleb128 0x13
 482 0045 01       		.byte	0x1
 483 0046 0B       		.uleb128 0xb
 484 0047 0B       		.uleb128 0xb
 485 0048 3A       		.uleb128 0x3a
 486 0049 0B       		.uleb128 0xb
 487 004a 3B       		.uleb128 0x3b
 488 004b 0B       		.uleb128 0xb
 489 004c 01       		.uleb128 0x1
 490 004d 13       		.uleb128 0x13
 491 004e 00       		.byte	0
 492 004f 00       		.byte	0
 493 0050 07       		.uleb128 0x7
 494 0051 0D       		.uleb128 0xd
 495 0052 00       		.byte	0
 496 0053 03       		.uleb128 0x3
 497 0054 0E       		.uleb128 0xe
 498 0055 3A       		.uleb128 0x3a
 499 0056 0B       		.uleb128 0xb
 500 0057 3B       		.uleb128 0x3b
 501 0058 0B       		.uleb128 0xb
 502 0059 49       		.uleb128 0x49
 503 005a 13       		.uleb128 0x13
 504 005b 38       		.uleb128 0x38
 505 005c 0B       		.uleb128 0xb
 506 005d 00       		.byte	0
 507 005e 00       		.byte	0
 508 005f 08       		.uleb128 0x8
 509 0060 01       		.uleb128 0x1
 510 0061 01       		.byte	0x1
 511 0062 49       		.uleb128 0x49
 512 0063 13       		.uleb128 0x13
 513 0064 01       		.uleb128 0x1
 514 0065 13       		.uleb128 0x13
 515 0066 00       		.byte	0
 516 0067 00       		.byte	0
 517 0068 09       		.uleb128 0x9
 518 0069 21       		.uleb128 0x21
 519 006a 00       		.byte	0
 520 006b 49       		.uleb128 0x49
 521 006c 13       		.uleb128 0x13
 522 006d 2F       		.uleb128 0x2f
 523 006e 0B       		.uleb128 0xb
 524 006f 00       		.byte	0
 525 0070 00       		.byte	0
ARM GAS  C:\Users\TERENC~1\AppData\Local\Temp\ccL5sP7N.s 			page 11


 526 0071 0A       		.uleb128 0xa
 527 0072 2E       		.uleb128 0x2e
 528 0073 00       		.byte	0
 529 0074 3F       		.uleb128 0x3f
 530 0075 19       		.uleb128 0x19
 531 0076 03       		.uleb128 0x3
 532 0077 0E       		.uleb128 0xe
 533 0078 3A       		.uleb128 0x3a
 534 0079 0B       		.uleb128 0xb
 535 007a 3B       		.uleb128 0x3b
 536 007b 0B       		.uleb128 0xb
 537 007c 27       		.uleb128 0x27
 538 007d 19       		.uleb128 0x19
 539 007e 11       		.uleb128 0x11
 540 007f 01       		.uleb128 0x1
 541 0080 12       		.uleb128 0x12
 542 0081 06       		.uleb128 0x6
 543 0082 40       		.uleb128 0x40
 544 0083 18       		.uleb128 0x18
 545 0084 9742     		.uleb128 0x2117
 546 0086 19       		.uleb128 0x19
 547 0087 00       		.byte	0
 548 0088 00       		.byte	0
 549 0089 0B       		.uleb128 0xb
 550 008a 2E       		.uleb128 0x2e
 551 008b 01       		.byte	0x1
 552 008c 3F       		.uleb128 0x3f
 553 008d 19       		.uleb128 0x19
 554 008e 03       		.uleb128 0x3
 555 008f 0E       		.uleb128 0xe
 556 0090 3A       		.uleb128 0x3a
 557 0091 0B       		.uleb128 0xb
 558 0092 3B       		.uleb128 0x3b
 559 0093 0B       		.uleb128 0xb
 560 0094 27       		.uleb128 0x27
 561 0095 19       		.uleb128 0x19
 562 0096 11       		.uleb128 0x11
 563 0097 01       		.uleb128 0x1
 564 0098 12       		.uleb128 0x12
 565 0099 06       		.uleb128 0x6
 566 009a 40       		.uleb128 0x40
 567 009b 18       		.uleb128 0x18
 568 009c 9642     		.uleb128 0x2116
 569 009e 19       		.uleb128 0x19
 570 009f 01       		.uleb128 0x1
 571 00a0 13       		.uleb128 0x13
 572 00a1 00       		.byte	0
 573 00a2 00       		.byte	0
 574 00a3 0C       		.uleb128 0xc
 575 00a4 898201   		.uleb128 0x4109
 576 00a7 01       		.byte	0x1
 577 00a8 11       		.uleb128 0x11
 578 00a9 01       		.uleb128 0x1
 579 00aa 31       		.uleb128 0x31
 580 00ab 13       		.uleb128 0x13
 581 00ac 01       		.uleb128 0x1
 582 00ad 13       		.uleb128 0x13
ARM GAS  C:\Users\TERENC~1\AppData\Local\Temp\ccL5sP7N.s 			page 12


 583 00ae 00       		.byte	0
 584 00af 00       		.byte	0
 585 00b0 0D       		.uleb128 0xd
 586 00b1 8A8201   		.uleb128 0x410a
 587 00b4 00       		.byte	0
 588 00b5 02       		.uleb128 0x2
 589 00b6 18       		.uleb128 0x18
 590 00b7 9142     		.uleb128 0x2111
 591 00b9 18       		.uleb128 0x18
 592 00ba 00       		.byte	0
 593 00bb 00       		.byte	0
 594 00bc 0E       		.uleb128 0xe
 595 00bd 898201   		.uleb128 0x4109
 596 00c0 01       		.byte	0x1
 597 00c1 11       		.uleb128 0x11
 598 00c2 01       		.uleb128 0x1
 599 00c3 31       		.uleb128 0x31
 600 00c4 13       		.uleb128 0x13
 601 00c5 00       		.byte	0
 602 00c6 00       		.byte	0
 603 00c7 0F       		.uleb128 0xf
 604 00c8 34       		.uleb128 0x34
 605 00c9 00       		.byte	0
 606 00ca 03       		.uleb128 0x3
 607 00cb 0E       		.uleb128 0xe
 608 00cc 3A       		.uleb128 0x3a
 609 00cd 0B       		.uleb128 0xb
 610 00ce 3B       		.uleb128 0x3b
 611 00cf 0B       		.uleb128 0xb
 612 00d0 49       		.uleb128 0x49
 613 00d1 13       		.uleb128 0x13
 614 00d2 3F       		.uleb128 0x3f
 615 00d3 19       		.uleb128 0x19
 616 00d4 02       		.uleb128 0x2
 617 00d5 18       		.uleb128 0x18
 618 00d6 00       		.byte	0
 619 00d7 00       		.byte	0
 620 00d8 10       		.uleb128 0x10
 621 00d9 34       		.uleb128 0x34
 622 00da 00       		.byte	0
 623 00db 03       		.uleb128 0x3
 624 00dc 0E       		.uleb128 0xe
 625 00dd 3A       		.uleb128 0x3a
 626 00de 0B       		.uleb128 0xb
 627 00df 3B       		.uleb128 0x3b
 628 00e0 0B       		.uleb128 0xb
 629 00e1 49       		.uleb128 0x49
 630 00e2 13       		.uleb128 0x13
 631 00e3 3F       		.uleb128 0x3f
 632 00e4 19       		.uleb128 0x19
 633 00e5 3C       		.uleb128 0x3c
 634 00e6 19       		.uleb128 0x19
 635 00e7 00       		.byte	0
 636 00e8 00       		.byte	0
 637 00e9 11       		.uleb128 0x11
 638 00ea 0F       		.uleb128 0xf
 639 00eb 00       		.byte	0
ARM GAS  C:\Users\TERENC~1\AppData\Local\Temp\ccL5sP7N.s 			page 13


 640 00ec 0B       		.uleb128 0xb
 641 00ed 0B       		.uleb128 0xb
 642 00ee 49       		.uleb128 0x49
 643 00ef 13       		.uleb128 0x13
 644 00f0 00       		.byte	0
 645 00f1 00       		.byte	0
 646 00f2 12       		.uleb128 0x12
 647 00f3 35       		.uleb128 0x35
 648 00f4 00       		.byte	0
 649 00f5 49       		.uleb128 0x49
 650 00f6 13       		.uleb128 0x13
 651 00f7 00       		.byte	0
 652 00f8 00       		.byte	0
 653 00f9 13       		.uleb128 0x13
 654 00fa 2E       		.uleb128 0x2e
 655 00fb 00       		.byte	0
 656 00fc 3F       		.uleb128 0x3f
 657 00fd 19       		.uleb128 0x19
 658 00fe 3C       		.uleb128 0x3c
 659 00ff 19       		.uleb128 0x19
 660 0100 6E       		.uleb128 0x6e
 661 0101 0E       		.uleb128 0xe
 662 0102 03       		.uleb128 0x3
 663 0103 0E       		.uleb128 0xe
 664 0104 3A       		.uleb128 0x3a
 665 0105 0B       		.uleb128 0xb
 666 0106 3B       		.uleb128 0x3b
 667 0107 0B       		.uleb128 0xb
 668 0108 00       		.byte	0
 669 0109 00       		.byte	0
 670 010a 00       		.byte	0
 671              		.section	.debug_aranges,"",%progbits
 672 0000 2C000000 		.4byte	0x2c
 673 0004 0200     		.2byte	0x2
 674 0006 00000000 		.4byte	.Ldebug_info0
 675 000a 04       		.byte	0x4
 676 000b 00       		.byte	0
 677 000c 0000     		.2byte	0
 678 000e 0000     		.2byte	0
 679 0010 00000000 		.4byte	.LFB2
 680 0014 0C000000 		.4byte	.LFE2-.LFB2
 681 0018 00000000 		.4byte	.LFB3
 682 001c 0C000000 		.4byte	.LFE3-.LFB3
 683 0020 00000000 		.4byte	.LFB4
 684 0024 5C000000 		.4byte	.LFE4-.LFB4
 685 0028 00000000 		.4byte	0
 686 002c 00000000 		.4byte	0
 687              		.section	.debug_ranges,"",%progbits
 688              	.Ldebug_ranges0:
 689 0000 00000000 		.4byte	.LFB2
 690 0004 0C000000 		.4byte	.LFE2
 691 0008 00000000 		.4byte	.LFB3
 692 000c 0C000000 		.4byte	.LFE3
 693 0010 00000000 		.4byte	.LFB4
 694 0014 5C000000 		.4byte	.LFE4
 695 0018 00000000 		.4byte	0
 696 001c 00000000 		.4byte	0
ARM GAS  C:\Users\TERENC~1\AppData\Local\Temp\ccL5sP7N.s 			page 14


 697              		.section	.debug_line,"",%progbits
 698              	.Ldebug_line0:
 699 0000 A9010000 		.section	.debug_str,"MS",%progbits,1
 699      02006C01 
 699      00000201 
 699      FB0E0D00 
 699      01010101 
 700              	.LASF36:
 701 0000 4C656449 		.ascii	"LedIntHandler\000"
 701      6E744861 
 701      6E646C65 
 701      7200
 702              	.LASF19:
 703 000e 7369676E 		.ascii	"signature\000"
 703      61747572 
 703      6500
 704              	.LASF27:
 705 0018 4C656444 		.ascii	"LedDeInit\000"
 705      65496E69 
 705      7400
 706              	.LASF23:
 707 0022 6C65645F 		.ascii	"led_max_brightness\000"
 707      6D61785F 
 707      62726967 
 707      68746E65 
 707      737300
 708              	.LASF15:
 709 0035 646F7562 		.ascii	"double\000"
 709      6C6500
 710              	.LASF26:
 711 003c 4C656449 		.ascii	"LedInit\000"
 711      6E697400 
 712              	.LASF14:
 713 0044 666C6F61 		.ascii	"float\000"
 713      7400
 714              	.LASF20:
 715 004a 636F756E 		.ascii	"counter\000"
 715      74657200 
 716              	.LASF1:
 717 0052 756E7369 		.ascii	"unsigned char\000"
 717      676E6564 
 717      20636861 
 717      7200
 718              	.LASF13:
 719 0060 696E7431 		.ascii	"int16\000"
 719      3600
 720              	.LASF35:
 721 0066 433A5C64 		.ascii	"C:\\dev\\git\\icebreaker\\Icebreaker.cydsn\000"
 721      65765C67 
 721      69745C69 
 721      63656272 
 721      65616B65 
 722              	.LASF3:
 723 008d 73686F72 		.ascii	"short unsigned int\000"
 723      7420756E 
 723      7369676E 
 723      65642069 
ARM GAS  C:\Users\TERENC~1\AppData\Local\Temp\ccL5sP7N.s 			page 15


 723      6E7400
 724              	.LASF28:
 725 00a0 70776D5F 		.ascii	"pwm_period\000"
 725      70657269 
 725      6F6400
 726              	.LASF25:
 727 00ab 63616C69 		.ascii	"calibration_data_s\000"
 727      62726174 
 727      696F6E5F 
 727      64617461 
 727      5F7300
 728              	.LASF5:
 729 00be 6C6F6E67 		.ascii	"long unsigned int\000"
 729      20756E73 
 729      69676E65 
 729      6420696E 
 729      7400
 730              	.LASF24:
 731 00d0 64656275 		.ascii	"debug_mask\000"
 731      675F6D61 
 731      736B00
 732              	.LASF9:
 733 00db 5F5F7569 		.ascii	"__uint32_t\000"
 733      6E743332 
 733      5F7400
 734              	.LASF32:
 735 00e6 746D7243 		.ascii	"tmrCounter_ms\000"
 735      6F756E74 
 735      65725F6D 
 735      7300
 736              	.LASF37:
 737 00f4 4C45445F 		.ascii	"LED_BLUE_Write\000"
 737      424C5545 
 737      5F577269 
 737      746500
 738              	.LASF31:
 739 0103 63616C5F 		.ascii	"cal_data\000"
 739      64617461 
 739      00
 740              	.LASF12:
 741 010c 75696E74 		.ascii	"uint32\000"
 741      333200
 742              	.LASF8:
 743 0113 756E7369 		.ascii	"unsigned int\000"
 743      676E6564 
 743      20696E74 
 743      00
 744              	.LASF7:
 745 0120 6C6F6E67 		.ascii	"long long unsigned int\000"
 745      206C6F6E 
 745      6720756E 
 745      7369676E 
 745      65642069 
 746              	.LASF22:
 747 0137 6164635F 		.ascii	"adc_max\000"
 747      6D617800 
 748              	.LASF33:
ARM GAS  C:\Users\TERENC~1\AppData\Local\Temp\ccL5sP7N.s 			page 16


 749 013f 474E5520 		.ascii	"GNU C11 5.4.1 20160609 (release) [ARM/embedded-5-br"
 749      43313120 
 749      352E342E 
 749      31203230 
 749      31363036 
 750 0172 616E6368 		.ascii	"anch revision 237715] -mcpu=cortex-m0 -mthumb -g -O"
 750      20726576 
 750      6973696F 
 750      6E203233 
 750      37373135 
 751 01a5 67202D66 		.ascii	"g -ffunction-sections -ffat-lto-objects\000"
 751      66756E63 
 751      74696F6E 
 751      2D736563 
 751      74696F6E 
 752              	.LASF34:
 753 01cd 4C45442E 		.ascii	"LED.c\000"
 753      6300
 754              	.LASF18:
 755 01d3 73697A65 		.ascii	"sizetype\000"
 755      74797065 
 755      00
 756              	.LASF6:
 757 01dc 6C6F6E67 		.ascii	"long long int\000"
 757      206C6F6E 
 757      6720696E 
 757      7400
 758              	.LASF16:
 759 01ea 63686172 		.ascii	"char\000"
 759      00
 760              	.LASF21:
 761 01ef 6164635F 		.ascii	"adc_min\000"
 761      6D696E00 
 762              	.LASF2:
 763 01f7 73686F72 		.ascii	"short int\000"
 763      7420696E 
 763      7400
 764              	.LASF11:
 765 0201 75696E74 		.ascii	"uint8\000"
 765      3800
 766              	.LASF10:
 767 0207 75696E74 		.ascii	"uint32_t\000"
 767      33325F74 
 767      00
 768              	.LASF4:
 769 0210 6C6F6E67 		.ascii	"long int\000"
 769      20696E74 
 769      00
 770              	.LASF17:
 771 0219 6C6F6E67 		.ascii	"long double\000"
 771      20646F75 
 771      626C6500 
 772              	.LASF0:
 773 0225 7369676E 		.ascii	"signed char\000"
 773      65642063 
 773      68617200 
 774              	.LASF30:
ARM GAS  C:\Users\TERENC~1\AppData\Local\Temp\ccL5sP7N.s 			page 17


 775 0231 5F426F6F 		.ascii	"_Bool\000"
 775      6C00
 776              	.LASF29:
 777 0237 6C65645F 		.ascii	"led_initialized\000"
 777      696E6974 
 777      69616C69 
 777      7A656400 
 778              		.ident	"GCC: (GNU Tools for ARM Embedded Processors) 5.4.1 20160609 (release) [ARM/embedded-5-bran
