ARM GAS  C:\Users\TERENC~1\AppData\Local\Temp\ccy0dLdh.s 			page 1


   1              		.syntax unified
   2              		.cpu cortex-m0
   3              		.fpu softvfp
   4              		.eabi_attribute 20, 1
   5              		.eabi_attribute 21, 1
   6              		.eabi_attribute 23, 3
   7              		.eabi_attribute 24, 1
   8              		.eabi_attribute 25, 1
   9              		.eabi_attribute 26, 1
  10              		.eabi_attribute 30, 1
  11              		.eabi_attribute 34, 0
  12              		.eabi_attribute 18, 4
  13              		.thumb
  14              		.syntax unified
  15              		.file	"LED_RED_PWM_ISR.c"
  16              		.text
  17              	.Ltext0:
  18              		.cfi_sections	.debug_frame
  19              		.section	.text.LED_RED_PWM_ISR_SetVector,"ax",%progbits
  20              		.align	2
  21              		.global	LED_RED_PWM_ISR_SetVector
  22              		.code	16
  23              		.thumb_func
  24              		.type	LED_RED_PWM_ISR_SetVector, %function
  25              	LED_RED_PWM_ISR_SetVector:
  26              	.LFB5:
  27              		.file 1 "Generated_Source\\PSoC4\\LED_RED_PWM_ISR.c"
   1:Generated_Source\PSoC4/LED_RED_PWM_ISR.c **** /*******************************************************************************
   2:Generated_Source\PSoC4/LED_RED_PWM_ISR.c **** * File Name: LED_RED_PWM_ISR.c  
   3:Generated_Source\PSoC4/LED_RED_PWM_ISR.c **** * Version 1.70
   4:Generated_Source\PSoC4/LED_RED_PWM_ISR.c **** *
   5:Generated_Source\PSoC4/LED_RED_PWM_ISR.c **** *  Description:
   6:Generated_Source\PSoC4/LED_RED_PWM_ISR.c **** *   API for controlling the state of an interrupt.
   7:Generated_Source\PSoC4/LED_RED_PWM_ISR.c **** *
   8:Generated_Source\PSoC4/LED_RED_PWM_ISR.c **** *
   9:Generated_Source\PSoC4/LED_RED_PWM_ISR.c **** *  Note:
  10:Generated_Source\PSoC4/LED_RED_PWM_ISR.c **** *
  11:Generated_Source\PSoC4/LED_RED_PWM_ISR.c **** ********************************************************************************
  12:Generated_Source\PSoC4/LED_RED_PWM_ISR.c **** * Copyright 2008-2015, Cypress Semiconductor Corporation.  All rights reserved.
  13:Generated_Source\PSoC4/LED_RED_PWM_ISR.c **** * You may use this file only in accordance with the license, terms, conditions, 
  14:Generated_Source\PSoC4/LED_RED_PWM_ISR.c **** * disclaimers, and limitations in the end user license agreement accompanying 
  15:Generated_Source\PSoC4/LED_RED_PWM_ISR.c **** * the software package with which this file was provided.
  16:Generated_Source\PSoC4/LED_RED_PWM_ISR.c **** *******************************************************************************/
  17:Generated_Source\PSoC4/LED_RED_PWM_ISR.c **** 
  18:Generated_Source\PSoC4/LED_RED_PWM_ISR.c **** 
  19:Generated_Source\PSoC4/LED_RED_PWM_ISR.c **** #include <cydevice_trm.h>
  20:Generated_Source\PSoC4/LED_RED_PWM_ISR.c **** #include <CyLib.h>
  21:Generated_Source\PSoC4/LED_RED_PWM_ISR.c **** #include <LED_RED_PWM_ISR.h>
  22:Generated_Source\PSoC4/LED_RED_PWM_ISR.c **** #include "cyapicallbacks.h"
  23:Generated_Source\PSoC4/LED_RED_PWM_ISR.c **** 
  24:Generated_Source\PSoC4/LED_RED_PWM_ISR.c **** #if !defined(LED_RED_PWM_ISR__REMOVED) /* Check for removal by optimization */
  25:Generated_Source\PSoC4/LED_RED_PWM_ISR.c **** 
  26:Generated_Source\PSoC4/LED_RED_PWM_ISR.c **** /*******************************************************************************
  27:Generated_Source\PSoC4/LED_RED_PWM_ISR.c **** *  Place your includes, defines and code here 
  28:Generated_Source\PSoC4/LED_RED_PWM_ISR.c **** ********************************************************************************/
  29:Generated_Source\PSoC4/LED_RED_PWM_ISR.c **** /* `#START LED_RED_PWM_ISR_intc` */
  30:Generated_Source\PSoC4/LED_RED_PWM_ISR.c **** 
ARM GAS  C:\Users\TERENC~1\AppData\Local\Temp\ccy0dLdh.s 			page 2


  31:Generated_Source\PSoC4/LED_RED_PWM_ISR.c **** /* `#END` */
  32:Generated_Source\PSoC4/LED_RED_PWM_ISR.c **** 
  33:Generated_Source\PSoC4/LED_RED_PWM_ISR.c **** extern cyisraddress CyRamVectors[CYINT_IRQ_BASE + CY_NUM_INTERRUPTS];
  34:Generated_Source\PSoC4/LED_RED_PWM_ISR.c **** 
  35:Generated_Source\PSoC4/LED_RED_PWM_ISR.c **** /* Declared in startup, used to set unused interrupts to. */
  36:Generated_Source\PSoC4/LED_RED_PWM_ISR.c **** CY_ISR_PROTO(IntDefaultHandler);
  37:Generated_Source\PSoC4/LED_RED_PWM_ISR.c **** 
  38:Generated_Source\PSoC4/LED_RED_PWM_ISR.c **** 
  39:Generated_Source\PSoC4/LED_RED_PWM_ISR.c **** /*******************************************************************************
  40:Generated_Source\PSoC4/LED_RED_PWM_ISR.c **** * Function Name: LED_RED_PWM_ISR_Start
  41:Generated_Source\PSoC4/LED_RED_PWM_ISR.c **** ********************************************************************************
  42:Generated_Source\PSoC4/LED_RED_PWM_ISR.c **** *
  43:Generated_Source\PSoC4/LED_RED_PWM_ISR.c **** * Summary:
  44:Generated_Source\PSoC4/LED_RED_PWM_ISR.c **** *  Set up the interrupt and enable it. This function disables the interrupt, 
  45:Generated_Source\PSoC4/LED_RED_PWM_ISR.c **** *  sets the default interrupt vector, sets the priority from the value in the
  46:Generated_Source\PSoC4/LED_RED_PWM_ISR.c **** *  Design Wide Resources Interrupt Editor, then enables the interrupt to the 
  47:Generated_Source\PSoC4/LED_RED_PWM_ISR.c **** *  interrupt controller.
  48:Generated_Source\PSoC4/LED_RED_PWM_ISR.c **** *
  49:Generated_Source\PSoC4/LED_RED_PWM_ISR.c **** * Parameters:  
  50:Generated_Source\PSoC4/LED_RED_PWM_ISR.c **** *   None
  51:Generated_Source\PSoC4/LED_RED_PWM_ISR.c **** *
  52:Generated_Source\PSoC4/LED_RED_PWM_ISR.c **** * Return:
  53:Generated_Source\PSoC4/LED_RED_PWM_ISR.c **** *   None
  54:Generated_Source\PSoC4/LED_RED_PWM_ISR.c **** *
  55:Generated_Source\PSoC4/LED_RED_PWM_ISR.c **** *******************************************************************************/
  56:Generated_Source\PSoC4/LED_RED_PWM_ISR.c **** void LED_RED_PWM_ISR_Start(void)
  57:Generated_Source\PSoC4/LED_RED_PWM_ISR.c **** {
  58:Generated_Source\PSoC4/LED_RED_PWM_ISR.c ****     /* For all we know the interrupt is active. */
  59:Generated_Source\PSoC4/LED_RED_PWM_ISR.c ****     LED_RED_PWM_ISR_Disable();
  60:Generated_Source\PSoC4/LED_RED_PWM_ISR.c **** 
  61:Generated_Source\PSoC4/LED_RED_PWM_ISR.c ****     /* Set the ISR to point to the LED_RED_PWM_ISR Interrupt. */
  62:Generated_Source\PSoC4/LED_RED_PWM_ISR.c ****     LED_RED_PWM_ISR_SetVector(&LED_RED_PWM_ISR_Interrupt);
  63:Generated_Source\PSoC4/LED_RED_PWM_ISR.c **** 
  64:Generated_Source\PSoC4/LED_RED_PWM_ISR.c ****     /* Set the priority. */
  65:Generated_Source\PSoC4/LED_RED_PWM_ISR.c ****     LED_RED_PWM_ISR_SetPriority((uint8)LED_RED_PWM_ISR_INTC_PRIOR_NUMBER);
  66:Generated_Source\PSoC4/LED_RED_PWM_ISR.c **** 
  67:Generated_Source\PSoC4/LED_RED_PWM_ISR.c ****     /* Enable it. */
  68:Generated_Source\PSoC4/LED_RED_PWM_ISR.c ****     LED_RED_PWM_ISR_Enable();
  69:Generated_Source\PSoC4/LED_RED_PWM_ISR.c **** }
  70:Generated_Source\PSoC4/LED_RED_PWM_ISR.c **** 
  71:Generated_Source\PSoC4/LED_RED_PWM_ISR.c **** 
  72:Generated_Source\PSoC4/LED_RED_PWM_ISR.c **** /*******************************************************************************
  73:Generated_Source\PSoC4/LED_RED_PWM_ISR.c **** * Function Name: LED_RED_PWM_ISR_StartEx
  74:Generated_Source\PSoC4/LED_RED_PWM_ISR.c **** ********************************************************************************
  75:Generated_Source\PSoC4/LED_RED_PWM_ISR.c **** *
  76:Generated_Source\PSoC4/LED_RED_PWM_ISR.c **** * Summary:
  77:Generated_Source\PSoC4/LED_RED_PWM_ISR.c **** *  Sets up the interrupt and enables it. This function disables the interrupt,
  78:Generated_Source\PSoC4/LED_RED_PWM_ISR.c **** *  sets the interrupt vector based on the address passed in, sets the priority 
  79:Generated_Source\PSoC4/LED_RED_PWM_ISR.c **** *  from the value in the Design Wide Resources Interrupt Editor, then enables 
  80:Generated_Source\PSoC4/LED_RED_PWM_ISR.c **** *  the interrupt to the interrupt controller.
  81:Generated_Source\PSoC4/LED_RED_PWM_ISR.c **** *  
  82:Generated_Source\PSoC4/LED_RED_PWM_ISR.c **** *  When defining ISR functions, the CY_ISR and CY_ISR_PROTO macros should be 
  83:Generated_Source\PSoC4/LED_RED_PWM_ISR.c **** *  used to provide consistent definition across compilers:
  84:Generated_Source\PSoC4/LED_RED_PWM_ISR.c **** *  
  85:Generated_Source\PSoC4/LED_RED_PWM_ISR.c **** *  Function definition example:
  86:Generated_Source\PSoC4/LED_RED_PWM_ISR.c **** *   CY_ISR(MyISR)
  87:Generated_Source\PSoC4/LED_RED_PWM_ISR.c **** *   {
ARM GAS  C:\Users\TERENC~1\AppData\Local\Temp\ccy0dLdh.s 			page 3


  88:Generated_Source\PSoC4/LED_RED_PWM_ISR.c **** *   }
  89:Generated_Source\PSoC4/LED_RED_PWM_ISR.c **** *   Function prototype example:
  90:Generated_Source\PSoC4/LED_RED_PWM_ISR.c **** *   CY_ISR_PROTO(MyISR);
  91:Generated_Source\PSoC4/LED_RED_PWM_ISR.c **** *
  92:Generated_Source\PSoC4/LED_RED_PWM_ISR.c **** * Parameters:  
  93:Generated_Source\PSoC4/LED_RED_PWM_ISR.c **** *   address: Address of the ISR to set in the interrupt vector table.
  94:Generated_Source\PSoC4/LED_RED_PWM_ISR.c **** *
  95:Generated_Source\PSoC4/LED_RED_PWM_ISR.c **** * Return:
  96:Generated_Source\PSoC4/LED_RED_PWM_ISR.c **** *   None
  97:Generated_Source\PSoC4/LED_RED_PWM_ISR.c **** *
  98:Generated_Source\PSoC4/LED_RED_PWM_ISR.c **** *******************************************************************************/
  99:Generated_Source\PSoC4/LED_RED_PWM_ISR.c **** void LED_RED_PWM_ISR_StartEx(cyisraddress address)
 100:Generated_Source\PSoC4/LED_RED_PWM_ISR.c **** {
 101:Generated_Source\PSoC4/LED_RED_PWM_ISR.c ****     /* For all we know the interrupt is active. */
 102:Generated_Source\PSoC4/LED_RED_PWM_ISR.c ****     LED_RED_PWM_ISR_Disable();
 103:Generated_Source\PSoC4/LED_RED_PWM_ISR.c **** 
 104:Generated_Source\PSoC4/LED_RED_PWM_ISR.c ****     /* Set the ISR to point to the LED_RED_PWM_ISR Interrupt. */
 105:Generated_Source\PSoC4/LED_RED_PWM_ISR.c ****     LED_RED_PWM_ISR_SetVector(address);
 106:Generated_Source\PSoC4/LED_RED_PWM_ISR.c **** 
 107:Generated_Source\PSoC4/LED_RED_PWM_ISR.c ****     /* Set the priority. */
 108:Generated_Source\PSoC4/LED_RED_PWM_ISR.c ****     LED_RED_PWM_ISR_SetPriority((uint8)LED_RED_PWM_ISR_INTC_PRIOR_NUMBER);
 109:Generated_Source\PSoC4/LED_RED_PWM_ISR.c **** 
 110:Generated_Source\PSoC4/LED_RED_PWM_ISR.c ****     /* Enable it. */
 111:Generated_Source\PSoC4/LED_RED_PWM_ISR.c ****     LED_RED_PWM_ISR_Enable();
 112:Generated_Source\PSoC4/LED_RED_PWM_ISR.c **** }
 113:Generated_Source\PSoC4/LED_RED_PWM_ISR.c **** 
 114:Generated_Source\PSoC4/LED_RED_PWM_ISR.c **** 
 115:Generated_Source\PSoC4/LED_RED_PWM_ISR.c **** /*******************************************************************************
 116:Generated_Source\PSoC4/LED_RED_PWM_ISR.c **** * Function Name: LED_RED_PWM_ISR_Stop
 117:Generated_Source\PSoC4/LED_RED_PWM_ISR.c **** ********************************************************************************
 118:Generated_Source\PSoC4/LED_RED_PWM_ISR.c **** *
 119:Generated_Source\PSoC4/LED_RED_PWM_ISR.c **** * Summary:
 120:Generated_Source\PSoC4/LED_RED_PWM_ISR.c **** *   Disables and removes the interrupt.
 121:Generated_Source\PSoC4/LED_RED_PWM_ISR.c **** *
 122:Generated_Source\PSoC4/LED_RED_PWM_ISR.c **** * Parameters:  
 123:Generated_Source\PSoC4/LED_RED_PWM_ISR.c **** *   None
 124:Generated_Source\PSoC4/LED_RED_PWM_ISR.c **** *
 125:Generated_Source\PSoC4/LED_RED_PWM_ISR.c **** * Return:
 126:Generated_Source\PSoC4/LED_RED_PWM_ISR.c **** *   None
 127:Generated_Source\PSoC4/LED_RED_PWM_ISR.c **** *
 128:Generated_Source\PSoC4/LED_RED_PWM_ISR.c **** *******************************************************************************/
 129:Generated_Source\PSoC4/LED_RED_PWM_ISR.c **** void LED_RED_PWM_ISR_Stop(void)
 130:Generated_Source\PSoC4/LED_RED_PWM_ISR.c **** {
 131:Generated_Source\PSoC4/LED_RED_PWM_ISR.c ****     /* Disable this interrupt. */
 132:Generated_Source\PSoC4/LED_RED_PWM_ISR.c ****     LED_RED_PWM_ISR_Disable();
 133:Generated_Source\PSoC4/LED_RED_PWM_ISR.c **** 
 134:Generated_Source\PSoC4/LED_RED_PWM_ISR.c ****     /* Set the ISR to point to the passive one. */
 135:Generated_Source\PSoC4/LED_RED_PWM_ISR.c ****     LED_RED_PWM_ISR_SetVector(&IntDefaultHandler);
 136:Generated_Source\PSoC4/LED_RED_PWM_ISR.c **** }
 137:Generated_Source\PSoC4/LED_RED_PWM_ISR.c **** 
 138:Generated_Source\PSoC4/LED_RED_PWM_ISR.c **** 
 139:Generated_Source\PSoC4/LED_RED_PWM_ISR.c **** /*******************************************************************************
 140:Generated_Source\PSoC4/LED_RED_PWM_ISR.c **** * Function Name: LED_RED_PWM_ISR_Interrupt
 141:Generated_Source\PSoC4/LED_RED_PWM_ISR.c **** ********************************************************************************
 142:Generated_Source\PSoC4/LED_RED_PWM_ISR.c **** *
 143:Generated_Source\PSoC4/LED_RED_PWM_ISR.c **** * Summary:
 144:Generated_Source\PSoC4/LED_RED_PWM_ISR.c **** *   The default Interrupt Service Routine for LED_RED_PWM_ISR.
ARM GAS  C:\Users\TERENC~1\AppData\Local\Temp\ccy0dLdh.s 			page 4


 145:Generated_Source\PSoC4/LED_RED_PWM_ISR.c **** *
 146:Generated_Source\PSoC4/LED_RED_PWM_ISR.c **** *   Add custom code between the START and END comments to keep the next version
 147:Generated_Source\PSoC4/LED_RED_PWM_ISR.c **** *   of this file from over-writing your code.
 148:Generated_Source\PSoC4/LED_RED_PWM_ISR.c **** *
 149:Generated_Source\PSoC4/LED_RED_PWM_ISR.c **** *   Note You may use either the default ISR by using this API, or you may define
 150:Generated_Source\PSoC4/LED_RED_PWM_ISR.c **** *   your own separate ISR through ISR_StartEx().
 151:Generated_Source\PSoC4/LED_RED_PWM_ISR.c **** *
 152:Generated_Source\PSoC4/LED_RED_PWM_ISR.c **** * Parameters:  
 153:Generated_Source\PSoC4/LED_RED_PWM_ISR.c **** *   None
 154:Generated_Source\PSoC4/LED_RED_PWM_ISR.c **** *
 155:Generated_Source\PSoC4/LED_RED_PWM_ISR.c **** * Return:
 156:Generated_Source\PSoC4/LED_RED_PWM_ISR.c **** *   None
 157:Generated_Source\PSoC4/LED_RED_PWM_ISR.c **** *
 158:Generated_Source\PSoC4/LED_RED_PWM_ISR.c **** *******************************************************************************/
 159:Generated_Source\PSoC4/LED_RED_PWM_ISR.c **** CY_ISR(LED_RED_PWM_ISR_Interrupt)
 160:Generated_Source\PSoC4/LED_RED_PWM_ISR.c **** {
 161:Generated_Source\PSoC4/LED_RED_PWM_ISR.c ****     #ifdef LED_RED_PWM_ISR_INTERRUPT_INTERRUPT_CALLBACK
 162:Generated_Source\PSoC4/LED_RED_PWM_ISR.c ****         LED_RED_PWM_ISR_Interrupt_InterruptCallback();
 163:Generated_Source\PSoC4/LED_RED_PWM_ISR.c ****     #endif /* LED_RED_PWM_ISR_INTERRUPT_INTERRUPT_CALLBACK */ 
 164:Generated_Source\PSoC4/LED_RED_PWM_ISR.c **** 
 165:Generated_Source\PSoC4/LED_RED_PWM_ISR.c ****     /*  Place your Interrupt code here. */
 166:Generated_Source\PSoC4/LED_RED_PWM_ISR.c ****     /* `#START LED_RED_PWM_ISR_Interrupt` */
 167:Generated_Source\PSoC4/LED_RED_PWM_ISR.c ****     #include <LedManager.h>
 168:Generated_Source\PSoC4/LED_RED_PWM_ISR.c ****     LED_RED_PWM_ISR_ClearPending();
 169:Generated_Source\PSoC4/LED_RED_PWM_ISR.c **** 
 170:Generated_Source\PSoC4/LED_RED_PWM_ISR.c ****     LedManagerInterruptHandler(LM_LED_RED);
 171:Generated_Source\PSoC4/LED_RED_PWM_ISR.c ****     /* `#END` */
 172:Generated_Source\PSoC4/LED_RED_PWM_ISR.c **** }
 173:Generated_Source\PSoC4/LED_RED_PWM_ISR.c **** 
 174:Generated_Source\PSoC4/LED_RED_PWM_ISR.c **** 
 175:Generated_Source\PSoC4/LED_RED_PWM_ISR.c **** /*******************************************************************************
 176:Generated_Source\PSoC4/LED_RED_PWM_ISR.c **** * Function Name: LED_RED_PWM_ISR_SetVector
 177:Generated_Source\PSoC4/LED_RED_PWM_ISR.c **** ********************************************************************************
 178:Generated_Source\PSoC4/LED_RED_PWM_ISR.c **** *
 179:Generated_Source\PSoC4/LED_RED_PWM_ISR.c **** * Summary:
 180:Generated_Source\PSoC4/LED_RED_PWM_ISR.c **** *   Change the ISR vector for the Interrupt. Note calling LED_RED_PWM_ISR_Start
 181:Generated_Source\PSoC4/LED_RED_PWM_ISR.c **** *   will override any effect this method would have had. To set the vector 
 182:Generated_Source\PSoC4/LED_RED_PWM_ISR.c **** *   before the component has been started use LED_RED_PWM_ISR_StartEx instead.
 183:Generated_Source\PSoC4/LED_RED_PWM_ISR.c **** * 
 184:Generated_Source\PSoC4/LED_RED_PWM_ISR.c **** *   When defining ISR functions, the CY_ISR and CY_ISR_PROTO macros should be 
 185:Generated_Source\PSoC4/LED_RED_PWM_ISR.c **** *   used to provide consistent definition across compilers:
 186:Generated_Source\PSoC4/LED_RED_PWM_ISR.c **** *
 187:Generated_Source\PSoC4/LED_RED_PWM_ISR.c **** *   Function definition example:
 188:Generated_Source\PSoC4/LED_RED_PWM_ISR.c **** *   CY_ISR(MyISR)
 189:Generated_Source\PSoC4/LED_RED_PWM_ISR.c **** *   {
 190:Generated_Source\PSoC4/LED_RED_PWM_ISR.c **** *   }
 191:Generated_Source\PSoC4/LED_RED_PWM_ISR.c **** *
 192:Generated_Source\PSoC4/LED_RED_PWM_ISR.c **** *   Function prototype example:
 193:Generated_Source\PSoC4/LED_RED_PWM_ISR.c **** *     CY_ISR_PROTO(MyISR);
 194:Generated_Source\PSoC4/LED_RED_PWM_ISR.c **** *
 195:Generated_Source\PSoC4/LED_RED_PWM_ISR.c **** * Parameters:
 196:Generated_Source\PSoC4/LED_RED_PWM_ISR.c **** *   address: Address of the ISR to set in the interrupt vector table.
 197:Generated_Source\PSoC4/LED_RED_PWM_ISR.c **** *
 198:Generated_Source\PSoC4/LED_RED_PWM_ISR.c **** * Return:
 199:Generated_Source\PSoC4/LED_RED_PWM_ISR.c **** *   None
 200:Generated_Source\PSoC4/LED_RED_PWM_ISR.c **** *
 201:Generated_Source\PSoC4/LED_RED_PWM_ISR.c **** *******************************************************************************/
ARM GAS  C:\Users\TERENC~1\AppData\Local\Temp\ccy0dLdh.s 			page 5


 202:Generated_Source\PSoC4/LED_RED_PWM_ISR.c **** void LED_RED_PWM_ISR_SetVector(cyisraddress address)
 203:Generated_Source\PSoC4/LED_RED_PWM_ISR.c **** {
  28              		.loc 1 203 0
  29              		.cfi_startproc
  30              		@ args = 0, pretend = 0, frame = 0
  31              		@ frame_needed = 0, uses_anonymous_args = 0
  32              		@ link register save eliminated.
  33              	.LVL0:
 204:Generated_Source\PSoC4/LED_RED_PWM_ISR.c ****     CyRamVectors[CYINT_IRQ_BASE + LED_RED_PWM_ISR__INTC_NUMBER] = address;
  34              		.loc 1 204 0
  35 0000 AC23     		movs	r3, #172
  36 0002 014A     		ldr	r2, .L2
  37 0004 D050     		str	r0, [r2, r3]
 205:Generated_Source\PSoC4/LED_RED_PWM_ISR.c **** }
  38              		.loc 1 205 0
  39              		@ sp needed
  40 0006 7047     		bx	lr
  41              	.L3:
  42              		.align	2
  43              	.L2:
  44 0008 00000000 		.word	CyRamVectors
  45              		.cfi_endproc
  46              	.LFE5:
  47              		.size	LED_RED_PWM_ISR_SetVector, .-LED_RED_PWM_ISR_SetVector
  48              		.section	.text.LED_RED_PWM_ISR_GetVector,"ax",%progbits
  49              		.align	2
  50              		.global	LED_RED_PWM_ISR_GetVector
  51              		.code	16
  52              		.thumb_func
  53              		.type	LED_RED_PWM_ISR_GetVector, %function
  54              	LED_RED_PWM_ISR_GetVector:
  55              	.LFB6:
 206:Generated_Source\PSoC4/LED_RED_PWM_ISR.c **** 
 207:Generated_Source\PSoC4/LED_RED_PWM_ISR.c **** 
 208:Generated_Source\PSoC4/LED_RED_PWM_ISR.c **** /*******************************************************************************
 209:Generated_Source\PSoC4/LED_RED_PWM_ISR.c **** * Function Name: LED_RED_PWM_ISR_GetVector
 210:Generated_Source\PSoC4/LED_RED_PWM_ISR.c **** ********************************************************************************
 211:Generated_Source\PSoC4/LED_RED_PWM_ISR.c **** *
 212:Generated_Source\PSoC4/LED_RED_PWM_ISR.c **** * Summary:
 213:Generated_Source\PSoC4/LED_RED_PWM_ISR.c **** *   Gets the "address" of the current ISR vector for the Interrupt.
 214:Generated_Source\PSoC4/LED_RED_PWM_ISR.c **** *
 215:Generated_Source\PSoC4/LED_RED_PWM_ISR.c **** * Parameters:
 216:Generated_Source\PSoC4/LED_RED_PWM_ISR.c **** *   None
 217:Generated_Source\PSoC4/LED_RED_PWM_ISR.c **** *
 218:Generated_Source\PSoC4/LED_RED_PWM_ISR.c **** * Return:
 219:Generated_Source\PSoC4/LED_RED_PWM_ISR.c **** *   Address of the ISR in the interrupt vector table.
 220:Generated_Source\PSoC4/LED_RED_PWM_ISR.c **** *
 221:Generated_Source\PSoC4/LED_RED_PWM_ISR.c **** *******************************************************************************/
 222:Generated_Source\PSoC4/LED_RED_PWM_ISR.c **** cyisraddress LED_RED_PWM_ISR_GetVector(void)
 223:Generated_Source\PSoC4/LED_RED_PWM_ISR.c **** {
  56              		.loc 1 223 0
  57              		.cfi_startproc
  58              		@ args = 0, pretend = 0, frame = 0
  59              		@ frame_needed = 0, uses_anonymous_args = 0
  60              		@ link register save eliminated.
 224:Generated_Source\PSoC4/LED_RED_PWM_ISR.c ****     return CyRamVectors[CYINT_IRQ_BASE + LED_RED_PWM_ISR__INTC_NUMBER];
  61              		.loc 1 224 0
ARM GAS  C:\Users\TERENC~1\AppData\Local\Temp\ccy0dLdh.s 			page 6


  62 0000 AC23     		movs	r3, #172
  63 0002 014A     		ldr	r2, .L5
  64 0004 D058     		ldr	r0, [r2, r3]
 225:Generated_Source\PSoC4/LED_RED_PWM_ISR.c **** }
  65              		.loc 1 225 0
  66              		@ sp needed
  67 0006 7047     		bx	lr
  68              	.L6:
  69              		.align	2
  70              	.L5:
  71 0008 00000000 		.word	CyRamVectors
  72              		.cfi_endproc
  73              	.LFE6:
  74              		.size	LED_RED_PWM_ISR_GetVector, .-LED_RED_PWM_ISR_GetVector
  75              		.section	.text.LED_RED_PWM_ISR_SetPriority,"ax",%progbits
  76              		.align	2
  77              		.global	LED_RED_PWM_ISR_SetPriority
  78              		.code	16
  79              		.thumb_func
  80              		.type	LED_RED_PWM_ISR_SetPriority, %function
  81              	LED_RED_PWM_ISR_SetPriority:
  82              	.LFB7:
 226:Generated_Source\PSoC4/LED_RED_PWM_ISR.c **** 
 227:Generated_Source\PSoC4/LED_RED_PWM_ISR.c **** 
 228:Generated_Source\PSoC4/LED_RED_PWM_ISR.c **** /*******************************************************************************
 229:Generated_Source\PSoC4/LED_RED_PWM_ISR.c **** * Function Name: LED_RED_PWM_ISR_SetPriority
 230:Generated_Source\PSoC4/LED_RED_PWM_ISR.c **** ********************************************************************************
 231:Generated_Source\PSoC4/LED_RED_PWM_ISR.c **** *
 232:Generated_Source\PSoC4/LED_RED_PWM_ISR.c **** * Summary:
 233:Generated_Source\PSoC4/LED_RED_PWM_ISR.c **** *   Sets the Priority of the Interrupt. 
 234:Generated_Source\PSoC4/LED_RED_PWM_ISR.c **** *
 235:Generated_Source\PSoC4/LED_RED_PWM_ISR.c **** *   Note calling LED_RED_PWM_ISR_Start or LED_RED_PWM_ISR_StartEx will 
 236:Generated_Source\PSoC4/LED_RED_PWM_ISR.c **** *   override any effect this API would have had. This API should only be called
 237:Generated_Source\PSoC4/LED_RED_PWM_ISR.c **** *   after LED_RED_PWM_ISR_Start or LED_RED_PWM_ISR_StartEx has been called. 
 238:Generated_Source\PSoC4/LED_RED_PWM_ISR.c **** *   To set the initial priority for the component, use the Design-Wide Resources
 239:Generated_Source\PSoC4/LED_RED_PWM_ISR.c **** *   Interrupt Editor.
 240:Generated_Source\PSoC4/LED_RED_PWM_ISR.c **** *
 241:Generated_Source\PSoC4/LED_RED_PWM_ISR.c **** *   Note This API has no effect on Non-maskable interrupt NMI).
 242:Generated_Source\PSoC4/LED_RED_PWM_ISR.c **** *
 243:Generated_Source\PSoC4/LED_RED_PWM_ISR.c **** * Parameters:
 244:Generated_Source\PSoC4/LED_RED_PWM_ISR.c **** *   priority: Priority of the interrupt, 0 being the highest priority
 245:Generated_Source\PSoC4/LED_RED_PWM_ISR.c **** *             PSoC 3 and PSoC 5LP: Priority is from 0 to 7.
 246:Generated_Source\PSoC4/LED_RED_PWM_ISR.c **** *             PSoC 4: Priority is from 0 to 3.
 247:Generated_Source\PSoC4/LED_RED_PWM_ISR.c **** *
 248:Generated_Source\PSoC4/LED_RED_PWM_ISR.c **** * Return:
 249:Generated_Source\PSoC4/LED_RED_PWM_ISR.c **** *   None
 250:Generated_Source\PSoC4/LED_RED_PWM_ISR.c **** *
 251:Generated_Source\PSoC4/LED_RED_PWM_ISR.c **** *******************************************************************************/
 252:Generated_Source\PSoC4/LED_RED_PWM_ISR.c **** void LED_RED_PWM_ISR_SetPriority(uint8 priority)
 253:Generated_Source\PSoC4/LED_RED_PWM_ISR.c **** {
  83              		.loc 1 253 0
  84              		.cfi_startproc
  85              		@ args = 0, pretend = 0, frame = 0
  86              		@ frame_needed = 0, uses_anonymous_args = 0
  87              	.LVL1:
  88 0000 10B5     		push	{r4, lr}
  89              		.cfi_def_cfa_offset 8
ARM GAS  C:\Users\TERENC~1\AppData\Local\Temp\ccy0dLdh.s 			page 7


  90              		.cfi_offset 4, -8
  91              		.cfi_offset 14, -4
  92 0002 0400     		movs	r4, r0
  93              	.LVL2:
 254:Generated_Source\PSoC4/LED_RED_PWM_ISR.c **** 	uint8 interruptState;
 255:Generated_Source\PSoC4/LED_RED_PWM_ISR.c ****     uint32 priorityOffset = ((LED_RED_PWM_ISR__INTC_NUMBER % 4u) * 8u) + 6u;
 256:Generated_Source\PSoC4/LED_RED_PWM_ISR.c ****     
 257:Generated_Source\PSoC4/LED_RED_PWM_ISR.c **** 	interruptState = CyEnterCriticalSection();
  94              		.loc 1 257 0
  95 0004 FFF7FEFF 		bl	CyEnterCriticalSection
  96              	.LVL3:
 258:Generated_Source\PSoC4/LED_RED_PWM_ISR.c ****     *LED_RED_PWM_ISR_INTC_PRIOR = (*LED_RED_PWM_ISR_INTC_PRIOR & (uint32)(~LED_RED_PWM_ISR__INTC_PR
  97              		.loc 1 258 0
  98 0008 044A     		ldr	r2, .L8
  99 000a 1368     		ldr	r3, [r2]
 100 000c 9B00     		lsls	r3, r3, #2
 101 000e 9B08     		lsrs	r3, r3, #2
 259:Generated_Source\PSoC4/LED_RED_PWM_ISR.c ****                                     ((uint32)priority << priorityOffset);
 102              		.loc 1 259 0
 103 0010 A407     		lsls	r4, r4, #30
 258:Generated_Source\PSoC4/LED_RED_PWM_ISR.c ****     *LED_RED_PWM_ISR_INTC_PRIOR = (*LED_RED_PWM_ISR_INTC_PRIOR & (uint32)(~LED_RED_PWM_ISR__INTC_PR
 104              		.loc 1 258 0
 105 0012 1C43     		orrs	r4, r3
 106 0014 1460     		str	r4, [r2]
 260:Generated_Source\PSoC4/LED_RED_PWM_ISR.c **** 	CyExitCriticalSection(interruptState);
 107              		.loc 1 260 0
 108 0016 FFF7FEFF 		bl	CyExitCriticalSection
 109              	.LVL4:
 261:Generated_Source\PSoC4/LED_RED_PWM_ISR.c **** }
 110              		.loc 1 261 0
 111              		@ sp needed
 112 001a 10BD     		pop	{r4, pc}
 113              	.L9:
 114              		.align	2
 115              	.L8:
 116 001c 18E400E0 		.word	-536812520
 117              		.cfi_endproc
 118              	.LFE7:
 119              		.size	LED_RED_PWM_ISR_SetPriority, .-LED_RED_PWM_ISR_SetPriority
 120              		.section	.text.LED_RED_PWM_ISR_GetPriority,"ax",%progbits
 121              		.align	2
 122              		.global	LED_RED_PWM_ISR_GetPriority
 123              		.code	16
 124              		.thumb_func
 125              		.type	LED_RED_PWM_ISR_GetPriority, %function
 126              	LED_RED_PWM_ISR_GetPriority:
 127              	.LFB8:
 262:Generated_Source\PSoC4/LED_RED_PWM_ISR.c **** 
 263:Generated_Source\PSoC4/LED_RED_PWM_ISR.c **** 
 264:Generated_Source\PSoC4/LED_RED_PWM_ISR.c **** /*******************************************************************************
 265:Generated_Source\PSoC4/LED_RED_PWM_ISR.c **** * Function Name: LED_RED_PWM_ISR_GetPriority
 266:Generated_Source\PSoC4/LED_RED_PWM_ISR.c **** ********************************************************************************
 267:Generated_Source\PSoC4/LED_RED_PWM_ISR.c **** *
 268:Generated_Source\PSoC4/LED_RED_PWM_ISR.c **** * Summary:
 269:Generated_Source\PSoC4/LED_RED_PWM_ISR.c **** *   Gets the Priority of the Interrupt.
 270:Generated_Source\PSoC4/LED_RED_PWM_ISR.c **** *
 271:Generated_Source\PSoC4/LED_RED_PWM_ISR.c **** * Parameters:
ARM GAS  C:\Users\TERENC~1\AppData\Local\Temp\ccy0dLdh.s 			page 8


 272:Generated_Source\PSoC4/LED_RED_PWM_ISR.c **** *   None
 273:Generated_Source\PSoC4/LED_RED_PWM_ISR.c **** *
 274:Generated_Source\PSoC4/LED_RED_PWM_ISR.c **** * Return:
 275:Generated_Source\PSoC4/LED_RED_PWM_ISR.c **** *   Priority of the interrupt, 0 being the highest priority
 276:Generated_Source\PSoC4/LED_RED_PWM_ISR.c **** *    PSoC 3 and PSoC 5LP: Priority is from 0 to 7.
 277:Generated_Source\PSoC4/LED_RED_PWM_ISR.c **** *    PSoC 4: Priority is from 0 to 3.
 278:Generated_Source\PSoC4/LED_RED_PWM_ISR.c **** *
 279:Generated_Source\PSoC4/LED_RED_PWM_ISR.c **** *******************************************************************************/
 280:Generated_Source\PSoC4/LED_RED_PWM_ISR.c **** uint8 LED_RED_PWM_ISR_GetPriority(void)
 281:Generated_Source\PSoC4/LED_RED_PWM_ISR.c **** {
 128              		.loc 1 281 0
 129              		.cfi_startproc
 130              		@ args = 0, pretend = 0, frame = 0
 131              		@ frame_needed = 0, uses_anonymous_args = 0
 132              		@ link register save eliminated.
 133              	.LVL5:
 282:Generated_Source\PSoC4/LED_RED_PWM_ISR.c ****     uint32 priority;
 283:Generated_Source\PSoC4/LED_RED_PWM_ISR.c **** 	uint32 priorityOffset = ((LED_RED_PWM_ISR__INTC_NUMBER % 4u) * 8u) + 6u;
 284:Generated_Source\PSoC4/LED_RED_PWM_ISR.c **** 
 285:Generated_Source\PSoC4/LED_RED_PWM_ISR.c ****     priority = (*LED_RED_PWM_ISR_INTC_PRIOR & LED_RED_PWM_ISR__INTC_PRIOR_MASK) >> priorityOffset;
 134              		.loc 1 285 0
 135 0000 014B     		ldr	r3, .L11
 136 0002 1868     		ldr	r0, [r3]
 137              	.LVL6:
 286:Generated_Source\PSoC4/LED_RED_PWM_ISR.c **** 
 287:Generated_Source\PSoC4/LED_RED_PWM_ISR.c ****     return (uint8)priority;
 138              		.loc 1 287 0
 139 0004 800F     		lsrs	r0, r0, #30
 140              	.LVL7:
 288:Generated_Source\PSoC4/LED_RED_PWM_ISR.c **** }
 141              		.loc 1 288 0
 142              		@ sp needed
 143 0006 7047     		bx	lr
 144              	.L12:
 145              		.align	2
 146              	.L11:
 147 0008 18E400E0 		.word	-536812520
 148              		.cfi_endproc
 149              	.LFE8:
 150              		.size	LED_RED_PWM_ISR_GetPriority, .-LED_RED_PWM_ISR_GetPriority
 151              		.section	.text.LED_RED_PWM_ISR_Enable,"ax",%progbits
 152              		.align	2
 153              		.global	LED_RED_PWM_ISR_Enable
 154              		.code	16
 155              		.thumb_func
 156              		.type	LED_RED_PWM_ISR_Enable, %function
 157              	LED_RED_PWM_ISR_Enable:
 158              	.LFB9:
 289:Generated_Source\PSoC4/LED_RED_PWM_ISR.c **** 
 290:Generated_Source\PSoC4/LED_RED_PWM_ISR.c **** 
 291:Generated_Source\PSoC4/LED_RED_PWM_ISR.c **** /*******************************************************************************
 292:Generated_Source\PSoC4/LED_RED_PWM_ISR.c **** * Function Name: LED_RED_PWM_ISR_Enable
 293:Generated_Source\PSoC4/LED_RED_PWM_ISR.c **** ********************************************************************************
 294:Generated_Source\PSoC4/LED_RED_PWM_ISR.c **** *
 295:Generated_Source\PSoC4/LED_RED_PWM_ISR.c **** * Summary:
 296:Generated_Source\PSoC4/LED_RED_PWM_ISR.c **** *   Enables the interrupt to the interrupt controller. Do not call this function
 297:Generated_Source\PSoC4/LED_RED_PWM_ISR.c **** *   unless ISR_Start() has been called or the functionality of the ISR_Start() 
ARM GAS  C:\Users\TERENC~1\AppData\Local\Temp\ccy0dLdh.s 			page 9


 298:Generated_Source\PSoC4/LED_RED_PWM_ISR.c **** *   function, which sets the vector and the priority, has been called.
 299:Generated_Source\PSoC4/LED_RED_PWM_ISR.c **** *
 300:Generated_Source\PSoC4/LED_RED_PWM_ISR.c **** * Parameters:
 301:Generated_Source\PSoC4/LED_RED_PWM_ISR.c **** *   None
 302:Generated_Source\PSoC4/LED_RED_PWM_ISR.c **** *
 303:Generated_Source\PSoC4/LED_RED_PWM_ISR.c **** * Return:
 304:Generated_Source\PSoC4/LED_RED_PWM_ISR.c **** *   None
 305:Generated_Source\PSoC4/LED_RED_PWM_ISR.c **** *
 306:Generated_Source\PSoC4/LED_RED_PWM_ISR.c **** *******************************************************************************/
 307:Generated_Source\PSoC4/LED_RED_PWM_ISR.c **** void LED_RED_PWM_ISR_Enable(void)
 308:Generated_Source\PSoC4/LED_RED_PWM_ISR.c **** {
 159              		.loc 1 308 0
 160              		.cfi_startproc
 161              		@ args = 0, pretend = 0, frame = 0
 162              		@ frame_needed = 0, uses_anonymous_args = 0
 163              		@ link register save eliminated.
 309:Generated_Source\PSoC4/LED_RED_PWM_ISR.c ****     /* Enable the general interrupt. */
 310:Generated_Source\PSoC4/LED_RED_PWM_ISR.c ****     *LED_RED_PWM_ISR_INTC_SET_EN = LED_RED_PWM_ISR__INTC_MASK;
 164              		.loc 1 310 0
 165 0000 8022     		movs	r2, #128
 166 0002 1205     		lsls	r2, r2, #20
 167 0004 014B     		ldr	r3, .L14
 168 0006 1A60     		str	r2, [r3]
 311:Generated_Source\PSoC4/LED_RED_PWM_ISR.c **** }
 169              		.loc 1 311 0
 170              		@ sp needed
 171 0008 7047     		bx	lr
 172              	.L15:
 173 000a C046     		.align	2
 174              	.L14:
 175 000c 00E100E0 		.word	-536813312
 176              		.cfi_endproc
 177              	.LFE9:
 178              		.size	LED_RED_PWM_ISR_Enable, .-LED_RED_PWM_ISR_Enable
 179              		.section	.text.LED_RED_PWM_ISR_GetState,"ax",%progbits
 180              		.align	2
 181              		.global	LED_RED_PWM_ISR_GetState
 182              		.code	16
 183              		.thumb_func
 184              		.type	LED_RED_PWM_ISR_GetState, %function
 185              	LED_RED_PWM_ISR_GetState:
 186              	.LFB10:
 312:Generated_Source\PSoC4/LED_RED_PWM_ISR.c **** 
 313:Generated_Source\PSoC4/LED_RED_PWM_ISR.c **** 
 314:Generated_Source\PSoC4/LED_RED_PWM_ISR.c **** /*******************************************************************************
 315:Generated_Source\PSoC4/LED_RED_PWM_ISR.c **** * Function Name: LED_RED_PWM_ISR_GetState
 316:Generated_Source\PSoC4/LED_RED_PWM_ISR.c **** ********************************************************************************
 317:Generated_Source\PSoC4/LED_RED_PWM_ISR.c **** *
 318:Generated_Source\PSoC4/LED_RED_PWM_ISR.c **** * Summary:
 319:Generated_Source\PSoC4/LED_RED_PWM_ISR.c **** *   Gets the state (enabled, disabled) of the Interrupt.
 320:Generated_Source\PSoC4/LED_RED_PWM_ISR.c **** *
 321:Generated_Source\PSoC4/LED_RED_PWM_ISR.c **** * Parameters:
 322:Generated_Source\PSoC4/LED_RED_PWM_ISR.c **** *   None
 323:Generated_Source\PSoC4/LED_RED_PWM_ISR.c **** *
 324:Generated_Source\PSoC4/LED_RED_PWM_ISR.c **** * Return:
 325:Generated_Source\PSoC4/LED_RED_PWM_ISR.c **** *   1 if enabled, 0 if disabled.
 326:Generated_Source\PSoC4/LED_RED_PWM_ISR.c **** *
ARM GAS  C:\Users\TERENC~1\AppData\Local\Temp\ccy0dLdh.s 			page 10


 327:Generated_Source\PSoC4/LED_RED_PWM_ISR.c **** *******************************************************************************/
 328:Generated_Source\PSoC4/LED_RED_PWM_ISR.c **** uint8 LED_RED_PWM_ISR_GetState(void)
 329:Generated_Source\PSoC4/LED_RED_PWM_ISR.c **** {
 187              		.loc 1 329 0
 188              		.cfi_startproc
 189              		@ args = 0, pretend = 0, frame = 0
 190              		@ frame_needed = 0, uses_anonymous_args = 0
 191              		@ link register save eliminated.
 330:Generated_Source\PSoC4/LED_RED_PWM_ISR.c ****     /* Get the state of the general interrupt. */
 331:Generated_Source\PSoC4/LED_RED_PWM_ISR.c ****     return ((*LED_RED_PWM_ISR_INTC_SET_EN & (uint32)LED_RED_PWM_ISR__INTC_MASK) != 0u) ? 1u:0u;
 192              		.loc 1 331 0
 193 0000 034B     		ldr	r3, .L19
 194 0002 1B68     		ldr	r3, [r3]
 195 0004 1B01     		lsls	r3, r3, #4
 196 0006 01D5     		bpl	.L18
 197 0008 0120     		movs	r0, #1
 198 000a 00E0     		b	.L17
 199              	.L18:
 200 000c 0020     		movs	r0, #0
 201              	.L17:
 332:Generated_Source\PSoC4/LED_RED_PWM_ISR.c **** }
 202              		.loc 1 332 0 discriminator 4
 203              		@ sp needed
 204 000e 7047     		bx	lr
 205              	.L20:
 206              		.align	2
 207              	.L19:
 208 0010 00E100E0 		.word	-536813312
 209              		.cfi_endproc
 210              	.LFE10:
 211              		.size	LED_RED_PWM_ISR_GetState, .-LED_RED_PWM_ISR_GetState
 212              		.section	.text.LED_RED_PWM_ISR_Disable,"ax",%progbits
 213              		.align	2
 214              		.global	LED_RED_PWM_ISR_Disable
 215              		.code	16
 216              		.thumb_func
 217              		.type	LED_RED_PWM_ISR_Disable, %function
 218              	LED_RED_PWM_ISR_Disable:
 219              	.LFB11:
 333:Generated_Source\PSoC4/LED_RED_PWM_ISR.c **** 
 334:Generated_Source\PSoC4/LED_RED_PWM_ISR.c **** 
 335:Generated_Source\PSoC4/LED_RED_PWM_ISR.c **** /*******************************************************************************
 336:Generated_Source\PSoC4/LED_RED_PWM_ISR.c **** * Function Name: LED_RED_PWM_ISR_Disable
 337:Generated_Source\PSoC4/LED_RED_PWM_ISR.c **** ********************************************************************************
 338:Generated_Source\PSoC4/LED_RED_PWM_ISR.c **** *
 339:Generated_Source\PSoC4/LED_RED_PWM_ISR.c **** * Summary:
 340:Generated_Source\PSoC4/LED_RED_PWM_ISR.c **** *   Disables the Interrupt in the interrupt controller.
 341:Generated_Source\PSoC4/LED_RED_PWM_ISR.c **** *
 342:Generated_Source\PSoC4/LED_RED_PWM_ISR.c **** * Parameters:
 343:Generated_Source\PSoC4/LED_RED_PWM_ISR.c **** *   None
 344:Generated_Source\PSoC4/LED_RED_PWM_ISR.c **** *
 345:Generated_Source\PSoC4/LED_RED_PWM_ISR.c **** * Return:
 346:Generated_Source\PSoC4/LED_RED_PWM_ISR.c **** *   None
 347:Generated_Source\PSoC4/LED_RED_PWM_ISR.c **** *
 348:Generated_Source\PSoC4/LED_RED_PWM_ISR.c **** *******************************************************************************/
 349:Generated_Source\PSoC4/LED_RED_PWM_ISR.c **** void LED_RED_PWM_ISR_Disable(void)
 350:Generated_Source\PSoC4/LED_RED_PWM_ISR.c **** {
ARM GAS  C:\Users\TERENC~1\AppData\Local\Temp\ccy0dLdh.s 			page 11


 220              		.loc 1 350 0
 221              		.cfi_startproc
 222              		@ args = 0, pretend = 0, frame = 0
 223              		@ frame_needed = 0, uses_anonymous_args = 0
 224              		@ link register save eliminated.
 351:Generated_Source\PSoC4/LED_RED_PWM_ISR.c ****     /* Disable the general interrupt. */
 352:Generated_Source\PSoC4/LED_RED_PWM_ISR.c ****     *LED_RED_PWM_ISR_INTC_CLR_EN = LED_RED_PWM_ISR__INTC_MASK;
 225              		.loc 1 352 0
 226 0000 8022     		movs	r2, #128
 227 0002 1205     		lsls	r2, r2, #20
 228 0004 014B     		ldr	r3, .L22
 229 0006 1A60     		str	r2, [r3]
 353:Generated_Source\PSoC4/LED_RED_PWM_ISR.c **** }
 230              		.loc 1 353 0
 231              		@ sp needed
 232 0008 7047     		bx	lr
 233              	.L23:
 234 000a C046     		.align	2
 235              	.L22:
 236 000c 80E100E0 		.word	-536813184
 237              		.cfi_endproc
 238              	.LFE11:
 239              		.size	LED_RED_PWM_ISR_Disable, .-LED_RED_PWM_ISR_Disable
 240              		.section	.text.LED_RED_PWM_ISR_Start,"ax",%progbits
 241              		.align	2
 242              		.global	LED_RED_PWM_ISR_Start
 243              		.code	16
 244              		.thumb_func
 245              		.type	LED_RED_PWM_ISR_Start, %function
 246              	LED_RED_PWM_ISR_Start:
 247              	.LFB1:
  57:Generated_Source\PSoC4/LED_RED_PWM_ISR.c ****     /* For all we know the interrupt is active. */
 248              		.loc 1 57 0
 249              		.cfi_startproc
 250              		@ args = 0, pretend = 0, frame = 0
 251              		@ frame_needed = 0, uses_anonymous_args = 0
 252 0000 10B5     		push	{r4, lr}
 253              		.cfi_def_cfa_offset 8
 254              		.cfi_offset 4, -8
 255              		.cfi_offset 14, -4
  59:Generated_Source\PSoC4/LED_RED_PWM_ISR.c **** 
 256              		.loc 1 59 0
 257 0002 FFF7FEFF 		bl	LED_RED_PWM_ISR_Disable
 258              	.LVL8:
  62:Generated_Source\PSoC4/LED_RED_PWM_ISR.c **** 
 259              		.loc 1 62 0
 260 0006 0448     		ldr	r0, .L25
 261 0008 FFF7FEFF 		bl	LED_RED_PWM_ISR_SetVector
 262              	.LVL9:
  65:Generated_Source\PSoC4/LED_RED_PWM_ISR.c **** 
 263              		.loc 1 65 0
 264 000c 0320     		movs	r0, #3
 265 000e FFF7FEFF 		bl	LED_RED_PWM_ISR_SetPriority
 266              	.LVL10:
  68:Generated_Source\PSoC4/LED_RED_PWM_ISR.c **** }
 267              		.loc 1 68 0
 268 0012 FFF7FEFF 		bl	LED_RED_PWM_ISR_Enable
ARM GAS  C:\Users\TERENC~1\AppData\Local\Temp\ccy0dLdh.s 			page 12


 269              	.LVL11:
  69:Generated_Source\PSoC4/LED_RED_PWM_ISR.c **** 
 270              		.loc 1 69 0
 271              		@ sp needed
 272 0016 10BD     		pop	{r4, pc}
 273              	.L26:
 274              		.align	2
 275              	.L25:
 276 0018 00000000 		.word	LED_RED_PWM_ISR_Interrupt
 277              		.cfi_endproc
 278              	.LFE1:
 279              		.size	LED_RED_PWM_ISR_Start, .-LED_RED_PWM_ISR_Start
 280              		.section	.text.LED_RED_PWM_ISR_StartEx,"ax",%progbits
 281              		.align	2
 282              		.global	LED_RED_PWM_ISR_StartEx
 283              		.code	16
 284              		.thumb_func
 285              		.type	LED_RED_PWM_ISR_StartEx, %function
 286              	LED_RED_PWM_ISR_StartEx:
 287              	.LFB2:
 100:Generated_Source\PSoC4/LED_RED_PWM_ISR.c ****     /* For all we know the interrupt is active. */
 288              		.loc 1 100 0
 289              		.cfi_startproc
 290              		@ args = 0, pretend = 0, frame = 0
 291              		@ frame_needed = 0, uses_anonymous_args = 0
 292              	.LVL12:
 293 0000 10B5     		push	{r4, lr}
 294              		.cfi_def_cfa_offset 8
 295              		.cfi_offset 4, -8
 296              		.cfi_offset 14, -4
 297 0002 0400     		movs	r4, r0
 102:Generated_Source\PSoC4/LED_RED_PWM_ISR.c **** 
 298              		.loc 1 102 0
 299 0004 FFF7FEFF 		bl	LED_RED_PWM_ISR_Disable
 300              	.LVL13:
 105:Generated_Source\PSoC4/LED_RED_PWM_ISR.c **** 
 301              		.loc 1 105 0
 302 0008 2000     		movs	r0, r4
 303 000a FFF7FEFF 		bl	LED_RED_PWM_ISR_SetVector
 304              	.LVL14:
 108:Generated_Source\PSoC4/LED_RED_PWM_ISR.c **** 
 305              		.loc 1 108 0
 306 000e 0320     		movs	r0, #3
 307 0010 FFF7FEFF 		bl	LED_RED_PWM_ISR_SetPriority
 308              	.LVL15:
 111:Generated_Source\PSoC4/LED_RED_PWM_ISR.c **** }
 309              		.loc 1 111 0
 310 0014 FFF7FEFF 		bl	LED_RED_PWM_ISR_Enable
 311              	.LVL16:
 112:Generated_Source\PSoC4/LED_RED_PWM_ISR.c **** 
 312              		.loc 1 112 0
 313              		@ sp needed
 314              	.LVL17:
 315 0018 10BD     		pop	{r4, pc}
 316              		.cfi_endproc
 317              	.LFE2:
 318              		.size	LED_RED_PWM_ISR_StartEx, .-LED_RED_PWM_ISR_StartEx
ARM GAS  C:\Users\TERENC~1\AppData\Local\Temp\ccy0dLdh.s 			page 13


 319 001a C046     		.section	.text.LED_RED_PWM_ISR_Stop,"ax",%progbits
 320              		.align	2
 321              		.global	LED_RED_PWM_ISR_Stop
 322              		.code	16
 323              		.thumb_func
 324              		.type	LED_RED_PWM_ISR_Stop, %function
 325              	LED_RED_PWM_ISR_Stop:
 326              	.LFB3:
 130:Generated_Source\PSoC4/LED_RED_PWM_ISR.c ****     /* Disable this interrupt. */
 327              		.loc 1 130 0
 328              		.cfi_startproc
 329              		@ args = 0, pretend = 0, frame = 0
 330              		@ frame_needed = 0, uses_anonymous_args = 0
 331 0000 10B5     		push	{r4, lr}
 332              		.cfi_def_cfa_offset 8
 333              		.cfi_offset 4, -8
 334              		.cfi_offset 14, -4
 132:Generated_Source\PSoC4/LED_RED_PWM_ISR.c **** 
 335              		.loc 1 132 0
 336 0002 FFF7FEFF 		bl	LED_RED_PWM_ISR_Disable
 337              	.LVL18:
 135:Generated_Source\PSoC4/LED_RED_PWM_ISR.c **** }
 338              		.loc 1 135 0
 339 0006 0248     		ldr	r0, .L29
 340 0008 FFF7FEFF 		bl	LED_RED_PWM_ISR_SetVector
 341              	.LVL19:
 136:Generated_Source\PSoC4/LED_RED_PWM_ISR.c **** 
 342              		.loc 1 136 0
 343              		@ sp needed
 344 000c 10BD     		pop	{r4, pc}
 345              	.L30:
 346 000e C046     		.align	2
 347              	.L29:
 348 0010 00000000 		.word	IntDefaultHandler
 349              		.cfi_endproc
 350              	.LFE3:
 351              		.size	LED_RED_PWM_ISR_Stop, .-LED_RED_PWM_ISR_Stop
 352              		.section	.text.LED_RED_PWM_ISR_SetPending,"ax",%progbits
 353              		.align	2
 354              		.global	LED_RED_PWM_ISR_SetPending
 355              		.code	16
 356              		.thumb_func
 357              		.type	LED_RED_PWM_ISR_SetPending, %function
 358              	LED_RED_PWM_ISR_SetPending:
 359              	.LFB12:
 354:Generated_Source\PSoC4/LED_RED_PWM_ISR.c **** 
 355:Generated_Source\PSoC4/LED_RED_PWM_ISR.c **** 
 356:Generated_Source\PSoC4/LED_RED_PWM_ISR.c **** /*******************************************************************************
 357:Generated_Source\PSoC4/LED_RED_PWM_ISR.c **** * Function Name: LED_RED_PWM_ISR_SetPending
 358:Generated_Source\PSoC4/LED_RED_PWM_ISR.c **** ********************************************************************************
 359:Generated_Source\PSoC4/LED_RED_PWM_ISR.c **** *
 360:Generated_Source\PSoC4/LED_RED_PWM_ISR.c **** * Summary:
 361:Generated_Source\PSoC4/LED_RED_PWM_ISR.c **** *   Causes the Interrupt to enter the pending state, a software method of
 362:Generated_Source\PSoC4/LED_RED_PWM_ISR.c **** *   generating the interrupt.
 363:Generated_Source\PSoC4/LED_RED_PWM_ISR.c **** *
 364:Generated_Source\PSoC4/LED_RED_PWM_ISR.c **** * Parameters:
 365:Generated_Source\PSoC4/LED_RED_PWM_ISR.c **** *   None
ARM GAS  C:\Users\TERENC~1\AppData\Local\Temp\ccy0dLdh.s 			page 14


 366:Generated_Source\PSoC4/LED_RED_PWM_ISR.c **** *
 367:Generated_Source\PSoC4/LED_RED_PWM_ISR.c **** * Return:
 368:Generated_Source\PSoC4/LED_RED_PWM_ISR.c **** *   None
 369:Generated_Source\PSoC4/LED_RED_PWM_ISR.c **** *
 370:Generated_Source\PSoC4/LED_RED_PWM_ISR.c **** * Side Effects:
 371:Generated_Source\PSoC4/LED_RED_PWM_ISR.c **** *   If interrupts are enabled and the interrupt is set up properly, the ISR is
 372:Generated_Source\PSoC4/LED_RED_PWM_ISR.c **** *   entered (depending on the priority of this interrupt and other pending 
 373:Generated_Source\PSoC4/LED_RED_PWM_ISR.c **** *   interrupts).
 374:Generated_Source\PSoC4/LED_RED_PWM_ISR.c **** *
 375:Generated_Source\PSoC4/LED_RED_PWM_ISR.c **** *******************************************************************************/
 376:Generated_Source\PSoC4/LED_RED_PWM_ISR.c **** void LED_RED_PWM_ISR_SetPending(void)
 377:Generated_Source\PSoC4/LED_RED_PWM_ISR.c **** {
 360              		.loc 1 377 0
 361              		.cfi_startproc
 362              		@ args = 0, pretend = 0, frame = 0
 363              		@ frame_needed = 0, uses_anonymous_args = 0
 364              		@ link register save eliminated.
 378:Generated_Source\PSoC4/LED_RED_PWM_ISR.c ****     *LED_RED_PWM_ISR_INTC_SET_PD = LED_RED_PWM_ISR__INTC_MASK;
 365              		.loc 1 378 0
 366 0000 8022     		movs	r2, #128
 367 0002 1205     		lsls	r2, r2, #20
 368 0004 014B     		ldr	r3, .L32
 369 0006 1A60     		str	r2, [r3]
 379:Generated_Source\PSoC4/LED_RED_PWM_ISR.c **** }
 370              		.loc 1 379 0
 371              		@ sp needed
 372 0008 7047     		bx	lr
 373              	.L33:
 374 000a C046     		.align	2
 375              	.L32:
 376 000c 00E200E0 		.word	-536813056
 377              		.cfi_endproc
 378              	.LFE12:
 379              		.size	LED_RED_PWM_ISR_SetPending, .-LED_RED_PWM_ISR_SetPending
 380              		.section	.text.LED_RED_PWM_ISR_ClearPending,"ax",%progbits
 381              		.align	2
 382              		.global	LED_RED_PWM_ISR_ClearPending
 383              		.code	16
 384              		.thumb_func
 385              		.type	LED_RED_PWM_ISR_ClearPending, %function
 386              	LED_RED_PWM_ISR_ClearPending:
 387              	.LFB13:
 380:Generated_Source\PSoC4/LED_RED_PWM_ISR.c **** 
 381:Generated_Source\PSoC4/LED_RED_PWM_ISR.c **** 
 382:Generated_Source\PSoC4/LED_RED_PWM_ISR.c **** /*******************************************************************************
 383:Generated_Source\PSoC4/LED_RED_PWM_ISR.c **** * Function Name: LED_RED_PWM_ISR_ClearPending
 384:Generated_Source\PSoC4/LED_RED_PWM_ISR.c **** ********************************************************************************
 385:Generated_Source\PSoC4/LED_RED_PWM_ISR.c **** *
 386:Generated_Source\PSoC4/LED_RED_PWM_ISR.c **** * Summary:
 387:Generated_Source\PSoC4/LED_RED_PWM_ISR.c **** *   Clears a pending interrupt in the interrupt controller.
 388:Generated_Source\PSoC4/LED_RED_PWM_ISR.c **** *
 389:Generated_Source\PSoC4/LED_RED_PWM_ISR.c **** *   Note Some interrupt sources are clear-on-read and require the block 
 390:Generated_Source\PSoC4/LED_RED_PWM_ISR.c **** *   interrupt/status register to be read/cleared with the appropriate block API 
 391:Generated_Source\PSoC4/LED_RED_PWM_ISR.c **** *   (GPIO, UART, and so on). Otherwise the ISR will continue to remain in 
 392:Generated_Source\PSoC4/LED_RED_PWM_ISR.c **** *   pending state even though the interrupt itself is cleared using this API.
 393:Generated_Source\PSoC4/LED_RED_PWM_ISR.c **** *
 394:Generated_Source\PSoC4/LED_RED_PWM_ISR.c **** * Parameters:
ARM GAS  C:\Users\TERENC~1\AppData\Local\Temp\ccy0dLdh.s 			page 15


 395:Generated_Source\PSoC4/LED_RED_PWM_ISR.c **** *   None
 396:Generated_Source\PSoC4/LED_RED_PWM_ISR.c **** *
 397:Generated_Source\PSoC4/LED_RED_PWM_ISR.c **** * Return:
 398:Generated_Source\PSoC4/LED_RED_PWM_ISR.c **** *   None
 399:Generated_Source\PSoC4/LED_RED_PWM_ISR.c **** *
 400:Generated_Source\PSoC4/LED_RED_PWM_ISR.c **** *******************************************************************************/
 401:Generated_Source\PSoC4/LED_RED_PWM_ISR.c **** void LED_RED_PWM_ISR_ClearPending(void)
 402:Generated_Source\PSoC4/LED_RED_PWM_ISR.c **** {
 388              		.loc 1 402 0
 389              		.cfi_startproc
 390              		@ args = 0, pretend = 0, frame = 0
 391              		@ frame_needed = 0, uses_anonymous_args = 0
 392              		@ link register save eliminated.
 403:Generated_Source\PSoC4/LED_RED_PWM_ISR.c ****     *LED_RED_PWM_ISR_INTC_CLR_PD = LED_RED_PWM_ISR__INTC_MASK;
 393              		.loc 1 403 0
 394 0000 8022     		movs	r2, #128
 395 0002 1205     		lsls	r2, r2, #20
 396 0004 014B     		ldr	r3, .L35
 397 0006 1A60     		str	r2, [r3]
 404:Generated_Source\PSoC4/LED_RED_PWM_ISR.c **** }
 398              		.loc 1 404 0
 399              		@ sp needed
 400 0008 7047     		bx	lr
 401              	.L36:
 402 000a C046     		.align	2
 403              	.L35:
 404 000c 80E200E0 		.word	-536812928
 405              		.cfi_endproc
 406              	.LFE13:
 407              		.size	LED_RED_PWM_ISR_ClearPending, .-LED_RED_PWM_ISR_ClearPending
 408              		.section	.text.LED_RED_PWM_ISR_Interrupt,"ax",%progbits
 409              		.align	2
 410              		.global	LED_RED_PWM_ISR_Interrupt
 411              		.code	16
 412              		.thumb_func
 413              		.type	LED_RED_PWM_ISR_Interrupt, %function
 414              	LED_RED_PWM_ISR_Interrupt:
 415              	.LFB4:
 160:Generated_Source\PSoC4/LED_RED_PWM_ISR.c ****     #ifdef LED_RED_PWM_ISR_INTERRUPT_INTERRUPT_CALLBACK
 416              		.loc 1 160 0
 417              		.cfi_startproc
 418              		@ args = 0, pretend = 0, frame = 0
 419              		@ frame_needed = 0, uses_anonymous_args = 0
 420 0000 10B5     		push	{r4, lr}
 421              		.cfi_def_cfa_offset 8
 422              		.cfi_offset 4, -8
 423              		.cfi_offset 14, -4
 168:Generated_Source\PSoC4/LED_RED_PWM_ISR.c **** 
 424              		.loc 1 168 0
 425 0002 FFF7FEFF 		bl	LED_RED_PWM_ISR_ClearPending
 426              	.LVL20:
 170:Generated_Source\PSoC4/LED_RED_PWM_ISR.c ****     /* `#END` */
 427              		.loc 1 170 0
 428 0006 0020     		movs	r0, #0
 429 0008 FFF7FEFF 		bl	LedManagerInterruptHandler
 430              	.LVL21:
 172:Generated_Source\PSoC4/LED_RED_PWM_ISR.c **** 
ARM GAS  C:\Users\TERENC~1\AppData\Local\Temp\ccy0dLdh.s 			page 16


 431              		.loc 1 172 0
 432              		@ sp needed
 433 000c 10BD     		pop	{r4, pc}
 434              		.cfi_endproc
 435              	.LFE4:
 436              		.size	LED_RED_PWM_ISR_Interrupt, .-LED_RED_PWM_ISR_Interrupt
 437 000e C046     		.text
 438              	.Letext0:
 439              		.file 2 "c:\\program files (x86)\\cypress\\psoc creator\\4.2\\psoc creator\\import\\gnu\\arm\\5.4.
 440              		.file 3 "c:\\program files (x86)\\cypress\\psoc creator\\4.2\\psoc creator\\import\\gnu\\arm\\5.4.
 441              		.file 4 "Generated_Source\\PSoC4/cytypes.h"
 442              		.file 5 "./LedManager.h"
 443              		.file 6 "Generated_Source\\PSoC4/CyLib.h"
 444              		.section	.debug_info,"",%progbits
 445              	.Ldebug_info0:
 446 0000 B1030000 		.4byte	0x3b1
 447 0004 0400     		.2byte	0x4
 448 0006 00000000 		.4byte	.Ldebug_abbrev0
 449 000a 04       		.byte	0x4
 450 000b 01       		.uleb128 0x1
 451 000c 0C020000 		.4byte	.LASF46
 452 0010 0C       		.byte	0xc
 453 0011 D6010000 		.4byte	.LASF47
 454 0015 26010000 		.4byte	.LASF48
 455 0019 00000000 		.4byte	.Ldebug_ranges0+0
 456 001d 00000000 		.4byte	0
 457 0021 00000000 		.4byte	.Ldebug_line0
 458 0025 02       		.uleb128 0x2
 459 0026 01       		.byte	0x1
 460 0027 06       		.byte	0x6
 461 0028 CB030000 		.4byte	.LASF0
 462 002c 02       		.uleb128 0x2
 463 002d 01       		.byte	0x1
 464 002e 08       		.byte	0x8
 465 002f BA000000 		.4byte	.LASF1
 466 0033 02       		.uleb128 0x2
 467 0034 02       		.byte	0x2
 468 0035 05       		.byte	0x5
 469 0036 25030000 		.4byte	.LASF2
 470 003a 02       		.uleb128 0x2
 471 003b 02       		.byte	0x2
 472 003c 07       		.byte	0x7
 473 003d 3D000000 		.4byte	.LASF3
 474 0041 02       		.uleb128 0x2
 475 0042 04       		.byte	0x4
 476 0043 05       		.byte	0x5
 477 0044 82030000 		.4byte	.LASF4
 478 0048 03       		.uleb128 0x3
 479 0049 5D010000 		.4byte	.LASF9
 480 004d 02       		.byte	0x2
 481 004e 41       		.byte	0x41
 482 004f 53000000 		.4byte	0x53
 483 0053 02       		.uleb128 0x2
 484 0054 04       		.byte	0x4
 485 0055 07       		.byte	0x7
 486 0056 F3000000 		.4byte	.LASF5
 487 005a 02       		.uleb128 0x2
ARM GAS  C:\Users\TERENC~1\AppData\Local\Temp\ccy0dLdh.s 			page 17


 488 005b 08       		.byte	0x8
 489 005c 05       		.byte	0x5
 490 005d C7020000 		.4byte	.LASF6
 491 0061 02       		.uleb128 0x2
 492 0062 08       		.byte	0x8
 493 0063 07       		.byte	0x7
 494 0064 8C000000 		.4byte	.LASF7
 495 0068 04       		.uleb128 0x4
 496 0069 04       		.byte	0x4
 497 006a 05       		.byte	0x5
 498 006b 696E7400 		.ascii	"int\000"
 499 006f 02       		.uleb128 0x2
 500 0070 04       		.byte	0x4
 501 0071 07       		.byte	0x7
 502 0072 A0010000 		.4byte	.LASF8
 503 0076 03       		.uleb128 0x3
 504 0077 79030000 		.4byte	.LASF10
 505 007b 03       		.byte	0x3
 506 007c 30       		.byte	0x30
 507 007d 48000000 		.4byte	0x48
 508 0081 05       		.uleb128 0x5
 509 0082 05010000 		.4byte	.LASF11
 510 0086 04       		.byte	0x4
 511 0087 E401     		.2byte	0x1e4
 512 0089 2C000000 		.4byte	0x2c
 513 008d 05       		.uleb128 0x5
 514 008e 68010000 		.4byte	.LASF12
 515 0092 04       		.byte	0x4
 516 0093 E601     		.2byte	0x1e6
 517 0095 53000000 		.4byte	0x53
 518 0099 02       		.uleb128 0x2
 519 009a 04       		.byte	0x4
 520 009b 04       		.byte	0x4
 521 009c 2B000000 		.4byte	.LASF13
 522 00a0 02       		.uleb128 0x2
 523 00a1 08       		.byte	0x8
 524 00a2 04       		.byte	0x4
 525 00a3 56010000 		.4byte	.LASF14
 526 00a7 02       		.uleb128 0x2
 527 00a8 01       		.byte	0x1
 528 00a9 08       		.byte	0x8
 529 00aa F2020000 		.4byte	.LASF15
 530 00ae 05       		.uleb128 0x5
 531 00af 00000000 		.4byte	.LASF16
 532 00b3 04       		.byte	0x4
 533 00b4 9002     		.2byte	0x290
 534 00b6 BA000000 		.4byte	0xba
 535 00ba 06       		.uleb128 0x6
 536 00bb 8D000000 		.4byte	0x8d
 537 00bf 05       		.uleb128 0x5
 538 00c0 FF010000 		.4byte	.LASF17
 539 00c4 04       		.byte	0x4
 540 00c5 A002     		.2byte	0x2a0
 541 00c7 CB000000 		.4byte	0xcb
 542 00cb 07       		.uleb128 0x7
 543 00cc 04       		.byte	0x4
 544 00cd D1000000 		.4byte	0xd1
ARM GAS  C:\Users\TERENC~1\AppData\Local\Temp\ccy0dLdh.s 			page 18


 545 00d1 08       		.uleb128 0x8
 546 00d2 02       		.uleb128 0x2
 547 00d3 08       		.byte	0x8
 548 00d4 04       		.byte	0x4
 549 00d5 A3030000 		.4byte	.LASF18
 550 00d9 02       		.uleb128 0x2
 551 00da 04       		.byte	0x4
 552 00db 07       		.byte	0x7
 553 00dc B5020000 		.4byte	.LASF19
 554 00e0 09       		.uleb128 0x9
 555 00e1 6F010000 		.4byte	.LASF20
 556 00e5 01       		.byte	0x1
 557 00e6 CA       		.byte	0xca
 558 00e7 00000000 		.4byte	.LFB5
 559 00eb 0C000000 		.4byte	.LFE5-.LFB5
 560 00ef 01       		.uleb128 0x1
 561 00f0 9C       		.byte	0x9c
 562 00f1 03010000 		.4byte	0x103
 563 00f5 0A       		.uleb128 0xa
 564 00f6 B8010000 		.4byte	.LASF22
 565 00fa 01       		.byte	0x1
 566 00fb CA       		.byte	0xca
 567 00fc BF000000 		.4byte	0xbf
 568 0100 01       		.uleb128 0x1
 569 0101 50       		.byte	0x50
 570 0102 00       		.byte	0
 571 0103 0B       		.uleb128 0xb
 572 0104 67000000 		.4byte	.LASF26
 573 0108 01       		.byte	0x1
 574 0109 DE       		.byte	0xde
 575 010a BF000000 		.4byte	0xbf
 576 010e 00000000 		.4byte	.LFB6
 577 0112 0C000000 		.4byte	.LFE6-.LFB6
 578 0116 01       		.uleb128 0x1
 579 0117 9C       		.byte	0x9c
 580 0118 09       		.uleb128 0x9
 581 0119 C8000000 		.4byte	.LASF21
 582 011d 01       		.byte	0x1
 583 011e FC       		.byte	0xfc
 584 011f 00000000 		.4byte	.LFB7
 585 0123 20000000 		.4byte	.LFE7-.LFB7
 586 0127 01       		.uleb128 0x1
 587 0128 9C       		.byte	0x9c
 588 0129 6A010000 		.4byte	0x16a
 589 012d 0C       		.uleb128 0xc
 590 012e 4D010000 		.4byte	.LASF23
 591 0132 01       		.byte	0x1
 592 0133 FC       		.byte	0xfc
 593 0134 81000000 		.4byte	0x81
 594 0138 00000000 		.4byte	.LLST0
 595 013c 0D       		.uleb128 0xd
 596 013d E4000000 		.4byte	.LASF24
 597 0141 01       		.byte	0x1
 598 0142 FE       		.byte	0xfe
 599 0143 81000000 		.4byte	0x81
 600 0147 21000000 		.4byte	.LLST1
 601 014b 0E       		.uleb128 0xe
ARM GAS  C:\Users\TERENC~1\AppData\Local\Temp\ccy0dLdh.s 			page 19


 602 014c 6A030000 		.4byte	.LASF25
 603 0150 01       		.byte	0x1
 604 0151 FF       		.byte	0xff
 605 0152 8D000000 		.4byte	0x8d
 606 0156 1E       		.byte	0x1e
 607 0157 0F       		.uleb128 0xf
 608 0158 08000000 		.4byte	.LVL3
 609 015c 93030000 		.4byte	0x393
 610 0160 0F       		.uleb128 0xf
 611 0161 1A000000 		.4byte	.LVL4
 612 0165 9E030000 		.4byte	0x39e
 613 0169 00       		.byte	0
 614 016a 10       		.uleb128 0x10
 615 016b AF030000 		.4byte	.LASF49
 616 016f 01       		.byte	0x1
 617 0170 1801     		.2byte	0x118
 618 0172 81000000 		.4byte	0x81
 619 0176 00000000 		.4byte	.LFB8
 620 017a 0C000000 		.4byte	.LFE8-.LFB8
 621 017e 01       		.uleb128 0x1
 622 017f 9C       		.byte	0x9c
 623 0180 A2010000 		.4byte	0x1a2
 624 0184 11       		.uleb128 0x11
 625 0185 4D010000 		.4byte	.LASF23
 626 0189 01       		.byte	0x1
 627 018a 1A01     		.2byte	0x11a
 628 018c 8D000000 		.4byte	0x8d
 629 0190 34000000 		.4byte	.LLST2
 630 0194 12       		.uleb128 0x12
 631 0195 6A030000 		.4byte	.LASF25
 632 0199 01       		.byte	0x1
 633 019a 1B01     		.2byte	0x11b
 634 019c 8D000000 		.4byte	0x8d
 635 01a0 1E       		.byte	0x1e
 636 01a1 00       		.byte	0
 637 01a2 13       		.uleb128 0x13
 638 01a3 50000000 		.4byte	.LASF28
 639 01a7 01       		.byte	0x1
 640 01a8 3301     		.2byte	0x133
 641 01aa 00000000 		.4byte	.LFB9
 642 01ae 10000000 		.4byte	.LFE9-.LFB9
 643 01b2 01       		.uleb128 0x1
 644 01b3 9C       		.byte	0x9c
 645 01b4 14       		.uleb128 0x14
 646 01b5 51030000 		.4byte	.LASF27
 647 01b9 01       		.byte	0x1
 648 01ba 4801     		.2byte	0x148
 649 01bc 81000000 		.4byte	0x81
 650 01c0 00000000 		.4byte	.LFB10
 651 01c4 14000000 		.4byte	.LFE10-.LFB10
 652 01c8 01       		.uleb128 0x1
 653 01c9 9C       		.byte	0x9c
 654 01ca 13       		.uleb128 0x13
 655 01cb 06000000 		.4byte	.LASF29
 656 01cf 01       		.byte	0x1
 657 01d0 5D01     		.2byte	0x15d
 658 01d2 00000000 		.4byte	.LFB11
ARM GAS  C:\Users\TERENC~1\AppData\Local\Temp\ccy0dLdh.s 			page 20


 659 01d6 10000000 		.4byte	.LFE11-.LFB11
 660 01da 01       		.uleb128 0x1
 661 01db 9C       		.byte	0x9c
 662 01dc 09       		.uleb128 0x9
 663 01dd 0F030000 		.4byte	.LASF30
 664 01e1 01       		.byte	0x1
 665 01e2 38       		.byte	0x38
 666 01e3 00000000 		.4byte	.LFB1
 667 01e7 1C000000 		.4byte	.LFE1-.LFB1
 668 01eb 01       		.uleb128 0x1
 669 01ec 9C       		.byte	0x9c
 670 01ed 2E020000 		.4byte	0x22e
 671 01f1 0F       		.uleb128 0xf
 672 01f2 06000000 		.4byte	.LVL8
 673 01f6 CA010000 		.4byte	0x1ca
 674 01fa 15       		.uleb128 0x15
 675 01fb 0C000000 		.4byte	.LVL9
 676 01ff E0000000 		.4byte	0xe0
 677 0203 11020000 		.4byte	0x211
 678 0207 16       		.uleb128 0x16
 679 0208 01       		.uleb128 0x1
 680 0209 50       		.byte	0x50
 681 020a 05       		.uleb128 0x5
 682 020b 03       		.byte	0x3
 683 020c 00000000 		.4byte	LED_RED_PWM_ISR_Interrupt
 684 0210 00       		.byte	0
 685 0211 15       		.uleb128 0x15
 686 0212 12000000 		.4byte	.LVL10
 687 0216 18010000 		.4byte	0x118
 688 021a 24020000 		.4byte	0x224
 689 021e 16       		.uleb128 0x16
 690 021f 01       		.uleb128 0x1
 691 0220 50       		.byte	0x50
 692 0221 01       		.uleb128 0x1
 693 0222 33       		.byte	0x33
 694 0223 00       		.byte	0
 695 0224 0F       		.uleb128 0xf
 696 0225 16000000 		.4byte	.LVL11
 697 0229 A2010000 		.4byte	0x1a2
 698 022d 00       		.byte	0
 699 022e 09       		.uleb128 0x9
 700 022f 8B030000 		.4byte	.LASF31
 701 0233 01       		.byte	0x1
 702 0234 63       		.byte	0x63
 703 0235 00000000 		.4byte	.LFB2
 704 0239 1A000000 		.4byte	.LFE2-.LFB2
 705 023d 01       		.uleb128 0x1
 706 023e 9C       		.byte	0x9c
 707 023f 8C020000 		.4byte	0x28c
 708 0243 0C       		.uleb128 0xc
 709 0244 B8010000 		.4byte	.LASF22
 710 0248 01       		.byte	0x1
 711 0249 63       		.byte	0x63
 712 024a BF000000 		.4byte	0xbf
 713 024e 56000000 		.4byte	.LLST3
 714 0252 0F       		.uleb128 0xf
 715 0253 08000000 		.4byte	.LVL13
ARM GAS  C:\Users\TERENC~1\AppData\Local\Temp\ccy0dLdh.s 			page 21


 716 0257 CA010000 		.4byte	0x1ca
 717 025b 15       		.uleb128 0x15
 718 025c 0E000000 		.4byte	.LVL14
 719 0260 E0000000 		.4byte	0xe0
 720 0264 6F020000 		.4byte	0x26f
 721 0268 16       		.uleb128 0x16
 722 0269 01       		.uleb128 0x1
 723 026a 50       		.byte	0x50
 724 026b 02       		.uleb128 0x2
 725 026c 74       		.byte	0x74
 726 026d 00       		.sleb128 0
 727 026e 00       		.byte	0
 728 026f 15       		.uleb128 0x15
 729 0270 14000000 		.4byte	.LVL15
 730 0274 18010000 		.4byte	0x118
 731 0278 82020000 		.4byte	0x282
 732 027c 16       		.uleb128 0x16
 733 027d 01       		.uleb128 0x1
 734 027e 50       		.byte	0x50
 735 027f 01       		.uleb128 0x1
 736 0280 33       		.byte	0x33
 737 0281 00       		.byte	0
 738 0282 0F       		.uleb128 0xf
 739 0283 18000000 		.4byte	.LVL16
 740 0287 A2010000 		.4byte	0x1a2
 741 028b 00       		.byte	0
 742 028c 09       		.uleb128 0x9
 743 028d 2F030000 		.4byte	.LASF32
 744 0291 01       		.byte	0x1
 745 0292 81       		.byte	0x81
 746 0293 00000000 		.4byte	.LFB3
 747 0297 14000000 		.4byte	.LFE3-.LFB3
 748 029b 01       		.uleb128 0x1
 749 029c 9C       		.byte	0x9c
 750 029d B4020000 		.4byte	0x2b4
 751 02a1 0F       		.uleb128 0xf
 752 02a2 06000000 		.4byte	.LVL18
 753 02a6 CA010000 		.4byte	0x1ca
 754 02aa 0F       		.uleb128 0xf
 755 02ab 0C000000 		.4byte	.LVL19
 756 02af E0000000 		.4byte	0xe0
 757 02b3 00       		.byte	0
 758 02b4 13       		.uleb128 0x13
 759 02b5 9A020000 		.4byte	.LASF33
 760 02b9 01       		.byte	0x1
 761 02ba 7801     		.2byte	0x178
 762 02bc 00000000 		.4byte	.LFB12
 763 02c0 10000000 		.4byte	.LFE12-.LFB12
 764 02c4 01       		.uleb128 0x1
 765 02c5 9C       		.byte	0x9c
 766 02c6 13       		.uleb128 0x13
 767 02c7 D5020000 		.4byte	.LASF34
 768 02cb 01       		.byte	0x1
 769 02cc 9101     		.2byte	0x191
 770 02ce 00000000 		.4byte	.LFB13
 771 02d2 10000000 		.4byte	.LFE13-.LFB13
 772 02d6 01       		.uleb128 0x1
ARM GAS  C:\Users\TERENC~1\AppData\Local\Temp\ccy0dLdh.s 			page 22


 773 02d7 9C       		.byte	0x9c
 774 02d8 09       		.uleb128 0x9
 775 02d9 D7030000 		.4byte	.LASF35
 776 02dd 01       		.byte	0x1
 777 02de 9F       		.byte	0x9f
 778 02df 00000000 		.4byte	.LFB4
 779 02e3 0E000000 		.4byte	.LFE4-.LFB4
 780 02e7 01       		.uleb128 0x1
 781 02e8 9C       		.byte	0x9c
 782 02e9 78030000 		.4byte	0x378
 783 02ed 17       		.uleb128 0x17
 784 02ee 01       		.byte	0x1
 785 02ef 2C000000 		.4byte	0x2c
 786 02f3 05       		.byte	0x5
 787 02f4 12       		.byte	0x12
 788 02f5 12030000 		.4byte	0x312
 789 02f9 18       		.uleb128 0x18
 790 02fa AD010000 		.4byte	.LASF36
 791 02fe 00       		.byte	0
 792 02ff 18       		.uleb128 0x18
 793 0300 44030000 		.4byte	.LASF37
 794 0304 01       		.byte	0x1
 795 0305 18       		.uleb128 0x18
 796 0306 31000000 		.4byte	.LASF38
 797 030a 02       		.byte	0x2
 798 030b 18       		.uleb128 0x18
 799 030c 81000000 		.4byte	.LASF39
 800 0310 03       		.byte	0x3
 801 0311 00       		.byte	0
 802 0312 03       		.uleb128 0x3
 803 0313 BE020000 		.4byte	.LASF40
 804 0317 05       		.byte	0x5
 805 0318 17       		.byte	0x17
 806 0319 ED020000 		.4byte	0x2ed
 807 031d 19       		.uleb128 0x19
 808 031e F7020000 		.4byte	.LASF41
 809 0322 05       		.byte	0x5
 810 0323 19       		.byte	0x19
 811 0324 3D030000 		.4byte	0x33d
 812 0328 1A       		.uleb128 0x1a
 813 0329 12030000 		.4byte	0x312
 814 032d 1A       		.uleb128 0x1a
 815 032e 76000000 		.4byte	0x76
 816 0332 1A       		.uleb128 0x1a
 817 0333 76000000 		.4byte	0x76
 818 0337 1A       		.uleb128 0x1a
 819 0338 76000000 		.4byte	0x76
 820 033c 00       		.byte	0
 821 033d 19       		.uleb128 0x19
 822 033e A3000000 		.4byte	.LASF42
 823 0342 05       		.byte	0x5
 824 0343 1A       		.byte	0x1a
 825 0344 4E030000 		.4byte	0x34e
 826 0348 1A       		.uleb128 0x1a
 827 0349 12030000 		.4byte	0x312
 828 034d 00       		.byte	0
 829 034e 19       		.uleb128 0x19
ARM GAS  C:\Users\TERENC~1\AppData\Local\Temp\ccy0dLdh.s 			page 23


 830 034f 0B010000 		.4byte	.LASF43
 831 0353 05       		.byte	0x5
 832 0354 1C       		.byte	0x1c
 833 0355 5F030000 		.4byte	0x35f
 834 0359 1A       		.uleb128 0x1a
 835 035a 12030000 		.4byte	0x312
 836 035e 00       		.byte	0
 837 035f 0F       		.uleb128 0xf
 838 0360 06000000 		.4byte	.LVL20
 839 0364 C6020000 		.4byte	0x2c6
 840 0368 1B       		.uleb128 0x1b
 841 0369 0C000000 		.4byte	.LVL21
 842 036d A9030000 		.4byte	0x3a9
 843 0371 16       		.uleb128 0x16
 844 0372 01       		.uleb128 0x1
 845 0373 50       		.byte	0x50
 846 0374 01       		.uleb128 0x1
 847 0375 30       		.byte	0x30
 848 0376 00       		.byte	0
 849 0377 00       		.byte	0
 850 0378 1C       		.uleb128 0x1c
 851 0379 BF000000 		.4byte	0xbf
 852 037d 88030000 		.4byte	0x388
 853 0381 1D       		.uleb128 0x1d
 854 0382 D9000000 		.4byte	0xd9
 855 0386 2F       		.byte	0x2f
 856 0387 00       		.byte	0
 857 0388 1E       		.uleb128 0x1e
 858 0389 1E000000 		.4byte	.LASF50
 859 038d 01       		.byte	0x1
 860 038e 21       		.byte	0x21
 861 038f 78030000 		.4byte	0x378
 862 0393 1F       		.uleb128 0x1f
 863 0394 89010000 		.4byte	.LASF44
 864 0398 89010000 		.4byte	.LASF44
 865 039c 06       		.byte	0x6
 866 039d E5       		.byte	0xe5
 867 039e 1F       		.uleb128 0x1f
 868 039f C0010000 		.4byte	.LASF45
 869 03a3 C0010000 		.4byte	.LASF45
 870 03a7 06       		.byte	0x6
 871 03a8 E6       		.byte	0xe6
 872 03a9 1F       		.uleb128 0x1f
 873 03aa 0B010000 		.4byte	.LASF43
 874 03ae 0B010000 		.4byte	.LASF43
 875 03b2 05       		.byte	0x5
 876 03b3 1C       		.byte	0x1c
 877 03b4 00       		.byte	0
 878              		.section	.debug_abbrev,"",%progbits
 879              	.Ldebug_abbrev0:
 880 0000 01       		.uleb128 0x1
 881 0001 11       		.uleb128 0x11
 882 0002 01       		.byte	0x1
 883 0003 25       		.uleb128 0x25
 884 0004 0E       		.uleb128 0xe
 885 0005 13       		.uleb128 0x13
 886 0006 0B       		.uleb128 0xb
ARM GAS  C:\Users\TERENC~1\AppData\Local\Temp\ccy0dLdh.s 			page 24


 887 0007 03       		.uleb128 0x3
 888 0008 0E       		.uleb128 0xe
 889 0009 1B       		.uleb128 0x1b
 890 000a 0E       		.uleb128 0xe
 891 000b 55       		.uleb128 0x55
 892 000c 17       		.uleb128 0x17
 893 000d 11       		.uleb128 0x11
 894 000e 01       		.uleb128 0x1
 895 000f 10       		.uleb128 0x10
 896 0010 17       		.uleb128 0x17
 897 0011 00       		.byte	0
 898 0012 00       		.byte	0
 899 0013 02       		.uleb128 0x2
 900 0014 24       		.uleb128 0x24
 901 0015 00       		.byte	0
 902 0016 0B       		.uleb128 0xb
 903 0017 0B       		.uleb128 0xb
 904 0018 3E       		.uleb128 0x3e
 905 0019 0B       		.uleb128 0xb
 906 001a 03       		.uleb128 0x3
 907 001b 0E       		.uleb128 0xe
 908 001c 00       		.byte	0
 909 001d 00       		.byte	0
 910 001e 03       		.uleb128 0x3
 911 001f 16       		.uleb128 0x16
 912 0020 00       		.byte	0
 913 0021 03       		.uleb128 0x3
 914 0022 0E       		.uleb128 0xe
 915 0023 3A       		.uleb128 0x3a
 916 0024 0B       		.uleb128 0xb
 917 0025 3B       		.uleb128 0x3b
 918 0026 0B       		.uleb128 0xb
 919 0027 49       		.uleb128 0x49
 920 0028 13       		.uleb128 0x13
 921 0029 00       		.byte	0
 922 002a 00       		.byte	0
 923 002b 04       		.uleb128 0x4
 924 002c 24       		.uleb128 0x24
 925 002d 00       		.byte	0
 926 002e 0B       		.uleb128 0xb
 927 002f 0B       		.uleb128 0xb
 928 0030 3E       		.uleb128 0x3e
 929 0031 0B       		.uleb128 0xb
 930 0032 03       		.uleb128 0x3
 931 0033 08       		.uleb128 0x8
 932 0034 00       		.byte	0
 933 0035 00       		.byte	0
 934 0036 05       		.uleb128 0x5
 935 0037 16       		.uleb128 0x16
 936 0038 00       		.byte	0
 937 0039 03       		.uleb128 0x3
 938 003a 0E       		.uleb128 0xe
 939 003b 3A       		.uleb128 0x3a
 940 003c 0B       		.uleb128 0xb
 941 003d 3B       		.uleb128 0x3b
 942 003e 05       		.uleb128 0x5
 943 003f 49       		.uleb128 0x49
ARM GAS  C:\Users\TERENC~1\AppData\Local\Temp\ccy0dLdh.s 			page 25


 944 0040 13       		.uleb128 0x13
 945 0041 00       		.byte	0
 946 0042 00       		.byte	0
 947 0043 06       		.uleb128 0x6
 948 0044 35       		.uleb128 0x35
 949 0045 00       		.byte	0
 950 0046 49       		.uleb128 0x49
 951 0047 13       		.uleb128 0x13
 952 0048 00       		.byte	0
 953 0049 00       		.byte	0
 954 004a 07       		.uleb128 0x7
 955 004b 0F       		.uleb128 0xf
 956 004c 00       		.byte	0
 957 004d 0B       		.uleb128 0xb
 958 004e 0B       		.uleb128 0xb
 959 004f 49       		.uleb128 0x49
 960 0050 13       		.uleb128 0x13
 961 0051 00       		.byte	0
 962 0052 00       		.byte	0
 963 0053 08       		.uleb128 0x8
 964 0054 15       		.uleb128 0x15
 965 0055 00       		.byte	0
 966 0056 27       		.uleb128 0x27
 967 0057 19       		.uleb128 0x19
 968 0058 00       		.byte	0
 969 0059 00       		.byte	0
 970 005a 09       		.uleb128 0x9
 971 005b 2E       		.uleb128 0x2e
 972 005c 01       		.byte	0x1
 973 005d 3F       		.uleb128 0x3f
 974 005e 19       		.uleb128 0x19
 975 005f 03       		.uleb128 0x3
 976 0060 0E       		.uleb128 0xe
 977 0061 3A       		.uleb128 0x3a
 978 0062 0B       		.uleb128 0xb
 979 0063 3B       		.uleb128 0x3b
 980 0064 0B       		.uleb128 0xb
 981 0065 27       		.uleb128 0x27
 982 0066 19       		.uleb128 0x19
 983 0067 11       		.uleb128 0x11
 984 0068 01       		.uleb128 0x1
 985 0069 12       		.uleb128 0x12
 986 006a 06       		.uleb128 0x6
 987 006b 40       		.uleb128 0x40
 988 006c 18       		.uleb128 0x18
 989 006d 9742     		.uleb128 0x2117
 990 006f 19       		.uleb128 0x19
 991 0070 01       		.uleb128 0x1
 992 0071 13       		.uleb128 0x13
 993 0072 00       		.byte	0
 994 0073 00       		.byte	0
 995 0074 0A       		.uleb128 0xa
 996 0075 05       		.uleb128 0x5
 997 0076 00       		.byte	0
 998 0077 03       		.uleb128 0x3
 999 0078 0E       		.uleb128 0xe
 1000 0079 3A       		.uleb128 0x3a
ARM GAS  C:\Users\TERENC~1\AppData\Local\Temp\ccy0dLdh.s 			page 26


 1001 007a 0B       		.uleb128 0xb
 1002 007b 3B       		.uleb128 0x3b
 1003 007c 0B       		.uleb128 0xb
 1004 007d 49       		.uleb128 0x49
 1005 007e 13       		.uleb128 0x13
 1006 007f 02       		.uleb128 0x2
 1007 0080 18       		.uleb128 0x18
 1008 0081 00       		.byte	0
 1009 0082 00       		.byte	0
 1010 0083 0B       		.uleb128 0xb
 1011 0084 2E       		.uleb128 0x2e
 1012 0085 00       		.byte	0
 1013 0086 3F       		.uleb128 0x3f
 1014 0087 19       		.uleb128 0x19
 1015 0088 03       		.uleb128 0x3
 1016 0089 0E       		.uleb128 0xe
 1017 008a 3A       		.uleb128 0x3a
 1018 008b 0B       		.uleb128 0xb
 1019 008c 3B       		.uleb128 0x3b
 1020 008d 0B       		.uleb128 0xb
 1021 008e 27       		.uleb128 0x27
 1022 008f 19       		.uleb128 0x19
 1023 0090 49       		.uleb128 0x49
 1024 0091 13       		.uleb128 0x13
 1025 0092 11       		.uleb128 0x11
 1026 0093 01       		.uleb128 0x1
 1027 0094 12       		.uleb128 0x12
 1028 0095 06       		.uleb128 0x6
 1029 0096 40       		.uleb128 0x40
 1030 0097 18       		.uleb128 0x18
 1031 0098 9742     		.uleb128 0x2117
 1032 009a 19       		.uleb128 0x19
 1033 009b 00       		.byte	0
 1034 009c 00       		.byte	0
 1035 009d 0C       		.uleb128 0xc
 1036 009e 05       		.uleb128 0x5
 1037 009f 00       		.byte	0
 1038 00a0 03       		.uleb128 0x3
 1039 00a1 0E       		.uleb128 0xe
 1040 00a2 3A       		.uleb128 0x3a
 1041 00a3 0B       		.uleb128 0xb
 1042 00a4 3B       		.uleb128 0x3b
 1043 00a5 0B       		.uleb128 0xb
 1044 00a6 49       		.uleb128 0x49
 1045 00a7 13       		.uleb128 0x13
 1046 00a8 02       		.uleb128 0x2
 1047 00a9 17       		.uleb128 0x17
 1048 00aa 00       		.byte	0
 1049 00ab 00       		.byte	0
 1050 00ac 0D       		.uleb128 0xd
 1051 00ad 34       		.uleb128 0x34
 1052 00ae 00       		.byte	0
 1053 00af 03       		.uleb128 0x3
 1054 00b0 0E       		.uleb128 0xe
 1055 00b1 3A       		.uleb128 0x3a
 1056 00b2 0B       		.uleb128 0xb
 1057 00b3 3B       		.uleb128 0x3b
ARM GAS  C:\Users\TERENC~1\AppData\Local\Temp\ccy0dLdh.s 			page 27


 1058 00b4 0B       		.uleb128 0xb
 1059 00b5 49       		.uleb128 0x49
 1060 00b6 13       		.uleb128 0x13
 1061 00b7 02       		.uleb128 0x2
 1062 00b8 17       		.uleb128 0x17
 1063 00b9 00       		.byte	0
 1064 00ba 00       		.byte	0
 1065 00bb 0E       		.uleb128 0xe
 1066 00bc 34       		.uleb128 0x34
 1067 00bd 00       		.byte	0
 1068 00be 03       		.uleb128 0x3
 1069 00bf 0E       		.uleb128 0xe
 1070 00c0 3A       		.uleb128 0x3a
 1071 00c1 0B       		.uleb128 0xb
 1072 00c2 3B       		.uleb128 0x3b
 1073 00c3 0B       		.uleb128 0xb
 1074 00c4 49       		.uleb128 0x49
 1075 00c5 13       		.uleb128 0x13
 1076 00c6 1C       		.uleb128 0x1c
 1077 00c7 0B       		.uleb128 0xb
 1078 00c8 00       		.byte	0
 1079 00c9 00       		.byte	0
 1080 00ca 0F       		.uleb128 0xf
 1081 00cb 898201   		.uleb128 0x4109
 1082 00ce 00       		.byte	0
 1083 00cf 11       		.uleb128 0x11
 1084 00d0 01       		.uleb128 0x1
 1085 00d1 31       		.uleb128 0x31
 1086 00d2 13       		.uleb128 0x13
 1087 00d3 00       		.byte	0
 1088 00d4 00       		.byte	0
 1089 00d5 10       		.uleb128 0x10
 1090 00d6 2E       		.uleb128 0x2e
 1091 00d7 01       		.byte	0x1
 1092 00d8 3F       		.uleb128 0x3f
 1093 00d9 19       		.uleb128 0x19
 1094 00da 03       		.uleb128 0x3
 1095 00db 0E       		.uleb128 0xe
 1096 00dc 3A       		.uleb128 0x3a
 1097 00dd 0B       		.uleb128 0xb
 1098 00de 3B       		.uleb128 0x3b
 1099 00df 05       		.uleb128 0x5
 1100 00e0 27       		.uleb128 0x27
 1101 00e1 19       		.uleb128 0x19
 1102 00e2 49       		.uleb128 0x49
 1103 00e3 13       		.uleb128 0x13
 1104 00e4 11       		.uleb128 0x11
 1105 00e5 01       		.uleb128 0x1
 1106 00e6 12       		.uleb128 0x12
 1107 00e7 06       		.uleb128 0x6
 1108 00e8 40       		.uleb128 0x40
 1109 00e9 18       		.uleb128 0x18
 1110 00ea 9742     		.uleb128 0x2117
 1111 00ec 19       		.uleb128 0x19
 1112 00ed 01       		.uleb128 0x1
 1113 00ee 13       		.uleb128 0x13
 1114 00ef 00       		.byte	0
ARM GAS  C:\Users\TERENC~1\AppData\Local\Temp\ccy0dLdh.s 			page 28


 1115 00f0 00       		.byte	0
 1116 00f1 11       		.uleb128 0x11
 1117 00f2 34       		.uleb128 0x34
 1118 00f3 00       		.byte	0
 1119 00f4 03       		.uleb128 0x3
 1120 00f5 0E       		.uleb128 0xe
 1121 00f6 3A       		.uleb128 0x3a
 1122 00f7 0B       		.uleb128 0xb
 1123 00f8 3B       		.uleb128 0x3b
 1124 00f9 05       		.uleb128 0x5
 1125 00fa 49       		.uleb128 0x49
 1126 00fb 13       		.uleb128 0x13
 1127 00fc 02       		.uleb128 0x2
 1128 00fd 17       		.uleb128 0x17
 1129 00fe 00       		.byte	0
 1130 00ff 00       		.byte	0
 1131 0100 12       		.uleb128 0x12
 1132 0101 34       		.uleb128 0x34
 1133 0102 00       		.byte	0
 1134 0103 03       		.uleb128 0x3
 1135 0104 0E       		.uleb128 0xe
 1136 0105 3A       		.uleb128 0x3a
 1137 0106 0B       		.uleb128 0xb
 1138 0107 3B       		.uleb128 0x3b
 1139 0108 05       		.uleb128 0x5
 1140 0109 49       		.uleb128 0x49
 1141 010a 13       		.uleb128 0x13
 1142 010b 1C       		.uleb128 0x1c
 1143 010c 0B       		.uleb128 0xb
 1144 010d 00       		.byte	0
 1145 010e 00       		.byte	0
 1146 010f 13       		.uleb128 0x13
 1147 0110 2E       		.uleb128 0x2e
 1148 0111 00       		.byte	0
 1149 0112 3F       		.uleb128 0x3f
 1150 0113 19       		.uleb128 0x19
 1151 0114 03       		.uleb128 0x3
 1152 0115 0E       		.uleb128 0xe
 1153 0116 3A       		.uleb128 0x3a
 1154 0117 0B       		.uleb128 0xb
 1155 0118 3B       		.uleb128 0x3b
 1156 0119 05       		.uleb128 0x5
 1157 011a 27       		.uleb128 0x27
 1158 011b 19       		.uleb128 0x19
 1159 011c 11       		.uleb128 0x11
 1160 011d 01       		.uleb128 0x1
 1161 011e 12       		.uleb128 0x12
 1162 011f 06       		.uleb128 0x6
 1163 0120 40       		.uleb128 0x40
 1164 0121 18       		.uleb128 0x18
 1165 0122 9742     		.uleb128 0x2117
 1166 0124 19       		.uleb128 0x19
 1167 0125 00       		.byte	0
 1168 0126 00       		.byte	0
 1169 0127 14       		.uleb128 0x14
 1170 0128 2E       		.uleb128 0x2e
 1171 0129 00       		.byte	0
ARM GAS  C:\Users\TERENC~1\AppData\Local\Temp\ccy0dLdh.s 			page 29


 1172 012a 3F       		.uleb128 0x3f
 1173 012b 19       		.uleb128 0x19
 1174 012c 03       		.uleb128 0x3
 1175 012d 0E       		.uleb128 0xe
 1176 012e 3A       		.uleb128 0x3a
 1177 012f 0B       		.uleb128 0xb
 1178 0130 3B       		.uleb128 0x3b
 1179 0131 05       		.uleb128 0x5
 1180 0132 27       		.uleb128 0x27
 1181 0133 19       		.uleb128 0x19
 1182 0134 49       		.uleb128 0x49
 1183 0135 13       		.uleb128 0x13
 1184 0136 11       		.uleb128 0x11
 1185 0137 01       		.uleb128 0x1
 1186 0138 12       		.uleb128 0x12
 1187 0139 06       		.uleb128 0x6
 1188 013a 40       		.uleb128 0x40
 1189 013b 18       		.uleb128 0x18
 1190 013c 9742     		.uleb128 0x2117
 1191 013e 19       		.uleb128 0x19
 1192 013f 00       		.byte	0
 1193 0140 00       		.byte	0
 1194 0141 15       		.uleb128 0x15
 1195 0142 898201   		.uleb128 0x4109
 1196 0145 01       		.byte	0x1
 1197 0146 11       		.uleb128 0x11
 1198 0147 01       		.uleb128 0x1
 1199 0148 31       		.uleb128 0x31
 1200 0149 13       		.uleb128 0x13
 1201 014a 01       		.uleb128 0x1
 1202 014b 13       		.uleb128 0x13
 1203 014c 00       		.byte	0
 1204 014d 00       		.byte	0
 1205 014e 16       		.uleb128 0x16
 1206 014f 8A8201   		.uleb128 0x410a
 1207 0152 00       		.byte	0
 1208 0153 02       		.uleb128 0x2
 1209 0154 18       		.uleb128 0x18
 1210 0155 9142     		.uleb128 0x2111
 1211 0157 18       		.uleb128 0x18
 1212 0158 00       		.byte	0
 1213 0159 00       		.byte	0
 1214 015a 17       		.uleb128 0x17
 1215 015b 04       		.uleb128 0x4
 1216 015c 01       		.byte	0x1
 1217 015d 0B       		.uleb128 0xb
 1218 015e 0B       		.uleb128 0xb
 1219 015f 49       		.uleb128 0x49
 1220 0160 13       		.uleb128 0x13
 1221 0161 3A       		.uleb128 0x3a
 1222 0162 0B       		.uleb128 0xb
 1223 0163 3B       		.uleb128 0x3b
 1224 0164 0B       		.uleb128 0xb
 1225 0165 01       		.uleb128 0x1
 1226 0166 13       		.uleb128 0x13
 1227 0167 00       		.byte	0
 1228 0168 00       		.byte	0
ARM GAS  C:\Users\TERENC~1\AppData\Local\Temp\ccy0dLdh.s 			page 30


 1229 0169 18       		.uleb128 0x18
 1230 016a 28       		.uleb128 0x28
 1231 016b 00       		.byte	0
 1232 016c 03       		.uleb128 0x3
 1233 016d 0E       		.uleb128 0xe
 1234 016e 1C       		.uleb128 0x1c
 1235 016f 0B       		.uleb128 0xb
 1236 0170 00       		.byte	0
 1237 0171 00       		.byte	0
 1238 0172 19       		.uleb128 0x19
 1239 0173 2E       		.uleb128 0x2e
 1240 0174 01       		.byte	0x1
 1241 0175 3F       		.uleb128 0x3f
 1242 0176 19       		.uleb128 0x19
 1243 0177 03       		.uleb128 0x3
 1244 0178 0E       		.uleb128 0xe
 1245 0179 3A       		.uleb128 0x3a
 1246 017a 0B       		.uleb128 0xb
 1247 017b 3B       		.uleb128 0x3b
 1248 017c 0B       		.uleb128 0xb
 1249 017d 27       		.uleb128 0x27
 1250 017e 19       		.uleb128 0x19
 1251 017f 3C       		.uleb128 0x3c
 1252 0180 19       		.uleb128 0x19
 1253 0181 01       		.uleb128 0x1
 1254 0182 13       		.uleb128 0x13
 1255 0183 00       		.byte	0
 1256 0184 00       		.byte	0
 1257 0185 1A       		.uleb128 0x1a
 1258 0186 05       		.uleb128 0x5
 1259 0187 00       		.byte	0
 1260 0188 49       		.uleb128 0x49
 1261 0189 13       		.uleb128 0x13
 1262 018a 00       		.byte	0
 1263 018b 00       		.byte	0
 1264 018c 1B       		.uleb128 0x1b
 1265 018d 898201   		.uleb128 0x4109
 1266 0190 01       		.byte	0x1
 1267 0191 11       		.uleb128 0x11
 1268 0192 01       		.uleb128 0x1
 1269 0193 31       		.uleb128 0x31
 1270 0194 13       		.uleb128 0x13
 1271 0195 00       		.byte	0
 1272 0196 00       		.byte	0
 1273 0197 1C       		.uleb128 0x1c
 1274 0198 01       		.uleb128 0x1
 1275 0199 01       		.byte	0x1
 1276 019a 49       		.uleb128 0x49
 1277 019b 13       		.uleb128 0x13
 1278 019c 01       		.uleb128 0x1
 1279 019d 13       		.uleb128 0x13
 1280 019e 00       		.byte	0
 1281 019f 00       		.byte	0
 1282 01a0 1D       		.uleb128 0x1d
 1283 01a1 21       		.uleb128 0x21
 1284 01a2 00       		.byte	0
 1285 01a3 49       		.uleb128 0x49
ARM GAS  C:\Users\TERENC~1\AppData\Local\Temp\ccy0dLdh.s 			page 31


 1286 01a4 13       		.uleb128 0x13
 1287 01a5 2F       		.uleb128 0x2f
 1288 01a6 0B       		.uleb128 0xb
 1289 01a7 00       		.byte	0
 1290 01a8 00       		.byte	0
 1291 01a9 1E       		.uleb128 0x1e
 1292 01aa 34       		.uleb128 0x34
 1293 01ab 00       		.byte	0
 1294 01ac 03       		.uleb128 0x3
 1295 01ad 0E       		.uleb128 0xe
 1296 01ae 3A       		.uleb128 0x3a
 1297 01af 0B       		.uleb128 0xb
 1298 01b0 3B       		.uleb128 0x3b
 1299 01b1 0B       		.uleb128 0xb
 1300 01b2 49       		.uleb128 0x49
 1301 01b3 13       		.uleb128 0x13
 1302 01b4 3F       		.uleb128 0x3f
 1303 01b5 19       		.uleb128 0x19
 1304 01b6 3C       		.uleb128 0x3c
 1305 01b7 19       		.uleb128 0x19
 1306 01b8 00       		.byte	0
 1307 01b9 00       		.byte	0
 1308 01ba 1F       		.uleb128 0x1f
 1309 01bb 2E       		.uleb128 0x2e
 1310 01bc 00       		.byte	0
 1311 01bd 3F       		.uleb128 0x3f
 1312 01be 19       		.uleb128 0x19
 1313 01bf 3C       		.uleb128 0x3c
 1314 01c0 19       		.uleb128 0x19
 1315 01c1 6E       		.uleb128 0x6e
 1316 01c2 0E       		.uleb128 0xe
 1317 01c3 03       		.uleb128 0x3
 1318 01c4 0E       		.uleb128 0xe
 1319 01c5 3A       		.uleb128 0x3a
 1320 01c6 0B       		.uleb128 0xb
 1321 01c7 3B       		.uleb128 0x3b
 1322 01c8 0B       		.uleb128 0xb
 1323 01c9 00       		.byte	0
 1324 01ca 00       		.byte	0
 1325 01cb 00       		.byte	0
 1326              		.section	.debug_loc,"",%progbits
 1327              	.Ldebug_loc0:
 1328              	.LLST0:
 1329 0000 00000000 		.4byte	.LVL1
 1330 0004 07000000 		.4byte	.LVL3-1
 1331 0008 0100     		.2byte	0x1
 1332 000a 50       		.byte	0x50
 1333 000b 07000000 		.4byte	.LVL3-1
 1334 000f 20000000 		.4byte	.LFE7
 1335 0013 0400     		.2byte	0x4
 1336 0015 F3       		.byte	0xf3
 1337 0016 01       		.uleb128 0x1
 1338 0017 50       		.byte	0x50
 1339 0018 9F       		.byte	0x9f
 1340 0019 00000000 		.4byte	0
 1341 001d 00000000 		.4byte	0
 1342              	.LLST1:
ARM GAS  C:\Users\TERENC~1\AppData\Local\Temp\ccy0dLdh.s 			page 32


 1343 0021 08000000 		.4byte	.LVL3
 1344 0025 19000000 		.4byte	.LVL4-1
 1345 0029 0100     		.2byte	0x1
 1346 002b 50       		.byte	0x50
 1347 002c 00000000 		.4byte	0
 1348 0030 00000000 		.4byte	0
 1349              	.LLST2:
 1350 0034 04000000 		.4byte	.LVL6
 1351 0038 06000000 		.4byte	.LVL7
 1352 003c 0500     		.2byte	0x5
 1353 003e 70       		.byte	0x70
 1354 003f 00       		.sleb128 0
 1355 0040 4E       		.byte	0x4e
 1356 0041 25       		.byte	0x25
 1357 0042 9F       		.byte	0x9f
 1358 0043 06000000 		.4byte	.LVL7
 1359 0047 0C000000 		.4byte	.LFE8
 1360 004b 0100     		.2byte	0x1
 1361 004d 50       		.byte	0x50
 1362 004e 00000000 		.4byte	0
 1363 0052 00000000 		.4byte	0
 1364              	.LLST3:
 1365 0056 00000000 		.4byte	.LVL12
 1366 005a 07000000 		.4byte	.LVL13-1
 1367 005e 0100     		.2byte	0x1
 1368 0060 50       		.byte	0x50
 1369 0061 07000000 		.4byte	.LVL13-1
 1370 0065 18000000 		.4byte	.LVL17
 1371 0069 0100     		.2byte	0x1
 1372 006b 54       		.byte	0x54
 1373 006c 18000000 		.4byte	.LVL17
 1374 0070 1A000000 		.4byte	.LFE2
 1375 0074 0400     		.2byte	0x4
 1376 0076 F3       		.byte	0xf3
 1377 0077 01       		.uleb128 0x1
 1378 0078 50       		.byte	0x50
 1379 0079 9F       		.byte	0x9f
 1380 007a 00000000 		.4byte	0
 1381 007e 00000000 		.4byte	0
 1382              		.section	.debug_aranges,"",%progbits
 1383 0000 7C000000 		.4byte	0x7c
 1384 0004 0200     		.2byte	0x2
 1385 0006 00000000 		.4byte	.Ldebug_info0
 1386 000a 04       		.byte	0x4
 1387 000b 00       		.byte	0
 1388 000c 0000     		.2byte	0
 1389 000e 0000     		.2byte	0
 1390 0010 00000000 		.4byte	.LFB5
 1391 0014 0C000000 		.4byte	.LFE5-.LFB5
 1392 0018 00000000 		.4byte	.LFB6
 1393 001c 0C000000 		.4byte	.LFE6-.LFB6
 1394 0020 00000000 		.4byte	.LFB7
 1395 0024 20000000 		.4byte	.LFE7-.LFB7
 1396 0028 00000000 		.4byte	.LFB8
 1397 002c 0C000000 		.4byte	.LFE8-.LFB8
 1398 0030 00000000 		.4byte	.LFB9
 1399 0034 10000000 		.4byte	.LFE9-.LFB9
ARM GAS  C:\Users\TERENC~1\AppData\Local\Temp\ccy0dLdh.s 			page 33


 1400 0038 00000000 		.4byte	.LFB10
 1401 003c 14000000 		.4byte	.LFE10-.LFB10
 1402 0040 00000000 		.4byte	.LFB11
 1403 0044 10000000 		.4byte	.LFE11-.LFB11
 1404 0048 00000000 		.4byte	.LFB1
 1405 004c 1C000000 		.4byte	.LFE1-.LFB1
 1406 0050 00000000 		.4byte	.LFB2
 1407 0054 1A000000 		.4byte	.LFE2-.LFB2
 1408 0058 00000000 		.4byte	.LFB3
 1409 005c 14000000 		.4byte	.LFE3-.LFB3
 1410 0060 00000000 		.4byte	.LFB12
 1411 0064 10000000 		.4byte	.LFE12-.LFB12
 1412 0068 00000000 		.4byte	.LFB13
 1413 006c 10000000 		.4byte	.LFE13-.LFB13
 1414 0070 00000000 		.4byte	.LFB4
 1415 0074 0E000000 		.4byte	.LFE4-.LFB4
 1416 0078 00000000 		.4byte	0
 1417 007c 00000000 		.4byte	0
 1418              		.section	.debug_ranges,"",%progbits
 1419              	.Ldebug_ranges0:
 1420 0000 00000000 		.4byte	.LFB5
 1421 0004 0C000000 		.4byte	.LFE5
 1422 0008 00000000 		.4byte	.LFB6
 1423 000c 0C000000 		.4byte	.LFE6
 1424 0010 00000000 		.4byte	.LFB7
 1425 0014 20000000 		.4byte	.LFE7
 1426 0018 00000000 		.4byte	.LFB8
 1427 001c 0C000000 		.4byte	.LFE8
 1428 0020 00000000 		.4byte	.LFB9
 1429 0024 10000000 		.4byte	.LFE9
 1430 0028 00000000 		.4byte	.LFB10
 1431 002c 14000000 		.4byte	.LFE10
 1432 0030 00000000 		.4byte	.LFB11
 1433 0034 10000000 		.4byte	.LFE11
 1434 0038 00000000 		.4byte	.LFB1
 1435 003c 1C000000 		.4byte	.LFE1
 1436 0040 00000000 		.4byte	.LFB2
 1437 0044 1A000000 		.4byte	.LFE2
 1438 0048 00000000 		.4byte	.LFB3
 1439 004c 14000000 		.4byte	.LFE3
 1440 0050 00000000 		.4byte	.LFB12
 1441 0054 10000000 		.4byte	.LFE12
 1442 0058 00000000 		.4byte	.LFB13
 1443 005c 10000000 		.4byte	.LFE13
 1444 0060 00000000 		.4byte	.LFB4
 1445 0064 0E000000 		.4byte	.LFE4
 1446 0068 00000000 		.4byte	0
 1447 006c 00000000 		.4byte	0
 1448              		.section	.debug_line,"",%progbits
 1449              	.Ldebug_line0:
 1450 0000 66020000 		.section	.debug_str,"MS",%progbits,1
 1450      02006601 
 1450      00000201 
 1450      FB0E0D00 
 1450      01010101 
 1451              	.LASF16:
 1452 0000 72656733 		.ascii	"reg32\000"
ARM GAS  C:\Users\TERENC~1\AppData\Local\Temp\ccy0dLdh.s 			page 34


 1452      3200
 1453              	.LASF29:
 1454 0006 4C45445F 		.ascii	"LED_RED_PWM_ISR_Disable\000"
 1454      5245445F 
 1454      50574D5F 
 1454      4953525F 
 1454      44697361 
 1455              	.LASF50:
 1456 001e 43795261 		.ascii	"CyRamVectors\000"
 1456      6D566563 
 1456      746F7273 
 1456      00
 1457              	.LASF13:
 1458 002b 666C6F61 		.ascii	"float\000"
 1458      7400
 1459              	.LASF38:
 1460 0031 4C4D5F4C 		.ascii	"LM_LED_BLUE\000"
 1460      45445F42 
 1460      4C554500 
 1461              	.LASF3:
 1462 003d 73686F72 		.ascii	"short unsigned int\000"
 1462      7420756E 
 1462      7369676E 
 1462      65642069 
 1462      6E7400
 1463              	.LASF28:
 1464 0050 4C45445F 		.ascii	"LED_RED_PWM_ISR_Enable\000"
 1464      5245445F 
 1464      50574D5F 
 1464      4953525F 
 1464      456E6162 
 1465              	.LASF26:
 1466 0067 4C45445F 		.ascii	"LED_RED_PWM_ISR_GetVector\000"
 1466      5245445F 
 1466      50574D5F 
 1466      4953525F 
 1466      47657456 
 1467              	.LASF39:
 1468 0081 4C4D5F4C 		.ascii	"LM_LED_MAX\000"
 1468      45445F4D 
 1468      415800
 1469              	.LASF7:
 1470 008c 6C6F6E67 		.ascii	"long long unsigned int\000"
 1470      206C6F6E 
 1470      6720756E 
 1470      7369676E 
 1470      65642069 
 1471              	.LASF42:
 1472 00a3 4C65644D 		.ascii	"LedManagerStopOverride\000"
 1472      616E6167 
 1472      65725374 
 1472      6F704F76 
 1472      65727269 
 1473              	.LASF1:
 1474 00ba 756E7369 		.ascii	"unsigned char\000"
 1474      676E6564 
 1474      20636861 
ARM GAS  C:\Users\TERENC~1\AppData\Local\Temp\ccy0dLdh.s 			page 35


 1474      7200
 1475              	.LASF21:
 1476 00c8 4C45445F 		.ascii	"LED_RED_PWM_ISR_SetPriority\000"
 1476      5245445F 
 1476      50574D5F 
 1476      4953525F 
 1476      53657450 
 1477              	.LASF24:
 1478 00e4 696E7465 		.ascii	"interruptState\000"
 1478      72727570 
 1478      74537461 
 1478      746500
 1479              	.LASF5:
 1480 00f3 6C6F6E67 		.ascii	"long unsigned int\000"
 1480      20756E73 
 1480      69676E65 
 1480      6420696E 
 1480      7400
 1481              	.LASF11:
 1482 0105 75696E74 		.ascii	"uint8\000"
 1482      3800
 1483              	.LASF43:
 1484 010b 4C65644D 		.ascii	"LedManagerInterruptHandler\000"
 1484      616E6167 
 1484      6572496E 
 1484      74657272 
 1484      75707448 
 1485              	.LASF48:
 1486 0126 433A5C64 		.ascii	"C:\\dev\\git\\icebreaker\\Icebreaker.cydsn\000"
 1486      65765C67 
 1486      69745C69 
 1486      63656272 
 1486      65616B65 
 1487              	.LASF23:
 1488 014d 7072696F 		.ascii	"priority\000"
 1488      72697479 
 1488      00
 1489              	.LASF14:
 1490 0156 646F7562 		.ascii	"double\000"
 1490      6C6500
 1491              	.LASF9:
 1492 015d 5F5F7569 		.ascii	"__uint32_t\000"
 1492      6E743332 
 1492      5F7400
 1493              	.LASF12:
 1494 0168 75696E74 		.ascii	"uint32\000"
 1494      333200
 1495              	.LASF20:
 1496 016f 4C45445F 		.ascii	"LED_RED_PWM_ISR_SetVector\000"
 1496      5245445F 
 1496      50574D5F 
 1496      4953525F 
 1496      53657456 
 1497              	.LASF44:
 1498 0189 4379456E 		.ascii	"CyEnterCriticalSection\000"
 1498      74657243 
 1498      72697469 
ARM GAS  C:\Users\TERENC~1\AppData\Local\Temp\ccy0dLdh.s 			page 36


 1498      63616C53 
 1498      65637469 
 1499              	.LASF8:
 1500 01a0 756E7369 		.ascii	"unsigned int\000"
 1500      676E6564 
 1500      20696E74 
 1500      00
 1501              	.LASF36:
 1502 01ad 4C4D5F4C 		.ascii	"LM_LED_RED\000"
 1502      45445F52 
 1502      454400
 1503              	.LASF22:
 1504 01b8 61646472 		.ascii	"address\000"
 1504      65737300 
 1505              	.LASF45:
 1506 01c0 43794578 		.ascii	"CyExitCriticalSection\000"
 1506      69744372 
 1506      69746963 
 1506      616C5365 
 1506      6374696F 
 1507              	.LASF47:
 1508 01d6 47656E65 		.ascii	"Generated_Source\\PSoC4\\LED_RED_PWM_ISR.c\000"
 1508      72617465 
 1508      645F536F 
 1508      75726365 
 1508      5C50536F 
 1509              	.LASF17:
 1510 01ff 63796973 		.ascii	"cyisraddress\000"
 1510      72616464 
 1510      72657373 
 1510      00
 1511              	.LASF46:
 1512 020c 474E5520 		.ascii	"GNU C11 5.4.1 20160609 (release) [ARM/embedded-5-br"
 1512      43313120 
 1512      352E342E 
 1512      31203230 
 1512      31363036 
 1513 023f 616E6368 		.ascii	"anch revision 237715] -mcpu=cortex-m0 -mthumb -g -O"
 1513      20726576 
 1513      6973696F 
 1513      6E203233 
 1513      37373135 
 1514 0272 67202D66 		.ascii	"g -ffunction-sections -ffat-lto-objects\000"
 1514      66756E63 
 1514      74696F6E 
 1514      2D736563 
 1514      74696F6E 
 1515              	.LASF33:
 1516 029a 4C45445F 		.ascii	"LED_RED_PWM_ISR_SetPending\000"
 1516      5245445F 
 1516      50574D5F 
 1516      4953525F 
 1516      53657450 
 1517              	.LASF19:
 1518 02b5 73697A65 		.ascii	"sizetype\000"
 1518      74797065 
 1518      00
ARM GAS  C:\Users\TERENC~1\AppData\Local\Temp\ccy0dLdh.s 			page 37


 1519              	.LASF40:
 1520 02be 4C4D5F4C 		.ascii	"LM_LED_e\000"
 1520      45445F65 
 1520      00
 1521              	.LASF6:
 1522 02c7 6C6F6E67 		.ascii	"long long int\000"
 1522      206C6F6E 
 1522      6720696E 
 1522      7400
 1523              	.LASF34:
 1524 02d5 4C45445F 		.ascii	"LED_RED_PWM_ISR_ClearPending\000"
 1524      5245445F 
 1524      50574D5F 
 1524      4953525F 
 1524      436C6561 
 1525              	.LASF15:
 1526 02f2 63686172 		.ascii	"char\000"
 1526      00
 1527              	.LASF41:
 1528 02f7 4C65644D 		.ascii	"LedManagerStartOverride\000"
 1528      616E6167 
 1528      65725374 
 1528      6172744F 
 1528      76657272 
 1529              	.LASF30:
 1530 030f 4C45445F 		.ascii	"LED_RED_PWM_ISR_Start\000"
 1530      5245445F 
 1530      50574D5F 
 1530      4953525F 
 1530      53746172 
 1531              	.LASF2:
 1532 0325 73686F72 		.ascii	"short int\000"
 1532      7420696E 
 1532      7400
 1533              	.LASF32:
 1534 032f 4C45445F 		.ascii	"LED_RED_PWM_ISR_Stop\000"
 1534      5245445F 
 1534      50574D5F 
 1534      4953525F 
 1534      53746F70 
 1535              	.LASF37:
 1536 0344 4C4D5F4C 		.ascii	"LM_LED_GREEN\000"
 1536      45445F47 
 1536      5245454E 
 1536      00
 1537              	.LASF27:
 1538 0351 4C45445F 		.ascii	"LED_RED_PWM_ISR_GetState\000"
 1538      5245445F 
 1538      50574D5F 
 1538      4953525F 
 1538      47657453 
 1539              	.LASF25:
 1540 036a 7072696F 		.ascii	"priorityOffset\000"
 1540      72697479 
 1540      4F666673 
 1540      657400
 1541              	.LASF10:
ARM GAS  C:\Users\TERENC~1\AppData\Local\Temp\ccy0dLdh.s 			page 38


 1542 0379 75696E74 		.ascii	"uint32_t\000"
 1542      33325F74 
 1542      00
 1543              	.LASF4:
 1544 0382 6C6F6E67 		.ascii	"long int\000"
 1544      20696E74 
 1544      00
 1545              	.LASF31:
 1546 038b 4C45445F 		.ascii	"LED_RED_PWM_ISR_StartEx\000"
 1546      5245445F 
 1546      50574D5F 
 1546      4953525F 
 1546      53746172 
 1547              	.LASF18:
 1548 03a3 6C6F6E67 		.ascii	"long double\000"
 1548      20646F75 
 1548      626C6500 
 1549              	.LASF49:
 1550 03af 4C45445F 		.ascii	"LED_RED_PWM_ISR_GetPriority\000"
 1550      5245445F 
 1550      50574D5F 
 1550      4953525F 
 1550      47657450 
 1551              	.LASF0:
 1552 03cb 7369676E 		.ascii	"signed char\000"
 1552      65642063 
 1552      68617200 
 1553              	.LASF35:
 1554 03d7 4C45445F 		.ascii	"LED_RED_PWM_ISR_Interrupt\000"
 1554      5245445F 
 1554      50574D5F 
 1554      4953525F 
 1554      496E7465 
 1555              		.ident	"GCC: (GNU Tools for ARM Embedded Processors) 5.4.1 20160609 (release) [ARM/embedded-5-bran
