ARM GAS  C:\Users\TERENC~1\AppData\Local\Temp\ccFdALSG.s 			page 1


   1              		.syntax unified
   2              		.cpu cortex-m0
   3              		.fpu softvfp
   4              		.eabi_attribute 20, 1
   5              		.eabi_attribute 21, 1
   6              		.eabi_attribute 23, 3
   7              		.eabi_attribute 24, 1
   8              		.eabi_attribute 25, 1
   9              		.eabi_attribute 26, 1
  10              		.eabi_attribute 30, 1
  11              		.eabi_attribute 34, 0
  12              		.eabi_attribute 18, 4
  13              		.thumb
  14              		.syntax unified
  15              		.file	"LED_BLUE_PWM_ISR.c"
  16              		.text
  17              	.Ltext0:
  18              		.cfi_sections	.debug_frame
  19              		.section	.text.LED_BLUE_PWM_ISR_SetVector,"ax",%progbits
  20              		.align	2
  21              		.global	LED_BLUE_PWM_ISR_SetVector
  22              		.code	16
  23              		.thumb_func
  24              		.type	LED_BLUE_PWM_ISR_SetVector, %function
  25              	LED_BLUE_PWM_ISR_SetVector:
  26              	.LFB5:
  27              		.file 1 "Generated_Source\\PSoC4\\LED_BLUE_PWM_ISR.c"
   1:Generated_Source\PSoC4/LED_BLUE_PWM_ISR.c **** /*******************************************************************************
   2:Generated_Source\PSoC4/LED_BLUE_PWM_ISR.c **** * File Name: LED_BLUE_PWM_ISR.c  
   3:Generated_Source\PSoC4/LED_BLUE_PWM_ISR.c **** * Version 1.70
   4:Generated_Source\PSoC4/LED_BLUE_PWM_ISR.c **** *
   5:Generated_Source\PSoC4/LED_BLUE_PWM_ISR.c **** *  Description:
   6:Generated_Source\PSoC4/LED_BLUE_PWM_ISR.c **** *   API for controlling the state of an interrupt.
   7:Generated_Source\PSoC4/LED_BLUE_PWM_ISR.c **** *
   8:Generated_Source\PSoC4/LED_BLUE_PWM_ISR.c **** *
   9:Generated_Source\PSoC4/LED_BLUE_PWM_ISR.c **** *  Note:
  10:Generated_Source\PSoC4/LED_BLUE_PWM_ISR.c **** *
  11:Generated_Source\PSoC4/LED_BLUE_PWM_ISR.c **** ********************************************************************************
  12:Generated_Source\PSoC4/LED_BLUE_PWM_ISR.c **** * Copyright 2008-2015, Cypress Semiconductor Corporation.  All rights reserved.
  13:Generated_Source\PSoC4/LED_BLUE_PWM_ISR.c **** * You may use this file only in accordance with the license, terms, conditions, 
  14:Generated_Source\PSoC4/LED_BLUE_PWM_ISR.c **** * disclaimers, and limitations in the end user license agreement accompanying 
  15:Generated_Source\PSoC4/LED_BLUE_PWM_ISR.c **** * the software package with which this file was provided.
  16:Generated_Source\PSoC4/LED_BLUE_PWM_ISR.c **** *******************************************************************************/
  17:Generated_Source\PSoC4/LED_BLUE_PWM_ISR.c **** 
  18:Generated_Source\PSoC4/LED_BLUE_PWM_ISR.c **** 
  19:Generated_Source\PSoC4/LED_BLUE_PWM_ISR.c **** #include <cydevice_trm.h>
  20:Generated_Source\PSoC4/LED_BLUE_PWM_ISR.c **** #include <CyLib.h>
  21:Generated_Source\PSoC4/LED_BLUE_PWM_ISR.c **** #include <LED_BLUE_PWM_ISR.h>
  22:Generated_Source\PSoC4/LED_BLUE_PWM_ISR.c **** #include "cyapicallbacks.h"
  23:Generated_Source\PSoC4/LED_BLUE_PWM_ISR.c **** 
  24:Generated_Source\PSoC4/LED_BLUE_PWM_ISR.c **** #if !defined(LED_BLUE_PWM_ISR__REMOVED) /* Check for removal by optimization */
  25:Generated_Source\PSoC4/LED_BLUE_PWM_ISR.c **** 
  26:Generated_Source\PSoC4/LED_BLUE_PWM_ISR.c **** /*******************************************************************************
  27:Generated_Source\PSoC4/LED_BLUE_PWM_ISR.c **** *  Place your includes, defines and code here 
  28:Generated_Source\PSoC4/LED_BLUE_PWM_ISR.c **** ********************************************************************************/
  29:Generated_Source\PSoC4/LED_BLUE_PWM_ISR.c **** /* `#START LED_BLUE_PWM_ISR_intc` */
  30:Generated_Source\PSoC4/LED_BLUE_PWM_ISR.c **** 
ARM GAS  C:\Users\TERENC~1\AppData\Local\Temp\ccFdALSG.s 			page 2


  31:Generated_Source\PSoC4/LED_BLUE_PWM_ISR.c **** /* `#END` */
  32:Generated_Source\PSoC4/LED_BLUE_PWM_ISR.c **** 
  33:Generated_Source\PSoC4/LED_BLUE_PWM_ISR.c **** extern cyisraddress CyRamVectors[CYINT_IRQ_BASE + CY_NUM_INTERRUPTS];
  34:Generated_Source\PSoC4/LED_BLUE_PWM_ISR.c **** 
  35:Generated_Source\PSoC4/LED_BLUE_PWM_ISR.c **** /* Declared in startup, used to set unused interrupts to. */
  36:Generated_Source\PSoC4/LED_BLUE_PWM_ISR.c **** CY_ISR_PROTO(IntDefaultHandler);
  37:Generated_Source\PSoC4/LED_BLUE_PWM_ISR.c **** 
  38:Generated_Source\PSoC4/LED_BLUE_PWM_ISR.c **** 
  39:Generated_Source\PSoC4/LED_BLUE_PWM_ISR.c **** /*******************************************************************************
  40:Generated_Source\PSoC4/LED_BLUE_PWM_ISR.c **** * Function Name: LED_BLUE_PWM_ISR_Start
  41:Generated_Source\PSoC4/LED_BLUE_PWM_ISR.c **** ********************************************************************************
  42:Generated_Source\PSoC4/LED_BLUE_PWM_ISR.c **** *
  43:Generated_Source\PSoC4/LED_BLUE_PWM_ISR.c **** * Summary:
  44:Generated_Source\PSoC4/LED_BLUE_PWM_ISR.c **** *  Set up the interrupt and enable it. This function disables the interrupt, 
  45:Generated_Source\PSoC4/LED_BLUE_PWM_ISR.c **** *  sets the default interrupt vector, sets the priority from the value in the
  46:Generated_Source\PSoC4/LED_BLUE_PWM_ISR.c **** *  Design Wide Resources Interrupt Editor, then enables the interrupt to the 
  47:Generated_Source\PSoC4/LED_BLUE_PWM_ISR.c **** *  interrupt controller.
  48:Generated_Source\PSoC4/LED_BLUE_PWM_ISR.c **** *
  49:Generated_Source\PSoC4/LED_BLUE_PWM_ISR.c **** * Parameters:  
  50:Generated_Source\PSoC4/LED_BLUE_PWM_ISR.c **** *   None
  51:Generated_Source\PSoC4/LED_BLUE_PWM_ISR.c **** *
  52:Generated_Source\PSoC4/LED_BLUE_PWM_ISR.c **** * Return:
  53:Generated_Source\PSoC4/LED_BLUE_PWM_ISR.c **** *   None
  54:Generated_Source\PSoC4/LED_BLUE_PWM_ISR.c **** *
  55:Generated_Source\PSoC4/LED_BLUE_PWM_ISR.c **** *******************************************************************************/
  56:Generated_Source\PSoC4/LED_BLUE_PWM_ISR.c **** void LED_BLUE_PWM_ISR_Start(void)
  57:Generated_Source\PSoC4/LED_BLUE_PWM_ISR.c **** {
  58:Generated_Source\PSoC4/LED_BLUE_PWM_ISR.c ****     /* For all we know the interrupt is active. */
  59:Generated_Source\PSoC4/LED_BLUE_PWM_ISR.c ****     LED_BLUE_PWM_ISR_Disable();
  60:Generated_Source\PSoC4/LED_BLUE_PWM_ISR.c **** 
  61:Generated_Source\PSoC4/LED_BLUE_PWM_ISR.c ****     /* Set the ISR to point to the LED_BLUE_PWM_ISR Interrupt. */
  62:Generated_Source\PSoC4/LED_BLUE_PWM_ISR.c ****     LED_BLUE_PWM_ISR_SetVector(&LED_BLUE_PWM_ISR_Interrupt);
  63:Generated_Source\PSoC4/LED_BLUE_PWM_ISR.c **** 
  64:Generated_Source\PSoC4/LED_BLUE_PWM_ISR.c ****     /* Set the priority. */
  65:Generated_Source\PSoC4/LED_BLUE_PWM_ISR.c ****     LED_BLUE_PWM_ISR_SetPriority((uint8)LED_BLUE_PWM_ISR_INTC_PRIOR_NUMBER);
  66:Generated_Source\PSoC4/LED_BLUE_PWM_ISR.c **** 
  67:Generated_Source\PSoC4/LED_BLUE_PWM_ISR.c ****     /* Enable it. */
  68:Generated_Source\PSoC4/LED_BLUE_PWM_ISR.c ****     LED_BLUE_PWM_ISR_Enable();
  69:Generated_Source\PSoC4/LED_BLUE_PWM_ISR.c **** }
  70:Generated_Source\PSoC4/LED_BLUE_PWM_ISR.c **** 
  71:Generated_Source\PSoC4/LED_BLUE_PWM_ISR.c **** 
  72:Generated_Source\PSoC4/LED_BLUE_PWM_ISR.c **** /*******************************************************************************
  73:Generated_Source\PSoC4/LED_BLUE_PWM_ISR.c **** * Function Name: LED_BLUE_PWM_ISR_StartEx
  74:Generated_Source\PSoC4/LED_BLUE_PWM_ISR.c **** ********************************************************************************
  75:Generated_Source\PSoC4/LED_BLUE_PWM_ISR.c **** *
  76:Generated_Source\PSoC4/LED_BLUE_PWM_ISR.c **** * Summary:
  77:Generated_Source\PSoC4/LED_BLUE_PWM_ISR.c **** *  Sets up the interrupt and enables it. This function disables the interrupt,
  78:Generated_Source\PSoC4/LED_BLUE_PWM_ISR.c **** *  sets the interrupt vector based on the address passed in, sets the priority 
  79:Generated_Source\PSoC4/LED_BLUE_PWM_ISR.c **** *  from the value in the Design Wide Resources Interrupt Editor, then enables 
  80:Generated_Source\PSoC4/LED_BLUE_PWM_ISR.c **** *  the interrupt to the interrupt controller.
  81:Generated_Source\PSoC4/LED_BLUE_PWM_ISR.c **** *  
  82:Generated_Source\PSoC4/LED_BLUE_PWM_ISR.c **** *  When defining ISR functions, the CY_ISR and CY_ISR_PROTO macros should be 
  83:Generated_Source\PSoC4/LED_BLUE_PWM_ISR.c **** *  used to provide consistent definition across compilers:
  84:Generated_Source\PSoC4/LED_BLUE_PWM_ISR.c **** *  
  85:Generated_Source\PSoC4/LED_BLUE_PWM_ISR.c **** *  Function definition example:
  86:Generated_Source\PSoC4/LED_BLUE_PWM_ISR.c **** *   CY_ISR(MyISR)
  87:Generated_Source\PSoC4/LED_BLUE_PWM_ISR.c **** *   {
ARM GAS  C:\Users\TERENC~1\AppData\Local\Temp\ccFdALSG.s 			page 3


  88:Generated_Source\PSoC4/LED_BLUE_PWM_ISR.c **** *   }
  89:Generated_Source\PSoC4/LED_BLUE_PWM_ISR.c **** *   Function prototype example:
  90:Generated_Source\PSoC4/LED_BLUE_PWM_ISR.c **** *   CY_ISR_PROTO(MyISR);
  91:Generated_Source\PSoC4/LED_BLUE_PWM_ISR.c **** *
  92:Generated_Source\PSoC4/LED_BLUE_PWM_ISR.c **** * Parameters:  
  93:Generated_Source\PSoC4/LED_BLUE_PWM_ISR.c **** *   address: Address of the ISR to set in the interrupt vector table.
  94:Generated_Source\PSoC4/LED_BLUE_PWM_ISR.c **** *
  95:Generated_Source\PSoC4/LED_BLUE_PWM_ISR.c **** * Return:
  96:Generated_Source\PSoC4/LED_BLUE_PWM_ISR.c **** *   None
  97:Generated_Source\PSoC4/LED_BLUE_PWM_ISR.c **** *
  98:Generated_Source\PSoC4/LED_BLUE_PWM_ISR.c **** *******************************************************************************/
  99:Generated_Source\PSoC4/LED_BLUE_PWM_ISR.c **** void LED_BLUE_PWM_ISR_StartEx(cyisraddress address)
 100:Generated_Source\PSoC4/LED_BLUE_PWM_ISR.c **** {
 101:Generated_Source\PSoC4/LED_BLUE_PWM_ISR.c ****     /* For all we know the interrupt is active. */
 102:Generated_Source\PSoC4/LED_BLUE_PWM_ISR.c ****     LED_BLUE_PWM_ISR_Disable();
 103:Generated_Source\PSoC4/LED_BLUE_PWM_ISR.c **** 
 104:Generated_Source\PSoC4/LED_BLUE_PWM_ISR.c ****     /* Set the ISR to point to the LED_BLUE_PWM_ISR Interrupt. */
 105:Generated_Source\PSoC4/LED_BLUE_PWM_ISR.c ****     LED_BLUE_PWM_ISR_SetVector(address);
 106:Generated_Source\PSoC4/LED_BLUE_PWM_ISR.c **** 
 107:Generated_Source\PSoC4/LED_BLUE_PWM_ISR.c ****     /* Set the priority. */
 108:Generated_Source\PSoC4/LED_BLUE_PWM_ISR.c ****     LED_BLUE_PWM_ISR_SetPriority((uint8)LED_BLUE_PWM_ISR_INTC_PRIOR_NUMBER);
 109:Generated_Source\PSoC4/LED_BLUE_PWM_ISR.c **** 
 110:Generated_Source\PSoC4/LED_BLUE_PWM_ISR.c ****     /* Enable it. */
 111:Generated_Source\PSoC4/LED_BLUE_PWM_ISR.c ****     LED_BLUE_PWM_ISR_Enable();
 112:Generated_Source\PSoC4/LED_BLUE_PWM_ISR.c **** }
 113:Generated_Source\PSoC4/LED_BLUE_PWM_ISR.c **** 
 114:Generated_Source\PSoC4/LED_BLUE_PWM_ISR.c **** 
 115:Generated_Source\PSoC4/LED_BLUE_PWM_ISR.c **** /*******************************************************************************
 116:Generated_Source\PSoC4/LED_BLUE_PWM_ISR.c **** * Function Name: LED_BLUE_PWM_ISR_Stop
 117:Generated_Source\PSoC4/LED_BLUE_PWM_ISR.c **** ********************************************************************************
 118:Generated_Source\PSoC4/LED_BLUE_PWM_ISR.c **** *
 119:Generated_Source\PSoC4/LED_BLUE_PWM_ISR.c **** * Summary:
 120:Generated_Source\PSoC4/LED_BLUE_PWM_ISR.c **** *   Disables and removes the interrupt.
 121:Generated_Source\PSoC4/LED_BLUE_PWM_ISR.c **** *
 122:Generated_Source\PSoC4/LED_BLUE_PWM_ISR.c **** * Parameters:  
 123:Generated_Source\PSoC4/LED_BLUE_PWM_ISR.c **** *   None
 124:Generated_Source\PSoC4/LED_BLUE_PWM_ISR.c **** *
 125:Generated_Source\PSoC4/LED_BLUE_PWM_ISR.c **** * Return:
 126:Generated_Source\PSoC4/LED_BLUE_PWM_ISR.c **** *   None
 127:Generated_Source\PSoC4/LED_BLUE_PWM_ISR.c **** *
 128:Generated_Source\PSoC4/LED_BLUE_PWM_ISR.c **** *******************************************************************************/
 129:Generated_Source\PSoC4/LED_BLUE_PWM_ISR.c **** void LED_BLUE_PWM_ISR_Stop(void)
 130:Generated_Source\PSoC4/LED_BLUE_PWM_ISR.c **** {
 131:Generated_Source\PSoC4/LED_BLUE_PWM_ISR.c ****     /* Disable this interrupt. */
 132:Generated_Source\PSoC4/LED_BLUE_PWM_ISR.c ****     LED_BLUE_PWM_ISR_Disable();
 133:Generated_Source\PSoC4/LED_BLUE_PWM_ISR.c **** 
 134:Generated_Source\PSoC4/LED_BLUE_PWM_ISR.c ****     /* Set the ISR to point to the passive one. */
 135:Generated_Source\PSoC4/LED_BLUE_PWM_ISR.c ****     LED_BLUE_PWM_ISR_SetVector(&IntDefaultHandler);
 136:Generated_Source\PSoC4/LED_BLUE_PWM_ISR.c **** }
 137:Generated_Source\PSoC4/LED_BLUE_PWM_ISR.c **** 
 138:Generated_Source\PSoC4/LED_BLUE_PWM_ISR.c **** 
 139:Generated_Source\PSoC4/LED_BLUE_PWM_ISR.c **** /*******************************************************************************
 140:Generated_Source\PSoC4/LED_BLUE_PWM_ISR.c **** * Function Name: LED_BLUE_PWM_ISR_Interrupt
 141:Generated_Source\PSoC4/LED_BLUE_PWM_ISR.c **** ********************************************************************************
 142:Generated_Source\PSoC4/LED_BLUE_PWM_ISR.c **** *
 143:Generated_Source\PSoC4/LED_BLUE_PWM_ISR.c **** * Summary:
 144:Generated_Source\PSoC4/LED_BLUE_PWM_ISR.c **** *   The default Interrupt Service Routine for LED_BLUE_PWM_ISR.
ARM GAS  C:\Users\TERENC~1\AppData\Local\Temp\ccFdALSG.s 			page 4


 145:Generated_Source\PSoC4/LED_BLUE_PWM_ISR.c **** *
 146:Generated_Source\PSoC4/LED_BLUE_PWM_ISR.c **** *   Add custom code between the START and END comments to keep the next version
 147:Generated_Source\PSoC4/LED_BLUE_PWM_ISR.c **** *   of this file from over-writing your code.
 148:Generated_Source\PSoC4/LED_BLUE_PWM_ISR.c **** *
 149:Generated_Source\PSoC4/LED_BLUE_PWM_ISR.c **** *   Note You may use either the default ISR by using this API, or you may define
 150:Generated_Source\PSoC4/LED_BLUE_PWM_ISR.c **** *   your own separate ISR through ISR_StartEx().
 151:Generated_Source\PSoC4/LED_BLUE_PWM_ISR.c **** *
 152:Generated_Source\PSoC4/LED_BLUE_PWM_ISR.c **** * Parameters:  
 153:Generated_Source\PSoC4/LED_BLUE_PWM_ISR.c **** *   None
 154:Generated_Source\PSoC4/LED_BLUE_PWM_ISR.c **** *
 155:Generated_Source\PSoC4/LED_BLUE_PWM_ISR.c **** * Return:
 156:Generated_Source\PSoC4/LED_BLUE_PWM_ISR.c **** *   None
 157:Generated_Source\PSoC4/LED_BLUE_PWM_ISR.c **** *
 158:Generated_Source\PSoC4/LED_BLUE_PWM_ISR.c **** *******************************************************************************/
 159:Generated_Source\PSoC4/LED_BLUE_PWM_ISR.c **** CY_ISR(LED_BLUE_PWM_ISR_Interrupt)
 160:Generated_Source\PSoC4/LED_BLUE_PWM_ISR.c **** {
 161:Generated_Source\PSoC4/LED_BLUE_PWM_ISR.c ****     #ifdef LED_BLUE_PWM_ISR_INTERRUPT_INTERRUPT_CALLBACK
 162:Generated_Source\PSoC4/LED_BLUE_PWM_ISR.c ****         LED_BLUE_PWM_ISR_Interrupt_InterruptCallback();
 163:Generated_Source\PSoC4/LED_BLUE_PWM_ISR.c ****     #endif /* LED_BLUE_PWM_ISR_INTERRUPT_INTERRUPT_CALLBACK */ 
 164:Generated_Source\PSoC4/LED_BLUE_PWM_ISR.c **** 
 165:Generated_Source\PSoC4/LED_BLUE_PWM_ISR.c ****     /*  Place your Interrupt code here. */
 166:Generated_Source\PSoC4/LED_BLUE_PWM_ISR.c ****     /* `#START LED_BLUE_PWM_ISR_Interrupt` */
 167:Generated_Source\PSoC4/LED_BLUE_PWM_ISR.c ****     #include <LedManager.h>
 168:Generated_Source\PSoC4/LED_BLUE_PWM_ISR.c **** 
 169:Generated_Source\PSoC4/LED_BLUE_PWM_ISR.c ****     LedManagerInterruptHandler(LM_LED_BLUE);
 170:Generated_Source\PSoC4/LED_BLUE_PWM_ISR.c **** 
 171:Generated_Source\PSoC4/LED_BLUE_PWM_ISR.c ****     LED_BLUE_PWM_ISR_ClearPending();
 172:Generated_Source\PSoC4/LED_BLUE_PWM_ISR.c ****     /* `#END` */
 173:Generated_Source\PSoC4/LED_BLUE_PWM_ISR.c **** }
 174:Generated_Source\PSoC4/LED_BLUE_PWM_ISR.c **** 
 175:Generated_Source\PSoC4/LED_BLUE_PWM_ISR.c **** 
 176:Generated_Source\PSoC4/LED_BLUE_PWM_ISR.c **** /*******************************************************************************
 177:Generated_Source\PSoC4/LED_BLUE_PWM_ISR.c **** * Function Name: LED_BLUE_PWM_ISR_SetVector
 178:Generated_Source\PSoC4/LED_BLUE_PWM_ISR.c **** ********************************************************************************
 179:Generated_Source\PSoC4/LED_BLUE_PWM_ISR.c **** *
 180:Generated_Source\PSoC4/LED_BLUE_PWM_ISR.c **** * Summary:
 181:Generated_Source\PSoC4/LED_BLUE_PWM_ISR.c **** *   Change the ISR vector for the Interrupt. Note calling LED_BLUE_PWM_ISR_Start
 182:Generated_Source\PSoC4/LED_BLUE_PWM_ISR.c **** *   will override any effect this method would have had. To set the vector 
 183:Generated_Source\PSoC4/LED_BLUE_PWM_ISR.c **** *   before the component has been started use LED_BLUE_PWM_ISR_StartEx instead.
 184:Generated_Source\PSoC4/LED_BLUE_PWM_ISR.c **** * 
 185:Generated_Source\PSoC4/LED_BLUE_PWM_ISR.c **** *   When defining ISR functions, the CY_ISR and CY_ISR_PROTO macros should be 
 186:Generated_Source\PSoC4/LED_BLUE_PWM_ISR.c **** *   used to provide consistent definition across compilers:
 187:Generated_Source\PSoC4/LED_BLUE_PWM_ISR.c **** *
 188:Generated_Source\PSoC4/LED_BLUE_PWM_ISR.c **** *   Function definition example:
 189:Generated_Source\PSoC4/LED_BLUE_PWM_ISR.c **** *   CY_ISR(MyISR)
 190:Generated_Source\PSoC4/LED_BLUE_PWM_ISR.c **** *   {
 191:Generated_Source\PSoC4/LED_BLUE_PWM_ISR.c **** *   }
 192:Generated_Source\PSoC4/LED_BLUE_PWM_ISR.c **** *
 193:Generated_Source\PSoC4/LED_BLUE_PWM_ISR.c **** *   Function prototype example:
 194:Generated_Source\PSoC4/LED_BLUE_PWM_ISR.c **** *     CY_ISR_PROTO(MyISR);
 195:Generated_Source\PSoC4/LED_BLUE_PWM_ISR.c **** *
 196:Generated_Source\PSoC4/LED_BLUE_PWM_ISR.c **** * Parameters:
 197:Generated_Source\PSoC4/LED_BLUE_PWM_ISR.c **** *   address: Address of the ISR to set in the interrupt vector table.
 198:Generated_Source\PSoC4/LED_BLUE_PWM_ISR.c **** *
 199:Generated_Source\PSoC4/LED_BLUE_PWM_ISR.c **** * Return:
 200:Generated_Source\PSoC4/LED_BLUE_PWM_ISR.c **** *   None
 201:Generated_Source\PSoC4/LED_BLUE_PWM_ISR.c **** *
ARM GAS  C:\Users\TERENC~1\AppData\Local\Temp\ccFdALSG.s 			page 5


 202:Generated_Source\PSoC4/LED_BLUE_PWM_ISR.c **** *******************************************************************************/
 203:Generated_Source\PSoC4/LED_BLUE_PWM_ISR.c **** void LED_BLUE_PWM_ISR_SetVector(cyisraddress address)
 204:Generated_Source\PSoC4/LED_BLUE_PWM_ISR.c **** {
  28              		.loc 1 204 0
  29              		.cfi_startproc
  30              		@ args = 0, pretend = 0, frame = 0
  31              		@ frame_needed = 0, uses_anonymous_args = 0
  32              		@ link register save eliminated.
  33              	.LVL0:
 205:Generated_Source\PSoC4/LED_BLUE_PWM_ISR.c ****     CyRamVectors[CYINT_IRQ_BASE + LED_BLUE_PWM_ISR__INTC_NUMBER] = address;
  34              		.loc 1 205 0
  35 0000 A823     		movs	r3, #168
  36 0002 014A     		ldr	r2, .L2
  37 0004 D050     		str	r0, [r2, r3]
 206:Generated_Source\PSoC4/LED_BLUE_PWM_ISR.c **** }
  38              		.loc 1 206 0
  39              		@ sp needed
  40 0006 7047     		bx	lr
  41              	.L3:
  42              		.align	2
  43              	.L2:
  44 0008 00000000 		.word	CyRamVectors
  45              		.cfi_endproc
  46              	.LFE5:
  47              		.size	LED_BLUE_PWM_ISR_SetVector, .-LED_BLUE_PWM_ISR_SetVector
  48              		.section	.text.LED_BLUE_PWM_ISR_GetVector,"ax",%progbits
  49              		.align	2
  50              		.global	LED_BLUE_PWM_ISR_GetVector
  51              		.code	16
  52              		.thumb_func
  53              		.type	LED_BLUE_PWM_ISR_GetVector, %function
  54              	LED_BLUE_PWM_ISR_GetVector:
  55              	.LFB6:
 207:Generated_Source\PSoC4/LED_BLUE_PWM_ISR.c **** 
 208:Generated_Source\PSoC4/LED_BLUE_PWM_ISR.c **** 
 209:Generated_Source\PSoC4/LED_BLUE_PWM_ISR.c **** /*******************************************************************************
 210:Generated_Source\PSoC4/LED_BLUE_PWM_ISR.c **** * Function Name: LED_BLUE_PWM_ISR_GetVector
 211:Generated_Source\PSoC4/LED_BLUE_PWM_ISR.c **** ********************************************************************************
 212:Generated_Source\PSoC4/LED_BLUE_PWM_ISR.c **** *
 213:Generated_Source\PSoC4/LED_BLUE_PWM_ISR.c **** * Summary:
 214:Generated_Source\PSoC4/LED_BLUE_PWM_ISR.c **** *   Gets the "address" of the current ISR vector for the Interrupt.
 215:Generated_Source\PSoC4/LED_BLUE_PWM_ISR.c **** *
 216:Generated_Source\PSoC4/LED_BLUE_PWM_ISR.c **** * Parameters:
 217:Generated_Source\PSoC4/LED_BLUE_PWM_ISR.c **** *   None
 218:Generated_Source\PSoC4/LED_BLUE_PWM_ISR.c **** *
 219:Generated_Source\PSoC4/LED_BLUE_PWM_ISR.c **** * Return:
 220:Generated_Source\PSoC4/LED_BLUE_PWM_ISR.c **** *   Address of the ISR in the interrupt vector table.
 221:Generated_Source\PSoC4/LED_BLUE_PWM_ISR.c **** *
 222:Generated_Source\PSoC4/LED_BLUE_PWM_ISR.c **** *******************************************************************************/
 223:Generated_Source\PSoC4/LED_BLUE_PWM_ISR.c **** cyisraddress LED_BLUE_PWM_ISR_GetVector(void)
 224:Generated_Source\PSoC4/LED_BLUE_PWM_ISR.c **** {
  56              		.loc 1 224 0
  57              		.cfi_startproc
  58              		@ args = 0, pretend = 0, frame = 0
  59              		@ frame_needed = 0, uses_anonymous_args = 0
  60              		@ link register save eliminated.
 225:Generated_Source\PSoC4/LED_BLUE_PWM_ISR.c ****     return CyRamVectors[CYINT_IRQ_BASE + LED_BLUE_PWM_ISR__INTC_NUMBER];
ARM GAS  C:\Users\TERENC~1\AppData\Local\Temp\ccFdALSG.s 			page 6


  61              		.loc 1 225 0
  62 0000 A823     		movs	r3, #168
  63 0002 014A     		ldr	r2, .L5
  64 0004 D058     		ldr	r0, [r2, r3]
 226:Generated_Source\PSoC4/LED_BLUE_PWM_ISR.c **** }
  65              		.loc 1 226 0
  66              		@ sp needed
  67 0006 7047     		bx	lr
  68              	.L6:
  69              		.align	2
  70              	.L5:
  71 0008 00000000 		.word	CyRamVectors
  72              		.cfi_endproc
  73              	.LFE6:
  74              		.size	LED_BLUE_PWM_ISR_GetVector, .-LED_BLUE_PWM_ISR_GetVector
  75              		.section	.text.LED_BLUE_PWM_ISR_SetPriority,"ax",%progbits
  76              		.align	2
  77              		.global	LED_BLUE_PWM_ISR_SetPriority
  78              		.code	16
  79              		.thumb_func
  80              		.type	LED_BLUE_PWM_ISR_SetPriority, %function
  81              	LED_BLUE_PWM_ISR_SetPriority:
  82              	.LFB7:
 227:Generated_Source\PSoC4/LED_BLUE_PWM_ISR.c **** 
 228:Generated_Source\PSoC4/LED_BLUE_PWM_ISR.c **** 
 229:Generated_Source\PSoC4/LED_BLUE_PWM_ISR.c **** /*******************************************************************************
 230:Generated_Source\PSoC4/LED_BLUE_PWM_ISR.c **** * Function Name: LED_BLUE_PWM_ISR_SetPriority
 231:Generated_Source\PSoC4/LED_BLUE_PWM_ISR.c **** ********************************************************************************
 232:Generated_Source\PSoC4/LED_BLUE_PWM_ISR.c **** *
 233:Generated_Source\PSoC4/LED_BLUE_PWM_ISR.c **** * Summary:
 234:Generated_Source\PSoC4/LED_BLUE_PWM_ISR.c **** *   Sets the Priority of the Interrupt. 
 235:Generated_Source\PSoC4/LED_BLUE_PWM_ISR.c **** *
 236:Generated_Source\PSoC4/LED_BLUE_PWM_ISR.c **** *   Note calling LED_BLUE_PWM_ISR_Start or LED_BLUE_PWM_ISR_StartEx will 
 237:Generated_Source\PSoC4/LED_BLUE_PWM_ISR.c **** *   override any effect this API would have had. This API should only be called
 238:Generated_Source\PSoC4/LED_BLUE_PWM_ISR.c **** *   after LED_BLUE_PWM_ISR_Start or LED_BLUE_PWM_ISR_StartEx has been called. 
 239:Generated_Source\PSoC4/LED_BLUE_PWM_ISR.c **** *   To set the initial priority for the component, use the Design-Wide Resources
 240:Generated_Source\PSoC4/LED_BLUE_PWM_ISR.c **** *   Interrupt Editor.
 241:Generated_Source\PSoC4/LED_BLUE_PWM_ISR.c **** *
 242:Generated_Source\PSoC4/LED_BLUE_PWM_ISR.c **** *   Note This API has no effect on Non-maskable interrupt NMI).
 243:Generated_Source\PSoC4/LED_BLUE_PWM_ISR.c **** *
 244:Generated_Source\PSoC4/LED_BLUE_PWM_ISR.c **** * Parameters:
 245:Generated_Source\PSoC4/LED_BLUE_PWM_ISR.c **** *   priority: Priority of the interrupt, 0 being the highest priority
 246:Generated_Source\PSoC4/LED_BLUE_PWM_ISR.c **** *             PSoC 3 and PSoC 5LP: Priority is from 0 to 7.
 247:Generated_Source\PSoC4/LED_BLUE_PWM_ISR.c **** *             PSoC 4: Priority is from 0 to 3.
 248:Generated_Source\PSoC4/LED_BLUE_PWM_ISR.c **** *
 249:Generated_Source\PSoC4/LED_BLUE_PWM_ISR.c **** * Return:
 250:Generated_Source\PSoC4/LED_BLUE_PWM_ISR.c **** *   None
 251:Generated_Source\PSoC4/LED_BLUE_PWM_ISR.c **** *
 252:Generated_Source\PSoC4/LED_BLUE_PWM_ISR.c **** *******************************************************************************/
 253:Generated_Source\PSoC4/LED_BLUE_PWM_ISR.c **** void LED_BLUE_PWM_ISR_SetPriority(uint8 priority)
 254:Generated_Source\PSoC4/LED_BLUE_PWM_ISR.c **** {
  83              		.loc 1 254 0
  84              		.cfi_startproc
  85              		@ args = 0, pretend = 0, frame = 0
  86              		@ frame_needed = 0, uses_anonymous_args = 0
  87              	.LVL1:
  88 0000 10B5     		push	{r4, lr}
ARM GAS  C:\Users\TERENC~1\AppData\Local\Temp\ccFdALSG.s 			page 7


  89              		.cfi_def_cfa_offset 8
  90              		.cfi_offset 4, -8
  91              		.cfi_offset 14, -4
  92 0002 0400     		movs	r4, r0
  93              	.LVL2:
 255:Generated_Source\PSoC4/LED_BLUE_PWM_ISR.c **** 	uint8 interruptState;
 256:Generated_Source\PSoC4/LED_BLUE_PWM_ISR.c ****     uint32 priorityOffset = ((LED_BLUE_PWM_ISR__INTC_NUMBER % 4u) * 8u) + 6u;
 257:Generated_Source\PSoC4/LED_BLUE_PWM_ISR.c ****     
 258:Generated_Source\PSoC4/LED_BLUE_PWM_ISR.c **** 	interruptState = CyEnterCriticalSection();
  94              		.loc 1 258 0
  95 0004 FFF7FEFF 		bl	CyEnterCriticalSection
  96              	.LVL3:
 259:Generated_Source\PSoC4/LED_BLUE_PWM_ISR.c ****     *LED_BLUE_PWM_ISR_INTC_PRIOR = (*LED_BLUE_PWM_ISR_INTC_PRIOR & (uint32)(~LED_BLUE_PWM_ISR__INTC
  97              		.loc 1 259 0
  98 0008 044A     		ldr	r2, .L8
  99 000a 1168     		ldr	r1, [r2]
 100 000c 044B     		ldr	r3, .L8+4
 101 000e 0B40     		ands	r3, r1
 260:Generated_Source\PSoC4/LED_BLUE_PWM_ISR.c ****                                     ((uint32)priority << priorityOffset);
 102              		.loc 1 260 0
 103 0010 A405     		lsls	r4, r4, #22
 259:Generated_Source\PSoC4/LED_BLUE_PWM_ISR.c ****     *LED_BLUE_PWM_ISR_INTC_PRIOR = (*LED_BLUE_PWM_ISR_INTC_PRIOR & (uint32)(~LED_BLUE_PWM_ISR__INTC
 104              		.loc 1 259 0
 105 0012 1C43     		orrs	r4, r3
 106 0014 1460     		str	r4, [r2]
 261:Generated_Source\PSoC4/LED_BLUE_PWM_ISR.c **** 	CyExitCriticalSection(interruptState);
 107              		.loc 1 261 0
 108 0016 FFF7FEFF 		bl	CyExitCriticalSection
 109              	.LVL4:
 262:Generated_Source\PSoC4/LED_BLUE_PWM_ISR.c **** }
 110              		.loc 1 262 0
 111              		@ sp needed
 112 001a 10BD     		pop	{r4, pc}
 113              	.L9:
 114              		.align	2
 115              	.L8:
 116 001c 18E400E0 		.word	-536812520
 117 0020 FFFF3FFF 		.word	-12582913
 118              		.cfi_endproc
 119              	.LFE7:
 120              		.size	LED_BLUE_PWM_ISR_SetPriority, .-LED_BLUE_PWM_ISR_SetPriority
 121              		.section	.text.LED_BLUE_PWM_ISR_GetPriority,"ax",%progbits
 122              		.align	2
 123              		.global	LED_BLUE_PWM_ISR_GetPriority
 124              		.code	16
 125              		.thumb_func
 126              		.type	LED_BLUE_PWM_ISR_GetPriority, %function
 127              	LED_BLUE_PWM_ISR_GetPriority:
 128              	.LFB8:
 263:Generated_Source\PSoC4/LED_BLUE_PWM_ISR.c **** 
 264:Generated_Source\PSoC4/LED_BLUE_PWM_ISR.c **** 
 265:Generated_Source\PSoC4/LED_BLUE_PWM_ISR.c **** /*******************************************************************************
 266:Generated_Source\PSoC4/LED_BLUE_PWM_ISR.c **** * Function Name: LED_BLUE_PWM_ISR_GetPriority
 267:Generated_Source\PSoC4/LED_BLUE_PWM_ISR.c **** ********************************************************************************
 268:Generated_Source\PSoC4/LED_BLUE_PWM_ISR.c **** *
 269:Generated_Source\PSoC4/LED_BLUE_PWM_ISR.c **** * Summary:
 270:Generated_Source\PSoC4/LED_BLUE_PWM_ISR.c **** *   Gets the Priority of the Interrupt.
ARM GAS  C:\Users\TERENC~1\AppData\Local\Temp\ccFdALSG.s 			page 8


 271:Generated_Source\PSoC4/LED_BLUE_PWM_ISR.c **** *
 272:Generated_Source\PSoC4/LED_BLUE_PWM_ISR.c **** * Parameters:
 273:Generated_Source\PSoC4/LED_BLUE_PWM_ISR.c **** *   None
 274:Generated_Source\PSoC4/LED_BLUE_PWM_ISR.c **** *
 275:Generated_Source\PSoC4/LED_BLUE_PWM_ISR.c **** * Return:
 276:Generated_Source\PSoC4/LED_BLUE_PWM_ISR.c **** *   Priority of the interrupt, 0 being the highest priority
 277:Generated_Source\PSoC4/LED_BLUE_PWM_ISR.c **** *    PSoC 3 and PSoC 5LP: Priority is from 0 to 7.
 278:Generated_Source\PSoC4/LED_BLUE_PWM_ISR.c **** *    PSoC 4: Priority is from 0 to 3.
 279:Generated_Source\PSoC4/LED_BLUE_PWM_ISR.c **** *
 280:Generated_Source\PSoC4/LED_BLUE_PWM_ISR.c **** *******************************************************************************/
 281:Generated_Source\PSoC4/LED_BLUE_PWM_ISR.c **** uint8 LED_BLUE_PWM_ISR_GetPriority(void)
 282:Generated_Source\PSoC4/LED_BLUE_PWM_ISR.c **** {
 129              		.loc 1 282 0
 130              		.cfi_startproc
 131              		@ args = 0, pretend = 0, frame = 0
 132              		@ frame_needed = 0, uses_anonymous_args = 0
 133              		@ link register save eliminated.
 134              	.LVL5:
 283:Generated_Source\PSoC4/LED_BLUE_PWM_ISR.c ****     uint32 priority;
 284:Generated_Source\PSoC4/LED_BLUE_PWM_ISR.c **** 	uint32 priorityOffset = ((LED_BLUE_PWM_ISR__INTC_NUMBER % 4u) * 8u) + 6u;
 285:Generated_Source\PSoC4/LED_BLUE_PWM_ISR.c **** 
 286:Generated_Source\PSoC4/LED_BLUE_PWM_ISR.c ****     priority = (*LED_BLUE_PWM_ISR_INTC_PRIOR & LED_BLUE_PWM_ISR__INTC_PRIOR_MASK) >> priorityOffset
 135              		.loc 1 286 0
 136 0000 024B     		ldr	r3, .L11
 137 0002 1868     		ldr	r0, [r3]
 138 0004 800D     		lsrs	r0, r0, #22
 139              	.LVL6:
 287:Generated_Source\PSoC4/LED_BLUE_PWM_ISR.c **** 
 288:Generated_Source\PSoC4/LED_BLUE_PWM_ISR.c ****     return (uint8)priority;
 140              		.loc 1 288 0
 141 0006 0323     		movs	r3, #3
 142 0008 1840     		ands	r0, r3
 143              	.LVL7:
 289:Generated_Source\PSoC4/LED_BLUE_PWM_ISR.c **** }
 144              		.loc 1 289 0
 145              		@ sp needed
 146 000a 7047     		bx	lr
 147              	.L12:
 148              		.align	2
 149              	.L11:
 150 000c 18E400E0 		.word	-536812520
 151              		.cfi_endproc
 152              	.LFE8:
 153              		.size	LED_BLUE_PWM_ISR_GetPriority, .-LED_BLUE_PWM_ISR_GetPriority
 154              		.section	.text.LED_BLUE_PWM_ISR_Enable,"ax",%progbits
 155              		.align	2
 156              		.global	LED_BLUE_PWM_ISR_Enable
 157              		.code	16
 158              		.thumb_func
 159              		.type	LED_BLUE_PWM_ISR_Enable, %function
 160              	LED_BLUE_PWM_ISR_Enable:
 161              	.LFB9:
 290:Generated_Source\PSoC4/LED_BLUE_PWM_ISR.c **** 
 291:Generated_Source\PSoC4/LED_BLUE_PWM_ISR.c **** 
 292:Generated_Source\PSoC4/LED_BLUE_PWM_ISR.c **** /*******************************************************************************
 293:Generated_Source\PSoC4/LED_BLUE_PWM_ISR.c **** * Function Name: LED_BLUE_PWM_ISR_Enable
 294:Generated_Source\PSoC4/LED_BLUE_PWM_ISR.c **** ********************************************************************************
ARM GAS  C:\Users\TERENC~1\AppData\Local\Temp\ccFdALSG.s 			page 9


 295:Generated_Source\PSoC4/LED_BLUE_PWM_ISR.c **** *
 296:Generated_Source\PSoC4/LED_BLUE_PWM_ISR.c **** * Summary:
 297:Generated_Source\PSoC4/LED_BLUE_PWM_ISR.c **** *   Enables the interrupt to the interrupt controller. Do not call this function
 298:Generated_Source\PSoC4/LED_BLUE_PWM_ISR.c **** *   unless ISR_Start() has been called or the functionality of the ISR_Start() 
 299:Generated_Source\PSoC4/LED_BLUE_PWM_ISR.c **** *   function, which sets the vector and the priority, has been called.
 300:Generated_Source\PSoC4/LED_BLUE_PWM_ISR.c **** *
 301:Generated_Source\PSoC4/LED_BLUE_PWM_ISR.c **** * Parameters:
 302:Generated_Source\PSoC4/LED_BLUE_PWM_ISR.c **** *   None
 303:Generated_Source\PSoC4/LED_BLUE_PWM_ISR.c **** *
 304:Generated_Source\PSoC4/LED_BLUE_PWM_ISR.c **** * Return:
 305:Generated_Source\PSoC4/LED_BLUE_PWM_ISR.c **** *   None
 306:Generated_Source\PSoC4/LED_BLUE_PWM_ISR.c **** *
 307:Generated_Source\PSoC4/LED_BLUE_PWM_ISR.c **** *******************************************************************************/
 308:Generated_Source\PSoC4/LED_BLUE_PWM_ISR.c **** void LED_BLUE_PWM_ISR_Enable(void)
 309:Generated_Source\PSoC4/LED_BLUE_PWM_ISR.c **** {
 162              		.loc 1 309 0
 163              		.cfi_startproc
 164              		@ args = 0, pretend = 0, frame = 0
 165              		@ frame_needed = 0, uses_anonymous_args = 0
 166              		@ link register save eliminated.
 310:Generated_Source\PSoC4/LED_BLUE_PWM_ISR.c ****     /* Enable the general interrupt. */
 311:Generated_Source\PSoC4/LED_BLUE_PWM_ISR.c ****     *LED_BLUE_PWM_ISR_INTC_SET_EN = LED_BLUE_PWM_ISR__INTC_MASK;
 167              		.loc 1 311 0
 168 0000 8022     		movs	r2, #128
 169 0002 D204     		lsls	r2, r2, #19
 170 0004 014B     		ldr	r3, .L14
 171 0006 1A60     		str	r2, [r3]
 312:Generated_Source\PSoC4/LED_BLUE_PWM_ISR.c **** }
 172              		.loc 1 312 0
 173              		@ sp needed
 174 0008 7047     		bx	lr
 175              	.L15:
 176 000a C046     		.align	2
 177              	.L14:
 178 000c 00E100E0 		.word	-536813312
 179              		.cfi_endproc
 180              	.LFE9:
 181              		.size	LED_BLUE_PWM_ISR_Enable, .-LED_BLUE_PWM_ISR_Enable
 182              		.section	.text.LED_BLUE_PWM_ISR_GetState,"ax",%progbits
 183              		.align	2
 184              		.global	LED_BLUE_PWM_ISR_GetState
 185              		.code	16
 186              		.thumb_func
 187              		.type	LED_BLUE_PWM_ISR_GetState, %function
 188              	LED_BLUE_PWM_ISR_GetState:
 189              	.LFB10:
 313:Generated_Source\PSoC4/LED_BLUE_PWM_ISR.c **** 
 314:Generated_Source\PSoC4/LED_BLUE_PWM_ISR.c **** 
 315:Generated_Source\PSoC4/LED_BLUE_PWM_ISR.c **** /*******************************************************************************
 316:Generated_Source\PSoC4/LED_BLUE_PWM_ISR.c **** * Function Name: LED_BLUE_PWM_ISR_GetState
 317:Generated_Source\PSoC4/LED_BLUE_PWM_ISR.c **** ********************************************************************************
 318:Generated_Source\PSoC4/LED_BLUE_PWM_ISR.c **** *
 319:Generated_Source\PSoC4/LED_BLUE_PWM_ISR.c **** * Summary:
 320:Generated_Source\PSoC4/LED_BLUE_PWM_ISR.c **** *   Gets the state (enabled, disabled) of the Interrupt.
 321:Generated_Source\PSoC4/LED_BLUE_PWM_ISR.c **** *
 322:Generated_Source\PSoC4/LED_BLUE_PWM_ISR.c **** * Parameters:
 323:Generated_Source\PSoC4/LED_BLUE_PWM_ISR.c **** *   None
ARM GAS  C:\Users\TERENC~1\AppData\Local\Temp\ccFdALSG.s 			page 10


 324:Generated_Source\PSoC4/LED_BLUE_PWM_ISR.c **** *
 325:Generated_Source\PSoC4/LED_BLUE_PWM_ISR.c **** * Return:
 326:Generated_Source\PSoC4/LED_BLUE_PWM_ISR.c **** *   1 if enabled, 0 if disabled.
 327:Generated_Source\PSoC4/LED_BLUE_PWM_ISR.c **** *
 328:Generated_Source\PSoC4/LED_BLUE_PWM_ISR.c **** *******************************************************************************/
 329:Generated_Source\PSoC4/LED_BLUE_PWM_ISR.c **** uint8 LED_BLUE_PWM_ISR_GetState(void)
 330:Generated_Source\PSoC4/LED_BLUE_PWM_ISR.c **** {
 190              		.loc 1 330 0
 191              		.cfi_startproc
 192              		@ args = 0, pretend = 0, frame = 0
 193              		@ frame_needed = 0, uses_anonymous_args = 0
 194              		@ link register save eliminated.
 331:Generated_Source\PSoC4/LED_BLUE_PWM_ISR.c ****     /* Get the state of the general interrupt. */
 332:Generated_Source\PSoC4/LED_BLUE_PWM_ISR.c ****     return ((*LED_BLUE_PWM_ISR_INTC_SET_EN & (uint32)LED_BLUE_PWM_ISR__INTC_MASK) != 0u) ? 1u:0u;
 195              		.loc 1 332 0
 196 0000 034B     		ldr	r3, .L19
 197 0002 1B68     		ldr	r3, [r3]
 198 0004 5B01     		lsls	r3, r3, #5
 199 0006 01D5     		bpl	.L18
 200 0008 0120     		movs	r0, #1
 201 000a 00E0     		b	.L17
 202              	.L18:
 203 000c 0020     		movs	r0, #0
 204              	.L17:
 333:Generated_Source\PSoC4/LED_BLUE_PWM_ISR.c **** }
 205              		.loc 1 333 0 discriminator 4
 206              		@ sp needed
 207 000e 7047     		bx	lr
 208              	.L20:
 209              		.align	2
 210              	.L19:
 211 0010 00E100E0 		.word	-536813312
 212              		.cfi_endproc
 213              	.LFE10:
 214              		.size	LED_BLUE_PWM_ISR_GetState, .-LED_BLUE_PWM_ISR_GetState
 215              		.section	.text.LED_BLUE_PWM_ISR_Disable,"ax",%progbits
 216              		.align	2
 217              		.global	LED_BLUE_PWM_ISR_Disable
 218              		.code	16
 219              		.thumb_func
 220              		.type	LED_BLUE_PWM_ISR_Disable, %function
 221              	LED_BLUE_PWM_ISR_Disable:
 222              	.LFB11:
 334:Generated_Source\PSoC4/LED_BLUE_PWM_ISR.c **** 
 335:Generated_Source\PSoC4/LED_BLUE_PWM_ISR.c **** 
 336:Generated_Source\PSoC4/LED_BLUE_PWM_ISR.c **** /*******************************************************************************
 337:Generated_Source\PSoC4/LED_BLUE_PWM_ISR.c **** * Function Name: LED_BLUE_PWM_ISR_Disable
 338:Generated_Source\PSoC4/LED_BLUE_PWM_ISR.c **** ********************************************************************************
 339:Generated_Source\PSoC4/LED_BLUE_PWM_ISR.c **** *
 340:Generated_Source\PSoC4/LED_BLUE_PWM_ISR.c **** * Summary:
 341:Generated_Source\PSoC4/LED_BLUE_PWM_ISR.c **** *   Disables the Interrupt in the interrupt controller.
 342:Generated_Source\PSoC4/LED_BLUE_PWM_ISR.c **** *
 343:Generated_Source\PSoC4/LED_BLUE_PWM_ISR.c **** * Parameters:
 344:Generated_Source\PSoC4/LED_BLUE_PWM_ISR.c **** *   None
 345:Generated_Source\PSoC4/LED_BLUE_PWM_ISR.c **** *
 346:Generated_Source\PSoC4/LED_BLUE_PWM_ISR.c **** * Return:
 347:Generated_Source\PSoC4/LED_BLUE_PWM_ISR.c **** *   None
ARM GAS  C:\Users\TERENC~1\AppData\Local\Temp\ccFdALSG.s 			page 11


 348:Generated_Source\PSoC4/LED_BLUE_PWM_ISR.c **** *
 349:Generated_Source\PSoC4/LED_BLUE_PWM_ISR.c **** *******************************************************************************/
 350:Generated_Source\PSoC4/LED_BLUE_PWM_ISR.c **** void LED_BLUE_PWM_ISR_Disable(void)
 351:Generated_Source\PSoC4/LED_BLUE_PWM_ISR.c **** {
 223              		.loc 1 351 0
 224              		.cfi_startproc
 225              		@ args = 0, pretend = 0, frame = 0
 226              		@ frame_needed = 0, uses_anonymous_args = 0
 227              		@ link register save eliminated.
 352:Generated_Source\PSoC4/LED_BLUE_PWM_ISR.c ****     /* Disable the general interrupt. */
 353:Generated_Source\PSoC4/LED_BLUE_PWM_ISR.c ****     *LED_BLUE_PWM_ISR_INTC_CLR_EN = LED_BLUE_PWM_ISR__INTC_MASK;
 228              		.loc 1 353 0
 229 0000 8022     		movs	r2, #128
 230 0002 D204     		lsls	r2, r2, #19
 231 0004 014B     		ldr	r3, .L22
 232 0006 1A60     		str	r2, [r3]
 354:Generated_Source\PSoC4/LED_BLUE_PWM_ISR.c **** }
 233              		.loc 1 354 0
 234              		@ sp needed
 235 0008 7047     		bx	lr
 236              	.L23:
 237 000a C046     		.align	2
 238              	.L22:
 239 000c 80E100E0 		.word	-536813184
 240              		.cfi_endproc
 241              	.LFE11:
 242              		.size	LED_BLUE_PWM_ISR_Disable, .-LED_BLUE_PWM_ISR_Disable
 243              		.section	.text.LED_BLUE_PWM_ISR_Start,"ax",%progbits
 244              		.align	2
 245              		.global	LED_BLUE_PWM_ISR_Start
 246              		.code	16
 247              		.thumb_func
 248              		.type	LED_BLUE_PWM_ISR_Start, %function
 249              	LED_BLUE_PWM_ISR_Start:
 250              	.LFB1:
  57:Generated_Source\PSoC4/LED_BLUE_PWM_ISR.c ****     /* For all we know the interrupt is active. */
 251              		.loc 1 57 0
 252              		.cfi_startproc
 253              		@ args = 0, pretend = 0, frame = 0
 254              		@ frame_needed = 0, uses_anonymous_args = 0
 255 0000 10B5     		push	{r4, lr}
 256              		.cfi_def_cfa_offset 8
 257              		.cfi_offset 4, -8
 258              		.cfi_offset 14, -4
  59:Generated_Source\PSoC4/LED_BLUE_PWM_ISR.c **** 
 259              		.loc 1 59 0
 260 0002 FFF7FEFF 		bl	LED_BLUE_PWM_ISR_Disable
 261              	.LVL8:
  62:Generated_Source\PSoC4/LED_BLUE_PWM_ISR.c **** 
 262              		.loc 1 62 0
 263 0006 0448     		ldr	r0, .L25
 264 0008 FFF7FEFF 		bl	LED_BLUE_PWM_ISR_SetVector
 265              	.LVL9:
  65:Generated_Source\PSoC4/LED_BLUE_PWM_ISR.c **** 
 266              		.loc 1 65 0
 267 000c 0320     		movs	r0, #3
 268 000e FFF7FEFF 		bl	LED_BLUE_PWM_ISR_SetPriority
ARM GAS  C:\Users\TERENC~1\AppData\Local\Temp\ccFdALSG.s 			page 12


 269              	.LVL10:
  68:Generated_Source\PSoC4/LED_BLUE_PWM_ISR.c **** }
 270              		.loc 1 68 0
 271 0012 FFF7FEFF 		bl	LED_BLUE_PWM_ISR_Enable
 272              	.LVL11:
  69:Generated_Source\PSoC4/LED_BLUE_PWM_ISR.c **** 
 273              		.loc 1 69 0
 274              		@ sp needed
 275 0016 10BD     		pop	{r4, pc}
 276              	.L26:
 277              		.align	2
 278              	.L25:
 279 0018 00000000 		.word	LED_BLUE_PWM_ISR_Interrupt
 280              		.cfi_endproc
 281              	.LFE1:
 282              		.size	LED_BLUE_PWM_ISR_Start, .-LED_BLUE_PWM_ISR_Start
 283              		.section	.text.LED_BLUE_PWM_ISR_StartEx,"ax",%progbits
 284              		.align	2
 285              		.global	LED_BLUE_PWM_ISR_StartEx
 286              		.code	16
 287              		.thumb_func
 288              		.type	LED_BLUE_PWM_ISR_StartEx, %function
 289              	LED_BLUE_PWM_ISR_StartEx:
 290              	.LFB2:
 100:Generated_Source\PSoC4/LED_BLUE_PWM_ISR.c ****     /* For all we know the interrupt is active. */
 291              		.loc 1 100 0
 292              		.cfi_startproc
 293              		@ args = 0, pretend = 0, frame = 0
 294              		@ frame_needed = 0, uses_anonymous_args = 0
 295              	.LVL12:
 296 0000 10B5     		push	{r4, lr}
 297              		.cfi_def_cfa_offset 8
 298              		.cfi_offset 4, -8
 299              		.cfi_offset 14, -4
 300 0002 0400     		movs	r4, r0
 102:Generated_Source\PSoC4/LED_BLUE_PWM_ISR.c **** 
 301              		.loc 1 102 0
 302 0004 FFF7FEFF 		bl	LED_BLUE_PWM_ISR_Disable
 303              	.LVL13:
 105:Generated_Source\PSoC4/LED_BLUE_PWM_ISR.c **** 
 304              		.loc 1 105 0
 305 0008 2000     		movs	r0, r4
 306 000a FFF7FEFF 		bl	LED_BLUE_PWM_ISR_SetVector
 307              	.LVL14:
 108:Generated_Source\PSoC4/LED_BLUE_PWM_ISR.c **** 
 308              		.loc 1 108 0
 309 000e 0320     		movs	r0, #3
 310 0010 FFF7FEFF 		bl	LED_BLUE_PWM_ISR_SetPriority
 311              	.LVL15:
 111:Generated_Source\PSoC4/LED_BLUE_PWM_ISR.c **** }
 312              		.loc 1 111 0
 313 0014 FFF7FEFF 		bl	LED_BLUE_PWM_ISR_Enable
 314              	.LVL16:
 112:Generated_Source\PSoC4/LED_BLUE_PWM_ISR.c **** 
 315              		.loc 1 112 0
 316              		@ sp needed
 317              	.LVL17:
ARM GAS  C:\Users\TERENC~1\AppData\Local\Temp\ccFdALSG.s 			page 13


 318 0018 10BD     		pop	{r4, pc}
 319              		.cfi_endproc
 320              	.LFE2:
 321              		.size	LED_BLUE_PWM_ISR_StartEx, .-LED_BLUE_PWM_ISR_StartEx
 322 001a C046     		.section	.text.LED_BLUE_PWM_ISR_Stop,"ax",%progbits
 323              		.align	2
 324              		.global	LED_BLUE_PWM_ISR_Stop
 325              		.code	16
 326              		.thumb_func
 327              		.type	LED_BLUE_PWM_ISR_Stop, %function
 328              	LED_BLUE_PWM_ISR_Stop:
 329              	.LFB3:
 130:Generated_Source\PSoC4/LED_BLUE_PWM_ISR.c ****     /* Disable this interrupt. */
 330              		.loc 1 130 0
 331              		.cfi_startproc
 332              		@ args = 0, pretend = 0, frame = 0
 333              		@ frame_needed = 0, uses_anonymous_args = 0
 334 0000 10B5     		push	{r4, lr}
 335              		.cfi_def_cfa_offset 8
 336              		.cfi_offset 4, -8
 337              		.cfi_offset 14, -4
 132:Generated_Source\PSoC4/LED_BLUE_PWM_ISR.c **** 
 338              		.loc 1 132 0
 339 0002 FFF7FEFF 		bl	LED_BLUE_PWM_ISR_Disable
 340              	.LVL18:
 135:Generated_Source\PSoC4/LED_BLUE_PWM_ISR.c **** }
 341              		.loc 1 135 0
 342 0006 0248     		ldr	r0, .L29
 343 0008 FFF7FEFF 		bl	LED_BLUE_PWM_ISR_SetVector
 344              	.LVL19:
 136:Generated_Source\PSoC4/LED_BLUE_PWM_ISR.c **** 
 345              		.loc 1 136 0
 346              		@ sp needed
 347 000c 10BD     		pop	{r4, pc}
 348              	.L30:
 349 000e C046     		.align	2
 350              	.L29:
 351 0010 00000000 		.word	IntDefaultHandler
 352              		.cfi_endproc
 353              	.LFE3:
 354              		.size	LED_BLUE_PWM_ISR_Stop, .-LED_BLUE_PWM_ISR_Stop
 355              		.section	.text.LED_BLUE_PWM_ISR_SetPending,"ax",%progbits
 356              		.align	2
 357              		.global	LED_BLUE_PWM_ISR_SetPending
 358              		.code	16
 359              		.thumb_func
 360              		.type	LED_BLUE_PWM_ISR_SetPending, %function
 361              	LED_BLUE_PWM_ISR_SetPending:
 362              	.LFB12:
 355:Generated_Source\PSoC4/LED_BLUE_PWM_ISR.c **** 
 356:Generated_Source\PSoC4/LED_BLUE_PWM_ISR.c **** 
 357:Generated_Source\PSoC4/LED_BLUE_PWM_ISR.c **** /*******************************************************************************
 358:Generated_Source\PSoC4/LED_BLUE_PWM_ISR.c **** * Function Name: LED_BLUE_PWM_ISR_SetPending
 359:Generated_Source\PSoC4/LED_BLUE_PWM_ISR.c **** ********************************************************************************
 360:Generated_Source\PSoC4/LED_BLUE_PWM_ISR.c **** *
 361:Generated_Source\PSoC4/LED_BLUE_PWM_ISR.c **** * Summary:
 362:Generated_Source\PSoC4/LED_BLUE_PWM_ISR.c **** *   Causes the Interrupt to enter the pending state, a software method of
ARM GAS  C:\Users\TERENC~1\AppData\Local\Temp\ccFdALSG.s 			page 14


 363:Generated_Source\PSoC4/LED_BLUE_PWM_ISR.c **** *   generating the interrupt.
 364:Generated_Source\PSoC4/LED_BLUE_PWM_ISR.c **** *
 365:Generated_Source\PSoC4/LED_BLUE_PWM_ISR.c **** * Parameters:
 366:Generated_Source\PSoC4/LED_BLUE_PWM_ISR.c **** *   None
 367:Generated_Source\PSoC4/LED_BLUE_PWM_ISR.c **** *
 368:Generated_Source\PSoC4/LED_BLUE_PWM_ISR.c **** * Return:
 369:Generated_Source\PSoC4/LED_BLUE_PWM_ISR.c **** *   None
 370:Generated_Source\PSoC4/LED_BLUE_PWM_ISR.c **** *
 371:Generated_Source\PSoC4/LED_BLUE_PWM_ISR.c **** * Side Effects:
 372:Generated_Source\PSoC4/LED_BLUE_PWM_ISR.c **** *   If interrupts are enabled and the interrupt is set up properly, the ISR is
 373:Generated_Source\PSoC4/LED_BLUE_PWM_ISR.c **** *   entered (depending on the priority of this interrupt and other pending 
 374:Generated_Source\PSoC4/LED_BLUE_PWM_ISR.c **** *   interrupts).
 375:Generated_Source\PSoC4/LED_BLUE_PWM_ISR.c **** *
 376:Generated_Source\PSoC4/LED_BLUE_PWM_ISR.c **** *******************************************************************************/
 377:Generated_Source\PSoC4/LED_BLUE_PWM_ISR.c **** void LED_BLUE_PWM_ISR_SetPending(void)
 378:Generated_Source\PSoC4/LED_BLUE_PWM_ISR.c **** {
 363              		.loc 1 378 0
 364              		.cfi_startproc
 365              		@ args = 0, pretend = 0, frame = 0
 366              		@ frame_needed = 0, uses_anonymous_args = 0
 367              		@ link register save eliminated.
 379:Generated_Source\PSoC4/LED_BLUE_PWM_ISR.c ****     *LED_BLUE_PWM_ISR_INTC_SET_PD = LED_BLUE_PWM_ISR__INTC_MASK;
 368              		.loc 1 379 0
 369 0000 8022     		movs	r2, #128
 370 0002 D204     		lsls	r2, r2, #19
 371 0004 014B     		ldr	r3, .L32
 372 0006 1A60     		str	r2, [r3]
 380:Generated_Source\PSoC4/LED_BLUE_PWM_ISR.c **** }
 373              		.loc 1 380 0
 374              		@ sp needed
 375 0008 7047     		bx	lr
 376              	.L33:
 377 000a C046     		.align	2
 378              	.L32:
 379 000c 00E200E0 		.word	-536813056
 380              		.cfi_endproc
 381              	.LFE12:
 382              		.size	LED_BLUE_PWM_ISR_SetPending, .-LED_BLUE_PWM_ISR_SetPending
 383              		.section	.text.LED_BLUE_PWM_ISR_ClearPending,"ax",%progbits
 384              		.align	2
 385              		.global	LED_BLUE_PWM_ISR_ClearPending
 386              		.code	16
 387              		.thumb_func
 388              		.type	LED_BLUE_PWM_ISR_ClearPending, %function
 389              	LED_BLUE_PWM_ISR_ClearPending:
 390              	.LFB13:
 381:Generated_Source\PSoC4/LED_BLUE_PWM_ISR.c **** 
 382:Generated_Source\PSoC4/LED_BLUE_PWM_ISR.c **** 
 383:Generated_Source\PSoC4/LED_BLUE_PWM_ISR.c **** /*******************************************************************************
 384:Generated_Source\PSoC4/LED_BLUE_PWM_ISR.c **** * Function Name: LED_BLUE_PWM_ISR_ClearPending
 385:Generated_Source\PSoC4/LED_BLUE_PWM_ISR.c **** ********************************************************************************
 386:Generated_Source\PSoC4/LED_BLUE_PWM_ISR.c **** *
 387:Generated_Source\PSoC4/LED_BLUE_PWM_ISR.c **** * Summary:
 388:Generated_Source\PSoC4/LED_BLUE_PWM_ISR.c **** *   Clears a pending interrupt in the interrupt controller.
 389:Generated_Source\PSoC4/LED_BLUE_PWM_ISR.c **** *
 390:Generated_Source\PSoC4/LED_BLUE_PWM_ISR.c **** *   Note Some interrupt sources are clear-on-read and require the block 
 391:Generated_Source\PSoC4/LED_BLUE_PWM_ISR.c **** *   interrupt/status register to be read/cleared with the appropriate block API 
ARM GAS  C:\Users\TERENC~1\AppData\Local\Temp\ccFdALSG.s 			page 15


 392:Generated_Source\PSoC4/LED_BLUE_PWM_ISR.c **** *   (GPIO, UART, and so on). Otherwise the ISR will continue to remain in 
 393:Generated_Source\PSoC4/LED_BLUE_PWM_ISR.c **** *   pending state even though the interrupt itself is cleared using this API.
 394:Generated_Source\PSoC4/LED_BLUE_PWM_ISR.c **** *
 395:Generated_Source\PSoC4/LED_BLUE_PWM_ISR.c **** * Parameters:
 396:Generated_Source\PSoC4/LED_BLUE_PWM_ISR.c **** *   None
 397:Generated_Source\PSoC4/LED_BLUE_PWM_ISR.c **** *
 398:Generated_Source\PSoC4/LED_BLUE_PWM_ISR.c **** * Return:
 399:Generated_Source\PSoC4/LED_BLUE_PWM_ISR.c **** *   None
 400:Generated_Source\PSoC4/LED_BLUE_PWM_ISR.c **** *
 401:Generated_Source\PSoC4/LED_BLUE_PWM_ISR.c **** *******************************************************************************/
 402:Generated_Source\PSoC4/LED_BLUE_PWM_ISR.c **** void LED_BLUE_PWM_ISR_ClearPending(void)
 403:Generated_Source\PSoC4/LED_BLUE_PWM_ISR.c **** {
 391              		.loc 1 403 0
 392              		.cfi_startproc
 393              		@ args = 0, pretend = 0, frame = 0
 394              		@ frame_needed = 0, uses_anonymous_args = 0
 395              		@ link register save eliminated.
 404:Generated_Source\PSoC4/LED_BLUE_PWM_ISR.c ****     *LED_BLUE_PWM_ISR_INTC_CLR_PD = LED_BLUE_PWM_ISR__INTC_MASK;
 396              		.loc 1 404 0
 397 0000 8022     		movs	r2, #128
 398 0002 D204     		lsls	r2, r2, #19
 399 0004 014B     		ldr	r3, .L35
 400 0006 1A60     		str	r2, [r3]
 405:Generated_Source\PSoC4/LED_BLUE_PWM_ISR.c **** }
 401              		.loc 1 405 0
 402              		@ sp needed
 403 0008 7047     		bx	lr
 404              	.L36:
 405 000a C046     		.align	2
 406              	.L35:
 407 000c 80E200E0 		.word	-536812928
 408              		.cfi_endproc
 409              	.LFE13:
 410              		.size	LED_BLUE_PWM_ISR_ClearPending, .-LED_BLUE_PWM_ISR_ClearPending
 411              		.section	.text.LED_BLUE_PWM_ISR_Interrupt,"ax",%progbits
 412              		.align	2
 413              		.global	LED_BLUE_PWM_ISR_Interrupt
 414              		.code	16
 415              		.thumb_func
 416              		.type	LED_BLUE_PWM_ISR_Interrupt, %function
 417              	LED_BLUE_PWM_ISR_Interrupt:
 418              	.LFB4:
 160:Generated_Source\PSoC4/LED_BLUE_PWM_ISR.c ****     #ifdef LED_BLUE_PWM_ISR_INTERRUPT_INTERRUPT_CALLBACK
 419              		.loc 1 160 0
 420              		.cfi_startproc
 421              		@ args = 0, pretend = 0, frame = 0
 422              		@ frame_needed = 0, uses_anonymous_args = 0
 423 0000 10B5     		push	{r4, lr}
 424              		.cfi_def_cfa_offset 8
 425              		.cfi_offset 4, -8
 426              		.cfi_offset 14, -4
 169:Generated_Source\PSoC4/LED_BLUE_PWM_ISR.c **** 
 427              		.loc 1 169 0
 428 0002 0220     		movs	r0, #2
 429 0004 FFF7FEFF 		bl	LedManagerInterruptHandler
 430              	.LVL20:
 171:Generated_Source\PSoC4/LED_BLUE_PWM_ISR.c ****     /* `#END` */
ARM GAS  C:\Users\TERENC~1\AppData\Local\Temp\ccFdALSG.s 			page 16


 431              		.loc 1 171 0
 432 0008 FFF7FEFF 		bl	LED_BLUE_PWM_ISR_ClearPending
 433              	.LVL21:
 173:Generated_Source\PSoC4/LED_BLUE_PWM_ISR.c **** 
 434              		.loc 1 173 0
 435              		@ sp needed
 436 000c 10BD     		pop	{r4, pc}
 437              		.cfi_endproc
 438              	.LFE4:
 439              		.size	LED_BLUE_PWM_ISR_Interrupt, .-LED_BLUE_PWM_ISR_Interrupt
 440 000e C046     		.text
 441              	.Letext0:
 442              		.file 2 "c:\\program files (x86)\\cypress\\psoc creator\\4.2\\psoc creator\\import\\gnu\\arm\\5.4.
 443              		.file 3 "c:\\program files (x86)\\cypress\\psoc creator\\4.2\\psoc creator\\import\\gnu\\arm\\5.4.
 444              		.file 4 "Generated_Source\\PSoC4/cytypes.h"
 445              		.file 5 "./LedManager.h"
 446              		.file 6 "Generated_Source\\PSoC4/CyLib.h"
 447              		.section	.debug_info,"",%progbits
 448              	.Ldebug_info0:
 449 0000 B6030000 		.4byte	0x3b6
 450 0004 0400     		.2byte	0x4
 451 0006 00000000 		.4byte	.Ldebug_abbrev0
 452 000a 04       		.byte	0x4
 453 000b 01       		.uleb128 0x1
 454 000c BA020000 		.4byte	.LASF46
 455 0010 0C       		.byte	0xc
 456 0011 13000000 		.4byte	.LASF47
 457 0015 9D010000 		.4byte	.LASF48
 458 0019 00000000 		.4byte	.Ldebug_ranges0+0
 459 001d 00000000 		.4byte	0
 460 0021 00000000 		.4byte	.Ldebug_line0
 461 0025 02       		.uleb128 0x2
 462 0026 01       		.byte	0x1
 463 0027 06       		.byte	0x6
 464 0028 F3030000 		.4byte	.LASF0
 465 002c 02       		.uleb128 0x2
 466 002d 01       		.byte	0x1
 467 002e 08       		.byte	0x8
 468 002f 31010000 		.4byte	.LASF1
 469 0033 02       		.uleb128 0x2
 470 0034 02       		.byte	0x2
 471 0035 05       		.byte	0x5
 472 0036 9D030000 		.4byte	.LASF2
 473 003a 02       		.uleb128 0x2
 474 003b 02       		.byte	0x2
 475 003c 07       		.byte	0x7
 476 003d 7D000000 		.4byte	.LASF3
 477 0041 02       		.uleb128 0x2
 478 0042 04       		.byte	0x4
 479 0043 05       		.byte	0x5
 480 0044 56000000 		.4byte	.LASF4
 481 0048 03       		.uleb128 0x3
 482 0049 C4010000 		.4byte	.LASF9
 483 004d 02       		.byte	0x2
 484 004e 41       		.byte	0x41
 485 004f 53000000 		.4byte	0x53
 486 0053 02       		.uleb128 0x2
ARM GAS  C:\Users\TERENC~1\AppData\Local\Temp\ccFdALSG.s 			page 17


 487 0054 04       		.byte	0x4
 488 0055 07       		.byte	0x7
 489 0056 6A010000 		.4byte	.LASF5
 490 005a 02       		.uleb128 0x2
 491 005b 08       		.byte	0x8
 492 005c 05       		.byte	0x5
 493 005d 72030000 		.4byte	.LASF6
 494 0061 02       		.uleb128 0x2
 495 0062 08       		.byte	0x8
 496 0063 07       		.byte	0x7
 497 0064 E7000000 		.4byte	.LASF7
 498 0068 04       		.uleb128 0x4
 499 0069 04       		.byte	0x4
 500 006a 05       		.byte	0x5
 501 006b 696E7400 		.ascii	"int\000"
 502 006f 02       		.uleb128 0x2
 503 0070 04       		.byte	0x4
 504 0071 07       		.byte	0x7
 505 0072 2B020000 		.4byte	.LASF8
 506 0076 03       		.uleb128 0x3
 507 0077 B6030000 		.4byte	.LASF10
 508 007b 03       		.byte	0x3
 509 007c 30       		.byte	0x30
 510 007d 48000000 		.4byte	0x48
 511 0081 05       		.uleb128 0x5
 512 0082 7C010000 		.4byte	.LASF11
 513 0086 04       		.byte	0x4
 514 0087 E401     		.2byte	0x1e4
 515 0089 2C000000 		.4byte	0x2c
 516 008d 05       		.uleb128 0x5
 517 008e F6010000 		.4byte	.LASF12
 518 0092 04       		.byte	0x4
 519 0093 E601     		.2byte	0x1e6
 520 0095 53000000 		.4byte	0x53
 521 0099 02       		.uleb128 0x2
 522 009a 04       		.byte	0x4
 523 009b 04       		.byte	0x4
 524 009c E1000000 		.4byte	.LASF13
 525 00a0 02       		.uleb128 0x2
 526 00a1 08       		.byte	0x8
 527 00a2 04       		.byte	0x4
 528 00a3 CF010000 		.4byte	.LASF14
 529 00a7 02       		.uleb128 0x2
 530 00a8 01       		.byte	0x1
 531 00a9 08       		.byte	0x8
 532 00aa 80030000 		.4byte	.LASF15
 533 00ae 05       		.uleb128 0x5
 534 00af 00000000 		.4byte	.LASF16
 535 00b3 04       		.byte	0x4
 536 00b4 9002     		.2byte	0x290
 537 00b6 BA000000 		.4byte	0xba
 538 00ba 06       		.uleb128 0x6
 539 00bb 8D000000 		.4byte	0x8d
 540 00bf 05       		.uleb128 0x5
 541 00c0 97020000 		.4byte	.LASF17
 542 00c4 04       		.byte	0x4
 543 00c5 A002     		.2byte	0x2a0
ARM GAS  C:\Users\TERENC~1\AppData\Local\Temp\ccFdALSG.s 			page 18


 544 00c7 CB000000 		.4byte	0xcb
 545 00cb 07       		.uleb128 0x7
 546 00cc 04       		.byte	0x4
 547 00cd D1000000 		.4byte	0xd1
 548 00d1 08       		.uleb128 0x8
 549 00d2 02       		.uleb128 0x2
 550 00d3 08       		.byte	0x8
 551 00d4 04       		.byte	0x4
 552 00d5 E7030000 		.4byte	.LASF18
 553 00d9 02       		.uleb128 0x2
 554 00da 04       		.byte	0x4
 555 00db 07       		.byte	0x7
 556 00dc 60030000 		.4byte	.LASF19
 557 00e0 09       		.uleb128 0x9
 558 00e1 C6000000 		.4byte	.LASF20
 559 00e5 01       		.byte	0x1
 560 00e6 CB       		.byte	0xcb
 561 00e7 00000000 		.4byte	.LFB5
 562 00eb 0C000000 		.4byte	.LFE5-.LFB5
 563 00ef 01       		.uleb128 0x1
 564 00f0 9C       		.byte	0x9c
 565 00f1 03010000 		.4byte	0x103
 566 00f5 0A       		.uleb128 0xa
 567 00f6 43020000 		.4byte	.LASF22
 568 00fa 01       		.byte	0x1
 569 00fb CB       		.byte	0xcb
 570 00fc BF000000 		.4byte	0xbf
 571 0100 01       		.uleb128 0x1
 572 0101 50       		.byte	0x50
 573 0102 00       		.byte	0
 574 0103 0B       		.uleb128 0xb
 575 0104 61020000 		.4byte	.LASF26
 576 0108 01       		.byte	0x1
 577 0109 DF       		.byte	0xdf
 578 010a BF000000 		.4byte	0xbf
 579 010e 00000000 		.4byte	.LFB6
 580 0112 0C000000 		.4byte	.LFE6-.LFB6
 581 0116 01       		.uleb128 0x1
 582 0117 9C       		.byte	0x9c
 583 0118 09       		.uleb128 0x9
 584 0119 90000000 		.4byte	.LASF21
 585 011d 01       		.byte	0x1
 586 011e FD       		.byte	0xfd
 587 011f 00000000 		.4byte	.LFB7
 588 0123 24000000 		.4byte	.LFE7-.LFB7
 589 0127 01       		.uleb128 0x1
 590 0128 9C       		.byte	0x9c
 591 0129 6B010000 		.4byte	0x16b
 592 012d 0C       		.uleb128 0xc
 593 012e ED010000 		.4byte	.LASF23
 594 0132 01       		.byte	0x1
 595 0133 FD       		.byte	0xfd
 596 0134 81000000 		.4byte	0x81
 597 0138 00000000 		.4byte	.LLST0
 598 013c 0D       		.uleb128 0xd
 599 013d 5B010000 		.4byte	.LASF24
 600 0141 01       		.byte	0x1
ARM GAS  C:\Users\TERENC~1\AppData\Local\Temp\ccFdALSG.s 			page 19


 601 0142 FF       		.byte	0xff
 602 0143 81000000 		.4byte	0x81
 603 0147 21000000 		.4byte	.LLST1
 604 014b 0E       		.uleb128 0xe
 605 014c A7030000 		.4byte	.LASF25
 606 0150 01       		.byte	0x1
 607 0151 0001     		.2byte	0x100
 608 0153 8D000000 		.4byte	0x8d
 609 0157 16       		.byte	0x16
 610 0158 0F       		.uleb128 0xf
 611 0159 08000000 		.4byte	.LVL3
 612 015d 98030000 		.4byte	0x398
 613 0161 0F       		.uleb128 0xf
 614 0162 1A000000 		.4byte	.LVL4
 615 0166 A3030000 		.4byte	0x3a3
 616 016a 00       		.byte	0
 617 016b 10       		.uleb128 0x10
 618 016c BF030000 		.4byte	.LASF49
 619 0170 01       		.byte	0x1
 620 0171 1901     		.2byte	0x119
 621 0173 81000000 		.4byte	0x81
 622 0177 00000000 		.4byte	.LFB8
 623 017b 10000000 		.4byte	.LFE8-.LFB8
 624 017f 01       		.uleb128 0x1
 625 0180 9C       		.byte	0x9c
 626 0181 A3010000 		.4byte	0x1a3
 627 0185 11       		.uleb128 0x11
 628 0186 ED010000 		.4byte	.LASF23
 629 018a 01       		.byte	0x1
 630 018b 1B01     		.2byte	0x11b
 631 018d 8D000000 		.4byte	0x8d
 632 0191 34000000 		.4byte	.LLST2
 633 0195 0E       		.uleb128 0xe
 634 0196 A7030000 		.4byte	.LASF25
 635 019a 01       		.byte	0x1
 636 019b 1C01     		.2byte	0x11c
 637 019d 8D000000 		.4byte	0x8d
 638 01a1 16       		.byte	0x16
 639 01a2 00       		.byte	0
 640 01a3 12       		.uleb128 0x12
 641 01a4 48030000 		.4byte	.LASF28
 642 01a8 01       		.byte	0x1
 643 01a9 3401     		.2byte	0x134
 644 01ab 00000000 		.4byte	.LFB9
 645 01af 10000000 		.4byte	.LFE9-.LFB9
 646 01b3 01       		.uleb128 0x1
 647 01b4 9C       		.byte	0x9c
 648 01b5 13       		.uleb128 0x13
 649 01b6 FE000000 		.4byte	.LASF27
 650 01ba 01       		.byte	0x1
 651 01bb 4901     		.2byte	0x149
 652 01bd 81000000 		.4byte	0x81
 653 01c1 00000000 		.4byte	.LFB10
 654 01c5 14000000 		.4byte	.LFE10-.LFB10
 655 01c9 01       		.uleb128 0x1
 656 01ca 9C       		.byte	0x9c
 657 01cb 12       		.uleb128 0x12
ARM GAS  C:\Users\TERENC~1\AppData\Local\Temp\ccFdALSG.s 			page 20


 658 01cc 18010000 		.4byte	.LASF29
 659 01d0 01       		.byte	0x1
 660 01d1 5E01     		.2byte	0x15e
 661 01d3 00000000 		.4byte	.LFB11
 662 01d7 10000000 		.4byte	.LFE11-.LFB11
 663 01db 01       		.uleb128 0x1
 664 01dc 9C       		.byte	0x9c
 665 01dd 09       		.uleb128 0x9
 666 01de D6010000 		.4byte	.LASF30
 667 01e2 01       		.byte	0x1
 668 01e3 38       		.byte	0x38
 669 01e4 00000000 		.4byte	.LFB1
 670 01e8 1C000000 		.4byte	.LFE1-.LFB1
 671 01ec 01       		.uleb128 0x1
 672 01ed 9C       		.byte	0x9c
 673 01ee 2F020000 		.4byte	0x22f
 674 01f2 0F       		.uleb128 0xf
 675 01f3 06000000 		.4byte	.LVL8
 676 01f7 CB010000 		.4byte	0x1cb
 677 01fb 14       		.uleb128 0x14
 678 01fc 0C000000 		.4byte	.LVL9
 679 0200 E0000000 		.4byte	0xe0
 680 0204 12020000 		.4byte	0x212
 681 0208 15       		.uleb128 0x15
 682 0209 01       		.uleb128 0x1
 683 020a 50       		.byte	0x50
 684 020b 05       		.uleb128 0x5
 685 020c 03       		.byte	0x3
 686 020d 00000000 		.4byte	LED_BLUE_PWM_ISR_Interrupt
 687 0211 00       		.byte	0
 688 0212 14       		.uleb128 0x14
 689 0213 12000000 		.4byte	.LVL10
 690 0217 18010000 		.4byte	0x118
 691 021b 25020000 		.4byte	0x225
 692 021f 15       		.uleb128 0x15
 693 0220 01       		.uleb128 0x1
 694 0221 50       		.byte	0x50
 695 0222 01       		.uleb128 0x1
 696 0223 33       		.byte	0x33
 697 0224 00       		.byte	0
 698 0225 0F       		.uleb128 0xf
 699 0226 16000000 		.4byte	.LVL11
 700 022a A3010000 		.4byte	0x1a3
 701 022e 00       		.byte	0
 702 022f 09       		.uleb128 0x9
 703 0230 AD000000 		.4byte	.LASF31
 704 0234 01       		.byte	0x1
 705 0235 63       		.byte	0x63
 706 0236 00000000 		.4byte	.LFB2
 707 023a 1A000000 		.4byte	.LFE2-.LFB2
 708 023e 01       		.uleb128 0x1
 709 023f 9C       		.byte	0x9c
 710 0240 8D020000 		.4byte	0x28d
 711 0244 0C       		.uleb128 0xc
 712 0245 43020000 		.4byte	.LASF22
 713 0249 01       		.byte	0x1
 714 024a 63       		.byte	0x63
ARM GAS  C:\Users\TERENC~1\AppData\Local\Temp\ccFdALSG.s 			page 21


 715 024b BF000000 		.4byte	0xbf
 716 024f 56000000 		.4byte	.LLST3
 717 0253 0F       		.uleb128 0xf
 718 0254 08000000 		.4byte	.LVL13
 719 0258 CB010000 		.4byte	0x1cb
 720 025c 14       		.uleb128 0x14
 721 025d 0E000000 		.4byte	.LVL14
 722 0261 E0000000 		.4byte	0xe0
 723 0265 70020000 		.4byte	0x270
 724 0269 15       		.uleb128 0x15
 725 026a 01       		.uleb128 0x1
 726 026b 50       		.byte	0x50
 727 026c 02       		.uleb128 0x2
 728 026d 74       		.byte	0x74
 729 026e 00       		.sleb128 0
 730 026f 00       		.byte	0
 731 0270 14       		.uleb128 0x14
 732 0271 14000000 		.4byte	.LVL15
 733 0275 18010000 		.4byte	0x118
 734 0279 83020000 		.4byte	0x283
 735 027d 15       		.uleb128 0x15
 736 027e 01       		.uleb128 0x1
 737 027f 50       		.byte	0x50
 738 0280 01       		.uleb128 0x1
 739 0281 33       		.byte	0x33
 740 0282 00       		.byte	0
 741 0283 0F       		.uleb128 0xf
 742 0284 18000000 		.4byte	.LVL16
 743 0288 A3010000 		.4byte	0x1a3
 744 028c 00       		.byte	0
 745 028d 09       		.uleb128 0x9
 746 028e A4020000 		.4byte	.LASF32
 747 0292 01       		.byte	0x1
 748 0293 81       		.byte	0x81
 749 0294 00000000 		.4byte	.LFB3
 750 0298 14000000 		.4byte	.LFE3-.LFB3
 751 029c 01       		.uleb128 0x1
 752 029d 9C       		.byte	0x9c
 753 029e B5020000 		.4byte	0x2b5
 754 02a2 0F       		.uleb128 0xf
 755 02a3 06000000 		.4byte	.LVL18
 756 02a7 CB010000 		.4byte	0x1cb
 757 02ab 0F       		.uleb128 0xf
 758 02ac 0C000000 		.4byte	.LVL19
 759 02b0 E0000000 		.4byte	0xe0
 760 02b4 00       		.byte	0
 761 02b5 12       		.uleb128 0x12
 762 02b6 3F010000 		.4byte	.LASF33
 763 02ba 01       		.byte	0x1
 764 02bb 7901     		.2byte	0x179
 765 02bd 00000000 		.4byte	.LFB12
 766 02c1 10000000 		.4byte	.LFE12-.LFB12
 767 02c5 01       		.uleb128 0x1
 768 02c6 9C       		.byte	0x9c
 769 02c7 12       		.uleb128 0x12
 770 02c8 5F000000 		.4byte	.LASF34
 771 02cc 01       		.byte	0x1
ARM GAS  C:\Users\TERENC~1\AppData\Local\Temp\ccFdALSG.s 			page 22


 772 02cd 9201     		.2byte	0x192
 773 02cf 00000000 		.4byte	.LFB13
 774 02d3 10000000 		.4byte	.LFE13-.LFB13
 775 02d7 01       		.uleb128 0x1
 776 02d8 9C       		.byte	0x9c
 777 02d9 09       		.uleb128 0x9
 778 02da 7C020000 		.4byte	.LASF35
 779 02de 01       		.byte	0x1
 780 02df 9F       		.byte	0x9f
 781 02e0 00000000 		.4byte	.LFB4
 782 02e4 0E000000 		.4byte	.LFE4-.LFB4
 783 02e8 01       		.uleb128 0x1
 784 02e9 9C       		.byte	0x9c
 785 02ea 7D030000 		.4byte	0x37d
 786 02ee 16       		.uleb128 0x16
 787 02ef 01       		.byte	0x1
 788 02f0 2C000000 		.4byte	0x2c
 789 02f4 05       		.byte	0x5
 790 02f5 12       		.byte	0x12
 791 02f6 13030000 		.4byte	0x313
 792 02fa 17       		.uleb128 0x17
 793 02fb 38020000 		.4byte	.LASF36
 794 02ff 00       		.byte	0
 795 0300 17       		.uleb128 0x17
 796 0301 06000000 		.4byte	.LASF37
 797 0305 01       		.byte	0x1
 798 0306 17       		.uleb128 0x17
 799 0307 4A000000 		.4byte	.LASF38
 800 030b 02       		.byte	0x2
 801 030c 17       		.uleb128 0x17
 802 030d DC030000 		.4byte	.LASF39
 803 0311 03       		.byte	0x3
 804 0312 00       		.byte	0
 805 0313 03       		.uleb128 0x3
 806 0314 69030000 		.4byte	.LASF40
 807 0318 05       		.byte	0x5
 808 0319 17       		.byte	0x17
 809 031a EE020000 		.4byte	0x2ee
 810 031e 18       		.uleb128 0x18
 811 031f 85030000 		.4byte	.LASF41
 812 0323 05       		.byte	0x5
 813 0324 19       		.byte	0x19
 814 0325 3E030000 		.4byte	0x33e
 815 0329 19       		.uleb128 0x19
 816 032a 13030000 		.4byte	0x313
 817 032e 19       		.uleb128 0x19
 818 032f 76000000 		.4byte	0x76
 819 0333 19       		.uleb128 0x19
 820 0334 76000000 		.4byte	0x76
 821 0338 19       		.uleb128 0x19
 822 0339 76000000 		.4byte	0x76
 823 033d 00       		.byte	0
 824 033e 18       		.uleb128 0x18
 825 033f 14020000 		.4byte	.LASF42
 826 0343 05       		.byte	0x5
 827 0344 1A       		.byte	0x1a
 828 0345 4F030000 		.4byte	0x34f
ARM GAS  C:\Users\TERENC~1\AppData\Local\Temp\ccFdALSG.s 			page 23


 829 0349 19       		.uleb128 0x19
 830 034a 13030000 		.4byte	0x313
 831 034e 00       		.byte	0
 832 034f 18       		.uleb128 0x18
 833 0350 82010000 		.4byte	.LASF43
 834 0354 05       		.byte	0x5
 835 0355 1C       		.byte	0x1c
 836 0356 60030000 		.4byte	0x360
 837 035a 19       		.uleb128 0x19
 838 035b 13030000 		.4byte	0x313
 839 035f 00       		.byte	0
 840 0360 14       		.uleb128 0x14
 841 0361 08000000 		.4byte	.LVL20
 842 0365 AE030000 		.4byte	0x3ae
 843 0369 73030000 		.4byte	0x373
 844 036d 15       		.uleb128 0x15
 845 036e 01       		.uleb128 0x1
 846 036f 50       		.byte	0x50
 847 0370 01       		.uleb128 0x1
 848 0371 32       		.byte	0x32
 849 0372 00       		.byte	0
 850 0373 0F       		.uleb128 0xf
 851 0374 0C000000 		.4byte	.LVL21
 852 0378 C7020000 		.4byte	0x2c7
 853 037c 00       		.byte	0
 854 037d 1A       		.uleb128 0x1a
 855 037e BF000000 		.4byte	0xbf
 856 0382 8D030000 		.4byte	0x38d
 857 0386 1B       		.uleb128 0x1b
 858 0387 D9000000 		.4byte	0xd9
 859 038b 2F       		.byte	0x2f
 860 038c 00       		.byte	0
 861 038d 1C       		.uleb128 0x1c
 862 038e 3D000000 		.4byte	.LASF50
 863 0392 01       		.byte	0x1
 864 0393 21       		.byte	0x21
 865 0394 7D030000 		.4byte	0x37d
 866 0398 1D       		.uleb128 0x1d
 867 0399 FD010000 		.4byte	.LASF44
 868 039d FD010000 		.4byte	.LASF44
 869 03a1 06       		.byte	0x6
 870 03a2 E5       		.byte	0xe5
 871 03a3 1D       		.uleb128 0x1d
 872 03a4 4B020000 		.4byte	.LASF45
 873 03a8 4B020000 		.4byte	.LASF45
 874 03ac 06       		.byte	0x6
 875 03ad E6       		.byte	0xe6
 876 03ae 1D       		.uleb128 0x1d
 877 03af 82010000 		.4byte	.LASF43
 878 03b3 82010000 		.4byte	.LASF43
 879 03b7 05       		.byte	0x5
 880 03b8 1C       		.byte	0x1c
 881 03b9 00       		.byte	0
 882              		.section	.debug_abbrev,"",%progbits
 883              	.Ldebug_abbrev0:
 884 0000 01       		.uleb128 0x1
 885 0001 11       		.uleb128 0x11
ARM GAS  C:\Users\TERENC~1\AppData\Local\Temp\ccFdALSG.s 			page 24


 886 0002 01       		.byte	0x1
 887 0003 25       		.uleb128 0x25
 888 0004 0E       		.uleb128 0xe
 889 0005 13       		.uleb128 0x13
 890 0006 0B       		.uleb128 0xb
 891 0007 03       		.uleb128 0x3
 892 0008 0E       		.uleb128 0xe
 893 0009 1B       		.uleb128 0x1b
 894 000a 0E       		.uleb128 0xe
 895 000b 55       		.uleb128 0x55
 896 000c 17       		.uleb128 0x17
 897 000d 11       		.uleb128 0x11
 898 000e 01       		.uleb128 0x1
 899 000f 10       		.uleb128 0x10
 900 0010 17       		.uleb128 0x17
 901 0011 00       		.byte	0
 902 0012 00       		.byte	0
 903 0013 02       		.uleb128 0x2
 904 0014 24       		.uleb128 0x24
 905 0015 00       		.byte	0
 906 0016 0B       		.uleb128 0xb
 907 0017 0B       		.uleb128 0xb
 908 0018 3E       		.uleb128 0x3e
 909 0019 0B       		.uleb128 0xb
 910 001a 03       		.uleb128 0x3
 911 001b 0E       		.uleb128 0xe
 912 001c 00       		.byte	0
 913 001d 00       		.byte	0
 914 001e 03       		.uleb128 0x3
 915 001f 16       		.uleb128 0x16
 916 0020 00       		.byte	0
 917 0021 03       		.uleb128 0x3
 918 0022 0E       		.uleb128 0xe
 919 0023 3A       		.uleb128 0x3a
 920 0024 0B       		.uleb128 0xb
 921 0025 3B       		.uleb128 0x3b
 922 0026 0B       		.uleb128 0xb
 923 0027 49       		.uleb128 0x49
 924 0028 13       		.uleb128 0x13
 925 0029 00       		.byte	0
 926 002a 00       		.byte	0
 927 002b 04       		.uleb128 0x4
 928 002c 24       		.uleb128 0x24
 929 002d 00       		.byte	0
 930 002e 0B       		.uleb128 0xb
 931 002f 0B       		.uleb128 0xb
 932 0030 3E       		.uleb128 0x3e
 933 0031 0B       		.uleb128 0xb
 934 0032 03       		.uleb128 0x3
 935 0033 08       		.uleb128 0x8
 936 0034 00       		.byte	0
 937 0035 00       		.byte	0
 938 0036 05       		.uleb128 0x5
 939 0037 16       		.uleb128 0x16
 940 0038 00       		.byte	0
 941 0039 03       		.uleb128 0x3
 942 003a 0E       		.uleb128 0xe
ARM GAS  C:\Users\TERENC~1\AppData\Local\Temp\ccFdALSG.s 			page 25


 943 003b 3A       		.uleb128 0x3a
 944 003c 0B       		.uleb128 0xb
 945 003d 3B       		.uleb128 0x3b
 946 003e 05       		.uleb128 0x5
 947 003f 49       		.uleb128 0x49
 948 0040 13       		.uleb128 0x13
 949 0041 00       		.byte	0
 950 0042 00       		.byte	0
 951 0043 06       		.uleb128 0x6
 952 0044 35       		.uleb128 0x35
 953 0045 00       		.byte	0
 954 0046 49       		.uleb128 0x49
 955 0047 13       		.uleb128 0x13
 956 0048 00       		.byte	0
 957 0049 00       		.byte	0
 958 004a 07       		.uleb128 0x7
 959 004b 0F       		.uleb128 0xf
 960 004c 00       		.byte	0
 961 004d 0B       		.uleb128 0xb
 962 004e 0B       		.uleb128 0xb
 963 004f 49       		.uleb128 0x49
 964 0050 13       		.uleb128 0x13
 965 0051 00       		.byte	0
 966 0052 00       		.byte	0
 967 0053 08       		.uleb128 0x8
 968 0054 15       		.uleb128 0x15
 969 0055 00       		.byte	0
 970 0056 27       		.uleb128 0x27
 971 0057 19       		.uleb128 0x19
 972 0058 00       		.byte	0
 973 0059 00       		.byte	0
 974 005a 09       		.uleb128 0x9
 975 005b 2E       		.uleb128 0x2e
 976 005c 01       		.byte	0x1
 977 005d 3F       		.uleb128 0x3f
 978 005e 19       		.uleb128 0x19
 979 005f 03       		.uleb128 0x3
 980 0060 0E       		.uleb128 0xe
 981 0061 3A       		.uleb128 0x3a
 982 0062 0B       		.uleb128 0xb
 983 0063 3B       		.uleb128 0x3b
 984 0064 0B       		.uleb128 0xb
 985 0065 27       		.uleb128 0x27
 986 0066 19       		.uleb128 0x19
 987 0067 11       		.uleb128 0x11
 988 0068 01       		.uleb128 0x1
 989 0069 12       		.uleb128 0x12
 990 006a 06       		.uleb128 0x6
 991 006b 40       		.uleb128 0x40
 992 006c 18       		.uleb128 0x18
 993 006d 9742     		.uleb128 0x2117
 994 006f 19       		.uleb128 0x19
 995 0070 01       		.uleb128 0x1
 996 0071 13       		.uleb128 0x13
 997 0072 00       		.byte	0
 998 0073 00       		.byte	0
 999 0074 0A       		.uleb128 0xa
ARM GAS  C:\Users\TERENC~1\AppData\Local\Temp\ccFdALSG.s 			page 26


 1000 0075 05       		.uleb128 0x5
 1001 0076 00       		.byte	0
 1002 0077 03       		.uleb128 0x3
 1003 0078 0E       		.uleb128 0xe
 1004 0079 3A       		.uleb128 0x3a
 1005 007a 0B       		.uleb128 0xb
 1006 007b 3B       		.uleb128 0x3b
 1007 007c 0B       		.uleb128 0xb
 1008 007d 49       		.uleb128 0x49
 1009 007e 13       		.uleb128 0x13
 1010 007f 02       		.uleb128 0x2
 1011 0080 18       		.uleb128 0x18
 1012 0081 00       		.byte	0
 1013 0082 00       		.byte	0
 1014 0083 0B       		.uleb128 0xb
 1015 0084 2E       		.uleb128 0x2e
 1016 0085 00       		.byte	0
 1017 0086 3F       		.uleb128 0x3f
 1018 0087 19       		.uleb128 0x19
 1019 0088 03       		.uleb128 0x3
 1020 0089 0E       		.uleb128 0xe
 1021 008a 3A       		.uleb128 0x3a
 1022 008b 0B       		.uleb128 0xb
 1023 008c 3B       		.uleb128 0x3b
 1024 008d 0B       		.uleb128 0xb
 1025 008e 27       		.uleb128 0x27
 1026 008f 19       		.uleb128 0x19
 1027 0090 49       		.uleb128 0x49
 1028 0091 13       		.uleb128 0x13
 1029 0092 11       		.uleb128 0x11
 1030 0093 01       		.uleb128 0x1
 1031 0094 12       		.uleb128 0x12
 1032 0095 06       		.uleb128 0x6
 1033 0096 40       		.uleb128 0x40
 1034 0097 18       		.uleb128 0x18
 1035 0098 9742     		.uleb128 0x2117
 1036 009a 19       		.uleb128 0x19
 1037 009b 00       		.byte	0
 1038 009c 00       		.byte	0
 1039 009d 0C       		.uleb128 0xc
 1040 009e 05       		.uleb128 0x5
 1041 009f 00       		.byte	0
 1042 00a0 03       		.uleb128 0x3
 1043 00a1 0E       		.uleb128 0xe
 1044 00a2 3A       		.uleb128 0x3a
 1045 00a3 0B       		.uleb128 0xb
 1046 00a4 3B       		.uleb128 0x3b
 1047 00a5 0B       		.uleb128 0xb
 1048 00a6 49       		.uleb128 0x49
 1049 00a7 13       		.uleb128 0x13
 1050 00a8 02       		.uleb128 0x2
 1051 00a9 17       		.uleb128 0x17
 1052 00aa 00       		.byte	0
 1053 00ab 00       		.byte	0
 1054 00ac 0D       		.uleb128 0xd
 1055 00ad 34       		.uleb128 0x34
 1056 00ae 00       		.byte	0
ARM GAS  C:\Users\TERENC~1\AppData\Local\Temp\ccFdALSG.s 			page 27


 1057 00af 03       		.uleb128 0x3
 1058 00b0 0E       		.uleb128 0xe
 1059 00b1 3A       		.uleb128 0x3a
 1060 00b2 0B       		.uleb128 0xb
 1061 00b3 3B       		.uleb128 0x3b
 1062 00b4 0B       		.uleb128 0xb
 1063 00b5 49       		.uleb128 0x49
 1064 00b6 13       		.uleb128 0x13
 1065 00b7 02       		.uleb128 0x2
 1066 00b8 17       		.uleb128 0x17
 1067 00b9 00       		.byte	0
 1068 00ba 00       		.byte	0
 1069 00bb 0E       		.uleb128 0xe
 1070 00bc 34       		.uleb128 0x34
 1071 00bd 00       		.byte	0
 1072 00be 03       		.uleb128 0x3
 1073 00bf 0E       		.uleb128 0xe
 1074 00c0 3A       		.uleb128 0x3a
 1075 00c1 0B       		.uleb128 0xb
 1076 00c2 3B       		.uleb128 0x3b
 1077 00c3 05       		.uleb128 0x5
 1078 00c4 49       		.uleb128 0x49
 1079 00c5 13       		.uleb128 0x13
 1080 00c6 1C       		.uleb128 0x1c
 1081 00c7 0B       		.uleb128 0xb
 1082 00c8 00       		.byte	0
 1083 00c9 00       		.byte	0
 1084 00ca 0F       		.uleb128 0xf
 1085 00cb 898201   		.uleb128 0x4109
 1086 00ce 00       		.byte	0
 1087 00cf 11       		.uleb128 0x11
 1088 00d0 01       		.uleb128 0x1
 1089 00d1 31       		.uleb128 0x31
 1090 00d2 13       		.uleb128 0x13
 1091 00d3 00       		.byte	0
 1092 00d4 00       		.byte	0
 1093 00d5 10       		.uleb128 0x10
 1094 00d6 2E       		.uleb128 0x2e
 1095 00d7 01       		.byte	0x1
 1096 00d8 3F       		.uleb128 0x3f
 1097 00d9 19       		.uleb128 0x19
 1098 00da 03       		.uleb128 0x3
 1099 00db 0E       		.uleb128 0xe
 1100 00dc 3A       		.uleb128 0x3a
 1101 00dd 0B       		.uleb128 0xb
 1102 00de 3B       		.uleb128 0x3b
 1103 00df 05       		.uleb128 0x5
 1104 00e0 27       		.uleb128 0x27
 1105 00e1 19       		.uleb128 0x19
 1106 00e2 49       		.uleb128 0x49
 1107 00e3 13       		.uleb128 0x13
 1108 00e4 11       		.uleb128 0x11
 1109 00e5 01       		.uleb128 0x1
 1110 00e6 12       		.uleb128 0x12
 1111 00e7 06       		.uleb128 0x6
 1112 00e8 40       		.uleb128 0x40
 1113 00e9 18       		.uleb128 0x18
ARM GAS  C:\Users\TERENC~1\AppData\Local\Temp\ccFdALSG.s 			page 28


 1114 00ea 9742     		.uleb128 0x2117
 1115 00ec 19       		.uleb128 0x19
 1116 00ed 01       		.uleb128 0x1
 1117 00ee 13       		.uleb128 0x13
 1118 00ef 00       		.byte	0
 1119 00f0 00       		.byte	0
 1120 00f1 11       		.uleb128 0x11
 1121 00f2 34       		.uleb128 0x34
 1122 00f3 00       		.byte	0
 1123 00f4 03       		.uleb128 0x3
 1124 00f5 0E       		.uleb128 0xe
 1125 00f6 3A       		.uleb128 0x3a
 1126 00f7 0B       		.uleb128 0xb
 1127 00f8 3B       		.uleb128 0x3b
 1128 00f9 05       		.uleb128 0x5
 1129 00fa 49       		.uleb128 0x49
 1130 00fb 13       		.uleb128 0x13
 1131 00fc 02       		.uleb128 0x2
 1132 00fd 17       		.uleb128 0x17
 1133 00fe 00       		.byte	0
 1134 00ff 00       		.byte	0
 1135 0100 12       		.uleb128 0x12
 1136 0101 2E       		.uleb128 0x2e
 1137 0102 00       		.byte	0
 1138 0103 3F       		.uleb128 0x3f
 1139 0104 19       		.uleb128 0x19
 1140 0105 03       		.uleb128 0x3
 1141 0106 0E       		.uleb128 0xe
 1142 0107 3A       		.uleb128 0x3a
 1143 0108 0B       		.uleb128 0xb
 1144 0109 3B       		.uleb128 0x3b
 1145 010a 05       		.uleb128 0x5
 1146 010b 27       		.uleb128 0x27
 1147 010c 19       		.uleb128 0x19
 1148 010d 11       		.uleb128 0x11
 1149 010e 01       		.uleb128 0x1
 1150 010f 12       		.uleb128 0x12
 1151 0110 06       		.uleb128 0x6
 1152 0111 40       		.uleb128 0x40
 1153 0112 18       		.uleb128 0x18
 1154 0113 9742     		.uleb128 0x2117
 1155 0115 19       		.uleb128 0x19
 1156 0116 00       		.byte	0
 1157 0117 00       		.byte	0
 1158 0118 13       		.uleb128 0x13
 1159 0119 2E       		.uleb128 0x2e
 1160 011a 00       		.byte	0
 1161 011b 3F       		.uleb128 0x3f
 1162 011c 19       		.uleb128 0x19
 1163 011d 03       		.uleb128 0x3
 1164 011e 0E       		.uleb128 0xe
 1165 011f 3A       		.uleb128 0x3a
 1166 0120 0B       		.uleb128 0xb
 1167 0121 3B       		.uleb128 0x3b
 1168 0122 05       		.uleb128 0x5
 1169 0123 27       		.uleb128 0x27
 1170 0124 19       		.uleb128 0x19
ARM GAS  C:\Users\TERENC~1\AppData\Local\Temp\ccFdALSG.s 			page 29


 1171 0125 49       		.uleb128 0x49
 1172 0126 13       		.uleb128 0x13
 1173 0127 11       		.uleb128 0x11
 1174 0128 01       		.uleb128 0x1
 1175 0129 12       		.uleb128 0x12
 1176 012a 06       		.uleb128 0x6
 1177 012b 40       		.uleb128 0x40
 1178 012c 18       		.uleb128 0x18
 1179 012d 9742     		.uleb128 0x2117
 1180 012f 19       		.uleb128 0x19
 1181 0130 00       		.byte	0
 1182 0131 00       		.byte	0
 1183 0132 14       		.uleb128 0x14
 1184 0133 898201   		.uleb128 0x4109
 1185 0136 01       		.byte	0x1
 1186 0137 11       		.uleb128 0x11
 1187 0138 01       		.uleb128 0x1
 1188 0139 31       		.uleb128 0x31
 1189 013a 13       		.uleb128 0x13
 1190 013b 01       		.uleb128 0x1
 1191 013c 13       		.uleb128 0x13
 1192 013d 00       		.byte	0
 1193 013e 00       		.byte	0
 1194 013f 15       		.uleb128 0x15
 1195 0140 8A8201   		.uleb128 0x410a
 1196 0143 00       		.byte	0
 1197 0144 02       		.uleb128 0x2
 1198 0145 18       		.uleb128 0x18
 1199 0146 9142     		.uleb128 0x2111
 1200 0148 18       		.uleb128 0x18
 1201 0149 00       		.byte	0
 1202 014a 00       		.byte	0
 1203 014b 16       		.uleb128 0x16
 1204 014c 04       		.uleb128 0x4
 1205 014d 01       		.byte	0x1
 1206 014e 0B       		.uleb128 0xb
 1207 014f 0B       		.uleb128 0xb
 1208 0150 49       		.uleb128 0x49
 1209 0151 13       		.uleb128 0x13
 1210 0152 3A       		.uleb128 0x3a
 1211 0153 0B       		.uleb128 0xb
 1212 0154 3B       		.uleb128 0x3b
 1213 0155 0B       		.uleb128 0xb
 1214 0156 01       		.uleb128 0x1
 1215 0157 13       		.uleb128 0x13
 1216 0158 00       		.byte	0
 1217 0159 00       		.byte	0
 1218 015a 17       		.uleb128 0x17
 1219 015b 28       		.uleb128 0x28
 1220 015c 00       		.byte	0
 1221 015d 03       		.uleb128 0x3
 1222 015e 0E       		.uleb128 0xe
 1223 015f 1C       		.uleb128 0x1c
 1224 0160 0B       		.uleb128 0xb
 1225 0161 00       		.byte	0
 1226 0162 00       		.byte	0
 1227 0163 18       		.uleb128 0x18
ARM GAS  C:\Users\TERENC~1\AppData\Local\Temp\ccFdALSG.s 			page 30


 1228 0164 2E       		.uleb128 0x2e
 1229 0165 01       		.byte	0x1
 1230 0166 3F       		.uleb128 0x3f
 1231 0167 19       		.uleb128 0x19
 1232 0168 03       		.uleb128 0x3
 1233 0169 0E       		.uleb128 0xe
 1234 016a 3A       		.uleb128 0x3a
 1235 016b 0B       		.uleb128 0xb
 1236 016c 3B       		.uleb128 0x3b
 1237 016d 0B       		.uleb128 0xb
 1238 016e 27       		.uleb128 0x27
 1239 016f 19       		.uleb128 0x19
 1240 0170 3C       		.uleb128 0x3c
 1241 0171 19       		.uleb128 0x19
 1242 0172 01       		.uleb128 0x1
 1243 0173 13       		.uleb128 0x13
 1244 0174 00       		.byte	0
 1245 0175 00       		.byte	0
 1246 0176 19       		.uleb128 0x19
 1247 0177 05       		.uleb128 0x5
 1248 0178 00       		.byte	0
 1249 0179 49       		.uleb128 0x49
 1250 017a 13       		.uleb128 0x13
 1251 017b 00       		.byte	0
 1252 017c 00       		.byte	0
 1253 017d 1A       		.uleb128 0x1a
 1254 017e 01       		.uleb128 0x1
 1255 017f 01       		.byte	0x1
 1256 0180 49       		.uleb128 0x49
 1257 0181 13       		.uleb128 0x13
 1258 0182 01       		.uleb128 0x1
 1259 0183 13       		.uleb128 0x13
 1260 0184 00       		.byte	0
 1261 0185 00       		.byte	0
 1262 0186 1B       		.uleb128 0x1b
 1263 0187 21       		.uleb128 0x21
 1264 0188 00       		.byte	0
 1265 0189 49       		.uleb128 0x49
 1266 018a 13       		.uleb128 0x13
 1267 018b 2F       		.uleb128 0x2f
 1268 018c 0B       		.uleb128 0xb
 1269 018d 00       		.byte	0
 1270 018e 00       		.byte	0
 1271 018f 1C       		.uleb128 0x1c
 1272 0190 34       		.uleb128 0x34
 1273 0191 00       		.byte	0
 1274 0192 03       		.uleb128 0x3
 1275 0193 0E       		.uleb128 0xe
 1276 0194 3A       		.uleb128 0x3a
 1277 0195 0B       		.uleb128 0xb
 1278 0196 3B       		.uleb128 0x3b
 1279 0197 0B       		.uleb128 0xb
 1280 0198 49       		.uleb128 0x49
 1281 0199 13       		.uleb128 0x13
 1282 019a 3F       		.uleb128 0x3f
 1283 019b 19       		.uleb128 0x19
 1284 019c 3C       		.uleb128 0x3c
ARM GAS  C:\Users\TERENC~1\AppData\Local\Temp\ccFdALSG.s 			page 31


 1285 019d 19       		.uleb128 0x19
 1286 019e 00       		.byte	0
 1287 019f 00       		.byte	0
 1288 01a0 1D       		.uleb128 0x1d
 1289 01a1 2E       		.uleb128 0x2e
 1290 01a2 00       		.byte	0
 1291 01a3 3F       		.uleb128 0x3f
 1292 01a4 19       		.uleb128 0x19
 1293 01a5 3C       		.uleb128 0x3c
 1294 01a6 19       		.uleb128 0x19
 1295 01a7 6E       		.uleb128 0x6e
 1296 01a8 0E       		.uleb128 0xe
 1297 01a9 03       		.uleb128 0x3
 1298 01aa 0E       		.uleb128 0xe
 1299 01ab 3A       		.uleb128 0x3a
 1300 01ac 0B       		.uleb128 0xb
 1301 01ad 3B       		.uleb128 0x3b
 1302 01ae 0B       		.uleb128 0xb
 1303 01af 00       		.byte	0
 1304 01b0 00       		.byte	0
 1305 01b1 00       		.byte	0
 1306              		.section	.debug_loc,"",%progbits
 1307              	.Ldebug_loc0:
 1308              	.LLST0:
 1309 0000 00000000 		.4byte	.LVL1
 1310 0004 07000000 		.4byte	.LVL3-1
 1311 0008 0100     		.2byte	0x1
 1312 000a 50       		.byte	0x50
 1313 000b 07000000 		.4byte	.LVL3-1
 1314 000f 24000000 		.4byte	.LFE7
 1315 0013 0400     		.2byte	0x4
 1316 0015 F3       		.byte	0xf3
 1317 0016 01       		.uleb128 0x1
 1318 0017 50       		.byte	0x50
 1319 0018 9F       		.byte	0x9f
 1320 0019 00000000 		.4byte	0
 1321 001d 00000000 		.4byte	0
 1322              	.LLST1:
 1323 0021 08000000 		.4byte	.LVL3
 1324 0025 19000000 		.4byte	.LVL4-1
 1325 0029 0100     		.2byte	0x1
 1326 002b 50       		.byte	0x50
 1327 002c 00000000 		.4byte	0
 1328 0030 00000000 		.4byte	0
 1329              	.LLST2:
 1330 0034 06000000 		.4byte	.LVL6
 1331 0038 0A000000 		.4byte	.LVL7
 1332 003c 0500     		.2byte	0x5
 1333 003e 70       		.byte	0x70
 1334 003f 00       		.sleb128 0
 1335 0040 33       		.byte	0x33
 1336 0041 1A       		.byte	0x1a
 1337 0042 9F       		.byte	0x9f
 1338 0043 0A000000 		.4byte	.LVL7
 1339 0047 10000000 		.4byte	.LFE8
 1340 004b 0100     		.2byte	0x1
 1341 004d 50       		.byte	0x50
ARM GAS  C:\Users\TERENC~1\AppData\Local\Temp\ccFdALSG.s 			page 32


 1342 004e 00000000 		.4byte	0
 1343 0052 00000000 		.4byte	0
 1344              	.LLST3:
 1345 0056 00000000 		.4byte	.LVL12
 1346 005a 07000000 		.4byte	.LVL13-1
 1347 005e 0100     		.2byte	0x1
 1348 0060 50       		.byte	0x50
 1349 0061 07000000 		.4byte	.LVL13-1
 1350 0065 18000000 		.4byte	.LVL17
 1351 0069 0100     		.2byte	0x1
 1352 006b 54       		.byte	0x54
 1353 006c 18000000 		.4byte	.LVL17
 1354 0070 1A000000 		.4byte	.LFE2
 1355 0074 0400     		.2byte	0x4
 1356 0076 F3       		.byte	0xf3
 1357 0077 01       		.uleb128 0x1
 1358 0078 50       		.byte	0x50
 1359 0079 9F       		.byte	0x9f
 1360 007a 00000000 		.4byte	0
 1361 007e 00000000 		.4byte	0
 1362              		.section	.debug_aranges,"",%progbits
 1363 0000 7C000000 		.4byte	0x7c
 1364 0004 0200     		.2byte	0x2
 1365 0006 00000000 		.4byte	.Ldebug_info0
 1366 000a 04       		.byte	0x4
 1367 000b 00       		.byte	0
 1368 000c 0000     		.2byte	0
 1369 000e 0000     		.2byte	0
 1370 0010 00000000 		.4byte	.LFB5
 1371 0014 0C000000 		.4byte	.LFE5-.LFB5
 1372 0018 00000000 		.4byte	.LFB6
 1373 001c 0C000000 		.4byte	.LFE6-.LFB6
 1374 0020 00000000 		.4byte	.LFB7
 1375 0024 24000000 		.4byte	.LFE7-.LFB7
 1376 0028 00000000 		.4byte	.LFB8
 1377 002c 10000000 		.4byte	.LFE8-.LFB8
 1378 0030 00000000 		.4byte	.LFB9
 1379 0034 10000000 		.4byte	.LFE9-.LFB9
 1380 0038 00000000 		.4byte	.LFB10
 1381 003c 14000000 		.4byte	.LFE10-.LFB10
 1382 0040 00000000 		.4byte	.LFB11
 1383 0044 10000000 		.4byte	.LFE11-.LFB11
 1384 0048 00000000 		.4byte	.LFB1
 1385 004c 1C000000 		.4byte	.LFE1-.LFB1
 1386 0050 00000000 		.4byte	.LFB2
 1387 0054 1A000000 		.4byte	.LFE2-.LFB2
 1388 0058 00000000 		.4byte	.LFB3
 1389 005c 14000000 		.4byte	.LFE3-.LFB3
 1390 0060 00000000 		.4byte	.LFB12
 1391 0064 10000000 		.4byte	.LFE12-.LFB12
 1392 0068 00000000 		.4byte	.LFB13
 1393 006c 10000000 		.4byte	.LFE13-.LFB13
 1394 0070 00000000 		.4byte	.LFB4
 1395 0074 0E000000 		.4byte	.LFE4-.LFB4
 1396 0078 00000000 		.4byte	0
 1397 007c 00000000 		.4byte	0
 1398              		.section	.debug_ranges,"",%progbits
ARM GAS  C:\Users\TERENC~1\AppData\Local\Temp\ccFdALSG.s 			page 33


 1399              	.Ldebug_ranges0:
 1400 0000 00000000 		.4byte	.LFB5
 1401 0004 0C000000 		.4byte	.LFE5
 1402 0008 00000000 		.4byte	.LFB6
 1403 000c 0C000000 		.4byte	.LFE6
 1404 0010 00000000 		.4byte	.LFB7
 1405 0014 24000000 		.4byte	.LFE7
 1406 0018 00000000 		.4byte	.LFB8
 1407 001c 10000000 		.4byte	.LFE8
 1408 0020 00000000 		.4byte	.LFB9
 1409 0024 10000000 		.4byte	.LFE9
 1410 0028 00000000 		.4byte	.LFB10
 1411 002c 14000000 		.4byte	.LFE10
 1412 0030 00000000 		.4byte	.LFB11
 1413 0034 10000000 		.4byte	.LFE11
 1414 0038 00000000 		.4byte	.LFB1
 1415 003c 1C000000 		.4byte	.LFE1
 1416 0040 00000000 		.4byte	.LFB2
 1417 0044 1A000000 		.4byte	.LFE2
 1418 0048 00000000 		.4byte	.LFB3
 1419 004c 14000000 		.4byte	.LFE3
 1420 0050 00000000 		.4byte	.LFB12
 1421 0054 10000000 		.4byte	.LFE12
 1422 0058 00000000 		.4byte	.LFB13
 1423 005c 10000000 		.4byte	.LFE13
 1424 0060 00000000 		.4byte	.LFB4
 1425 0064 0E000000 		.4byte	.LFE4
 1426 0068 00000000 		.4byte	0
 1427 006c 00000000 		.4byte	0
 1428              		.section	.debug_line,"",%progbits
 1429              	.Ldebug_line0:
 1430 0000 69020000 		.section	.debug_str,"MS",%progbits,1
 1430      02006701 
 1430      00000201 
 1430      FB0E0D00 
 1430      01010101 
 1431              	.LASF16:
 1432 0000 72656733 		.ascii	"reg32\000"
 1432      3200
 1433              	.LASF37:
 1434 0006 4C4D5F4C 		.ascii	"LM_LED_GREEN\000"
 1434      45445F47 
 1434      5245454E 
 1434      00
 1435              	.LASF47:
 1436 0013 47656E65 		.ascii	"Generated_Source\\PSoC4\\LED_BLUE_PWM_ISR.c\000"
 1436      72617465 
 1436      645F536F 
 1436      75726365 
 1436      5C50536F 
 1437              	.LASF50:
 1438 003d 43795261 		.ascii	"CyRamVectors\000"
 1438      6D566563 
 1438      746F7273 
 1438      00
 1439              	.LASF38:
 1440 004a 4C4D5F4C 		.ascii	"LM_LED_BLUE\000"
ARM GAS  C:\Users\TERENC~1\AppData\Local\Temp\ccFdALSG.s 			page 34


 1440      45445F42 
 1440      4C554500 
 1441              	.LASF4:
 1442 0056 6C6F6E67 		.ascii	"long int\000"
 1442      20696E74 
 1442      00
 1443              	.LASF34:
 1444 005f 4C45445F 		.ascii	"LED_BLUE_PWM_ISR_ClearPending\000"
 1444      424C5545 
 1444      5F50574D 
 1444      5F495352 
 1444      5F436C65 
 1445              	.LASF3:
 1446 007d 73686F72 		.ascii	"short unsigned int\000"
 1446      7420756E 
 1446      7369676E 
 1446      65642069 
 1446      6E7400
 1447              	.LASF21:
 1448 0090 4C45445F 		.ascii	"LED_BLUE_PWM_ISR_SetPriority\000"
 1448      424C5545 
 1448      5F50574D 
 1448      5F495352 
 1448      5F536574 
 1449              	.LASF31:
 1450 00ad 4C45445F 		.ascii	"LED_BLUE_PWM_ISR_StartEx\000"
 1450      424C5545 
 1450      5F50574D 
 1450      5F495352 
 1450      5F537461 
 1451              	.LASF20:
 1452 00c6 4C45445F 		.ascii	"LED_BLUE_PWM_ISR_SetVector\000"
 1452      424C5545 
 1452      5F50574D 
 1452      5F495352 
 1452      5F536574 
 1453              	.LASF13:
 1454 00e1 666C6F61 		.ascii	"float\000"
 1454      7400
 1455              	.LASF7:
 1456 00e7 6C6F6E67 		.ascii	"long long unsigned int\000"
 1456      206C6F6E 
 1456      6720756E 
 1456      7369676E 
 1456      65642069 
 1457              	.LASF27:
 1458 00fe 4C45445F 		.ascii	"LED_BLUE_PWM_ISR_GetState\000"
 1458      424C5545 
 1458      5F50574D 
 1458      5F495352 
 1458      5F476574 
 1459              	.LASF29:
 1460 0118 4C45445F 		.ascii	"LED_BLUE_PWM_ISR_Disable\000"
 1460      424C5545 
 1460      5F50574D 
 1460      5F495352 
 1460      5F446973 
ARM GAS  C:\Users\TERENC~1\AppData\Local\Temp\ccFdALSG.s 			page 35


 1461              	.LASF1:
 1462 0131 756E7369 		.ascii	"unsigned char\000"
 1462      676E6564 
 1462      20636861 
 1462      7200
 1463              	.LASF33:
 1464 013f 4C45445F 		.ascii	"LED_BLUE_PWM_ISR_SetPending\000"
 1464      424C5545 
 1464      5F50574D 
 1464      5F495352 
 1464      5F536574 
 1465              	.LASF24:
 1466 015b 696E7465 		.ascii	"interruptState\000"
 1466      72727570 
 1466      74537461 
 1466      746500
 1467              	.LASF5:
 1468 016a 6C6F6E67 		.ascii	"long unsigned int\000"
 1468      20756E73 
 1468      69676E65 
 1468      6420696E 
 1468      7400
 1469              	.LASF11:
 1470 017c 75696E74 		.ascii	"uint8\000"
 1470      3800
 1471              	.LASF43:
 1472 0182 4C65644D 		.ascii	"LedManagerInterruptHandler\000"
 1472      616E6167 
 1472      6572496E 
 1472      74657272 
 1472      75707448 
 1473              	.LASF48:
 1474 019d 433A5C64 		.ascii	"C:\\dev\\git\\icebreaker\\Icebreaker.cydsn\000"
 1474      65765C67 
 1474      69745C69 
 1474      63656272 
 1474      65616B65 
 1475              	.LASF9:
 1476 01c4 5F5F7569 		.ascii	"__uint32_t\000"
 1476      6E743332 
 1476      5F7400
 1477              	.LASF14:
 1478 01cf 646F7562 		.ascii	"double\000"
 1478      6C6500
 1479              	.LASF30:
 1480 01d6 4C45445F 		.ascii	"LED_BLUE_PWM_ISR_Start\000"
 1480      424C5545 
 1480      5F50574D 
 1480      5F495352 
 1480      5F537461 
 1481              	.LASF23:
 1482 01ed 7072696F 		.ascii	"priority\000"
 1482      72697479 
 1482      00
 1483              	.LASF12:
 1484 01f6 75696E74 		.ascii	"uint32\000"
 1484      333200
ARM GAS  C:\Users\TERENC~1\AppData\Local\Temp\ccFdALSG.s 			page 36


 1485              	.LASF44:
 1486 01fd 4379456E 		.ascii	"CyEnterCriticalSection\000"
 1486      74657243 
 1486      72697469 
 1486      63616C53 
 1486      65637469 
 1487              	.LASF42:
 1488 0214 4C65644D 		.ascii	"LedManagerStopOverride\000"
 1488      616E6167 
 1488      65725374 
 1488      6F704F76 
 1488      65727269 
 1489              	.LASF8:
 1490 022b 756E7369 		.ascii	"unsigned int\000"
 1490      676E6564 
 1490      20696E74 
 1490      00
 1491              	.LASF36:
 1492 0238 4C4D5F4C 		.ascii	"LM_LED_RED\000"
 1492      45445F52 
 1492      454400
 1493              	.LASF22:
 1494 0243 61646472 		.ascii	"address\000"
 1494      65737300 
 1495              	.LASF45:
 1496 024b 43794578 		.ascii	"CyExitCriticalSection\000"
 1496      69744372 
 1496      69746963 
 1496      616C5365 
 1496      6374696F 
 1497              	.LASF26:
 1498 0261 4C45445F 		.ascii	"LED_BLUE_PWM_ISR_GetVector\000"
 1498      424C5545 
 1498      5F50574D 
 1498      5F495352 
 1498      5F476574 
 1499              	.LASF35:
 1500 027c 4C45445F 		.ascii	"LED_BLUE_PWM_ISR_Interrupt\000"
 1500      424C5545 
 1500      5F50574D 
 1500      5F495352 
 1500      5F496E74 
 1501              	.LASF17:
 1502 0297 63796973 		.ascii	"cyisraddress\000"
 1502      72616464 
 1502      72657373 
 1502      00
 1503              	.LASF32:
 1504 02a4 4C45445F 		.ascii	"LED_BLUE_PWM_ISR_Stop\000"
 1504      424C5545 
 1504      5F50574D 
 1504      5F495352 
 1504      5F53746F 
 1505              	.LASF46:
 1506 02ba 474E5520 		.ascii	"GNU C11 5.4.1 20160609 (release) [ARM/embedded-5-br"
 1506      43313120 
 1506      352E342E 
ARM GAS  C:\Users\TERENC~1\AppData\Local\Temp\ccFdALSG.s 			page 37


 1506      31203230 
 1506      31363036 
 1507 02ed 616E6368 		.ascii	"anch revision 237715] -mcpu=cortex-m0 -mthumb -g -O"
 1507      20726576 
 1507      6973696F 
 1507      6E203233 
 1507      37373135 
 1508 0320 67202D66 		.ascii	"g -ffunction-sections -ffat-lto-objects\000"
 1508      66756E63 
 1508      74696F6E 
 1508      2D736563 
 1508      74696F6E 
 1509              	.LASF28:
 1510 0348 4C45445F 		.ascii	"LED_BLUE_PWM_ISR_Enable\000"
 1510      424C5545 
 1510      5F50574D 
 1510      5F495352 
 1510      5F456E61 
 1511              	.LASF19:
 1512 0360 73697A65 		.ascii	"sizetype\000"
 1512      74797065 
 1512      00
 1513              	.LASF40:
 1514 0369 4C4D5F4C 		.ascii	"LM_LED_e\000"
 1514      45445F65 
 1514      00
 1515              	.LASF6:
 1516 0372 6C6F6E67 		.ascii	"long long int\000"
 1516      206C6F6E 
 1516      6720696E 
 1516      7400
 1517              	.LASF15:
 1518 0380 63686172 		.ascii	"char\000"
 1518      00
 1519              	.LASF41:
 1520 0385 4C65644D 		.ascii	"LedManagerStartOverride\000"
 1520      616E6167 
 1520      65725374 
 1520      6172744F 
 1520      76657272 
 1521              	.LASF2:
 1522 039d 73686F72 		.ascii	"short int\000"
 1522      7420696E 
 1522      7400
 1523              	.LASF25:
 1524 03a7 7072696F 		.ascii	"priorityOffset\000"
 1524      72697479 
 1524      4F666673 
 1524      657400
 1525              	.LASF10:
 1526 03b6 75696E74 		.ascii	"uint32_t\000"
 1526      33325F74 
 1526      00
 1527              	.LASF49:
 1528 03bf 4C45445F 		.ascii	"LED_BLUE_PWM_ISR_GetPriority\000"
 1528      424C5545 
 1528      5F50574D 
ARM GAS  C:\Users\TERENC~1\AppData\Local\Temp\ccFdALSG.s 			page 38


 1528      5F495352 
 1528      5F476574 
 1529              	.LASF39:
 1530 03dc 4C4D5F4C 		.ascii	"LM_LED_MAX\000"
 1530      45445F4D 
 1530      415800
 1531              	.LASF18:
 1532 03e7 6C6F6E67 		.ascii	"long double\000"
 1532      20646F75 
 1532      626C6500 
 1533              	.LASF0:
 1534 03f3 7369676E 		.ascii	"signed char\000"
 1534      65642063 
 1534      68617200 
 1535              		.ident	"GCC: (GNU Tools for ARM Embedded Processors) 5.4.1 20160609 (release) [ARM/embedded-5-bran
