ARM GAS  C:\Users\TERENC~1\AppData\Local\Temp\ccaCxr18.s 			page 1


   1              		.syntax unified
   2              		.cpu cortex-m0
   3              		.fpu softvfp
   4              		.eabi_attribute 20, 1
   5              		.eabi_attribute 21, 1
   6              		.eabi_attribute 23, 3
   7              		.eabi_attribute 24, 1
   8              		.eabi_attribute 25, 1
   9              		.eabi_attribute 26, 1
  10              		.eabi_attribute 30, 1
  11              		.eabi_attribute 34, 0
  12              		.eabi_attribute 18, 4
  13              		.thumb
  14              		.syntax unified
  15              		.file	"LedManager.c"
  16              		.text
  17              	.Ltext0:
  18              		.cfi_sections	.debug_frame
  19              		.section	.text.LedManagerStartOverride,"ax",%progbits
  20              		.align	2
  21              		.global	LedManagerStartOverride
  22              		.code	16
  23              		.thumb_func
  24              		.type	LedManagerStartOverride, %function
  25              	LedManagerStartOverride:
  26              	.LFB1:
  27              		.file 1 "LedManager.c"
   1:LedManager.c  **** /* ========================================
   2:LedManager.c  ****  *
   3:LedManager.c  ****  * Copyright YOUR COMPANY, THE YEAR
   4:LedManager.c  ****  * All Rights Reserved
   5:LedManager.c  ****  * UNPUBLISHED, LICENSED SOFTWARE.
   6:LedManager.c  ****  *
   7:LedManager.c  ****  * CONFIDENTIAL AND PROPRIETARY INFORMATION
   8:LedManager.c  ****  * WHICH IS THE PROPERTY OF your company.
   9:LedManager.c  ****  *
  10:LedManager.c  ****  * ========================================
  11:LedManager.c  **** */
  12:LedManager.c  **** #include <LedManager.h>
  13:LedManager.c  **** #include <LED_RED_PWM_ISR.h>
  14:LedManager.c  **** #include <LED_BLUE_PWM_ISR.h>
  15:LedManager.c  **** #include <LED_RED_PWM.h>
  16:LedManager.c  **** #include <LED_BLUE_PWM.h>
  17:LedManager.c  **** #include <stdbool.h>
  18:LedManager.c  **** 
  19:LedManager.c  **** typedef struct
  20:LedManager.c  **** {
  21:LedManager.c  ****     void (* startIsr)(void);
  22:LedManager.c  ****     void (* start)(void);
  23:LedManager.c  ****     void (* stop)(void);
  24:LedManager.c  ****     void (* writeCounter)(uint32 count);
  25:LedManager.c  ****     uint32 (* readCounter)(void);
  26:LedManager.c  ****     void (* writePeriod)(uint32 period);
  27:LedManager.c  ****     uint32 (* readPeriod)(void);
  28:LedManager.c  ****     void (* writeCompare)(uint32 compare);
  29:LedManager.c  ****     uint32 (* readCompare)(void);
  30:LedManager.c  **** } pwm_callbacks_s;
ARM GAS  C:\Users\TERENC~1\AppData\Local\Temp\ccaCxr18.s 			page 2


  31:LedManager.c  **** 
  32:LedManager.c  **** static pwm_callbacks_s pwm[LM_LED_MAX] = 
  33:LedManager.c  **** {
  34:LedManager.c  ****     // LM_LED_RED
  35:LedManager.c  ****     {
  36:LedManager.c  ****         .startIsr = LED_RED_PWM_ISR_Start,
  37:LedManager.c  ****         .start = LED_RED_PWM_Start,
  38:LedManager.c  ****         .stop = LED_RED_PWM_Stop,
  39:LedManager.c  ****         .writeCounter = LED_RED_PWM_WriteCounter,
  40:LedManager.c  ****         .readCounter = LED_RED_PWM_ReadCounter,
  41:LedManager.c  ****         .writePeriod = LED_RED_PWM_WritePeriod,
  42:LedManager.c  ****         .readPeriod = LED_RED_PWM_ReadPeriod,
  43:LedManager.c  ****         .writeCompare = LED_RED_PWM_WriteCompare,
  44:LedManager.c  ****         .readCompare = LED_RED_PWM_ReadCompare
  45:LedManager.c  ****     },
  46:LedManager.c  ****     // LM_LED_GREEN
  47:LedManager.c  ****     {
  48:LedManager.c  **** //        .startIsr = LED_GREEN_PWM_ISR_Start,
  49:LedManager.c  **** //        .start = LED_GREEN_PWM_Start,
  50:LedManager.c  **** //        .stop = LED_GREEN_PWM_Stop,
  51:LedManager.c  **** //        .writeCounter = LED_GREEN_PWM_WriteCounter,
  52:LedManager.c  **** //        .readCounter = LED_GREEN_PWM_ReadCounter,
  53:LedManager.c  **** //        .writePeriod = LED_GREEN_PWM_WritePeriod,
  54:LedManager.c  **** //        .readPeriod = LED_GREEN_PWM_ReadPeriod,
  55:LedManager.c  **** //        .writeCompare = LED_GREEN_PWM_WriteCompare,
  56:LedManager.c  **** //        .readCompare = LED_GREEN_PWM_ReadCompare
  57:LedManager.c  ****     },
  58:LedManager.c  ****     // LM_LED_BLUE
  59:LedManager.c  ****     {
  60:LedManager.c  ****         .startIsr = LED_BLUE_PWM_ISR_Start,
  61:LedManager.c  ****         .start = LED_BLUE_PWM_Start,
  62:LedManager.c  ****         .stop = LED_BLUE_PWM_Stop,
  63:LedManager.c  ****         .writeCounter = LED_BLUE_PWM_WriteCounter,
  64:LedManager.c  ****         .readCounter = LED_BLUE_PWM_ReadCounter,
  65:LedManager.c  ****         .writePeriod = LED_BLUE_PWM_WritePeriod,
  66:LedManager.c  ****         .readPeriod = LED_BLUE_PWM_ReadPeriod,
  67:LedManager.c  ****         .writeCompare = LED_BLUE_PWM_WriteCompare,
  68:LedManager.c  ****         .readCompare = LED_BLUE_PWM_ReadCompare
  69:LedManager.c  ****     },
  70:LedManager.c  **** };
  71:LedManager.c  **** 
  72:LedManager.c  **** static bool override[LM_LED_MAX];
  73:LedManager.c  **** static int32 change[LM_LED_MAX];
  74:LedManager.c  **** 
  75:LedManager.c  **** void LedManagerStartOverride(LM_LED_e ledIdx, uint32_t pwmPeriod, uint32_t pwmCompare, uint32_t pwm
  76:LedManager.c  **** {
  28              		.loc 1 76 0
  29              		.cfi_startproc
  30              		@ args = 0, pretend = 0, frame = 16
  31              		@ frame_needed = 0, uses_anonymous_args = 0
  32              	.LVL0:
  33 0000 F0B5     		push	{r4, r5, r6, r7, lr}
  34              		.cfi_def_cfa_offset 20
  35              		.cfi_offset 4, -20
  36              		.cfi_offset 5, -16
  37              		.cfi_offset 6, -12
  38              		.cfi_offset 7, -8
ARM GAS  C:\Users\TERENC~1\AppData\Local\Temp\ccaCxr18.s 			page 3


  39              		.cfi_offset 14, -4
  40 0002 85B0     		sub	sp, sp, #20
  41              		.cfi_def_cfa_offset 40
  42 0004 0400     		movs	r4, r0
  43 0006 0191     		str	r1, [sp, #4]
  44 0008 0292     		str	r2, [sp, #8]
  45 000a 0393     		str	r3, [sp, #12]
  77:LedManager.c  ****     override[ledIdx] = true;
  46              		.loc 1 77 0
  47 000c 0E4E     		ldr	r6, .L2
  48 000e 0123     		movs	r3, #1
  49              	.LVL1:
  50 0010 3354     		strb	r3, [r6, r0]
  78:LedManager.c  **** 
  79:LedManager.c  ****     pwm[ledIdx].startIsr();
  51              		.loc 1 79 0
  52 0012 0E4F     		ldr	r7, .L2+4
  53 0014 C500     		lsls	r5, r0, #3
  54 0016 2A18     		adds	r2, r5, r0
  55              	.LVL2:
  56 0018 9300     		lsls	r3, r2, #2
  57 001a DB59     		ldr	r3, [r3, r7]
  58 001c 9847     		blx	r3
  59              	.LVL3:
  80:LedManager.c  ****     pwm[ledIdx].start();
  60              		.loc 1 80 0
  61 001e 2A19     		adds	r2, r5, r4
  62 0020 9300     		lsls	r3, r2, #2
  63 0022 FF18     		adds	r7, r7, r3
  64 0024 7B68     		ldr	r3, [r7, #4]
  65 0026 9847     		blx	r3
  66              	.LVL4:
  81:LedManager.c  ****     pwm[ledIdx].writePeriod(pwmPeriod);
  67              		.loc 1 81 0
  68 0028 0198     		ldr	r0, [sp, #4]
  69 002a 7969     		ldr	r1, [r7, #20]
  70 002c 8847     		blx	r1
  71              	.LVL5:
  82:LedManager.c  ****     pwm[ledIdx].writeCounter(pwmCounter);
  72              		.loc 1 82 0
  73 002e 0398     		ldr	r0, [sp, #12]
  74 0030 FB68     		ldr	r3, [r7, #12]
  75 0032 9847     		blx	r3
  76              	.LVL6:
  83:LedManager.c  ****     pwm[ledIdx].writeCompare(pwmCompare);
  77              		.loc 1 83 0
  78 0034 FB69     		ldr	r3, [r7, #28]
  79 0036 029D     		ldr	r5, [sp, #8]
  80 0038 2800     		movs	r0, r5
  81 003a 9847     		blx	r3
  82              	.LVL7:
  84:LedManager.c  ****     
  85:LedManager.c  ****     change[ledIdx] = pwmCompare;
  83              		.loc 1 85 0
  84 003c A400     		lsls	r4, r4, #2
  85 003e 3419     		adds	r4, r6, r4
  86 0040 6560     		str	r5, [r4, #4]
ARM GAS  C:\Users\TERENC~1\AppData\Local\Temp\ccaCxr18.s 			page 4


  86:LedManager.c  **** }
  87              		.loc 1 86 0
  88 0042 05B0     		add	sp, sp, #20
  89              		@ sp needed
  90 0044 F0BD     		pop	{r4, r5, r6, r7, pc}
  91              	.L3:
  92 0046 C046     		.align	2
  93              	.L2:
  94 0048 00000000 		.word	.LANCHOR0
  95 004c 00000000 		.word	.LANCHOR1
  96              		.cfi_endproc
  97              	.LFE1:
  98              		.size	LedManagerStartOverride, .-LedManagerStartOverride
  99              		.section	.text.LedManagerStopOverride,"ax",%progbits
 100              		.align	2
 101              		.global	LedManagerStopOverride
 102              		.code	16
 103              		.thumb_func
 104              		.type	LedManagerStopOverride, %function
 105              	LedManagerStopOverride:
 106              	.LFB2:
  87:LedManager.c  **** 
  88:LedManager.c  **** void LedManagerStopOverride(LM_LED_e ledIdx)
  89:LedManager.c  **** {
 107              		.loc 1 89 0
 108              		.cfi_startproc
 109              		@ args = 0, pretend = 0, frame = 0
 110              		@ frame_needed = 0, uses_anonymous_args = 0
 111              	.LVL8:
 112 0000 10B5     		push	{r4, lr}
 113              		.cfi_def_cfa_offset 8
 114              		.cfi_offset 4, -8
 115              		.cfi_offset 14, -4
 116 0002 0400     		movs	r4, r0
  90:LedManager.c  ****     pwm[ledIdx].stop();
 117              		.loc 1 90 0
 118 0004 C200     		lsls	r2, r0, #3
 119 0006 1218     		adds	r2, r2, r0
 120 0008 9300     		lsls	r3, r2, #2
 121 000a 044A     		ldr	r2, .L5
 122 000c D318     		adds	r3, r2, r3
 123 000e 9B68     		ldr	r3, [r3, #8]
 124 0010 9847     		blx	r3
 125              	.LVL9:
  91:LedManager.c  ****     override[ledIdx] = false;
 126              		.loc 1 91 0
 127 0012 0022     		movs	r2, #0
 128 0014 024B     		ldr	r3, .L5+4
 129 0016 1A55     		strb	r2, [r3, r4]
  92:LedManager.c  **** }
 130              		.loc 1 92 0
 131              		@ sp needed
 132 0018 10BD     		pop	{r4, pc}
 133              	.L6:
 134 001a C046     		.align	2
 135              	.L5:
 136 001c 00000000 		.word	.LANCHOR1
ARM GAS  C:\Users\TERENC~1\AppData\Local\Temp\ccaCxr18.s 			page 5


 137 0020 00000000 		.word	.LANCHOR0
 138              		.cfi_endproc
 139              	.LFE2:
 140              		.size	LedManagerStopOverride, .-LedManagerStopOverride
 141              		.section	.text.LedManagerInterruptHandler,"ax",%progbits
 142              		.align	2
 143              		.global	LedManagerInterruptHandler
 144              		.code	16
 145              		.thumb_func
 146              		.type	LedManagerInterruptHandler, %function
 147              	LedManagerInterruptHandler:
 148              	.LFB3:
  93:LedManager.c  **** 
  94:LedManager.c  **** void LedManagerInterruptHandler(LM_LED_e ledIdx)
  95:LedManager.c  **** {
 149              		.loc 1 95 0
 150              		.cfi_startproc
 151              		@ args = 0, pretend = 0, frame = 0
 152              		@ frame_needed = 0, uses_anonymous_args = 0
 153              	.LVL10:
 154 0000 70B5     		push	{r4, r5, r6, lr}
 155              		.cfi_def_cfa_offset 16
 156              		.cfi_offset 4, -16
 157              		.cfi_offset 5, -12
 158              		.cfi_offset 6, -8
 159              		.cfi_offset 14, -4
 160 0002 0400     		movs	r4, r0
  96:LedManager.c  ****     if (override[ledIdx])
 161              		.loc 1 96 0
 162 0004 274B     		ldr	r3, .L15
 163 0006 1B5C     		ldrb	r3, [r3, r0]
 164 0008 002B     		cmp	r3, #0
 165 000a 4AD0     		beq	.L7
  97:LedManager.c  ****     {
  98:LedManager.c  ****         switch (ledIdx)
 166              		.loc 1 98 0
 167 000c 0028     		cmp	r0, #0
 168 000e 02D0     		beq	.L10
 169 0010 0228     		cmp	r0, #2
 170 0012 04D0     		beq	.L11
 171 0014 06E0     		b	.L9
 172              	.L10:
  99:LedManager.c  ****         {
 100:LedManager.c  ****             case LM_LED_RED:
 101:LedManager.c  ****                 LED_RED_PWM_ClearInterrupt(LED_RED_PWM_INTR_MASK_TC);
 173              		.loc 1 101 0
 174 0016 0120     		movs	r0, #1
 175              	.LVL11:
 176 0018 FFF7FEFF 		bl	LED_RED_PWM_ClearInterrupt
 177              	.LVL12:
 102:LedManager.c  ****                 break;
 178              		.loc 1 102 0
 179 001c 02E0     		b	.L9
 180              	.LVL13:
 181              	.L11:
 103:LedManager.c  ****             
 104:LedManager.c  ****             case LM_LED_BLUE:
ARM GAS  C:\Users\TERENC~1\AppData\Local\Temp\ccaCxr18.s 			page 6


 105:LedManager.c  ****                 LED_BLUE_PWM_ClearInterrupt(LED_BLUE_PWM_INTR_MASK_TC);
 182              		.loc 1 105 0
 183 001e 0120     		movs	r0, #1
 184              	.LVL14:
 185 0020 FFF7FEFF 		bl	LED_BLUE_PWM_ClearInterrupt
 186              	.LVL15:
 187              	.L9:
 106:LedManager.c  ****                 break;
 107:LedManager.c  **** 
 108:LedManager.c  ****             default:
 109:LedManager.c  ****                 break;
 110:LedManager.c  ****         }
 111:LedManager.c  ****         
 112:LedManager.c  ****         if ((change[ledIdx] > 0 && (pwm[ledIdx].readCompare() + change[ledIdx]) <= pwm[ledIdx].read
 188              		.loc 1 112 0
 189 0024 A300     		lsls	r3, r4, #2
 190 0026 1F4A     		ldr	r2, .L15
 191 0028 D318     		adds	r3, r2, r3
 192 002a 5B68     		ldr	r3, [r3, #4]
 193 002c 002B     		cmp	r3, #0
 194 002e 0FDD     		ble	.L12
 195              		.loc 1 112 0 is_stmt 0 discriminator 1
 196 0030 E300     		lsls	r3, r4, #3
 197 0032 1B19     		adds	r3, r3, r4
 198 0034 9A00     		lsls	r2, r3, #2
 199 0036 1C4D     		ldr	r5, .L15+4
 200 0038 AD18     		adds	r5, r5, r2
 201 003a 2B6A     		ldr	r3, [r5, #32]
 202 003c 9847     		blx	r3
 203              	.LVL16:
 204 003e A300     		lsls	r3, r4, #2
 205 0040 184A     		ldr	r2, .L15
 206 0042 D318     		adds	r3, r2, r3
 207 0044 5E68     		ldr	r6, [r3, #4]
 208 0046 3618     		adds	r6, r6, r0
 209 0048 AB69     		ldr	r3, [r5, #24]
 210 004a 9847     		blx	r3
 211              	.LVL17:
 212 004c 8642     		cmp	r6, r0
 213 004e 13D9     		bls	.L13
 214              	.L12:
 113:LedManager.c  ****             (change[ledIdx] < 0 && ((int32)pwm[ledIdx].readCompare() + change[ledIdx]) >= 1))
 215              		.loc 1 113 0 is_stmt 1 discriminator 3
 216 0050 A300     		lsls	r3, r4, #2
 217 0052 144A     		ldr	r2, .L15
 218 0054 D318     		adds	r3, r2, r3
 219 0056 5B68     		ldr	r3, [r3, #4]
 112:LedManager.c  ****             (change[ledIdx] < 0 && ((int32)pwm[ledIdx].readCompare() + change[ledIdx]) >= 1))
 220              		.loc 1 112 0 discriminator 3
 221 0058 002B     		cmp	r3, #0
 222 005a 1CDA     		bge	.L14
 223              		.loc 1 113 0
 224 005c E200     		lsls	r2, r4, #3
 225 005e 1219     		adds	r2, r2, r4
 226 0060 9300     		lsls	r3, r2, #2
 227 0062 114A     		ldr	r2, .L15+4
 228 0064 D318     		adds	r3, r2, r3
ARM GAS  C:\Users\TERENC~1\AppData\Local\Temp\ccaCxr18.s 			page 7


 229 0066 1B6A     		ldr	r3, [r3, #32]
 230 0068 9847     		blx	r3
 231              	.LVL18:
 232 006a A300     		lsls	r3, r4, #2
 233 006c 0D4A     		ldr	r2, .L15
 234 006e D318     		adds	r3, r2, r3
 235 0070 5B68     		ldr	r3, [r3, #4]
 236 0072 C018     		adds	r0, r0, r3
 237 0074 0028     		cmp	r0, #0
 238 0076 0EDD     		ble	.L14
 239              	.L13:
 114:LedManager.c  ****         {
 115:LedManager.c  ****             pwm[ledIdx].writeCompare(pwm[ledIdx].readCompare() + change[ledIdx]);
 240              		.loc 1 115 0
 241 0078 E200     		lsls	r2, r4, #3
 242 007a 1219     		adds	r2, r2, r4
 243 007c 9300     		lsls	r3, r2, #2
 244 007e 0A4A     		ldr	r2, .L15+4
 245 0080 D318     		adds	r3, r2, r3
 246 0082 DD69     		ldr	r5, [r3, #28]
 247 0084 1B6A     		ldr	r3, [r3, #32]
 248 0086 9847     		blx	r3
 249              	.LVL19:
 250 0088 A400     		lsls	r4, r4, #2
 251 008a 064B     		ldr	r3, .L15
 252 008c 1C19     		adds	r4, r3, r4
 253 008e 6368     		ldr	r3, [r4, #4]
 254 0090 1818     		adds	r0, r3, r0
 255 0092 A847     		blx	r5
 256              	.LVL20:
 257 0094 05E0     		b	.L7
 258              	.L14:
 116:LedManager.c  ****         }
 117:LedManager.c  ****         else
 118:LedManager.c  ****         {
 119:LedManager.c  ****             // Change direction (next go around)
 120:LedManager.c  ****             change[ledIdx] *= -1;
 259              		.loc 1 120 0
 260 0096 A400     		lsls	r4, r4, #2
 261 0098 024B     		ldr	r3, .L15
 262 009a 1C19     		adds	r4, r3, r4
 263 009c 6368     		ldr	r3, [r4, #4]
 264 009e 5B42     		rsbs	r3, r3, #0
 265 00a0 6360     		str	r3, [r4, #4]
 266              	.L7:
 121:LedManager.c  ****         }
 122:LedManager.c  ****     }
 123:LedManager.c  **** }
 267              		.loc 1 123 0
 268              		@ sp needed
 269 00a2 70BD     		pop	{r4, r5, r6, pc}
 270              	.L16:
 271              		.align	2
 272              	.L15:
 273 00a4 00000000 		.word	.LANCHOR0
 274 00a8 00000000 		.word	.LANCHOR1
 275              		.cfi_endproc
ARM GAS  C:\Users\TERENC~1\AppData\Local\Temp\ccaCxr18.s 			page 8


 276              	.LFE3:
 277              		.size	LedManagerInterruptHandler, .-LedManagerInterruptHandler
 278              		.section	.rodata
 279              		.align	2
 280              		.set	.LANCHOR1,. + 0
 281              		.type	pwm, %object
 282              		.size	pwm, 108
 283              	pwm:
 284 0000 00000000 		.word	LED_RED_PWM_ISR_Start
 285 0004 00000000 		.word	LED_RED_PWM_Start
 286 0008 00000000 		.word	LED_RED_PWM_Stop
 287 000c 00000000 		.word	LED_RED_PWM_WriteCounter
 288 0010 00000000 		.word	LED_RED_PWM_ReadCounter
 289 0014 00000000 		.word	LED_RED_PWM_WritePeriod
 290 0018 00000000 		.word	LED_RED_PWM_ReadPeriod
 291 001c 00000000 		.word	LED_RED_PWM_WriteCompare
 292 0020 00000000 		.word	LED_RED_PWM_ReadCompare
 293 0024 00000000 		.space	36
 293      00000000 
 293      00000000 
 293      00000000 
 293      00000000 
 294 0048 00000000 		.word	LED_BLUE_PWM_ISR_Start
 295 004c 00000000 		.word	LED_BLUE_PWM_Start
 296 0050 00000000 		.word	LED_BLUE_PWM_Stop
 297 0054 00000000 		.word	LED_BLUE_PWM_WriteCounter
 298 0058 00000000 		.word	LED_BLUE_PWM_ReadCounter
 299 005c 00000000 		.word	LED_BLUE_PWM_WritePeriod
 300 0060 00000000 		.word	LED_BLUE_PWM_ReadPeriod
 301 0064 00000000 		.word	LED_BLUE_PWM_WriteCompare
 302 0068 00000000 		.word	LED_BLUE_PWM_ReadCompare
 303              		.bss
 304              		.align	2
 305              		.set	.LANCHOR0,. + 0
 306              		.type	override, %object
 307              		.size	override, 3
 308              	override:
 309 0000 000000   		.space	3
 310 0003 00       		.space	1
 311              		.type	change, %object
 312              		.size	change, 12
 313              	change:
 314 0004 00000000 		.space	12
 314      00000000 
 314      00000000 
 315              		.text
 316              	.Letext0:
 317              		.file 2 "c:\\program files (x86)\\cypress\\psoc creator\\4.2\\psoc creator\\import\\gnu\\arm\\5.4.
 318              		.file 3 "c:\\program files (x86)\\cypress\\psoc creator\\4.2\\psoc creator\\import\\gnu\\arm\\5.4.
 319              		.file 4 "./LedManager.h"
 320              		.file 5 "Generated_Source\\PSoC4/cytypes.h"
 321              		.file 6 "Generated_Source\\PSoC4/LED_RED_PWM.h"
 322              		.file 7 "Generated_Source\\PSoC4/LED_BLUE_PWM.h"
 323              		.section	.debug_info,"",%progbits
 324              	.Ldebug_info0:
 325 0000 85030000 		.4byte	0x385
 326 0004 0400     		.2byte	0x4
ARM GAS  C:\Users\TERENC~1\AppData\Local\Temp\ccaCxr18.s 			page 9


 327 0006 00000000 		.4byte	.Ldebug_abbrev0
 328 000a 04       		.byte	0x4
 329 000b 01       		.uleb128 0x1
 330 000c B9010000 		.4byte	.LASF45
 331 0010 0C       		.byte	0xc
 332 0011 D5020000 		.4byte	.LASF46
 333 0015 EA000000 		.4byte	.LASF47
 334 0019 00000000 		.4byte	.Ldebug_ranges0+0
 335 001d 00000000 		.4byte	0
 336 0021 00000000 		.4byte	.Ldebug_line0
 337 0025 02       		.uleb128 0x2
 338 0026 01       		.byte	0x1
 339 0027 06       		.byte	0x6
 340 0028 C9020000 		.4byte	.LASF0
 341 002c 02       		.uleb128 0x2
 342 002d 01       		.byte	0x1
 343 002e 08       		.byte	0x8
 344 002f 1E010000 		.4byte	.LASF1
 345 0033 02       		.uleb128 0x2
 346 0034 02       		.byte	0x2
 347 0035 05       		.byte	0x5
 348 0036 78020000 		.4byte	.LASF2
 349 003a 02       		.uleb128 0x2
 350 003b 02       		.byte	0x2
 351 003c 07       		.byte	0x7
 352 003d 54000000 		.4byte	.LASF3
 353 0041 02       		.uleb128 0x2
 354 0042 04       		.byte	0x4
 355 0043 05       		.byte	0x5
 356 0044 A9020000 		.4byte	.LASF4
 357 0048 03       		.uleb128 0x3
 358 0049 4B010000 		.4byte	.LASF9
 359 004d 02       		.byte	0x2
 360 004e 41       		.byte	0x41
 361 004f 53000000 		.4byte	0x53
 362 0053 02       		.uleb128 0x2
 363 0054 04       		.byte	0x4
 364 0055 07       		.byte	0x7
 365 0056 C9000000 		.4byte	.LASF5
 366 005a 02       		.uleb128 0x2
 367 005b 08       		.byte	0x8
 368 005c 05       		.byte	0x5
 369 005d 59020000 		.4byte	.LASF6
 370 0061 02       		.uleb128 0x2
 371 0062 08       		.byte	0x8
 372 0063 07       		.byte	0x7
 373 0064 80010000 		.4byte	.LASF7
 374 0068 04       		.uleb128 0x4
 375 0069 04       		.byte	0x4
 376 006a 05       		.byte	0x5
 377 006b 696E7400 		.ascii	"int\000"
 378 006f 02       		.uleb128 0x2
 379 0070 04       		.byte	0x4
 380 0071 07       		.byte	0x7
 381 0072 5D010000 		.4byte	.LASF8
 382 0076 03       		.uleb128 0x3
 383 0077 E1000000 		.4byte	.LASF10
ARM GAS  C:\Users\TERENC~1\AppData\Local\Temp\ccaCxr18.s 			page 10


 384 007b 03       		.byte	0x3
 385 007c 30       		.byte	0x30
 386 007d 48000000 		.4byte	0x48
 387 0081 05       		.uleb128 0x5
 388 0082 01       		.byte	0x1
 389 0083 2C000000 		.4byte	0x2c
 390 0087 04       		.byte	0x4
 391 0088 12       		.byte	0x12
 392 0089 A6000000 		.4byte	0xa6
 393 008d 06       		.uleb128 0x6
 394 008e 6A010000 		.4byte	.LASF11
 395 0092 00       		.byte	0
 396 0093 06       		.uleb128 0x6
 397 0094 17000000 		.4byte	.LASF12
 398 0098 01       		.byte	0x1
 399 0099 06       		.uleb128 0x6
 400 009a 31000000 		.4byte	.LASF13
 401 009e 02       		.byte	0x2
 402 009f 06       		.uleb128 0x6
 403 00a0 B2020000 		.4byte	.LASF14
 404 00a4 03       		.byte	0x3
 405 00a5 00       		.byte	0
 406 00a6 03       		.uleb128 0x3
 407 00a7 50020000 		.4byte	.LASF15
 408 00ab 04       		.byte	0x4
 409 00ac 17       		.byte	0x17
 410 00ad 81000000 		.4byte	0x81
 411 00b1 07       		.uleb128 0x7
 412 00b2 56010000 		.4byte	.LASF16
 413 00b6 05       		.byte	0x5
 414 00b7 E601     		.2byte	0x1e6
 415 00b9 53000000 		.4byte	0x53
 416 00bd 07       		.uleb128 0x7
 417 00be DB000000 		.4byte	.LASF17
 418 00c2 05       		.byte	0x5
 419 00c3 E901     		.2byte	0x1e9
 420 00c5 41000000 		.4byte	0x41
 421 00c9 02       		.uleb128 0x2
 422 00ca 04       		.byte	0x4
 423 00cb 04       		.byte	0x4
 424 00cc 9C000000 		.4byte	.LASF18
 425 00d0 02       		.uleb128 0x2
 426 00d1 08       		.byte	0x8
 427 00d2 04       		.byte	0x4
 428 00d3 2C010000 		.4byte	.LASF19
 429 00d7 02       		.uleb128 0x2
 430 00d8 01       		.byte	0x1
 431 00d9 08       		.byte	0x8
 432 00da 67020000 		.4byte	.LASF20
 433 00de 08       		.uleb128 0x8
 434 00df 04       		.byte	0x4
 435 00e0 E4000000 		.4byte	0xe4
 436 00e4 09       		.uleb128 0x9
 437 00e5 02       		.uleb128 0x2
 438 00e6 08       		.byte	0x8
 439 00e7 04       		.byte	0x4
 440 00e8 BD020000 		.4byte	.LASF21
ARM GAS  C:\Users\TERENC~1\AppData\Local\Temp\ccaCxr18.s 			page 11


 441 00ec 02       		.uleb128 0x2
 442 00ed 04       		.byte	0x4
 443 00ee 07       		.byte	0x7
 444 00ef 47020000 		.4byte	.LASF22
 445 00f3 0A       		.uleb128 0xa
 446 00f4 24       		.byte	0x24
 447 00f5 01       		.byte	0x1
 448 00f6 13       		.byte	0x13
 449 00f7 68010000 		.4byte	0x168
 450 00fb 0B       		.uleb128 0xb
 451 00fc E8020000 		.4byte	.LASF23
 452 0100 01       		.byte	0x1
 453 0101 15       		.byte	0x15
 454 0102 DE000000 		.4byte	0xde
 455 0106 00       		.byte	0
 456 0107 0B       		.uleb128 0xb
 457 0108 4E000000 		.4byte	.LASF24
 458 010c 01       		.byte	0x1
 459 010d 16       		.byte	0x16
 460 010e DE000000 		.4byte	0xde
 461 0112 04       		.byte	0x4
 462 0113 0B       		.uleb128 0xb
 463 0114 97000000 		.4byte	.LASF25
 464 0118 01       		.byte	0x1
 465 0119 17       		.byte	0x17
 466 011a DE000000 		.4byte	0xde
 467 011e 08       		.byte	0x8
 468 011f 0B       		.uleb128 0xb
 469 0120 11010000 		.4byte	.LASF26
 470 0124 01       		.byte	0x1
 471 0125 18       		.byte	0x18
 472 0126 73010000 		.4byte	0x173
 473 012a 0C       		.byte	0xc
 474 012b 0B       		.uleb128 0xb
 475 012c 9D020000 		.4byte	.LASF27
 476 0130 01       		.byte	0x1
 477 0131 19       		.byte	0x19
 478 0132 7E010000 		.4byte	0x17e
 479 0136 10       		.byte	0x10
 480 0137 0B       		.uleb128 0xb
 481 0138 67000000 		.4byte	.LASF28
 482 013c 01       		.byte	0x1
 483 013d 1A       		.byte	0x1a
 484 013e 73010000 		.4byte	0x173
 485 0142 14       		.byte	0x14
 486 0143 0B       		.uleb128 0xb
 487 0144 7C000000 		.4byte	.LASF29
 488 0148 01       		.byte	0x1
 489 0149 1B       		.byte	0x1b
 490 014a 7E010000 		.4byte	0x17e
 491 014e 18       		.byte	0x18
 492 014f 0B       		.uleb128 0xb
 493 0150 24000000 		.4byte	.LASF30
 494 0154 01       		.byte	0x1
 495 0155 1C       		.byte	0x1c
 496 0156 73010000 		.4byte	0x173
 497 015a 1C       		.byte	0x1c
ARM GAS  C:\Users\TERENC~1\AppData\Local\Temp\ccaCxr18.s 			page 12


 498 015b 0B       		.uleb128 0xb
 499 015c 6C020000 		.4byte	.LASF31
 500 0160 01       		.byte	0x1
 501 0161 1D       		.byte	0x1d
 502 0162 7E010000 		.4byte	0x17e
 503 0166 20       		.byte	0x20
 504 0167 00       		.byte	0
 505 0168 0C       		.uleb128 0xc
 506 0169 73010000 		.4byte	0x173
 507 016d 0D       		.uleb128 0xd
 508 016e B1000000 		.4byte	0xb1
 509 0172 00       		.byte	0
 510 0173 08       		.uleb128 0x8
 511 0174 04       		.byte	0x4
 512 0175 68010000 		.4byte	0x168
 513 0179 0E       		.uleb128 0xe
 514 017a B1000000 		.4byte	0xb1
 515 017e 08       		.uleb128 0x8
 516 017f 04       		.byte	0x4
 517 0180 79010000 		.4byte	0x179
 518 0184 03       		.uleb128 0x3
 519 0185 87000000 		.4byte	.LASF32
 520 0189 01       		.byte	0x1
 521 018a 1E       		.byte	0x1e
 522 018b F3000000 		.4byte	0xf3
 523 018f 0F       		.uleb128 0xf
 524 0190 33010000 		.4byte	.LASF37
 525 0194 01       		.byte	0x1
 526 0195 4B       		.byte	0x4b
 527 0196 00000000 		.4byte	.LFB1
 528 019a 50000000 		.4byte	.LFE1-.LFB1
 529 019e 01       		.uleb128 0x1
 530 019f 9C       		.byte	0x9c
 531 01a0 35020000 		.4byte	0x235
 532 01a4 10       		.uleb128 0x10
 533 01a5 47000000 		.4byte	.LASF33
 534 01a9 01       		.byte	0x1
 535 01aa 4B       		.byte	0x4b
 536 01ab A6000000 		.4byte	0xa6
 537 01af 00000000 		.4byte	.LLST0
 538 01b3 10       		.uleb128 0x10
 539 01b4 3D000000 		.4byte	.LASF34
 540 01b8 01       		.byte	0x1
 541 01b9 4B       		.byte	0x4b
 542 01ba 76000000 		.4byte	0x76
 543 01be 21000000 		.4byte	.LLST1
 544 01c2 10       		.uleb128 0x10
 545 01c3 BE000000 		.4byte	.LASF35
 546 01c7 01       		.byte	0x1
 547 01c8 4B       		.byte	0x4b
 548 01c9 76000000 		.4byte	0x76
 549 01cd 40000000 		.4byte	.LLST2
 550 01d1 10       		.uleb128 0x10
 551 01d2 75010000 		.4byte	.LASF36
 552 01d6 01       		.byte	0x1
 553 01d7 4B       		.byte	0x4b
 554 01d8 76000000 		.4byte	0x76
ARM GAS  C:\Users\TERENC~1\AppData\Local\Temp\ccaCxr18.s 			page 13


 555 01dc 5F000000 		.4byte	.LLST3
 556 01e0 11       		.uleb128 0x11
 557 01e1 1E000000 		.4byte	.LVL3
 558 01e5 0B       		.uleb128 0xb
 559 01e6 75       		.byte	0x75
 560 01e7 00       		.sleb128 0
 561 01e8 74       		.byte	0x74
 562 01e9 00       		.sleb128 0
 563 01ea 22       		.byte	0x22
 564 01eb 32       		.byte	0x32
 565 01ec 24       		.byte	0x24
 566 01ed 77       		.byte	0x77
 567 01ee 00       		.sleb128 0
 568 01ef 22       		.byte	0x22
 569 01f0 06       		.byte	0x6
 570 01f1 11       		.uleb128 0x11
 571 01f2 28000000 		.4byte	.LVL4
 572 01f6 03       		.uleb128 0x3
 573 01f7 77       		.byte	0x77
 574 01f8 04       		.sleb128 4
 575 01f9 06       		.byte	0x6
 576 01fa 12       		.uleb128 0x12
 577 01fb 2E000000 		.4byte	.LVL5
 578 01ff 03       		.uleb128 0x3
 579 0200 77       		.byte	0x77
 580 0201 14       		.sleb128 20
 581 0202 06       		.byte	0x6
 582 0203 0F020000 		.4byte	0x20f
 583 0207 13       		.uleb128 0x13
 584 0208 01       		.uleb128 0x1
 585 0209 50       		.byte	0x50
 586 020a 03       		.uleb128 0x3
 587 020b 91       		.byte	0x91
 588 020c 5C       		.sleb128 -36
 589 020d 06       		.byte	0x6
 590 020e 00       		.byte	0
 591 020f 12       		.uleb128 0x12
 592 0210 34000000 		.4byte	.LVL6
 593 0214 03       		.uleb128 0x3
 594 0215 77       		.byte	0x77
 595 0216 0C       		.sleb128 12
 596 0217 06       		.byte	0x6
 597 0218 24020000 		.4byte	0x224
 598 021c 13       		.uleb128 0x13
 599 021d 01       		.uleb128 0x1
 600 021e 50       		.byte	0x50
 601 021f 03       		.uleb128 0x3
 602 0220 91       		.byte	0x91
 603 0221 64       		.sleb128 -28
 604 0222 06       		.byte	0x6
 605 0223 00       		.byte	0
 606 0224 14       		.uleb128 0x14
 607 0225 3C000000 		.4byte	.LVL7
 608 0229 03       		.uleb128 0x3
 609 022a 77       		.byte	0x77
 610 022b 1C       		.sleb128 28
 611 022c 06       		.byte	0x6
ARM GAS  C:\Users\TERENC~1\AppData\Local\Temp\ccaCxr18.s 			page 14


 612 022d 13       		.uleb128 0x13
 613 022e 01       		.uleb128 0x1
 614 022f 50       		.byte	0x50
 615 0230 02       		.uleb128 0x2
 616 0231 75       		.byte	0x75
 617 0232 00       		.sleb128 0
 618 0233 00       		.byte	0
 619 0234 00       		.byte	0
 620 0235 0F       		.uleb128 0xf
 621 0236 00000000 		.4byte	.LASF38
 622 023a 01       		.byte	0x1
 623 023b 58       		.byte	0x58
 624 023c 00000000 		.4byte	.LFB2
 625 0240 24000000 		.4byte	.LFE2-.LFB2
 626 0244 01       		.uleb128 0x1
 627 0245 9C       		.byte	0x9c
 628 0246 70020000 		.4byte	0x270
 629 024a 10       		.uleb128 0x10
 630 024b 47000000 		.4byte	.LASF33
 631 024f 01       		.byte	0x1
 632 0250 58       		.byte	0x58
 633 0251 A6000000 		.4byte	0xa6
 634 0255 7E000000 		.4byte	.LLST4
 635 0259 11       		.uleb128 0x11
 636 025a 12000000 		.4byte	.LVL9
 637 025e 10       		.uleb128 0x10
 638 025f 74       		.byte	0x74
 639 0260 00       		.sleb128 0
 640 0261 33       		.byte	0x33
 641 0262 24       		.byte	0x24
 642 0263 74       		.byte	0x74
 643 0264 00       		.sleb128 0
 644 0265 22       		.byte	0x22
 645 0266 32       		.byte	0x32
 646 0267 24       		.byte	0x24
 647 0268 03       		.byte	0x3
 648 0269 08000000 		.4byte	.LANCHOR1+8
 649 026d 22       		.byte	0x22
 650 026e 06       		.byte	0x6
 651 026f 00       		.byte	0
 652 0270 0F       		.uleb128 0xf
 653 0271 82020000 		.4byte	.LASF39
 654 0275 01       		.byte	0x1
 655 0276 5E       		.byte	0x5e
 656 0277 00000000 		.4byte	.LFB3
 657 027b AC000000 		.4byte	.LFE3-.LFB3
 658 027f 01       		.uleb128 0x1
 659 0280 9C       		.byte	0x9c
 660 0281 01030000 		.4byte	0x301
 661 0285 10       		.uleb128 0x10
 662 0286 47000000 		.4byte	.LASF33
 663 028a 01       		.byte	0x1
 664 028b 5E       		.byte	0x5e
 665 028c A6000000 		.4byte	0xa6
 666 0290 9F000000 		.4byte	.LLST5
 667 0294 15       		.uleb128 0x15
 668 0295 1C000000 		.4byte	.LVL12
ARM GAS  C:\Users\TERENC~1\AppData\Local\Temp\ccaCxr18.s 			page 15


 669 0299 70030000 		.4byte	0x370
 670 029d A7020000 		.4byte	0x2a7
 671 02a1 13       		.uleb128 0x13
 672 02a2 01       		.uleb128 0x1
 673 02a3 50       		.byte	0x50
 674 02a4 01       		.uleb128 0x1
 675 02a5 31       		.byte	0x31
 676 02a6 00       		.byte	0
 677 02a7 15       		.uleb128 0x15
 678 02a8 24000000 		.4byte	.LVL15
 679 02ac 7C030000 		.4byte	0x37c
 680 02b0 BA020000 		.4byte	0x2ba
 681 02b4 13       		.uleb128 0x13
 682 02b5 01       		.uleb128 0x1
 683 02b6 50       		.byte	0x50
 684 02b7 01       		.uleb128 0x1
 685 02b8 31       		.byte	0x31
 686 02b9 00       		.byte	0
 687 02ba 11       		.uleb128 0x11
 688 02bb 3E000000 		.4byte	.LVL16
 689 02bf 03       		.uleb128 0x3
 690 02c0 75       		.byte	0x75
 691 02c1 20       		.sleb128 32
 692 02c2 06       		.byte	0x6
 693 02c3 11       		.uleb128 0x11
 694 02c4 4C000000 		.4byte	.LVL17
 695 02c8 03       		.uleb128 0x3
 696 02c9 75       		.byte	0x75
 697 02ca 18       		.sleb128 24
 698 02cb 06       		.byte	0x6
 699 02cc 11       		.uleb128 0x11
 700 02cd 6A000000 		.4byte	.LVL18
 701 02d1 10       		.uleb128 0x10
 702 02d2 74       		.byte	0x74
 703 02d3 00       		.sleb128 0
 704 02d4 33       		.byte	0x33
 705 02d5 24       		.byte	0x24
 706 02d6 74       		.byte	0x74
 707 02d7 00       		.sleb128 0
 708 02d8 22       		.byte	0x22
 709 02d9 32       		.byte	0x32
 710 02da 24       		.byte	0x24
 711 02db 03       		.byte	0x3
 712 02dc 20000000 		.4byte	.LANCHOR1+32
 713 02e0 22       		.byte	0x22
 714 02e1 06       		.byte	0x6
 715 02e2 11       		.uleb128 0x11
 716 02e3 88000000 		.4byte	.LVL19
 717 02e7 10       		.uleb128 0x10
 718 02e8 74       		.byte	0x74
 719 02e9 00       		.sleb128 0
 720 02ea 33       		.byte	0x33
 721 02eb 24       		.byte	0x24
 722 02ec 74       		.byte	0x74
 723 02ed 00       		.sleb128 0
 724 02ee 22       		.byte	0x22
 725 02ef 32       		.byte	0x32
ARM GAS  C:\Users\TERENC~1\AppData\Local\Temp\ccaCxr18.s 			page 16


 726 02f0 24       		.byte	0x24
 727 02f1 03       		.byte	0x3
 728 02f2 20000000 		.4byte	.LANCHOR1+32
 729 02f6 22       		.byte	0x22
 730 02f7 06       		.byte	0x6
 731 02f8 11       		.uleb128 0x11
 732 02f9 94000000 		.4byte	.LVL20
 733 02fd 02       		.uleb128 0x2
 734 02fe 75       		.byte	0x75
 735 02ff 00       		.sleb128 0
 736 0300 00       		.byte	0
 737 0301 16       		.uleb128 0x16
 738 0302 84010000 		.4byte	0x184
 739 0306 11030000 		.4byte	0x311
 740 030a 17       		.uleb128 0x17
 741 030b EC000000 		.4byte	0xec
 742 030f 02       		.byte	0x2
 743 0310 00       		.byte	0
 744 0311 18       		.uleb128 0x18
 745 0312 70776D00 		.ascii	"pwm\000"
 746 0316 01       		.byte	0x1
 747 0317 20       		.byte	0x20
 748 0318 22030000 		.4byte	0x322
 749 031c 05       		.uleb128 0x5
 750 031d 03       		.byte	0x3
 751 031e 00000000 		.4byte	pwm
 752 0322 19       		.uleb128 0x19
 753 0323 01030000 		.4byte	0x301
 754 0327 16       		.uleb128 0x16
 755 0328 37030000 		.4byte	0x337
 756 032c 37030000 		.4byte	0x337
 757 0330 17       		.uleb128 0x17
 758 0331 EC000000 		.4byte	0xec
 759 0335 02       		.byte	0x2
 760 0336 00       		.byte	0
 761 0337 02       		.uleb128 0x2
 762 0338 01       		.byte	0x1
 763 0339 02       		.byte	0x2
 764 033a E2020000 		.4byte	.LASF40
 765 033e 1A       		.uleb128 0x1a
 766 033f 73000000 		.4byte	.LASF41
 767 0343 01       		.byte	0x1
 768 0344 48       		.byte	0x48
 769 0345 27030000 		.4byte	0x327
 770 0349 05       		.uleb128 0x5
 771 034a 03       		.byte	0x3
 772 034b 00000000 		.4byte	override
 773 034f 16       		.uleb128 0x16
 774 0350 BD000000 		.4byte	0xbd
 775 0354 5F030000 		.4byte	0x35f
 776 0358 17       		.uleb128 0x17
 777 0359 EC000000 		.4byte	0xec
 778 035d 02       		.byte	0x2
 779 035e 00       		.byte	0
 780 035f 1A       		.uleb128 0x1a
 781 0360 B2010000 		.4byte	.LASF42
 782 0364 01       		.byte	0x1
ARM GAS  C:\Users\TERENC~1\AppData\Local\Temp\ccaCxr18.s 			page 17


 783 0365 49       		.byte	0x49
 784 0366 4F030000 		.4byte	0x34f
 785 036a 05       		.uleb128 0x5
 786 036b 03       		.byte	0x3
 787 036c 04000000 		.4byte	change
 788 0370 1B       		.uleb128 0x1b
 789 0371 97010000 		.4byte	.LASF43
 790 0375 97010000 		.4byte	.LASF43
 791 0379 06       		.byte	0x6
 792 037a 4701     		.2byte	0x147
 793 037c 1B       		.uleb128 0x1b
 794 037d A2000000 		.4byte	.LASF44
 795 0381 A2000000 		.4byte	.LASF44
 796 0385 07       		.byte	0x7
 797 0386 4701     		.2byte	0x147
 798 0388 00       		.byte	0
 799              		.section	.debug_abbrev,"",%progbits
 800              	.Ldebug_abbrev0:
 801 0000 01       		.uleb128 0x1
 802 0001 11       		.uleb128 0x11
 803 0002 01       		.byte	0x1
 804 0003 25       		.uleb128 0x25
 805 0004 0E       		.uleb128 0xe
 806 0005 13       		.uleb128 0x13
 807 0006 0B       		.uleb128 0xb
 808 0007 03       		.uleb128 0x3
 809 0008 0E       		.uleb128 0xe
 810 0009 1B       		.uleb128 0x1b
 811 000a 0E       		.uleb128 0xe
 812 000b 55       		.uleb128 0x55
 813 000c 17       		.uleb128 0x17
 814 000d 11       		.uleb128 0x11
 815 000e 01       		.uleb128 0x1
 816 000f 10       		.uleb128 0x10
 817 0010 17       		.uleb128 0x17
 818 0011 00       		.byte	0
 819 0012 00       		.byte	0
 820 0013 02       		.uleb128 0x2
 821 0014 24       		.uleb128 0x24
 822 0015 00       		.byte	0
 823 0016 0B       		.uleb128 0xb
 824 0017 0B       		.uleb128 0xb
 825 0018 3E       		.uleb128 0x3e
 826 0019 0B       		.uleb128 0xb
 827 001a 03       		.uleb128 0x3
 828 001b 0E       		.uleb128 0xe
 829 001c 00       		.byte	0
 830 001d 00       		.byte	0
 831 001e 03       		.uleb128 0x3
 832 001f 16       		.uleb128 0x16
 833 0020 00       		.byte	0
 834 0021 03       		.uleb128 0x3
 835 0022 0E       		.uleb128 0xe
 836 0023 3A       		.uleb128 0x3a
 837 0024 0B       		.uleb128 0xb
 838 0025 3B       		.uleb128 0x3b
 839 0026 0B       		.uleb128 0xb
ARM GAS  C:\Users\TERENC~1\AppData\Local\Temp\ccaCxr18.s 			page 18


 840 0027 49       		.uleb128 0x49
 841 0028 13       		.uleb128 0x13
 842 0029 00       		.byte	0
 843 002a 00       		.byte	0
 844 002b 04       		.uleb128 0x4
 845 002c 24       		.uleb128 0x24
 846 002d 00       		.byte	0
 847 002e 0B       		.uleb128 0xb
 848 002f 0B       		.uleb128 0xb
 849 0030 3E       		.uleb128 0x3e
 850 0031 0B       		.uleb128 0xb
 851 0032 03       		.uleb128 0x3
 852 0033 08       		.uleb128 0x8
 853 0034 00       		.byte	0
 854 0035 00       		.byte	0
 855 0036 05       		.uleb128 0x5
 856 0037 04       		.uleb128 0x4
 857 0038 01       		.byte	0x1
 858 0039 0B       		.uleb128 0xb
 859 003a 0B       		.uleb128 0xb
 860 003b 49       		.uleb128 0x49
 861 003c 13       		.uleb128 0x13
 862 003d 3A       		.uleb128 0x3a
 863 003e 0B       		.uleb128 0xb
 864 003f 3B       		.uleb128 0x3b
 865 0040 0B       		.uleb128 0xb
 866 0041 01       		.uleb128 0x1
 867 0042 13       		.uleb128 0x13
 868 0043 00       		.byte	0
 869 0044 00       		.byte	0
 870 0045 06       		.uleb128 0x6
 871 0046 28       		.uleb128 0x28
 872 0047 00       		.byte	0
 873 0048 03       		.uleb128 0x3
 874 0049 0E       		.uleb128 0xe
 875 004a 1C       		.uleb128 0x1c
 876 004b 0B       		.uleb128 0xb
 877 004c 00       		.byte	0
 878 004d 00       		.byte	0
 879 004e 07       		.uleb128 0x7
 880 004f 16       		.uleb128 0x16
 881 0050 00       		.byte	0
 882 0051 03       		.uleb128 0x3
 883 0052 0E       		.uleb128 0xe
 884 0053 3A       		.uleb128 0x3a
 885 0054 0B       		.uleb128 0xb
 886 0055 3B       		.uleb128 0x3b
 887 0056 05       		.uleb128 0x5
 888 0057 49       		.uleb128 0x49
 889 0058 13       		.uleb128 0x13
 890 0059 00       		.byte	0
 891 005a 00       		.byte	0
 892 005b 08       		.uleb128 0x8
 893 005c 0F       		.uleb128 0xf
 894 005d 00       		.byte	0
 895 005e 0B       		.uleb128 0xb
 896 005f 0B       		.uleb128 0xb
ARM GAS  C:\Users\TERENC~1\AppData\Local\Temp\ccaCxr18.s 			page 19


 897 0060 49       		.uleb128 0x49
 898 0061 13       		.uleb128 0x13
 899 0062 00       		.byte	0
 900 0063 00       		.byte	0
 901 0064 09       		.uleb128 0x9
 902 0065 15       		.uleb128 0x15
 903 0066 00       		.byte	0
 904 0067 27       		.uleb128 0x27
 905 0068 19       		.uleb128 0x19
 906 0069 00       		.byte	0
 907 006a 00       		.byte	0
 908 006b 0A       		.uleb128 0xa
 909 006c 13       		.uleb128 0x13
 910 006d 01       		.byte	0x1
 911 006e 0B       		.uleb128 0xb
 912 006f 0B       		.uleb128 0xb
 913 0070 3A       		.uleb128 0x3a
 914 0071 0B       		.uleb128 0xb
 915 0072 3B       		.uleb128 0x3b
 916 0073 0B       		.uleb128 0xb
 917 0074 01       		.uleb128 0x1
 918 0075 13       		.uleb128 0x13
 919 0076 00       		.byte	0
 920 0077 00       		.byte	0
 921 0078 0B       		.uleb128 0xb
 922 0079 0D       		.uleb128 0xd
 923 007a 00       		.byte	0
 924 007b 03       		.uleb128 0x3
 925 007c 0E       		.uleb128 0xe
 926 007d 3A       		.uleb128 0x3a
 927 007e 0B       		.uleb128 0xb
 928 007f 3B       		.uleb128 0x3b
 929 0080 0B       		.uleb128 0xb
 930 0081 49       		.uleb128 0x49
 931 0082 13       		.uleb128 0x13
 932 0083 38       		.uleb128 0x38
 933 0084 0B       		.uleb128 0xb
 934 0085 00       		.byte	0
 935 0086 00       		.byte	0
 936 0087 0C       		.uleb128 0xc
 937 0088 15       		.uleb128 0x15
 938 0089 01       		.byte	0x1
 939 008a 27       		.uleb128 0x27
 940 008b 19       		.uleb128 0x19
 941 008c 01       		.uleb128 0x1
 942 008d 13       		.uleb128 0x13
 943 008e 00       		.byte	0
 944 008f 00       		.byte	0
 945 0090 0D       		.uleb128 0xd
 946 0091 05       		.uleb128 0x5
 947 0092 00       		.byte	0
 948 0093 49       		.uleb128 0x49
 949 0094 13       		.uleb128 0x13
 950 0095 00       		.byte	0
 951 0096 00       		.byte	0
 952 0097 0E       		.uleb128 0xe
 953 0098 15       		.uleb128 0x15
ARM GAS  C:\Users\TERENC~1\AppData\Local\Temp\ccaCxr18.s 			page 20


 954 0099 00       		.byte	0
 955 009a 27       		.uleb128 0x27
 956 009b 19       		.uleb128 0x19
 957 009c 49       		.uleb128 0x49
 958 009d 13       		.uleb128 0x13
 959 009e 00       		.byte	0
 960 009f 00       		.byte	0
 961 00a0 0F       		.uleb128 0xf
 962 00a1 2E       		.uleb128 0x2e
 963 00a2 01       		.byte	0x1
 964 00a3 3F       		.uleb128 0x3f
 965 00a4 19       		.uleb128 0x19
 966 00a5 03       		.uleb128 0x3
 967 00a6 0E       		.uleb128 0xe
 968 00a7 3A       		.uleb128 0x3a
 969 00a8 0B       		.uleb128 0xb
 970 00a9 3B       		.uleb128 0x3b
 971 00aa 0B       		.uleb128 0xb
 972 00ab 27       		.uleb128 0x27
 973 00ac 19       		.uleb128 0x19
 974 00ad 11       		.uleb128 0x11
 975 00ae 01       		.uleb128 0x1
 976 00af 12       		.uleb128 0x12
 977 00b0 06       		.uleb128 0x6
 978 00b1 40       		.uleb128 0x40
 979 00b2 18       		.uleb128 0x18
 980 00b3 9742     		.uleb128 0x2117
 981 00b5 19       		.uleb128 0x19
 982 00b6 01       		.uleb128 0x1
 983 00b7 13       		.uleb128 0x13
 984 00b8 00       		.byte	0
 985 00b9 00       		.byte	0
 986 00ba 10       		.uleb128 0x10
 987 00bb 05       		.uleb128 0x5
 988 00bc 00       		.byte	0
 989 00bd 03       		.uleb128 0x3
 990 00be 0E       		.uleb128 0xe
 991 00bf 3A       		.uleb128 0x3a
 992 00c0 0B       		.uleb128 0xb
 993 00c1 3B       		.uleb128 0x3b
 994 00c2 0B       		.uleb128 0xb
 995 00c3 49       		.uleb128 0x49
 996 00c4 13       		.uleb128 0x13
 997 00c5 02       		.uleb128 0x2
 998 00c6 17       		.uleb128 0x17
 999 00c7 00       		.byte	0
 1000 00c8 00       		.byte	0
 1001 00c9 11       		.uleb128 0x11
 1002 00ca 898201   		.uleb128 0x4109
 1003 00cd 00       		.byte	0
 1004 00ce 11       		.uleb128 0x11
 1005 00cf 01       		.uleb128 0x1
 1006 00d0 9342     		.uleb128 0x2113
 1007 00d2 18       		.uleb128 0x18
 1008 00d3 00       		.byte	0
 1009 00d4 00       		.byte	0
 1010 00d5 12       		.uleb128 0x12
ARM GAS  C:\Users\TERENC~1\AppData\Local\Temp\ccaCxr18.s 			page 21


 1011 00d6 898201   		.uleb128 0x4109
 1012 00d9 01       		.byte	0x1
 1013 00da 11       		.uleb128 0x11
 1014 00db 01       		.uleb128 0x1
 1015 00dc 9342     		.uleb128 0x2113
 1016 00de 18       		.uleb128 0x18
 1017 00df 01       		.uleb128 0x1
 1018 00e0 13       		.uleb128 0x13
 1019 00e1 00       		.byte	0
 1020 00e2 00       		.byte	0
 1021 00e3 13       		.uleb128 0x13
 1022 00e4 8A8201   		.uleb128 0x410a
 1023 00e7 00       		.byte	0
 1024 00e8 02       		.uleb128 0x2
 1025 00e9 18       		.uleb128 0x18
 1026 00ea 9142     		.uleb128 0x2111
 1027 00ec 18       		.uleb128 0x18
 1028 00ed 00       		.byte	0
 1029 00ee 00       		.byte	0
 1030 00ef 14       		.uleb128 0x14
 1031 00f0 898201   		.uleb128 0x4109
 1032 00f3 01       		.byte	0x1
 1033 00f4 11       		.uleb128 0x11
 1034 00f5 01       		.uleb128 0x1
 1035 00f6 9342     		.uleb128 0x2113
 1036 00f8 18       		.uleb128 0x18
 1037 00f9 00       		.byte	0
 1038 00fa 00       		.byte	0
 1039 00fb 15       		.uleb128 0x15
 1040 00fc 898201   		.uleb128 0x4109
 1041 00ff 01       		.byte	0x1
 1042 0100 11       		.uleb128 0x11
 1043 0101 01       		.uleb128 0x1
 1044 0102 31       		.uleb128 0x31
 1045 0103 13       		.uleb128 0x13
 1046 0104 01       		.uleb128 0x1
 1047 0105 13       		.uleb128 0x13
 1048 0106 00       		.byte	0
 1049 0107 00       		.byte	0
 1050 0108 16       		.uleb128 0x16
 1051 0109 01       		.uleb128 0x1
 1052 010a 01       		.byte	0x1
 1053 010b 49       		.uleb128 0x49
 1054 010c 13       		.uleb128 0x13
 1055 010d 01       		.uleb128 0x1
 1056 010e 13       		.uleb128 0x13
 1057 010f 00       		.byte	0
 1058 0110 00       		.byte	0
 1059 0111 17       		.uleb128 0x17
 1060 0112 21       		.uleb128 0x21
 1061 0113 00       		.byte	0
 1062 0114 49       		.uleb128 0x49
 1063 0115 13       		.uleb128 0x13
 1064 0116 2F       		.uleb128 0x2f
 1065 0117 0B       		.uleb128 0xb
 1066 0118 00       		.byte	0
 1067 0119 00       		.byte	0
ARM GAS  C:\Users\TERENC~1\AppData\Local\Temp\ccaCxr18.s 			page 22


 1068 011a 18       		.uleb128 0x18
 1069 011b 34       		.uleb128 0x34
 1070 011c 00       		.byte	0
 1071 011d 03       		.uleb128 0x3
 1072 011e 08       		.uleb128 0x8
 1073 011f 3A       		.uleb128 0x3a
 1074 0120 0B       		.uleb128 0xb
 1075 0121 3B       		.uleb128 0x3b
 1076 0122 0B       		.uleb128 0xb
 1077 0123 49       		.uleb128 0x49
 1078 0124 13       		.uleb128 0x13
 1079 0125 02       		.uleb128 0x2
 1080 0126 18       		.uleb128 0x18
 1081 0127 00       		.byte	0
 1082 0128 00       		.byte	0
 1083 0129 19       		.uleb128 0x19
 1084 012a 26       		.uleb128 0x26
 1085 012b 00       		.byte	0
 1086 012c 49       		.uleb128 0x49
 1087 012d 13       		.uleb128 0x13
 1088 012e 00       		.byte	0
 1089 012f 00       		.byte	0
 1090 0130 1A       		.uleb128 0x1a
 1091 0131 34       		.uleb128 0x34
 1092 0132 00       		.byte	0
 1093 0133 03       		.uleb128 0x3
 1094 0134 0E       		.uleb128 0xe
 1095 0135 3A       		.uleb128 0x3a
 1096 0136 0B       		.uleb128 0xb
 1097 0137 3B       		.uleb128 0x3b
 1098 0138 0B       		.uleb128 0xb
 1099 0139 49       		.uleb128 0x49
 1100 013a 13       		.uleb128 0x13
 1101 013b 02       		.uleb128 0x2
 1102 013c 18       		.uleb128 0x18
 1103 013d 00       		.byte	0
 1104 013e 00       		.byte	0
 1105 013f 1B       		.uleb128 0x1b
 1106 0140 2E       		.uleb128 0x2e
 1107 0141 00       		.byte	0
 1108 0142 3F       		.uleb128 0x3f
 1109 0143 19       		.uleb128 0x19
 1110 0144 3C       		.uleb128 0x3c
 1111 0145 19       		.uleb128 0x19
 1112 0146 6E       		.uleb128 0x6e
 1113 0147 0E       		.uleb128 0xe
 1114 0148 03       		.uleb128 0x3
 1115 0149 0E       		.uleb128 0xe
 1116 014a 3A       		.uleb128 0x3a
 1117 014b 0B       		.uleb128 0xb
 1118 014c 3B       		.uleb128 0x3b
 1119 014d 05       		.uleb128 0x5
 1120 014e 00       		.byte	0
 1121 014f 00       		.byte	0
 1122 0150 00       		.byte	0
 1123              		.section	.debug_loc,"",%progbits
 1124              	.Ldebug_loc0:
ARM GAS  C:\Users\TERENC~1\AppData\Local\Temp\ccaCxr18.s 			page 23


 1125              	.LLST0:
 1126 0000 00000000 		.4byte	.LVL0
 1127 0004 1D000000 		.4byte	.LVL3-1
 1128 0008 0100     		.2byte	0x1
 1129 000a 50       		.byte	0x50
 1130 000b 1D000000 		.4byte	.LVL3-1
 1131 000f 50000000 		.4byte	.LFE1
 1132 0013 0400     		.2byte	0x4
 1133 0015 F3       		.byte	0xf3
 1134 0016 01       		.uleb128 0x1
 1135 0017 50       		.byte	0x50
 1136 0018 9F       		.byte	0x9f
 1137 0019 00000000 		.4byte	0
 1138 001d 00000000 		.4byte	0
 1139              	.LLST1:
 1140 0021 00000000 		.4byte	.LVL0
 1141 0025 1D000000 		.4byte	.LVL3-1
 1142 0029 0100     		.2byte	0x1
 1143 002b 51       		.byte	0x51
 1144 002c 1D000000 		.4byte	.LVL3-1
 1145 0030 50000000 		.4byte	.LFE1
 1146 0034 0200     		.2byte	0x2
 1147 0036 91       		.byte	0x91
 1148 0037 5C       		.sleb128 -36
 1149 0038 00000000 		.4byte	0
 1150 003c 00000000 		.4byte	0
 1151              	.LLST2:
 1152 0040 00000000 		.4byte	.LVL0
 1153 0044 18000000 		.4byte	.LVL2
 1154 0048 0100     		.2byte	0x1
 1155 004a 52       		.byte	0x52
 1156 004b 18000000 		.4byte	.LVL2
 1157 004f 50000000 		.4byte	.LFE1
 1158 0053 0200     		.2byte	0x2
 1159 0055 91       		.byte	0x91
 1160 0056 60       		.sleb128 -32
 1161 0057 00000000 		.4byte	0
 1162 005b 00000000 		.4byte	0
 1163              	.LLST3:
 1164 005f 00000000 		.4byte	.LVL0
 1165 0063 10000000 		.4byte	.LVL1
 1166 0067 0100     		.2byte	0x1
 1167 0069 53       		.byte	0x53
 1168 006a 10000000 		.4byte	.LVL1
 1169 006e 50000000 		.4byte	.LFE1
 1170 0072 0200     		.2byte	0x2
 1171 0074 91       		.byte	0x91
 1172 0075 64       		.sleb128 -28
 1173 0076 00000000 		.4byte	0
 1174 007a 00000000 		.4byte	0
 1175              	.LLST4:
 1176 007e 00000000 		.4byte	.LVL8
 1177 0082 11000000 		.4byte	.LVL9-1
 1178 0086 0100     		.2byte	0x1
 1179 0088 50       		.byte	0x50
 1180 0089 11000000 		.4byte	.LVL9-1
 1181 008d 24000000 		.4byte	.LFE2
ARM GAS  C:\Users\TERENC~1\AppData\Local\Temp\ccaCxr18.s 			page 24


 1182 0091 0400     		.2byte	0x4
 1183 0093 F3       		.byte	0xf3
 1184 0094 01       		.uleb128 0x1
 1185 0095 50       		.byte	0x50
 1186 0096 9F       		.byte	0x9f
 1187 0097 00000000 		.4byte	0
 1188 009b 00000000 		.4byte	0
 1189              	.LLST5:
 1190 009f 00000000 		.4byte	.LVL10
 1191 00a3 18000000 		.4byte	.LVL11
 1192 00a7 0100     		.2byte	0x1
 1193 00a9 50       		.byte	0x50
 1194 00aa 18000000 		.4byte	.LVL11
 1195 00ae 1E000000 		.4byte	.LVL13
 1196 00b2 0400     		.2byte	0x4
 1197 00b4 F3       		.byte	0xf3
 1198 00b5 01       		.uleb128 0x1
 1199 00b6 50       		.byte	0x50
 1200 00b7 9F       		.byte	0x9f
 1201 00b8 1E000000 		.4byte	.LVL13
 1202 00bc 20000000 		.4byte	.LVL14
 1203 00c0 0100     		.2byte	0x1
 1204 00c2 50       		.byte	0x50
 1205 00c3 20000000 		.4byte	.LVL14
 1206 00c7 AC000000 		.4byte	.LFE3
 1207 00cb 0400     		.2byte	0x4
 1208 00cd F3       		.byte	0xf3
 1209 00ce 01       		.uleb128 0x1
 1210 00cf 50       		.byte	0x50
 1211 00d0 9F       		.byte	0x9f
 1212 00d1 00000000 		.4byte	0
 1213 00d5 00000000 		.4byte	0
 1214              		.section	.debug_aranges,"",%progbits
 1215 0000 2C000000 		.4byte	0x2c
 1216 0004 0200     		.2byte	0x2
 1217 0006 00000000 		.4byte	.Ldebug_info0
 1218 000a 04       		.byte	0x4
 1219 000b 00       		.byte	0
 1220 000c 0000     		.2byte	0
 1221 000e 0000     		.2byte	0
 1222 0010 00000000 		.4byte	.LFB1
 1223 0014 50000000 		.4byte	.LFE1-.LFB1
 1224 0018 00000000 		.4byte	.LFB2
 1225 001c 24000000 		.4byte	.LFE2-.LFB2
 1226 0020 00000000 		.4byte	.LFB3
 1227 0024 AC000000 		.4byte	.LFE3-.LFB3
 1228 0028 00000000 		.4byte	0
 1229 002c 00000000 		.4byte	0
 1230              		.section	.debug_ranges,"",%progbits
 1231              	.Ldebug_ranges0:
 1232 0000 00000000 		.4byte	.LFB1
 1233 0004 50000000 		.4byte	.LFE1
 1234 0008 00000000 		.4byte	.LFB2
 1235 000c 24000000 		.4byte	.LFE2
 1236 0010 00000000 		.4byte	.LFB3
 1237 0014 AC000000 		.4byte	.LFE3
 1238 0018 00000000 		.4byte	0
ARM GAS  C:\Users\TERENC~1\AppData\Local\Temp\ccaCxr18.s 			page 25


 1239 001c 00000000 		.4byte	0
 1240              		.section	.debug_line,"",%progbits
 1241              	.Ldebug_line0:
 1242 0000 D5010000 		.section	.debug_str,"MS",%progbits,1
 1242      02007901 
 1242      00000201 
 1242      FB0E0D00 
 1242      01010101 
 1243              	.LASF38:
 1244 0000 4C65644D 		.ascii	"LedManagerStopOverride\000"
 1244      616E6167 
 1244      65725374 
 1244      6F704F76 
 1244      65727269 
 1245              	.LASF12:
 1246 0017 4C4D5F4C 		.ascii	"LM_LED_GREEN\000"
 1246      45445F47 
 1246      5245454E 
 1246      00
 1247              	.LASF30:
 1248 0024 77726974 		.ascii	"writeCompare\000"
 1248      65436F6D 
 1248      70617265 
 1248      00
 1249              	.LASF13:
 1250 0031 4C4D5F4C 		.ascii	"LM_LED_BLUE\000"
 1250      45445F42 
 1250      4C554500 
 1251              	.LASF34:
 1252 003d 70776D50 		.ascii	"pwmPeriod\000"
 1252      6572696F 
 1252      6400
 1253              	.LASF33:
 1254 0047 6C656449 		.ascii	"ledIdx\000"
 1254      647800
 1255              	.LASF24:
 1256 004e 73746172 		.ascii	"start\000"
 1256      7400
 1257              	.LASF3:
 1258 0054 73686F72 		.ascii	"short unsigned int\000"
 1258      7420756E 
 1258      7369676E 
 1258      65642069 
 1258      6E7400
 1259              	.LASF28:
 1260 0067 77726974 		.ascii	"writePeriod\000"
 1260      65506572 
 1260      696F6400 
 1261              	.LASF41:
 1262 0073 6F766572 		.ascii	"override\000"
 1262      72696465 
 1262      00
 1263              	.LASF29:
 1264 007c 72656164 		.ascii	"readPeriod\000"
 1264      50657269 
 1264      6F6400
 1265              	.LASF32:
ARM GAS  C:\Users\TERENC~1\AppData\Local\Temp\ccaCxr18.s 			page 26


 1266 0087 70776D5F 		.ascii	"pwm_callbacks_s\000"
 1266      63616C6C 
 1266      6261636B 
 1266      735F7300 
 1267              	.LASF25:
 1268 0097 73746F70 		.ascii	"stop\000"
 1268      00
 1269              	.LASF18:
 1270 009c 666C6F61 		.ascii	"float\000"
 1270      7400
 1271              	.LASF44:
 1272 00a2 4C45445F 		.ascii	"LED_BLUE_PWM_ClearInterrupt\000"
 1272      424C5545 
 1272      5F50574D 
 1272      5F436C65 
 1272      6172496E 
 1273              	.LASF35:
 1274 00be 70776D43 		.ascii	"pwmCompare\000"
 1274      6F6D7061 
 1274      726500
 1275              	.LASF5:
 1276 00c9 6C6F6E67 		.ascii	"long unsigned int\000"
 1276      20756E73 
 1276      69676E65 
 1276      6420696E 
 1276      7400
 1277              	.LASF17:
 1278 00db 696E7433 		.ascii	"int32\000"
 1278      3200
 1279              	.LASF10:
 1280 00e1 75696E74 		.ascii	"uint32_t\000"
 1280      33325F74 
 1280      00
 1281              	.LASF47:
 1282 00ea 433A5C64 		.ascii	"C:\\dev\\git\\icebreaker\\Icebreaker.cydsn\000"
 1282      65765C67 
 1282      69745C69 
 1282      63656272 
 1282      65616B65 
 1283              	.LASF26:
 1284 0111 77726974 		.ascii	"writeCounter\000"
 1284      65436F75 
 1284      6E746572 
 1284      00
 1285              	.LASF1:
 1286 011e 756E7369 		.ascii	"unsigned char\000"
 1286      676E6564 
 1286      20636861 
 1286      7200
 1287              	.LASF19:
 1288 012c 646F7562 		.ascii	"double\000"
 1288      6C6500
 1289              	.LASF37:
 1290 0133 4C65644D 		.ascii	"LedManagerStartOverride\000"
 1290      616E6167 
 1290      65725374 
 1290      6172744F 
ARM GAS  C:\Users\TERENC~1\AppData\Local\Temp\ccaCxr18.s 			page 27


 1290      76657272 
 1291              	.LASF9:
 1292 014b 5F5F7569 		.ascii	"__uint32_t\000"
 1292      6E743332 
 1292      5F7400
 1293              	.LASF16:
 1294 0156 75696E74 		.ascii	"uint32\000"
 1294      333200
 1295              	.LASF8:
 1296 015d 756E7369 		.ascii	"unsigned int\000"
 1296      676E6564 
 1296      20696E74 
 1296      00
 1297              	.LASF11:
 1298 016a 4C4D5F4C 		.ascii	"LM_LED_RED\000"
 1298      45445F52 
 1298      454400
 1299              	.LASF36:
 1300 0175 70776D43 		.ascii	"pwmCounter\000"
 1300      6F756E74 
 1300      657200
 1301              	.LASF7:
 1302 0180 6C6F6E67 		.ascii	"long long unsigned int\000"
 1302      206C6F6E 
 1302      6720756E 
 1302      7369676E 
 1302      65642069 
 1303              	.LASF43:
 1304 0197 4C45445F 		.ascii	"LED_RED_PWM_ClearInterrupt\000"
 1304      5245445F 
 1304      50574D5F 
 1304      436C6561 
 1304      72496E74 
 1305              	.LASF42:
 1306 01b2 6368616E 		.ascii	"change\000"
 1306      676500
 1307              	.LASF45:
 1308 01b9 474E5520 		.ascii	"GNU C11 5.4.1 20160609 (release) [ARM/embedded-5-br"
 1308      43313120 
 1308      352E342E 
 1308      31203230 
 1308      31363036 
 1309 01ec 616E6368 		.ascii	"anch revision 237715] -mcpu=cortex-m0 -mthumb -g -O"
 1309      20726576 
 1309      6973696F 
 1309      6E203233 
 1309      37373135 
 1310 021f 67202D66 		.ascii	"g -ffunction-sections -ffat-lto-objects\000"
 1310      66756E63 
 1310      74696F6E 
 1310      2D736563 
 1310      74696F6E 
 1311              	.LASF22:
 1312 0247 73697A65 		.ascii	"sizetype\000"
 1312      74797065 
 1312      00
 1313              	.LASF15:
ARM GAS  C:\Users\TERENC~1\AppData\Local\Temp\ccaCxr18.s 			page 28


 1314 0250 4C4D5F4C 		.ascii	"LM_LED_e\000"
 1314      45445F65 
 1314      00
 1315              	.LASF6:
 1316 0259 6C6F6E67 		.ascii	"long long int\000"
 1316      206C6F6E 
 1316      6720696E 
 1316      7400
 1317              	.LASF20:
 1318 0267 63686172 		.ascii	"char\000"
 1318      00
 1319              	.LASF31:
 1320 026c 72656164 		.ascii	"readCompare\000"
 1320      436F6D70 
 1320      61726500 
 1321              	.LASF2:
 1322 0278 73686F72 		.ascii	"short int\000"
 1322      7420696E 
 1322      7400
 1323              	.LASF39:
 1324 0282 4C65644D 		.ascii	"LedManagerInterruptHandler\000"
 1324      616E6167 
 1324      6572496E 
 1324      74657272 
 1324      75707448 
 1325              	.LASF27:
 1326 029d 72656164 		.ascii	"readCounter\000"
 1326      436F756E 
 1326      74657200 
 1327              	.LASF4:
 1328 02a9 6C6F6E67 		.ascii	"long int\000"
 1328      20696E74 
 1328      00
 1329              	.LASF14:
 1330 02b2 4C4D5F4C 		.ascii	"LM_LED_MAX\000"
 1330      45445F4D 
 1330      415800
 1331              	.LASF21:
 1332 02bd 6C6F6E67 		.ascii	"long double\000"
 1332      20646F75 
 1332      626C6500 
 1333              	.LASF0:
 1334 02c9 7369676E 		.ascii	"signed char\000"
 1334      65642063 
 1334      68617200 
 1335              	.LASF46:
 1336 02d5 4C65644D 		.ascii	"LedManager.c\000"
 1336      616E6167 
 1336      65722E63 
 1336      00
 1337              	.LASF40:
 1338 02e2 5F426F6F 		.ascii	"_Bool\000"
 1338      6C00
 1339              	.LASF23:
 1340 02e8 73746172 		.ascii	"startIsr\000"
 1340      74497372 
 1340      00
ARM GAS  C:\Users\TERENC~1\AppData\Local\Temp\ccaCxr18.s 			page 29


 1341              		.ident	"GCC: (GNU Tools for ARM Embedded Processors) 5.4.1 20160609 (release) [ARM/embedded-5-bran
