ARM GAS  C:\Users\TERENC~1\AppData\Local\Temp\ccrUzEli.s 			page 1


   1              		.syntax unified
   2              		.cpu cortex-m0
   3              		.fpu softvfp
   4              		.eabi_attribute 20, 1
   5              		.eabi_attribute 21, 1
   6              		.eabi_attribute 23, 3
   7              		.eabi_attribute 24, 1
   8              		.eabi_attribute 25, 1
   9              		.eabi_attribute 26, 1
  10              		.eabi_attribute 30, 1
  11              		.eabi_attribute 34, 0
  12              		.eabi_attribute 18, 4
  13              		.thumb
  14              		.syntax unified
  15              		.file	"main.c"
  16              		.text
  17              	.Ltext0:
  18              		.cfi_sections	.debug_frame
  19              		.section	.text.HFI_Handler,"ax",%progbits
  20              		.align	2
  21              		.global	HFI_Handler
  22              		.code	16
  23              		.thumb_func
  24              		.type	HFI_Handler, %function
  25              	HFI_Handler:
  26              	.LFB355:
  27              		.file 1 "main.c"
   1:main.c        **** /******************************************************************************
   2:main.c        **** * Project Name		: CY8CKIT_046_USB_Audio
   3:main.c        **** * Version			: 1.0
   4:main.c        **** * Device Used		: CY8C4248BZI-L489     
   5:main.c        **** * Software Used		: PSoC Creator 4.2
   6:main.c        **** * Compiler Used		: ARM GCC 5.4.1
   7:main.c        **** * Related Hardware	: CY8CKIT-046 PSoC 4 L-Series Pioneer Kit 
   8:main.c        **** *******************************************************************************
   9:main.c        **** * Copyright (2018), Cypress Semiconductor Corporation. All rights reserved.
  10:main.c        **** *******************************************************************************
  11:main.c        **** * This software, including source code, documentation and related materials
  12:main.c        **** * (“Software”), is owned by Cypress Semiconductor Corporation or one of its
  13:main.c        **** * subsidiaries (“Cypress”) and is protected by and subject to worldwide patent
  14:main.c        **** * protection (United States and foreign), United States copyright laws and
  15:main.c        **** * international treaty provisions. Therefore, you may use this Software only
  16:main.c        **** * as provided in the license agreement accompanying the software package from
  17:main.c        **** * which you obtained this Software (“EULA”).
  18:main.c        **** *
  19:main.c        **** * If no EULA applies, Cypress hereby grants you a personal, nonexclusive,
  20:main.c        **** * non-transferable license to copy, modify, and compile the Software source
  21:main.c        **** * code solely for use in connection with Cypress’s integrated circuit products.
  22:main.c        **** * Any reproduction, modification, translation, compilation, or representation
  23:main.c        **** * of this Software except as specified above is prohibited without the express
  24:main.c        **** * written permission of Cypress.
  25:main.c        **** *
  26:main.c        **** * Disclaimer: THIS SOFTWARE IS PROVIDED AS-IS, WITH NO WARRANTY OF ANY KIND, 
  27:main.c        **** * EXPRESS OR IMPLIED, INCLUDING, BUT NOT LIMITED TO, NONINFRINGEMENT, IMPLIED 
  28:main.c        **** * WARRANTIES OF MERCHANTABILITY AND FITNESS FOR A PARTICULAR PURPOSE. Cypress 
  29:main.c        **** * reserves the right to make changes to the Software without notice. Cypress 
  30:main.c        **** * does not assume any liability arising out of the application or use of the 
ARM GAS  C:\Users\TERENC~1\AppData\Local\Temp\ccrUzEli.s 			page 2


  31:main.c        **** * Software or any product or circuit described in the Software. Cypress does 
  32:main.c        **** * not authorize its products for use in any products where a malfunction or 
  33:main.c        **** * failure of the Cypress product may reasonably be expected to result in 
  34:main.c        **** * significant property damage, injury or death (“High Risk Product”). By 
  35:main.c        **** * including Cypress’s product in a High Risk Product, the manufacturer of such 
  36:main.c        **** * system or application assumes all risk of such use and in doing so agrees to 
  37:main.c        **** * indemnify Cypress against all liability.
  38:main.c        **** *******************************************************************************/
  39:main.c        **** /*******************************************************************************
  40:main.c        **** * Theory of Operation: This project demonstrates the capability of PSoC 4200L to 
  41:main.c        **** * provide a high-quality audio playback and recording interface to a Windows or 
  42:main.c        **** * Mac PC. The example uses the PSoC 4200L USB to implement an asynchronous USB 
  43:main.c        **** * Audio Class v1.0 compliant device. The PSoC 4 L-Series Pioneer Kit has a 
  44:main.c        **** * standard 3.5-mm TRRS audio jack onboard and an audio codec to convert digital 
  45:main.c        **** * audio stream into analog and vice-versa. These components along with PSoC 4200L
  46:main.c        **** * implement the complete USB Audio interface.
  47:main.c        **** *******************************************************************************/
  48:main.c        **** 
  49:main.c        **** #include <project.h>
  50:main.c        **** #include "Application.h"
  51:main.c        **** #include "Codec.h"
  52:main.c        **** #include "AudioControl.h"
  53:main.c        **** #include "USBInterface.h"
  54:main.c        **** #include <LED.h>
  55:main.c        **** 
  56:main.c        **** volatile uint32_t sys_tick;
  57:main.c        **** 
  58:main.c        **** CY_ISR(HFI_Handler)
  59:main.c        **** {
  28              		.loc 1 59 0
  29              		.cfi_startproc
  30              		@ Volatile: function does not return.
  31              		@ args = 0, pretend = 0, frame = 0
  32              		@ frame_needed = 0, uses_anonymous_args = 0
  33 0000 10B5     		push	{r4, lr}
  34              		.cfi_def_cfa_offset 8
  35              		.cfi_offset 4, -8
  36              		.cfi_offset 14, -4
  37              	.L2:
  60:main.c        ****     while (1)
  61:main.c        ****     {
  62:main.c        ****         LED_BLUE_Write(1);
  38              		.loc 1 62 0 discriminator 1
  39 0002 0120     		movs	r0, #1
  40 0004 FFF7FEFF 		bl	LED_BLUE_Write
  41              	.LVL0:
  63:main.c        ****         CyDelay(1000);
  42              		.loc 1 63 0 discriminator 1
  43 0008 FA24     		movs	r4, #250
  44 000a A400     		lsls	r4, r4, #2
  45 000c 2000     		movs	r0, r4
  46 000e FFF7FEFF 		bl	CyDelay
  47              	.LVL1:
  64:main.c        ****         
  65:main.c        ****         LED_BLUE_Write(0);
  48              		.loc 1 65 0 discriminator 1
  49 0012 0020     		movs	r0, #0
ARM GAS  C:\Users\TERENC~1\AppData\Local\Temp\ccrUzEli.s 			page 3


  50 0014 FFF7FEFF 		bl	LED_BLUE_Write
  51              	.LVL2:
  66:main.c        ****         CyDelay(1000);
  52              		.loc 1 66 0 discriminator 1
  53 0018 2000     		movs	r0, r4
  54 001a FFF7FEFF 		bl	CyDelay
  55              	.LVL3:
  56 001e F0E7     		b	.L2
  57              		.cfi_endproc
  58              	.LFE355:
  59              		.size	HFI_Handler, .-HFI_Handler
  60              		.section	.text.SysTickHandler,"ax",%progbits
  61              		.align	2
  62              		.global	SysTickHandler
  63              		.code	16
  64              		.thumb_func
  65              		.type	SysTickHandler, %function
  66              	SysTickHandler:
  67              	.LFB356:
  67:main.c        ****     }
  68:main.c        **** }
  69:main.c        **** 
  70:main.c        **** CY_ISR(SysTickHandler)
  71:main.c        **** {
  68              		.loc 1 71 0
  69              		.cfi_startproc
  70              		@ args = 0, pretend = 0, frame = 0
  71              		@ frame_needed = 0, uses_anonymous_args = 0
  72 0000 10B5     		push	{r4, lr}
  73              		.cfi_def_cfa_offset 8
  74              		.cfi_offset 4, -8
  75              		.cfi_offset 14, -4
  72:main.c        ****     sys_tick++;
  76              		.loc 1 72 0
  77 0002 034A     		ldr	r2, .L4
  78 0004 1368     		ldr	r3, [r2]
  79 0006 0133     		adds	r3, r3, #1
  80 0008 1360     		str	r3, [r2]
  73:main.c        ****     
  74:main.c        ****     LedIntHandler();
  81              		.loc 1 74 0
  82 000a FFF7FEFF 		bl	LedIntHandler
  83              	.LVL4:
  75:main.c        **** }
  84              		.loc 1 75 0
  85              		@ sp needed
  86 000e 10BD     		pop	{r4, pc}
  87              	.L5:
  88              		.align	2
  89              	.L4:
  90 0010 00000000 		.word	sys_tick
  91              		.cfi_endproc
  92              	.LFE356:
  93              		.size	SysTickHandler, .-SysTickHandler
  94              		.section	.text.main,"ax",%progbits
  95              		.align	2
  96              		.global	main
ARM GAS  C:\Users\TERENC~1\AppData\Local\Temp\ccrUzEli.s 			page 4


  97              		.code	16
  98              		.thumb_func
  99              		.type	main, %function
 100              	main:
 101              	.LFB357:
  76:main.c        **** 
  77:main.c        **** int main()
  78:main.c        **** {
 102              		.loc 1 78 0
 103              		.cfi_startproc
 104              		@ args = 0, pretend = 0, frame = 0
 105              		@ frame_needed = 0, uses_anonymous_args = 0
 106 0000 70B5     		push	{r4, r5, r6, lr}
 107              		.cfi_def_cfa_offset 16
 108              		.cfi_offset 4, -16
 109              		.cfi_offset 5, -12
 110              		.cfi_offset 6, -8
 111              		.cfi_offset 14, -4
 112              	.LVL5:
  79:main.c        **** 	int32 usbEnumFlag = 0;
  80:main.c        ****     
  81:main.c        ****     CyIntSetSysVector(CY_INT_HARD_FAULT_IRQN, HFI_Handler);
 113              		.loc 1 81 0
 114 0002 2A49     		ldr	r1, .L12
 115 0004 0320     		movs	r0, #3
 116 0006 FFF7FEFF 		bl	CyIntSetSysVector
 117              	.LVL6:
  82:main.c        **** 
  83:main.c        ****     /* Start SysTick */
  84:main.c        ****     CySysTickStart();
 118              		.loc 1 84 0
 119 000a FFF7FEFF 		bl	CySysTickStart
 120              	.LVL7:
  85:main.c        ****     CySysTickSetCallback(0, SysTickHandler);
 121              		.loc 1 85 0
 122 000e 2849     		ldr	r1, .L12+4
 123 0010 0020     		movs	r0, #0
 124 0012 FFF7FEFF 		bl	CySysTickSetCallback
 125              	.LVL8:
  86:main.c        **** 	
  87:main.c        **** 	/* Setup the Audio pipe from USB to I2S.*/	
  88:main.c        ****     InitAudioPath();
 126              		.loc 1 88 0
 127 0016 FFF7FEFF 		bl	InitAudioPath
 128              	.LVL9:
  89:main.c        **** 	
  90:main.c        **** 	/* Setup the Application part of the firmware */
  91:main.c        ****     InitApp();
 129              		.loc 1 91 0
 130 001a FFF7FEFF 		bl	InitApp
 131              	.LVL10:
  92:main.c        ****     
  93:main.c        ****     /* Start LED animation */
  94:main.c        ****     LedInit();
 132              		.loc 1 94 0
 133 001e FFF7FEFF 		bl	LedInit
 134              	.LVL11:
ARM GAS  C:\Users\TERENC~1\AppData\Local\Temp\ccrUzEli.s 			page 5


  95:main.c        **** 	
  96:main.c        **** 	PRINTF("InitApp Complete\r\n");
 135              		.loc 1 96 0
 136 0022 244C     		ldr	r4, .L12+8
 137 0024 1322     		movs	r2, #19
 138 0026 2449     		ldr	r1, .L12+12
 139 0028 2000     		movs	r0, r4
 140 002a FFF7FEFF 		bl	memcpy
 141              	.LVL12:
 142 002e 2000     		movs	r0, r4
 143 0030 FFF7FEFF 		bl	UART_UartPutString
 144              	.LVL13:
  79:main.c        ****     
 145              		.loc 1 79 0
 146 0034 0025     		movs	r5, #0
 147              	.LVL14:
 148              	.L11:
  97:main.c        **** 	
  98:main.c        ****     for(;;)
  99:main.c        ****     {
 100:main.c        ****         /* Check for USB enumeration with USB host */
 101:main.c        ****         if(USBFS_VBusPresent() == TRUE)
 149              		.loc 1 101 0
 150 0036 FFF7FEFF 		bl	USBFS_VBusPresent
 151              	.LVL15:
 152 003a 0128     		cmp	r0, #1
 153 003c 14D1     		bne	.L7
 102:main.c        **** 		{
 103:main.c        **** 			if( USBFS_GetConfiguration() != FALSE)
 154              		.loc 1 103 0
 155 003e FFF7FEFF 		bl	USBFS_GetConfiguration
 156              	.LVL16:
 157 0042 0028     		cmp	r0, #0
 158 0044 2CD0     		beq	.L8
 104:main.c        **** 	        {				
 105:main.c        **** 	            /* Accessory initialization routine after USB enumeration completion 
 106:main.c        **** 				 * Also loads the EP's when audio playback/recording starts */
 107:main.c        **** 				ServiceUSB();               
 159              		.loc 1 107 0
 160 0046 FFF7FEFF 		bl	ServiceUSB
 161              	.LVL17:
 108:main.c        **** 	            
 109:main.c        **** 	            /* USB audio sampling frequency change handler. */
 110:main.c        **** 	            HandleSamplingFrequencyChangeRequest(); 
 162              		.loc 1 110 0
 163 004a FFF7FEFF 		bl	HandleSamplingFrequencyChangeRequest
 164              	.LVL18:
 111:main.c        **** 				
 112:main.c        **** 				if(usbEnumFlag == FALSE)
 165              		.loc 1 112 0
 166 004e 002D     		cmp	r5, #0
 167 0050 26D1     		bne	.L8
 168              	.LVL19:
 113:main.c        **** 				{
 114:main.c        **** 					usbEnumFlag = TRUE; 
 115:main.c        **** 					PRINTF("USB Enumeration Done\r\n");
 169              		.loc 1 115 0
ARM GAS  C:\Users\TERENC~1\AppData\Local\Temp\ccrUzEli.s 			page 6


 170 0052 184C     		ldr	r4, .L12+8
 171 0054 1722     		movs	r2, #23
 172 0056 1949     		ldr	r1, .L12+16
 173 0058 2000     		movs	r0, r4
 174 005a FFF7FEFF 		bl	memcpy
 175              	.LVL20:
 176 005e 2000     		movs	r0, r4
 177 0060 FFF7FEFF 		bl	UART_UartPutString
 178              	.LVL21:
 114:main.c        **** 					PRINTF("USB Enumeration Done\r\n");
 179              		.loc 1 114 0
 180 0064 0135     		adds	r5, r5, #1
 181 0066 1BE0     		b	.L8
 182              	.LVL22:
 183              	.L7:
 116:main.c        **** 				}
 117:main.c        **** 	        }	
 118:main.c        **** 		}
 119:main.c        **** 		else
 120:main.c        **** 		{		
 121:main.c        **** 			/* Do not operate the device when VBUS is absent */			
 122:main.c        **** 			PRINTF("USB Disconnected \r\n");	
 184              		.loc 1 122 0
 185 0068 124C     		ldr	r4, .L12+8
 186 006a 1422     		movs	r2, #20
 187 006c 1449     		ldr	r1, .L12+20
 188 006e 2000     		movs	r0, r4
 189 0070 FFF7FEFF 		bl	memcpy
 190              	.LVL23:
 191 0074 2000     		movs	r0, r4
 192 0076 FFF7FEFF 		bl	UART_UartPutString
 193              	.LVL24:
 194              	.L9:
 123:main.c        **** 			
 124:main.c        **** 			/* Wait till the USB is connected again */
 125:main.c        **** 			while(USBFS_VBusPresent() == FALSE);
 195              		.loc 1 125 0 discriminator 1
 196 007a FFF7FEFF 		bl	USBFS_VBusPresent
 197              	.LVL25:
 198 007e 0028     		cmp	r0, #0
 199 0080 FBD0     		beq	.L9
 126:main.c        **** 			
 127:main.c        **** 			/* Do a software reset once VBUS is connected to properly reinitialize USB, DMA and I2S componen
 128:main.c        **** 			PRINTF("USB Reconnected - SW reset \r\n");
 200              		.loc 1 128 0
 201 0082 0C4C     		ldr	r4, .L12+8
 202 0084 1E22     		movs	r2, #30
 203 0086 0F49     		ldr	r1, .L12+24
 204 0088 2000     		movs	r0, r4
 205 008a FFF7FEFF 		bl	memcpy
 206              	.LVL26:
 207 008e 2000     		movs	r0, r4
 208 0090 FFF7FEFF 		bl	UART_UartPutString
 209              	.LVL27:
 210              	.L10:
 129:main.c        ****             #ifdef TXDEBUG
 130:main.c        **** 			    while(UART_SpiUartGetTxBufferSize() != 0);
ARM GAS  C:\Users\TERENC~1\AppData\Local\Temp\ccrUzEli.s 			page 7


 211              		.loc 1 130 0 discriminator 1
 212 0094 FFF7FEFF 		bl	UART_SpiUartGetTxBufferSize
 213              	.LVL28:
 214 0098 0028     		cmp	r0, #0
 215 009a FBD1     		bne	.L10
 131:main.c        ****             #endif
 132:main.c        ****             
 133:main.c        ****             /* Do a software reset once data is sent over UART */
 134:main.c        **** 			CySoftwareReset();		
 216              		.loc 1 134 0
 217 009c FFF7FEFF 		bl	CySoftwareReset
 218              	.LVL29:
 219              	.L8:
 135:main.c        **** 		}
 136:main.c        ****         
 137:main.c        **** 		/* Clear audio IN buffer when IN stream is stopped */
 138:main.c        **** 		HandleAudioInBuffer();             
 220              		.loc 1 138 0
 221 00a0 FFF7FEFF 		bl	HandleAudioInBuffer
 222              	.LVL30:
 139:main.c        ****         
 140:main.c        **** 		/* Runs application layer code for CapSense */
 141:main.c        **** 		RunApplication(); 
 223              		.loc 1 141 0
 224 00a4 FFF7FEFF 		bl	RunApplication
 225              	.LVL31:
 142:main.c        ****     }
 226              		.loc 1 142 0
 227 00a8 C5E7     		b	.L11
 228              	.L13:
 229 00aa C046     		.align	2
 230              	.L12:
 231 00ac 00000000 		.word	HFI_Handler
 232 00b0 00000000 		.word	SysTickHandler
 233 00b4 00000000 		.word	gbuf
 234 00b8 00000000 		.word	.LC4
 235 00bc 14000000 		.word	.LC6
 236 00c0 2C000000 		.word	.LC8
 237 00c4 40000000 		.word	.LC10
 238              		.cfi_endproc
 239              	.LFE357:
 240              		.size	main, .-main
 241              		.comm	sys_tick,4,4
 242              		.section	.rodata.str1.4,"aMS",%progbits,1
 243              		.align	2
 244              	.LC4:
 245 0000 496E6974 		.ascii	"InitApp Complete\015\012\000"
 245      41707020 
 245      436F6D70 
 245      6C657465 
 245      0D0A00
 246 0013 00       		.space	1
 247              	.LC6:
 248 0014 55534220 		.ascii	"USB Enumeration Done\015\012\000"
 248      456E756D 
 248      65726174 
 248      696F6E20 
ARM GAS  C:\Users\TERENC~1\AppData\Local\Temp\ccrUzEli.s 			page 8


 248      446F6E65 
 249 002b 00       		.space	1
 250              	.LC8:
 251 002c 55534220 		.ascii	"USB Disconnected \015\012\000"
 251      44697363 
 251      6F6E6E65 
 251      63746564 
 251      200D0A00 
 252              	.LC10:
 253 0040 55534220 		.ascii	"USB Reconnected - SW reset \015\012\000"
 253      5265636F 
 253      6E6E6563 
 253      74656420 
 253      2D205357 
 254              		.text
 255              	.Letext0:
 256              		.file 2 "c:\\program files (x86)\\cypress\\psoc creator\\4.2\\psoc creator\\import\\gnu\\arm\\5.4.
 257              		.file 3 "c:\\program files (x86)\\cypress\\psoc creator\\4.2\\psoc creator\\import\\gnu\\arm\\5.4.
 258              		.file 4 "Generated_Source\\PSoC4/cytypes.h"
 259              		.file 5 "Application.h"
 260              		.file 6 "Generated_Source\\PSoC4/LED_BLUE.h"
 261              		.file 7 "Generated_Source\\PSoC4/CyLib.h"
 262              		.file 8 "./LED.h"
 263              		.file 9 "AudioControl.h"
 264              		.file 10 "Generated_Source\\PSoC4/UART_SPI_UART.h"
 265              		.file 11 "Generated_Source\\PSoC4/USBFS.h"
 266              		.file 12 "USBInterface.h"
 267              		.section	.debug_info,"",%progbits
 268              	.Ldebug_info0:
 269 0000 DA030000 		.4byte	0x3da
 270 0004 0400     		.2byte	0x4
 271 0006 00000000 		.4byte	.Ldebug_abbrev0
 272 000a 04       		.byte	0x4
 273 000b 01       		.uleb128 0x1
 274 000c A7010000 		.4byte	.LASF39
 275 0010 0C       		.byte	0xc
 276 0011 4C020000 		.4byte	.LASF40
 277 0015 58020000 		.4byte	.LASF41
 278 0019 00000000 		.4byte	.Ldebug_ranges0+0
 279 001d 00000000 		.4byte	0
 280 0021 00000000 		.4byte	.Ldebug_line0
 281 0025 02       		.uleb128 0x2
 282 0026 01       		.byte	0x1
 283 0027 06       		.byte	0x6
 284 0028 C3000000 		.4byte	.LASF0
 285 002c 02       		.uleb128 0x2
 286 002d 01       		.byte	0x1
 287 002e 08       		.byte	0x8
 288 002f CF000000 		.4byte	.LASF1
 289 0033 02       		.uleb128 0x2
 290 0034 02       		.byte	0x2
 291 0035 05       		.byte	0x5
 292 0036 A2020000 		.4byte	.LASF2
 293 003a 02       		.uleb128 0x2
 294 003b 02       		.byte	0x2
 295 003c 07       		.byte	0x7
 296 003d 3F000000 		.4byte	.LASF3
ARM GAS  C:\Users\TERENC~1\AppData\Local\Temp\ccrUzEli.s 			page 9


 297 0041 02       		.uleb128 0x2
 298 0042 04       		.byte	0x4
 299 0043 05       		.byte	0x5
 300 0044 CA020000 		.4byte	.LASF4
 301 0048 03       		.uleb128 0x3
 302 0049 39010000 		.4byte	.LASF9
 303 004d 02       		.byte	0x2
 304 004e 41       		.byte	0x41
 305 004f 53000000 		.4byte	0x53
 306 0053 02       		.uleb128 0x2
 307 0054 04       		.byte	0x4
 308 0055 07       		.byte	0x7
 309 0056 F8000000 		.4byte	.LASF5
 310 005a 02       		.uleb128 0x2
 311 005b 08       		.byte	0x8
 312 005c 05       		.byte	0x5
 313 005d 3E020000 		.4byte	.LASF6
 314 0061 02       		.uleb128 0x2
 315 0062 08       		.byte	0x8
 316 0063 07       		.byte	0x7
 317 0064 7C010000 		.4byte	.LASF7
 318 0068 04       		.uleb128 0x4
 319 0069 04       		.byte	0x4
 320 006a 05       		.byte	0x5
 321 006b 696E7400 		.ascii	"int\000"
 322 006f 02       		.uleb128 0x2
 323 0070 04       		.byte	0x4
 324 0071 07       		.byte	0x7
 325 0072 6F010000 		.4byte	.LASF8
 326 0076 03       		.uleb128 0x3
 327 0077 C1020000 		.4byte	.LASF10
 328 007b 03       		.byte	0x3
 329 007c 30       		.byte	0x30
 330 007d 48000000 		.4byte	0x48
 331 0081 05       		.uleb128 0x5
 332 0082 0A010000 		.4byte	.LASF11
 333 0086 04       		.byte	0x4
 334 0087 E901     		.2byte	0x1e9
 335 0089 41000000 		.4byte	0x41
 336 008d 02       		.uleb128 0x2
 337 008e 04       		.byte	0x4
 338 008f 04       		.byte	0x4
 339 0090 AF000000 		.4byte	.LASF12
 340 0094 02       		.uleb128 0x2
 341 0095 08       		.byte	0x8
 342 0096 04       		.byte	0x4
 343 0097 68000000 		.4byte	.LASF13
 344 009b 02       		.uleb128 0x2
 345 009c 01       		.byte	0x1
 346 009d 08       		.byte	0x8
 347 009e 53020000 		.4byte	.LASF14
 348 00a2 02       		.uleb128 0x2
 349 00a3 04       		.byte	0x4
 350 00a4 07       		.byte	0x7
 351 00a5 35020000 		.4byte	.LASF15
 352 00a9 02       		.uleb128 0x2
 353 00aa 08       		.byte	0x8
ARM GAS  C:\Users\TERENC~1\AppData\Local\Temp\ccrUzEli.s 			page 10


 354 00ab 04       		.byte	0x4
 355 00ac D3020000 		.4byte	.LASF16
 356 00b0 06       		.uleb128 0x6
 357 00b1 76000000 		.4byte	0x76
 358 00b5 07       		.uleb128 0x7
 359 00b6 22010000 		.4byte	.LASF17
 360 00ba 01       		.byte	0x1
 361 00bb 3A       		.byte	0x3a
 362 00bc 00000000 		.4byte	.LFB355
 363 00c0 20000000 		.4byte	.LFE355-.LFB355
 364 00c4 01       		.uleb128 0x1
 365 00c5 9C       		.byte	0x9c
 366 00c6 15010000 		.4byte	0x115
 367 00ca 08       		.uleb128 0x8
 368 00cb 08000000 		.4byte	.LVL0
 369 00cf 09030000 		.4byte	0x309
 370 00d3 DD000000 		.4byte	0xdd
 371 00d7 09       		.uleb128 0x9
 372 00d8 01       		.uleb128 0x1
 373 00d9 50       		.byte	0x50
 374 00da 01       		.uleb128 0x1
 375 00db 31       		.byte	0x31
 376 00dc 00       		.byte	0
 377 00dd 08       		.uleb128 0x8
 378 00de 12000000 		.4byte	.LVL1
 379 00e2 14030000 		.4byte	0x314
 380 00e6 F1000000 		.4byte	0xf1
 381 00ea 09       		.uleb128 0x9
 382 00eb 01       		.uleb128 0x1
 383 00ec 50       		.byte	0x50
 384 00ed 02       		.uleb128 0x2
 385 00ee 74       		.byte	0x74
 386 00ef 00       		.sleb128 0
 387 00f0 00       		.byte	0
 388 00f1 08       		.uleb128 0x8
 389 00f2 18000000 		.4byte	.LVL2
 390 00f6 09030000 		.4byte	0x309
 391 00fa 04010000 		.4byte	0x104
 392 00fe 09       		.uleb128 0x9
 393 00ff 01       		.uleb128 0x1
 394 0100 50       		.byte	0x50
 395 0101 01       		.uleb128 0x1
 396 0102 30       		.byte	0x30
 397 0103 00       		.byte	0
 398 0104 0A       		.uleb128 0xa
 399 0105 1E000000 		.4byte	.LVL3
 400 0109 14030000 		.4byte	0x314
 401 010d 09       		.uleb128 0x9
 402 010e 01       		.uleb128 0x1
 403 010f 50       		.byte	0x50
 404 0110 02       		.uleb128 0x2
 405 0111 74       		.byte	0x74
 406 0112 00       		.sleb128 0
 407 0113 00       		.byte	0
 408 0114 00       		.byte	0
 409 0115 0B       		.uleb128 0xb
 410 0116 DF020000 		.4byte	.LASF42
ARM GAS  C:\Users\TERENC~1\AppData\Local\Temp\ccrUzEli.s 			page 11


 411 011a 01       		.byte	0x1
 412 011b 46       		.byte	0x46
 413 011c 00000000 		.4byte	.LFB356
 414 0120 14000000 		.4byte	.LFE356-.LFB356
 415 0124 01       		.uleb128 0x1
 416 0125 9C       		.byte	0x9c
 417 0126 34010000 		.4byte	0x134
 418 012a 0C       		.uleb128 0xc
 419 012b 0E000000 		.4byte	.LVL4
 420 012f 1F030000 		.4byte	0x31f
 421 0133 00       		.byte	0
 422 0134 0D       		.uleb128 0xd
 423 0135 53010000 		.4byte	.LASF18
 424 0139 01       		.byte	0x1
 425 013a 4D       		.byte	0x4d
 426 013b 68000000 		.4byte	0x68
 427 013f 00000000 		.4byte	.LFB357
 428 0143 C8000000 		.4byte	.LFE357-.LFB357
 429 0147 01       		.uleb128 0x1
 430 0148 9C       		.byte	0x9c
 431 0149 E2020000 		.4byte	0x2e2
 432 014d 0E       		.uleb128 0xe
 433 014e DD000000 		.4byte	.LASF43
 434 0152 01       		.byte	0x1
 435 0153 4F       		.byte	0x4f
 436 0154 81000000 		.4byte	0x81
 437 0158 00000000 		.4byte	.LLST0
 438 015c 08       		.uleb128 0x8
 439 015d 0A000000 		.4byte	.LVL6
 440 0161 2A030000 		.4byte	0x32a
 441 0165 78010000 		.4byte	0x178
 442 0169 09       		.uleb128 0x9
 443 016a 01       		.uleb128 0x1
 444 016b 50       		.byte	0x50
 445 016c 01       		.uleb128 0x1
 446 016d 33       		.byte	0x33
 447 016e 09       		.uleb128 0x9
 448 016f 01       		.uleb128 0x1
 449 0170 51       		.byte	0x51
 450 0171 05       		.uleb128 0x5
 451 0172 03       		.byte	0x3
 452 0173 00000000 		.4byte	HFI_Handler
 453 0177 00       		.byte	0
 454 0178 0C       		.uleb128 0xc
 455 0179 0E000000 		.4byte	.LVL7
 456 017d 35030000 		.4byte	0x335
 457 0181 08       		.uleb128 0x8
 458 0182 16000000 		.4byte	.LVL8
 459 0186 40030000 		.4byte	0x340
 460 018a 9D010000 		.4byte	0x19d
 461 018e 09       		.uleb128 0x9
 462 018f 01       		.uleb128 0x1
 463 0190 50       		.byte	0x50
 464 0191 01       		.uleb128 0x1
 465 0192 30       		.byte	0x30
 466 0193 09       		.uleb128 0x9
 467 0194 01       		.uleb128 0x1
ARM GAS  C:\Users\TERENC~1\AppData\Local\Temp\ccrUzEli.s 			page 12


 468 0195 51       		.byte	0x51
 469 0196 05       		.uleb128 0x5
 470 0197 03       		.byte	0x3
 471 0198 00000000 		.4byte	SysTickHandler
 472 019c 00       		.byte	0
 473 019d 0C       		.uleb128 0xc
 474 019e 1A000000 		.4byte	.LVL9
 475 01a2 4C030000 		.4byte	0x34c
 476 01a6 0C       		.uleb128 0xc
 477 01a7 1E000000 		.4byte	.LVL10
 478 01ab 57030000 		.4byte	0x357
 479 01af 0C       		.uleb128 0xc
 480 01b0 22000000 		.4byte	.LVL11
 481 01b4 62030000 		.4byte	0x362
 482 01b8 08       		.uleb128 0x8
 483 01b9 2E000000 		.4byte	.LVL12
 484 01bd 6D030000 		.4byte	0x36d
 485 01c1 DA010000 		.4byte	0x1da
 486 01c5 09       		.uleb128 0x9
 487 01c6 01       		.uleb128 0x1
 488 01c7 50       		.byte	0x50
 489 01c8 02       		.uleb128 0x2
 490 01c9 74       		.byte	0x74
 491 01ca 00       		.sleb128 0
 492 01cb 09       		.uleb128 0x9
 493 01cc 01       		.uleb128 0x1
 494 01cd 51       		.byte	0x51
 495 01ce 05       		.uleb128 0x5
 496 01cf 03       		.byte	0x3
 497 01d0 00000000 		.4byte	.LC4
 498 01d4 09       		.uleb128 0x9
 499 01d5 01       		.uleb128 0x1
 500 01d6 52       		.byte	0x52
 501 01d7 01       		.uleb128 0x1
 502 01d8 43       		.byte	0x43
 503 01d9 00       		.byte	0
 504 01da 08       		.uleb128 0x8
 505 01db 34000000 		.4byte	.LVL13
 506 01df 76030000 		.4byte	0x376
 507 01e3 EE010000 		.4byte	0x1ee
 508 01e7 09       		.uleb128 0x9
 509 01e8 01       		.uleb128 0x1
 510 01e9 50       		.byte	0x50
 511 01ea 02       		.uleb128 0x2
 512 01eb 74       		.byte	0x74
 513 01ec 00       		.sleb128 0
 514 01ed 00       		.byte	0
 515 01ee 0C       		.uleb128 0xc
 516 01ef 3A000000 		.4byte	.LVL15
 517 01f3 82030000 		.4byte	0x382
 518 01f7 0C       		.uleb128 0xc
 519 01f8 42000000 		.4byte	.LVL16
 520 01fc 8E030000 		.4byte	0x38e
 521 0200 0C       		.uleb128 0xc
 522 0201 4A000000 		.4byte	.LVL17
 523 0205 9A030000 		.4byte	0x39a
 524 0209 0C       		.uleb128 0xc
ARM GAS  C:\Users\TERENC~1\AppData\Local\Temp\ccrUzEli.s 			page 13


 525 020a 4E000000 		.4byte	.LVL18
 526 020e A5030000 		.4byte	0x3a5
 527 0212 08       		.uleb128 0x8
 528 0213 5E000000 		.4byte	.LVL20
 529 0217 6D030000 		.4byte	0x36d
 530 021b 34020000 		.4byte	0x234
 531 021f 09       		.uleb128 0x9
 532 0220 01       		.uleb128 0x1
 533 0221 50       		.byte	0x50
 534 0222 02       		.uleb128 0x2
 535 0223 74       		.byte	0x74
 536 0224 00       		.sleb128 0
 537 0225 09       		.uleb128 0x9
 538 0226 01       		.uleb128 0x1
 539 0227 51       		.byte	0x51
 540 0228 05       		.uleb128 0x5
 541 0229 03       		.byte	0x3
 542 022a 14000000 		.4byte	.LC6
 543 022e 09       		.uleb128 0x9
 544 022f 01       		.uleb128 0x1
 545 0230 52       		.byte	0x52
 546 0231 01       		.uleb128 0x1
 547 0232 47       		.byte	0x47
 548 0233 00       		.byte	0
 549 0234 08       		.uleb128 0x8
 550 0235 64000000 		.4byte	.LVL21
 551 0239 76030000 		.4byte	0x376
 552 023d 48020000 		.4byte	0x248
 553 0241 09       		.uleb128 0x9
 554 0242 01       		.uleb128 0x1
 555 0243 50       		.byte	0x50
 556 0244 02       		.uleb128 0x2
 557 0245 74       		.byte	0x74
 558 0246 00       		.sleb128 0
 559 0247 00       		.byte	0
 560 0248 08       		.uleb128 0x8
 561 0249 74000000 		.4byte	.LVL23
 562 024d 6D030000 		.4byte	0x36d
 563 0251 6A020000 		.4byte	0x26a
 564 0255 09       		.uleb128 0x9
 565 0256 01       		.uleb128 0x1
 566 0257 50       		.byte	0x50
 567 0258 02       		.uleb128 0x2
 568 0259 74       		.byte	0x74
 569 025a 00       		.sleb128 0
 570 025b 09       		.uleb128 0x9
 571 025c 01       		.uleb128 0x1
 572 025d 51       		.byte	0x51
 573 025e 05       		.uleb128 0x5
 574 025f 03       		.byte	0x3
 575 0260 2C000000 		.4byte	.LC8
 576 0264 09       		.uleb128 0x9
 577 0265 01       		.uleb128 0x1
 578 0266 52       		.byte	0x52
 579 0267 01       		.uleb128 0x1
 580 0268 44       		.byte	0x44
 581 0269 00       		.byte	0
ARM GAS  C:\Users\TERENC~1\AppData\Local\Temp\ccrUzEli.s 			page 14


 582 026a 08       		.uleb128 0x8
 583 026b 7A000000 		.4byte	.LVL24
 584 026f 76030000 		.4byte	0x376
 585 0273 7E020000 		.4byte	0x27e
 586 0277 09       		.uleb128 0x9
 587 0278 01       		.uleb128 0x1
 588 0279 50       		.byte	0x50
 589 027a 02       		.uleb128 0x2
 590 027b 74       		.byte	0x74
 591 027c 00       		.sleb128 0
 592 027d 00       		.byte	0
 593 027e 0C       		.uleb128 0xc
 594 027f 7E000000 		.4byte	.LVL25
 595 0283 82030000 		.4byte	0x382
 596 0287 08       		.uleb128 0x8
 597 0288 8E000000 		.4byte	.LVL26
 598 028c 6D030000 		.4byte	0x36d
 599 0290 A9020000 		.4byte	0x2a9
 600 0294 09       		.uleb128 0x9
 601 0295 01       		.uleb128 0x1
 602 0296 50       		.byte	0x50
 603 0297 02       		.uleb128 0x2
 604 0298 74       		.byte	0x74
 605 0299 00       		.sleb128 0
 606 029a 09       		.uleb128 0x9
 607 029b 01       		.uleb128 0x1
 608 029c 51       		.byte	0x51
 609 029d 05       		.uleb128 0x5
 610 029e 03       		.byte	0x3
 611 029f 40000000 		.4byte	.LC10
 612 02a3 09       		.uleb128 0x9
 613 02a4 01       		.uleb128 0x1
 614 02a5 52       		.byte	0x52
 615 02a6 01       		.uleb128 0x1
 616 02a7 4E       		.byte	0x4e
 617 02a8 00       		.byte	0
 618 02a9 08       		.uleb128 0x8
 619 02aa 94000000 		.4byte	.LVL27
 620 02ae 76030000 		.4byte	0x376
 621 02b2 BD020000 		.4byte	0x2bd
 622 02b6 09       		.uleb128 0x9
 623 02b7 01       		.uleb128 0x1
 624 02b8 50       		.byte	0x50
 625 02b9 02       		.uleb128 0x2
 626 02ba 74       		.byte	0x74
 627 02bb 00       		.sleb128 0
 628 02bc 00       		.byte	0
 629 02bd 0C       		.uleb128 0xc
 630 02be 98000000 		.4byte	.LVL28
 631 02c2 B0030000 		.4byte	0x3b0
 632 02c6 0C       		.uleb128 0xc
 633 02c7 A0000000 		.4byte	.LVL29
 634 02cb BC030000 		.4byte	0x3bc
 635 02cf 0C       		.uleb128 0xc
 636 02d0 A4000000 		.4byte	.LVL30
 637 02d4 C7030000 		.4byte	0x3c7
 638 02d8 0C       		.uleb128 0xc
ARM GAS  C:\Users\TERENC~1\AppData\Local\Temp\ccrUzEli.s 			page 15


 639 02d9 A8000000 		.4byte	.LVL31
 640 02dd D2030000 		.4byte	0x3d2
 641 02e1 00       		.byte	0
 642 02e2 0F       		.uleb128 0xf
 643 02e3 9B000000 		.4byte	0x9b
 644 02e7 ED020000 		.4byte	0x2ed
 645 02eb 10       		.uleb128 0x10
 646 02ec 00       		.byte	0
 647 02ed 11       		.uleb128 0x11
 648 02ee AC020000 		.4byte	.LASF19
 649 02f2 05       		.byte	0x5
 650 02f3 3A       		.byte	0x3a
 651 02f4 E2020000 		.4byte	0x2e2
 652 02f8 12       		.uleb128 0x12
 653 02f9 00000000 		.4byte	.LASF20
 654 02fd 01       		.byte	0x1
 655 02fe 38       		.byte	0x38
 656 02ff B0000000 		.4byte	0xb0
 657 0303 05       		.uleb128 0x5
 658 0304 03       		.byte	0x3
 659 0305 00000000 		.4byte	sys_tick
 660 0309 13       		.uleb128 0x13
 661 030a 44010000 		.4byte	.LASF21
 662 030e 44010000 		.4byte	.LASF21
 663 0312 06       		.byte	0x6
 664 0313 33       		.byte	0x33
 665 0314 13       		.uleb128 0x13
 666 0315 EE020000 		.4byte	.LASF22
 667 0319 EE020000 		.4byte	.LASF22
 668 031d 07       		.byte	0x7
 669 031e D9       		.byte	0xd9
 670 031f 13       		.uleb128 0x13
 671 0320 B5000000 		.4byte	.LASF23
 672 0324 B5000000 		.4byte	.LASF23
 673 0328 08       		.byte	0x8
 674 0329 18       		.byte	0x18
 675 032a 13       		.uleb128 0x13
 676 032b 10010000 		.4byte	.LASF24
 677 032f 10010000 		.4byte	.LASF24
 678 0333 07       		.byte	0x7
 679 0334 BA       		.byte	0xba
 680 0335 13       		.uleb128 0x13
 681 0336 E9000000 		.4byte	.LASF25
 682 033a E9000000 		.4byte	.LASF25
 683 033e 07       		.byte	0x7
 684 033f F7       		.byte	0xf7
 685 0340 14       		.uleb128 0x14
 686 0341 18000000 		.4byte	.LASF26
 687 0345 18000000 		.4byte	.LASF26
 688 0349 07       		.byte	0x7
 689 034a 0001     		.2byte	0x100
 690 034c 13       		.uleb128 0x13
 691 034d 52000000 		.4byte	.LASF27
 692 0351 52000000 		.4byte	.LASF27
 693 0355 09       		.byte	0x9
 694 0356 56       		.byte	0x56
 695 0357 13       		.uleb128 0x13
ARM GAS  C:\Users\TERENC~1\AppData\Local\Temp\ccrUzEli.s 			page 16


 696 0358 60000000 		.4byte	.LASF28
 697 035c 60000000 		.4byte	.LASF28
 698 0360 05       		.byte	0x5
 699 0361 4F       		.byte	0x4f
 700 0362 13       		.uleb128 0x13
 701 0363 94000000 		.4byte	.LASF29
 702 0367 94000000 		.4byte	.LASF29
 703 036b 08       		.byte	0x8
 704 036c 16       		.byte	0x16
 705 036d 15       		.uleb128 0x15
 706 036e 9B020000 		.4byte	.LASF44
 707 0372 9B020000 		.4byte	.LASF44
 708 0376 14       		.uleb128 0x14
 709 0377 9C000000 		.4byte	.LASF30
 710 037b 9C000000 		.4byte	.LASF30
 711 037f 0A       		.byte	0xa
 712 0380 2A03     		.2byte	0x32a
 713 0382 14       		.uleb128 0x14
 714 0383 2D000000 		.4byte	.LASF31
 715 0387 2D000000 		.4byte	.LASF31
 716 038b 0B       		.byte	0xb
 717 038c 5001     		.2byte	0x150
 718 038e 14       		.uleb128 0x14
 719 038f 58010000 		.4byte	.LASF32
 720 0393 58010000 		.4byte	.LASF32
 721 0397 0B       		.byte	0xb
 722 0398 3501     		.2byte	0x135
 723 039a 13       		.uleb128 0x13
 724 039b 2E010000 		.4byte	.LASF33
 725 039f 2E010000 		.4byte	.LASF33
 726 03a3 0C       		.byte	0xc
 727 03a4 44       		.byte	0x44
 728 03a5 13       		.uleb128 0x13
 729 03a6 6F000000 		.4byte	.LASF34
 730 03aa 6F000000 		.4byte	.LASF34
 731 03ae 09       		.byte	0x9
 732 03af 5B       		.byte	0x5b
 733 03b0 14       		.uleb128 0x14
 734 03b1 7F020000 		.4byte	.LASF35
 735 03b5 7F020000 		.4byte	.LASF35
 736 03b9 0A       		.byte	0xa
 737 03ba 4603     		.2byte	0x346
 738 03bc 13       		.uleb128 0x13
 739 03bd B1020000 		.4byte	.LASF36
 740 03c1 B1020000 		.4byte	.LASF36
 741 03c5 07       		.byte	0x7
 742 03c6 E4       		.byte	0xe4
 743 03c7 13       		.uleb128 0x13
 744 03c8 93010000 		.4byte	.LASF37
 745 03cc 93010000 		.4byte	.LASF37
 746 03d0 09       		.byte	0x9
 747 03d1 5C       		.byte	0x5c
 748 03d2 13       		.uleb128 0x13
 749 03d3 09000000 		.4byte	.LASF38
 750 03d7 09000000 		.4byte	.LASF38
 751 03db 05       		.byte	0x5
 752 03dc 50       		.byte	0x50
ARM GAS  C:\Users\TERENC~1\AppData\Local\Temp\ccrUzEli.s 			page 17


 753 03dd 00       		.byte	0
 754              		.section	.debug_abbrev,"",%progbits
 755              	.Ldebug_abbrev0:
 756 0000 01       		.uleb128 0x1
 757 0001 11       		.uleb128 0x11
 758 0002 01       		.byte	0x1
 759 0003 25       		.uleb128 0x25
 760 0004 0E       		.uleb128 0xe
 761 0005 13       		.uleb128 0x13
 762 0006 0B       		.uleb128 0xb
 763 0007 03       		.uleb128 0x3
 764 0008 0E       		.uleb128 0xe
 765 0009 1B       		.uleb128 0x1b
 766 000a 0E       		.uleb128 0xe
 767 000b 55       		.uleb128 0x55
 768 000c 17       		.uleb128 0x17
 769 000d 11       		.uleb128 0x11
 770 000e 01       		.uleb128 0x1
 771 000f 10       		.uleb128 0x10
 772 0010 17       		.uleb128 0x17
 773 0011 00       		.byte	0
 774 0012 00       		.byte	0
 775 0013 02       		.uleb128 0x2
 776 0014 24       		.uleb128 0x24
 777 0015 00       		.byte	0
 778 0016 0B       		.uleb128 0xb
 779 0017 0B       		.uleb128 0xb
 780 0018 3E       		.uleb128 0x3e
 781 0019 0B       		.uleb128 0xb
 782 001a 03       		.uleb128 0x3
 783 001b 0E       		.uleb128 0xe
 784 001c 00       		.byte	0
 785 001d 00       		.byte	0
 786 001e 03       		.uleb128 0x3
 787 001f 16       		.uleb128 0x16
 788 0020 00       		.byte	0
 789 0021 03       		.uleb128 0x3
 790 0022 0E       		.uleb128 0xe
 791 0023 3A       		.uleb128 0x3a
 792 0024 0B       		.uleb128 0xb
 793 0025 3B       		.uleb128 0x3b
 794 0026 0B       		.uleb128 0xb
 795 0027 49       		.uleb128 0x49
 796 0028 13       		.uleb128 0x13
 797 0029 00       		.byte	0
 798 002a 00       		.byte	0
 799 002b 04       		.uleb128 0x4
 800 002c 24       		.uleb128 0x24
 801 002d 00       		.byte	0
 802 002e 0B       		.uleb128 0xb
 803 002f 0B       		.uleb128 0xb
 804 0030 3E       		.uleb128 0x3e
 805 0031 0B       		.uleb128 0xb
 806 0032 03       		.uleb128 0x3
 807 0033 08       		.uleb128 0x8
 808 0034 00       		.byte	0
 809 0035 00       		.byte	0
ARM GAS  C:\Users\TERENC~1\AppData\Local\Temp\ccrUzEli.s 			page 18


 810 0036 05       		.uleb128 0x5
 811 0037 16       		.uleb128 0x16
 812 0038 00       		.byte	0
 813 0039 03       		.uleb128 0x3
 814 003a 0E       		.uleb128 0xe
 815 003b 3A       		.uleb128 0x3a
 816 003c 0B       		.uleb128 0xb
 817 003d 3B       		.uleb128 0x3b
 818 003e 05       		.uleb128 0x5
 819 003f 49       		.uleb128 0x49
 820 0040 13       		.uleb128 0x13
 821 0041 00       		.byte	0
 822 0042 00       		.byte	0
 823 0043 06       		.uleb128 0x6
 824 0044 35       		.uleb128 0x35
 825 0045 00       		.byte	0
 826 0046 49       		.uleb128 0x49
 827 0047 13       		.uleb128 0x13
 828 0048 00       		.byte	0
 829 0049 00       		.byte	0
 830 004a 07       		.uleb128 0x7
 831 004b 2E       		.uleb128 0x2e
 832 004c 01       		.byte	0x1
 833 004d 3F       		.uleb128 0x3f
 834 004e 19       		.uleb128 0x19
 835 004f 03       		.uleb128 0x3
 836 0050 0E       		.uleb128 0xe
 837 0051 3A       		.uleb128 0x3a
 838 0052 0B       		.uleb128 0xb
 839 0053 3B       		.uleb128 0x3b
 840 0054 0B       		.uleb128 0xb
 841 0055 27       		.uleb128 0x27
 842 0056 19       		.uleb128 0x19
 843 0057 8701     		.uleb128 0x87
 844 0059 19       		.uleb128 0x19
 845 005a 11       		.uleb128 0x11
 846 005b 01       		.uleb128 0x1
 847 005c 12       		.uleb128 0x12
 848 005d 06       		.uleb128 0x6
 849 005e 40       		.uleb128 0x40
 850 005f 18       		.uleb128 0x18
 851 0060 9742     		.uleb128 0x2117
 852 0062 19       		.uleb128 0x19
 853 0063 01       		.uleb128 0x1
 854 0064 13       		.uleb128 0x13
 855 0065 00       		.byte	0
 856 0066 00       		.byte	0
 857 0067 08       		.uleb128 0x8
 858 0068 898201   		.uleb128 0x4109
 859 006b 01       		.byte	0x1
 860 006c 11       		.uleb128 0x11
 861 006d 01       		.uleb128 0x1
 862 006e 31       		.uleb128 0x31
 863 006f 13       		.uleb128 0x13
 864 0070 01       		.uleb128 0x1
 865 0071 13       		.uleb128 0x13
 866 0072 00       		.byte	0
ARM GAS  C:\Users\TERENC~1\AppData\Local\Temp\ccrUzEli.s 			page 19


 867 0073 00       		.byte	0
 868 0074 09       		.uleb128 0x9
 869 0075 8A8201   		.uleb128 0x410a
 870 0078 00       		.byte	0
 871 0079 02       		.uleb128 0x2
 872 007a 18       		.uleb128 0x18
 873 007b 9142     		.uleb128 0x2111
 874 007d 18       		.uleb128 0x18
 875 007e 00       		.byte	0
 876 007f 00       		.byte	0
 877 0080 0A       		.uleb128 0xa
 878 0081 898201   		.uleb128 0x4109
 879 0084 01       		.byte	0x1
 880 0085 11       		.uleb128 0x11
 881 0086 01       		.uleb128 0x1
 882 0087 31       		.uleb128 0x31
 883 0088 13       		.uleb128 0x13
 884 0089 00       		.byte	0
 885 008a 00       		.byte	0
 886 008b 0B       		.uleb128 0xb
 887 008c 2E       		.uleb128 0x2e
 888 008d 01       		.byte	0x1
 889 008e 3F       		.uleb128 0x3f
 890 008f 19       		.uleb128 0x19
 891 0090 03       		.uleb128 0x3
 892 0091 0E       		.uleb128 0xe
 893 0092 3A       		.uleb128 0x3a
 894 0093 0B       		.uleb128 0xb
 895 0094 3B       		.uleb128 0x3b
 896 0095 0B       		.uleb128 0xb
 897 0096 27       		.uleb128 0x27
 898 0097 19       		.uleb128 0x19
 899 0098 11       		.uleb128 0x11
 900 0099 01       		.uleb128 0x1
 901 009a 12       		.uleb128 0x12
 902 009b 06       		.uleb128 0x6
 903 009c 40       		.uleb128 0x40
 904 009d 18       		.uleb128 0x18
 905 009e 9742     		.uleb128 0x2117
 906 00a0 19       		.uleb128 0x19
 907 00a1 01       		.uleb128 0x1
 908 00a2 13       		.uleb128 0x13
 909 00a3 00       		.byte	0
 910 00a4 00       		.byte	0
 911 00a5 0C       		.uleb128 0xc
 912 00a6 898201   		.uleb128 0x4109
 913 00a9 00       		.byte	0
 914 00aa 11       		.uleb128 0x11
 915 00ab 01       		.uleb128 0x1
 916 00ac 31       		.uleb128 0x31
 917 00ad 13       		.uleb128 0x13
 918 00ae 00       		.byte	0
 919 00af 00       		.byte	0
 920 00b0 0D       		.uleb128 0xd
 921 00b1 2E       		.uleb128 0x2e
 922 00b2 01       		.byte	0x1
 923 00b3 3F       		.uleb128 0x3f
ARM GAS  C:\Users\TERENC~1\AppData\Local\Temp\ccrUzEli.s 			page 20


 924 00b4 19       		.uleb128 0x19
 925 00b5 03       		.uleb128 0x3
 926 00b6 0E       		.uleb128 0xe
 927 00b7 3A       		.uleb128 0x3a
 928 00b8 0B       		.uleb128 0xb
 929 00b9 3B       		.uleb128 0x3b
 930 00ba 0B       		.uleb128 0xb
 931 00bb 49       		.uleb128 0x49
 932 00bc 13       		.uleb128 0x13
 933 00bd 8701     		.uleb128 0x87
 934 00bf 19       		.uleb128 0x19
 935 00c0 11       		.uleb128 0x11
 936 00c1 01       		.uleb128 0x1
 937 00c2 12       		.uleb128 0x12
 938 00c3 06       		.uleb128 0x6
 939 00c4 40       		.uleb128 0x40
 940 00c5 18       		.uleb128 0x18
 941 00c6 9742     		.uleb128 0x2117
 942 00c8 19       		.uleb128 0x19
 943 00c9 01       		.uleb128 0x1
 944 00ca 13       		.uleb128 0x13
 945 00cb 00       		.byte	0
 946 00cc 00       		.byte	0
 947 00cd 0E       		.uleb128 0xe
 948 00ce 34       		.uleb128 0x34
 949 00cf 00       		.byte	0
 950 00d0 03       		.uleb128 0x3
 951 00d1 0E       		.uleb128 0xe
 952 00d2 3A       		.uleb128 0x3a
 953 00d3 0B       		.uleb128 0xb
 954 00d4 3B       		.uleb128 0x3b
 955 00d5 0B       		.uleb128 0xb
 956 00d6 49       		.uleb128 0x49
 957 00d7 13       		.uleb128 0x13
 958 00d8 02       		.uleb128 0x2
 959 00d9 17       		.uleb128 0x17
 960 00da 00       		.byte	0
 961 00db 00       		.byte	0
 962 00dc 0F       		.uleb128 0xf
 963 00dd 01       		.uleb128 0x1
 964 00de 01       		.byte	0x1
 965 00df 49       		.uleb128 0x49
 966 00e0 13       		.uleb128 0x13
 967 00e1 01       		.uleb128 0x1
 968 00e2 13       		.uleb128 0x13
 969 00e3 00       		.byte	0
 970 00e4 00       		.byte	0
 971 00e5 10       		.uleb128 0x10
 972 00e6 21       		.uleb128 0x21
 973 00e7 00       		.byte	0
 974 00e8 00       		.byte	0
 975 00e9 00       		.byte	0
 976 00ea 11       		.uleb128 0x11
 977 00eb 34       		.uleb128 0x34
 978 00ec 00       		.byte	0
 979 00ed 03       		.uleb128 0x3
 980 00ee 0E       		.uleb128 0xe
ARM GAS  C:\Users\TERENC~1\AppData\Local\Temp\ccrUzEli.s 			page 21


 981 00ef 3A       		.uleb128 0x3a
 982 00f0 0B       		.uleb128 0xb
 983 00f1 3B       		.uleb128 0x3b
 984 00f2 0B       		.uleb128 0xb
 985 00f3 49       		.uleb128 0x49
 986 00f4 13       		.uleb128 0x13
 987 00f5 3F       		.uleb128 0x3f
 988 00f6 19       		.uleb128 0x19
 989 00f7 3C       		.uleb128 0x3c
 990 00f8 19       		.uleb128 0x19
 991 00f9 00       		.byte	0
 992 00fa 00       		.byte	0
 993 00fb 12       		.uleb128 0x12
 994 00fc 34       		.uleb128 0x34
 995 00fd 00       		.byte	0
 996 00fe 03       		.uleb128 0x3
 997 00ff 0E       		.uleb128 0xe
 998 0100 3A       		.uleb128 0x3a
 999 0101 0B       		.uleb128 0xb
 1000 0102 3B       		.uleb128 0x3b
 1001 0103 0B       		.uleb128 0xb
 1002 0104 49       		.uleb128 0x49
 1003 0105 13       		.uleb128 0x13
 1004 0106 3F       		.uleb128 0x3f
 1005 0107 19       		.uleb128 0x19
 1006 0108 02       		.uleb128 0x2
 1007 0109 18       		.uleb128 0x18
 1008 010a 00       		.byte	0
 1009 010b 00       		.byte	0
 1010 010c 13       		.uleb128 0x13
 1011 010d 2E       		.uleb128 0x2e
 1012 010e 00       		.byte	0
 1013 010f 3F       		.uleb128 0x3f
 1014 0110 19       		.uleb128 0x19
 1015 0111 3C       		.uleb128 0x3c
 1016 0112 19       		.uleb128 0x19
 1017 0113 6E       		.uleb128 0x6e
 1018 0114 0E       		.uleb128 0xe
 1019 0115 03       		.uleb128 0x3
 1020 0116 0E       		.uleb128 0xe
 1021 0117 3A       		.uleb128 0x3a
 1022 0118 0B       		.uleb128 0xb
 1023 0119 3B       		.uleb128 0x3b
 1024 011a 0B       		.uleb128 0xb
 1025 011b 00       		.byte	0
 1026 011c 00       		.byte	0
 1027 011d 14       		.uleb128 0x14
 1028 011e 2E       		.uleb128 0x2e
 1029 011f 00       		.byte	0
 1030 0120 3F       		.uleb128 0x3f
 1031 0121 19       		.uleb128 0x19
 1032 0122 3C       		.uleb128 0x3c
 1033 0123 19       		.uleb128 0x19
 1034 0124 6E       		.uleb128 0x6e
 1035 0125 0E       		.uleb128 0xe
 1036 0126 03       		.uleb128 0x3
 1037 0127 0E       		.uleb128 0xe
ARM GAS  C:\Users\TERENC~1\AppData\Local\Temp\ccrUzEli.s 			page 22


 1038 0128 3A       		.uleb128 0x3a
 1039 0129 0B       		.uleb128 0xb
 1040 012a 3B       		.uleb128 0x3b
 1041 012b 05       		.uleb128 0x5
 1042 012c 00       		.byte	0
 1043 012d 00       		.byte	0
 1044 012e 15       		.uleb128 0x15
 1045 012f 2E       		.uleb128 0x2e
 1046 0130 00       		.byte	0
 1047 0131 3F       		.uleb128 0x3f
 1048 0132 19       		.uleb128 0x19
 1049 0133 3C       		.uleb128 0x3c
 1050 0134 19       		.uleb128 0x19
 1051 0135 6E       		.uleb128 0x6e
 1052 0136 0E       		.uleb128 0xe
 1053 0137 03       		.uleb128 0x3
 1054 0138 0E       		.uleb128 0xe
 1055 0139 00       		.byte	0
 1056 013a 00       		.byte	0
 1057 013b 00       		.byte	0
 1058              		.section	.debug_loc,"",%progbits
 1059              	.Ldebug_loc0:
 1060              	.LLST0:
 1061 0000 02000000 		.4byte	.LVL5
 1062 0004 36000000 		.4byte	.LVL14
 1063 0008 0200     		.2byte	0x2
 1064 000a 30       		.byte	0x30
 1065 000b 9F       		.byte	0x9f
 1066 000c 36000000 		.4byte	.LVL14
 1067 0010 52000000 		.4byte	.LVL19
 1068 0014 0100     		.2byte	0x1
 1069 0016 55       		.byte	0x55
 1070 0017 52000000 		.4byte	.LVL19
 1071 001b 68000000 		.4byte	.LVL22
 1072 001f 0200     		.2byte	0x2
 1073 0021 31       		.byte	0x31
 1074 0022 9F       		.byte	0x9f
 1075 0023 68000000 		.4byte	.LVL22
 1076 0027 C8000000 		.4byte	.LFE357
 1077 002b 0100     		.2byte	0x1
 1078 002d 55       		.byte	0x55
 1079 002e 00000000 		.4byte	0
 1080 0032 00000000 		.4byte	0
 1081              		.section	.debug_aranges,"",%progbits
 1082 0000 2C000000 		.4byte	0x2c
 1083 0004 0200     		.2byte	0x2
 1084 0006 00000000 		.4byte	.Ldebug_info0
 1085 000a 04       		.byte	0x4
 1086 000b 00       		.byte	0
 1087 000c 0000     		.2byte	0
 1088 000e 0000     		.2byte	0
 1089 0010 00000000 		.4byte	.LFB355
 1090 0014 20000000 		.4byte	.LFE355-.LFB355
 1091 0018 00000000 		.4byte	.LFB356
 1092 001c 14000000 		.4byte	.LFE356-.LFB356
 1093 0020 00000000 		.4byte	.LFB357
 1094 0024 C8000000 		.4byte	.LFE357-.LFB357
ARM GAS  C:\Users\TERENC~1\AppData\Local\Temp\ccrUzEli.s 			page 23


 1095 0028 00000000 		.4byte	0
 1096 002c 00000000 		.4byte	0
 1097              		.section	.debug_ranges,"",%progbits
 1098              	.Ldebug_ranges0:
 1099 0000 00000000 		.4byte	.LFB355
 1100 0004 20000000 		.4byte	.LFE355
 1101 0008 00000000 		.4byte	.LFB356
 1102 000c 14000000 		.4byte	.LFE356
 1103 0010 00000000 		.4byte	.LFB357
 1104 0014 C8000000 		.4byte	.LFE357
 1105 0018 00000000 		.4byte	0
 1106 001c 00000000 		.4byte	0
 1107              		.section	.debug_line,"",%progbits
 1108              	.Ldebug_line0:
 1109 0000 24020000 		.section	.debug_str,"MS",%progbits,1
 1109      0200B501 
 1109      00000201 
 1109      FB0E0D00 
 1109      01010101 
 1110              	.LASF20:
 1111 0000 7379735F 		.ascii	"sys_tick\000"
 1111      7469636B 
 1111      00
 1112              	.LASF38:
 1113 0009 52756E41 		.ascii	"RunApplication\000"
 1113      70706C69 
 1113      63617469 
 1113      6F6E00
 1114              	.LASF26:
 1115 0018 43795379 		.ascii	"CySysTickSetCallback\000"
 1115      73546963 
 1115      6B536574 
 1115      43616C6C 
 1115      6261636B 
 1116              	.LASF31:
 1117 002d 55534246 		.ascii	"USBFS_VBusPresent\000"
 1117      535F5642 
 1117      75735072 
 1117      6573656E 
 1117      7400
 1118              	.LASF3:
 1119 003f 73686F72 		.ascii	"short unsigned int\000"
 1119      7420756E 
 1119      7369676E 
 1119      65642069 
 1119      6E7400
 1120              	.LASF27:
 1121 0052 496E6974 		.ascii	"InitAudioPath\000"
 1121      41756469 
 1121      6F506174 
 1121      6800
 1122              	.LASF28:
 1123 0060 496E6974 		.ascii	"InitApp\000"
 1123      41707000 
 1124              	.LASF13:
 1125 0068 646F7562 		.ascii	"double\000"
 1125      6C6500
ARM GAS  C:\Users\TERENC~1\AppData\Local\Temp\ccrUzEli.s 			page 24


 1126              	.LASF34:
 1127 006f 48616E64 		.ascii	"HandleSamplingFrequencyChangeRequest\000"
 1127      6C655361 
 1127      6D706C69 
 1127      6E674672 
 1127      65717565 
 1128              	.LASF29:
 1129 0094 4C656449 		.ascii	"LedInit\000"
 1129      6E697400 
 1130              	.LASF30:
 1131 009c 55415254 		.ascii	"UART_UartPutString\000"
 1131      5F556172 
 1131      74507574 
 1131      53747269 
 1131      6E6700
 1132              	.LASF12:
 1133 00af 666C6F61 		.ascii	"float\000"
 1133      7400
 1134              	.LASF23:
 1135 00b5 4C656449 		.ascii	"LedIntHandler\000"
 1135      6E744861 
 1135      6E646C65 
 1135      7200
 1136              	.LASF0:
 1137 00c3 7369676E 		.ascii	"signed char\000"
 1137      65642063 
 1137      68617200 
 1138              	.LASF1:
 1139 00cf 756E7369 		.ascii	"unsigned char\000"
 1139      676E6564 
 1139      20636861 
 1139      7200
 1140              	.LASF43:
 1141 00dd 75736245 		.ascii	"usbEnumFlag\000"
 1141      6E756D46 
 1141      6C616700 
 1142              	.LASF25:
 1143 00e9 43795379 		.ascii	"CySysTickStart\000"
 1143      73546963 
 1143      6B537461 
 1143      727400
 1144              	.LASF5:
 1145 00f8 6C6F6E67 		.ascii	"long unsigned int\000"
 1145      20756E73 
 1145      69676E65 
 1145      6420696E 
 1145      7400
 1146              	.LASF11:
 1147 010a 696E7433 		.ascii	"int32\000"
 1147      3200
 1148              	.LASF24:
 1149 0110 4379496E 		.ascii	"CyIntSetSysVector\000"
 1149      74536574 
 1149      53797356 
 1149      6563746F 
 1149      7200
 1150              	.LASF17:
ARM GAS  C:\Users\TERENC~1\AppData\Local\Temp\ccrUzEli.s 			page 25


 1151 0122 4846495F 		.ascii	"HFI_Handler\000"
 1151      48616E64 
 1151      6C657200 
 1152              	.LASF33:
 1153 012e 53657276 		.ascii	"ServiceUSB\000"
 1153      69636555 
 1153      534200
 1154              	.LASF9:
 1155 0139 5F5F7569 		.ascii	"__uint32_t\000"
 1155      6E743332 
 1155      5F7400
 1156              	.LASF21:
 1157 0144 4C45445F 		.ascii	"LED_BLUE_Write\000"
 1157      424C5545 
 1157      5F577269 
 1157      746500
 1158              	.LASF18:
 1159 0153 6D61696E 		.ascii	"main\000"
 1159      00
 1160              	.LASF32:
 1161 0158 55534246 		.ascii	"USBFS_GetConfiguration\000"
 1161      535F4765 
 1161      74436F6E 
 1161      66696775 
 1161      72617469 
 1162              	.LASF8:
 1163 016f 756E7369 		.ascii	"unsigned int\000"
 1163      676E6564 
 1163      20696E74 
 1163      00
 1164              	.LASF7:
 1165 017c 6C6F6E67 		.ascii	"long long unsigned int\000"
 1165      206C6F6E 
 1165      6720756E 
 1165      7369676E 
 1165      65642069 
 1166              	.LASF37:
 1167 0193 48616E64 		.ascii	"HandleAudioInBuffer\000"
 1167      6C654175 
 1167      64696F49 
 1167      6E427566 
 1167      66657200 
 1168              	.LASF39:
 1169 01a7 474E5520 		.ascii	"GNU C11 5.4.1 20160609 (release) [ARM/embedded-5-br"
 1169      43313120 
 1169      352E342E 
 1169      31203230 
 1169      31363036 
 1170 01da 616E6368 		.ascii	"anch revision 237715] -mcpu=cortex-m0 -mthumb -g -O"
 1170      20726576 
 1170      6973696F 
 1170      6E203233 
 1170      37373135 
 1171 020d 67202D66 		.ascii	"g -ffunction-sections -ffat-lto-objects\000"
 1171      66756E63 
 1171      74696F6E 
 1171      2D736563 
ARM GAS  C:\Users\TERENC~1\AppData\Local\Temp\ccrUzEli.s 			page 26


 1171      74696F6E 
 1172              	.LASF15:
 1173 0235 73697A65 		.ascii	"sizetype\000"
 1173      74797065 
 1173      00
 1174              	.LASF6:
 1175 023e 6C6F6E67 		.ascii	"long long int\000"
 1175      206C6F6E 
 1175      6720696E 
 1175      7400
 1176              	.LASF40:
 1177 024c 6D61696E 		.ascii	"main.c\000"
 1177      2E6300
 1178              	.LASF14:
 1179 0253 63686172 		.ascii	"char\000"
 1179      00
 1180              	.LASF41:
 1181 0258 433A5C64 		.ascii	"C:\\dev\\git\\Icebreaker\\Icebreaker.cydsn\000"
 1181      65765C67 
 1181      69745C49 
 1181      63656272 
 1181      65616B65 
 1182              	.LASF35:
 1183 027f 55415254 		.ascii	"UART_SpiUartGetTxBufferSize\000"
 1183      5F537069 
 1183      55617274 
 1183      47657454 
 1183      78427566 
 1184              	.LASF44:
 1185 029b 6D656D63 		.ascii	"memcpy\000"
 1185      707900
 1186              	.LASF2:
 1187 02a2 73686F72 		.ascii	"short int\000"
 1187      7420696E 
 1187      7400
 1188              	.LASF19:
 1189 02ac 67627566 		.ascii	"gbuf\000"
 1189      00
 1190              	.LASF36:
 1191 02b1 4379536F 		.ascii	"CySoftwareReset\000"
 1191      66747761 
 1191      72655265 
 1191      73657400 
 1192              	.LASF10:
 1193 02c1 75696E74 		.ascii	"uint32_t\000"
 1193      33325F74 
 1193      00
 1194              	.LASF4:
 1195 02ca 6C6F6E67 		.ascii	"long int\000"
 1195      20696E74 
 1195      00
 1196              	.LASF16:
 1197 02d3 6C6F6E67 		.ascii	"long double\000"
 1197      20646F75 
 1197      626C6500 
 1198              	.LASF42:
 1199 02df 53797354 		.ascii	"SysTickHandler\000"
ARM GAS  C:\Users\TERENC~1\AppData\Local\Temp\ccrUzEli.s 			page 27


 1199      69636B48 
 1199      616E646C 
 1199      657200
 1200              	.LASF22:
 1201 02ee 43794465 		.ascii	"CyDelay\000"
 1201      6C617900 
 1202              		.ident	"GCC: (GNU Tools for ARM Embedded Processors) 5.4.1 20160609 (release) [ARM/embedded-5-bran
