ARM GAS  C:\Users\TERENC~1\AppData\Local\Temp\cc1ICAaG.s 			page 1


   1              		.syntax unified
   2              		.cpu cortex-m0
   3              		.fpu softvfp
   4              		.eabi_attribute 20, 1
   5              		.eabi_attribute 21, 1
   6              		.eabi_attribute 23, 3
   7              		.eabi_attribute 24, 1
   8              		.eabi_attribute 25, 1
   9              		.eabi_attribute 26, 1
  10              		.eabi_attribute 30, 1
  11              		.eabi_attribute 34, 0
  12              		.eabi_attribute 18, 4
  13              		.thumb
  14              		.syntax unified
  15              		.file	"timers.c"
  16              		.text
  17              	.Ltext0:
  18              		.cfi_sections	.debug_frame
  19              		.section	.text.tmrInit,"ax",%progbits
  20              		.align	2
  21              		.global	tmrInit
  22              		.code	16
  23              		.thumb_func
  24              		.type	tmrInit, %function
  25              	tmrInit:
  26              	.LFB2:
  27              		.file 1 "timers.c"
   1:timers.c      **** /* ========================================
   2:timers.c      ****  *
   3:timers.c      ****  * Copyright YOUR COMPANY, THE YEAR
   4:timers.c      ****  * All Rights Reserved
   5:timers.c      ****  * UNPUBLISHED, LICENSED SOFTWARE.
   6:timers.c      ****  *
   7:timers.c      ****  * CONFIDENTIAL AND PROPRIETARY INFORMATION
   8:timers.c      ****  * WHICH IS THE PROPERTY OF your company.
   9:timers.c      ****  *
  10:timers.c      ****  * ========================================
  11:timers.c      **** */
  12:timers.c      **** #include <Application.h>
  13:timers.c      **** #include <timers.h>
  14:timers.c      **** #include <stdio.h>
  15:timers.c      **** #include <stdbool.h>
  16:timers.c      **** 
  17:timers.c      **** volatile uint32_t tmrCounter_ms;
  18:timers.c      **** 
  19:timers.c      **** static tmrFuncType headTmr;
  20:timers.c      ****     
  21:timers.c      **** void tmrInit(void)
  22:timers.c      **** {
  28              		.loc 1 22 0
  29              		.cfi_startproc
  30              		@ args = 0, pretend = 0, frame = 0
  31              		@ frame_needed = 0, uses_anonymous_args = 0
  32              		@ link register save eliminated.
  23:timers.c      ****     headTmr.next = NULL;
  33              		.loc 1 23 0
  34 0000 024B     		ldr	r3, .L2
ARM GAS  C:\Users\TERENC~1\AppData\Local\Temp\cc1ICAaG.s 			page 2


  35 0002 0022     		movs	r2, #0
  36 0004 1A60     		str	r2, [r3]
  24:timers.c      ****     headTmr.mS = 0;
  37              		.loc 1 24 0
  38 0006 5A60     		str	r2, [r3, #4]
  25:timers.c      ****     headTmr.func = NULL;
  39              		.loc 1 25 0
  40 0008 9A60     		str	r2, [r3, #8]
  26:timers.c      **** }
  41              		.loc 1 26 0
  42              		@ sp needed
  43 000a 7047     		bx	lr
  44              	.L3:
  45              		.align	2
  46              	.L2:
  47 000c 00000000 		.word	.LANCHOR0
  48              		.cfi_endproc
  49              	.LFE2:
  50              		.size	tmrInit, .-tmrInit
  51              		.section	.text.tmrService,"ax",%progbits
  52              		.align	2
  53              		.global	tmrService
  54              		.code	16
  55              		.thumb_func
  56              		.type	tmrService, %function
  57              	tmrService:
  58              	.LFB3:
  27:timers.c      **** 
  28:timers.c      **** void tmrService(void)
  29:timers.c      **** {
  59              		.loc 1 29 0
  60              		.cfi_startproc
  61              		@ args = 0, pretend = 0, frame = 0
  62              		@ frame_needed = 0, uses_anonymous_args = 0
  63 0000 70B5     		push	{r4, r5, r6, lr}
  64              		.cfi_def_cfa_offset 16
  65              		.cfi_offset 4, -16
  66              		.cfi_offset 5, -12
  67              		.cfi_offset 6, -8
  68              		.cfi_offset 14, -4
  69              	.LVL0:
  30:timers.c      ****     tmrFuncType *pTmr = &headTmr;
  31:timers.c      ****     
  32:timers.c      ****     tmrCounter_ms++;
  70              		.loc 1 32 0
  71 0002 0E4A     		ldr	r2, .L10
  72 0004 1368     		ldr	r3, [r2]
  73 0006 0133     		adds	r3, r3, #1
  74 0008 1360     		str	r3, [r2]
  30:timers.c      ****     tmrFuncType *pTmr = &headTmr;
  75              		.loc 1 30 0
  76 000a 0D4C     		ldr	r4, .L10+4
  33:timers.c      ****     
  34:timers.c      ****     while (pTmr->next)
  77              		.loc 1 34 0
  78 000c 11E0     		b	.L5
  79              	.LVL1:
ARM GAS  C:\Users\TERENC~1\AppData\Local\Temp\cc1ICAaG.s 			page 3


  80              	.L9:
  35:timers.c      ****     {
  36:timers.c      ****         if (pTmr->next->mS == 0)
  81              		.loc 1 36 0
  82 000e 6B68     		ldr	r3, [r5, #4]
  83 0010 002B     		cmp	r3, #0
  84 0012 09D1     		bne	.L6
  37:timers.c      ****         {
  38:timers.c      ****             // Timer has expired - execute function
  39:timers.c      ****             pTmr->next->mS = pTmr->next->func();
  85              		.loc 1 39 0
  86 0014 AB68     		ldr	r3, [r5, #8]
  87 0016 9847     		blx	r3
  88              	.LVL2:
  89 0018 6860     		str	r0, [r5, #4]
  40:timers.c      ****             if (pTmr->next->mS == 0)
  90              		.loc 1 40 0
  91 001a 2368     		ldr	r3, [r4]
  92 001c 5A68     		ldr	r2, [r3, #4]
  93 001e 002A     		cmp	r2, #0
  94 0020 04D1     		bne	.L7
  41:timers.c      ****             {
  42:timers.c      ****                 // Timer was not kicked - remove from list
  43:timers.c      ****                 pTmr->next = pTmr->next->next;
  95              		.loc 1 43 0
  96 0022 1B68     		ldr	r3, [r3]
  97 0024 2360     		str	r3, [r4]
  98 0026 01E0     		b	.L7
  99              	.L6:
  44:timers.c      ****             }
  45:timers.c      ****         }
  46:timers.c      ****         else
  47:timers.c      ****         {
  48:timers.c      ****             pTmr->next->mS--;
 100              		.loc 1 48 0
 101 0028 013B     		subs	r3, r3, #1
 102 002a 6B60     		str	r3, [r5, #4]
 103              	.L7:
  49:timers.c      ****         }
  50:timers.c      ****         
  51:timers.c      ****         if (pTmr->next)
 104              		.loc 1 51 0
 105 002c 2468     		ldr	r4, [r4]
 106              	.LVL3:
 107 002e 002C     		cmp	r4, #0
 108 0030 02D0     		beq	.L4
 109              	.L5:
 110              	.LVL4:
  34:timers.c      ****     {
 111              		.loc 1 34 0
 112 0032 2568     		ldr	r5, [r4]
 113 0034 002D     		cmp	r5, #0
 114 0036 EAD1     		bne	.L9
 115              	.LVL5:
 116              	.L4:
  52:timers.c      ****         {
  53:timers.c      ****             // Advance pointer
ARM GAS  C:\Users\TERENC~1\AppData\Local\Temp\cc1ICAaG.s 			page 4


  54:timers.c      ****             pTmr = pTmr->next;
  55:timers.c      ****         }
  56:timers.c      ****         else
  57:timers.c      ****         {
  58:timers.c      ****             // Reached the end of the list
  59:timers.c      ****             break;
  60:timers.c      ****         }
  61:timers.c      ****     }
  62:timers.c      **** }
 117              		.loc 1 62 0
 118              		@ sp needed
 119 0038 70BD     		pop	{r4, r5, r6, pc}
 120              	.L11:
 121 003a C046     		.align	2
 122              	.L10:
 123 003c 00000000 		.word	tmrCounter_ms
 124 0040 00000000 		.word	.LANCHOR0
 125              		.cfi_endproc
 126              	.LFE3:
 127              		.size	tmrService, .-tmrService
 128              		.section	.text.tmrIsRunning,"ax",%progbits
 129              		.align	2
 130              		.global	tmrIsRunning
 131              		.code	16
 132              		.thumb_func
 133              		.type	tmrIsRunning, %function
 134              	tmrIsRunning:
 135              	.LFB4:
  63:timers.c      **** 
  64:timers.c      **** bool tmrIsRunning(void)
  65:timers.c      **** {
 136              		.loc 1 65 0
 137              		.cfi_startproc
 138              		@ args = 0, pretend = 0, frame = 0
 139              		@ frame_needed = 0, uses_anonymous_args = 0
 140              		@ link register save eliminated.
 141              	.LVL6:
  66:timers.c      ****     bool running = false;
  67:timers.c      ****     tmrFuncType *pTmr = &headTmr;
 142              		.loc 1 67 0
 143 0000 054B     		ldr	r3, .L17
  68:timers.c      ****     
  69:timers.c      ****     while (pTmr->next)
 144              		.loc 1 69 0
 145 0002 02E0     		b	.L13
 146              	.LVL7:
 147              	.L15:
  70:timers.c      ****     {
  71:timers.c      ****         if (pTmr->next->mS)
 148              		.loc 1 71 0
 149 0004 5A68     		ldr	r2, [r3, #4]
 150 0006 002A     		cmp	r2, #0
 151 0008 04D1     		bne	.L16
 152              	.L13:
 153              	.LVL8:
  69:timers.c      ****     {
 154              		.loc 1 69 0
ARM GAS  C:\Users\TERENC~1\AppData\Local\Temp\cc1ICAaG.s 			page 5


 155 000a 1B68     		ldr	r3, [r3]
 156              	.LVL9:
 157 000c 002B     		cmp	r3, #0
 158 000e F9D1     		bne	.L15
  66:timers.c      ****     tmrFuncType *pTmr = &headTmr;
 159              		.loc 1 66 0
 160 0010 0020     		movs	r0, #0
 161 0012 00E0     		b	.L14
 162              	.L16:
  72:timers.c      ****         {
  73:timers.c      ****             running = true;
 163              		.loc 1 73 0
 164 0014 0120     		movs	r0, #1
 165              	.L14:
 166              	.LVL10:
  74:timers.c      ****             break;
  75:timers.c      ****         }
  76:timers.c      ****         pTmr = pTmr->next;
  77:timers.c      ****     }
  78:timers.c      ****     return running;
  79:timers.c      **** }
 167              		.loc 1 79 0
 168              		@ sp needed
 169 0016 7047     		bx	lr
 170              	.L18:
 171              		.align	2
 172              	.L17:
 173 0018 00000000 		.word	.LANCHOR0
 174              		.cfi_endproc
 175              	.LFE4:
 176              		.size	tmrIsRunning, .-tmrIsRunning
 177              		.section	.text.tmrFuncAdd,"ax",%progbits
 178              		.align	2
 179              		.global	tmrFuncAdd
 180              		.code	16
 181              		.thumb_func
 182              		.type	tmrFuncAdd, %function
 183              	tmrFuncAdd:
 184              	.LFB5:
  80:timers.c      **** 
  81:timers.c      **** void tmrFuncAdd(tmrFuncType *pTmr)
  82:timers.c      **** {
 185              		.loc 1 82 0
 186              		.cfi_startproc
 187              		@ args = 0, pretend = 0, frame = 0
 188              		@ frame_needed = 0, uses_anonymous_args = 0
 189              		@ link register save eliminated.
 190              	.LVL11:
  83:timers.c      ****     tmrFuncType *p = &headTmr;
  84:timers.c      ****     
  85:timers.c      ****     if (!pTmr->mS || !pTmr->func)
 191              		.loc 1 85 0
 192 0000 4168     		ldr	r1, [r0, #4]
 193 0002 0029     		cmp	r1, #0
 194 0004 0ED0     		beq	.L19
 195              		.loc 1 85 0 is_stmt 0 discriminator 1
 196 0006 8368     		ldr	r3, [r0, #8]
ARM GAS  C:\Users\TERENC~1\AppData\Local\Temp\cc1ICAaG.s 			page 6


 197 0008 002B     		cmp	r3, #0
 198 000a 0BD0     		beq	.L19
 199 000c 064A     		ldr	r2, .L23
 200 000e 04E0     		b	.L21
 201              	.LVL12:
 202              	.L22:
  86:timers.c      ****     {
  87:timers.c      ****         // Invalid arguments
  88:timers.c      ****         return;
  89:timers.c      ****     }
  90:timers.c      ****     
  91:timers.c      ****     // Go to end of list
  92:timers.c      ****     while (p->next)
  93:timers.c      ****     {
  94:timers.c      ****         if (p->next != pTmr)
  95:timers.c      ****         {
  96:timers.c      ****             p = p->next;
 203              		.loc 1 96 0 is_stmt 1
 204 0010 1A00     		movs	r2, r3
 205              	.LVL13:
  94:timers.c      ****         {
 206              		.loc 1 94 0
 207 0012 9842     		cmp	r0, r3
 208 0014 01D1     		bne	.L21
  97:timers.c      ****         }
  98:timers.c      ****         else
  99:timers.c      ****         {
 100:timers.c      ****             // Timer already running - run with new times
 101:timers.c      ****             p->next->mS = pTmr->mS;
 209              		.loc 1 101 0
 210 0016 5960     		str	r1, [r3, #4]
 102:timers.c      ****             return;
 211              		.loc 1 102 0
 212 0018 04E0     		b	.L19
 213              	.L21:
 214              	.LVL14:
  92:timers.c      ****     {
 215              		.loc 1 92 0
 216 001a 1368     		ldr	r3, [r2]
 217 001c 002B     		cmp	r3, #0
 218 001e F7D1     		bne	.L22
 103:timers.c      ****         }
 104:timers.c      ****     }
 105:timers.c      ****     
 106:timers.c      ****     // Add to end of list
 107:timers.c      ****     pTmr->next = NULL;
 219              		.loc 1 107 0
 220 0020 0360     		str	r3, [r0]
 108:timers.c      ****     p->next = pTmr;
 221              		.loc 1 108 0
 222 0022 1060     		str	r0, [r2]
 223              	.LVL15:
 224              	.L19:
 109:timers.c      **** }
 225              		.loc 1 109 0
 226              		@ sp needed
 227 0024 7047     		bx	lr
ARM GAS  C:\Users\TERENC~1\AppData\Local\Temp\cc1ICAaG.s 			page 7


 228              	.L24:
 229 0026 C046     		.align	2
 230              	.L23:
 231 0028 00000000 		.word	.LANCHOR0
 232              		.cfi_endproc
 233              	.LFE5:
 234              		.size	tmrFuncAdd, .-tmrFuncAdd
 235              		.section	.text.tmrFuncDelete,"ax",%progbits
 236              		.align	2
 237              		.global	tmrFuncDelete
 238              		.code	16
 239              		.thumb_func
 240              		.type	tmrFuncDelete, %function
 241              	tmrFuncDelete:
 242              	.LFB6:
 110:timers.c      **** 
 111:timers.c      **** void tmrFuncDelete(tmrFuncType *pTmr)
 112:timers.c      **** {
 243              		.loc 1 112 0
 244              		.cfi_startproc
 245              		@ args = 0, pretend = 0, frame = 0
 246              		@ frame_needed = 0, uses_anonymous_args = 0
 247              		@ link register save eliminated.
 248              	.LVL16:
 113:timers.c      ****     tmrFuncType *p = &headTmr;
 249              		.loc 1 113 0
 250 0000 054A     		ldr	r2, .L30
 114:timers.c      ****     
 115:timers.c      ****     while (p->next)
 251              		.loc 1 115 0
 252 0002 05E0     		b	.L26
 253              	.LVL17:
 254              	.L28:
 116:timers.c      ****     {
 117:timers.c      ****         if (p->next == pTmr)
 255              		.loc 1 117 0
 256 0004 8342     		cmp	r3, r0
 257 0006 02D1     		bne	.L29
 118:timers.c      ****         {
 119:timers.c      ****             p->next = p->next->next;
 258              		.loc 1 119 0
 259 0008 1B68     		ldr	r3, [r3]
 260 000a 1360     		str	r3, [r2]
 120:timers.c      ****             break;
 261              		.loc 1 120 0
 262 000c 03E0     		b	.L25
 263              	.L29:
 121:timers.c      ****         }
 122:timers.c      ****         
 123:timers.c      ****         p = p->next;
 264              		.loc 1 123 0
 265 000e 1A00     		movs	r2, r3
 266              	.LVL18:
 267              	.L26:
 115:timers.c      ****     {
 268              		.loc 1 115 0
 269 0010 1368     		ldr	r3, [r2]
ARM GAS  C:\Users\TERENC~1\AppData\Local\Temp\cc1ICAaG.s 			page 8


 270 0012 002B     		cmp	r3, #0
 271 0014 F6D1     		bne	.L28
 272              	.L25:
 124:timers.c      ****     }
 125:timers.c      **** }
 273              		.loc 1 125 0
 274              		@ sp needed
 275 0016 7047     		bx	lr
 276              	.L31:
 277              		.align	2
 278              	.L30:
 279 0018 00000000 		.word	.LANCHOR0
 280              		.cfi_endproc
 281              	.LFE6:
 282              		.size	tmrFuncDelete, .-tmrFuncDelete
 283              		.comm	tmrCounter_ms,4,4
 284              		.bss
 285              		.align	2
 286              		.set	.LANCHOR0,. + 0
 287              		.type	headTmr, %object
 288              		.size	headTmr, 12
 289              	headTmr:
 290 0000 00000000 		.space	12
 290      00000000 
 290      00000000 
 291              		.text
 292              	.Letext0:
 293              		.file 2 "c:\\program files (x86)\\cypress\\psoc creator\\4.2\\psoc creator\\import\\gnu\\arm\\5.4.
 294              		.file 3 "c:\\program files (x86)\\cypress\\psoc creator\\4.2\\psoc creator\\import\\gnu\\arm\\5.4.
 295              		.file 4 "./timers.h"
 296              		.section	.debug_info,"",%progbits
 297              	.Ldebug_info0:
 298 0000 05020000 		.4byte	0x205
 299 0004 0400     		.2byte	0x4
 300 0006 00000000 		.4byte	.Ldebug_abbrev0
 301 000a 04       		.byte	0x4
 302 000b 01       		.uleb128 0x1
 303 000c 1C010000 		.4byte	.LASF28
 304 0010 0C       		.byte	0xc
 305 0011 13000000 		.4byte	.LASF29
 306 0015 50000000 		.4byte	.LASF30
 307 0019 00000000 		.4byte	.Ldebug_ranges0+0
 308 001d 00000000 		.4byte	0
 309 0021 00000000 		.4byte	.Ldebug_line0
 310 0025 02       		.uleb128 0x2
 311 0026 01       		.byte	0x1
 312 0027 06       		.byte	0x6
 313 0028 04020000 		.4byte	.LASF0
 314 002c 02       		.uleb128 0x2
 315 002d 01       		.byte	0x1
 316 002e 08       		.byte	0x8
 317 002f 42000000 		.4byte	.LASF1
 318 0033 02       		.uleb128 0x2
 319 0034 02       		.byte	0x2
 320 0035 05       		.byte	0x5
 321 0036 D3010000 		.4byte	.LASF2
 322 003a 03       		.uleb128 0x3
ARM GAS  C:\Users\TERENC~1\AppData\Local\Temp\cc1ICAaG.s 			page 9


 323 003b 8A000000 		.4byte	.LASF5
 324 003f 02       		.byte	0x2
 325 0040 2B       		.byte	0x2b
 326 0041 45000000 		.4byte	0x45
 327 0045 02       		.uleb128 0x2
 328 0046 02       		.byte	0x2
 329 0047 07       		.byte	0x7
 330 0048 77000000 		.4byte	.LASF3
 331 004c 02       		.uleb128 0x2
 332 004d 04       		.byte	0x4
 333 004e 05       		.byte	0x5
 334 004f EF010000 		.4byte	.LASF4
 335 0053 03       		.uleb128 0x3
 336 0054 A7000000 		.4byte	.LASF6
 337 0058 02       		.byte	0x2
 338 0059 41       		.byte	0x41
 339 005a 5E000000 		.4byte	0x5e
 340 005e 02       		.uleb128 0x2
 341 005f 04       		.byte	0x4
 342 0060 07       		.byte	0x7
 343 0061 0A010000 		.4byte	.LASF7
 344 0065 02       		.uleb128 0x2
 345 0066 08       		.byte	0x8
 346 0067 05       		.byte	0x5
 347 0068 BB010000 		.4byte	.LASF8
 348 006c 02       		.uleb128 0x2
 349 006d 08       		.byte	0x8
 350 006e 07       		.byte	0x7
 351 006f EB000000 		.4byte	.LASF9
 352 0073 04       		.uleb128 0x4
 353 0074 04       		.byte	0x4
 354 0075 05       		.byte	0x5
 355 0076 696E7400 		.ascii	"int\000"
 356 007a 02       		.uleb128 0x2
 357 007b 04       		.byte	0x4
 358 007c 07       		.byte	0x7
 359 007d D6000000 		.4byte	.LASF10
 360 0081 03       		.uleb128 0x3
 361 0082 DD010000 		.4byte	.LASF11
 362 0086 03       		.byte	0x3
 363 0087 24       		.byte	0x24
 364 0088 3A000000 		.4byte	0x3a
 365 008c 03       		.uleb128 0x3
 366 008d E6010000 		.4byte	.LASF12
 367 0091 03       		.byte	0x3
 368 0092 30       		.byte	0x30
 369 0093 53000000 		.4byte	0x53
 370 0097 02       		.uleb128 0x2
 371 0098 04       		.byte	0x4
 372 0099 04       		.byte	0x4
 373 009a 3C000000 		.4byte	.LASF13
 374 009e 02       		.uleb128 0x2
 375 009f 08       		.byte	0x8
 376 00a0 04       		.byte	0x4
 377 00a1 35000000 		.4byte	.LASF14
 378 00a5 02       		.uleb128 0x2
 379 00a6 01       		.byte	0x1
ARM GAS  C:\Users\TERENC~1\AppData\Local\Temp\cc1ICAaG.s 			page 10


 380 00a7 08       		.byte	0x8
 381 00a8 C9010000 		.4byte	.LASF15
 382 00ac 02       		.uleb128 0x2
 383 00ad 08       		.byte	0x8
 384 00ae 04       		.byte	0x4
 385 00af F8010000 		.4byte	.LASF16
 386 00b3 02       		.uleb128 0x2
 387 00b4 04       		.byte	0x4
 388 00b5 07       		.byte	0x7
 389 00b6 AA010000 		.4byte	.LASF17
 390 00ba 05       		.uleb128 0x5
 391 00bb 1C000000 		.4byte	.LASF31
 392 00bf 0C       		.byte	0xc
 393 00c0 04       		.byte	0x4
 394 00c1 15       		.byte	0x15
 395 00c2 EA000000 		.4byte	0xea
 396 00c6 06       		.uleb128 0x6
 397 00c7 00000000 		.4byte	.LASF18
 398 00cb 04       		.byte	0x4
 399 00cc 17       		.byte	0x17
 400 00cd EA000000 		.4byte	0xea
 401 00d1 00       		.byte	0
 402 00d2 07       		.uleb128 0x7
 403 00d3 6D5300   		.ascii	"mS\000"
 404 00d6 04       		.byte	0x4
 405 00d7 18       		.byte	0x18
 406 00d8 8C000000 		.4byte	0x8c
 407 00dc 04       		.byte	0x4
 408 00dd 06       		.uleb128 0x6
 409 00de A2000000 		.4byte	.LASF19
 410 00e2 04       		.byte	0x4
 411 00e3 19       		.byte	0x19
 412 00e4 F5000000 		.4byte	0xf5
 413 00e8 08       		.byte	0x8
 414 00e9 00       		.byte	0
 415 00ea 08       		.uleb128 0x8
 416 00eb 04       		.byte	0x4
 417 00ec BA000000 		.4byte	0xba
 418 00f0 09       		.uleb128 0x9
 419 00f1 81000000 		.4byte	0x81
 420 00f5 08       		.uleb128 0x8
 421 00f6 04       		.byte	0x4
 422 00f7 F0000000 		.4byte	0xf0
 423 00fb 03       		.uleb128 0x3
 424 00fc 29000000 		.4byte	.LASF20
 425 0100 04       		.byte	0x4
 426 0101 1A       		.byte	0x1a
 427 0102 BA000000 		.4byte	0xba
 428 0106 0A       		.uleb128 0xa
 429 0107 02010000 		.4byte	.LASF32
 430 010b 01       		.byte	0x1
 431 010c 15       		.byte	0x15
 432 010d 00000000 		.4byte	.LFB2
 433 0111 10000000 		.4byte	.LFE2-.LFB2
 434 0115 01       		.uleb128 0x1
 435 0116 9C       		.byte	0x9c
 436 0117 0B       		.uleb128 0xb
ARM GAS  C:\Users\TERENC~1\AppData\Local\Temp\cc1ICAaG.s 			page 11


 437 0118 CB000000 		.4byte	.LASF24
 438 011c 01       		.byte	0x1
 439 011d 1C       		.byte	0x1c
 440 011e 00000000 		.4byte	.LFB3
 441 0122 44000000 		.4byte	.LFE3-.LFB3
 442 0126 01       		.uleb128 0x1
 443 0127 9C       		.byte	0x9c
 444 0128 3C010000 		.4byte	0x13c
 445 012c 0C       		.uleb128 0xc
 446 012d CE010000 		.4byte	.LASF21
 447 0131 01       		.byte	0x1
 448 0132 1E       		.byte	0x1e
 449 0133 3C010000 		.4byte	0x13c
 450 0137 00000000 		.4byte	.LLST0
 451 013b 00       		.byte	0
 452 013c 08       		.uleb128 0x8
 453 013d 04       		.byte	0x4
 454 013e FB000000 		.4byte	0xfb
 455 0142 0D       		.uleb128 0xd
 456 0143 95000000 		.4byte	.LASF33
 457 0147 01       		.byte	0x1
 458 0148 40       		.byte	0x40
 459 0149 7A010000 		.4byte	0x17a
 460 014d 00000000 		.4byte	.LFB4
 461 0151 1C000000 		.4byte	.LFE4-.LFB4
 462 0155 01       		.uleb128 0x1
 463 0156 9C       		.byte	0x9c
 464 0157 7A010000 		.4byte	0x17a
 465 015b 0C       		.uleb128 0xc
 466 015c E3000000 		.4byte	.LASF22
 467 0160 01       		.byte	0x1
 468 0161 42       		.byte	0x42
 469 0162 7A010000 		.4byte	0x17a
 470 0166 2E000000 		.4byte	.LLST1
 471 016a 0C       		.uleb128 0xc
 472 016b CE010000 		.4byte	.LASF21
 473 016f 01       		.byte	0x1
 474 0170 43       		.byte	0x43
 475 0171 3C010000 		.4byte	0x13c
 476 0175 4D000000 		.4byte	.LLST2
 477 0179 00       		.byte	0
 478 017a 02       		.uleb128 0x2
 479 017b 01       		.byte	0x1
 480 017c 02       		.byte	0x2
 481 017d 10020000 		.4byte	.LASF23
 482 0181 0E       		.uleb128 0xe
 483 0182 B2000000 		.4byte	.LASF25
 484 0186 01       		.byte	0x1
 485 0187 51       		.byte	0x51
 486 0188 00000000 		.4byte	.LFB5
 487 018c 2C000000 		.4byte	.LFE5-.LFB5
 488 0190 01       		.uleb128 0x1
 489 0191 9C       		.byte	0x9c
 490 0192 B1010000 		.4byte	0x1b1
 491 0196 0F       		.uleb128 0xf
 492 0197 CE010000 		.4byte	.LASF21
 493 019b 01       		.byte	0x1
ARM GAS  C:\Users\TERENC~1\AppData\Local\Temp\cc1ICAaG.s 			page 12


 494 019c 51       		.byte	0x51
 495 019d 3C010000 		.4byte	0x13c
 496 01a1 01       		.uleb128 0x1
 497 01a2 50       		.byte	0x50
 498 01a3 10       		.uleb128 0x10
 499 01a4 7000     		.ascii	"p\000"
 500 01a6 01       		.byte	0x1
 501 01a7 53       		.byte	0x53
 502 01a8 3C010000 		.4byte	0x13c
 503 01ac 70000000 		.4byte	.LLST3
 504 01b0 00       		.byte	0
 505 01b1 0E       		.uleb128 0xe
 506 01b2 05000000 		.4byte	.LASF26
 507 01b6 01       		.byte	0x1
 508 01b7 6F       		.byte	0x6f
 509 01b8 00000000 		.4byte	.LFB6
 510 01bc 1C000000 		.4byte	.LFE6-.LFB6
 511 01c0 01       		.uleb128 0x1
 512 01c1 9C       		.byte	0x9c
 513 01c2 E1010000 		.4byte	0x1e1
 514 01c6 0F       		.uleb128 0xf
 515 01c7 CE010000 		.4byte	.LASF21
 516 01cb 01       		.byte	0x1
 517 01cc 6F       		.byte	0x6f
 518 01cd 3C010000 		.4byte	0x13c
 519 01d1 01       		.uleb128 0x1
 520 01d2 50       		.byte	0x50
 521 01d3 10       		.uleb128 0x10
 522 01d4 7000     		.ascii	"p\000"
 523 01d6 01       		.byte	0x1
 524 01d7 71       		.byte	0x71
 525 01d8 3C010000 		.4byte	0x13c
 526 01dc 9E000000 		.4byte	.LLST4
 527 01e0 00       		.byte	0
 528 01e1 11       		.uleb128 0x11
 529 01e2 B3010000 		.4byte	.LASF27
 530 01e6 01       		.byte	0x1
 531 01e7 13       		.byte	0x13
 532 01e8 FB000000 		.4byte	0xfb
 533 01ec 05       		.uleb128 0x5
 534 01ed 03       		.byte	0x3
 535 01ee 00000000 		.4byte	headTmr
 536 01f2 12       		.uleb128 0x12
 537 01f3 BD000000 		.4byte	.LASF34
 538 01f7 01       		.byte	0x1
 539 01f8 11       		.byte	0x11
 540 01f9 03020000 		.4byte	0x203
 541 01fd 05       		.uleb128 0x5
 542 01fe 03       		.byte	0x3
 543 01ff 00000000 		.4byte	tmrCounter_ms
 544 0203 13       		.uleb128 0x13
 545 0204 8C000000 		.4byte	0x8c
 546 0208 00       		.byte	0
 547              		.section	.debug_abbrev,"",%progbits
 548              	.Ldebug_abbrev0:
 549 0000 01       		.uleb128 0x1
 550 0001 11       		.uleb128 0x11
ARM GAS  C:\Users\TERENC~1\AppData\Local\Temp\cc1ICAaG.s 			page 13


 551 0002 01       		.byte	0x1
 552 0003 25       		.uleb128 0x25
 553 0004 0E       		.uleb128 0xe
 554 0005 13       		.uleb128 0x13
 555 0006 0B       		.uleb128 0xb
 556 0007 03       		.uleb128 0x3
 557 0008 0E       		.uleb128 0xe
 558 0009 1B       		.uleb128 0x1b
 559 000a 0E       		.uleb128 0xe
 560 000b 55       		.uleb128 0x55
 561 000c 17       		.uleb128 0x17
 562 000d 11       		.uleb128 0x11
 563 000e 01       		.uleb128 0x1
 564 000f 10       		.uleb128 0x10
 565 0010 17       		.uleb128 0x17
 566 0011 00       		.byte	0
 567 0012 00       		.byte	0
 568 0013 02       		.uleb128 0x2
 569 0014 24       		.uleb128 0x24
 570 0015 00       		.byte	0
 571 0016 0B       		.uleb128 0xb
 572 0017 0B       		.uleb128 0xb
 573 0018 3E       		.uleb128 0x3e
 574 0019 0B       		.uleb128 0xb
 575 001a 03       		.uleb128 0x3
 576 001b 0E       		.uleb128 0xe
 577 001c 00       		.byte	0
 578 001d 00       		.byte	0
 579 001e 03       		.uleb128 0x3
 580 001f 16       		.uleb128 0x16
 581 0020 00       		.byte	0
 582 0021 03       		.uleb128 0x3
 583 0022 0E       		.uleb128 0xe
 584 0023 3A       		.uleb128 0x3a
 585 0024 0B       		.uleb128 0xb
 586 0025 3B       		.uleb128 0x3b
 587 0026 0B       		.uleb128 0xb
 588 0027 49       		.uleb128 0x49
 589 0028 13       		.uleb128 0x13
 590 0029 00       		.byte	0
 591 002a 00       		.byte	0
 592 002b 04       		.uleb128 0x4
 593 002c 24       		.uleb128 0x24
 594 002d 00       		.byte	0
 595 002e 0B       		.uleb128 0xb
 596 002f 0B       		.uleb128 0xb
 597 0030 3E       		.uleb128 0x3e
 598 0031 0B       		.uleb128 0xb
 599 0032 03       		.uleb128 0x3
 600 0033 08       		.uleb128 0x8
 601 0034 00       		.byte	0
 602 0035 00       		.byte	0
 603 0036 05       		.uleb128 0x5
 604 0037 13       		.uleb128 0x13
 605 0038 01       		.byte	0x1
 606 0039 03       		.uleb128 0x3
 607 003a 0E       		.uleb128 0xe
ARM GAS  C:\Users\TERENC~1\AppData\Local\Temp\cc1ICAaG.s 			page 14


 608 003b 0B       		.uleb128 0xb
 609 003c 0B       		.uleb128 0xb
 610 003d 3A       		.uleb128 0x3a
 611 003e 0B       		.uleb128 0xb
 612 003f 3B       		.uleb128 0x3b
 613 0040 0B       		.uleb128 0xb
 614 0041 01       		.uleb128 0x1
 615 0042 13       		.uleb128 0x13
 616 0043 00       		.byte	0
 617 0044 00       		.byte	0
 618 0045 06       		.uleb128 0x6
 619 0046 0D       		.uleb128 0xd
 620 0047 00       		.byte	0
 621 0048 03       		.uleb128 0x3
 622 0049 0E       		.uleb128 0xe
 623 004a 3A       		.uleb128 0x3a
 624 004b 0B       		.uleb128 0xb
 625 004c 3B       		.uleb128 0x3b
 626 004d 0B       		.uleb128 0xb
 627 004e 49       		.uleb128 0x49
 628 004f 13       		.uleb128 0x13
 629 0050 38       		.uleb128 0x38
 630 0051 0B       		.uleb128 0xb
 631 0052 00       		.byte	0
 632 0053 00       		.byte	0
 633 0054 07       		.uleb128 0x7
 634 0055 0D       		.uleb128 0xd
 635 0056 00       		.byte	0
 636 0057 03       		.uleb128 0x3
 637 0058 08       		.uleb128 0x8
 638 0059 3A       		.uleb128 0x3a
 639 005a 0B       		.uleb128 0xb
 640 005b 3B       		.uleb128 0x3b
 641 005c 0B       		.uleb128 0xb
 642 005d 49       		.uleb128 0x49
 643 005e 13       		.uleb128 0x13
 644 005f 38       		.uleb128 0x38
 645 0060 0B       		.uleb128 0xb
 646 0061 00       		.byte	0
 647 0062 00       		.byte	0
 648 0063 08       		.uleb128 0x8
 649 0064 0F       		.uleb128 0xf
 650 0065 00       		.byte	0
 651 0066 0B       		.uleb128 0xb
 652 0067 0B       		.uleb128 0xb
 653 0068 49       		.uleb128 0x49
 654 0069 13       		.uleb128 0x13
 655 006a 00       		.byte	0
 656 006b 00       		.byte	0
 657 006c 09       		.uleb128 0x9
 658 006d 15       		.uleb128 0x15
 659 006e 00       		.byte	0
 660 006f 27       		.uleb128 0x27
 661 0070 19       		.uleb128 0x19
 662 0071 49       		.uleb128 0x49
 663 0072 13       		.uleb128 0x13
 664 0073 00       		.byte	0
ARM GAS  C:\Users\TERENC~1\AppData\Local\Temp\cc1ICAaG.s 			page 15


 665 0074 00       		.byte	0
 666 0075 0A       		.uleb128 0xa
 667 0076 2E       		.uleb128 0x2e
 668 0077 00       		.byte	0
 669 0078 3F       		.uleb128 0x3f
 670 0079 19       		.uleb128 0x19
 671 007a 03       		.uleb128 0x3
 672 007b 0E       		.uleb128 0xe
 673 007c 3A       		.uleb128 0x3a
 674 007d 0B       		.uleb128 0xb
 675 007e 3B       		.uleb128 0x3b
 676 007f 0B       		.uleb128 0xb
 677 0080 27       		.uleb128 0x27
 678 0081 19       		.uleb128 0x19
 679 0082 11       		.uleb128 0x11
 680 0083 01       		.uleb128 0x1
 681 0084 12       		.uleb128 0x12
 682 0085 06       		.uleb128 0x6
 683 0086 40       		.uleb128 0x40
 684 0087 18       		.uleb128 0x18
 685 0088 9742     		.uleb128 0x2117
 686 008a 19       		.uleb128 0x19
 687 008b 00       		.byte	0
 688 008c 00       		.byte	0
 689 008d 0B       		.uleb128 0xb
 690 008e 2E       		.uleb128 0x2e
 691 008f 01       		.byte	0x1
 692 0090 3F       		.uleb128 0x3f
 693 0091 19       		.uleb128 0x19
 694 0092 03       		.uleb128 0x3
 695 0093 0E       		.uleb128 0xe
 696 0094 3A       		.uleb128 0x3a
 697 0095 0B       		.uleb128 0xb
 698 0096 3B       		.uleb128 0x3b
 699 0097 0B       		.uleb128 0xb
 700 0098 27       		.uleb128 0x27
 701 0099 19       		.uleb128 0x19
 702 009a 11       		.uleb128 0x11
 703 009b 01       		.uleb128 0x1
 704 009c 12       		.uleb128 0x12
 705 009d 06       		.uleb128 0x6
 706 009e 40       		.uleb128 0x40
 707 009f 18       		.uleb128 0x18
 708 00a0 9642     		.uleb128 0x2116
 709 00a2 19       		.uleb128 0x19
 710 00a3 01       		.uleb128 0x1
 711 00a4 13       		.uleb128 0x13
 712 00a5 00       		.byte	0
 713 00a6 00       		.byte	0
 714 00a7 0C       		.uleb128 0xc
 715 00a8 34       		.uleb128 0x34
 716 00a9 00       		.byte	0
 717 00aa 03       		.uleb128 0x3
 718 00ab 0E       		.uleb128 0xe
 719 00ac 3A       		.uleb128 0x3a
 720 00ad 0B       		.uleb128 0xb
 721 00ae 3B       		.uleb128 0x3b
ARM GAS  C:\Users\TERENC~1\AppData\Local\Temp\cc1ICAaG.s 			page 16


 722 00af 0B       		.uleb128 0xb
 723 00b0 49       		.uleb128 0x49
 724 00b1 13       		.uleb128 0x13
 725 00b2 02       		.uleb128 0x2
 726 00b3 17       		.uleb128 0x17
 727 00b4 00       		.byte	0
 728 00b5 00       		.byte	0
 729 00b6 0D       		.uleb128 0xd
 730 00b7 2E       		.uleb128 0x2e
 731 00b8 01       		.byte	0x1
 732 00b9 3F       		.uleb128 0x3f
 733 00ba 19       		.uleb128 0x19
 734 00bb 03       		.uleb128 0x3
 735 00bc 0E       		.uleb128 0xe
 736 00bd 3A       		.uleb128 0x3a
 737 00be 0B       		.uleb128 0xb
 738 00bf 3B       		.uleb128 0x3b
 739 00c0 0B       		.uleb128 0xb
 740 00c1 27       		.uleb128 0x27
 741 00c2 19       		.uleb128 0x19
 742 00c3 49       		.uleb128 0x49
 743 00c4 13       		.uleb128 0x13
 744 00c5 11       		.uleb128 0x11
 745 00c6 01       		.uleb128 0x1
 746 00c7 12       		.uleb128 0x12
 747 00c8 06       		.uleb128 0x6
 748 00c9 40       		.uleb128 0x40
 749 00ca 18       		.uleb128 0x18
 750 00cb 9742     		.uleb128 0x2117
 751 00cd 19       		.uleb128 0x19
 752 00ce 01       		.uleb128 0x1
 753 00cf 13       		.uleb128 0x13
 754 00d0 00       		.byte	0
 755 00d1 00       		.byte	0
 756 00d2 0E       		.uleb128 0xe
 757 00d3 2E       		.uleb128 0x2e
 758 00d4 01       		.byte	0x1
 759 00d5 3F       		.uleb128 0x3f
 760 00d6 19       		.uleb128 0x19
 761 00d7 03       		.uleb128 0x3
 762 00d8 0E       		.uleb128 0xe
 763 00d9 3A       		.uleb128 0x3a
 764 00da 0B       		.uleb128 0xb
 765 00db 3B       		.uleb128 0x3b
 766 00dc 0B       		.uleb128 0xb
 767 00dd 27       		.uleb128 0x27
 768 00de 19       		.uleb128 0x19
 769 00df 11       		.uleb128 0x11
 770 00e0 01       		.uleb128 0x1
 771 00e1 12       		.uleb128 0x12
 772 00e2 06       		.uleb128 0x6
 773 00e3 40       		.uleb128 0x40
 774 00e4 18       		.uleb128 0x18
 775 00e5 9742     		.uleb128 0x2117
 776 00e7 19       		.uleb128 0x19
 777 00e8 01       		.uleb128 0x1
 778 00e9 13       		.uleb128 0x13
ARM GAS  C:\Users\TERENC~1\AppData\Local\Temp\cc1ICAaG.s 			page 17


 779 00ea 00       		.byte	0
 780 00eb 00       		.byte	0
 781 00ec 0F       		.uleb128 0xf
 782 00ed 05       		.uleb128 0x5
 783 00ee 00       		.byte	0
 784 00ef 03       		.uleb128 0x3
 785 00f0 0E       		.uleb128 0xe
 786 00f1 3A       		.uleb128 0x3a
 787 00f2 0B       		.uleb128 0xb
 788 00f3 3B       		.uleb128 0x3b
 789 00f4 0B       		.uleb128 0xb
 790 00f5 49       		.uleb128 0x49
 791 00f6 13       		.uleb128 0x13
 792 00f7 02       		.uleb128 0x2
 793 00f8 18       		.uleb128 0x18
 794 00f9 00       		.byte	0
 795 00fa 00       		.byte	0
 796 00fb 10       		.uleb128 0x10
 797 00fc 34       		.uleb128 0x34
 798 00fd 00       		.byte	0
 799 00fe 03       		.uleb128 0x3
 800 00ff 08       		.uleb128 0x8
 801 0100 3A       		.uleb128 0x3a
 802 0101 0B       		.uleb128 0xb
 803 0102 3B       		.uleb128 0x3b
 804 0103 0B       		.uleb128 0xb
 805 0104 49       		.uleb128 0x49
 806 0105 13       		.uleb128 0x13
 807 0106 02       		.uleb128 0x2
 808 0107 17       		.uleb128 0x17
 809 0108 00       		.byte	0
 810 0109 00       		.byte	0
 811 010a 11       		.uleb128 0x11
 812 010b 34       		.uleb128 0x34
 813 010c 00       		.byte	0
 814 010d 03       		.uleb128 0x3
 815 010e 0E       		.uleb128 0xe
 816 010f 3A       		.uleb128 0x3a
 817 0110 0B       		.uleb128 0xb
 818 0111 3B       		.uleb128 0x3b
 819 0112 0B       		.uleb128 0xb
 820 0113 49       		.uleb128 0x49
 821 0114 13       		.uleb128 0x13
 822 0115 02       		.uleb128 0x2
 823 0116 18       		.uleb128 0x18
 824 0117 00       		.byte	0
 825 0118 00       		.byte	0
 826 0119 12       		.uleb128 0x12
 827 011a 34       		.uleb128 0x34
 828 011b 00       		.byte	0
 829 011c 03       		.uleb128 0x3
 830 011d 0E       		.uleb128 0xe
 831 011e 3A       		.uleb128 0x3a
 832 011f 0B       		.uleb128 0xb
 833 0120 3B       		.uleb128 0x3b
 834 0121 0B       		.uleb128 0xb
 835 0122 49       		.uleb128 0x49
ARM GAS  C:\Users\TERENC~1\AppData\Local\Temp\cc1ICAaG.s 			page 18


 836 0123 13       		.uleb128 0x13
 837 0124 3F       		.uleb128 0x3f
 838 0125 19       		.uleb128 0x19
 839 0126 02       		.uleb128 0x2
 840 0127 18       		.uleb128 0x18
 841 0128 00       		.byte	0
 842 0129 00       		.byte	0
 843 012a 13       		.uleb128 0x13
 844 012b 35       		.uleb128 0x35
 845 012c 00       		.byte	0
 846 012d 49       		.uleb128 0x49
 847 012e 13       		.uleb128 0x13
 848 012f 00       		.byte	0
 849 0130 00       		.byte	0
 850 0131 00       		.byte	0
 851              		.section	.debug_loc,"",%progbits
 852              	.Ldebug_loc0:
 853              	.LLST0:
 854 0000 02000000 		.4byte	.LVL0
 855 0004 0E000000 		.4byte	.LVL1
 856 0008 0600     		.2byte	0x6
 857 000a 03       		.byte	0x3
 858 000b 00000000 		.4byte	headTmr
 859 000f 9F       		.byte	0x9f
 860 0010 0E000000 		.4byte	.LVL1
 861 0014 2E000000 		.4byte	.LVL3
 862 0018 0100     		.2byte	0x1
 863 001a 54       		.byte	0x54
 864 001b 32000000 		.4byte	.LVL4
 865 001f 38000000 		.4byte	.LVL5
 866 0023 0100     		.2byte	0x1
 867 0025 54       		.byte	0x54
 868 0026 00000000 		.4byte	0
 869 002a 00000000 		.4byte	0
 870              	.LLST1:
 871 002e 00000000 		.4byte	.LVL6
 872 0032 16000000 		.4byte	.LVL10
 873 0036 0200     		.2byte	0x2
 874 0038 30       		.byte	0x30
 875 0039 9F       		.byte	0x9f
 876 003a 16000000 		.4byte	.LVL10
 877 003e 1C000000 		.4byte	.LFE4
 878 0042 0100     		.2byte	0x1
 879 0044 50       		.byte	0x50
 880 0045 00000000 		.4byte	0
 881 0049 00000000 		.4byte	0
 882              	.LLST2:
 883 004d 00000000 		.4byte	.LVL6
 884 0051 04000000 		.4byte	.LVL7
 885 0055 0600     		.2byte	0x6
 886 0057 03       		.byte	0x3
 887 0058 00000000 		.4byte	headTmr
 888 005c 9F       		.byte	0x9f
 889 005d 0A000000 		.4byte	.LVL8
 890 0061 0C000000 		.4byte	.LVL9
 891 0065 0100     		.2byte	0x1
 892 0067 53       		.byte	0x53
ARM GAS  C:\Users\TERENC~1\AppData\Local\Temp\cc1ICAaG.s 			page 19


 893 0068 00000000 		.4byte	0
 894 006c 00000000 		.4byte	0
 895              	.LLST3:
 896 0070 00000000 		.4byte	.LVL11
 897 0074 10000000 		.4byte	.LVL12
 898 0078 0600     		.2byte	0x6
 899 007a 03       		.byte	0x3
 900 007b 00000000 		.4byte	headTmr
 901 007f 9F       		.byte	0x9f
 902 0080 10000000 		.4byte	.LVL12
 903 0084 12000000 		.4byte	.LVL13
 904 0088 0100     		.2byte	0x1
 905 008a 52       		.byte	0x52
 906 008b 1A000000 		.4byte	.LVL14
 907 008f 24000000 		.4byte	.LVL15
 908 0093 0100     		.2byte	0x1
 909 0095 52       		.byte	0x52
 910 0096 00000000 		.4byte	0
 911 009a 00000000 		.4byte	0
 912              	.LLST4:
 913 009e 00000000 		.4byte	.LVL16
 914 00a2 04000000 		.4byte	.LVL17
 915 00a6 0600     		.2byte	0x6
 916 00a8 03       		.byte	0x3
 917 00a9 00000000 		.4byte	headTmr
 918 00ad 9F       		.byte	0x9f
 919 00ae 04000000 		.4byte	.LVL17
 920 00b2 1C000000 		.4byte	.LFE6
 921 00b6 0100     		.2byte	0x1
 922 00b8 52       		.byte	0x52
 923 00b9 00000000 		.4byte	0
 924 00bd 00000000 		.4byte	0
 925              		.section	.debug_aranges,"",%progbits
 926 0000 3C000000 		.4byte	0x3c
 927 0004 0200     		.2byte	0x2
 928 0006 00000000 		.4byte	.Ldebug_info0
 929 000a 04       		.byte	0x4
 930 000b 00       		.byte	0
 931 000c 0000     		.2byte	0
 932 000e 0000     		.2byte	0
 933 0010 00000000 		.4byte	.LFB2
 934 0014 10000000 		.4byte	.LFE2-.LFB2
 935 0018 00000000 		.4byte	.LFB3
 936 001c 44000000 		.4byte	.LFE3-.LFB3
 937 0020 00000000 		.4byte	.LFB4
 938 0024 1C000000 		.4byte	.LFE4-.LFB4
 939 0028 00000000 		.4byte	.LFB5
 940 002c 2C000000 		.4byte	.LFE5-.LFB5
 941 0030 00000000 		.4byte	.LFB6
 942 0034 1C000000 		.4byte	.LFE6-.LFB6
 943 0038 00000000 		.4byte	0
 944 003c 00000000 		.4byte	0
 945              		.section	.debug_ranges,"",%progbits
 946              	.Ldebug_ranges0:
 947 0000 00000000 		.4byte	.LFB2
 948 0004 10000000 		.4byte	.LFE2
 949 0008 00000000 		.4byte	.LFB3
ARM GAS  C:\Users\TERENC~1\AppData\Local\Temp\cc1ICAaG.s 			page 20


 950 000c 44000000 		.4byte	.LFE3
 951 0010 00000000 		.4byte	.LFB4
 952 0014 1C000000 		.4byte	.LFE4
 953 0018 00000000 		.4byte	.LFB5
 954 001c 2C000000 		.4byte	.LFE5
 955 0020 00000000 		.4byte	.LFB6
 956 0024 1C000000 		.4byte	.LFE6
 957 0028 00000000 		.4byte	0
 958 002c 00000000 		.4byte	0
 959              		.section	.debug_line,"",%progbits
 960              	.Ldebug_line0:
 961 0000 BA010000 		.section	.debug_str,"MS",%progbits,1
 961      02002A01 
 961      00000201 
 961      FB0E0D00 
 961      01010101 
 962              	.LASF18:
 963 0000 6E657874 		.ascii	"next\000"
 963      00
 964              	.LASF26:
 965 0005 746D7246 		.ascii	"tmrFuncDelete\000"
 965      756E6344 
 965      656C6574 
 965      6500
 966              	.LASF29:
 967 0013 74696D65 		.ascii	"timers.c\000"
 967      72732E63 
 967      00
 968              	.LASF31:
 969 001c 5F746D72 		.ascii	"_tmrFuncType\000"
 969      46756E63 
 969      54797065 
 969      00
 970              	.LASF20:
 971 0029 746D7246 		.ascii	"tmrFuncType\000"
 971      756E6354 
 971      79706500 
 972              	.LASF14:
 973 0035 646F7562 		.ascii	"double\000"
 973      6C6500
 974              	.LASF13:
 975 003c 666C6F61 		.ascii	"float\000"
 975      7400
 976              	.LASF1:
 977 0042 756E7369 		.ascii	"unsigned char\000"
 977      676E6564 
 977      20636861 
 977      7200
 978              	.LASF30:
 979 0050 433A5C64 		.ascii	"C:\\dev\\git\\icebreaker\\Icebreaker.cydsn\000"
 979      65765C67 
 979      69745C69 
 979      63656272 
 979      65616B65 
 980              	.LASF3:
 981 0077 73686F72 		.ascii	"short unsigned int\000"
 981      7420756E 
ARM GAS  C:\Users\TERENC~1\AppData\Local\Temp\cc1ICAaG.s 			page 21


 981      7369676E 
 981      65642069 
 981      6E7400
 982              	.LASF5:
 983 008a 5F5F7569 		.ascii	"__uint16_t\000"
 983      6E743136 
 983      5F7400
 984              	.LASF33:
 985 0095 746D7249 		.ascii	"tmrIsRunning\000"
 985      7352756E 
 985      6E696E67 
 985      00
 986              	.LASF19:
 987 00a2 66756E63 		.ascii	"func\000"
 987      00
 988              	.LASF6:
 989 00a7 5F5F7569 		.ascii	"__uint32_t\000"
 989      6E743332 
 989      5F7400
 990              	.LASF25:
 991 00b2 746D7246 		.ascii	"tmrFuncAdd\000"
 991      756E6341 
 991      646400
 992              	.LASF34:
 993 00bd 746D7243 		.ascii	"tmrCounter_ms\000"
 993      6F756E74 
 993      65725F6D 
 993      7300
 994              	.LASF24:
 995 00cb 746D7253 		.ascii	"tmrService\000"
 995      65727669 
 995      636500
 996              	.LASF10:
 997 00d6 756E7369 		.ascii	"unsigned int\000"
 997      676E6564 
 997      20696E74 
 997      00
 998              	.LASF22:
 999 00e3 72756E6E 		.ascii	"running\000"
 999      696E6700 
 1000              	.LASF9:
 1001 00eb 6C6F6E67 		.ascii	"long long unsigned int\000"
 1001      206C6F6E 
 1001      6720756E 
 1001      7369676E 
 1001      65642069 
 1002              	.LASF32:
 1003 0102 746D7249 		.ascii	"tmrInit\000"
 1003      6E697400 
 1004              	.LASF7:
 1005 010a 6C6F6E67 		.ascii	"long unsigned int\000"
 1005      20756E73 
 1005      69676E65 
 1005      6420696E 
 1005      7400
 1006              	.LASF28:
 1007 011c 474E5520 		.ascii	"GNU C11 5.4.1 20160609 (release) [ARM/embedded-5-br"
ARM GAS  C:\Users\TERENC~1\AppData\Local\Temp\cc1ICAaG.s 			page 22


 1007      43313120 
 1007      352E342E 
 1007      31203230 
 1007      31363036 
 1008 014f 616E6368 		.ascii	"anch revision 237715] -mcpu=cortex-m0 -mthumb -g -O"
 1008      20726576 
 1008      6973696F 
 1008      6E203233 
 1008      37373135 
 1009 0182 67202D66 		.ascii	"g -ffunction-sections -ffat-lto-objects\000"
 1009      66756E63 
 1009      74696F6E 
 1009      2D736563 
 1009      74696F6E 
 1010              	.LASF17:
 1011 01aa 73697A65 		.ascii	"sizetype\000"
 1011      74797065 
 1011      00
 1012              	.LASF27:
 1013 01b3 68656164 		.ascii	"headTmr\000"
 1013      546D7200 
 1014              	.LASF8:
 1015 01bb 6C6F6E67 		.ascii	"long long int\000"
 1015      206C6F6E 
 1015      6720696E 
 1015      7400
 1016              	.LASF15:
 1017 01c9 63686172 		.ascii	"char\000"
 1017      00
 1018              	.LASF21:
 1019 01ce 70546D72 		.ascii	"pTmr\000"
 1019      00
 1020              	.LASF2:
 1021 01d3 73686F72 		.ascii	"short int\000"
 1021      7420696E 
 1021      7400
 1022              	.LASF11:
 1023 01dd 75696E74 		.ascii	"uint16_t\000"
 1023      31365F74 
 1023      00
 1024              	.LASF12:
 1025 01e6 75696E74 		.ascii	"uint32_t\000"
 1025      33325F74 
 1025      00
 1026              	.LASF4:
 1027 01ef 6C6F6E67 		.ascii	"long int\000"
 1027      20696E74 
 1027      00
 1028              	.LASF16:
 1029 01f8 6C6F6E67 		.ascii	"long double\000"
 1029      20646F75 
 1029      626C6500 
 1030              	.LASF0:
 1031 0204 7369676E 		.ascii	"signed char\000"
 1031      65642063 
 1031      68617200 
 1032              	.LASF23:
ARM GAS  C:\Users\TERENC~1\AppData\Local\Temp\cc1ICAaG.s 			page 23


 1033 0210 5F426F6F 		.ascii	"_Bool\000"
 1033      6C00
 1034              		.ident	"GCC: (GNU Tools for ARM Embedded Processors) 5.4.1 20160609 (release) [ARM/embedded-5-bran
