ARM GAS  C:\Users\TERENC~1\AppData\Local\Temp\ccIvUHCj.s 			page 1


   1              		.syntax unified
   2              		.cpu cortex-m0
   3              		.fpu softvfp
   4              		.eabi_attribute 20, 1
   5              		.eabi_attribute 21, 1
   6              		.eabi_attribute 23, 3
   7              		.eabi_attribute 24, 1
   8              		.eabi_attribute 25, 1
   9              		.eabi_attribute 26, 1
  10              		.eabi_attribute 30, 1
  11              		.eabi_attribute 34, 0
  12              		.eabi_attribute 18, 4
  13              		.thumb
  14              		.syntax unified
  15              		.file	"USBFS_descr.c"
  16              		.text
  17              	.Ltext0:
  18              		.cfi_sections	.debug_frame
  19              		.comm	USBFS_idSerialNumberStringDescriptor,34,4
  20              		.global	USBFS_TABLE
  21              		.global	USBFS_DEVICE0_TABLE
  22              		.global	USBFS_DEVICE0_CONFIGURATION0_TABLE
  23              		.global	USBFS_DEVICE0_CONFIGURATION0_INTERFACE_CLASS
  24              		.global	USBFS_DEVICE0_CONFIGURATION0_EP_SETTINGS_TABLE
  25              		.global	USBFS_DEVICE0_CONFIGURATION0_INTERFACE3_TABLE
  26              		.global	USBFS_DEVICE0_CONFIGURATION0_INTERFACE3_ALTERNATE0_HID_TABLE
  27              		.global	USBFS_DEVICE0_CONFIGURATION0_INTERFACE3_ALTERNATE0_HID_IN_RPT_TABLE
  28              		.comm	USBFS_DEVICE0_CONFIGURATION0_INTERFACE3_ALTERNATE0_HID_IN_BUF,2,4
  29              		.comm	USBFS_DEVICE0_CONFIGURATION0_INTERFACE3_ALTERNATE0_HID_IN_RPT_SCB,4,4
  30              		.global	USBFS_HIDREPORT_DESCRIPTOR1
  31              		.global	USBFS_SN_STRING_DESCRIPTOR
  32              		.global	USBFS_STRING_DESCRIPTORS
  33              		.global	USBFS_DEVICE0_CONFIGURATION0_DESCR
  34              		.global	USBFS_DEVICE0_DESCR
  35              		.section	.rodata
  36              		.align	2
  37              		.type	USBFS_TABLE, %object
  38              		.size	USBFS_TABLE, 8
  39              	USBFS_TABLE:
  40 0000 01       		.byte	1
  41 0001 000000   		.space	3
  42 0004 00000000 		.word	USBFS_DEVICE0_TABLE
  43              		.type	USBFS_DEVICE0_TABLE, %object
  44              		.size	USBFS_DEVICE0_TABLE, 24
  45              	USBFS_DEVICE0_TABLE:
  46 0008 01       		.byte	1
  47 0009 000000   		.space	3
  48 000c 00000000 		.word	USBFS_DEVICE0_DESCR
  49 0010 00       		.byte	0
  50 0011 000000   		.space	3
  51 0014 00000000 		.word	0
  52 0018 01       		.byte	1
  53 0019 000000   		.space	3
  54 001c 00000000 		.word	USBFS_DEVICE0_CONFIGURATION0_TABLE
  55              		.type	USBFS_DEVICE0_CONFIGURATION0_TABLE, %object
  56              		.size	USBFS_DEVICE0_CONFIGURATION0_TABLE, 56
  57              	USBFS_DEVICE0_CONFIGURATION0_TABLE:
ARM GAS  C:\Users\TERENC~1\AppData\Local\Temp\ccIvUHCj.s 			page 2


  58 0020 01       		.byte	1
  59 0021 000000   		.space	3
  60 0024 00000000 		.word	USBFS_DEVICE0_CONFIGURATION0_DESCR
  61 0028 05       		.byte	5
  62 0029 000000   		.space	3
  63 002c 00000000 		.word	USBFS_DEVICE0_CONFIGURATION0_EP_SETTINGS_TABLE
  64 0030 00       		.byte	0
  65 0031 000000   		.space	3
  66 0034 00000000 		.word	0
  67 0038 00       		.byte	0
  68 0039 000000   		.space	3
  69 003c 00000000 		.word	0
  70 0040 00       		.byte	0
  71 0041 000000   		.space	3
  72 0044 00000000 		.word	0
  73 0048 01       		.byte	1
  74 0049 000000   		.space	3
  75 004c 00000000 		.word	USBFS_DEVICE0_CONFIGURATION0_INTERFACE3_TABLE
  76 0050 00       		.byte	0
  77 0051 000000   		.space	3
  78 0054 00000000 		.word	USBFS_DEVICE0_CONFIGURATION0_INTERFACE_CLASS
  79              		.type	USBFS_DEVICE0_CONFIGURATION0_INTERFACE_CLASS, %object
  80              		.size	USBFS_DEVICE0_CONFIGURATION0_INTERFACE_CLASS, 4
  81              	USBFS_DEVICE0_CONFIGURATION0_INTERFACE_CLASS:
  82 0058 01       		.byte	1
  83 0059 01       		.byte	1
  84 005a 01       		.byte	1
  85 005b 03       		.byte	3
  86              		.type	USBFS_DEVICE0_CONFIGURATION0_EP_SETTINGS_TABLE, %object
  87              		.size	USBFS_DEVICE0_CONFIGURATION0_EP_SETTINGS_TABLE, 40
  88              	USBFS_DEVICE0_CONFIGURATION0_EP_SETTINGS_TABLE:
  89 005c 00       		.byte	0
  90 005d 00       		.byte	0
  91 005e 86       		.byte	-122
  92 005f 03       		.byte	3
  93 0060 0200     		.short	2
  94 0062 01       		.byte	1
  95 0063 00       		.space	1
  96 0064 01       		.byte	1
  97 0065 01       		.byte	1
  98 0066 01       		.byte	1
  99 0067 05       		.byte	5
 100 0068 2601     		.short	294
 101 006a 01       		.byte	1
 102 006b 00       		.space	1
 103 006c 01       		.byte	1
 104 006d 01       		.byte	1
 105 006e 83       		.byte	-125
 106 006f 11       		.byte	17
 107 0070 0300     		.short	3
 108 0072 01       		.byte	1
 109 0073 00       		.space	1
 110 0074 02       		.byte	2
 111 0075 01       		.byte	1
 112 0076 82       		.byte	-126
 113 0077 05       		.byte	5
 114 0078 2601     		.short	294
ARM GAS  C:\Users\TERENC~1\AppData\Local\Temp\ccIvUHCj.s 			page 3


 115 007a 01       		.byte	1
 116 007b 00       		.space	1
 117 007c 03       		.byte	3
 118 007d 00       		.byte	0
 119 007e 84       		.byte	-124
 120 007f 03       		.byte	3
 121 0080 0200     		.short	2
 122 0082 03       		.byte	3
 123 0083 00       		.space	1
 124              		.type	USBFS_DEVICE0_CONFIGURATION0_INTERFACE3_TABLE, %object
 125              		.size	USBFS_DEVICE0_CONFIGURATION0_INTERFACE3_TABLE, 8
 126              	USBFS_DEVICE0_CONFIGURATION0_INTERFACE3_TABLE:
 127 0084 01       		.byte	1
 128 0085 000000   		.space	3
 129 0088 00000000 		.word	USBFS_DEVICE0_CONFIGURATION0_INTERFACE3_ALTERNATE0_HID_TABLE
 130              		.type	USBFS_DEVICE0_CONFIGURATION0_INTERFACE3_ALTERNATE0_HID_TABLE, %object
 131              		.size	USBFS_DEVICE0_CONFIGURATION0_INTERFACE3_ALTERNATE0_HID_TABLE, 40
 132              	USBFS_DEVICE0_CONFIGURATION0_INTERFACE3_ALTERNATE0_HID_TABLE:
 133 008c 00       		.byte	0
 134 008d 000000   		.space	3
 135 0090 00000000 		.word	USBFS_DEVICE0_CONFIGURATION0_INTERFACE3_ALTERNATE0_HID_IN_RPT_TABLE
 136 0094 00       		.byte	0
 137 0095 000000   		.space	3
 138 0098 00000000 		.word	0
 139 009c 00       		.byte	0
 140 009d 000000   		.space	3
 141 00a0 00000000 		.word	0
 142 00a4 01       		.byte	1
 143 00a5 000000   		.space	3
 144 00a8 00000000 		.word	USBFS_HIDREPORT_DESCRIPTOR1
 145 00ac 01       		.byte	1
 146 00ad 000000   		.space	3
 147 00b0 D7000000 		.word	USBFS_DEVICE0_CONFIGURATION0_DESCR+215
 148              		.type	USBFS_DEVICE0_CONFIGURATION0_INTERFACE3_ALTERNATE0_HID_IN_RPT_TABLE, %object
 149              		.size	USBFS_DEVICE0_CONFIGURATION0_INTERFACE3_ALTERNATE0_HID_IN_RPT_TABLE, 12
 150              	USBFS_DEVICE0_CONFIGURATION0_INTERFACE3_ALTERNATE0_HID_IN_RPT_TABLE:
 151 00b4 0200     		.short	2
 152 00b6 0000     		.space	2
 153 00b8 00000000 		.word	USBFS_DEVICE0_CONFIGURATION0_INTERFACE3_ALTERNATE0_HID_IN_BUF
 154 00bc 00000000 		.word	USBFS_DEVICE0_CONFIGURATION0_INTERFACE3_ALTERNATE0_HID_IN_RPT_SCB
 155              		.type	USBFS_HIDREPORT_DESCRIPTOR1, %object
 156              		.size	USBFS_HIDREPORT_DESCRIPTOR1, 39
 157              	USBFS_HIDREPORT_DESCRIPTOR1:
 158 00c0 23       		.byte	35
 159 00c1 00       		.byte	0
 160 00c2 05       		.byte	5
 161 00c3 0C       		.byte	12
 162 00c4 09       		.byte	9
 163 00c5 01       		.byte	1
 164 00c6 A1       		.byte	-95
 165 00c7 01       		.byte	1
 166 00c8 15       		.byte	21
 167 00c9 00       		.byte	0
 168 00ca 25       		.byte	37
 169 00cb 01       		.byte	1
 170 00cc 75       		.byte	117
 171 00cd 01       		.byte	1
ARM GAS  C:\Users\TERENC~1\AppData\Local\Temp\ccIvUHCj.s 			page 4


 172 00ce 95       		.byte	-107
 173 00cf 07       		.byte	7
 174 00d0 09       		.byte	9
 175 00d1 CD       		.byte	-51
 176 00d2 09       		.byte	9
 177 00d3 B5       		.byte	-75
 178 00d4 09       		.byte	9
 179 00d5 B6       		.byte	-74
 180 00d6 09       		.byte	9
 181 00d7 B7       		.byte	-73
 182 00d8 09       		.byte	9
 183 00d9 E2       		.byte	-30
 184 00da 09       		.byte	9
 185 00db E9       		.byte	-23
 186 00dc 09       		.byte	9
 187 00dd EA       		.byte	-22
 188 00de 81       		.byte	-127
 189 00df 02       		.byte	2
 190 00e0 95       		.byte	-107
 191 00e1 01       		.byte	1
 192 00e2 81       		.byte	-127
 193 00e3 01       		.byte	1
 194 00e4 C0       		.byte	-64
 195 00e5 00       		.byte	0
 196 00e6 00       		.byte	0
 197 00e7 00       		.space	1
 198              		.type	USBFS_SN_STRING_DESCRIPTOR, %object
 199              		.size	USBFS_SN_STRING_DESCRIPTOR, 2
 200              	USBFS_SN_STRING_DESCRIPTOR:
 201 00e8 02       		.byte	2
 202 00e9 03       		.byte	3
 203 00ea 0000     		.space	2
 204              		.type	USBFS_STRING_DESCRIPTORS, %object
 205              		.size	USBFS_STRING_DESCRIPTORS, 283
 206              	USBFS_STRING_DESCRIPTORS:
 207 00ec 04       		.byte	4
 208 00ed 03       		.byte	3
 209 00ee 09       		.byte	9
 210 00ef 04       		.byte	4
 211 00f0 2C       		.byte	44
 212 00f1 03       		.byte	3
 213 00f2 43       		.byte	67
 214 00f3 00       		.byte	0
 215 00f4 79       		.byte	121
 216 00f5 00       		.byte	0
 217 00f6 70       		.byte	112
 218 00f7 00       		.byte	0
 219 00f8 72       		.byte	114
 220 00f9 00       		.byte	0
 221 00fa 65       		.byte	101
 222 00fb 00       		.byte	0
 223 00fc 73       		.byte	115
 224 00fd 00       		.byte	0
 225 00fe 73       		.byte	115
 226 00ff 00       		.byte	0
 227 0100 20       		.byte	32
 228 0101 00       		.byte	0
ARM GAS  C:\Users\TERENC~1\AppData\Local\Temp\ccIvUHCj.s 			page 5


 229 0102 53       		.byte	83
 230 0103 00       		.byte	0
 231 0104 65       		.byte	101
 232 0105 00       		.byte	0
 233 0106 6D       		.byte	109
 234 0107 00       		.byte	0
 235 0108 69       		.byte	105
 236 0109 00       		.byte	0
 237 010a 63       		.byte	99
 238 010b 00       		.byte	0
 239 010c 6F       		.byte	111
 240 010d 00       		.byte	0
 241 010e 6E       		.byte	110
 242 010f 00       		.byte	0
 243 0110 64       		.byte	100
 244 0111 00       		.byte	0
 245 0112 75       		.byte	117
 246 0113 00       		.byte	0
 247 0114 63       		.byte	99
 248 0115 00       		.byte	0
 249 0116 74       		.byte	116
 250 0117 00       		.byte	0
 251 0118 6F       		.byte	111
 252 0119 00       		.byte	0
 253 011a 72       		.byte	114
 254 011b 00       		.byte	0
 255 011c 2C       		.byte	44
 256 011d 03       		.byte	3
 257 011e 43       		.byte	67
 258 011f 00       		.byte	0
 259 0120 59       		.byte	89
 260 0121 00       		.byte	0
 261 0122 38       		.byte	56
 262 0123 00       		.byte	0
 263 0124 43       		.byte	67
 264 0125 00       		.byte	0
 265 0126 4B       		.byte	75
 266 0127 00       		.byte	0
 267 0128 49       		.byte	73
 268 0129 00       		.byte	0
 269 012a 54       		.byte	84
 270 012b 00       		.byte	0
 271 012c 2D       		.byte	45
 272 012d 00       		.byte	0
 273 012e 30       		.byte	48
 274 012f 00       		.byte	0
 275 0130 34       		.byte	52
 276 0131 00       		.byte	0
 277 0132 36       		.byte	54
 278 0133 00       		.byte	0
 279 0134 20       		.byte	32
 280 0135 00       		.byte	0
 281 0136 55       		.byte	85
 282 0137 00       		.byte	0
 283 0138 53       		.byte	83
 284 0139 00       		.byte	0
 285 013a 42       		.byte	66
ARM GAS  C:\Users\TERENC~1\AppData\Local\Temp\ccIvUHCj.s 			page 6


 286 013b 00       		.byte	0
 287 013c 20       		.byte	32
 288 013d 00       		.byte	0
 289 013e 41       		.byte	65
 290 013f 00       		.byte	0
 291 0140 75       		.byte	117
 292 0141 00       		.byte	0
 293 0142 64       		.byte	100
 294 0143 00       		.byte	0
 295 0144 69       		.byte	105
 296 0145 00       		.byte	0
 297 0146 6F       		.byte	111
 298 0147 00       		.byte	0
 299 0148 08       		.byte	8
 300 0149 03       		.byte	3
 301 014a 4D       		.byte	77
 302 014b 00       		.byte	0
 303 014c 61       		.byte	97
 304 014d 00       		.byte	0
 305 014e 63       		.byte	99
 306 014f 00       		.byte	0
 307 0150 1C       		.byte	28
 308 0151 03       		.byte	3
 309 0152 55       		.byte	85
 310 0153 00       		.byte	0
 311 0154 53       		.byte	83
 312 0155 00       		.byte	0
 313 0156 42       		.byte	66
 314 0157 00       		.byte	0
 315 0158 20       		.byte	32
 316 0159 00       		.byte	0
 317 015a 53       		.byte	83
 318 015b 00       		.byte	0
 319 015c 74       		.byte	116
 320 015d 00       		.byte	0
 321 015e 72       		.byte	114
 322 015f 00       		.byte	0
 323 0160 65       		.byte	101
 324 0161 00       		.byte	0
 325 0162 61       		.byte	97
 326 0163 00       		.byte	0
 327 0164 6D       		.byte	109
 328 0165 00       		.byte	0
 329 0166 69       		.byte	105
 330 0167 00       		.byte	0
 331 0168 6E       		.byte	110
 332 0169 00       		.byte	0
 333 016a 67       		.byte	103
 334 016b 00       		.byte	0
 335 016c 10       		.byte	16
 336 016d 03       		.byte	3
 337 016e 53       		.byte	83
 338 016f 00       		.byte	0
 339 0170 70       		.byte	112
 340 0171 00       		.byte	0
 341 0172 65       		.byte	101
 342 0173 00       		.byte	0
ARM GAS  C:\Users\TERENC~1\AppData\Local\Temp\ccIvUHCj.s 			page 7


 343 0174 61       		.byte	97
 344 0175 00       		.byte	0
 345 0176 6B       		.byte	107
 346 0177 00       		.byte	0
 347 0178 65       		.byte	101
 348 0179 00       		.byte	0
 349 017a 72       		.byte	114
 350 017b 00       		.byte	0
 351 017c 16       		.byte	22
 352 017d 03       		.byte	3
 353 017e 4D       		.byte	77
 354 017f 00       		.byte	0
 355 0180 69       		.byte	105
 356 0181 00       		.byte	0
 357 0182 63       		.byte	99
 358 0183 00       		.byte	0
 359 0184 72       		.byte	114
 360 0185 00       		.byte	0
 361 0186 6F       		.byte	111
 362 0187 00       		.byte	0
 363 0188 70       		.byte	112
 364 0189 00       		.byte	0
 365 018a 68       		.byte	104
 366 018b 00       		.byte	0
 367 018c 6F       		.byte	111
 368 018d 00       		.byte	0
 369 018e 6E       		.byte	110
 370 018f 00       		.byte	0
 371 0190 65       		.byte	101
 372 0191 00       		.byte	0
 373 0192 1C       		.byte	28
 374 0193 03       		.byte	3
 375 0194 41       		.byte	65
 376 0195 00       		.byte	0
 377 0196 63       		.byte	99
 378 0197 00       		.byte	0
 379 0198 74       		.byte	116
 380 0199 00       		.byte	0
 381 019a 69       		.byte	105
 382 019b 00       		.byte	0
 383 019c 76       		.byte	118
 384 019d 00       		.byte	0
 385 019e 65       		.byte	101
 386 019f 00       		.byte	0
 387 01a0 20       		.byte	32
 388 01a1 00       		.byte	0
 389 01a2 32       		.byte	50
 390 01a3 00       		.byte	0
 391 01a4 34       		.byte	52
 392 01a5 00       		.byte	0
 393 01a6 20       		.byte	32
 394 01a7 00       		.byte	0
 395 01a8 62       		.byte	98
 396 01a9 00       		.byte	0
 397 01aa 69       		.byte	105
 398 01ab 00       		.byte	0
 399 01ac 74       		.byte	116
ARM GAS  C:\Users\TERENC~1\AppData\Local\Temp\ccIvUHCj.s 			page 8


 400 01ad 00       		.byte	0
 401 01ae 20       		.byte	32
 402 01af 03       		.byte	3
 403 01b0 50       		.byte	80
 404 01b1 00       		.byte	0
 405 01b2 6C       		.byte	108
 406 01b3 00       		.byte	0
 407 01b4 61       		.byte	97
 408 01b5 00       		.byte	0
 409 01b6 79       		.byte	121
 410 01b7 00       		.byte	0
 411 01b8 6C       		.byte	108
 412 01b9 00       		.byte	0
 413 01ba 69       		.byte	105
 414 01bb 00       		.byte	0
 415 01bc 73       		.byte	115
 416 01bd 00       		.byte	0
 417 01be 74       		.byte	116
 418 01bf 00       		.byte	0
 419 01c0 43       		.byte	67
 420 01c1 00       		.byte	0
 421 01c2 6F       		.byte	111
 422 01c3 00       		.byte	0
 423 01c4 6E       		.byte	110
 424 01c5 00       		.byte	0
 425 01c6 74       		.byte	116
 426 01c7 00       		.byte	0
 427 01c8 72       		.byte	114
 428 01c9 00       		.byte	0
 429 01ca 6F       		.byte	111
 430 01cb 00       		.byte	0
 431 01cc 6C       		.byte	108
 432 01cd 00       		.byte	0
 433 01ce 16       		.byte	22
 434 01cf 03       		.byte	3
 435 01d0 49       		.byte	73
 436 01d1 00       		.byte	0
 437 01d2 63       		.byte	99
 438 01d3 00       		.byte	0
 439 01d4 65       		.byte	101
 440 01d5 00       		.byte	0
 441 01d6 62       		.byte	98
 442 01d7 00       		.byte	0
 443 01d8 72       		.byte	114
 444 01d9 00       		.byte	0
 445 01da 65       		.byte	101
 446 01db 00       		.byte	0
 447 01dc 61       		.byte	97
 448 01dd 00       		.byte	0
 449 01de 6B       		.byte	107
 450 01df 00       		.byte	0
 451 01e0 65       		.byte	101
 452 01e1 00       		.byte	0
 453 01e2 72       		.byte	114
 454 01e3 00       		.byte	0
 455 01e4 22       		.byte	34
 456 01e5 03       		.byte	3
ARM GAS  C:\Users\TERENC~1\AppData\Local\Temp\ccIvUHCj.s 			page 9


 457 01e6 54       		.byte	84
 458 01e7 00       		.byte	0
 459 01e8 69       		.byte	105
 460 01e9 00       		.byte	0
 461 01ea 67       		.byte	103
 462 01eb 00       		.byte	0
 463 01ec 65       		.byte	101
 464 01ed 00       		.byte	0
 465 01ee 72       		.byte	114
 466 01ef 00       		.byte	0
 467 01f0 20       		.byte	32
 468 01f1 00       		.byte	0
 469 01f2 44       		.byte	68
 470 01f3 00       		.byte	0
 471 01f4 65       		.byte	101
 472 01f5 00       		.byte	0
 473 01f6 73       		.byte	115
 474 01f7 00       		.byte	0
 475 01f8 69       		.byte	105
 476 01f9 00       		.byte	0
 477 01fa 67       		.byte	103
 478 01fb 00       		.byte	0
 479 01fc 6E       		.byte	110
 480 01fd 00       		.byte	0
 481 01fe 4C       		.byte	76
 482 01ff 00       		.byte	0
 483 0200 61       		.byte	97
 484 0201 00       		.byte	0
 485 0202 62       		.byte	98
 486 0203 00       		.byte	0
 487 0204 73       		.byte	115
 488 0205 00       		.byte	0
 489 0206 00       		.byte	0
 490 0207 00       		.space	1
 491              		.type	USBFS_DEVICE0_CONFIGURATION0_DESCR, %object
 492              		.size	USBFS_DEVICE0_CONFIGURATION0_DESCR, 231
 493              	USBFS_DEVICE0_CONFIGURATION0_DESCR:
 494 0208 09       		.byte	9
 495 0209 02       		.byte	2
 496 020a E7       		.byte	-25
 497 020b 00       		.byte	0
 498 020c 04       		.byte	4
 499 020d 01       		.byte	1
 500 020e 03       		.byte	3
 501 020f 80       		.byte	-128
 502 0210 FA       		.byte	-6
 503 0211 09       		.byte	9
 504 0212 04       		.byte	4
 505 0213 00       		.byte	0
 506 0214 00       		.byte	0
 507 0215 01       		.byte	1
 508 0216 01       		.byte	1
 509 0217 01       		.byte	1
 510 0218 00       		.byte	0
 511 0219 02       		.byte	2
 512 021a 0A       		.byte	10
 513 021b 24       		.byte	36
ARM GAS  C:\Users\TERENC~1\AppData\Local\Temp\ccIvUHCj.s 			page 10


 514 021c 01       		.byte	1
 515 021d 00       		.byte	0
 516 021e 01       		.byte	1
 517 021f 3C       		.byte	60
 518 0220 00       		.byte	0
 519 0221 02       		.byte	2
 520 0222 01       		.byte	1
 521 0223 02       		.byte	2
 522 0224 08       		.byte	8
 523 0225 24       		.byte	36
 524 0226 06       		.byte	6
 525 0227 02       		.byte	2
 526 0228 01       		.byte	1
 527 0229 01       		.byte	1
 528 022a 03       		.byte	3
 529 022b 00       		.byte	0
 530 022c 0C       		.byte	12
 531 022d 24       		.byte	36
 532 022e 02       		.byte	2
 533 022f 01       		.byte	1
 534 0230 01       		.byte	1
 535 0231 01       		.byte	1
 536 0232 00       		.byte	0
 537 0233 02       		.byte	2
 538 0234 03       		.byte	3
 539 0235 00       		.byte	0
 540 0236 00       		.byte	0
 541 0237 04       		.byte	4
 542 0238 09       		.byte	9
 543 0239 24       		.byte	36
 544 023a 03       		.byte	3
 545 023b 03       		.byte	3
 546 023c 01       		.byte	1
 547 023d 03       		.byte	3
 548 023e 00       		.byte	0
 549 023f 02       		.byte	2
 550 0240 05       		.byte	5
 551 0241 0C       		.byte	12
 552 0242 24       		.byte	36
 553 0243 02       		.byte	2
 554 0244 04       		.byte	4
 555 0245 01       		.byte	1
 556 0246 02       		.byte	2
 557 0247 00       		.byte	0
 558 0248 02       		.byte	2
 559 0249 03       		.byte	3
 560 024a 00       		.byte	0
 561 024b 00       		.byte	0
 562 024c 06       		.byte	6
 563 024d 09       		.byte	9
 564 024e 24       		.byte	36
 565 024f 03       		.byte	3
 566 0250 05       		.byte	5
 567 0251 01       		.byte	1
 568 0252 01       		.byte	1
 569 0253 00       		.byte	0
 570 0254 04       		.byte	4
ARM GAS  C:\Users\TERENC~1\AppData\Local\Temp\ccIvUHCj.s 			page 11


 571 0255 04       		.byte	4
 572 0256 09       		.byte	9
 573 0257 05       		.byte	5
 574 0258 86       		.byte	-122
 575 0259 03       		.byte	3
 576 025a 02       		.byte	2
 577 025b 00       		.byte	0
 578 025c 1E       		.byte	30
 579 025d 00       		.byte	0
 580 025e 00       		.byte	0
 581 025f 09       		.byte	9
 582 0260 04       		.byte	4
 583 0261 01       		.byte	1
 584 0262 00       		.byte	0
 585 0263 00       		.byte	0
 586 0264 01       		.byte	1
 587 0265 02       		.byte	2
 588 0266 00       		.byte	0
 589 0267 05       		.byte	5
 590 0268 09       		.byte	9
 591 0269 04       		.byte	4
 592 026a 01       		.byte	1
 593 026b 01       		.byte	1
 594 026c 02       		.byte	2
 595 026d 01       		.byte	1
 596 026e 02       		.byte	2
 597 026f 00       		.byte	0
 598 0270 07       		.byte	7
 599 0271 07       		.byte	7
 600 0272 24       		.byte	36
 601 0273 01       		.byte	1
 602 0274 01       		.byte	1
 603 0275 01       		.byte	1
 604 0276 01       		.byte	1
 605 0277 00       		.byte	0
 606 0278 0E       		.byte	14
 607 0279 24       		.byte	36
 608 027a 02       		.byte	2
 609 027b 01       		.byte	1
 610 027c 02       		.byte	2
 611 027d 03       		.byte	3
 612 027e 18       		.byte	24
 613 027f 02       		.byte	2
 614 0280 44       		.byte	68
 615 0281 AC       		.byte	-84
 616 0282 00       		.byte	0
 617 0283 80       		.byte	-128
 618 0284 BB       		.byte	-69
 619 0285 00       		.byte	0
 620 0286 09       		.byte	9
 621 0287 05       		.byte	5
 622 0288 01       		.byte	1
 623 0289 05       		.byte	5
 624 028a 26       		.byte	38
 625 028b 01       		.byte	1
 626 028c 01       		.byte	1
 627 028d 00       		.byte	0
ARM GAS  C:\Users\TERENC~1\AppData\Local\Temp\ccIvUHCj.s 			page 12


 628 028e 83       		.byte	-125
 629 028f 07       		.byte	7
 630 0290 25       		.byte	37
 631 0291 01       		.byte	1
 632 0292 01       		.byte	1
 633 0293 00       		.byte	0
 634 0294 00       		.byte	0
 635 0295 00       		.byte	0
 636 0296 09       		.byte	9
 637 0297 05       		.byte	5
 638 0298 83       		.byte	-125
 639 0299 11       		.byte	17
 640 029a 03       		.byte	3
 641 029b 00       		.byte	0
 642 029c 04       		.byte	4
 643 029d 03       		.byte	3
 644 029e 00       		.byte	0
 645 029f 09       		.byte	9
 646 02a0 04       		.byte	4
 647 02a1 02       		.byte	2
 648 02a2 00       		.byte	0
 649 02a3 00       		.byte	0
 650 02a4 01       		.byte	1
 651 02a5 02       		.byte	2
 652 02a6 00       		.byte	0
 653 02a7 06       		.byte	6
 654 02a8 09       		.byte	9
 655 02a9 04       		.byte	4
 656 02aa 02       		.byte	2
 657 02ab 01       		.byte	1
 658 02ac 01       		.byte	1
 659 02ad 01       		.byte	1
 660 02ae 02       		.byte	2
 661 02af 00       		.byte	0
 662 02b0 07       		.byte	7
 663 02b1 07       		.byte	7
 664 02b2 24       		.byte	36
 665 02b3 01       		.byte	1
 666 02b4 05       		.byte	5
 667 02b5 01       		.byte	1
 668 02b6 01       		.byte	1
 669 02b7 00       		.byte	0
 670 02b8 0E       		.byte	14
 671 02b9 24       		.byte	36
 672 02ba 02       		.byte	2
 673 02bb 01       		.byte	1
 674 02bc 02       		.byte	2
 675 02bd 03       		.byte	3
 676 02be 18       		.byte	24
 677 02bf 02       		.byte	2
 678 02c0 44       		.byte	68
 679 02c1 AC       		.byte	-84
 680 02c2 00       		.byte	0
 681 02c3 80       		.byte	-128
 682 02c4 BB       		.byte	-69
 683 02c5 00       		.byte	0
 684 02c6 09       		.byte	9
ARM GAS  C:\Users\TERENC~1\AppData\Local\Temp\ccIvUHCj.s 			page 13


 685 02c7 05       		.byte	5
 686 02c8 82       		.byte	-126
 687 02c9 05       		.byte	5
 688 02ca 26       		.byte	38
 689 02cb 01       		.byte	1
 690 02cc 01       		.byte	1
 691 02cd 00       		.byte	0
 692 02ce 00       		.byte	0
 693 02cf 07       		.byte	7
 694 02d0 25       		.byte	37
 695 02d1 01       		.byte	1
 696 02d2 01       		.byte	1
 697 02d3 00       		.byte	0
 698 02d4 00       		.byte	0
 699 02d5 00       		.byte	0
 700 02d6 09       		.byte	9
 701 02d7 04       		.byte	4
 702 02d8 03       		.byte	3
 703 02d9 00       		.byte	0
 704 02da 01       		.byte	1
 705 02db 03       		.byte	3
 706 02dc 00       		.byte	0
 707 02dd 00       		.byte	0
 708 02de 08       		.byte	8
 709 02df 09       		.byte	9
 710 02e0 21       		.byte	33
 711 02e1 11       		.byte	17
 712 02e2 01       		.byte	1
 713 02e3 00       		.byte	0
 714 02e4 01       		.byte	1
 715 02e5 22       		.byte	34
 716 02e6 23       		.byte	35
 717 02e7 00       		.byte	0
 718 02e8 07       		.byte	7
 719 02e9 05       		.byte	5
 720 02ea 84       		.byte	-124
 721 02eb 03       		.byte	3
 722 02ec 02       		.byte	2
 723 02ed 00       		.byte	0
 724 02ee 28       		.byte	40
 725 02ef 00       		.space	1
 726              		.type	USBFS_DEVICE0_DESCR, %object
 727              		.size	USBFS_DEVICE0_DESCR, 18
 728              	USBFS_DEVICE0_DESCR:
 729 02f0 12       		.byte	18
 730 02f1 01       		.byte	1
 731 02f2 00       		.byte	0
 732 02f3 02       		.byte	2
 733 02f4 00       		.byte	0
 734 02f5 00       		.byte	0
 735 02f6 00       		.byte	0
 736 02f7 08       		.byte	8
 737 02f8 B4       		.byte	-76
 738 02f9 04       		.byte	4
 739 02fa 44       		.byte	68
 740 02fb F1       		.byte	-15
 741 02fc 01       		.byte	1
ARM GAS  C:\Users\TERENC~1\AppData\Local\Temp\ccIvUHCj.s 			page 14


 742 02fd 00       		.byte	0
 743 02fe 0A       		.byte	10
 744 02ff 09       		.byte	9
 745 0300 80       		.byte	-128
 746 0301 01       		.byte	1
 747              		.text
 748              	.Letext0:
 749              		.file 1 "Generated_Source\\PSoC4\\cytypes.h"
 750              		.file 2 "Generated_Source\\PSoC4\\USBFS.h"
 751              		.file 3 "Generated_Source\\PSoC4\\USBFS_descr.c"
 752              		.section	.debug_info,"",%progbits
 753              	.Ldebug_info0:
 754 0000 F1030000 		.4byte	0x3f1
 755 0004 0400     		.2byte	0x4
 756 0006 00000000 		.4byte	.Ldebug_abbrev0
 757 000a 04       		.byte	0x4
 758 000b 01       		.uleb128 0x1
 759 000c A3020000 		.4byte	.LASF48
 760 0010 0C       		.byte	0xc
 761 0011 4E000000 		.4byte	.LASF49
 762 0015 67030000 		.4byte	.LASF50
 763 0019 00000000 		.4byte	.Ldebug_line0
 764 001d 02       		.uleb128 0x2
 765 001e 01       		.byte	0x1
 766 001f 06       		.byte	0x6
 767 0020 46040000 		.4byte	.LASF0
 768 0024 02       		.uleb128 0x2
 769 0025 01       		.byte	0x1
 770 0026 08       		.byte	0x8
 771 0027 31030000 		.4byte	.LASF1
 772 002b 02       		.uleb128 0x2
 773 002c 02       		.byte	0x2
 774 002d 05       		.byte	0x5
 775 002e 99030000 		.4byte	.LASF2
 776 0032 02       		.uleb128 0x2
 777 0033 02       		.byte	0x2
 778 0034 07       		.byte	0x7
 779 0035 85000000 		.4byte	.LASF3
 780 0039 02       		.uleb128 0x2
 781 003a 04       		.byte	0x4
 782 003b 05       		.byte	0x5
 783 003c 31040000 		.4byte	.LASF4
 784 0040 02       		.uleb128 0x2
 785 0041 04       		.byte	0x4
 786 0042 07       		.byte	0x7
 787 0043 4C020000 		.4byte	.LASF5
 788 0047 02       		.uleb128 0x2
 789 0048 08       		.byte	0x8
 790 0049 05       		.byte	0x5
 791 004a 48030000 		.4byte	.LASF6
 792 004e 02       		.uleb128 0x2
 793 004f 08       		.byte	0x8
 794 0050 07       		.byte	0x7
 795 0051 6B020000 		.4byte	.LASF7
 796 0055 03       		.uleb128 0x3
 797 0056 04       		.byte	0x4
 798 0057 05       		.byte	0x5
ARM GAS  C:\Users\TERENC~1\AppData\Local\Temp\ccIvUHCj.s 			page 15


 799 0058 696E7400 		.ascii	"int\000"
 800 005c 02       		.uleb128 0x2
 801 005d 04       		.byte	0x4
 802 005e 07       		.byte	0x7
 803 005f 5E020000 		.4byte	.LASF8
 804 0063 04       		.uleb128 0x4
 805 0064 BF030000 		.4byte	.LASF9
 806 0068 01       		.byte	0x1
 807 0069 E401     		.2byte	0x1e4
 808 006b 24000000 		.4byte	0x24
 809 006f 04       		.uleb128 0x4
 810 0070 F3010000 		.4byte	.LASF10
 811 0074 01       		.byte	0x1
 812 0075 E501     		.2byte	0x1e5
 813 0077 32000000 		.4byte	0x32
 814 007b 02       		.uleb128 0x2
 815 007c 04       		.byte	0x4
 816 007d 04       		.byte	0x4
 817 007e CB000000 		.4byte	.LASF11
 818 0082 02       		.uleb128 0x2
 819 0083 08       		.byte	0x8
 820 0084 04       		.byte	0x4
 821 0085 EC010000 		.4byte	.LASF12
 822 0089 02       		.uleb128 0x2
 823 008a 01       		.byte	0x1
 824 008b 08       		.byte	0x8
 825 008c 62030000 		.4byte	.LASF13
 826 0090 05       		.uleb128 0x5
 827 0091 63000000 		.4byte	0x63
 828 0095 02       		.uleb128 0x2
 829 0096 08       		.byte	0x8
 830 0097 04       		.byte	0x4
 831 0098 3A040000 		.4byte	.LASF14
 832 009c 02       		.uleb128 0x2
 833 009d 04       		.byte	0x4
 834 009e 07       		.byte	0x7
 835 009f 3F030000 		.4byte	.LASF15
 836 00a3 06       		.uleb128 0x6
 837 00a4 08       		.byte	0x8
 838 00a5 02       		.byte	0x2
 839 00a6 A2       		.byte	0xa2
 840 00a7 F4000000 		.4byte	0xf4
 841 00ab 07       		.uleb128 0x7
 842 00ac 02040000 		.4byte	.LASF16
 843 00b0 02       		.byte	0x2
 844 00b1 A4       		.byte	0xa4
 845 00b2 63000000 		.4byte	0x63
 846 00b6 00       		.byte	0
 847 00b7 07       		.uleb128 0x7
 848 00b8 D1000000 		.4byte	.LASF17
 849 00bc 02       		.byte	0x2
 850 00bd A5       		.byte	0xa5
 851 00be 63000000 		.4byte	0x63
 852 00c2 01       		.byte	0x1
 853 00c3 07       		.uleb128 0x7
 854 00c4 61010000 		.4byte	.LASF18
 855 00c8 02       		.byte	0x2
ARM GAS  C:\Users\TERENC~1\AppData\Local\Temp\ccIvUHCj.s 			page 16


 856 00c9 A6       		.byte	0xa6
 857 00ca 63000000 		.4byte	0x63
 858 00ce 02       		.byte	0x2
 859 00cf 07       		.uleb128 0x7
 860 00d0 F5000000 		.4byte	.LASF19
 861 00d4 02       		.byte	0x2
 862 00d5 A7       		.byte	0xa7
 863 00d6 63000000 		.4byte	0x63
 864 00da 03       		.byte	0x3
 865 00db 07       		.uleb128 0x7
 866 00dc 8E030000 		.4byte	.LASF20
 867 00e0 02       		.byte	0x2
 868 00e1 A8       		.byte	0xa8
 869 00e2 6F000000 		.4byte	0x6f
 870 00e6 04       		.byte	0x4
 871 00e7 07       		.uleb128 0x7
 872 00e8 9B040000 		.4byte	.LASF21
 873 00ec 02       		.byte	0x2
 874 00ed A9       		.byte	0xa9
 875 00ee 63000000 		.4byte	0x63
 876 00f2 06       		.byte	0x6
 877 00f3 00       		.byte	0
 878 00f4 08       		.uleb128 0x8
 879 00f5 89020000 		.4byte	.LASF22
 880 00f9 02       		.byte	0x2
 881 00fa AA       		.byte	0xaa
 882 00fb A3000000 		.4byte	0xa3
 883 00ff 06       		.uleb128 0x6
 884 0100 04       		.byte	0x4
 885 0101 02       		.byte	0x2
 886 0102 AC       		.byte	0xac
 887 0103 20010000 		.4byte	0x120
 888 0107 07       		.uleb128 0x7
 889 0108 B3000000 		.4byte	.LASF23
 890 010c 02       		.byte	0x2
 891 010d AE       		.byte	0xae
 892 010e 63000000 		.4byte	0x63
 893 0112 00       		.byte	0
 894 0113 07       		.uleb128 0x7
 895 0114 94040000 		.4byte	.LASF24
 896 0118 02       		.byte	0x2
 897 0119 AF       		.byte	0xaf
 898 011a 6F000000 		.4byte	0x6f
 899 011e 02       		.byte	0x2
 900 011f 00       		.byte	0
 901 0120 08       		.uleb128 0x8
 902 0121 A1040000 		.4byte	.LASF25
 903 0125 02       		.byte	0x2
 904 0126 B0       		.byte	0xb0
 905 0127 FF000000 		.4byte	0xff
 906 012b 06       		.uleb128 0x6
 907 012c 0C       		.byte	0xc
 908 012d 02       		.byte	0x2
 909 012e B2       		.byte	0xb2
 910 012f 58010000 		.4byte	0x158
 911 0133 07       		.uleb128 0x7
 912 0134 7F000000 		.4byte	.LASF26
ARM GAS  C:\Users\TERENC~1\AppData\Local\Temp\ccIvUHCj.s 			page 17


 913 0138 02       		.byte	0x2
 914 0139 B4       		.byte	0xb4
 915 013a 6F000000 		.4byte	0x6f
 916 013e 00       		.byte	0
 917 013f 07       		.uleb128 0x7
 918 0140 BA000000 		.4byte	.LASF27
 919 0144 02       		.byte	0x2
 920 0145 B5       		.byte	0xb5
 921 0146 58010000 		.4byte	0x158
 922 014a 04       		.byte	0x4
 923 014b 07       		.uleb128 0x7
 924 014c 14000000 		.4byte	.LASF28
 925 0150 02       		.byte	0x2
 926 0151 B6       		.byte	0xb6
 927 0152 5E010000 		.4byte	0x15e
 928 0156 08       		.byte	0x8
 929 0157 00       		.byte	0
 930 0158 09       		.uleb128 0x9
 931 0159 04       		.byte	0x4
 932 015a 90000000 		.4byte	0x90
 933 015e 09       		.uleb128 0x9
 934 015f 04       		.byte	0x4
 935 0160 20010000 		.4byte	0x120
 936 0164 08       		.uleb128 0x8
 937 0165 C0000000 		.4byte	.LASF29
 938 0169 02       		.byte	0x2
 939 016a B7       		.byte	0xb7
 940 016b 2B010000 		.4byte	0x12b
 941 016f 06       		.uleb128 0x6
 942 0170 08       		.byte	0x8
 943 0171 02       		.byte	0x2
 944 0172 B9       		.byte	0xb9
 945 0173 8E010000 		.4byte	0x18e
 946 0177 0A       		.uleb128 0xa
 947 0178 6300     		.ascii	"c\000"
 948 017a 02       		.byte	0x2
 949 017b BB       		.byte	0xbb
 950 017c 63000000 		.4byte	0x63
 951 0180 00       		.byte	0
 952 0181 07       		.uleb128 0x7
 953 0182 82020000 		.4byte	.LASF30
 954 0186 02       		.byte	0x2
 955 0187 BC       		.byte	0xbc
 956 0188 8E010000 		.4byte	0x18e
 957 018c 04       		.byte	0x4
 958 018d 00       		.byte	0
 959 018e 09       		.uleb128 0x9
 960 018f 04       		.byte	0x4
 961 0190 94010000 		.4byte	0x194
 962 0194 0B       		.uleb128 0xb
 963 0195 08       		.uleb128 0x8
 964 0196 56030000 		.4byte	.LASF31
 965 019a 02       		.byte	0x2
 966 019b BD       		.byte	0xbd
 967 019c 6F010000 		.4byte	0x16f
 968 01a0 0C       		.uleb128 0xc
 969 01a1 B0010000 		.4byte	0x1b0
ARM GAS  C:\Users\TERENC~1\AppData\Local\Temp\ccIvUHCj.s 			page 18


 970 01a5 B0010000 		.4byte	0x1b0
 971 01a9 0D       		.uleb128 0xd
 972 01aa 9C000000 		.4byte	0x9c
 973 01ae 11       		.byte	0x11
 974 01af 00       		.byte	0
 975 01b0 0E       		.uleb128 0xe
 976 01b1 63000000 		.4byte	0x63
 977 01b5 0F       		.uleb128 0xf
 978 01b6 00000000 		.4byte	.LASF32
 979 01ba 03       		.byte	0x3
 980 01bb 24       		.byte	0x24
 981 01bc C6010000 		.4byte	0x1c6
 982 01c0 05       		.uleb128 0x5
 983 01c1 03       		.byte	0x3
 984 01c2 00000000 		.4byte	USBFS_DEVICE0_DESCR
 985 01c6 0E       		.uleb128 0xe
 986 01c7 A0010000 		.4byte	0x1a0
 987 01cb 0C       		.uleb128 0xc
 988 01cc B0010000 		.4byte	0x1b0
 989 01d0 DB010000 		.4byte	0x1db
 990 01d4 0D       		.uleb128 0xd
 991 01d5 9C000000 		.4byte	0x9c
 992 01d9 E6       		.byte	0xe6
 993 01da 00       		.byte	0
 994 01db 0F       		.uleb128 0xf
 995 01dc 29020000 		.4byte	.LASF33
 996 01e0 03       		.byte	0x3
 997 01e1 37       		.byte	0x37
 998 01e2 EC010000 		.4byte	0x1ec
 999 01e6 05       		.uleb128 0x5
 1000 01e7 03       		.byte	0x3
 1001 01e8 00000000 		.4byte	USBFS_DEVICE0_CONFIGURATION0_DESCR
 1002 01ec 0E       		.uleb128 0xe
 1003 01ed CB010000 		.4byte	0x1cb
 1004 01f1 0C       		.uleb128 0xc
 1005 01f2 01020000 		.4byte	0x201
 1006 01f6 01020000 		.4byte	0x201
 1007 01fa 0D       		.uleb128 0xd
 1008 01fb 9C000000 		.4byte	0x9c
 1009 01ff 00       		.byte	0
 1010 0200 00       		.byte	0
 1011 0201 0E       		.uleb128 0xe
 1012 0202 95010000 		.4byte	0x195
 1013 0206 10       		.uleb128 0x10
 1014 0207 7A010000 		.4byte	.LASF34
 1015 020b 03       		.byte	0x3
 1016 020c F301     		.2byte	0x1f3
 1017 020e 18020000 		.4byte	0x218
 1018 0212 05       		.uleb128 0x5
 1019 0213 03       		.byte	0x3
 1020 0214 00000000 		.4byte	USBFS_DEVICE0_CONFIGURATION0_INTERFACE3_TABLE
 1021 0218 0E       		.uleb128 0xe
 1022 0219 F1010000 		.4byte	0x1f1
 1023 021d 0C       		.uleb128 0xc
 1024 021e 2D020000 		.4byte	0x22d
 1025 0222 2D020000 		.4byte	0x22d
 1026 0226 0D       		.uleb128 0xd
ARM GAS  C:\Users\TERENC~1\AppData\Local\Temp\ccIvUHCj.s 			page 19


 1027 0227 9C000000 		.4byte	0x9c
 1028 022b 04       		.byte	0x4
 1029 022c 00       		.byte	0
 1030 022d 0E       		.uleb128 0xe
 1031 022e F4000000 		.4byte	0xf4
 1032 0232 10       		.uleb128 0x10
 1033 0233 FA010000 		.4byte	.LASF35
 1034 0237 03       		.byte	0x3
 1035 0238 FE01     		.2byte	0x1fe
 1036 023a 44020000 		.4byte	0x244
 1037 023e 05       		.uleb128 0x5
 1038 023f 03       		.byte	0x3
 1039 0240 00000000 		.4byte	USBFS_DEVICE0_CONFIGURATION0_EP_SETTINGS_TABLE
 1040 0244 0E       		.uleb128 0xe
 1041 0245 1D020000 		.4byte	0x21d
 1042 0249 0C       		.uleb128 0xc
 1043 024a B0010000 		.4byte	0x1b0
 1044 024e 59020000 		.4byte	0x259
 1045 0252 0D       		.uleb128 0xd
 1046 0253 9C000000 		.4byte	0x9c
 1047 0257 03       		.byte	0x3
 1048 0258 00       		.byte	0
 1049 0259 10       		.uleb128 0x10
 1050 025a 21000000 		.4byte	.LASF36
 1051 025e 03       		.byte	0x3
 1052 025f 0602     		.2byte	0x206
 1053 0261 6B020000 		.4byte	0x26b
 1054 0265 05       		.uleb128 0x5
 1055 0266 03       		.byte	0x3
 1056 0267 00000000 		.4byte	USBFS_DEVICE0_CONFIGURATION0_INTERFACE_CLASS
 1057 026b 0E       		.uleb128 0xe
 1058 026c 49020000 		.4byte	0x249
 1059 0270 0C       		.uleb128 0xc
 1060 0271 01020000 		.4byte	0x201
 1061 0275 80020000 		.4byte	0x280
 1062 0279 0D       		.uleb128 0xd
 1063 027a 9C000000 		.4byte	0x9c
 1064 027e 06       		.byte	0x6
 1065 027f 00       		.byte	0
 1066 0280 10       		.uleb128 0x10
 1067 0281 3E010000 		.4byte	.LASF37
 1068 0285 03       		.byte	0x3
 1069 0286 0E02     		.2byte	0x20e
 1070 0288 92020000 		.4byte	0x292
 1071 028c 05       		.uleb128 0x5
 1072 028d 03       		.byte	0x3
 1073 028e 00000000 		.4byte	USBFS_DEVICE0_CONFIGURATION0_TABLE
 1074 0292 0E       		.uleb128 0xe
 1075 0293 70020000 		.4byte	0x270
 1076 0297 0C       		.uleb128 0xc
 1077 0298 01020000 		.4byte	0x201
 1078 029c A7020000 		.4byte	0x2a7
 1079 02a0 0D       		.uleb128 0xd
 1080 02a1 9C000000 		.4byte	0x9c
 1081 02a5 02       		.byte	0x2
 1082 02a6 00       		.byte	0
 1083 02a7 10       		.uleb128 0x10
ARM GAS  C:\Users\TERENC~1\AppData\Local\Temp\ccIvUHCj.s 			page 20


 1084 02a8 66010000 		.4byte	.LASF38
 1085 02ac 03       		.byte	0x3
 1086 02ad 1B02     		.2byte	0x21b
 1087 02af B9020000 		.4byte	0x2b9
 1088 02b3 05       		.uleb128 0x5
 1089 02b4 03       		.byte	0x3
 1090 02b5 00000000 		.4byte	USBFS_DEVICE0_TABLE
 1091 02b9 0E       		.uleb128 0xe
 1092 02ba 97020000 		.4byte	0x297
 1093 02be 10       		.uleb128 0x10
 1094 02bf 73000000 		.4byte	.LASF39
 1095 02c3 03       		.byte	0x3
 1096 02c4 2302     		.2byte	0x223
 1097 02c6 D0020000 		.4byte	0x2d0
 1098 02ca 05       		.uleb128 0x5
 1099 02cb 03       		.byte	0x3
 1100 02cc 00000000 		.4byte	USBFS_TABLE
 1101 02d0 0E       		.uleb128 0xe
 1102 02d1 F1010000 		.4byte	0x1f1
 1103 02d5 0C       		.uleb128 0xc
 1104 02d6 B0010000 		.4byte	0x1b0
 1105 02da E5020000 		.4byte	0x2e5
 1106 02de 0D       		.uleb128 0xd
 1107 02df 9C000000 		.4byte	0x9c
 1108 02e3 01       		.byte	0x1
 1109 02e4 00       		.byte	0
 1110 02e5 10       		.uleb128 0x10
 1111 02e6 98000000 		.4byte	.LASF40
 1112 02ea 03       		.byte	0x3
 1113 02eb AE01     		.2byte	0x1ae
 1114 02ed F7020000 		.4byte	0x2f7
 1115 02f1 05       		.uleb128 0x5
 1116 02f2 03       		.byte	0x3
 1117 02f3 00000000 		.4byte	USBFS_SN_STRING_DESCRIPTOR
 1118 02f7 0E       		.uleb128 0xe
 1119 02f8 D5020000 		.4byte	0x2d5
 1120 02fc 0C       		.uleb128 0xc
 1121 02fd B0010000 		.4byte	0x1b0
 1122 0301 0D030000 		.4byte	0x30d
 1123 0305 11       		.uleb128 0x11
 1124 0306 9C000000 		.4byte	0x9c
 1125 030a 1A01     		.2byte	0x11a
 1126 030c 00       		.byte	0
 1127 030d 10       		.uleb128 0x10
 1128 030e DC000000 		.4byte	.LASF41
 1129 0312 03       		.byte	0x3
 1130 0313 5001     		.2byte	0x150
 1131 0315 1F030000 		.4byte	0x31f
 1132 0319 05       		.uleb128 0x5
 1133 031a 03       		.byte	0x3
 1134 031b 00000000 		.4byte	USBFS_STRING_DESCRIPTORS
 1135 031f 0E       		.uleb128 0xe
 1136 0320 FC020000 		.4byte	0x2fc
 1137 0324 10       		.uleb128 0x10
 1138 0325 52040000 		.4byte	.LASF42
 1139 0329 03       		.byte	0x3
 1140 032a D301     		.2byte	0x1d3
ARM GAS  C:\Users\TERENC~1\AppData\Local\Temp\ccIvUHCj.s 			page 21


 1141 032c 20010000 		.4byte	0x120
 1142 0330 05       		.uleb128 0x5
 1143 0331 03       		.byte	0x3
 1144 0332 00000000 		.4byte	USBFS_DEVICE0_CONFIGURATION0_INTERFACE3_ALTERNATE0_HID_IN_RPT_SCB
 1145 0336 0C       		.uleb128 0xc
 1146 0337 63000000 		.4byte	0x63
 1147 033b 46030000 		.4byte	0x346
 1148 033f 0D       		.uleb128 0xd
 1149 0340 9C000000 		.4byte	0x9c
 1150 0344 01       		.byte	0x1
 1151 0345 00       		.byte	0
 1152 0346 10       		.uleb128 0x10
 1153 0347 00010000 		.4byte	.LASF43
 1154 034b 03       		.byte	0x3
 1155 034c D401     		.2byte	0x1d4
 1156 034e 36030000 		.4byte	0x336
 1157 0352 05       		.uleb128 0x5
 1158 0353 03       		.byte	0x3
 1159 0354 00000000 		.4byte	USBFS_DEVICE0_CONFIGURATION0_INTERFACE3_ALTERNATE0_HID_IN_BUF
 1160 0358 0C       		.uleb128 0xc
 1161 0359 B0010000 		.4byte	0x1b0
 1162 035d 68030000 		.4byte	0x368
 1163 0361 0D       		.uleb128 0xd
 1164 0362 9C000000 		.4byte	0x9c
 1165 0366 26       		.byte	0x26
 1166 0367 00       		.byte	0
 1167 0368 10       		.uleb128 0x10
 1168 0369 A3030000 		.4byte	.LASF44
 1169 036d 03       		.byte	0x3
 1170 036e B601     		.2byte	0x1b6
 1171 0370 7A030000 		.4byte	0x37a
 1172 0374 05       		.uleb128 0x5
 1173 0375 03       		.byte	0x3
 1174 0376 00000000 		.4byte	USBFS_HIDREPORT_DESCRIPTOR1
 1175 037a 0E       		.uleb128 0xe
 1176 037b 58030000 		.4byte	0x358
 1177 037f 0C       		.uleb128 0xc
 1178 0380 8F030000 		.4byte	0x38f
 1179 0384 8F030000 		.4byte	0x38f
 1180 0388 0D       		.uleb128 0xd
 1181 0389 9C000000 		.4byte	0x9c
 1182 038d 00       		.byte	0
 1183 038e 00       		.byte	0
 1184 038f 0E       		.uleb128 0xe
 1185 0390 64010000 		.4byte	0x164
 1186 0394 10       		.uleb128 0x10
 1187 0395 A8010000 		.4byte	.LASF45
 1188 0399 03       		.byte	0x3
 1189 039a DA01     		.2byte	0x1da
 1190 039c A6030000 		.4byte	0x3a6
 1191 03a0 05       		.uleb128 0x5
 1192 03a1 03       		.byte	0x3
 1193 03a2 00000000 		.4byte	USBFS_DEVICE0_CONFIGURATION0_INTERFACE3_ALTERNATE0_HID_IN_RPT_TABLE
 1194 03a6 0E       		.uleb128 0xe
 1195 03a7 7F030000 		.4byte	0x37f
 1196 03ab 0C       		.uleb128 0xc
 1197 03ac 01020000 		.4byte	0x201
ARM GAS  C:\Users\TERENC~1\AppData\Local\Temp\ccIvUHCj.s 			page 22


 1198 03b0 BB030000 		.4byte	0x3bb
 1199 03b4 0D       		.uleb128 0xd
 1200 03b5 9C000000 		.4byte	0x9c
 1201 03b9 04       		.byte	0x4
 1202 03ba 00       		.byte	0
 1203 03bb 10       		.uleb128 0x10
 1204 03bc C5030000 		.4byte	.LASF46
 1205 03c0 03       		.byte	0x3
 1206 03c1 E701     		.2byte	0x1e7
 1207 03c3 CD030000 		.4byte	0x3cd
 1208 03c7 05       		.uleb128 0x5
 1209 03c8 03       		.byte	0x3
 1210 03c9 00000000 		.4byte	USBFS_DEVICE0_CONFIGURATION0_INTERFACE3_ALTERNATE0_HID_TABLE
 1211 03cd 0E       		.uleb128 0xe
 1212 03ce AB030000 		.4byte	0x3ab
 1213 03d2 0C       		.uleb128 0xc
 1214 03d3 63000000 		.4byte	0x63
 1215 03d7 E2030000 		.4byte	0x3e2
 1216 03db 0D       		.uleb128 0xd
 1217 03dc 9C000000 		.4byte	0x9c
 1218 03e0 21       		.byte	0x21
 1219 03e1 00       		.byte	0
 1220 03e2 10       		.uleb128 0x10
 1221 03e3 0C040000 		.4byte	.LASF47
 1222 03e7 03       		.byte	0x3
 1223 03e8 5102     		.2byte	0x251
 1224 03ea D2030000 		.4byte	0x3d2
 1225 03ee 05       		.uleb128 0x5
 1226 03ef 03       		.byte	0x3
 1227 03f0 00000000 		.4byte	USBFS_idSerialNumberStringDescriptor
 1228 03f4 00       		.byte	0
 1229              		.section	.debug_abbrev,"",%progbits
 1230              	.Ldebug_abbrev0:
 1231 0000 01       		.uleb128 0x1
 1232 0001 11       		.uleb128 0x11
 1233 0002 01       		.byte	0x1
 1234 0003 25       		.uleb128 0x25
 1235 0004 0E       		.uleb128 0xe
 1236 0005 13       		.uleb128 0x13
 1237 0006 0B       		.uleb128 0xb
 1238 0007 03       		.uleb128 0x3
 1239 0008 0E       		.uleb128 0xe
 1240 0009 1B       		.uleb128 0x1b
 1241 000a 0E       		.uleb128 0xe
 1242 000b 10       		.uleb128 0x10
 1243 000c 17       		.uleb128 0x17
 1244 000d 00       		.byte	0
 1245 000e 00       		.byte	0
 1246 000f 02       		.uleb128 0x2
 1247 0010 24       		.uleb128 0x24
 1248 0011 00       		.byte	0
 1249 0012 0B       		.uleb128 0xb
 1250 0013 0B       		.uleb128 0xb
 1251 0014 3E       		.uleb128 0x3e
 1252 0015 0B       		.uleb128 0xb
 1253 0016 03       		.uleb128 0x3
 1254 0017 0E       		.uleb128 0xe
ARM GAS  C:\Users\TERENC~1\AppData\Local\Temp\ccIvUHCj.s 			page 23


 1255 0018 00       		.byte	0
 1256 0019 00       		.byte	0
 1257 001a 03       		.uleb128 0x3
 1258 001b 24       		.uleb128 0x24
 1259 001c 00       		.byte	0
 1260 001d 0B       		.uleb128 0xb
 1261 001e 0B       		.uleb128 0xb
 1262 001f 3E       		.uleb128 0x3e
 1263 0020 0B       		.uleb128 0xb
 1264 0021 03       		.uleb128 0x3
 1265 0022 08       		.uleb128 0x8
 1266 0023 00       		.byte	0
 1267 0024 00       		.byte	0
 1268 0025 04       		.uleb128 0x4
 1269 0026 16       		.uleb128 0x16
 1270 0027 00       		.byte	0
 1271 0028 03       		.uleb128 0x3
 1272 0029 0E       		.uleb128 0xe
 1273 002a 3A       		.uleb128 0x3a
 1274 002b 0B       		.uleb128 0xb
 1275 002c 3B       		.uleb128 0x3b
 1276 002d 05       		.uleb128 0x5
 1277 002e 49       		.uleb128 0x49
 1278 002f 13       		.uleb128 0x13
 1279 0030 00       		.byte	0
 1280 0031 00       		.byte	0
 1281 0032 05       		.uleb128 0x5
 1282 0033 35       		.uleb128 0x35
 1283 0034 00       		.byte	0
 1284 0035 49       		.uleb128 0x49
 1285 0036 13       		.uleb128 0x13
 1286 0037 00       		.byte	0
 1287 0038 00       		.byte	0
 1288 0039 06       		.uleb128 0x6
 1289 003a 13       		.uleb128 0x13
 1290 003b 01       		.byte	0x1
 1291 003c 0B       		.uleb128 0xb
 1292 003d 0B       		.uleb128 0xb
 1293 003e 3A       		.uleb128 0x3a
 1294 003f 0B       		.uleb128 0xb
 1295 0040 3B       		.uleb128 0x3b
 1296 0041 0B       		.uleb128 0xb
 1297 0042 01       		.uleb128 0x1
 1298 0043 13       		.uleb128 0x13
 1299 0044 00       		.byte	0
 1300 0045 00       		.byte	0
 1301 0046 07       		.uleb128 0x7
 1302 0047 0D       		.uleb128 0xd
 1303 0048 00       		.byte	0
 1304 0049 03       		.uleb128 0x3
 1305 004a 0E       		.uleb128 0xe
 1306 004b 3A       		.uleb128 0x3a
 1307 004c 0B       		.uleb128 0xb
 1308 004d 3B       		.uleb128 0x3b
 1309 004e 0B       		.uleb128 0xb
 1310 004f 49       		.uleb128 0x49
 1311 0050 13       		.uleb128 0x13
ARM GAS  C:\Users\TERENC~1\AppData\Local\Temp\ccIvUHCj.s 			page 24


 1312 0051 38       		.uleb128 0x38
 1313 0052 0B       		.uleb128 0xb
 1314 0053 00       		.byte	0
 1315 0054 00       		.byte	0
 1316 0055 08       		.uleb128 0x8
 1317 0056 16       		.uleb128 0x16
 1318 0057 00       		.byte	0
 1319 0058 03       		.uleb128 0x3
 1320 0059 0E       		.uleb128 0xe
 1321 005a 3A       		.uleb128 0x3a
 1322 005b 0B       		.uleb128 0xb
 1323 005c 3B       		.uleb128 0x3b
 1324 005d 0B       		.uleb128 0xb
 1325 005e 49       		.uleb128 0x49
 1326 005f 13       		.uleb128 0x13
 1327 0060 00       		.byte	0
 1328 0061 00       		.byte	0
 1329 0062 09       		.uleb128 0x9
 1330 0063 0F       		.uleb128 0xf
 1331 0064 00       		.byte	0
 1332 0065 0B       		.uleb128 0xb
 1333 0066 0B       		.uleb128 0xb
 1334 0067 49       		.uleb128 0x49
 1335 0068 13       		.uleb128 0x13
 1336 0069 00       		.byte	0
 1337 006a 00       		.byte	0
 1338 006b 0A       		.uleb128 0xa
 1339 006c 0D       		.uleb128 0xd
 1340 006d 00       		.byte	0
 1341 006e 03       		.uleb128 0x3
 1342 006f 08       		.uleb128 0x8
 1343 0070 3A       		.uleb128 0x3a
 1344 0071 0B       		.uleb128 0xb
 1345 0072 3B       		.uleb128 0x3b
 1346 0073 0B       		.uleb128 0xb
 1347 0074 49       		.uleb128 0x49
 1348 0075 13       		.uleb128 0x13
 1349 0076 38       		.uleb128 0x38
 1350 0077 0B       		.uleb128 0xb
 1351 0078 00       		.byte	0
 1352 0079 00       		.byte	0
 1353 007a 0B       		.uleb128 0xb
 1354 007b 26       		.uleb128 0x26
 1355 007c 00       		.byte	0
 1356 007d 00       		.byte	0
 1357 007e 00       		.byte	0
 1358 007f 0C       		.uleb128 0xc
 1359 0080 01       		.uleb128 0x1
 1360 0081 01       		.byte	0x1
 1361 0082 49       		.uleb128 0x49
 1362 0083 13       		.uleb128 0x13
 1363 0084 01       		.uleb128 0x1
 1364 0085 13       		.uleb128 0x13
 1365 0086 00       		.byte	0
 1366 0087 00       		.byte	0
 1367 0088 0D       		.uleb128 0xd
 1368 0089 21       		.uleb128 0x21
ARM GAS  C:\Users\TERENC~1\AppData\Local\Temp\ccIvUHCj.s 			page 25


 1369 008a 00       		.byte	0
 1370 008b 49       		.uleb128 0x49
 1371 008c 13       		.uleb128 0x13
 1372 008d 2F       		.uleb128 0x2f
 1373 008e 0B       		.uleb128 0xb
 1374 008f 00       		.byte	0
 1375 0090 00       		.byte	0
 1376 0091 0E       		.uleb128 0xe
 1377 0092 26       		.uleb128 0x26
 1378 0093 00       		.byte	0
 1379 0094 49       		.uleb128 0x49
 1380 0095 13       		.uleb128 0x13
 1381 0096 00       		.byte	0
 1382 0097 00       		.byte	0
 1383 0098 0F       		.uleb128 0xf
 1384 0099 34       		.uleb128 0x34
 1385 009a 00       		.byte	0
 1386 009b 03       		.uleb128 0x3
 1387 009c 0E       		.uleb128 0xe
 1388 009d 3A       		.uleb128 0x3a
 1389 009e 0B       		.uleb128 0xb
 1390 009f 3B       		.uleb128 0x3b
 1391 00a0 0B       		.uleb128 0xb
 1392 00a1 49       		.uleb128 0x49
 1393 00a2 13       		.uleb128 0x13
 1394 00a3 3F       		.uleb128 0x3f
 1395 00a4 19       		.uleb128 0x19
 1396 00a5 02       		.uleb128 0x2
 1397 00a6 18       		.uleb128 0x18
 1398 00a7 00       		.byte	0
 1399 00a8 00       		.byte	0
 1400 00a9 10       		.uleb128 0x10
 1401 00aa 34       		.uleb128 0x34
 1402 00ab 00       		.byte	0
 1403 00ac 03       		.uleb128 0x3
 1404 00ad 0E       		.uleb128 0xe
 1405 00ae 3A       		.uleb128 0x3a
 1406 00af 0B       		.uleb128 0xb
 1407 00b0 3B       		.uleb128 0x3b
 1408 00b1 05       		.uleb128 0x5
 1409 00b2 49       		.uleb128 0x49
 1410 00b3 13       		.uleb128 0x13
 1411 00b4 3F       		.uleb128 0x3f
 1412 00b5 19       		.uleb128 0x19
 1413 00b6 02       		.uleb128 0x2
 1414 00b7 18       		.uleb128 0x18
 1415 00b8 00       		.byte	0
 1416 00b9 00       		.byte	0
 1417 00ba 11       		.uleb128 0x11
 1418 00bb 21       		.uleb128 0x21
 1419 00bc 00       		.byte	0
 1420 00bd 49       		.uleb128 0x49
 1421 00be 13       		.uleb128 0x13
 1422 00bf 2F       		.uleb128 0x2f
 1423 00c0 05       		.uleb128 0x5
 1424 00c1 00       		.byte	0
 1425 00c2 00       		.byte	0
ARM GAS  C:\Users\TERENC~1\AppData\Local\Temp\ccIvUHCj.s 			page 26


 1426 00c3 00       		.byte	0
 1427              		.section	.debug_aranges,"",%progbits
 1428 0000 14000000 		.4byte	0x14
 1429 0004 0200     		.2byte	0x2
 1430 0006 00000000 		.4byte	.Ldebug_info0
 1431 000a 04       		.byte	0x4
 1432 000b 00       		.byte	0
 1433 000c 0000     		.2byte	0
 1434 000e 0000     		.2byte	0
 1435 0010 00000000 		.4byte	0
 1436 0014 00000000 		.4byte	0
 1437              		.section	.debug_line,"",%progbits
 1438              	.Ldebug_line0:
 1439 0000 59000000 		.section	.debug_str,"MS",%progbits,1
 1439      02005300 
 1439      00000201 
 1439      FB0E0D00 
 1439      01010101 
 1440              	.LASF32:
 1441 0000 55534246 		.ascii	"USBFS_DEVICE0_DESCR\000"
 1441      535F4445 
 1441      56494345 
 1441      305F4445 
 1441      53435200 
 1442              	.LASF28:
 1443 0014 70537461 		.ascii	"pStatusBlock\000"
 1443      74757342 
 1443      6C6F636B 
 1443      00
 1444              	.LASF36:
 1445 0021 55534246 		.ascii	"USBFS_DEVICE0_CONFIGURATION0_INTERFACE_CLASS\000"
 1445      535F4445 
 1445      56494345 
 1445      305F434F 
 1445      4E464947 
 1446              	.LASF49:
 1447 004e 47656E65 		.ascii	"Generated_Source\\PSoC4\\USBFS_descr.c\000"
 1447      72617465 
 1447      645F536F 
 1447      75726365 
 1447      5C50536F 
 1448              	.LASF39:
 1449 0073 55534246 		.ascii	"USBFS_TABLE\000"
 1449      535F5441 
 1449      424C4500 
 1450              	.LASF26:
 1451 007f 636F756E 		.ascii	"count\000"
 1451      7400
 1452              	.LASF3:
 1453 0085 73686F72 		.ascii	"short unsigned int\000"
 1453      7420756E 
 1453      7369676E 
 1453      65642069 
 1453      6E7400
 1454              	.LASF40:
 1455 0098 55534246 		.ascii	"USBFS_SN_STRING_DESCRIPTOR\000"
 1455      535F534E 
ARM GAS  C:\Users\TERENC~1\AppData\Local\Temp\ccIvUHCj.s 			page 27


 1455      5F535452 
 1455      494E475F 
 1455      44455343 
 1456              	.LASF23:
 1457 00b3 73746174 		.ascii	"status\000"
 1457      757300
 1458              	.LASF27:
 1459 00ba 70446174 		.ascii	"pData\000"
 1459      6100
 1460              	.LASF29:
 1461 00c0 545F5553 		.ascii	"T_USBFS_TD\000"
 1461      4246535F 
 1461      544400
 1462              	.LASF11:
 1463 00cb 666C6F61 		.ascii	"float\000"
 1463      7400
 1464              	.LASF17:
 1465 00d1 616C7453 		.ascii	"altSetting\000"
 1465      65747469 
 1465      6E6700
 1466              	.LASF41:
 1467 00dc 55534246 		.ascii	"USBFS_STRING_DESCRIPTORS\000"
 1467      535F5354 
 1467      52494E47 
 1467      5F444553 
 1467      43524950 
 1468              	.LASF19:
 1469 00f5 61747472 		.ascii	"attributes\000"
 1469      69627574 
 1469      657300
 1470              	.LASF43:
 1471 0100 55534246 		.ascii	"USBFS_DEVICE0_CONFIGURATION0_INTERFACE3_ALTERNATE0_"
 1471      535F4445 
 1471      56494345 
 1471      305F434F 
 1471      4E464947 
 1472 0133 4849445F 		.ascii	"HID_IN_BUF\000"
 1472      494E5F42 
 1472      554600
 1473              	.LASF37:
 1474 013e 55534246 		.ascii	"USBFS_DEVICE0_CONFIGURATION0_TABLE\000"
 1474      535F4445 
 1474      56494345 
 1474      305F434F 
 1474      4E464947 
 1475              	.LASF18:
 1476 0161 61646472 		.ascii	"addr\000"
 1476      00
 1477              	.LASF38:
 1478 0166 55534246 		.ascii	"USBFS_DEVICE0_TABLE\000"
 1478      535F4445 
 1478      56494345 
 1478      305F5441 
 1478      424C4500 
 1479              	.LASF34:
 1480 017a 55534246 		.ascii	"USBFS_DEVICE0_CONFIGURATION0_INTERFACE3_TABLE\000"
 1480      535F4445 
ARM GAS  C:\Users\TERENC~1\AppData\Local\Temp\ccIvUHCj.s 			page 28


 1480      56494345 
 1480      305F434F 
 1480      4E464947 
 1481              	.LASF45:
 1482 01a8 55534246 		.ascii	"USBFS_DEVICE0_CONFIGURATION0_INTERFACE3_ALTERNATE0_"
 1482      535F4445 
 1482      56494345 
 1482      305F434F 
 1482      4E464947 
 1483 01db 4849445F 		.ascii	"HID_IN_RPT_TABLE\000"
 1483      494E5F52 
 1483      50545F54 
 1483      41424C45 
 1483      00
 1484              	.LASF12:
 1485 01ec 646F7562 		.ascii	"double\000"
 1485      6C6500
 1486              	.LASF10:
 1487 01f3 75696E74 		.ascii	"uint16\000"
 1487      313600
 1488              	.LASF35:
 1489 01fa 55534246 		.ascii	"USBFS_DEVICE0_CONFIGURATION0_EP_SETTINGS_TABLE\000"
 1489      535F4445 
 1489      56494345 
 1489      305F434F 
 1489      4E464947 
 1490              	.LASF33:
 1491 0229 55534246 		.ascii	"USBFS_DEVICE0_CONFIGURATION0_DESCR\000"
 1491      535F4445 
 1491      56494345 
 1491      305F434F 
 1491      4E464947 
 1492              	.LASF5:
 1493 024c 6C6F6E67 		.ascii	"long unsigned int\000"
 1493      20756E73 
 1493      69676E65 
 1493      6420696E 
 1493      7400
 1494              	.LASF8:
 1495 025e 756E7369 		.ascii	"unsigned int\000"
 1495      676E6564 
 1495      20696E74 
 1495      00
 1496              	.LASF7:
 1497 026b 6C6F6E67 		.ascii	"long long unsigned int\000"
 1497      206C6F6E 
 1497      6720756E 
 1497      7369676E 
 1497      65642069 
 1498              	.LASF30:
 1499 0282 705F6C69 		.ascii	"p_list\000"
 1499      737400
 1500              	.LASF22:
 1501 0289 545F5553 		.ascii	"T_USBFS_EP_SETTINGS_BLOCK\000"
 1501      4246535F 
 1501      45505F53 
 1501      45545449 
ARM GAS  C:\Users\TERENC~1\AppData\Local\Temp\ccIvUHCj.s 			page 29


 1501      4E47535F 
 1502              	.LASF48:
 1503 02a3 474E5520 		.ascii	"GNU C11 5.4.1 20160609 (release) [ARM/embedded-5-br"
 1503      43313120 
 1503      352E342E 
 1503      31203230 
 1503      31363036 
 1504 02d6 616E6368 		.ascii	"anch revision 237715] -mcpu=cortex-m0 -mthumb -g -O"
 1504      20726576 
 1504      6973696F 
 1504      6E203233 
 1504      37373135 
 1505 0309 67202D66 		.ascii	"g -ffunction-sections -ffat-lto-objects\000"
 1505      66756E63 
 1505      74696F6E 
 1505      2D736563 
 1505      74696F6E 
 1506              	.LASF1:
 1507 0331 756E7369 		.ascii	"unsigned char\000"
 1507      676E6564 
 1507      20636861 
 1507      7200
 1508              	.LASF15:
 1509 033f 73697A65 		.ascii	"sizetype\000"
 1509      74797065 
 1509      00
 1510              	.LASF6:
 1511 0348 6C6F6E67 		.ascii	"long long int\000"
 1511      206C6F6E 
 1511      6720696E 
 1511      7400
 1512              	.LASF31:
 1513 0356 545F5553 		.ascii	"T_USBFS_LUT\000"
 1513      4246535F 
 1513      4C555400 
 1514              	.LASF13:
 1515 0362 63686172 		.ascii	"char\000"
 1515      00
 1516              	.LASF50:
 1517 0367 433A5C64 		.ascii	"C:\\dev\\git\\Icebreaker\\Icebreaker.cydsn\000"
 1517      65765C67 
 1517      69745C49 
 1517      63656272 
 1517      65616B65 
 1518              	.LASF20:
 1519 038e 62756666 		.ascii	"bufferSize\000"
 1519      65725369 
 1519      7A6500
 1520              	.LASF2:
 1521 0399 73686F72 		.ascii	"short int\000"
 1521      7420696E 
 1521      7400
 1522              	.LASF44:
 1523 03a3 55534246 		.ascii	"USBFS_HIDREPORT_DESCRIPTOR1\000"
 1523      535F4849 
 1523      44524550 
 1523      4F52545F 
ARM GAS  C:\Users\TERENC~1\AppData\Local\Temp\ccIvUHCj.s 			page 30


 1523      44455343 
 1524              	.LASF9:
 1525 03bf 75696E74 		.ascii	"uint8\000"
 1525      3800
 1526              	.LASF46:
 1527 03c5 55534246 		.ascii	"USBFS_DEVICE0_CONFIGURATION0_INTERFACE3_ALTERNATE0_"
 1527      535F4445 
 1527      56494345 
 1527      305F434F 
 1527      4E464947 
 1528 03f8 4849445F 		.ascii	"HID_TABLE\000"
 1528      5441424C 
 1528      4500
 1529              	.LASF16:
 1530 0402 696E7465 		.ascii	"interface\000"
 1530      72666163 
 1530      6500
 1531              	.LASF47:
 1532 040c 55534246 		.ascii	"USBFS_idSerialNumberStringDescriptor\000"
 1532      535F6964 
 1532      53657269 
 1532      616C4E75 
 1532      6D626572 
 1533              	.LASF4:
 1534 0431 6C6F6E67 		.ascii	"long int\000"
 1534      20696E74 
 1534      00
 1535              	.LASF14:
 1536 043a 6C6F6E67 		.ascii	"long double\000"
 1536      20646F75 
 1536      626C6500 
 1537              	.LASF0:
 1538 0446 7369676E 		.ascii	"signed char\000"
 1538      65642063 
 1538      68617200 
 1539              	.LASF42:
 1540 0452 55534246 		.ascii	"USBFS_DEVICE0_CONFIGURATION0_INTERFACE3_ALTERNATE0_"
 1540      535F4445 
 1540      56494345 
 1540      305F434F 
 1540      4E464947 
 1541 0485 4849445F 		.ascii	"HID_IN_RPT_SCB\000"
 1541      494E5F52 
 1541      50545F53 
 1541      434200
 1542              	.LASF24:
 1543 0494 6C656E67 		.ascii	"length\000"
 1543      746800
 1544              	.LASF21:
 1545 049b 624D6973 		.ascii	"bMisc\000"
 1545      6300
 1546              	.LASF25:
 1547 04a1 545F5553 		.ascii	"T_USBFS_XFER_STATUS_BLOCK\000"
 1547      4246535F 
 1547      58464552 
 1547      5F535441 
 1547      5455535F 
ARM GAS  C:\Users\TERENC~1\AppData\Local\Temp\ccIvUHCj.s 			page 31


 1548              		.ident	"GCC: (GNU Tools for ARM Embedded Processors) 5.4.1 20160609 (release) [ARM/embedded-5-bran
