ARM GAS  C:\Users\TERENC~1\AppData\Local\Temp\ccAlHika.s 			page 1


   1              		.syntax unified
   2              		.cpu cortex-m0
   3              		.fpu softvfp
   4              		.eabi_attribute 20, 1
   5              		.eabi_attribute 21, 1
   6              		.eabi_attribute 23, 3
   7              		.eabi_attribute 24, 1
   8              		.eabi_attribute 25, 1
   9              		.eabi_attribute 26, 1
  10              		.eabi_attribute 30, 1
  11              		.eabi_attribute 34, 0
  12              		.eabi_attribute 18, 4
  13              		.thumb
  14              		.syntax unified
  15              		.file	"USBUART_cls.c"
  16              		.text
  17              	.Ltext0:
  18              		.cfi_sections	.debug_frame
  19              		.section	.text.USBUART_DispatchClassRqst,"ax",%progbits
  20              		.align	2
  21              		.global	USBUART_DispatchClassRqst
  22              		.code	16
  23              		.thumb_func
  24              		.type	USBUART_DispatchClassRqst, %function
  25              	USBUART_DispatchClassRqst:
  26              	.LFB1:
  27              		.file 1 "Generated_Source\\PSoC4\\USBUART_cls.c"
   1:Generated_Source\PSoC4/USBUART_cls.c **** /***************************************************************************//**
   2:Generated_Source\PSoC4/USBUART_cls.c **** * \file USBUART_cls.c
   3:Generated_Source\PSoC4/USBUART_cls.c **** * \version 3.10
   4:Generated_Source\PSoC4/USBUART_cls.c **** *
   5:Generated_Source\PSoC4/USBUART_cls.c **** * \brief
   6:Generated_Source\PSoC4/USBUART_cls.c **** *  This file contains the USB Class request handler.
   7:Generated_Source\PSoC4/USBUART_cls.c **** *
   8:Generated_Source\PSoC4/USBUART_cls.c **** ********************************************************************************
   9:Generated_Source\PSoC4/USBUART_cls.c **** * \copyright
  10:Generated_Source\PSoC4/USBUART_cls.c **** * Copyright 2008-2016, Cypress Semiconductor Corporation.  All rights reserved.
  11:Generated_Source\PSoC4/USBUART_cls.c **** * You may use this file only in accordance with the license, terms, conditions,
  12:Generated_Source\PSoC4/USBUART_cls.c **** * disclaimers, and limitations in the end user license agreement accompanying
  13:Generated_Source\PSoC4/USBUART_cls.c **** * the software package with which this file was provided.
  14:Generated_Source\PSoC4/USBUART_cls.c **** *******************************************************************************/
  15:Generated_Source\PSoC4/USBUART_cls.c **** 
  16:Generated_Source\PSoC4/USBUART_cls.c **** #include "USBUART_pvt.h"
  17:Generated_Source\PSoC4/USBUART_cls.c **** #include "cyapicallbacks.h"
  18:Generated_Source\PSoC4/USBUART_cls.c **** 
  19:Generated_Source\PSoC4/USBUART_cls.c **** #if(USBUART_EXTERN_CLS == USBUART_FALSE)
  20:Generated_Source\PSoC4/USBUART_cls.c **** 
  21:Generated_Source\PSoC4/USBUART_cls.c **** /***************************************
  22:Generated_Source\PSoC4/USBUART_cls.c **** * User Implemented Class Driver Declarations.
  23:Generated_Source\PSoC4/USBUART_cls.c **** ***************************************/
  24:Generated_Source\PSoC4/USBUART_cls.c **** /* `#START USER_DEFINED_CLASS_DECLARATIONS` Place your declaration here */
  25:Generated_Source\PSoC4/USBUART_cls.c **** 
  26:Generated_Source\PSoC4/USBUART_cls.c **** /* `#END` */
  27:Generated_Source\PSoC4/USBUART_cls.c **** 
  28:Generated_Source\PSoC4/USBUART_cls.c **** 
  29:Generated_Source\PSoC4/USBUART_cls.c **** /*******************************************************************************
  30:Generated_Source\PSoC4/USBUART_cls.c **** * Function Name: USBUART_DispatchClassRqst
ARM GAS  C:\Users\TERENC~1\AppData\Local\Temp\ccAlHika.s 			page 2


  31:Generated_Source\PSoC4/USBUART_cls.c **** ****************************************************************************//**
  32:Generated_Source\PSoC4/USBUART_cls.c **** *  This routine dispatches class specific requests depend on interface class.
  33:Generated_Source\PSoC4/USBUART_cls.c **** *
  34:Generated_Source\PSoC4/USBUART_cls.c **** * \return
  35:Generated_Source\PSoC4/USBUART_cls.c **** *  requestHandled.
  36:Generated_Source\PSoC4/USBUART_cls.c **** *
  37:Generated_Source\PSoC4/USBUART_cls.c **** * \reentrant
  38:Generated_Source\PSoC4/USBUART_cls.c **** *  No.
  39:Generated_Source\PSoC4/USBUART_cls.c **** *
  40:Generated_Source\PSoC4/USBUART_cls.c **** *******************************************************************************/
  41:Generated_Source\PSoC4/USBUART_cls.c **** uint8 USBUART_DispatchClassRqst(void) 
  42:Generated_Source\PSoC4/USBUART_cls.c **** {
  28              		.loc 1 42 0
  29              		.cfi_startproc
  30              		@ args = 0, pretend = 0, frame = 0
  31              		@ frame_needed = 0, uses_anonymous_args = 0
  32 0000 10B5     		push	{r4, lr}
  33              		.cfi_def_cfa_offset 8
  34              		.cfi_offset 4, -8
  35              		.cfi_offset 14, -4
  43:Generated_Source\PSoC4/USBUART_cls.c ****     uint8 requestHandled;
  44:Generated_Source\PSoC4/USBUART_cls.c ****     uint8 interfaceNumber;
  45:Generated_Source\PSoC4/USBUART_cls.c **** 
  46:Generated_Source\PSoC4/USBUART_cls.c ****     /* Get interface to which request is intended. */
  47:Generated_Source\PSoC4/USBUART_cls.c ****     switch (USBUART_bmRequestTypeReg & USBUART_RQST_RCPT_MASK)
  36              		.loc 1 47 0
  37 0002 144B     		ldr	r3, .L12
  38 0004 1B68     		ldr	r3, [r3]
  39 0006 0322     		movs	r2, #3
  40 0008 1340     		ands	r3, r2
  41 000a 012B     		cmp	r3, #1
  42 000c 02D0     		beq	.L3
  43 000e 022B     		cmp	r3, #2
  44 0010 04D0     		beq	.L4
  45 0012 0FE0     		b	.L10
  46              	.L3:
  48:Generated_Source\PSoC4/USBUART_cls.c ****     {
  49:Generated_Source\PSoC4/USBUART_cls.c ****         case USBUART_RQST_RCPT_IFC:
  50:Generated_Source\PSoC4/USBUART_cls.c ****             /* Class-specific request directed to interface: wIndexLoReg 
  51:Generated_Source\PSoC4/USBUART_cls.c ****             * contains interface number.
  52:Generated_Source\PSoC4/USBUART_cls.c ****             */
  53:Generated_Source\PSoC4/USBUART_cls.c ****             interfaceNumber = (uint8) USBUART_wIndexLoReg;
  47              		.loc 1 53 0
  48 0014 0F4B     		ldr	r3, .L12
  49 0016 1B69     		ldr	r3, [r3, #16]
  50 0018 DBB2     		uxtb	r3, r3
  51              	.LVL0:
  54:Generated_Source\PSoC4/USBUART_cls.c ****             break;
  52              		.loc 1 54 0
  53 001a 0CE0     		b	.L2
  54              	.LVL1:
  55              	.L4:
  55:Generated_Source\PSoC4/USBUART_cls.c ****         
  56:Generated_Source\PSoC4/USBUART_cls.c ****         case USBUART_RQST_RCPT_EP:
  57:Generated_Source\PSoC4/USBUART_cls.c ****             /* Class-specific request directed to endpoint: wIndexLoReg contains 
  58:Generated_Source\PSoC4/USBUART_cls.c ****             * endpoint number. Find interface related to endpoint, 
  59:Generated_Source\PSoC4/USBUART_cls.c ****             */
ARM GAS  C:\Users\TERENC~1\AppData\Local\Temp\ccAlHika.s 			page 3


  60:Generated_Source\PSoC4/USBUART_cls.c ****             interfaceNumber = USBUART_EP[USBUART_wIndexLoReg & USBUART_DIR_UNUSED].interface;
  56              		.loc 1 60 0
  57 001c 0D4B     		ldr	r3, .L12
  58 001e 1B69     		ldr	r3, [r3, #16]
  59 0020 7F22     		movs	r2, #127
  60 0022 1340     		ands	r3, r2
  61 0024 5A00     		lsls	r2, r3, #1
  62 0026 D318     		adds	r3, r2, r3
  63 0028 9A00     		lsls	r2, r3, #2
  64 002a 0B4B     		ldr	r3, .L12+4
  65 002c 9A18     		adds	r2, r3, r2
  66 002e 937A     		ldrb	r3, [r2, #10]
  67 0030 DBB2     		uxtb	r3, r3
  68              	.LVL2:
  61:Generated_Source\PSoC4/USBUART_cls.c ****             break;
  69              		.loc 1 61 0
  70 0032 00E0     		b	.L2
  71              	.LVL3:
  72              	.L10:
  62:Generated_Source\PSoC4/USBUART_cls.c ****             
  63:Generated_Source\PSoC4/USBUART_cls.c ****         default:
  64:Generated_Source\PSoC4/USBUART_cls.c ****             /* Default interface is zero. */
  65:Generated_Source\PSoC4/USBUART_cls.c ****             interfaceNumber = 0u;
  73              		.loc 1 65 0
  74 0034 0023     		movs	r3, #0
  75              	.L2:
  76              	.LVL4:
  66:Generated_Source\PSoC4/USBUART_cls.c ****             break;
  67:Generated_Source\PSoC4/USBUART_cls.c ****     }
  68:Generated_Source\PSoC4/USBUART_cls.c **** 
  69:Generated_Source\PSoC4/USBUART_cls.c **** #if (defined(USBUART_ENABLE_HID_CLASS) ||\
  70:Generated_Source\PSoC4/USBUART_cls.c ****             defined(USBUART_ENABLE_AUDIO_CLASS) ||\
  71:Generated_Source\PSoC4/USBUART_cls.c ****             defined(USBUART_ENABLE_CDC_CLASS) ||\
  72:Generated_Source\PSoC4/USBUART_cls.c ****             USBUART_ENABLE_MSC_CLASS)
  73:Generated_Source\PSoC4/USBUART_cls.c **** 
  74:Generated_Source\PSoC4/USBUART_cls.c ****     /* Handle class request depends on interface type. */
  75:Generated_Source\PSoC4/USBUART_cls.c ****     switch (USBUART_interfaceClass[interfaceNumber])
  77              		.loc 1 75 0
  78 0036 094A     		ldr	r2, .L12+8
  79 0038 1268     		ldr	r2, [r2]
  80 003a D35C     		ldrb	r3, [r2, r3]
  81              	.LVL5:
  82 003c 022B     		cmp	r3, #2
  83 003e 04D0     		beq	.L6
  84 0040 032B     		cmp	r3, #3
  85 0042 05D1     		bne	.L11
  76:Generated_Source\PSoC4/USBUART_cls.c ****     {
  77:Generated_Source\PSoC4/USBUART_cls.c ****     #if defined(USBUART_ENABLE_HID_CLASS)
  78:Generated_Source\PSoC4/USBUART_cls.c ****         case USBUART_CLASS_HID:
  79:Generated_Source\PSoC4/USBUART_cls.c ****             requestHandled = USBUART_DispatchHIDClassRqst();
  86              		.loc 1 79 0
  87 0044 FFF7FEFF 		bl	USBUART_DispatchHIDClassRqst
  88              	.LVL6:
  80:Generated_Source\PSoC4/USBUART_cls.c ****             break;
  89              		.loc 1 80 0
  90 0048 03E0     		b	.L5
  91              	.LVL7:
ARM GAS  C:\Users\TERENC~1\AppData\Local\Temp\ccAlHika.s 			page 4


  92              	.L6:
  81:Generated_Source\PSoC4/USBUART_cls.c ****     #endif /* (USBUART_ENABLE_HID_CLASS) */
  82:Generated_Source\PSoC4/USBUART_cls.c ****             
  83:Generated_Source\PSoC4/USBUART_cls.c ****     #if defined(USBUART_ENABLE_AUDIO_CLASS)
  84:Generated_Source\PSoC4/USBUART_cls.c ****         case USBUART_CLASS_AUDIO:
  85:Generated_Source\PSoC4/USBUART_cls.c ****             requestHandled = USBUART_DispatchAUDIOClassRqst();
  86:Generated_Source\PSoC4/USBUART_cls.c ****             break;
  87:Generated_Source\PSoC4/USBUART_cls.c ****     #endif /* (USBUART_CLASS_AUDIO) */
  88:Generated_Source\PSoC4/USBUART_cls.c ****             
  89:Generated_Source\PSoC4/USBUART_cls.c ****     #if defined(USBUART_ENABLE_CDC_CLASS)
  90:Generated_Source\PSoC4/USBUART_cls.c ****         case USBUART_CLASS_CDC:
  91:Generated_Source\PSoC4/USBUART_cls.c ****             requestHandled = USBUART_DispatchCDCClassRqst();
  93              		.loc 1 91 0
  94 004a FFF7FEFF 		bl	USBUART_DispatchCDCClassRqst
  95              	.LVL8:
  92:Generated_Source\PSoC4/USBUART_cls.c ****             break;
  96              		.loc 1 92 0
  97 004e 00E0     		b	.L5
  98              	.LVL9:
  99              	.L11:
  93:Generated_Source\PSoC4/USBUART_cls.c ****     #endif /* (USBUART_ENABLE_CDC_CLASS) */
  94:Generated_Source\PSoC4/USBUART_cls.c ****         
  95:Generated_Source\PSoC4/USBUART_cls.c ****     #if (USBUART_ENABLE_MSC_CLASS)
  96:Generated_Source\PSoC4/USBUART_cls.c ****         case USBUART_CLASS_MSD:
  97:Generated_Source\PSoC4/USBUART_cls.c ****         #if (USBUART_HANDLE_MSC_REQUESTS)
  98:Generated_Source\PSoC4/USBUART_cls.c ****             /* MSC requests are handled by the component. */
  99:Generated_Source\PSoC4/USBUART_cls.c ****             requestHandled = USBUART_DispatchMSCClassRqst();
 100:Generated_Source\PSoC4/USBUART_cls.c ****         #elif defined(USBUART_DISPATCH_MSC_CLASS_RQST_CALLBACK)
 101:Generated_Source\PSoC4/USBUART_cls.c ****             /* MSC requests are handled by user defined callbcak. */
 102:Generated_Source\PSoC4/USBUART_cls.c ****             requestHandled = USBUART_DispatchMSCClassRqst_Callback();
 103:Generated_Source\PSoC4/USBUART_cls.c ****         #else
 104:Generated_Source\PSoC4/USBUART_cls.c ****             /* MSC requests are not handled. */
 105:Generated_Source\PSoC4/USBUART_cls.c ****             requestHandled = USBUART_FALSE;
 106:Generated_Source\PSoC4/USBUART_cls.c ****         #endif /* (USBUART_HANDLE_MSC_REQUESTS) */
 107:Generated_Source\PSoC4/USBUART_cls.c ****             break;
 108:Generated_Source\PSoC4/USBUART_cls.c ****     #endif /* (USBUART_ENABLE_MSC_CLASS) */
 109:Generated_Source\PSoC4/USBUART_cls.c ****         
 110:Generated_Source\PSoC4/USBUART_cls.c ****         default:
 111:Generated_Source\PSoC4/USBUART_cls.c ****             /* Request is not handled: unknown class request type. */
 112:Generated_Source\PSoC4/USBUART_cls.c ****             requestHandled = USBUART_FALSE;
 100              		.loc 1 112 0
 101 0050 0020     		movs	r0, #0
 102              	.L5:
 103              	.LVL10:
 113:Generated_Source\PSoC4/USBUART_cls.c ****             break;
 114:Generated_Source\PSoC4/USBUART_cls.c ****     }
 115:Generated_Source\PSoC4/USBUART_cls.c **** #else /*No class is defined*/
 116:Generated_Source\PSoC4/USBUART_cls.c ****     if (0u != interfaceNumber)
 117:Generated_Source\PSoC4/USBUART_cls.c ****     {
 118:Generated_Source\PSoC4/USBUART_cls.c ****         /* Suppress warning message */
 119:Generated_Source\PSoC4/USBUART_cls.c ****     }
 120:Generated_Source\PSoC4/USBUART_cls.c ****     requestHandled = USBUART_FALSE;
 121:Generated_Source\PSoC4/USBUART_cls.c **** #endif /*HID or AUDIO or MSC or CDC class enabled*/
 122:Generated_Source\PSoC4/USBUART_cls.c **** 
 123:Generated_Source\PSoC4/USBUART_cls.c ****     /* `#START USER_DEFINED_CLASS_CODE` Place your Class request here */
 124:Generated_Source\PSoC4/USBUART_cls.c **** 
 125:Generated_Source\PSoC4/USBUART_cls.c ****     /* `#END` */
ARM GAS  C:\Users\TERENC~1\AppData\Local\Temp\ccAlHika.s 			page 5


 126:Generated_Source\PSoC4/USBUART_cls.c **** 
 127:Generated_Source\PSoC4/USBUART_cls.c **** #ifdef USBUART_DISPATCH_CLASS_RQST_CALLBACK
 128:Generated_Source\PSoC4/USBUART_cls.c ****     if (USBUART_FALSE == requestHandled)
 129:Generated_Source\PSoC4/USBUART_cls.c ****     {
 130:Generated_Source\PSoC4/USBUART_cls.c ****         requestHandled = USBUART_DispatchClassRqst_Callback(interfaceNumber);
 131:Generated_Source\PSoC4/USBUART_cls.c ****     }
 132:Generated_Source\PSoC4/USBUART_cls.c **** #endif /* (USBUART_DISPATCH_CLASS_RQST_CALLBACK) */
 133:Generated_Source\PSoC4/USBUART_cls.c **** 
 134:Generated_Source\PSoC4/USBUART_cls.c ****     return (requestHandled);
 135:Generated_Source\PSoC4/USBUART_cls.c **** }
 104              		.loc 1 135 0
 105              		@ sp needed
 106 0052 10BD     		pop	{r4, pc}
 107              	.L13:
 108              		.align	2
 109              	.L12:
 110 0054 00002C40 		.word	1076625408
 111 0058 00000000 		.word	USBUART_EP
 112 005c 00000000 		.word	USBUART_interfaceClass
 113              		.cfi_endproc
 114              	.LFE1:
 115              		.size	USBUART_DispatchClassRqst, .-USBUART_DispatchClassRqst
 116              		.text
 117              	.Letext0:
 118              		.file 2 "Generated_Source\\PSoC4\\cytypes.h"
 119              		.file 3 "Generated_Source\\PSoC4\\USBUART.h"
 120              		.file 4 "Generated_Source\\PSoC4\\USBUART_pvt.h"
 121              		.section	.debug_info,"",%progbits
 122              	.Ldebug_info0:
 123 0000 FA010000 		.4byte	0x1fa
 124 0004 0400     		.2byte	0x4
 125 0006 00000000 		.4byte	.Ldebug_abbrev0
 126 000a 04       		.byte	0x4
 127 000b 01       		.uleb128 0x1
 128 000c 9A010000 		.4byte	.LASF35
 129 0010 0C       		.byte	0xc
 130 0011 1D000000 		.4byte	.LASF36
 131 0015 D1000000 		.4byte	.LASF37
 132 0019 00000000 		.4byte	.Ldebug_ranges0+0
 133 001d 00000000 		.4byte	0
 134 0021 00000000 		.4byte	.Ldebug_line0
 135 0025 02       		.uleb128 0x2
 136 0026 01       		.byte	0x1
 137 0027 06       		.byte	0x6
 138 0028 A9020000 		.4byte	.LASF0
 139 002c 02       		.uleb128 0x2
 140 002d 01       		.byte	0x1
 141 002e 08       		.byte	0x8
 142 002f C3000000 		.4byte	.LASF1
 143 0033 02       		.uleb128 0x2
 144 0034 02       		.byte	0x2
 145 0035 05       		.byte	0x5
 146 0036 63020000 		.4byte	.LASF2
 147 003a 02       		.uleb128 0x2
 148 003b 02       		.byte	0x2
 149 003c 07       		.byte	0x7
 150 003d 42000000 		.4byte	.LASF3
ARM GAS  C:\Users\TERENC~1\AppData\Local\Temp\ccAlHika.s 			page 6


 151 0041 02       		.uleb128 0x2
 152 0042 04       		.byte	0x4
 153 0043 05       		.byte	0x5
 154 0044 7D020000 		.4byte	.LASF4
 155 0048 02       		.uleb128 0x2
 156 0049 04       		.byte	0x4
 157 004a 07       		.byte	0x7
 158 004b 9C000000 		.4byte	.LASF5
 159 004f 02       		.uleb128 0x2
 160 0050 08       		.byte	0x8
 161 0051 05       		.byte	0x5
 162 0052 38020000 		.4byte	.LASF6
 163 0056 02       		.uleb128 0x2
 164 0057 08       		.byte	0x8
 165 0058 07       		.byte	0x7
 166 0059 5F010000 		.4byte	.LASF7
 167 005d 03       		.uleb128 0x3
 168 005e 04       		.byte	0x4
 169 005f 05       		.byte	0x5
 170 0060 696E7400 		.ascii	"int\000"
 171 0064 02       		.uleb128 0x2
 172 0065 04       		.byte	0x4
 173 0066 07       		.byte	0x7
 174 0067 52010000 		.4byte	.LASF8
 175 006b 04       		.uleb128 0x4
 176 006c 6D020000 		.4byte	.LASF9
 177 0070 02       		.byte	0x2
 178 0071 E401     		.2byte	0x1e4
 179 0073 2C000000 		.4byte	0x2c
 180 0077 04       		.uleb128 0x4
 181 0078 39010000 		.4byte	.LASF10
 182 007c 02       		.byte	0x2
 183 007d E501     		.2byte	0x1e5
 184 007f 3A000000 		.4byte	0x3a
 185 0083 04       		.uleb128 0x4
 186 0084 4B010000 		.4byte	.LASF11
 187 0088 02       		.byte	0x2
 188 0089 E601     		.2byte	0x1e6
 189 008b 48000000 		.4byte	0x48
 190 008f 02       		.uleb128 0x2
 191 0090 04       		.byte	0x4
 192 0091 04       		.byte	0x4
 193 0092 82000000 		.4byte	.LASF12
 194 0096 02       		.uleb128 0x2
 195 0097 08       		.byte	0x8
 196 0098 04       		.byte	0x4
 197 0099 F8000000 		.4byte	.LASF13
 198 009d 02       		.uleb128 0x2
 199 009e 01       		.byte	0x1
 200 009f 08       		.byte	0x8
 201 00a0 46020000 		.4byte	.LASF14
 202 00a4 02       		.uleb128 0x2
 203 00a5 08       		.byte	0x8
 204 00a6 04       		.byte	0x4
 205 00a7 9D020000 		.4byte	.LASF15
 206 00ab 02       		.uleb128 0x2
 207 00ac 04       		.byte	0x4
ARM GAS  C:\Users\TERENC~1\AppData\Local\Temp\ccAlHika.s 			page 7


 208 00ad 07       		.byte	0x7
 209 00ae 28020000 		.4byte	.LASF16
 210 00b2 05       		.uleb128 0x5
 211 00b3 0C       		.byte	0xc
 212 00b4 03       		.byte	0x3
 213 00b5 92       		.byte	0x92
 214 00b6 27010000 		.4byte	0x127
 215 00ba 06       		.uleb128 0x6
 216 00bb FF000000 		.4byte	.LASF17
 217 00bf 03       		.byte	0x3
 218 00c0 94       		.byte	0x94
 219 00c1 6B000000 		.4byte	0x6b
 220 00c5 00       		.byte	0
 221 00c6 06       		.uleb128 0x6
 222 00c7 40010000 		.4byte	.LASF18
 223 00cb 03       		.byte	0x3
 224 00cc 95       		.byte	0x95
 225 00cd 6B000000 		.4byte	0x6b
 226 00d1 01       		.byte	0x1
 227 00d2 06       		.uleb128 0x6
 228 00d3 76010000 		.4byte	.LASF19
 229 00d7 03       		.byte	0x3
 230 00d8 96       		.byte	0x96
 231 00d9 6B000000 		.4byte	0x6b
 232 00dd 02       		.byte	0x2
 233 00de 06       		.uleb128 0x6
 234 00df 88000000 		.4byte	.LASF20
 235 00e3 03       		.byte	0x3
 236 00e4 97       		.byte	0x97
 237 00e5 6B000000 		.4byte	0x6b
 238 00e9 03       		.byte	0x3
 239 00ea 06       		.uleb128 0x6
 240 00eb AE000000 		.4byte	.LASF21
 241 00ef 03       		.byte	0x3
 242 00f0 98       		.byte	0x98
 243 00f1 6B000000 		.4byte	0x6b
 244 00f5 04       		.byte	0x4
 245 00f6 06       		.uleb128 0x6
 246 00f7 31020000 		.4byte	.LASF22
 247 00fb 03       		.byte	0x3
 248 00fc 99       		.byte	0x99
 249 00fd 6B000000 		.4byte	0x6b
 250 0101 05       		.byte	0x5
 251 0102 06       		.uleb128 0x6
 252 0103 06010000 		.4byte	.LASF23
 253 0107 03       		.byte	0x3
 254 0108 9A       		.byte	0x9a
 255 0109 77000000 		.4byte	0x77
 256 010d 06       		.byte	0x6
 257 010e 06       		.uleb128 0x6
 258 010f 11010000 		.4byte	.LASF24
 259 0113 03       		.byte	0x3
 260 0114 9B       		.byte	0x9b
 261 0115 77000000 		.4byte	0x77
 262 0119 08       		.byte	0x8
 263 011a 06       		.uleb128 0x6
 264 011b 73020000 		.4byte	.LASF25
ARM GAS  C:\Users\TERENC~1\AppData\Local\Temp\ccAlHika.s 			page 8


 265 011f 03       		.byte	0x3
 266 0120 9C       		.byte	0x9c
 267 0121 6B000000 		.4byte	0x6b
 268 0125 0A       		.byte	0xa
 269 0126 00       		.byte	0
 270 0127 07       		.uleb128 0x7
 271 0128 86020000 		.4byte	.LASF26
 272 012c 03       		.byte	0x3
 273 012d 9D       		.byte	0x9d
 274 012e B2000000 		.4byte	0xb2
 275 0132 05       		.uleb128 0x5
 276 0133 20       		.byte	0x20
 277 0134 03       		.byte	0x3
 278 0135 CA       		.byte	0xca
 279 0136 47010000 		.4byte	0x147
 280 013a 06       		.uleb128 0x6
 281 013b 6C000000 		.4byte	.LASF27
 282 013f 03       		.byte	0x3
 283 0140 CC       		.byte	0xcc
 284 0141 47010000 		.4byte	0x147
 285 0145 00       		.byte	0
 286 0146 00       		.byte	0
 287 0147 08       		.uleb128 0x8
 288 0148 83000000 		.4byte	0x83
 289 014c 57010000 		.4byte	0x157
 290 0150 09       		.uleb128 0x9
 291 0151 AB000000 		.4byte	0xab
 292 0155 07       		.byte	0x7
 293 0156 00       		.byte	0
 294 0157 07       		.uleb128 0x7
 295 0158 4B020000 		.4byte	.LASF28
 296 015c 03       		.byte	0x3
 297 015d CD       		.byte	0xcd
 298 015e 32010000 		.4byte	0x132
 299 0162 0A       		.uleb128 0xa
 300 0163 80010000 		.4byte	.LASF38
 301 0167 01       		.byte	0x1
 302 0168 29       		.byte	0x29
 303 0169 6B000000 		.4byte	0x6b
 304 016d 00000000 		.4byte	.LFB1
 305 0171 60000000 		.4byte	.LFE1-.LFB1
 306 0175 01       		.uleb128 0x1
 307 0176 9C       		.byte	0x9c
 308 0177 AC010000 		.4byte	0x1ac
 309 017b 0B       		.uleb128 0xb
 310 017c 73000000 		.4byte	.LASF29
 311 0180 01       		.byte	0x1
 312 0181 2B       		.byte	0x2b
 313 0182 6B000000 		.4byte	0x6b
 314 0186 00000000 		.4byte	.LLST0
 315 018a 0B       		.uleb128 0xb
 316 018b B3000000 		.4byte	.LASF30
 317 018f 01       		.byte	0x1
 318 0190 2C       		.byte	0x2c
 319 0191 6B000000 		.4byte	0x6b
 320 0195 29000000 		.4byte	.LLST1
 321 0199 0C       		.uleb128 0xc
ARM GAS  C:\Users\TERENC~1\AppData\Local\Temp\ccAlHika.s 			page 9


 322 019a 48000000 		.4byte	.LVL6
 323 019e E7010000 		.4byte	0x1e7
 324 01a2 0C       		.uleb128 0xc
 325 01a3 4E000000 		.4byte	.LVL8
 326 01a7 F2010000 		.4byte	0x1f2
 327 01ab 00       		.byte	0
 328 01ac 0D       		.uleb128 0xd
 329 01ad 55000000 		.4byte	.LASF31
 330 01b1 04       		.byte	0x4
 331 01b2 78       		.byte	0x78
 332 01b3 B7010000 		.4byte	0x1b7
 333 01b7 0E       		.uleb128 0xe
 334 01b8 04       		.byte	0x4
 335 01b9 BD010000 		.4byte	0x1bd
 336 01bd 0F       		.uleb128 0xf
 337 01be 6B000000 		.4byte	0x6b
 338 01c2 08       		.uleb128 0x8
 339 01c3 D2010000 		.4byte	0x1d2
 340 01c7 D2010000 		.4byte	0x1d2
 341 01cb 09       		.uleb128 0x9
 342 01cc AB000000 		.4byte	0xab
 343 01d0 08       		.byte	0x8
 344 01d1 00       		.byte	0
 345 01d2 10       		.uleb128 0x10
 346 01d3 27010000 		.4byte	0x127
 347 01d7 0D       		.uleb128 0xd
 348 01d8 91000000 		.4byte	.LASF32
 349 01dc 04       		.byte	0x4
 350 01dd 7A       		.byte	0x7a
 351 01de E2010000 		.4byte	0x1e2
 352 01e2 10       		.uleb128 0x10
 353 01e3 C2010000 		.4byte	0x1c2
 354 01e7 11       		.uleb128 0x11
 355 01e8 00000000 		.4byte	.LASF33
 356 01ec 00000000 		.4byte	.LASF33
 357 01f0 04       		.byte	0x4
 358 01f1 D7       		.byte	0xd7
 359 01f2 11       		.uleb128 0x11
 360 01f3 1C010000 		.4byte	.LASF34
 361 01f7 1C010000 		.4byte	.LASF34
 362 01fb 04       		.byte	0x4
 363 01fc DF       		.byte	0xdf
 364 01fd 00       		.byte	0
 365              		.section	.debug_abbrev,"",%progbits
 366              	.Ldebug_abbrev0:
 367 0000 01       		.uleb128 0x1
 368 0001 11       		.uleb128 0x11
 369 0002 01       		.byte	0x1
 370 0003 25       		.uleb128 0x25
 371 0004 0E       		.uleb128 0xe
 372 0005 13       		.uleb128 0x13
 373 0006 0B       		.uleb128 0xb
 374 0007 03       		.uleb128 0x3
 375 0008 0E       		.uleb128 0xe
 376 0009 1B       		.uleb128 0x1b
 377 000a 0E       		.uleb128 0xe
 378 000b 55       		.uleb128 0x55
ARM GAS  C:\Users\TERENC~1\AppData\Local\Temp\ccAlHika.s 			page 10


 379 000c 17       		.uleb128 0x17
 380 000d 11       		.uleb128 0x11
 381 000e 01       		.uleb128 0x1
 382 000f 10       		.uleb128 0x10
 383 0010 17       		.uleb128 0x17
 384 0011 00       		.byte	0
 385 0012 00       		.byte	0
 386 0013 02       		.uleb128 0x2
 387 0014 24       		.uleb128 0x24
 388 0015 00       		.byte	0
 389 0016 0B       		.uleb128 0xb
 390 0017 0B       		.uleb128 0xb
 391 0018 3E       		.uleb128 0x3e
 392 0019 0B       		.uleb128 0xb
 393 001a 03       		.uleb128 0x3
 394 001b 0E       		.uleb128 0xe
 395 001c 00       		.byte	0
 396 001d 00       		.byte	0
 397 001e 03       		.uleb128 0x3
 398 001f 24       		.uleb128 0x24
 399 0020 00       		.byte	0
 400 0021 0B       		.uleb128 0xb
 401 0022 0B       		.uleb128 0xb
 402 0023 3E       		.uleb128 0x3e
 403 0024 0B       		.uleb128 0xb
 404 0025 03       		.uleb128 0x3
 405 0026 08       		.uleb128 0x8
 406 0027 00       		.byte	0
 407 0028 00       		.byte	0
 408 0029 04       		.uleb128 0x4
 409 002a 16       		.uleb128 0x16
 410 002b 00       		.byte	0
 411 002c 03       		.uleb128 0x3
 412 002d 0E       		.uleb128 0xe
 413 002e 3A       		.uleb128 0x3a
 414 002f 0B       		.uleb128 0xb
 415 0030 3B       		.uleb128 0x3b
 416 0031 05       		.uleb128 0x5
 417 0032 49       		.uleb128 0x49
 418 0033 13       		.uleb128 0x13
 419 0034 00       		.byte	0
 420 0035 00       		.byte	0
 421 0036 05       		.uleb128 0x5
 422 0037 13       		.uleb128 0x13
 423 0038 01       		.byte	0x1
 424 0039 0B       		.uleb128 0xb
 425 003a 0B       		.uleb128 0xb
 426 003b 3A       		.uleb128 0x3a
 427 003c 0B       		.uleb128 0xb
 428 003d 3B       		.uleb128 0x3b
 429 003e 0B       		.uleb128 0xb
 430 003f 01       		.uleb128 0x1
 431 0040 13       		.uleb128 0x13
 432 0041 00       		.byte	0
 433 0042 00       		.byte	0
 434 0043 06       		.uleb128 0x6
 435 0044 0D       		.uleb128 0xd
ARM GAS  C:\Users\TERENC~1\AppData\Local\Temp\ccAlHika.s 			page 11


 436 0045 00       		.byte	0
 437 0046 03       		.uleb128 0x3
 438 0047 0E       		.uleb128 0xe
 439 0048 3A       		.uleb128 0x3a
 440 0049 0B       		.uleb128 0xb
 441 004a 3B       		.uleb128 0x3b
 442 004b 0B       		.uleb128 0xb
 443 004c 49       		.uleb128 0x49
 444 004d 13       		.uleb128 0x13
 445 004e 38       		.uleb128 0x38
 446 004f 0B       		.uleb128 0xb
 447 0050 00       		.byte	0
 448 0051 00       		.byte	0
 449 0052 07       		.uleb128 0x7
 450 0053 16       		.uleb128 0x16
 451 0054 00       		.byte	0
 452 0055 03       		.uleb128 0x3
 453 0056 0E       		.uleb128 0xe
 454 0057 3A       		.uleb128 0x3a
 455 0058 0B       		.uleb128 0xb
 456 0059 3B       		.uleb128 0x3b
 457 005a 0B       		.uleb128 0xb
 458 005b 49       		.uleb128 0x49
 459 005c 13       		.uleb128 0x13
 460 005d 00       		.byte	0
 461 005e 00       		.byte	0
 462 005f 08       		.uleb128 0x8
 463 0060 01       		.uleb128 0x1
 464 0061 01       		.byte	0x1
 465 0062 49       		.uleb128 0x49
 466 0063 13       		.uleb128 0x13
 467 0064 01       		.uleb128 0x1
 468 0065 13       		.uleb128 0x13
 469 0066 00       		.byte	0
 470 0067 00       		.byte	0
 471 0068 09       		.uleb128 0x9
 472 0069 21       		.uleb128 0x21
 473 006a 00       		.byte	0
 474 006b 49       		.uleb128 0x49
 475 006c 13       		.uleb128 0x13
 476 006d 2F       		.uleb128 0x2f
 477 006e 0B       		.uleb128 0xb
 478 006f 00       		.byte	0
 479 0070 00       		.byte	0
 480 0071 0A       		.uleb128 0xa
 481 0072 2E       		.uleb128 0x2e
 482 0073 01       		.byte	0x1
 483 0074 3F       		.uleb128 0x3f
 484 0075 19       		.uleb128 0x19
 485 0076 03       		.uleb128 0x3
 486 0077 0E       		.uleb128 0xe
 487 0078 3A       		.uleb128 0x3a
 488 0079 0B       		.uleb128 0xb
 489 007a 3B       		.uleb128 0x3b
 490 007b 0B       		.uleb128 0xb
 491 007c 27       		.uleb128 0x27
 492 007d 19       		.uleb128 0x19
ARM GAS  C:\Users\TERENC~1\AppData\Local\Temp\ccAlHika.s 			page 12


 493 007e 49       		.uleb128 0x49
 494 007f 13       		.uleb128 0x13
 495 0080 11       		.uleb128 0x11
 496 0081 01       		.uleb128 0x1
 497 0082 12       		.uleb128 0x12
 498 0083 06       		.uleb128 0x6
 499 0084 40       		.uleb128 0x40
 500 0085 18       		.uleb128 0x18
 501 0086 9742     		.uleb128 0x2117
 502 0088 19       		.uleb128 0x19
 503 0089 01       		.uleb128 0x1
 504 008a 13       		.uleb128 0x13
 505 008b 00       		.byte	0
 506 008c 00       		.byte	0
 507 008d 0B       		.uleb128 0xb
 508 008e 34       		.uleb128 0x34
 509 008f 00       		.byte	0
 510 0090 03       		.uleb128 0x3
 511 0091 0E       		.uleb128 0xe
 512 0092 3A       		.uleb128 0x3a
 513 0093 0B       		.uleb128 0xb
 514 0094 3B       		.uleb128 0x3b
 515 0095 0B       		.uleb128 0xb
 516 0096 49       		.uleb128 0x49
 517 0097 13       		.uleb128 0x13
 518 0098 02       		.uleb128 0x2
 519 0099 17       		.uleb128 0x17
 520 009a 00       		.byte	0
 521 009b 00       		.byte	0
 522 009c 0C       		.uleb128 0xc
 523 009d 898201   		.uleb128 0x4109
 524 00a0 00       		.byte	0
 525 00a1 11       		.uleb128 0x11
 526 00a2 01       		.uleb128 0x1
 527 00a3 31       		.uleb128 0x31
 528 00a4 13       		.uleb128 0x13
 529 00a5 00       		.byte	0
 530 00a6 00       		.byte	0
 531 00a7 0D       		.uleb128 0xd
 532 00a8 34       		.uleb128 0x34
 533 00a9 00       		.byte	0
 534 00aa 03       		.uleb128 0x3
 535 00ab 0E       		.uleb128 0xe
 536 00ac 3A       		.uleb128 0x3a
 537 00ad 0B       		.uleb128 0xb
 538 00ae 3B       		.uleb128 0x3b
 539 00af 0B       		.uleb128 0xb
 540 00b0 49       		.uleb128 0x49
 541 00b1 13       		.uleb128 0x13
 542 00b2 3F       		.uleb128 0x3f
 543 00b3 19       		.uleb128 0x19
 544 00b4 3C       		.uleb128 0x3c
 545 00b5 19       		.uleb128 0x19
 546 00b6 00       		.byte	0
 547 00b7 00       		.byte	0
 548 00b8 0E       		.uleb128 0xe
 549 00b9 0F       		.uleb128 0xf
ARM GAS  C:\Users\TERENC~1\AppData\Local\Temp\ccAlHika.s 			page 13


 550 00ba 00       		.byte	0
 551 00bb 0B       		.uleb128 0xb
 552 00bc 0B       		.uleb128 0xb
 553 00bd 49       		.uleb128 0x49
 554 00be 13       		.uleb128 0x13
 555 00bf 00       		.byte	0
 556 00c0 00       		.byte	0
 557 00c1 0F       		.uleb128 0xf
 558 00c2 26       		.uleb128 0x26
 559 00c3 00       		.byte	0
 560 00c4 49       		.uleb128 0x49
 561 00c5 13       		.uleb128 0x13
 562 00c6 00       		.byte	0
 563 00c7 00       		.byte	0
 564 00c8 10       		.uleb128 0x10
 565 00c9 35       		.uleb128 0x35
 566 00ca 00       		.byte	0
 567 00cb 49       		.uleb128 0x49
 568 00cc 13       		.uleb128 0x13
 569 00cd 00       		.byte	0
 570 00ce 00       		.byte	0
 571 00cf 11       		.uleb128 0x11
 572 00d0 2E       		.uleb128 0x2e
 573 00d1 00       		.byte	0
 574 00d2 3F       		.uleb128 0x3f
 575 00d3 19       		.uleb128 0x19
 576 00d4 3C       		.uleb128 0x3c
 577 00d5 19       		.uleb128 0x19
 578 00d6 6E       		.uleb128 0x6e
 579 00d7 0E       		.uleb128 0xe
 580 00d8 03       		.uleb128 0x3
 581 00d9 0E       		.uleb128 0xe
 582 00da 3A       		.uleb128 0x3a
 583 00db 0B       		.uleb128 0xb
 584 00dc 3B       		.uleb128 0x3b
 585 00dd 0B       		.uleb128 0xb
 586 00de 00       		.byte	0
 587 00df 00       		.byte	0
 588 00e0 00       		.byte	0
 589              		.section	.debug_loc,"",%progbits
 590              	.Ldebug_loc0:
 591              	.LLST0:
 592 0000 48000000 		.4byte	.LVL6
 593 0004 4A000000 		.4byte	.LVL7
 594 0008 0100     		.2byte	0x1
 595 000a 50       		.byte	0x50
 596 000b 4E000000 		.4byte	.LVL8
 597 000f 50000000 		.4byte	.LVL9
 598 0013 0100     		.2byte	0x1
 599 0015 50       		.byte	0x50
 600 0016 52000000 		.4byte	.LVL10
 601 001a 60000000 		.4byte	.LFE1
 602 001e 0100     		.2byte	0x1
 603 0020 50       		.byte	0x50
 604 0021 00000000 		.4byte	0
 605 0025 00000000 		.4byte	0
 606              	.LLST1:
ARM GAS  C:\Users\TERENC~1\AppData\Local\Temp\ccAlHika.s 			page 14


 607 0029 1A000000 		.4byte	.LVL0
 608 002d 1C000000 		.4byte	.LVL1
 609 0031 0100     		.2byte	0x1
 610 0033 53       		.byte	0x53
 611 0034 32000000 		.4byte	.LVL2
 612 0038 34000000 		.4byte	.LVL3
 613 003c 0100     		.2byte	0x1
 614 003e 53       		.byte	0x53
 615 003f 36000000 		.4byte	.LVL4
 616 0043 3C000000 		.4byte	.LVL5
 617 0047 0100     		.2byte	0x1
 618 0049 53       		.byte	0x53
 619 004a 00000000 		.4byte	0
 620 004e 00000000 		.4byte	0
 621              		.section	.debug_aranges,"",%progbits
 622 0000 1C000000 		.4byte	0x1c
 623 0004 0200     		.2byte	0x2
 624 0006 00000000 		.4byte	.Ldebug_info0
 625 000a 04       		.byte	0x4
 626 000b 00       		.byte	0
 627 000c 0000     		.2byte	0
 628 000e 0000     		.2byte	0
 629 0010 00000000 		.4byte	.LFB1
 630 0014 60000000 		.4byte	.LFE1-.LFB1
 631 0018 00000000 		.4byte	0
 632 001c 00000000 		.4byte	0
 633              		.section	.debug_ranges,"",%progbits
 634              	.Ldebug_ranges0:
 635 0000 00000000 		.4byte	.LFB1
 636 0004 60000000 		.4byte	.LFE1
 637 0008 00000000 		.4byte	0
 638 000c 00000000 		.4byte	0
 639              		.section	.debug_line,"",%progbits
 640              	.Ldebug_line0:
 641 0000 90000000 		.section	.debug_str,"MS",%progbits,1
 641      02006600 
 641      00000201 
 641      FB0E0D00 
 641      01010101 
 642              	.LASF33:
 643 0000 55534255 		.ascii	"USBUART_DispatchHIDClassRqst\000"
 643      4152545F 
 643      44697370 
 643      61746368 
 643      48494443 
 644              	.LASF36:
 645 001d 47656E65 		.ascii	"Generated_Source\\PSoC4\\USBUART_cls.c\000"
 645      72617465 
 645      645F536F 
 645      75726365 
 645      5C50536F 
 646              	.LASF3:
 647 0042 73686F72 		.ascii	"short unsigned int\000"
 647      7420756E 
 647      7369676E 
 647      65642069 
 647      6E7400
ARM GAS  C:\Users\TERENC~1\AppData\Local\Temp\ccAlHika.s 			page 15


 648              	.LASF31:
 649 0055 55534255 		.ascii	"USBUART_interfaceClass\000"
 649      4152545F 
 649      696E7465 
 649      72666163 
 649      65436C61 
 650              	.LASF27:
 651 006c 65704461 		.ascii	"epData\000"
 651      746100
 652              	.LASF29:
 653 0073 72657175 		.ascii	"requestHandled\000"
 653      65737448 
 653      616E646C 
 653      656400
 654              	.LASF12:
 655 0082 666C6F61 		.ascii	"float\000"
 655      7400
 656              	.LASF20:
 657 0088 6570546F 		.ascii	"epToggle\000"
 657      67676C65 
 657      00
 658              	.LASF32:
 659 0091 55534255 		.ascii	"USBUART_EP\000"
 659      4152545F 
 659      455000
 660              	.LASF5:
 661 009c 6C6F6E67 		.ascii	"long unsigned int\000"
 661      20756E73 
 661      69676E65 
 661      6420696E 
 661      7400
 662              	.LASF21:
 663 00ae 61646472 		.ascii	"addr\000"
 663      00
 664              	.LASF30:
 665 00b3 696E7465 		.ascii	"interfaceNumber\000"
 665      72666163 
 665      654E756D 
 665      62657200 
 666              	.LASF1:
 667 00c3 756E7369 		.ascii	"unsigned char\000"
 667      676E6564 
 667      20636861 
 667      7200
 668              	.LASF37:
 669 00d1 433A5C64 		.ascii	"C:\\dev\\git\\icebreaker\\Icebreaker.cydsn\000"
 669      65765C67 
 669      69745C69 
 669      63656272 
 669      65616B65 
 670              	.LASF13:
 671 00f8 646F7562 		.ascii	"double\000"
 671      6C6500
 672              	.LASF17:
 673 00ff 61747472 		.ascii	"attrib\000"
 673      696200
 674              	.LASF23:
ARM GAS  C:\Users\TERENC~1\AppData\Local\Temp\ccAlHika.s 			page 16


 675 0106 62756666 		.ascii	"buffOffset\000"
 675      4F666673 
 675      657400
 676              	.LASF24:
 677 0111 62756666 		.ascii	"bufferSize\000"
 677      65725369 
 677      7A6500
 678              	.LASF34:
 679 011c 55534255 		.ascii	"USBUART_DispatchCDCClassRqst\000"
 679      4152545F 
 679      44697370 
 679      61746368 
 679      43444343 
 680              	.LASF10:
 681 0139 75696E74 		.ascii	"uint16\000"
 681      313600
 682              	.LASF18:
 683 0140 61706945 		.ascii	"apiEpState\000"
 683      70537461 
 683      746500
 684              	.LASF11:
 685 014b 75696E74 		.ascii	"uint32\000"
 685      333200
 686              	.LASF8:
 687 0152 756E7369 		.ascii	"unsigned int\000"
 687      676E6564 
 687      20696E74 
 687      00
 688              	.LASF7:
 689 015f 6C6F6E67 		.ascii	"long long unsigned int\000"
 689      206C6F6E 
 689      6720756E 
 689      7369676E 
 689      65642069 
 690              	.LASF19:
 691 0176 68774570 		.ascii	"hwEpState\000"
 691      53746174 
 691      6500
 692              	.LASF38:
 693 0180 55534255 		.ascii	"USBUART_DispatchClassRqst\000"
 693      4152545F 
 693      44697370 
 693      61746368 
 693      436C6173 
 694              	.LASF35:
 695 019a 474E5520 		.ascii	"GNU C11 5.4.1 20160609 (release) [ARM/embedded-5-br"
 695      43313120 
 695      352E342E 
 695      31203230 
 695      31363036 
 696 01cd 616E6368 		.ascii	"anch revision 237715] -mcpu=cortex-m0 -mthumb -g -O"
 696      20726576 
 696      6973696F 
 696      6E203233 
 696      37373135 
 697 0200 67202D66 		.ascii	"g -ffunction-sections -ffat-lto-objects\000"
 697      66756E63 
ARM GAS  C:\Users\TERENC~1\AppData\Local\Temp\ccAlHika.s 			page 17


 697      74696F6E 
 697      2D736563 
 697      74696F6E 
 698              	.LASF16:
 699 0228 73697A65 		.ascii	"sizetype\000"
 699      74797065 
 699      00
 700              	.LASF22:
 701 0231 65704D6F 		.ascii	"epMode\000"
 701      646500
 702              	.LASF6:
 703 0238 6C6F6E67 		.ascii	"long long int\000"
 703      206C6F6E 
 703      6720696E 
 703      7400
 704              	.LASF14:
 705 0246 63686172 		.ascii	"char\000"
 705      00
 706              	.LASF28:
 707 024b 55534255 		.ascii	"USBUART_ep0_data_struct\000"
 707      4152545F 
 707      6570305F 
 707      64617461 
 707      5F737472 
 708              	.LASF2:
 709 0263 73686F72 		.ascii	"short int\000"
 709      7420696E 
 709      7400
 710              	.LASF9:
 711 026d 75696E74 		.ascii	"uint8\000"
 711      3800
 712              	.LASF25:
 713 0273 696E7465 		.ascii	"interface\000"
 713      72666163 
 713      6500
 714              	.LASF4:
 715 027d 6C6F6E67 		.ascii	"long int\000"
 715      20696E74 
 715      00
 716              	.LASF26:
 717 0286 545F5553 		.ascii	"T_USBUART_EP_CTL_BLOCK\000"
 717      42554152 
 717      545F4550 
 717      5F43544C 
 717      5F424C4F 
 718              	.LASF15:
 719 029d 6C6F6E67 		.ascii	"long double\000"
 719      20646F75 
 719      626C6500 
 720              	.LASF0:
 721 02a9 7369676E 		.ascii	"signed char\000"
 721      65642063 
 721      68617200 
 722              		.ident	"GCC: (GNU Tools for ARM Embedded Processors) 5.4.1 20160609 (release) [ARM/embedded-5-bran
