ARM GAS  C:\Users\Terence\AppData\Local\Temp\ccMe5nBh.s 			page 1


   1              		.cpu cortex-m0
   2              		.fpu softvfp
   3              		.eabi_attribute 20, 1
   4              		.eabi_attribute 21, 1
   5              		.eabi_attribute 23, 3
   6              		.eabi_attribute 24, 1
   7              		.eabi_attribute 25, 1
   8              		.eabi_attribute 26, 1
   9              		.eabi_attribute 30, 1
  10              		.eabi_attribute 34, 0
  11              		.eabi_attribute 18, 4
  12              		.code	16
  13              		.file	"AudioControl.c"
  14              		.text
  15              	.Ltext0:
  16              		.cfi_sections	.debug_frame
  17              		.section	.text.InitAudioPath,"ax",%progbits
  18              		.align	2
  19              		.global	InitAudioPath
  20              		.code	16
  21              		.thumb_func
  22              		.type	InitAudioPath, %function
  23              	InitAudioPath:
  24              	.LFB325:
  25              		.file 1 ".\\AudioControl.c"
   1:.\AudioControl.c **** /*******************************************************************************
   2:.\AudioControl.c **** * File Name: AudioControl.c
   3:.\AudioControl.c **** *
   4:.\AudioControl.c **** * Version 1.0
   5:.\AudioControl.c **** *
   6:.\AudioControl.c **** *  Description: This file contains the Audio signal path configuration and 
   7:.\AudioControl.c **** *               processing code
   8:.\AudioControl.c **** *
   9:.\AudioControl.c **** *******************************************************************************
  10:.\AudioControl.c **** * Copyright (2015), Cypress Semiconductor Corporation.
  11:.\AudioControl.c **** *******************************************************************************
  12:.\AudioControl.c **** * This software, including source code, documentation and related materials
  13:.\AudioControl.c **** * ("Software") is owned by Cypress Semiconductor Corporation (Cypress) and is
  14:.\AudioControl.c **** * protected by and subject to worldwide patent protection (United States and 
  15:.\AudioControl.c **** * foreign), United States copyright laws and international treaty provisions. 
  16:.\AudioControl.c **** * Cypress hereby grants to licensee a personal, non-exclusive, non-transferable
  17:.\AudioControl.c **** * license to copy, use, modify, create derivative works of, and compile the 
  18:.\AudioControl.c **** * Cypress source code and derivative works for the sole purpose of creating 
  19:.\AudioControl.c **** * custom software in support of licensee product, such licensee product to be
  20:.\AudioControl.c **** * used only in conjunction with Cypress's integrated circuit as specified in the
  21:.\AudioControl.c **** * applicable agreement. Any reproduction, modification, translation, compilation,
  22:.\AudioControl.c **** * or representation of this Software except as specified above is prohibited 
  23:.\AudioControl.c **** * without the express written permission of Cypress.
  24:.\AudioControl.c **** * 
  25:.\AudioControl.c **** * Disclaimer: THIS SOFTWARE IS PROVIDED AS-IS, WITH NO WARRANTY OF ANY KIND, 
  26:.\AudioControl.c **** * EXPRESS OR IMPLIED, INCLUDING, BUT NOT LIMITED TO, NONINFRINGEMENT, IMPLIED 
  27:.\AudioControl.c **** * WARRANTIES OF MERCHANTABILITY AND FITNESS FOR A PARTICULAR PURPOSE.
  28:.\AudioControl.c **** * Cypress reserves the right to make changes to the Software without notice. 
  29:.\AudioControl.c **** * Cypress does not assume any liability arising out of the application or use
  30:.\AudioControl.c **** * of Software or any product or circuit described in the Software. Cypress does
  31:.\AudioControl.c **** * not authorize its products for use as critical components in any products 
  32:.\AudioControl.c **** * where a malfunction or failure may reasonably be expected to result in 
ARM GAS  C:\Users\Terence\AppData\Local\Temp\ccMe5nBh.s 			page 2


  33:.\AudioControl.c **** * significant injury or death ("ACTIVE Risk Product"). By including Cypress's 
  34:.\AudioControl.c **** * product in a ACTIVE Risk Product, the manufacturer of such system or application
  35:.\AudioControl.c **** * assumes all risk of such use and in doing so indemnifies Cypress against all
  36:.\AudioControl.c **** * liability. Use of this Software may be limited by and subject to the applicable
  37:.\AudioControl.c **** * Cypress software license agreement.
  38:.\AudioControl.c **** *******************************************************************************/
  39:.\AudioControl.c **** #include <Application.h>
  40:.\AudioControl.c **** #include <AudioControl.h>
  41:.\AudioControl.c **** #include <AudioOut.h>
  42:.\AudioControl.c **** #include <AudioIn.h>
  43:.\AudioControl.c **** #include <Codec.h>
  44:.\AudioControl.c **** #include <Config.h>
  45:.\AudioControl.c **** #include <project.h>
  46:.\AudioControl.c **** #include <Interrupts.h>
  47:.\AudioControl.c **** #include <USBInterface.h>
  48:.\AudioControl.c **** 
  49:.\AudioControl.c **** uint8 newRate = RATE_48KHZ;
  50:.\AudioControl.c **** extern uint8 asyncready;
  51:.\AudioControl.c **** 
  52:.\AudioControl.c **** 
  53:.\AudioControl.c **** extern CYBIT outPlaying;
  54:.\AudioControl.c **** 
  55:.\AudioControl.c **** extern CYBIT inPlaying;
  56:.\AudioControl.c **** 
  57:.\AudioControl.c **** 
  58:.\AudioControl.c **** 
  59:.\AudioControl.c **** uint8 audioClkConfigured = FALSE;
  60:.\AudioControl.c **** uint8 setRate = FREQUENCY_NOT_SET; 
  61:.\AudioControl.c **** uint8 newRate;
  62:.\AudioControl.c **** 
  63:.\AudioControl.c **** /*******************************************************************************
  64:.\AudioControl.c **** * Function Name: InitAudioPath
  65:.\AudioControl.c **** ********************************************************************************
  66:.\AudioControl.c **** * Summary:
  67:.\AudioControl.c **** *       This function sets up the XTAL, DMA and starts USB, I2S and interrupts
  68:.\AudioControl.c **** *        to get the part configured for the audio signal paths
  69:.\AudioControl.c **** *
  70:.\AudioControl.c **** * Parameters:
  71:.\AudioControl.c **** *  void
  72:.\AudioControl.c **** *
  73:.\AudioControl.c **** * Return:
  74:.\AudioControl.c **** *  void
  75:.\AudioControl.c **** *
  76:.\AudioControl.c **** *******************************************************************************/
  77:.\AudioControl.c **** void InitAudioPath(void)
  78:.\AudioControl.c **** {    
  26              		.loc 1 78 0
  27              		.cfi_startproc
  28 0000 08B5     		push	{r3, lr}
  29              		.cfi_def_cfa_offset 8
  30              		.cfi_offset 3, -8
  31              		.cfi_offset 14, -4
  79:.\AudioControl.c ****     /* Set the default Audio clock rate to 48 kHz */
  80:.\AudioControl.c **** 	AudioClkSel_Write(RATE_48KHZ);
  32              		.loc 1 80 0
  33 0002 0020     		mov	r0, #0
  34 0004 FFF7FEFF 		bl	AudioClkSel_Write
ARM GAS  C:\Users\Terence\AppData\Local\Temp\ccMe5nBh.s 			page 3


  35              	.LVL0:
  81:.\AudioControl.c ****     
  82:.\AudioControl.c **** 	/* Enable DMA */
  83:.\AudioControl.c **** 	CyDmaEnable();
  36              		.loc 1 83 0
  37 0008 FFF7FEFF 		bl	CyDmaEnable
  38              	.LVL1:
  84:.\AudioControl.c **** 	
  85:.\AudioControl.c **** 	InitializeAudioInPath();
  39              		.loc 1 85 0
  40 000c FFF7FEFF 		bl	InitializeAudioInPath
  41              	.LVL2:
  86:.\AudioControl.c **** 	InitializeAudioOutPath();
  42              		.loc 1 86 0
  43 0010 FFF7FEFF 		bl	InitializeAudioOutPath
  44              	.LVL3:
  87:.\AudioControl.c **** 
  88:.\AudioControl.c **** 	/* Set TX FIFO trigger to 2 bytes (half-empty) to increase timing margin */
  89:.\AudioControl.c ****     I2S_TX_AUX_CONTROL_REG = I2S_TX_AUX_CONTROL_REG | FIFO_HALF_EMPTY_MASK;
  45              		.loc 1 89 0
  46 0014 0549     		ldr	r1, .L2
  47 0016 0A78     		ldrb	r2, [r1]
  48 0018 0C23     		mov	r3, #12
  49 001a 1A43     		orr	r2, r3
  50 001c D2B2     		uxtb	r2, r2
  51 001e 0A70     		strb	r2, [r1]
  90:.\AudioControl.c ****     
  91:.\AudioControl.c ****     /* Set RX FIFO trigger to 2 bytes (half-empty) to increase timing margin */
  92:.\AudioControl.c ****     I2S_RX_AUX_CONTROL_REG = I2S_RX_AUX_CONTROL_REG | FIFO_HALF_EMPTY_MASK;
  52              		.loc 1 92 0
  53 0020 034A     		ldr	r2, .L2+4
  54 0022 1178     		ldrb	r1, [r2]
  55 0024 0B43     		orr	r3, r1
  56 0026 DBB2     		uxtb	r3, r3
  57 0028 1370     		strb	r3, [r2]
  93:.\AudioControl.c **** }
  58              		.loc 1 93 0
  59              		@ sp needed
  60 002a 08BD     		pop	{r3, pc}
  61              	.L3:
  62              		.align	2
  63              	.L2:
  64 002c 93000F40 		.word	1074725011
  65 0030 95000F40 		.word	1074725013
  66              		.cfi_endproc
  67              	.LFE325:
  68              		.size	InitAudioPath, .-InitAudioPath
  69              		.section	.text.SetClockRate,"ax",%progbits
  70              		.align	2
  71              		.global	SetClockRate
  72              		.code	16
  73              		.thumb_func
  74              		.type	SetClockRate, %function
  75              	SetClockRate:
  76              	.LFB326:
  94:.\AudioControl.c **** 
  95:.\AudioControl.c **** 
ARM GAS  C:\Users\Terence\AppData\Local\Temp\ccMe5nBh.s 			page 4


  96:.\AudioControl.c **** 
  97:.\AudioControl.c **** /*******************************************************************************
  98:.\AudioControl.c **** * Function Name: SetClockRate
  99:.\AudioControl.c **** ********************************************************************************
 100:.\AudioControl.c **** * Summary:
 101:.\AudioControl.c **** *        This function changes the audio clocking to generate clocks for a desired 
 102:.\AudioControl.c **** *        sample rate.
 103:.\AudioControl.c **** *
 104:.\AudioControl.c **** * Parameters:
 105:.\AudioControl.c **** *  newRate: audio sample rate to be set
 106:.\AudioControl.c **** *
 107:.\AudioControl.c **** * Return:
 108:.\AudioControl.c **** *  void
 109:.\AudioControl.c **** *
 110:.\AudioControl.c **** *******************************************************************************/
 111:.\AudioControl.c **** void SetClockRate(uint8 newRate) 
 112:.\AudioControl.c **** {
  77              		.loc 1 112 0
  78              		.cfi_startproc
  79              	.LVL4:
  80 0000 10B5     		push	{r4, lr}
  81              		.cfi_def_cfa_offset 8
  82              		.cfi_offset 4, -8
  83              		.cfi_offset 14, -4
  84 0002 041C     		mov	r4, r0
 113:.\AudioControl.c **** 	/* Stop I2S before changing PLL clock */
 114:.\AudioControl.c **** 	Stop_I2S_Tx();    
  85              		.loc 1 114 0
  86 0004 FFF7FEFF 		bl	Stop_I2S_Tx
  87              	.LVL5:
 115:.\AudioControl.c ****     Stop_I2S_Rx();
  88              		.loc 1 115 0
  89 0008 FFF7FEFF 		bl	Stop_I2S_Rx
  90              	.LVL6:
 116:.\AudioControl.c ****     
 117:.\AudioControl.c **** 	  
 118:.\AudioControl.c **** 	/* Configure Codec and Audio clock */
 119:.\AudioControl.c **** 	Codec_Deactivate();
  91              		.loc 1 119 0
  92 000c FFF7FEFF 		bl	Codec_Deactivate
  93              	.LVL7:
 120:.\AudioControl.c **** 	
 121:.\AudioControl.c **** 	if(newRate == RATE_48KHZ)
  94              		.loc 1 121 0
  95 0010 002C     		cmp	r4, #0
  96 0012 0DD1     		bne	.L5
 122:.\AudioControl.c **** 	{
 123:.\AudioControl.c **** 		CySysClkPllStart(RATE_48KHZ, 1);
  97              		.loc 1 123 0
  98 0014 0020     		mov	r0, #0
  99 0016 0121     		mov	r1, #1
 100 0018 FFF7FEFF 		bl	CySysClkPllStart
 101              	.LVL8:
 124:.\AudioControl.c **** 		CySysClkPllStop(RATE_44KHZ);
 102              		.loc 1 124 0
 103 001c 0120     		mov	r0, #1
 104 001e FFF7FEFF 		bl	CySysClkPllStop
ARM GAS  C:\Users\Terence\AppData\Local\Temp\ccMe5nBh.s 			page 5


 105              	.LVL9:
 125:.\AudioControl.c **** 		AudioClkSel_Write(RATE_48KHZ);
 106              		.loc 1 125 0
 107 0022 0020     		mov	r0, #0
 108 0024 FFF7FEFF 		bl	AudioClkSel_Write
 109              	.LVL10:
 126:.\AudioControl.c **** 		Codec_SetSamplingRate(CODEC_SRATE_NORMAL_48KHZ_256FS);
 110              		.loc 1 126 0
 111 0028 0020     		mov	r0, #0
 112 002a FFF7FEFF 		bl	Codec_SetSamplingRate
 113              	.LVL11:
 114 002e 18E0     		b	.L6
 115              	.L5:
 127:.\AudioControl.c **** 		
 128:.\AudioControl.c **** 	}
 129:.\AudioControl.c **** 	else if(newRate == RATE_44KHZ)
 116              		.loc 1 129 0
 117 0030 012C     		cmp	r4, #1
 118 0032 0DD1     		bne	.L7
 130:.\AudioControl.c **** 	{
 131:.\AudioControl.c **** 		CySysClkPllStart(RATE_44KHZ, 1);
 119              		.loc 1 131 0
 120 0034 0120     		mov	r0, #1
 121 0036 0121     		mov	r1, #1
 122 0038 FFF7FEFF 		bl	CySysClkPllStart
 123              	.LVL12:
 132:.\AudioControl.c **** 		CySysClkPllStop(RATE_48KHZ);
 124              		.loc 1 132 0
 125 003c 0020     		mov	r0, #0
 126 003e FFF7FEFF 		bl	CySysClkPllStop
 127              	.LVL13:
 133:.\AudioControl.c **** 		AudioClkSel_Write(RATE_44KHZ);
 128              		.loc 1 133 0
 129 0042 0120     		mov	r0, #1
 130 0044 FFF7FEFF 		bl	AudioClkSel_Write
 131              	.LVL14:
 134:.\AudioControl.c **** 		Codec_SetSamplingRate(CODEC_SRATE_NORMAL_44KHZ_256FS);		
 132              		.loc 1 134 0
 133 0048 2020     		mov	r0, #32
 134 004a FFF7FEFF 		bl	Codec_SetSamplingRate
 135              	.LVL15:
 136 004e 08E0     		b	.L6
 137              	.L7:
 135:.\AudioControl.c **** 	}
 136:.\AudioControl.c **** 	else
 137:.\AudioControl.c **** 	{
 138:.\AudioControl.c **** 		CySysClkPllStop(RATE_48KHZ);
 138              		.loc 1 138 0
 139 0050 0020     		mov	r0, #0
 140 0052 FFF7FEFF 		bl	CySysClkPllStop
 141              	.LVL16:
 139:.\AudioControl.c **** 		CySysClkPllStop(RATE_44KHZ);		
 142              		.loc 1 139 0
 143 0056 0120     		mov	r0, #1
 144 0058 FFF7FEFF 		bl	CySysClkPllStop
 145              	.LVL17:
 140:.\AudioControl.c **** 		Codec_SetSamplingRate(CODEC_SRATE_NORMAL_48KHZ_256FS);
ARM GAS  C:\Users\Terence\AppData\Local\Temp\ccMe5nBh.s 			page 6


 146              		.loc 1 140 0
 147 005c 0020     		mov	r0, #0
 148 005e FFF7FEFF 		bl	Codec_SetSamplingRate
 149              	.LVL18:
 150              	.L6:
 141:.\AudioControl.c **** 	}
 142:.\AudioControl.c **** 	
 143:.\AudioControl.c **** 	Codec_Activate();	 
 151              		.loc 1 143 0
 152 0062 FFF7FEFF 		bl	Codec_Activate
 153              	.LVL19:
 144:.\AudioControl.c **** 	
 145:.\AudioControl.c ****     /* flag to indicate audio clock active */
 146:.\AudioControl.c ****     audioClkConfigured = TRUE;    
 154              		.loc 1 146 0
 155 0066 0122     		mov	r2, #1
 156 0068 014B     		ldr	r3, .L8
 157 006a 1A70     		strb	r2, [r3]
 147:.\AudioControl.c **** }
 158              		.loc 1 147 0
 159              		@ sp needed
 160 006c 10BD     		pop	{r4, pc}
 161              	.L9:
 162 006e C046     		.align	2
 163              	.L8:
 164 0070 01000000 		.word	.LANCHOR0
 165              		.cfi_endproc
 166              	.LFE326:
 167              		.size	SetClockRate, .-SetClockRate
 168              		.section	.text.HandleSamplingFrequencyChangeRequest,"ax",%progbits
 169              		.align	2
 170              		.global	HandleSamplingFrequencyChangeRequest
 171              		.code	16
 172              		.thumb_func
 173              		.type	HandleSamplingFrequencyChangeRequest, %function
 174              	HandleSamplingFrequencyChangeRequest:
 175              	.LFB327:
 148:.\AudioControl.c ****  
 149:.\AudioControl.c **** /*******************************************************************************
 150:.\AudioControl.c **** * Function Name: HandleSamplingFrequencyChangeRequest
 151:.\AudioControl.c **** ********************************************************************************
 152:.\AudioControl.c **** * Summary:
 153:.\AudioControl.c **** *       This function processes the sampling frequency change request from USB
 154:.\AudioControl.c **** *       host and updates the accessory playback sampling frequency accordingly
 155:.\AudioControl.c **** *
 156:.\AudioControl.c **** * Parameters:
 157:.\AudioControl.c **** *  void
 158:.\AudioControl.c **** *
 159:.\AudioControl.c **** * Return:
 160:.\AudioControl.c **** *  void
 161:.\AudioControl.c **** *
 162:.\AudioControl.c **** *******************************************************************************/
 163:.\AudioControl.c **** void HandleSamplingFrequencyChangeRequest(void)
 164:.\AudioControl.c **** {
 176              		.loc 1 164 0
 177              		.cfi_startproc
 178 0000 10B5     		push	{r4, lr}
ARM GAS  C:\Users\Terence\AppData\Local\Temp\ccMe5nBh.s 			page 7


 179              		.cfi_def_cfa_offset 8
 180              		.cfi_offset 4, -8
 181              		.cfi_offset 14, -4
 165:.\AudioControl.c ****     /* USBFS_frequencyChanged is set by the USB component when a setup token for Sampling frequency
 166:.\AudioControl.c ****      * It takes sometime for the host to actually send the Out token containing the updated samplin
 167:.\AudioControl.c ****      * Wait for USBFS_transferState to be equal to USBFS_TRANS_STATE_IDLE to make sure the updated 
 168:.\AudioControl.c ****      * is used for setting audio clocks */
 169:.\AudioControl.c ****      
 170:.\AudioControl.c ****     if((USBFS_TRANS_STATE_IDLE == USBFS_transferState) && USBFS_frequencyChanged)
 182              		.loc 1 170 0
 183 0002 2B4B     		ldr	r3, .L16
 184 0004 1B78     		ldrb	r3, [r3]
 185 0006 002B     		cmp	r3, #0
 186 0008 51D1     		bne	.L10
 187              		.loc 1 170 0 is_stmt 0 discriminator 1
 188 000a 2A4B     		ldr	r3, .L16+4
 189 000c 1B78     		ldrb	r3, [r3]
 190 000e 002B     		cmp	r3, #0
 191 0010 4DD0     		beq	.L10
 171:.\AudioControl.c ****     {		
 172:.\AudioControl.c ****         if(((!inPlaying) && (!outPlaying)) && ((AUDIO_OUT_ENDPOINT == USBFS_frequencyChanged)		
 192              		.loc 1 172 0 is_stmt 1
 193 0012 294B     		ldr	r3, .L16+8
 194 0014 1B78     		ldrb	r3, [r3]
 195 0016 002B     		cmp	r3, #0
 196 0018 46D1     		bne	.L12
 197              		.loc 1 172 0 is_stmt 0 discriminator 1
 198 001a 284B     		ldr	r3, .L16+12
 199 001c 1B78     		ldrb	r3, [r3]
 200 001e 002B     		cmp	r3, #0
 201 0020 42D1     		bne	.L12
 202              		.loc 1 172 0 discriminator 2
 203 0022 244B     		ldr	r3, .L16+4
 204 0024 1B78     		ldrb	r3, [r3]
 205 0026 012B     		cmp	r3, #1
 206 0028 03D0     		beq	.L13
 173:.\AudioControl.c ****              || (AUDIO_IN_ENDPOINT == USBFS_frequencyChanged)))
 207              		.loc 1 173 0 is_stmt 1
 208 002a 224B     		ldr	r3, .L16+4
 209 002c 1B78     		ldrb	r3, [r3]
 210 002e 022B     		cmp	r3, #2
 211 0030 3AD1     		bne	.L12
 212              	.L13:
 213              	.LBB2:
 174:.\AudioControl.c ****         {
 175:.\AudioControl.c ****             uint32 newFrequency;
 176:.\AudioControl.c ****                         
 177:.\AudioControl.c ****             newFrequency = (((uint32)USBFS_currentSampleFrequency[USBFS_frequencyChanged][2] << 16)
 214              		.loc 1 177 0
 215 0032 2049     		ldr	r1, .L16+4
 216 0034 0B78     		ldrb	r3, [r1]
 217 0036 2248     		ldr	r0, .L16+16
 218 0038 5A00     		lsl	r2, r3, #1
 219 003a D318     		add	r3, r2, r3
 220 003c C318     		add	r3, r0, r3
 221 003e 9B78     		ldrb	r3, [r3, #2]
 222 0040 1C04     		lsl	r4, r3, #16
ARM GAS  C:\Users\Terence\AppData\Local\Temp\ccMe5nBh.s 			page 8


 178:.\AudioControl.c ****                               ((uint32)USBFS_currentSampleFrequency[USBFS_frequencyChanged][1] << 8
 223              		.loc 1 178 0
 224 0042 0A78     		ldrb	r2, [r1]
 225 0044 5300     		lsl	r3, r2, #1
 226 0046 9A18     		add	r2, r3, r2
 227 0048 8218     		add	r2, r0, r2
 228 004a 5378     		ldrb	r3, [r2, #1]
 229 004c 1B02     		lsl	r3, r3, #8
 177:.\AudioControl.c ****                               ((uint32)USBFS_currentSampleFrequency[USBFS_frequencyChanged][1] << 8
 230              		.loc 1 177 0
 231 004e 2343     		orr	r3, r4
 179:.\AudioControl.c ****                               ((uint32)USBFS_currentSampleFrequency[USBFS_frequencyChanged][0]));
 232              		.loc 1 179 0
 233 0050 0A78     		ldrb	r2, [r1]
 234 0052 5400     		lsl	r4, r2, #1
 235 0054 A218     		add	r2, r4, r2
 236 0056 125C     		ldrb	r2, [r2, r0]
 177:.\AudioControl.c ****                               ((uint32)USBFS_currentSampleFrequency[USBFS_frequencyChanged][1] << 8
 237              		.loc 1 177 0
 238 0058 1343     		orr	r3, r2
 239              	.LVL20:
 180:.\AudioControl.c **** 
 181:.\AudioControl.c **** 			USBFS_frequencyChanged = 0;
 240              		.loc 1 181 0
 241 005a 0022     		mov	r2, #0
 242 005c 0A70     		strb	r2, [r1]
 182:.\AudioControl.c **** 			
 183:.\AudioControl.c ****             if(SAMPLING_RATE_48KHZ == newFrequency)
 243              		.loc 1 183 0
 244 005e 194A     		ldr	r2, .L16+20
 245 0060 9342     		cmp	r3, r2
 246 0062 06D1     		bne	.L14
 184:.\AudioControl.c ****             {
 185:.\AudioControl.c ****                 newRate = RATE_48KHZ;
 247              		.loc 1 185 0
 248 0064 0022     		mov	r2, #0
 249 0066 184B     		ldr	r3, .L16+24
 250              	.LVL21:
 251 0068 1A70     		strb	r2, [r3]
 186:.\AudioControl.c **** 				PRINT("Sampling Rate Change Request: 48 ksps \r\n");
 252              		.loc 1 186 0
 253 006a 1848     		ldr	r0, .L16+28
 254 006c FFF7FEFF 		bl	UART_UartPutString
 255              	.LVL22:
 256 0070 08E0     		b	.L15
 257              	.LVL23:
 258              	.L14:
 187:.\AudioControl.c ****             }
 188:.\AudioControl.c ****             else if(SAMPLING_RATE_44KHZ == newFrequency)
 259              		.loc 1 188 0
 260 0072 174A     		ldr	r2, .L16+32
 261 0074 9342     		cmp	r3, r2
 262 0076 05D1     		bne	.L15
 189:.\AudioControl.c ****             {
 190:.\AudioControl.c ****                 newRate = RATE_44KHZ;
 263              		.loc 1 190 0
 264 0078 0122     		mov	r2, #1
ARM GAS  C:\Users\Terence\AppData\Local\Temp\ccMe5nBh.s 			page 9


 265 007a 134B     		ldr	r3, .L16+24
 266              	.LVL24:
 267 007c 1A70     		strb	r2, [r3]
 191:.\AudioControl.c **** 				PRINT("Sampling Rate Change Request: 44.1 ksps \r\n");
 268              		.loc 1 191 0
 269 007e 1548     		ldr	r0, .L16+36
 270 0080 FFF7FEFF 		bl	UART_UartPutString
 271              	.LVL25:
 272              	.L15:
 192:.\AudioControl.c ****             }
 193:.\AudioControl.c ****                 
 194:.\AudioControl.c ****             if(setRate != newRate)
 273              		.loc 1 194 0
 274 0084 144B     		ldr	r3, .L16+40
 275 0086 1A78     		ldrb	r2, [r3]
 276 0088 0F4B     		ldr	r3, .L16+24
 277 008a 1B78     		ldrb	r3, [r3]
 278 008c 9A42     		cmp	r2, r3
 279 008e 0ED0     		beq	.L10
 195:.\AudioControl.c ****             {   
 196:.\AudioControl.c ****                 setRate = newRate;				
 280              		.loc 1 196 0
 281 0090 114C     		ldr	r4, .L16+40
 282 0092 2370     		strb	r3, [r4]
 197:.\AudioControl.c **** 				processAsyncFeedbackTransfer(DO_NOT_CLEAR_UPDATE_FLAG);
 283              		.loc 1 197 0
 284 0094 0020     		mov	r0, #0
 285 0096 FFF7FEFF 		bl	processAsyncFeedbackTransfer
 286              	.LVL26:
 198:.\AudioControl.c ****                 
 199:.\AudioControl.c ****                 SetClockRate(setRate);
 287              		.loc 1 199 0
 288 009a 2078     		ldrb	r0, [r4]
 289 009c FFF7FEFF 		bl	SetClockRate
 290              	.LVL27:
 200:.\AudioControl.c ****                                 
 201:.\AudioControl.c **** 				asyncready = TRUE;
 291              		.loc 1 201 0
 292 00a0 0122     		mov	r2, #1
 293 00a2 0E4B     		ldr	r3, .L16+44
 294 00a4 1A70     		strb	r2, [r3]
 295 00a6 02E0     		b	.L10
 296              	.L12:
 297              	.LBE2:
 202:.\AudioControl.c ****             }            
 203:.\AudioControl.c ****         }        
 204:.\AudioControl.c ****         else
 205:.\AudioControl.c ****         {
 206:.\AudioControl.c ****             /* If another frequency change request is received when one of the audio stream is stil
 207:.\AudioControl.c ****              * frequency change request */
 208:.\AudioControl.c ****             USBFS_frequencyChanged = 0;
 298              		.loc 1 208 0
 299 00a8 0022     		mov	r2, #0
 300 00aa 024B     		ldr	r3, .L16+4
 301 00ac 1A70     		strb	r2, [r3]
 302              	.L10:
 209:.\AudioControl.c ****         }
ARM GAS  C:\Users\Terence\AppData\Local\Temp\ccMe5nBh.s 			page 10


 210:.\AudioControl.c ****         
 211:.\AudioControl.c ****     }
 212:.\AudioControl.c **** }
 303              		.loc 1 212 0
 304              		@ sp needed
 305 00ae 10BD     		pop	{r4, pc}
 306              	.L17:
 307              		.align	2
 308              	.L16:
 309 00b0 00000000 		.word	USBFS_transferState
 310 00b4 00000000 		.word	USBFS_frequencyChanged
 311 00b8 00000000 		.word	inPlaying
 312 00bc 00000000 		.word	outPlaying
 313 00c0 00000000 		.word	USBFS_currentSampleFrequency
 314 00c4 80BB0000 		.word	48000
 315 00c8 00000000 		.word	newRate
 316 00cc 00000000 		.word	.LC7
 317 00d0 44AC0000 		.word	44100
 318 00d4 2C000000 		.word	.LC9
 319 00d8 00000000 		.word	.LANCHOR1
 320 00dc 00000000 		.word	asyncready
 321              		.cfi_endproc
 322              	.LFE327:
 323              		.size	HandleSamplingFrequencyChangeRequest, .-HandleSamplingFrequencyChangeRequest
 324              		.global	setRate
 325              		.global	audioClkConfigured
 326              		.global	newRate
 327              		.bss
 328              		.type	newRate, %object
 329              		.size	newRate, 1
 330              	newRate:
 331 0000 00       		.space	1
 332              		.data
 333              		.set	.LANCHOR1,. + 0
 334              		.type	setRate, %object
 335              		.size	setRate, 1
 336              	setRate:
 337 0000 FF       		.byte	-1
 338              		.section	.rodata.str1.4,"aMS",%progbits,1
 339              		.align	2
 340              	.LC7:
 341 0000 53616D70 		.ascii	"Sampling Rate Change Request: 48 ksps \015\012\000"
 341      6C696E67 
 341      20526174 
 341      65204368 
 341      616E6765 
 342 0029 000000   		.space	3
 343              	.LC9:
 344 002c 53616D70 		.ascii	"Sampling Rate Change Request: 44.1 ksps \015\012\000"
 344      6C696E67 
 344      20526174 
 344      65204368 
 344      616E6765 
 345 0057 00       		.bss
 346              		.set	.LANCHOR0,. + 0
 347              		.type	audioClkConfigured, %object
 348              		.size	audioClkConfigured, 1
ARM GAS  C:\Users\Terence\AppData\Local\Temp\ccMe5nBh.s 			page 11


 349              	audioClkConfigured:
 350 0001 00       		.space	1
 351              		.text
 352              	.Letext0:
 353              		.file 2 "Generated_Source\\PSoC4/cytypes.h"
 354              		.file 3 "Generated_Source\\PSoC4/USBFS.h"
 355              		.file 4 "Generated_Source\\PSoC4/USBFS_audio.h"
 356              		.file 5 "Generated_Source\\PSoC4/CyDMA.h"
 357              		.file 6 "./AudioIn.h"
 358              		.file 7 "./AudioOut.h"
 359              		.file 8 "Generated_Source\\PSoC4/AudioClkSel.h"
 360              		.file 9 "Generated_Source\\PSoC4/CyLib.h"
 361              		.file 10 "./Codec.h"
 362              		.file 11 "Generated_Source\\PSoC4/UART_SPI_UART.h"
 363              		.file 12 "./USBInterface.h"
 364              		.section	.debug_info,"",%progbits
 365              	.Ldebug_info0:
 366 0000 EC030000 		.4byte	0x3ec
 367 0004 0400     		.2byte	0x4
 368 0006 00000000 		.4byte	.Ldebug_abbrev0
 369 000a 04       		.byte	0x4
 370 000b 01       		.uleb128 0x1
 371 000c 7C020000 		.4byte	.LASF42
 372 0010 01       		.byte	0x1
 373 0011 62000000 		.4byte	.LASF43
 374 0015 81010000 		.4byte	.LASF44
 375 0019 00000000 		.4byte	.Ldebug_ranges0+0
 376 001d 00000000 		.4byte	0
 377 0021 00000000 		.4byte	.Ldebug_line0
 378 0025 02       		.uleb128 0x2
 379 0026 01       		.byte	0x1
 380 0027 06       		.byte	0x6
 381 0028 7F030000 		.4byte	.LASF0
 382 002c 02       		.uleb128 0x2
 383 002d 01       		.byte	0x1
 384 002e 08       		.byte	0x8
 385 002f B5000000 		.4byte	.LASF1
 386 0033 02       		.uleb128 0x2
 387 0034 02       		.byte	0x2
 388 0035 05       		.byte	0x5
 389 0036 12030000 		.4byte	.LASF2
 390 003a 02       		.uleb128 0x2
 391 003b 02       		.byte	0x2
 392 003c 07       		.byte	0x7
 393 003d DA000000 		.4byte	.LASF3
 394 0041 02       		.uleb128 0x2
 395 0042 04       		.byte	0x4
 396 0043 05       		.byte	0x5
 397 0044 1A000000 		.4byte	.LASF4
 398 0048 02       		.uleb128 0x2
 399 0049 04       		.byte	0x4
 400 004a 07       		.byte	0x7
 401 004b C8000000 		.4byte	.LASF5
 402 004f 02       		.uleb128 0x2
 403 0050 08       		.byte	0x8
 404 0051 05       		.byte	0x5
 405 0052 69020000 		.4byte	.LASF6
ARM GAS  C:\Users\Terence\AppData\Local\Temp\ccMe5nBh.s 			page 12


 406 0056 02       		.uleb128 0x2
 407 0057 08       		.byte	0x8
 408 0058 07       		.byte	0x7
 409 0059 6A010000 		.4byte	.LASF7
 410 005d 03       		.uleb128 0x3
 411 005e 04       		.byte	0x4
 412 005f 05       		.byte	0x5
 413 0060 696E7400 		.ascii	"int\000"
 414 0064 02       		.uleb128 0x2
 415 0065 04       		.byte	0x4
 416 0066 07       		.byte	0x7
 417 0067 5D010000 		.4byte	.LASF8
 418 006b 04       		.uleb128 0x4
 419 006c A4000000 		.4byte	.LASF9
 420 0070 02       		.byte	0x2
 421 0071 3801     		.2byte	0x138
 422 0073 2C000000 		.4byte	0x2c
 423 0077 04       		.uleb128 0x4
 424 0078 56010000 		.4byte	.LASF10
 425 007c 02       		.byte	0x2
 426 007d 3A01     		.2byte	0x13a
 427 007f 48000000 		.4byte	0x48
 428 0083 02       		.uleb128 0x2
 429 0084 04       		.byte	0x4
 430 0085 04       		.byte	0x4
 431 0086 14000000 		.4byte	.LASF11
 432 008a 02       		.uleb128 0x2
 433 008b 08       		.byte	0x8
 434 008c 04       		.byte	0x4
 435 008d 0A010000 		.4byte	.LASF12
 436 0091 04       		.uleb128 0x4
 437 0092 63020000 		.4byte	.LASF13
 438 0096 02       		.byte	0x2
 439 0097 4901     		.2byte	0x149
 440 0099 9D000000 		.4byte	0x9d
 441 009d 02       		.uleb128 0x2
 442 009e 01       		.byte	0x1
 443 009f 08       		.byte	0x8
 444 00a0 77020000 		.4byte	.LASF14
 445 00a4 04       		.uleb128 0x4
 446 00a5 3B010000 		.4byte	.LASF15
 447 00a9 02       		.byte	0x2
 448 00aa DA01     		.2byte	0x1da
 449 00ac 48000000 		.4byte	0x48
 450 00b0 04       		.uleb128 0x4
 451 00b1 C3000000 		.4byte	.LASF16
 452 00b5 02       		.byte	0x2
 453 00b6 E201     		.2byte	0x1e2
 454 00b8 BC000000 		.4byte	0xbc
 455 00bc 05       		.uleb128 0x5
 456 00bd 6B000000 		.4byte	0x6b
 457 00c1 02       		.uleb128 0x2
 458 00c2 04       		.byte	0x4
 459 00c3 07       		.byte	0x7
 460 00c4 5A020000 		.4byte	.LASF17
 461 00c8 06       		.uleb128 0x6
 462 00c9 48000000 		.4byte	.LASF18
ARM GAS  C:\Users\Terence\AppData\Local\Temp\ccMe5nBh.s 			page 13


 463 00cd 01       		.byte	0x1
 464 00ce 4D       		.byte	0x4d
 465 00cf 00000000 		.4byte	.LFB325
 466 00d3 34000000 		.4byte	.LFE325-.LFB325
 467 00d7 01       		.uleb128 0x1
 468 00d8 9C       		.byte	0x9c
 469 00d9 0C010000 		.4byte	0x10c
 470 00dd 07       		.uleb128 0x7
 471 00de 08000000 		.4byte	.LVL0
 472 00e2 3B030000 		.4byte	0x33b
 473 00e6 F0000000 		.4byte	0xf0
 474 00ea 08       		.uleb128 0x8
 475 00eb 01       		.uleb128 0x1
 476 00ec 50       		.byte	0x50
 477 00ed 01       		.uleb128 0x1
 478 00ee 30       		.byte	0x30
 479 00ef 00       		.byte	0
 480 00f0 09       		.uleb128 0x9
 481 00f1 0C000000 		.4byte	.LVL1
 482 00f5 4C030000 		.4byte	0x34c
 483 00f9 09       		.uleb128 0x9
 484 00fa 10000000 		.4byte	.LVL2
 485 00fe 53030000 		.4byte	0x353
 486 0102 09       		.uleb128 0x9
 487 0103 14000000 		.4byte	.LVL3
 488 0107 5A030000 		.4byte	0x35a
 489 010b 00       		.byte	0
 490 010c 06       		.uleb128 0x6
 491 010d 2E010000 		.4byte	.LASF19
 492 0111 01       		.byte	0x1
 493 0112 6F       		.byte	0x6f
 494 0113 00000000 		.4byte	.LFB326
 495 0117 74000000 		.4byte	.LFE326-.LFB326
 496 011b 01       		.uleb128 0x1
 497 011c 9C       		.byte	0x9c
 498 011d 31020000 		.4byte	0x231
 499 0121 0A       		.uleb128 0xa
 500 0122 0A030000 		.4byte	.LASF25
 501 0126 01       		.byte	0x1
 502 0127 6F       		.byte	0x6f
 503 0128 6B000000 		.4byte	0x6b
 504 012c 00000000 		.4byte	.LLST0
 505 0130 09       		.uleb128 0x9
 506 0131 08000000 		.4byte	.LVL5
 507 0135 61030000 		.4byte	0x361
 508 0139 09       		.uleb128 0x9
 509 013a 0C000000 		.4byte	.LVL6
 510 013e 68030000 		.4byte	0x368
 511 0142 09       		.uleb128 0x9
 512 0143 10000000 		.4byte	.LVL7
 513 0147 6F030000 		.4byte	0x36f
 514 014b 07       		.uleb128 0x7
 515 014c 1C000000 		.4byte	.LVL8
 516 0150 7A030000 		.4byte	0x37a
 517 0154 63010000 		.4byte	0x163
 518 0158 08       		.uleb128 0x8
 519 0159 01       		.uleb128 0x1
ARM GAS  C:\Users\Terence\AppData\Local\Temp\ccMe5nBh.s 			page 14


 520 015a 51       		.byte	0x51
 521 015b 01       		.uleb128 0x1
 522 015c 31       		.byte	0x31
 523 015d 08       		.uleb128 0x8
 524 015e 01       		.uleb128 0x1
 525 015f 50       		.byte	0x50
 526 0160 01       		.uleb128 0x1
 527 0161 30       		.byte	0x30
 528 0162 00       		.byte	0
 529 0163 07       		.uleb128 0x7
 530 0164 22000000 		.4byte	.LVL9
 531 0168 94030000 		.4byte	0x394
 532 016c 76010000 		.4byte	0x176
 533 0170 08       		.uleb128 0x8
 534 0171 01       		.uleb128 0x1
 535 0172 50       		.byte	0x50
 536 0173 01       		.uleb128 0x1
 537 0174 31       		.byte	0x31
 538 0175 00       		.byte	0
 539 0176 07       		.uleb128 0x7
 540 0177 28000000 		.4byte	.LVL10
 541 017b 3B030000 		.4byte	0x33b
 542 017f 89010000 		.4byte	0x189
 543 0183 08       		.uleb128 0x8
 544 0184 01       		.uleb128 0x1
 545 0185 50       		.byte	0x50
 546 0186 01       		.uleb128 0x1
 547 0187 30       		.byte	0x30
 548 0188 00       		.byte	0
 549 0189 07       		.uleb128 0x7
 550 018a 2E000000 		.4byte	.LVL11
 551 018e A5030000 		.4byte	0x3a5
 552 0192 9C010000 		.4byte	0x19c
 553 0196 08       		.uleb128 0x8
 554 0197 01       		.uleb128 0x1
 555 0198 50       		.byte	0x50
 556 0199 01       		.uleb128 0x1
 557 019a 30       		.byte	0x30
 558 019b 00       		.byte	0
 559 019c 07       		.uleb128 0x7
 560 019d 3C000000 		.4byte	.LVL12
 561 01a1 7A030000 		.4byte	0x37a
 562 01a5 B4010000 		.4byte	0x1b4
 563 01a9 08       		.uleb128 0x8
 564 01aa 01       		.uleb128 0x1
 565 01ab 51       		.byte	0x51
 566 01ac 01       		.uleb128 0x1
 567 01ad 31       		.byte	0x31
 568 01ae 08       		.uleb128 0x8
 569 01af 01       		.uleb128 0x1
 570 01b0 50       		.byte	0x50
 571 01b1 01       		.uleb128 0x1
 572 01b2 31       		.byte	0x31
 573 01b3 00       		.byte	0
 574 01b4 07       		.uleb128 0x7
 575 01b5 42000000 		.4byte	.LVL13
 576 01b9 94030000 		.4byte	0x394
ARM GAS  C:\Users\Terence\AppData\Local\Temp\ccMe5nBh.s 			page 15


 577 01bd C7010000 		.4byte	0x1c7
 578 01c1 08       		.uleb128 0x8
 579 01c2 01       		.uleb128 0x1
 580 01c3 50       		.byte	0x50
 581 01c4 01       		.uleb128 0x1
 582 01c5 30       		.byte	0x30
 583 01c6 00       		.byte	0
 584 01c7 07       		.uleb128 0x7
 585 01c8 48000000 		.4byte	.LVL14
 586 01cc 3B030000 		.4byte	0x33b
 587 01d0 DA010000 		.4byte	0x1da
 588 01d4 08       		.uleb128 0x8
 589 01d5 01       		.uleb128 0x1
 590 01d6 50       		.byte	0x50
 591 01d7 01       		.uleb128 0x1
 592 01d8 31       		.byte	0x31
 593 01d9 00       		.byte	0
 594 01da 07       		.uleb128 0x7
 595 01db 4E000000 		.4byte	.LVL15
 596 01df A5030000 		.4byte	0x3a5
 597 01e3 EE010000 		.4byte	0x1ee
 598 01e7 08       		.uleb128 0x8
 599 01e8 01       		.uleb128 0x1
 600 01e9 50       		.byte	0x50
 601 01ea 02       		.uleb128 0x2
 602 01eb 08       		.byte	0x8
 603 01ec 20       		.byte	0x20
 604 01ed 00       		.byte	0
 605 01ee 07       		.uleb128 0x7
 606 01ef 56000000 		.4byte	.LVL16
 607 01f3 94030000 		.4byte	0x394
 608 01f7 01020000 		.4byte	0x201
 609 01fb 08       		.uleb128 0x8
 610 01fc 01       		.uleb128 0x1
 611 01fd 50       		.byte	0x50
 612 01fe 01       		.uleb128 0x1
 613 01ff 30       		.byte	0x30
 614 0200 00       		.byte	0
 615 0201 07       		.uleb128 0x7
 616 0202 5C000000 		.4byte	.LVL17
 617 0206 94030000 		.4byte	0x394
 618 020a 14020000 		.4byte	0x214
 619 020e 08       		.uleb128 0x8
 620 020f 01       		.uleb128 0x1
 621 0210 50       		.byte	0x50
 622 0211 01       		.uleb128 0x1
 623 0212 31       		.byte	0x31
 624 0213 00       		.byte	0
 625 0214 07       		.uleb128 0x7
 626 0215 62000000 		.4byte	.LVL18
 627 0219 A5030000 		.4byte	0x3a5
 628 021d 27020000 		.4byte	0x227
 629 0221 08       		.uleb128 0x8
 630 0222 01       		.uleb128 0x1
 631 0223 50       		.byte	0x50
 632 0224 01       		.uleb128 0x1
 633 0225 30       		.byte	0x30
ARM GAS  C:\Users\Terence\AppData\Local\Temp\ccMe5nBh.s 			page 16


 634 0226 00       		.byte	0
 635 0227 09       		.uleb128 0x9
 636 0228 66000000 		.4byte	.LVL19
 637 022c BA030000 		.4byte	0x3ba
 638 0230 00       		.byte	0
 639 0231 06       		.uleb128 0x6
 640 0232 23000000 		.4byte	.LASF20
 641 0236 01       		.byte	0x1
 642 0237 A3       		.byte	0xa3
 643 0238 00000000 		.4byte	.LFB327
 644 023c E0000000 		.4byte	.LFE327-.LFB327
 645 0240 01       		.uleb128 0x1
 646 0241 9C       		.byte	0x9c
 647 0242 AA020000 		.4byte	0x2aa
 648 0246 0B       		.uleb128 0xb
 649 0247 32000000 		.4byte	.LBB2
 650 024b 76000000 		.4byte	.LBE2-.LBB2
 651 024f 0C       		.uleb128 0xc
 652 0250 38030000 		.4byte	.LASF45
 653 0254 01       		.byte	0x1
 654 0255 AF       		.byte	0xaf
 655 0256 77000000 		.4byte	0x77
 656 025a 21000000 		.4byte	.LLST1
 657 025e 07       		.uleb128 0x7
 658 025f 70000000 		.4byte	.LVL22
 659 0263 C5030000 		.4byte	0x3c5
 660 0267 75020000 		.4byte	0x275
 661 026b 08       		.uleb128 0x8
 662 026c 01       		.uleb128 0x1
 663 026d 50       		.byte	0x50
 664 026e 05       		.uleb128 0x5
 665 026f 03       		.byte	0x3
 666 0270 00000000 		.4byte	.LC7
 667 0274 00       		.byte	0
 668 0275 07       		.uleb128 0x7
 669 0276 84000000 		.4byte	.LVL25
 670 027a C5030000 		.4byte	0x3c5
 671 027e 8C020000 		.4byte	0x28c
 672 0282 08       		.uleb128 0x8
 673 0283 01       		.uleb128 0x1
 674 0284 50       		.byte	0x50
 675 0285 05       		.uleb128 0x5
 676 0286 03       		.byte	0x3
 677 0287 2C000000 		.4byte	.LC9
 678 028b 00       		.byte	0
 679 028c 07       		.uleb128 0x7
 680 028d 9A000000 		.4byte	.LVL26
 681 0291 E2030000 		.4byte	0x3e2
 682 0295 9F020000 		.4byte	0x29f
 683 0299 08       		.uleb128 0x8
 684 029a 01       		.uleb128 0x1
 685 029b 50       		.byte	0x50
 686 029c 01       		.uleb128 0x1
 687 029d 30       		.byte	0x30
 688 029e 00       		.byte	0
 689 029f 09       		.uleb128 0x9
 690 02a0 A0000000 		.4byte	.LVL27
ARM GAS  C:\Users\Terence\AppData\Local\Temp\ccMe5nBh.s 			page 17


 691 02a4 0C010000 		.4byte	0x10c
 692 02a8 00       		.byte	0
 693 02a9 00       		.byte	0
 694 02aa 0D       		.uleb128 0xd
 695 02ab 73000000 		.4byte	.LASF21
 696 02af 01       		.byte	0x1
 697 02b0 3B       		.byte	0x3b
 698 02b1 6B000000 		.4byte	0x6b
 699 02b5 05       		.uleb128 0x5
 700 02b6 03       		.byte	0x3
 701 02b7 00000000 		.4byte	audioClkConfigured
 702 02bb 0E       		.uleb128 0xe
 703 02bc 00000000 		.4byte	.LASF22
 704 02c0 03       		.byte	0x3
 705 02c1 DB02     		.2byte	0x2db
 706 02c3 BC000000 		.4byte	0xbc
 707 02c7 0F       		.uleb128 0xf
 708 02c8 6B000000 		.4byte	0x6b
 709 02cc DD020000 		.4byte	0x2dd
 710 02d0 10       		.uleb128 0x10
 711 02d1 C1000000 		.4byte	0xc1
 712 02d5 08       		.byte	0x8
 713 02d6 10       		.uleb128 0x10
 714 02d7 C1000000 		.4byte	0xc1
 715 02db 02       		.byte	0x2
 716 02dc 00       		.byte	0
 717 02dd 11       		.uleb128 0x11
 718 02de 11010000 		.4byte	.LASF23
 719 02e2 04       		.byte	0x4
 720 02e3 5B       		.byte	0x5b
 721 02e4 E8020000 		.4byte	0x2e8
 722 02e8 05       		.uleb128 0x5
 723 02e9 C7020000 		.4byte	0x2c7
 724 02ed 11       		.uleb128 0x11
 725 02ee 45030000 		.4byte	.LASF24
 726 02f2 04       		.byte	0x4
 727 02f3 5C       		.byte	0x5c
 728 02f4 BC000000 		.4byte	0xbc
 729 02f8 0D       		.uleb128 0xd
 730 02f9 0A030000 		.4byte	.LASF25
 731 02fd 01       		.byte	0x1
 732 02fe 31       		.byte	0x31
 733 02ff 6B000000 		.4byte	0x6b
 734 0303 05       		.uleb128 0x5
 735 0304 03       		.byte	0x3
 736 0305 00000000 		.4byte	newRate
 737 0309 11       		.uleb128 0x11
 738 030a 99000000 		.4byte	.LASF26
 739 030e 01       		.byte	0x1
 740 030f 32       		.byte	0x32
 741 0310 6B000000 		.4byte	0x6b
 742 0314 11       		.uleb128 0x11
 743 0315 AA000000 		.4byte	.LASF27
 744 0319 01       		.byte	0x1
 745 031a 35       		.byte	0x35
 746 031b 6B000000 		.4byte	0x6b
 747 031f 11       		.uleb128 0x11
ARM GAS  C:\Users\Terence\AppData\Local\Temp\ccMe5nBh.s 			page 18


 748 0320 4C010000 		.4byte	.LASF28
 749 0324 01       		.byte	0x1
 750 0325 37       		.byte	0x37
 751 0326 6B000000 		.4byte	0x6b
 752 032a 0D       		.uleb128 0xd
 753 032b 44010000 		.4byte	.LASF29
 754 032f 01       		.byte	0x1
 755 0330 3C       		.byte	0x3c
 756 0331 6B000000 		.4byte	0x6b
 757 0335 05       		.uleb128 0x5
 758 0336 03       		.byte	0x3
 759 0337 00000000 		.4byte	setRate
 760 033b 12       		.uleb128 0x12
 761 033c 48020000 		.4byte	.LASF35
 762 0340 08       		.byte	0x8
 763 0341 27       		.byte	0x27
 764 0342 4C030000 		.4byte	0x34c
 765 0346 13       		.uleb128 0x13
 766 0347 6B000000 		.4byte	0x6b
 767 034b 00       		.byte	0
 768 034c 14       		.uleb128 0x14
 769 034d 56000000 		.4byte	.LASF30
 770 0351 05       		.byte	0x5
 771 0352 6D       		.byte	0x6d
 772 0353 14       		.uleb128 0x14
 773 0354 9C030000 		.4byte	.LASF31
 774 0358 06       		.byte	0x6
 775 0359 31       		.byte	0x31
 776 035a 14       		.uleb128 0x14
 777 035b 5C030000 		.4byte	.LASF32
 778 035f 07       		.byte	0x7
 779 0360 28       		.byte	0x28
 780 0361 14       		.uleb128 0x14
 781 0362 73030000 		.4byte	.LASF33
 782 0366 07       		.byte	0x7
 783 0367 2A       		.byte	0x2a
 784 0368 14       		.uleb128 0x14
 785 0369 2C030000 		.4byte	.LASF34
 786 036d 06       		.byte	0x6
 787 036e 33       		.byte	0x33
 788 036f 15       		.uleb128 0x15
 789 0370 8B030000 		.4byte	.LASF39
 790 0374 0A       		.byte	0xa
 791 0375 AE       		.byte	0xae
 792 0376 6B000000 		.4byte	0x6b
 793 037a 16       		.uleb128 0x16
 794 037b 12020000 		.4byte	.LASF37
 795 037f 09       		.byte	0x9
 796 0380 97       		.byte	0x97
 797 0381 A4000000 		.4byte	0xa4
 798 0385 94030000 		.4byte	0x394
 799 0389 13       		.uleb128 0x13
 800 038a 77000000 		.4byte	0x77
 801 038e 13       		.uleb128 0x13
 802 038f 77000000 		.4byte	0x77
 803 0393 00       		.byte	0
 804 0394 12       		.uleb128 0x12
ARM GAS  C:\Users\Terence\AppData\Local\Temp\ccMe5nBh.s 			page 19


 805 0395 1C030000 		.4byte	.LASF36
 806 0399 09       		.byte	0x9
 807 039a 98       		.byte	0x98
 808 039b A5030000 		.4byte	0x3a5
 809 039f 13       		.uleb128 0x13
 810 03a0 77000000 		.4byte	0x77
 811 03a4 00       		.byte	0
 812 03a5 16       		.uleb128 0x16
 813 03a6 23020000 		.4byte	.LASF38
 814 03aa 0A       		.byte	0xa
 815 03ab AC       		.byte	0xac
 816 03ac 6B000000 		.4byte	0x6b
 817 03b0 BA030000 		.4byte	0x3ba
 818 03b4 13       		.uleb128 0x13
 819 03b5 6B000000 		.4byte	0x6b
 820 03b9 00       		.byte	0
 821 03ba 15       		.uleb128 0x15
 822 03bb 39020000 		.4byte	.LASF40
 823 03bf 0A       		.byte	0xa
 824 03c0 AD       		.byte	0xad
 825 03c1 6B000000 		.4byte	0x6b
 826 03c5 17       		.uleb128 0x17
 827 03c6 86000000 		.4byte	.LASF41
 828 03ca 0B       		.byte	0xb
 829 03cb 7701     		.2byte	0x177
 830 03cd D7030000 		.4byte	0x3d7
 831 03d1 13       		.uleb128 0x13
 832 03d2 D7030000 		.4byte	0x3d7
 833 03d6 00       		.byte	0
 834 03d7 18       		.uleb128 0x18
 835 03d8 04       		.byte	0x4
 836 03d9 DD030000 		.4byte	0x3dd
 837 03dd 19       		.uleb128 0x19
 838 03de 91000000 		.4byte	0x91
 839 03e2 1A       		.uleb128 0x1a
 840 03e3 ED000000 		.4byte	.LASF46
 841 03e7 0C       		.byte	0xc
 842 03e8 45       		.byte	0x45
 843 03e9 13       		.uleb128 0x13
 844 03ea 77000000 		.4byte	0x77
 845 03ee 00       		.byte	0
 846 03ef 00       		.byte	0
 847              		.section	.debug_abbrev,"",%progbits
 848              	.Ldebug_abbrev0:
 849 0000 01       		.uleb128 0x1
 850 0001 11       		.uleb128 0x11
 851 0002 01       		.byte	0x1
 852 0003 25       		.uleb128 0x25
 853 0004 0E       		.uleb128 0xe
 854 0005 13       		.uleb128 0x13
 855 0006 0B       		.uleb128 0xb
 856 0007 03       		.uleb128 0x3
 857 0008 0E       		.uleb128 0xe
 858 0009 1B       		.uleb128 0x1b
 859 000a 0E       		.uleb128 0xe
 860 000b 55       		.uleb128 0x55
 861 000c 17       		.uleb128 0x17
ARM GAS  C:\Users\Terence\AppData\Local\Temp\ccMe5nBh.s 			page 20


 862 000d 11       		.uleb128 0x11
 863 000e 01       		.uleb128 0x1
 864 000f 10       		.uleb128 0x10
 865 0010 17       		.uleb128 0x17
 866 0011 00       		.byte	0
 867 0012 00       		.byte	0
 868 0013 02       		.uleb128 0x2
 869 0014 24       		.uleb128 0x24
 870 0015 00       		.byte	0
 871 0016 0B       		.uleb128 0xb
 872 0017 0B       		.uleb128 0xb
 873 0018 3E       		.uleb128 0x3e
 874 0019 0B       		.uleb128 0xb
 875 001a 03       		.uleb128 0x3
 876 001b 0E       		.uleb128 0xe
 877 001c 00       		.byte	0
 878 001d 00       		.byte	0
 879 001e 03       		.uleb128 0x3
 880 001f 24       		.uleb128 0x24
 881 0020 00       		.byte	0
 882 0021 0B       		.uleb128 0xb
 883 0022 0B       		.uleb128 0xb
 884 0023 3E       		.uleb128 0x3e
 885 0024 0B       		.uleb128 0xb
 886 0025 03       		.uleb128 0x3
 887 0026 08       		.uleb128 0x8
 888 0027 00       		.byte	0
 889 0028 00       		.byte	0
 890 0029 04       		.uleb128 0x4
 891 002a 16       		.uleb128 0x16
 892 002b 00       		.byte	0
 893 002c 03       		.uleb128 0x3
 894 002d 0E       		.uleb128 0xe
 895 002e 3A       		.uleb128 0x3a
 896 002f 0B       		.uleb128 0xb
 897 0030 3B       		.uleb128 0x3b
 898 0031 05       		.uleb128 0x5
 899 0032 49       		.uleb128 0x49
 900 0033 13       		.uleb128 0x13
 901 0034 00       		.byte	0
 902 0035 00       		.byte	0
 903 0036 05       		.uleb128 0x5
 904 0037 35       		.uleb128 0x35
 905 0038 00       		.byte	0
 906 0039 49       		.uleb128 0x49
 907 003a 13       		.uleb128 0x13
 908 003b 00       		.byte	0
 909 003c 00       		.byte	0
 910 003d 06       		.uleb128 0x6
 911 003e 2E       		.uleb128 0x2e
 912 003f 01       		.byte	0x1
 913 0040 3F       		.uleb128 0x3f
 914 0041 19       		.uleb128 0x19
 915 0042 03       		.uleb128 0x3
 916 0043 0E       		.uleb128 0xe
 917 0044 3A       		.uleb128 0x3a
 918 0045 0B       		.uleb128 0xb
ARM GAS  C:\Users\Terence\AppData\Local\Temp\ccMe5nBh.s 			page 21


 919 0046 3B       		.uleb128 0x3b
 920 0047 0B       		.uleb128 0xb
 921 0048 27       		.uleb128 0x27
 922 0049 19       		.uleb128 0x19
 923 004a 11       		.uleb128 0x11
 924 004b 01       		.uleb128 0x1
 925 004c 12       		.uleb128 0x12
 926 004d 06       		.uleb128 0x6
 927 004e 40       		.uleb128 0x40
 928 004f 18       		.uleb128 0x18
 929 0050 9742     		.uleb128 0x2117
 930 0052 19       		.uleb128 0x19
 931 0053 01       		.uleb128 0x1
 932 0054 13       		.uleb128 0x13
 933 0055 00       		.byte	0
 934 0056 00       		.byte	0
 935 0057 07       		.uleb128 0x7
 936 0058 898201   		.uleb128 0x4109
 937 005b 01       		.byte	0x1
 938 005c 11       		.uleb128 0x11
 939 005d 01       		.uleb128 0x1
 940 005e 31       		.uleb128 0x31
 941 005f 13       		.uleb128 0x13
 942 0060 01       		.uleb128 0x1
 943 0061 13       		.uleb128 0x13
 944 0062 00       		.byte	0
 945 0063 00       		.byte	0
 946 0064 08       		.uleb128 0x8
 947 0065 8A8201   		.uleb128 0x410a
 948 0068 00       		.byte	0
 949 0069 02       		.uleb128 0x2
 950 006a 18       		.uleb128 0x18
 951 006b 9142     		.uleb128 0x2111
 952 006d 18       		.uleb128 0x18
 953 006e 00       		.byte	0
 954 006f 00       		.byte	0
 955 0070 09       		.uleb128 0x9
 956 0071 898201   		.uleb128 0x4109
 957 0074 00       		.byte	0
 958 0075 11       		.uleb128 0x11
 959 0076 01       		.uleb128 0x1
 960 0077 31       		.uleb128 0x31
 961 0078 13       		.uleb128 0x13
 962 0079 00       		.byte	0
 963 007a 00       		.byte	0
 964 007b 0A       		.uleb128 0xa
 965 007c 05       		.uleb128 0x5
 966 007d 00       		.byte	0
 967 007e 03       		.uleb128 0x3
 968 007f 0E       		.uleb128 0xe
 969 0080 3A       		.uleb128 0x3a
 970 0081 0B       		.uleb128 0xb
 971 0082 3B       		.uleb128 0x3b
 972 0083 0B       		.uleb128 0xb
 973 0084 49       		.uleb128 0x49
 974 0085 13       		.uleb128 0x13
 975 0086 02       		.uleb128 0x2
ARM GAS  C:\Users\Terence\AppData\Local\Temp\ccMe5nBh.s 			page 22


 976 0087 17       		.uleb128 0x17
 977 0088 00       		.byte	0
 978 0089 00       		.byte	0
 979 008a 0B       		.uleb128 0xb
 980 008b 0B       		.uleb128 0xb
 981 008c 01       		.byte	0x1
 982 008d 11       		.uleb128 0x11
 983 008e 01       		.uleb128 0x1
 984 008f 12       		.uleb128 0x12
 985 0090 06       		.uleb128 0x6
 986 0091 00       		.byte	0
 987 0092 00       		.byte	0
 988 0093 0C       		.uleb128 0xc
 989 0094 34       		.uleb128 0x34
 990 0095 00       		.byte	0
 991 0096 03       		.uleb128 0x3
 992 0097 0E       		.uleb128 0xe
 993 0098 3A       		.uleb128 0x3a
 994 0099 0B       		.uleb128 0xb
 995 009a 3B       		.uleb128 0x3b
 996 009b 0B       		.uleb128 0xb
 997 009c 49       		.uleb128 0x49
 998 009d 13       		.uleb128 0x13
 999 009e 02       		.uleb128 0x2
 1000 009f 17       		.uleb128 0x17
 1001 00a0 00       		.byte	0
 1002 00a1 00       		.byte	0
 1003 00a2 0D       		.uleb128 0xd
 1004 00a3 34       		.uleb128 0x34
 1005 00a4 00       		.byte	0
 1006 00a5 03       		.uleb128 0x3
 1007 00a6 0E       		.uleb128 0xe
 1008 00a7 3A       		.uleb128 0x3a
 1009 00a8 0B       		.uleb128 0xb
 1010 00a9 3B       		.uleb128 0x3b
 1011 00aa 0B       		.uleb128 0xb
 1012 00ab 49       		.uleb128 0x49
 1013 00ac 13       		.uleb128 0x13
 1014 00ad 3F       		.uleb128 0x3f
 1015 00ae 19       		.uleb128 0x19
 1016 00af 02       		.uleb128 0x2
 1017 00b0 18       		.uleb128 0x18
 1018 00b1 00       		.byte	0
 1019 00b2 00       		.byte	0
 1020 00b3 0E       		.uleb128 0xe
 1021 00b4 34       		.uleb128 0x34
 1022 00b5 00       		.byte	0
 1023 00b6 03       		.uleb128 0x3
 1024 00b7 0E       		.uleb128 0xe
 1025 00b8 3A       		.uleb128 0x3a
 1026 00b9 0B       		.uleb128 0xb
 1027 00ba 3B       		.uleb128 0x3b
 1028 00bb 05       		.uleb128 0x5
 1029 00bc 49       		.uleb128 0x49
 1030 00bd 13       		.uleb128 0x13
 1031 00be 3F       		.uleb128 0x3f
 1032 00bf 19       		.uleb128 0x19
ARM GAS  C:\Users\Terence\AppData\Local\Temp\ccMe5nBh.s 			page 23


 1033 00c0 3C       		.uleb128 0x3c
 1034 00c1 19       		.uleb128 0x19
 1035 00c2 00       		.byte	0
 1036 00c3 00       		.byte	0
 1037 00c4 0F       		.uleb128 0xf
 1038 00c5 01       		.uleb128 0x1
 1039 00c6 01       		.byte	0x1
 1040 00c7 49       		.uleb128 0x49
 1041 00c8 13       		.uleb128 0x13
 1042 00c9 01       		.uleb128 0x1
 1043 00ca 13       		.uleb128 0x13
 1044 00cb 00       		.byte	0
 1045 00cc 00       		.byte	0
 1046 00cd 10       		.uleb128 0x10
 1047 00ce 21       		.uleb128 0x21
 1048 00cf 00       		.byte	0
 1049 00d0 49       		.uleb128 0x49
 1050 00d1 13       		.uleb128 0x13
 1051 00d2 2F       		.uleb128 0x2f
 1052 00d3 0B       		.uleb128 0xb
 1053 00d4 00       		.byte	0
 1054 00d5 00       		.byte	0
 1055 00d6 11       		.uleb128 0x11
 1056 00d7 34       		.uleb128 0x34
 1057 00d8 00       		.byte	0
 1058 00d9 03       		.uleb128 0x3
 1059 00da 0E       		.uleb128 0xe
 1060 00db 3A       		.uleb128 0x3a
 1061 00dc 0B       		.uleb128 0xb
 1062 00dd 3B       		.uleb128 0x3b
 1063 00de 0B       		.uleb128 0xb
 1064 00df 49       		.uleb128 0x49
 1065 00e0 13       		.uleb128 0x13
 1066 00e1 3F       		.uleb128 0x3f
 1067 00e2 19       		.uleb128 0x19
 1068 00e3 3C       		.uleb128 0x3c
 1069 00e4 19       		.uleb128 0x19
 1070 00e5 00       		.byte	0
 1071 00e6 00       		.byte	0
 1072 00e7 12       		.uleb128 0x12
 1073 00e8 2E       		.uleb128 0x2e
 1074 00e9 01       		.byte	0x1
 1075 00ea 3F       		.uleb128 0x3f
 1076 00eb 19       		.uleb128 0x19
 1077 00ec 03       		.uleb128 0x3
 1078 00ed 0E       		.uleb128 0xe
 1079 00ee 3A       		.uleb128 0x3a
 1080 00ef 0B       		.uleb128 0xb
 1081 00f0 3B       		.uleb128 0x3b
 1082 00f1 0B       		.uleb128 0xb
 1083 00f2 27       		.uleb128 0x27
 1084 00f3 19       		.uleb128 0x19
 1085 00f4 3C       		.uleb128 0x3c
 1086 00f5 19       		.uleb128 0x19
 1087 00f6 01       		.uleb128 0x1
 1088 00f7 13       		.uleb128 0x13
 1089 00f8 00       		.byte	0
ARM GAS  C:\Users\Terence\AppData\Local\Temp\ccMe5nBh.s 			page 24


 1090 00f9 00       		.byte	0
 1091 00fa 13       		.uleb128 0x13
 1092 00fb 05       		.uleb128 0x5
 1093 00fc 00       		.byte	0
 1094 00fd 49       		.uleb128 0x49
 1095 00fe 13       		.uleb128 0x13
 1096 00ff 00       		.byte	0
 1097 0100 00       		.byte	0
 1098 0101 14       		.uleb128 0x14
 1099 0102 2E       		.uleb128 0x2e
 1100 0103 00       		.byte	0
 1101 0104 3F       		.uleb128 0x3f
 1102 0105 19       		.uleb128 0x19
 1103 0106 03       		.uleb128 0x3
 1104 0107 0E       		.uleb128 0xe
 1105 0108 3A       		.uleb128 0x3a
 1106 0109 0B       		.uleb128 0xb
 1107 010a 3B       		.uleb128 0x3b
 1108 010b 0B       		.uleb128 0xb
 1109 010c 27       		.uleb128 0x27
 1110 010d 19       		.uleb128 0x19
 1111 010e 3C       		.uleb128 0x3c
 1112 010f 19       		.uleb128 0x19
 1113 0110 00       		.byte	0
 1114 0111 00       		.byte	0
 1115 0112 15       		.uleb128 0x15
 1116 0113 2E       		.uleb128 0x2e
 1117 0114 00       		.byte	0
 1118 0115 3F       		.uleb128 0x3f
 1119 0116 19       		.uleb128 0x19
 1120 0117 03       		.uleb128 0x3
 1121 0118 0E       		.uleb128 0xe
 1122 0119 3A       		.uleb128 0x3a
 1123 011a 0B       		.uleb128 0xb
 1124 011b 3B       		.uleb128 0x3b
 1125 011c 0B       		.uleb128 0xb
 1126 011d 27       		.uleb128 0x27
 1127 011e 19       		.uleb128 0x19
 1128 011f 49       		.uleb128 0x49
 1129 0120 13       		.uleb128 0x13
 1130 0121 3C       		.uleb128 0x3c
 1131 0122 19       		.uleb128 0x19
 1132 0123 00       		.byte	0
 1133 0124 00       		.byte	0
 1134 0125 16       		.uleb128 0x16
 1135 0126 2E       		.uleb128 0x2e
 1136 0127 01       		.byte	0x1
 1137 0128 3F       		.uleb128 0x3f
 1138 0129 19       		.uleb128 0x19
 1139 012a 03       		.uleb128 0x3
 1140 012b 0E       		.uleb128 0xe
 1141 012c 3A       		.uleb128 0x3a
 1142 012d 0B       		.uleb128 0xb
 1143 012e 3B       		.uleb128 0x3b
 1144 012f 0B       		.uleb128 0xb
 1145 0130 27       		.uleb128 0x27
 1146 0131 19       		.uleb128 0x19
ARM GAS  C:\Users\Terence\AppData\Local\Temp\ccMe5nBh.s 			page 25


 1147 0132 49       		.uleb128 0x49
 1148 0133 13       		.uleb128 0x13
 1149 0134 3C       		.uleb128 0x3c
 1150 0135 19       		.uleb128 0x19
 1151 0136 01       		.uleb128 0x1
 1152 0137 13       		.uleb128 0x13
 1153 0138 00       		.byte	0
 1154 0139 00       		.byte	0
 1155 013a 17       		.uleb128 0x17
 1156 013b 2E       		.uleb128 0x2e
 1157 013c 01       		.byte	0x1
 1158 013d 3F       		.uleb128 0x3f
 1159 013e 19       		.uleb128 0x19
 1160 013f 03       		.uleb128 0x3
 1161 0140 0E       		.uleb128 0xe
 1162 0141 3A       		.uleb128 0x3a
 1163 0142 0B       		.uleb128 0xb
 1164 0143 3B       		.uleb128 0x3b
 1165 0144 05       		.uleb128 0x5
 1166 0145 27       		.uleb128 0x27
 1167 0146 19       		.uleb128 0x19
 1168 0147 3C       		.uleb128 0x3c
 1169 0148 19       		.uleb128 0x19
 1170 0149 01       		.uleb128 0x1
 1171 014a 13       		.uleb128 0x13
 1172 014b 00       		.byte	0
 1173 014c 00       		.byte	0
 1174 014d 18       		.uleb128 0x18
 1175 014e 0F       		.uleb128 0xf
 1176 014f 00       		.byte	0
 1177 0150 0B       		.uleb128 0xb
 1178 0151 0B       		.uleb128 0xb
 1179 0152 49       		.uleb128 0x49
 1180 0153 13       		.uleb128 0x13
 1181 0154 00       		.byte	0
 1182 0155 00       		.byte	0
 1183 0156 19       		.uleb128 0x19
 1184 0157 26       		.uleb128 0x26
 1185 0158 00       		.byte	0
 1186 0159 49       		.uleb128 0x49
 1187 015a 13       		.uleb128 0x13
 1188 015b 00       		.byte	0
 1189 015c 00       		.byte	0
 1190 015d 1A       		.uleb128 0x1a
 1191 015e 2E       		.uleb128 0x2e
 1192 015f 01       		.byte	0x1
 1193 0160 3F       		.uleb128 0x3f
 1194 0161 19       		.uleb128 0x19
 1195 0162 03       		.uleb128 0x3
 1196 0163 0E       		.uleb128 0xe
 1197 0164 3A       		.uleb128 0x3a
 1198 0165 0B       		.uleb128 0xb
 1199 0166 3B       		.uleb128 0x3b
 1200 0167 0B       		.uleb128 0xb
 1201 0168 27       		.uleb128 0x27
 1202 0169 19       		.uleb128 0x19
 1203 016a 3C       		.uleb128 0x3c
ARM GAS  C:\Users\Terence\AppData\Local\Temp\ccMe5nBh.s 			page 26


 1204 016b 19       		.uleb128 0x19
 1205 016c 00       		.byte	0
 1206 016d 00       		.byte	0
 1207 016e 00       		.byte	0
 1208              		.section	.debug_loc,"",%progbits
 1209              	.Ldebug_loc0:
 1210              	.LLST0:
 1211 0000 00000000 		.4byte	.LVL4
 1212 0004 07000000 		.4byte	.LVL5-1
 1213 0008 0100     		.2byte	0x1
 1214 000a 50       		.byte	0x50
 1215 000b 07000000 		.4byte	.LVL5-1
 1216 000f 74000000 		.4byte	.LFE326
 1217 0013 0400     		.2byte	0x4
 1218 0015 F3       		.byte	0xf3
 1219 0016 01       		.uleb128 0x1
 1220 0017 50       		.byte	0x50
 1221 0018 9F       		.byte	0x9f
 1222 0019 00000000 		.4byte	0
 1223 001d 00000000 		.4byte	0
 1224              	.LLST1:
 1225 0021 5A000000 		.4byte	.LVL20
 1226 0025 68000000 		.4byte	.LVL21
 1227 0029 0100     		.2byte	0x1
 1228 002b 53       		.byte	0x53
 1229 002c 72000000 		.4byte	.LVL23
 1230 0030 7C000000 		.4byte	.LVL24
 1231 0034 0100     		.2byte	0x1
 1232 0036 53       		.byte	0x53
 1233 0037 00000000 		.4byte	0
 1234 003b 00000000 		.4byte	0
 1235              		.section	.debug_aranges,"",%progbits
 1236 0000 2C000000 		.4byte	0x2c
 1237 0004 0200     		.2byte	0x2
 1238 0006 00000000 		.4byte	.Ldebug_info0
 1239 000a 04       		.byte	0x4
 1240 000b 00       		.byte	0
 1241 000c 0000     		.2byte	0
 1242 000e 0000     		.2byte	0
 1243 0010 00000000 		.4byte	.LFB325
 1244 0014 34000000 		.4byte	.LFE325-.LFB325
 1245 0018 00000000 		.4byte	.LFB326
 1246 001c 74000000 		.4byte	.LFE326-.LFB326
 1247 0020 00000000 		.4byte	.LFB327
 1248 0024 E0000000 		.4byte	.LFE327-.LFB327
 1249 0028 00000000 		.4byte	0
 1250 002c 00000000 		.4byte	0
 1251              		.section	.debug_ranges,"",%progbits
 1252              	.Ldebug_ranges0:
 1253 0000 00000000 		.4byte	.LFB325
 1254 0004 34000000 		.4byte	.LFE325
 1255 0008 00000000 		.4byte	.LFB326
 1256 000c 74000000 		.4byte	.LFE326
 1257 0010 00000000 		.4byte	.LFB327
 1258 0014 E0000000 		.4byte	.LFE327
 1259 0018 00000000 		.4byte	0
 1260 001c 00000000 		.4byte	0
ARM GAS  C:\Users\Terence\AppData\Local\Temp\ccMe5nBh.s 			page 27


 1261              		.section	.debug_line,"",%progbits
 1262              	.Ldebug_line0:
 1263 0000 5A010000 		.section	.debug_str,"MS",%progbits,1
 1263      0200E100 
 1263      00000201 
 1263      FB0E0D00 
 1263      01010101 
 1264              	.LASF22:
 1265 0000 55534246 		.ascii	"USBFS_transferState\000"
 1265      535F7472 
 1265      616E7366 
 1265      65725374 
 1265      61746500 
 1266              	.LASF11:
 1267 0014 666C6F61 		.ascii	"float\000"
 1267      7400
 1268              	.LASF4:
 1269 001a 6C6F6E67 		.ascii	"long int\000"
 1269      20696E74 
 1269      00
 1270              	.LASF20:
 1271 0023 48616E64 		.ascii	"HandleSamplingFrequencyChangeRequest\000"
 1271      6C655361 
 1271      6D706C69 
 1271      6E674672 
 1271      65717565 
 1272              	.LASF18:
 1273 0048 496E6974 		.ascii	"InitAudioPath\000"
 1273      41756469 
 1273      6F506174 
 1273      6800
 1274              	.LASF30:
 1275 0056 4379446D 		.ascii	"CyDmaEnable\000"
 1275      61456E61 
 1275      626C6500 
 1276              	.LASF43:
 1277 0062 2E5C4175 		.ascii	".\\AudioControl.c\000"
 1277      64696F43 
 1277      6F6E7472 
 1277      6F6C2E63 
 1277      00
 1278              	.LASF21:
 1279 0073 61756469 		.ascii	"audioClkConfigured\000"
 1279      6F436C6B 
 1279      436F6E66 
 1279      69677572 
 1279      656400
 1280              	.LASF41:
 1281 0086 55415254 		.ascii	"UART_UartPutString\000"
 1281      5F556172 
 1281      74507574 
 1281      53747269 
 1281      6E6700
 1282              	.LASF26:
 1283 0099 6173796E 		.ascii	"asyncready\000"
 1283      63726561 
 1283      647900
ARM GAS  C:\Users\Terence\AppData\Local\Temp\ccMe5nBh.s 			page 28


 1284              	.LASF9:
 1285 00a4 75696E74 		.ascii	"uint8\000"
 1285      3800
 1286              	.LASF27:
 1287 00aa 6F757450 		.ascii	"outPlaying\000"
 1287      6C617969 
 1287      6E6700
 1288              	.LASF1:
 1289 00b5 756E7369 		.ascii	"unsigned char\000"
 1289      676E6564 
 1289      20636861 
 1289      7200
 1290              	.LASF16:
 1291 00c3 72656738 		.ascii	"reg8\000"
 1291      00
 1292              	.LASF5:
 1293 00c8 6C6F6E67 		.ascii	"long unsigned int\000"
 1293      20756E73 
 1293      69676E65 
 1293      6420696E 
 1293      7400
 1294              	.LASF3:
 1295 00da 73686F72 		.ascii	"short unsigned int\000"
 1295      7420756E 
 1295      7369676E 
 1295      65642069 
 1295      6E7400
 1296              	.LASF46:
 1297 00ed 70726F63 		.ascii	"processAsyncFeedbackTransfer\000"
 1297      65737341 
 1297      73796E63 
 1297      46656564 
 1297      6261636B 
 1298              	.LASF12:
 1299 010a 646F7562 		.ascii	"double\000"
 1299      6C6500
 1300              	.LASF23:
 1301 0111 55534246 		.ascii	"USBFS_currentSampleFrequency\000"
 1301      535F6375 
 1301      7272656E 
 1301      7453616D 
 1301      706C6546 
 1302              	.LASF19:
 1303 012e 53657443 		.ascii	"SetClockRate\000"
 1303      6C6F636B 
 1303      52617465 
 1303      00
 1304              	.LASF15:
 1305 013b 63797374 		.ascii	"cystatus\000"
 1305      61747573 
 1305      00
 1306              	.LASF29:
 1307 0144 73657452 		.ascii	"setRate\000"
 1307      61746500 
 1308              	.LASF28:
 1309 014c 696E506C 		.ascii	"inPlaying\000"
 1309      6179696E 
ARM GAS  C:\Users\Terence\AppData\Local\Temp\ccMe5nBh.s 			page 29


 1309      6700
 1310              	.LASF10:
 1311 0156 75696E74 		.ascii	"uint32\000"
 1311      333200
 1312              	.LASF8:
 1313 015d 756E7369 		.ascii	"unsigned int\000"
 1313      676E6564 
 1313      20696E74 
 1313      00
 1314              	.LASF7:
 1315 016a 6C6F6E67 		.ascii	"long long unsigned int\000"
 1315      206C6F6E 
 1315      6720756E 
 1315      7369676E 
 1315      65642069 
 1316              	.LASF44:
 1317 0181 433A5C50 		.ascii	"C:\\Program Files (x86)\\Cypress\\CY8CKIT-046 PSoC "
 1317      726F6772 
 1317      616D2046 
 1317      696C6573 
 1317      20287838 
 1318 01b1 34204C2D 		.ascii	"4 L-Series Pioneer Kit\\1.0\\Firmware\\PSoC 4200L\\"
 1318      53657269 
 1318      65732050 
 1318      696F6E65 
 1318      6572204B 
 1319 01e0 43593843 		.ascii	"CY8CKIT_046_USB_Audio\\CY8CKIT_046_USB_Audio.cydsn\000"
 1319      4B49545F 
 1319      3034365F 
 1319      5553425F 
 1319      41756469 
 1320              	.LASF37:
 1321 0212 43795379 		.ascii	"CySysClkPllStart\000"
 1321      73436C6B 
 1321      506C6C53 
 1321      74617274 
 1321      00
 1322              	.LASF38:
 1323 0223 436F6465 		.ascii	"Codec_SetSamplingRate\000"
 1323      635F5365 
 1323      7453616D 
 1323      706C696E 
 1323      67526174 
 1324              	.LASF40:
 1325 0239 436F6465 		.ascii	"Codec_Activate\000"
 1325      635F4163 
 1325      74697661 
 1325      746500
 1326              	.LASF35:
 1327 0248 41756469 		.ascii	"AudioClkSel_Write\000"
 1327      6F436C6B 
 1327      53656C5F 
 1327      57726974 
 1327      6500
 1328              	.LASF17:
 1329 025a 73697A65 		.ascii	"sizetype\000"
 1329      74797065 
ARM GAS  C:\Users\Terence\AppData\Local\Temp\ccMe5nBh.s 			page 30


 1329      00
 1330              	.LASF13:
 1331 0263 63686172 		.ascii	"char8\000"
 1331      3800
 1332              	.LASF6:
 1333 0269 6C6F6E67 		.ascii	"long long int\000"
 1333      206C6F6E 
 1333      6720696E 
 1333      7400
 1334              	.LASF14:
 1335 0277 63686172 		.ascii	"char\000"
 1335      00
 1336              	.LASF42:
 1337 027c 474E5520 		.ascii	"GNU C 4.9.3 20150303 (release) [ARM/embedded-4_9-br"
 1337      4320342E 
 1337      392E3320 
 1337      32303135 
 1337      30333033 
 1338 02af 616E6368 		.ascii	"anch revision 221220] -mcpu=cortex-m0 -mthumb -g -O"
 1338      20726576 
 1338      6973696F 
 1338      6E203232 
 1338      31323230 
 1339 02e2 67202D66 		.ascii	"g -ffunction-sections -ffat-lto-objects\000"
 1339      66756E63 
 1339      74696F6E 
 1339      2D736563 
 1339      74696F6E 
 1340              	.LASF25:
 1341 030a 6E657752 		.ascii	"newRate\000"
 1341      61746500 
 1342              	.LASF2:
 1343 0312 73686F72 		.ascii	"short int\000"
 1343      7420696E 
 1343      7400
 1344              	.LASF36:
 1345 031c 43795379 		.ascii	"CySysClkPllStop\000"
 1345      73436C6B 
 1345      506C6C53 
 1345      746F7000 
 1346              	.LASF34:
 1347 032c 53746F70 		.ascii	"Stop_I2S_Rx\000"
 1347      5F493253 
 1347      5F527800 
 1348              	.LASF45:
 1349 0338 6E657746 		.ascii	"newFrequency\000"
 1349      72657175 
 1349      656E6379 
 1349      00
 1350              	.LASF24:
 1351 0345 55534246 		.ascii	"USBFS_frequencyChanged\000"
 1351      535F6672 
 1351      65717565 
 1351      6E637943 
 1351      68616E67 
 1352              	.LASF32:
 1353 035c 496E6974 		.ascii	"InitializeAudioOutPath\000"
ARM GAS  C:\Users\Terence\AppData\Local\Temp\ccMe5nBh.s 			page 31


 1353      69616C69 
 1353      7A654175 
 1353      64696F4F 
 1353      75745061 
 1354              	.LASF33:
 1355 0373 53746F70 		.ascii	"Stop_I2S_Tx\000"
 1355      5F493253 
 1355      5F547800 
 1356              	.LASF0:
 1357 037f 7369676E 		.ascii	"signed char\000"
 1357      65642063 
 1357      68617200 
 1358              	.LASF39:
 1359 038b 436F6465 		.ascii	"Codec_Deactivate\000"
 1359      635F4465 
 1359      61637469 
 1359      76617465 
 1359      00
 1360              	.LASF31:
 1361 039c 496E6974 		.ascii	"InitializeAudioInPath\000"
 1361      69616C69 
 1361      7A654175 
 1361      64696F49 
 1361      6E506174 
 1362              		.ident	"GCC: (GNU Tools for ARM Embedded Processors) 4.9.3 20150303 (release) [ARM/embedded-4_9-br
