ARM GAS  C:\Users\Terence\AppData\Local\Temp\ccCrSORS.s 			page 1


   1              		.cpu cortex-m0
   2              		.fpu softvfp
   3              		.eabi_attribute 20, 1
   4              		.eabi_attribute 21, 1
   5              		.eabi_attribute 23, 3
   6              		.eabi_attribute 24, 1
   7              		.eabi_attribute 25, 1
   8              		.eabi_attribute 26, 1
   9              		.eabi_attribute 30, 1
  10              		.eabi_attribute 34, 0
  11              		.eabi_attribute 18, 4
  12              		.code	16
  13              		.file	"Codec.c"
  14              		.text
  15              	.Ltext0:
  16              		.cfi_sections	.debug_frame
  17              		.section	.text.Codec_SendData,"ax",%progbits
  18              		.align	2
  19              		.global	Codec_SendData
  20              		.code	16
  21              		.thumb_func
  22              		.type	Codec_SendData, %function
  23              	Codec_SendData:
  24              	.LFB3:
  25              		.file 1 ".\\Codec.c"
   1:.\Codec.c     **** /*******************************************************************************
   2:.\Codec.c     **** * File Name: Codec.c
   3:.\Codec.c     **** *
   4:.\Codec.c     **** * Version 1.0
   5:.\Codec.c     **** *
   6:.\Codec.c     **** *  Description: This file contains the codec control APIs
   7:.\Codec.c     **** *
   8:.\Codec.c     **** *******************************************************************************
   9:.\Codec.c     **** * Copyright (2015), Cypress Semiconductor Corporation.
  10:.\Codec.c     **** *******************************************************************************
  11:.\Codec.c     **** * This software, including source code, documentation and related materials
  12:.\Codec.c     **** * ("Software") is owned by Cypress Semiconductor Corporation (Cypress) and is
  13:.\Codec.c     **** * protected by and subject to worldwide patent protection (United States and 
  14:.\Codec.c     **** * foreign), United States copyright laws and international treaty provisions. 
  15:.\Codec.c     **** * Cypress hereby grants to licensee a personal, non-exclusive, non-transferable
  16:.\Codec.c     **** * license to copy, use, modify, create derivative works of, and compile the 
  17:.\Codec.c     **** * Cypress source code and derivative works for the sole purpose of creating 
  18:.\Codec.c     **** * custom software in support of licensee product, such licensee product to be
  19:.\Codec.c     **** * used only in conjunction with Cypress's integrated circuit as specified in the
  20:.\Codec.c     **** * applicable agreement. Any reproduction, modification, translation, compilation,
  21:.\Codec.c     **** * or representation of this Software except as specified above is prohibited 
  22:.\Codec.c     **** * without the express written permission of Cypress.
  23:.\Codec.c     **** * 
  24:.\Codec.c     **** * Disclaimer: THIS SOFTWARE IS PROVIDED AS-IS, WITH NO WARRANTY OF ANY KIND, 
  25:.\Codec.c     **** * EXPRESS OR IMPLIED, INCLUDING, BUT NOT LIMITED TO, NONINFRINGEMENT, IMPLIED 
  26:.\Codec.c     **** * WARRANTIES OF MERCHANTABILITY AND FITNESS FOR A PARTICULAR PURPOSE.
  27:.\Codec.c     **** * Cypress reserves the right to make changes to the Software without notice. 
  28:.\Codec.c     **** * Cypress does not assume any liability arising out of the application or use
  29:.\Codec.c     **** * of Software or any product or circuit described in the Software. Cypress does
  30:.\Codec.c     **** * not authorize its products for use as critical components in any products 
  31:.\Codec.c     **** * where a malfunction or failure may reasonably be expected to result in 
  32:.\Codec.c     **** * significant injury or death ("ACTIVE Risk Product"). By including Cypress's 
ARM GAS  C:\Users\Terence\AppData\Local\Temp\ccCrSORS.s 			page 2


  33:.\Codec.c     **** * product in a ACTIVE Risk Product, the manufacturer of such system or application
  34:.\Codec.c     **** * assumes all risk of such use and in doing so indemnifies Cypress against all
  35:.\Codec.c     **** * liability. Use of this Software may be limited by and subject to the applicable
  36:.\Codec.c     **** * Cypress software license agreement.
  37:.\Codec.c     **** *******************************************************************************/
  38:.\Codec.c     **** 
  39:.\Codec.c     **** #include "Codec.h"
  40:.\Codec.c     **** #include "cytypes.h"
  41:.\Codec.c     **** #include "CodecI2CM_I2C.h"
  42:.\Codec.c     **** #include "stdbool.h"
  43:.\Codec.c     **** 
  44:.\Codec.c     **** #define I2C_WRITE_OPERATION		(0x00)
  45:.\Codec.c     **** 
  46:.\Codec.c     **** static uint16 Codec_analogPathSetting = CODEC_DEF_ANALOG_CTRL;
  47:.\Codec.c     **** uint32 Codec_powerControlSetting = CODEC_DEF_POWER_CTRL;
  48:.\Codec.c     **** 
  49:.\Codec.c     **** /*******************************************************************************
  50:.\Codec.c     **** * Function Name: Codec_Init
  51:.\Codec.c     **** ********************************************************************************
  52:.\Codec.c     **** * Summary:
  53:.\Codec.c     **** *   Initializes the codec with default settings.
  54:.\Codec.c     **** *
  55:.\Codec.c     **** *
  56:.\Codec.c     **** * Parameters:  
  57:.\Codec.c     **** *	None
  58:.\Codec.c     **** *
  59:.\Codec.c     **** * Return:
  60:.\Codec.c     **** *   uint8 - I2C master transaction error status
  61:.\Codec.c     **** *				CodecI2CM_I2C_MSTR_NO_ERROR - Function complete without error                       
  62:.\Codec.c     **** *				CodecI2CM_I2C_MSTR_ERR_ARB_LOST - Master lost arbitration: INTR_MASTER_I2C_ARB_LOST    
  63:.\Codec.c     **** *				CodecI2CM_I2C_MSTR_ERR_LB_NAK - Last Byte NACKed: INTR_MASTER_I2C_NACK               
  64:.\Codec.c     **** *				CodecI2CM_I2C_MSTR_NOT_READY - Master on the bus or Slave operation is in progress  
  65:.\Codec.c     **** *				CodecI2CM_I2C_MSTR_BUS_BUSY - Bus is busy, process not started
  66:.\Codec.c     **** *				CodecI2CM_I2C_MSTR_ERR_ABORT_START - Slave was addressed before master begin Start
  67:.\Codec.c     **** *				CodecI2CM_I2C_MSTR_ERR_BUS_ERR - Bus error has: INTR_MASTER_I2C_BUS_ERROR 
  68:.\Codec.c     **** *
  69:.\Codec.c     **** *******************************************************************************/
  70:.\Codec.c     **** uint8 Codec_Init(void)
  71:.\Codec.c     **** {
  72:.\Codec.c     **** 	uint8 ret;
  73:.\Codec.c     **** 	
  74:.\Codec.c     **** 	ret = Codec_ResetOverI2C();
  75:.\Codec.c     **** 	CyDelay(CODEC_RESET_WAIT_DELAY);
  76:.\Codec.c     **** 	
  77:.\Codec.c     **** 	ret = Codec_AdjustBothHeadphoneVolume(CODEC_HP_DEFAULT_VOLUME);
  78:.\Codec.c     **** 	ret = Codec_SendData(CODEC_REG_ANALOG_CTRL, CODEC_DEF_ANALOG_CTRL);
  79:.\Codec.c     **** 	ret = Codec_SendData(CODEC_REG_DIGITAL_CTRL, CODEC_DEF_DIGITAL_CTRL);
  80:.\Codec.c     **** 	ret = Codec_SendData(CODEC_REG_POWER_CTRL, CODEC_DEF_POWER_CTRL);
  81:.\Codec.c     **** 	ret = Codec_SetSamplingRate(CODEC_DEF_SAMPLING_RATE);
  82:.\Codec.c     **** 	
  83:.\Codec.c     **** 	return ret;  
  84:.\Codec.c     **** }
  85:.\Codec.c     **** 
  86:.\Codec.c     **** /*******************************************************************************
  87:.\Codec.c     **** * Function Name: Codec_SendData
  88:.\Codec.c     **** ********************************************************************************
  89:.\Codec.c     **** * Summary:
ARM GAS  C:\Users\Terence\AppData\Local\Temp\ccCrSORS.s 			page 3


  90:.\Codec.c     **** *   Low level API to send data to codec over I2C.
  91:.\Codec.c     **** *
  92:.\Codec.c     **** *
  93:.\Codec.c     **** * Parameters:  
  94:.\Codec.c     **** *	regAddr - Address of the codec register to be updated
  95:.\Codec.c     **** *	data - 16-bit data to be updated in the register
  96:.\Codec.c     **** *
  97:.\Codec.c     **** * Return:
  98:.\Codec.c     **** *   uint8 - I2C master transaction error status
  99:.\Codec.c     **** *				CodecI2CM_I2C_MSTR_NO_ERROR - Function complete without error                       
 100:.\Codec.c     **** *				CodecI2CM_I2C_MSTR_ERR_ARB_LOST - Master lost arbitration: INTR_MASTER_I2C_ARB_LOST    
 101:.\Codec.c     **** *				CodecI2CM_I2C_MSTR_ERR_LB_NAK - Last Byte NACKed: INTR_MASTER_I2C_NACK               
 102:.\Codec.c     **** *				CodecI2CM_I2C_MSTR_NOT_READY - Master on the bus or Slave operation is in progress  
 103:.\Codec.c     **** *				CodecI2CM_I2C_MSTR_BUS_BUSY - Bus is busy, process not started
 104:.\Codec.c     **** *				CodecI2CM_I2C_MSTR_ERR_ABORT_START - Slave was addressed before master begin Start
 105:.\Codec.c     **** *				CodecI2CM_I2C_MSTR_ERR_BUS_ERR - Bus error has: INTR_MASTER_I2C_BUS_ERROR 
 106:.\Codec.c     **** *
 107:.\Codec.c     **** *******************************************************************************/
 108:.\Codec.c     **** uint8 Codec_SendData(uint8 regAddr, uint16 data)
 109:.\Codec.c     **** {
  26              		.loc 1 109 0
  27              		.cfi_startproc
  28              	.LVL0:
  29 0000 38B5     		push	{r3, r4, r5, lr}
  30              		.cfi_def_cfa_offset 16
  31              		.cfi_offset 3, -16
  32              		.cfi_offset 4, -12
  33              		.cfi_offset 5, -8
  34              		.cfi_offset 14, -4
  35 0002 051C     		mov	r5, r0
  36 0004 0C1C     		mov	r4, r1
 110:.\Codec.c     **** 	uint8 temp;
 111:.\Codec.c     **** 	
 112:.\Codec.c     **** 	temp = CodecI2CM_I2CMasterSendStart(CODEC_I2C_ADDR, I2C_WRITE_OPERATION); 
  37              		.loc 1 112 0
  38 0006 1A20     		mov	r0, #26
  39              	.LVL1:
  40 0008 0021     		mov	r1, #0
  41              	.LVL2:
  42 000a FFF7FEFF 		bl	CodecI2CM_I2CMasterSendStart
  43              	.LVL3:
  44 000e C0B2     		uxtb	r0, r0
  45              	.LVL4:
 113:.\Codec.c     **** 	if(temp == CodecI2CM_I2C_MSTR_NO_ERROR)
  46              		.loc 1 113 0
  47 0010 0028     		cmp	r0, #0
  48 0012 11D1     		bne	.L2
 114:.\Codec.c     **** 	{
 115:.\Codec.c     **** 		temp = CodecI2CM_I2CMasterWriteByte(((regAddr << 0x01) | (HI8(data) & 0x01)));
  49              		.loc 1 115 0
  50 0014 6800     		lsl	r0, r5, #1
  51              	.LVL5:
  52 0016 E305     		lsl	r3, r4, #23
  53 0018 DB0F     		lsr	r3, r3, #31
  54 001a 1843     		orr	r0, r3
  55 001c FFF7FEFF 		bl	CodecI2CM_I2CMasterWriteByte
  56              	.LVL6:
ARM GAS  C:\Users\Terence\AppData\Local\Temp\ccCrSORS.s 			page 4


  57 0020 C0B2     		uxtb	r0, r0
  58              	.LVL7:
 116:.\Codec.c     **** 		
 117:.\Codec.c     **** 		if(temp == CodecI2CM_I2C_MSTR_NO_ERROR)
  59              		.loc 1 117 0
  60 0022 0028     		cmp	r0, #0
  61 0024 08D1     		bne	.L2
 118:.\Codec.c     **** 		{
 119:.\Codec.c     **** 			temp = CodecI2CM_I2CMasterWriteByte(LO8(data));
  62              		.loc 1 119 0
  63 0026 E0B2     		uxtb	r0, r4
  64              	.LVL8:
  65 0028 FFF7FEFF 		bl	CodecI2CM_I2CMasterWriteByte
  66              	.LVL9:
  67 002c C0B2     		uxtb	r0, r0
  68              	.LVL10:
 120:.\Codec.c     **** 			
 121:.\Codec.c     **** 			if(temp == CodecI2CM_I2C_MSTR_NO_ERROR)
  69              		.loc 1 121 0
  70 002e 0028     		cmp	r0, #0
  71 0030 02D1     		bne	.L2
 122:.\Codec.c     **** 			{
 123:.\Codec.c     **** 				temp = CodecI2CM_I2CMasterSendStop();
  72              		.loc 1 123 0
  73 0032 FFF7FEFF 		bl	CodecI2CM_I2CMasterSendStop
  74              	.LVL11:
  75 0036 C0B2     		uxtb	r0, r0
  76              	.LVL12:
  77              	.L2:
 124:.\Codec.c     **** 			}
 125:.\Codec.c     **** 		}
 126:.\Codec.c     **** 	}
 127:.\Codec.c     **** 
 128:.\Codec.c     **** 	return temp;
 129:.\Codec.c     **** }
  78              		.loc 1 129 0
  79              		@ sp needed
  80 0038 38BD     		pop	{r3, r4, r5, pc}
  81              		.cfi_endproc
  82              	.LFE3:
  83              		.size	Codec_SendData, .-Codec_SendData
  84 003a C046     		.section	.text.Codec_SetSamplingRate,"ax",%progbits
  85              		.align	2
  86              		.global	Codec_SetSamplingRate
  87              		.code	16
  88              		.thumb_func
  89              		.type	Codec_SetSamplingRate, %function
  90              	Codec_SetSamplingRate:
  91              	.LFB4:
 130:.\Codec.c     **** 
 131:.\Codec.c     **** /*******************************************************************************
 132:.\Codec.c     **** * Function Name: Codec_SetSamplingRate
 133:.\Codec.c     **** ********************************************************************************
 134:.\Codec.c     **** * Summary:
 135:.\Codec.c     **** *   This function sets the sampling rate of the codec. Note that the codec must be deactivated 
 136:.\Codec.c     **** *	before configuring the sample rate.
 137:.\Codec.c     **** *
ARM GAS  C:\Users\Terence\AppData\Local\Temp\ccCrSORS.s 			page 5


 138:.\Codec.c     **** *
 139:.\Codec.c     **** * Parameters:  
 140:.\Codec.c     **** *	srCtrlField - Sampling control register settings 
 141:.\Codec.c     **** *					
 142:.\Codec.c     **** *
 143:.\Codec.c     **** * Return:
 144:.\Codec.c     **** *   uint8 - I2C master transaction error status
 145:.\Codec.c     **** *				CodecI2CM_I2C_MSTR_NO_ERROR - Function complete without error                       
 146:.\Codec.c     **** *				CodecI2CM_I2C_MSTR_ERR_ARB_LOST - Master lost arbitration: INTR_MASTER_I2C_ARB_LOST    
 147:.\Codec.c     **** *				CodecI2CM_I2C_MSTR_ERR_LB_NAK - Last Byte NACKed: INTR_MASTER_I2C_NACK               
 148:.\Codec.c     **** *				CodecI2CM_I2C_MSTR_NOT_READY - Master on the bus or Slave operation is in progress  
 149:.\Codec.c     **** *				CodecI2CM_I2C_MSTR_BUS_BUSY - Bus is busy, process not started
 150:.\Codec.c     **** *				CodecI2CM_I2C_MSTR_ERR_ABORT_START - Slave was addressed before master begin Start
 151:.\Codec.c     **** *				CodecI2CM_I2C_MSTR_ERR_BUS_ERR - Bus error has: INTR_MASTER_I2C_BUS_ERROR 
 152:.\Codec.c     **** *
 153:.\Codec.c     **** *******************************************************************************/
 154:.\Codec.c     **** uint8 Codec_SetSamplingRate(uint8 srCtrlField)
 155:.\Codec.c     **** {		
  92              		.loc 1 155 0
  93              		.cfi_startproc
  94              	.LVL13:
  95 0000 08B5     		push	{r3, lr}
  96              		.cfi_def_cfa_offset 8
  97              		.cfi_offset 3, -8
  98              		.cfi_offset 14, -4
 156:.\Codec.c     **** 	/* This function modifies the BOSR & SR bits of sampling rate control register.
 157:.\Codec.c     ****      * srCtrlField : bit[0] - BOSR, bit[1:4] - SR.
 158:.\Codec.c     ****      */
 159:.\Codec.c     ****     return Codec_SendData(CODEC_REG_SAMPLING_CTRL, srCtrlField);;
  99              		.loc 1 159 0
 100 0002 81B2     		uxth	r1, r0
 101 0004 0820     		mov	r0, #8
 102              	.LVL14:
 103 0006 FFF7FEFF 		bl	Codec_SendData
 104              	.LVL15:
 160:.\Codec.c     **** }
 105              		.loc 1 160 0
 106              		@ sp needed
 107 000a 08BD     		pop	{r3, pc}
 108              		.cfi_endproc
 109              	.LFE4:
 110              		.size	Codec_SetSamplingRate, .-Codec_SetSamplingRate
 111              		.section	.text.Codec_AdjustBothHeadphoneVolume,"ax",%progbits
 112              		.align	2
 113              		.global	Codec_AdjustBothHeadphoneVolume
 114              		.code	16
 115              		.thumb_func
 116              		.type	Codec_AdjustBothHeadphoneVolume, %function
 117              	Codec_AdjustBothHeadphoneVolume:
 118              	.LFB5:
 161:.\Codec.c     **** 
 162:.\Codec.c     **** /*******************************************************************************
 163:.\Codec.c     **** * Function Name: Codec_AdjustBothHeadphoneVolume
 164:.\Codec.c     **** ********************************************************************************
 165:.\Codec.c     **** * Summary:
 166:.\Codec.c     **** *   This function updates the volume of both the left and right channels of the
 167:.\Codec.c     **** * 	headphone output.
ARM GAS  C:\Users\Terence\AppData\Local\Temp\ccCrSORS.s 			page 6


 168:.\Codec.c     **** *
 169:.\Codec.c     **** *
 170:.\Codec.c     **** * Parameters:  
 171:.\Codec.c     **** *	volume - 0 - Mute
 172:.\Codec.c     **** *			 1 to CODEC_HP_VOLUME_MAX levels
 173:.\Codec.c     **** *
 174:.\Codec.c     **** * Return:
 175:.\Codec.c     **** *   uint8 - I2C master transaction error status
 176:.\Codec.c     **** *				CodecI2CM_I2C_MSTR_NO_ERROR - Function complete without error                       
 177:.\Codec.c     **** *				CodecI2CM_I2C_MSTR_ERR_ARB_LOST - Master lost arbitration: INTR_MASTER_I2C_ARB_LOST    
 178:.\Codec.c     **** *				CodecI2CM_I2C_MSTR_ERR_LB_NAK - Last Byte NACKed: INTR_MASTER_I2C_NACK               
 179:.\Codec.c     **** *				CodecI2CM_I2C_MSTR_NOT_READY - Master on the bus or Slave operation is in progress  
 180:.\Codec.c     **** *				CodecI2CM_I2C_MSTR_BUS_BUSY - Bus is busy, process not started
 181:.\Codec.c     **** *				CodecI2CM_I2C_MSTR_ERR_ABORT_START - Slave was addressed before master begin Start
 182:.\Codec.c     **** *				CodecI2CM_I2C_MSTR_ERR_BUS_ERR - Bus error has: INTR_MASTER_I2C_BUS_ERROR 
 183:.\Codec.c     **** *
 184:.\Codec.c     **** *******************************************************************************/
 185:.\Codec.c     **** 
 186:.\Codec.c     **** uint8 Codec_AdjustBothHeadphoneVolume(uint8 volume)
 187:.\Codec.c     **** {
 119              		.loc 1 187 0
 120              		.cfi_startproc
 121              	.LVL16:
 122 0000 08B5     		push	{r3, lr}
 123              		.cfi_def_cfa_offset 8
 124              		.cfi_offset 3, -8
 125              		.cfi_offset 14, -4
 188:.\Codec.c     **** 	if(volume > CODEC_HP_VOLUME_MAX)
 126              		.loc 1 188 0
 127 0002 5028     		cmp	r0, #80
 128 0004 00D9     		bls	.L5
 189:.\Codec.c     **** 	{
 190:.\Codec.c     **** 		volume = CODEC_HP_VOLUME_MAX;
 129              		.loc 1 190 0
 130 0006 5020     		mov	r0, #80
 131              	.LVL17:
 132              	.L5:
 191:.\Codec.c     **** 	}
 192:.\Codec.c     **** 	
 193:.\Codec.c     **** 	return Codec_SendData(CODEC_REG_LHPOUT, (volume + (CODEC_LHPOUT_BOTH + CODEC_LHPOUT_LZCEN + CODEC_
 133              		.loc 1 193 0
 134 0008 011C     		mov	r1, r0
 135 000a B031     		add	r1, r1, #176
 136 000c FF31     		add	r1, r1, #255
 137 000e 0220     		mov	r0, #2
 138              	.LVL18:
 139 0010 FFF7FEFF 		bl	Codec_SendData
 140              	.LVL19:
 194:.\Codec.c     **** }
 141              		.loc 1 194 0
 142              		@ sp needed
 143 0014 08BD     		pop	{r3, pc}
 144              		.cfi_endproc
 145              	.LFE5:
 146              		.size	Codec_AdjustBothHeadphoneVolume, .-Codec_AdjustBothHeadphoneVolume
 147 0016 C046     		.section	.text.Codec_MuteMic,"ax",%progbits
 148              		.align	2
ARM GAS  C:\Users\Terence\AppData\Local\Temp\ccCrSORS.s 			page 7


 149              		.global	Codec_MuteMic
 150              		.code	16
 151              		.thumb_func
 152              		.type	Codec_MuteMic, %function
 153              	Codec_MuteMic:
 154              	.LFB6:
 195:.\Codec.c     **** 
 196:.\Codec.c     **** /*******************************************************************************
 197:.\Codec.c     **** * Function Name: Codec_MuteMic
 198:.\Codec.c     **** ********************************************************************************
 199:.\Codec.c     **** * Summary:
 200:.\Codec.c     **** *   Mutes/unmutes the microphone input
 201:.\Codec.c     **** *
 202:.\Codec.c     **** *
 203:.\Codec.c     **** * Parameters:  
 204:.\Codec.c     **** *	isMuteOrUnmute - 0 - Unmute
 205:.\Codec.c     **** *					 1 - Mute
 206:.\Codec.c     **** *
 207:.\Codec.c     **** * Return:
 208:.\Codec.c     **** *   uint8 - I2C master transaction error status
 209:.\Codec.c     **** *				CodecI2CM_I2C_MSTR_NO_ERROR - Function complete without error                       
 210:.\Codec.c     **** *				CodecI2CM_I2C_MSTR_ERR_ARB_LOST - Master lost arbitration: INTR_MASTER_I2C_ARB_LOST    
 211:.\Codec.c     **** *				CodecI2CM_I2C_MSTR_ERR_LB_NAK - Last Byte NACKed: INTR_MASTER_I2C_NACK               
 212:.\Codec.c     **** *				CodecI2CM_I2C_MSTR_NOT_READY - Master on the bus or Slave operation is in progress  
 213:.\Codec.c     **** *				CodecI2CM_I2C_MSTR_BUS_BUSY - Bus is busy, process not started
 214:.\Codec.c     **** *				CodecI2CM_I2C_MSTR_ERR_ABORT_START - Slave was addressed before master begin Start
 215:.\Codec.c     **** *				CodecI2CM_I2C_MSTR_ERR_BUS_ERR - Bus error has: INTR_MASTER_I2C_BUS_ERROR 
 216:.\Codec.c     **** *
 217:.\Codec.c     **** *******************************************************************************/
 218:.\Codec.c     **** uint8 Codec_MuteMic(bool isMuteOrUnmute)
 219:.\Codec.c     **** {
 155              		.loc 1 219 0
 156              		.cfi_startproc
 157              	.LVL20:
 158 0000 08B5     		push	{r3, lr}
 159              		.cfi_def_cfa_offset 8
 160              		.cfi_offset 3, -8
 161              		.cfi_offset 14, -4
 220:.\Codec.c     **** 	Codec_analogPathSetting &= ~(CODEC_ANALOG_CTRL_MUTEMIC);
 162              		.loc 1 220 0
 163 0002 084A     		ldr	r2, .L9
 164 0004 1388     		ldrh	r3, [r2]
 165 0006 0221     		mov	r1, #2
 166 0008 8B43     		bic	r3, r1
 167 000a 1380     		strh	r3, [r2]
 221:.\Codec.c     **** 	
 222:.\Codec.c     **** 	if(isMuteOrUnmute)
 168              		.loc 1 222 0
 169 000c 0028     		cmp	r0, #0
 170 000e 03D0     		beq	.L8
 223:.\Codec.c     **** 	{
 224:.\Codec.c     **** 		Codec_analogPathSetting |= CODEC_ANALOG_CTRL_MUTEMIC;		
 171              		.loc 1 224 0
 172 0010 0222     		mov	r2, #2
 173 0012 1343     		orr	r3, r2
 174 0014 034A     		ldr	r2, .L9
 175 0016 1380     		strh	r3, [r2]
ARM GAS  C:\Users\Terence\AppData\Local\Temp\ccCrSORS.s 			page 8


 176              	.L8:
 225:.\Codec.c     **** 	}
 226:.\Codec.c     **** 	
 227:.\Codec.c     **** 	return Codec_SendData(CODEC_REG_ANALOG_CTRL, Codec_analogPathSetting);
 177              		.loc 1 227 0
 178 0018 024B     		ldr	r3, .L9
 179 001a 1988     		ldrh	r1, [r3]
 180 001c 0420     		mov	r0, #4
 181              	.LVL21:
 182 001e FFF7FEFF 		bl	Codec_SendData
 183              	.LVL22:
 228:.\Codec.c     **** }
 184              		.loc 1 228 0
 185              		@ sp needed
 186 0022 08BD     		pop	{r3, pc}
 187              	.L10:
 188              		.align	2
 189              	.L9:
 190 0024 00000000 		.word	.LANCHOR0
 191              		.cfi_endproc
 192              	.LFE6:
 193              		.size	Codec_MuteMic, .-Codec_MuteMic
 194              		.section	.text.Codec_SetMicBoost,"ax",%progbits
 195              		.align	2
 196              		.global	Codec_SetMicBoost
 197              		.code	16
 198              		.thumb_func
 199              		.type	Codec_SetMicBoost, %function
 200              	Codec_SetMicBoost:
 201              	.LFB7:
 229:.\Codec.c     **** 
 230:.\Codec.c     **** /*******************************************************************************
 231:.\Codec.c     **** * Function Name: Codec_SetMicBoost
 232:.\Codec.c     **** ********************************************************************************
 233:.\Codec.c     **** * Summary:
 234:.\Codec.c     **** *   Enables/Disables microphone boost (amplification)
 235:.\Codec.c     **** *
 236:.\Codec.c     **** *
 237:.\Codec.c     **** * Parameters:  
 238:.\Codec.c     **** *	micBoost -       0 - Disable
 239:.\Codec.c     **** *					 1 - Enable
 240:.\Codec.c     **** *
 241:.\Codec.c     **** * Return:
 242:.\Codec.c     **** *   uint8 - I2C master transaction error status
 243:.\Codec.c     **** *				CodecI2CM_I2C_MSTR_NO_ERROR - Function complete without error                       
 244:.\Codec.c     **** *				CodecI2CM_I2C_MSTR_ERR_ARB_LOST - Master lost arbitration: INTR_MASTER_I2C_ARB_LOST    
 245:.\Codec.c     **** *				CodecI2CM_I2C_MSTR_ERR_LB_NAK - Last Byte NACKed: INTR_MASTER_I2C_NACK               
 246:.\Codec.c     **** *				CodecI2CM_I2C_MSTR_NOT_READY - Master on the bus or Slave operation is in progress  
 247:.\Codec.c     **** *				CodecI2CM_I2C_MSTR_BUS_BUSY - Bus is busy, process not started
 248:.\Codec.c     **** *				CodecI2CM_I2C_MSTR_ERR_ABORT_START - Slave was addressed before master begin Start
 249:.\Codec.c     **** *				CodecI2CM_I2C_MSTR_ERR_BUS_ERR - Bus error has: INTR_MASTER_I2C_BUS_ERROR 
 250:.\Codec.c     **** *
 251:.\Codec.c     **** *******************************************************************************/
 252:.\Codec.c     **** uint8 Codec_SetMicBoost(bool micBoost)
 253:.\Codec.c     **** {
 202              		.loc 1 253 0
 203              		.cfi_startproc
ARM GAS  C:\Users\Terence\AppData\Local\Temp\ccCrSORS.s 			page 9


 204              	.LVL23:
 205 0000 08B5     		push	{r3, lr}
 206              		.cfi_def_cfa_offset 8
 207              		.cfi_offset 3, -8
 208              		.cfi_offset 14, -4
 254:.\Codec.c     **** 	Codec_analogPathSetting &= ~(CODEC_ANALOG_CTRL_MICBOOST);
 209              		.loc 1 254 0
 210 0002 084A     		ldr	r2, .L13
 211 0004 1388     		ldrh	r3, [r2]
 212 0006 0121     		mov	r1, #1
 213 0008 8B43     		bic	r3, r1
 214 000a 1380     		strh	r3, [r2]
 255:.\Codec.c     **** 	
 256:.\Codec.c     **** 	if(micBoost)
 215              		.loc 1 256 0
 216 000c 0028     		cmp	r0, #0
 217 000e 03D0     		beq	.L12
 257:.\Codec.c     **** 	{
 258:.\Codec.c     **** 		Codec_analogPathSetting |= CODEC_ANALOG_CTRL_MICBOOST;		
 218              		.loc 1 258 0
 219 0010 0122     		mov	r2, #1
 220 0012 1343     		orr	r3, r2
 221 0014 034A     		ldr	r2, .L13
 222 0016 1380     		strh	r3, [r2]
 223              	.L12:
 259:.\Codec.c     **** 	}
 260:.\Codec.c     **** 	
 261:.\Codec.c     **** 	return Codec_SendData(CODEC_REG_ANALOG_CTRL, Codec_analogPathSetting);
 224              		.loc 1 261 0
 225 0018 024B     		ldr	r3, .L13
 226 001a 1988     		ldrh	r1, [r3]
 227 001c 0420     		mov	r0, #4
 228              	.LVL24:
 229 001e FFF7FEFF 		bl	Codec_SendData
 230              	.LVL25:
 262:.\Codec.c     **** }
 231              		.loc 1 262 0
 232              		@ sp needed
 233 0022 08BD     		pop	{r3, pc}
 234              	.L14:
 235              		.align	2
 236              	.L13:
 237 0024 00000000 		.word	.LANCHOR0
 238              		.cfi_endproc
 239              	.LFE7:
 240              		.size	Codec_SetMicBoost, .-Codec_SetMicBoost
 241              		.section	.text.Codec_Activate,"ax",%progbits
 242              		.align	2
 243              		.global	Codec_Activate
 244              		.code	16
 245              		.thumb_func
 246              		.type	Codec_Activate, %function
 247              	Codec_Activate:
 248              	.LFB8:
 263:.\Codec.c     **** 
 264:.\Codec.c     **** /*******************************************************************************
 265:.\Codec.c     **** * Function Name: Codec_Activate
ARM GAS  C:\Users\Terence\AppData\Local\Temp\ccCrSORS.s 			page 10


 266:.\Codec.c     **** ********************************************************************************
 267:.\Codec.c     **** * Summary:
 268:.\Codec.c     **** *   Activates the codec - This function is called in conjunction with Codec_Deactivate API
 269:.\Codec.c     **** *	after successful configuration update of the codec.
 270:.\Codec.c     **** *
 271:.\Codec.c     **** *
 272:.\Codec.c     **** * Parameters:  
 273:.\Codec.c     **** *	None
 274:.\Codec.c     **** *
 275:.\Codec.c     **** * Return:
 276:.\Codec.c     **** *   uint8 - I2C master transaction error status
 277:.\Codec.c     **** *				CodecI2CM_I2C_MSTR_NO_ERROR - Function complete without error                       
 278:.\Codec.c     **** *				CodecI2CM_I2C_MSTR_ERR_ARB_LOST - Master lost arbitration: INTR_MASTER_I2C_ARB_LOST    
 279:.\Codec.c     **** *				CodecI2CM_I2C_MSTR_ERR_LB_NAK - Last Byte NACKed: INTR_MASTER_I2C_NACK               
 280:.\Codec.c     **** *				CodecI2CM_I2C_MSTR_NOT_READY - Master on the bus or Slave operation is in progress  
 281:.\Codec.c     **** *				CodecI2CM_I2C_MSTR_BUS_BUSY - Bus is busy, process not started
 282:.\Codec.c     **** *				CodecI2CM_I2C_MSTR_ERR_ABORT_START - Slave was addressed before master begin Start
 283:.\Codec.c     **** *				CodecI2CM_I2C_MSTR_ERR_BUS_ERR - Bus error has: INTR_MASTER_I2C_BUS_ERROR 
 284:.\Codec.c     **** *
 285:.\Codec.c     **** *******************************************************************************/
 286:.\Codec.c     **** uint8 Codec_Activate(void)
 287:.\Codec.c     **** {
 249              		.loc 1 287 0
 250              		.cfi_startproc
 251 0000 08B5     		push	{r3, lr}
 252              		.cfi_def_cfa_offset 8
 253              		.cfi_offset 3, -8
 254              		.cfi_offset 14, -4
 288:.\Codec.c     **** 	return Codec_SendData(CODEC_REG_ACTIVATE, CODEC_CTRL_ACTIVATE); 
 255              		.loc 1 288 0
 256 0002 0920     		mov	r0, #9
 257 0004 0121     		mov	r1, #1
 258 0006 FFF7FEFF 		bl	Codec_SendData
 259              	.LVL26:
 289:.\Codec.c     **** }
 260              		.loc 1 289 0
 261              		@ sp needed
 262 000a 08BD     		pop	{r3, pc}
 263              		.cfi_endproc
 264              	.LFE8:
 265              		.size	Codec_Activate, .-Codec_Activate
 266              		.section	.text.Codec_Deactivate,"ax",%progbits
 267              		.align	2
 268              		.global	Codec_Deactivate
 269              		.code	16
 270              		.thumb_func
 271              		.type	Codec_Deactivate, %function
 272              	Codec_Deactivate:
 273              	.LFB9:
 290:.\Codec.c     **** 
 291:.\Codec.c     **** /*******************************************************************************
 292:.\Codec.c     **** * Function Name: Codec_Deactivate
 293:.\Codec.c     **** ********************************************************************************
 294:.\Codec.c     **** * Summary:
 295:.\Codec.c     **** *   Deactivates the CODEC - the configuration is retained, just the CODEC input/outputs are
 296:.\Codec.c     **** *	disabled. The function should be called before changing any setting in the codec over I2C
 297:.\Codec.c     **** *
ARM GAS  C:\Users\Terence\AppData\Local\Temp\ccCrSORS.s 			page 11


 298:.\Codec.c     **** *
 299:.\Codec.c     **** * Parameters:  
 300:.\Codec.c     **** *	None
 301:.\Codec.c     **** *
 302:.\Codec.c     **** * Return:
 303:.\Codec.c     **** *   uint8 - I2C master transaction error status
 304:.\Codec.c     **** *				CodecI2CM_I2C_MSTR_NO_ERROR - Function complete without error                       
 305:.\Codec.c     **** *				CodecI2CM_I2C_MSTR_ERR_ARB_LOST - Master lost arbitration: INTR_MASTER_I2C_ARB_LOST    
 306:.\Codec.c     **** *				CodecI2CM_I2C_MSTR_ERR_LB_NAK - Last Byte NACKed: INTR_MASTER_I2C_NACK               
 307:.\Codec.c     **** *				CodecI2CM_I2C_MSTR_NOT_READY - Master on the bus or Slave operation is in progress  
 308:.\Codec.c     **** *				CodecI2CM_I2C_MSTR_BUS_BUSY - Bus is busy, process not started
 309:.\Codec.c     **** *				CodecI2CM_I2C_MSTR_ERR_ABORT_START - Slave was addressed before master begin Start
 310:.\Codec.c     **** *				CodecI2CM_I2C_MSTR_ERR_BUS_ERR - Bus error has: INTR_MASTER_I2C_BUS_ERROR 
 311:.\Codec.c     **** *
 312:.\Codec.c     **** *******************************************************************************/
 313:.\Codec.c     **** uint8 Codec_Deactivate(void)
 314:.\Codec.c     **** {
 274              		.loc 1 314 0
 275              		.cfi_startproc
 276 0000 08B5     		push	{r3, lr}
 277              		.cfi_def_cfa_offset 8
 278              		.cfi_offset 3, -8
 279              		.cfi_offset 14, -4
 315:.\Codec.c     **** 	return Codec_SendData(CODEC_REG_ACTIVATE, CODEC_CTRL_DEACTIVATE); 
 280              		.loc 1 315 0
 281 0002 0920     		mov	r0, #9
 282 0004 0021     		mov	r1, #0
 283 0006 FFF7FEFF 		bl	Codec_SendData
 284              	.LVL27:
 316:.\Codec.c     **** }
 285              		.loc 1 316 0
 286              		@ sp needed
 287 000a 08BD     		pop	{r3, pc}
 288              		.cfi_endproc
 289              	.LFE9:
 290              		.size	Codec_Deactivate, .-Codec_Deactivate
 291              		.section	.text.Codec_ResetOverI2C,"ax",%progbits
 292              		.align	2
 293              		.global	Codec_ResetOverI2C
 294              		.code	16
 295              		.thumb_func
 296              		.type	Codec_ResetOverI2C, %function
 297              	Codec_ResetOverI2C:
 298              	.LFB10:
 317:.\Codec.c     **** 
 318:.\Codec.c     **** /*******************************************************************************
 319:.\Codec.c     **** * Function Name: Codec_ResetOverI2C
 320:.\Codec.c     **** ********************************************************************************
 321:.\Codec.c     **** * Summary:
 322:.\Codec.c     **** *   Resets the codec by sending an I2C command
 323:.\Codec.c     **** *
 324:.\Codec.c     **** * Parameters:  
 325:.\Codec.c     **** *	None
 326:.\Codec.c     **** *
 327:.\Codec.c     **** * Return:
 328:.\Codec.c     **** *   uint8 - I2C master transaction error status
 329:.\Codec.c     **** *				CodecI2CM_I2C_MSTR_NO_ERROR - Function complete without error                       
ARM GAS  C:\Users\Terence\AppData\Local\Temp\ccCrSORS.s 			page 12


 330:.\Codec.c     **** *				CodecI2CM_I2C_MSTR_ERR_ARB_LOST - Master lost arbitration: INTR_MASTER_I2C_ARB_LOST    
 331:.\Codec.c     **** *				CodecI2CM_I2C_MSTR_ERR_LB_NAK - Last Byte NACKed: INTR_MASTER_I2C_NACK               
 332:.\Codec.c     **** *				CodecI2CM_I2C_MSTR_NOT_READY - Master on the bus or Slave operation is in progress  
 333:.\Codec.c     **** *				CodecI2CM_I2C_MSTR_BUS_BUSY - Bus is busy, process not started
 334:.\Codec.c     **** *				CodecI2CM_I2C_MSTR_ERR_ABORT_START - Slave was addressed before master begin Start
 335:.\Codec.c     **** *				CodecI2CM_I2C_MSTR_ERR_BUS_ERR - Bus error has: INTR_MASTER_I2C_BUS_ERROR 
 336:.\Codec.c     **** *
 337:.\Codec.c     **** *******************************************************************************/
 338:.\Codec.c     **** uint8 Codec_ResetOverI2C(void)
 339:.\Codec.c     **** {
 299              		.loc 1 339 0
 300              		.cfi_startproc
 301 0000 08B5     		push	{r3, lr}
 302              		.cfi_def_cfa_offset 8
 303              		.cfi_offset 3, -8
 304              		.cfi_offset 14, -4
 340:.\Codec.c     **** 	return Codec_SendData(CODEC_REG_RESET, CODEC_CTRL_RESET);
 305              		.loc 1 340 0
 306 0002 0F20     		mov	r0, #15
 307 0004 0021     		mov	r1, #0
 308 0006 FFF7FEFF 		bl	Codec_SendData
 309              	.LVL28:
 341:.\Codec.c     **** }
 310              		.loc 1 341 0
 311              		@ sp needed
 312 000a 08BD     		pop	{r3, pc}
 313              		.cfi_endproc
 314              	.LFE10:
 315              		.size	Codec_ResetOverI2C, .-Codec_ResetOverI2C
 316              		.section	.text.Codec_Init,"ax",%progbits
 317              		.align	2
 318              		.global	Codec_Init
 319              		.code	16
 320              		.thumb_func
 321              		.type	Codec_Init, %function
 322              	Codec_Init:
 323              	.LFB2:
  71:.\Codec.c     **** 	uint8 ret;
 324              		.loc 1 71 0
 325              		.cfi_startproc
 326 0000 08B5     		push	{r3, lr}
 327              		.cfi_def_cfa_offset 8
 328              		.cfi_offset 3, -8
 329              		.cfi_offset 14, -4
  74:.\Codec.c     **** 	CyDelay(CODEC_RESET_WAIT_DELAY);
 330              		.loc 1 74 0
 331 0002 FFF7FEFF 		bl	Codec_ResetOverI2C
 332              	.LVL29:
  75:.\Codec.c     **** 	
 333              		.loc 1 75 0
 334 0006 0A20     		mov	r0, #10
 335 0008 FFF7FEFF 		bl	CyDelay
 336              	.LVL30:
  77:.\Codec.c     **** 	ret = Codec_SendData(CODEC_REG_ANALOG_CTRL, CODEC_DEF_ANALOG_CTRL);
 337              		.loc 1 77 0
 338 000c 0020     		mov	r0, #0
 339 000e FFF7FEFF 		bl	Codec_AdjustBothHeadphoneVolume
ARM GAS  C:\Users\Terence\AppData\Local\Temp\ccCrSORS.s 			page 13


 340              	.LVL31:
  78:.\Codec.c     **** 	ret = Codec_SendData(CODEC_REG_DIGITAL_CTRL, CODEC_DEF_DIGITAL_CTRL);
 341              		.loc 1 78 0
 342 0012 0420     		mov	r0, #4
 343 0014 3421     		mov	r1, #52
 344 0016 FFF7FEFF 		bl	Codec_SendData
 345              	.LVL32:
  79:.\Codec.c     **** 	ret = Codec_SendData(CODEC_REG_POWER_CTRL, CODEC_DEF_POWER_CTRL);
 346              		.loc 1 79 0
 347 001a 0520     		mov	r0, #5
 348 001c 1021     		mov	r1, #16
 349 001e FFF7FEFF 		bl	Codec_SendData
 350              	.LVL33:
  80:.\Codec.c     **** 	ret = Codec_SetSamplingRate(CODEC_DEF_SAMPLING_RATE);
 351              		.loc 1 80 0
 352 0022 0620     		mov	r0, #6
 353 0024 6121     		mov	r1, #97
 354 0026 FFF7FEFF 		bl	Codec_SendData
 355              	.LVL34:
  81:.\Codec.c     **** 	
 356              		.loc 1 81 0
 357 002a 0020     		mov	r0, #0
 358 002c FFF7FEFF 		bl	Codec_SetSamplingRate
 359              	.LVL35:
  84:.\Codec.c     **** 
 360              		.loc 1 84 0
 361              		@ sp needed
 362 0030 08BD     		pop	{r3, pc}
 363              		.cfi_endproc
 364              	.LFE2:
 365              		.size	Codec_Init, .-Codec_Init
 366 0032 C046     		.section	.text.Codec_PowerOffControl,"ax",%progbits
 367              		.align	2
 368              		.global	Codec_PowerOffControl
 369              		.code	16
 370              		.thumb_func
 371              		.type	Codec_PowerOffControl, %function
 372              	Codec_PowerOffControl:
 373              	.LFB11:
 342:.\Codec.c     **** 	
 343:.\Codec.c     **** /*******************************************************************************
 344:.\Codec.c     **** * Function Name: Codec_PowerOffControl
 345:.\Codec.c     **** ********************************************************************************
 346:.\Codec.c     **** * Summary:
 347:.\Codec.c     **** *   Disables power for various blocks in the codec
 348:.\Codec.c     **** *
 349:.\Codec.c     **** *
 350:.\Codec.c     **** * Parameters:  
 351:.\Codec.c     **** *	powerOffMask - Bit(s) mask for the power off control 
 352:.\Codec.c     **** *                   Refer to bit settings available for CODEC_REG_POWER_CTRL in 
 353:.\Codec.c     **** *                   Codec.h
 354:.\Codec.c     **** *
 355:.\Codec.c     **** * Return:
 356:.\Codec.c     **** *   uint8 - I2C master transaction error status
 357:.\Codec.c     **** *				CodecI2CM_I2C_MSTR_NO_ERROR - Function complete without error                       
 358:.\Codec.c     **** *				CodecI2CM_I2C_MSTR_ERR_ARB_LOST - Master lost arbitration: INTR_MASTER_I2C_ARB_LOST    
 359:.\Codec.c     **** *				CodecI2CM_I2C_MSTR_ERR_LB_NAK - Last Byte NACKed: INTR_MASTER_I2C_NACK               
ARM GAS  C:\Users\Terence\AppData\Local\Temp\ccCrSORS.s 			page 14


 360:.\Codec.c     **** *				CodecI2CM_I2C_MSTR_NOT_READY - Master on the bus or Slave operation is in progress  
 361:.\Codec.c     **** *				CodecI2CM_I2C_MSTR_BUS_BUSY - Bus is busy, process not started
 362:.\Codec.c     **** *				CodecI2CM_I2C_MSTR_ERR_ABORT_START - Slave was addressed before master begin Start
 363:.\Codec.c     **** *				CodecI2CM_I2C_MSTR_ERR_BUS_ERR - Bus error has: INTR_MASTER_I2C_BUS_ERROR 
 364:.\Codec.c     **** *
 365:.\Codec.c     **** *******************************************************************************/
 366:.\Codec.c     **** uint8 Codec_PowerOffControl(uint32 powerOffMask)
 367:.\Codec.c     **** {
 374              		.loc 1 367 0
 375              		.cfi_startproc
 376              	.LVL36:
 377 0000 08B5     		push	{r3, lr}
 378              		.cfi_def_cfa_offset 8
 379              		.cfi_offset 3, -8
 380              		.cfi_offset 14, -4
 368:.\Codec.c     **** 	Codec_powerControlSetting |= powerOffMask;
 381              		.loc 1 368 0
 382 0002 044B     		ldr	r3, .L20
 383 0004 5A68     		ldr	r2, [r3, #4]
 384 0006 1043     		orr	r0, r2
 385              	.LVL37:
 386 0008 5860     		str	r0, [r3, #4]
 369:.\Codec.c     ****     return Codec_SendData(CODEC_REG_POWER_CTRL, Codec_powerControlSetting);
 387              		.loc 1 369 0
 388 000a 81B2     		uxth	r1, r0
 389 000c 0620     		mov	r0, #6
 390 000e FFF7FEFF 		bl	Codec_SendData
 391              	.LVL38:
 370:.\Codec.c     **** }
 392              		.loc 1 370 0
 393              		@ sp needed
 394 0012 08BD     		pop	{r3, pc}
 395              	.L21:
 396              		.align	2
 397              	.L20:
 398 0014 00000000 		.word	.LANCHOR0
 399              		.cfi_endproc
 400              	.LFE11:
 401              		.size	Codec_PowerOffControl, .-Codec_PowerOffControl
 402              		.section	.text.Codec_PowerOnControl,"ax",%progbits
 403              		.align	2
 404              		.global	Codec_PowerOnControl
 405              		.code	16
 406              		.thumb_func
 407              		.type	Codec_PowerOnControl, %function
 408              	Codec_PowerOnControl:
 409              	.LFB12:
 371:.\Codec.c     **** 
 372:.\Codec.c     **** /*******************************************************************************
 373:.\Codec.c     **** * Function Name: Codec_PowerOnControl
 374:.\Codec.c     **** ********************************************************************************
 375:.\Codec.c     **** * Summary:
 376:.\Codec.c     **** *   Enables power for various blocks in the codec
 377:.\Codec.c     **** *
 378:.\Codec.c     **** *
 379:.\Codec.c     **** * Parameters:  
 380:.\Codec.c     **** *	powerOffMask - Bit(s) mask for the power on control 
ARM GAS  C:\Users\Terence\AppData\Local\Temp\ccCrSORS.s 			page 15


 381:.\Codec.c     **** *                   Refer to bit settings available for CODEC_REG_POWER_CTRL in 
 382:.\Codec.c     **** *                   Codec.h
 383:.\Codec.c     **** *
 384:.\Codec.c     **** * Return:
 385:.\Codec.c     **** *   uint8 - I2C master transaction error status
 386:.\Codec.c     **** *				CodecI2CM_I2C_MSTR_NO_ERROR - Function complete without error                       
 387:.\Codec.c     **** *				CodecI2CM_I2C_MSTR_ERR_ARB_LOST - Master lost arbitration: INTR_MASTER_I2C_ARB_LOST    
 388:.\Codec.c     **** *				CodecI2CM_I2C_MSTR_ERR_LB_NAK - Last Byte NACKed: INTR_MASTER_I2C_NACK               
 389:.\Codec.c     **** *				CodecI2CM_I2C_MSTR_NOT_READY - Master on the bus or Slave operation is in progress  
 390:.\Codec.c     **** *				CodecI2CM_I2C_MSTR_BUS_BUSY - Bus is busy, process not started
 391:.\Codec.c     **** *				CodecI2CM_I2C_MSTR_ERR_ABORT_START - Slave was addressed before master begin Start
 392:.\Codec.c     **** *				CodecI2CM_I2C_MSTR_ERR_BUS_ERR - Bus error has: INTR_MASTER_I2C_BUS_ERROR 
 393:.\Codec.c     **** *
 394:.\Codec.c     **** *******************************************************************************/
 395:.\Codec.c     **** uint8 Codec_PowerOnControl(uint32 powerOnMask)
 396:.\Codec.c     **** {
 410              		.loc 1 396 0
 411              		.cfi_startproc
 412              	.LVL39:
 413 0000 08B5     		push	{r3, lr}
 414              		.cfi_def_cfa_offset 8
 415              		.cfi_offset 3, -8
 416              		.cfi_offset 14, -4
 397:.\Codec.c     **** 	Codec_powerControlSetting &= ~powerOnMask;
 417              		.loc 1 397 0
 418 0002 044B     		ldr	r3, .L23
 419 0004 5968     		ldr	r1, [r3, #4]
 420 0006 8143     		bic	r1, r0
 421 0008 5960     		str	r1, [r3, #4]
 398:.\Codec.c     ****     return Codec_SendData(CODEC_REG_POWER_CTRL, Codec_powerControlSetting);
 422              		.loc 1 398 0
 423 000a 89B2     		uxth	r1, r1
 424 000c 0620     		mov	r0, #6
 425              	.LVL40:
 426 000e FFF7FEFF 		bl	Codec_SendData
 427              	.LVL41:
 399:.\Codec.c     **** }
 428              		.loc 1 399 0
 429              		@ sp needed
 430 0012 08BD     		pop	{r3, pc}
 431              	.L24:
 432              		.align	2
 433              	.L23:
 434 0014 00000000 		.word	.LANCHOR0
 435              		.cfi_endproc
 436              	.LFE12:
 437              		.size	Codec_PowerOnControl, .-Codec_PowerOnControl
 438              		.global	Codec_powerControlSetting
 439              		.data
 440              		.align	2
 441              		.set	.LANCHOR0,. + 0
 442              		.type	Codec_analogPathSetting, %object
 443              		.size	Codec_analogPathSetting, 2
 444              	Codec_analogPathSetting:
 445 0000 3400     		.short	52
 446 0002 0000     		.space	2
 447              		.type	Codec_powerControlSetting, %object
ARM GAS  C:\Users\Terence\AppData\Local\Temp\ccCrSORS.s 			page 16


 448              		.size	Codec_powerControlSetting, 4
 449              	Codec_powerControlSetting:
 450 0004 61000000 		.word	97
 451              		.text
 452              	.Letext0:
 453              		.file 2 "Generated_Source\\PSoC4/cytypes.h"
 454              		.file 3 "Generated_Source\\PSoC4/CodecI2CM_I2C.h"
 455              		.file 4 "Generated_Source\\PSoC4/CyLib.h"
 456              		.section	.debug_info,"",%progbits
 457              	.Ldebug_info0:
 458 0000 44040000 		.4byte	0x444
 459 0004 0400     		.2byte	0x4
 460 0006 00000000 		.4byte	.Ldebug_abbrev0
 461 000a 04       		.byte	0x4
 462 000b 01       		.uleb128 0x1
 463 000c 5E020000 		.4byte	.LASF40
 464 0010 01       		.byte	0x1
 465 0011 0F010000 		.4byte	.LASF41
 466 0015 58010000 		.4byte	.LASF42
 467 0019 00000000 		.4byte	.Ldebug_ranges0+0
 468 001d 00000000 		.4byte	0
 469 0021 00000000 		.4byte	.Ldebug_line0
 470 0025 02       		.uleb128 0x2
 471 0026 01       		.byte	0x1
 472 0027 06       		.byte	0x6
 473 0028 32030000 		.4byte	.LASF0
 474 002c 02       		.uleb128 0x2
 475 002d 01       		.byte	0x1
 476 002e 08       		.byte	0x8
 477 002f C8000000 		.4byte	.LASF1
 478 0033 02       		.uleb128 0x2
 479 0034 02       		.byte	0x2
 480 0035 05       		.byte	0x5
 481 0036 04030000 		.4byte	.LASF2
 482 003a 02       		.uleb128 0x2
 483 003b 02       		.byte	0x2
 484 003c 07       		.byte	0x7
 485 003d 2B000000 		.4byte	.LASF3
 486 0041 02       		.uleb128 0x2
 487 0042 04       		.byte	0x4
 488 0043 05       		.byte	0x5
 489 0044 24030000 		.4byte	.LASF4
 490 0048 02       		.uleb128 0x2
 491 0049 04       		.byte	0x4
 492 004a 07       		.byte	0x7
 493 004b 9F000000 		.4byte	.LASF5
 494 004f 02       		.uleb128 0x2
 495 0050 08       		.byte	0x8
 496 0051 05       		.byte	0x5
 497 0052 35020000 		.4byte	.LASF6
 498 0056 02       		.uleb128 0x2
 499 0057 08       		.byte	0x8
 500 0058 07       		.byte	0x7
 501 0059 52000000 		.4byte	.LASF7
 502 005d 03       		.uleb128 0x3
 503 005e 04       		.byte	0x4
 504 005f 05       		.byte	0x5
ARM GAS  C:\Users\Terence\AppData\Local\Temp\ccCrSORS.s 			page 17


 505 0060 696E7400 		.ascii	"int\000"
 506 0064 02       		.uleb128 0x2
 507 0065 04       		.byte	0x4
 508 0066 07       		.byte	0x7
 509 0067 36010000 		.4byte	.LASF8
 510 006b 04       		.uleb128 0x4
 511 006c B6000000 		.4byte	.LASF9
 512 0070 02       		.byte	0x2
 513 0071 3801     		.2byte	0x138
 514 0073 2C000000 		.4byte	0x2c
 515 0077 04       		.uleb128 0x4
 516 0078 08010000 		.4byte	.LASF10
 517 007c 02       		.byte	0x2
 518 007d 3901     		.2byte	0x139
 519 007f 3A000000 		.4byte	0x3a
 520 0083 04       		.uleb128 0x4
 521 0084 19010000 		.4byte	.LASF11
 522 0088 02       		.byte	0x2
 523 0089 3A01     		.2byte	0x13a
 524 008b 48000000 		.4byte	0x48
 525 008f 02       		.uleb128 0x2
 526 0090 04       		.byte	0x4
 527 0091 04       		.byte	0x4
 528 0092 47000000 		.4byte	.LASF12
 529 0096 02       		.uleb128 0x2
 530 0097 08       		.byte	0x8
 531 0098 04       		.byte	0x4
 532 0099 D6000000 		.4byte	.LASF13
 533 009d 02       		.uleb128 0x2
 534 009e 01       		.byte	0x1
 535 009f 08       		.byte	0x8
 536 00a0 2D030000 		.4byte	.LASF14
 537 00a4 02       		.uleb128 0x2
 538 00a5 04       		.byte	0x4
 539 00a6 07       		.byte	0x7
 540 00a7 2C020000 		.4byte	.LASF15
 541 00ab 05       		.uleb128 0x5
 542 00ac 4F020000 		.4byte	.LASF18
 543 00b0 01       		.byte	0x1
 544 00b1 6C       		.byte	0x6c
 545 00b2 6B000000 		.4byte	0x6b
 546 00b6 00000000 		.4byte	.LFB3
 547 00ba 3A000000 		.4byte	.LFE3-.LFB3
 548 00be 01       		.uleb128 0x1
 549 00bf 9C       		.byte	0x9c
 550 00c0 47010000 		.4byte	0x147
 551 00c4 06       		.uleb128 0x6
 552 00c5 24020000 		.4byte	.LASF16
 553 00c9 01       		.byte	0x1
 554 00ca 6C       		.byte	0x6c
 555 00cb 6B000000 		.4byte	0x6b
 556 00cf 00000000 		.4byte	.LLST0
 557 00d3 06       		.uleb128 0x6
 558 00d4 4D000000 		.4byte	.LASF17
 559 00d8 01       		.byte	0x1
 560 00d9 6C       		.byte	0x6c
 561 00da 77000000 		.4byte	0x77
ARM GAS  C:\Users\Terence\AppData\Local\Temp\ccCrSORS.s 			page 18


 562 00de 21000000 		.4byte	.LLST1
 563 00e2 07       		.uleb128 0x7
 564 00e3 B1000000 		.4byte	.LASF32
 565 00e7 01       		.byte	0x1
 566 00e8 6E       		.byte	0x6e
 567 00e9 6B000000 		.4byte	0x6b
 568 00ed 42000000 		.4byte	.LLST2
 569 00f1 08       		.uleb128 0x8
 570 00f2 0E000000 		.4byte	.LVL3
 571 00f6 00040000 		.4byte	0x400
 572 00fa 09010000 		.4byte	0x109
 573 00fe 09       		.uleb128 0x9
 574 00ff 01       		.uleb128 0x1
 575 0100 51       		.byte	0x51
 576 0101 01       		.uleb128 0x1
 577 0102 30       		.byte	0x30
 578 0103 09       		.uleb128 0x9
 579 0104 01       		.uleb128 0x1
 580 0105 50       		.byte	0x50
 581 0106 01       		.uleb128 0x1
 582 0107 4A       		.byte	0x4a
 583 0108 00       		.byte	0
 584 0109 08       		.uleb128 0x8
 585 010a 20000000 		.4byte	.LVL6
 586 010e 1A040000 		.4byte	0x41a
 587 0112 26010000 		.4byte	0x126
 588 0116 09       		.uleb128 0x9
 589 0117 01       		.uleb128 0x1
 590 0118 50       		.byte	0x50
 591 0119 0B       		.uleb128 0xb
 592 011a 75       		.byte	0x75
 593 011b 00       		.sleb128 0
 594 011c 31       		.byte	0x31
 595 011d 24       		.byte	0x24
 596 011e 74       		.byte	0x74
 597 011f 00       		.sleb128 0
 598 0120 47       		.byte	0x47
 599 0121 24       		.byte	0x24
 600 0122 4F       		.byte	0x4f
 601 0123 25       		.byte	0x25
 602 0124 21       		.byte	0x21
 603 0125 00       		.byte	0
 604 0126 08       		.uleb128 0x8
 605 0127 2C000000 		.4byte	.LVL9
 606 012b 1A040000 		.4byte	0x41a
 607 012f 3D010000 		.4byte	0x13d
 608 0133 09       		.uleb128 0x9
 609 0134 01       		.uleb128 0x1
 610 0135 50       		.byte	0x50
 611 0136 05       		.uleb128 0x5
 612 0137 74       		.byte	0x74
 613 0138 00       		.sleb128 0
 614 0139 08       		.byte	0x8
 615 013a FF       		.byte	0xff
 616 013b 1A       		.byte	0x1a
 617 013c 00       		.byte	0
 618 013d 0A       		.uleb128 0xa
ARM GAS  C:\Users\Terence\AppData\Local\Temp\ccCrSORS.s 			page 19


 619 013e 36000000 		.4byte	.LVL11
 620 0142 2F040000 		.4byte	0x42f
 621 0146 00       		.byte	0
 622 0147 05       		.uleb128 0x5
 623 0148 20010000 		.4byte	.LASF19
 624 014c 01       		.byte	0x1
 625 014d 9A       		.byte	0x9a
 626 014e 6B000000 		.4byte	0x6b
 627 0152 00000000 		.4byte	.LFB4
 628 0156 0C000000 		.4byte	.LFE4-.LFB4
 629 015a 01       		.uleb128 0x1
 630 015b 9C       		.byte	0x9c
 631 015c 7F010000 		.4byte	0x17f
 632 0160 06       		.uleb128 0x6
 633 0161 BC000000 		.4byte	.LASF20
 634 0165 01       		.byte	0x1
 635 0166 9A       		.byte	0x9a
 636 0167 6B000000 		.4byte	0x6b
 637 016b 76000000 		.4byte	.LLST3
 638 016f 0B       		.uleb128 0xb
 639 0170 0A000000 		.4byte	.LVL15
 640 0174 AB000000 		.4byte	0xab
 641 0178 09       		.uleb128 0x9
 642 0179 01       		.uleb128 0x1
 643 017a 50       		.byte	0x50
 644 017b 01       		.uleb128 0x1
 645 017c 38       		.byte	0x38
 646 017d 00       		.byte	0
 647 017e 00       		.byte	0
 648 017f 05       		.uleb128 0x5
 649 0180 DD000000 		.4byte	.LASF21
 650 0184 01       		.byte	0x1
 651 0185 BA       		.byte	0xba
 652 0186 6B000000 		.4byte	0x6b
 653 018a 00000000 		.4byte	.LFB5
 654 018e 16000000 		.4byte	.LFE5-.LFB5
 655 0192 01       		.uleb128 0x1
 656 0193 9C       		.byte	0x9c
 657 0194 B7010000 		.4byte	0x1b7
 658 0198 06       		.uleb128 0x6
 659 0199 1D030000 		.4byte	.LASF22
 660 019d 01       		.byte	0x1
 661 019e BA       		.byte	0xba
 662 019f 6B000000 		.4byte	0x6b
 663 01a3 97000000 		.4byte	.LLST4
 664 01a7 0B       		.uleb128 0xb
 665 01a8 14000000 		.4byte	.LVL19
 666 01ac AB000000 		.4byte	0xab
 667 01b0 09       		.uleb128 0x9
 668 01b1 01       		.uleb128 0x1
 669 01b2 50       		.byte	0x50
 670 01b3 01       		.uleb128 0x1
 671 01b4 32       		.byte	0x32
 672 01b5 00       		.byte	0
 673 01b6 00       		.byte	0
 674 01b7 05       		.uleb128 0x5
 675 01b8 00000000 		.4byte	.LASF23
ARM GAS  C:\Users\Terence\AppData\Local\Temp\ccCrSORS.s 			page 20


 676 01bc 01       		.byte	0x1
 677 01bd DA       		.byte	0xda
 678 01be 6B000000 		.4byte	0x6b
 679 01c2 00000000 		.4byte	.LFB6
 680 01c6 28000000 		.4byte	.LFE6-.LFB6
 681 01ca 01       		.uleb128 0x1
 682 01cb 9C       		.byte	0x9c
 683 01cc EF010000 		.4byte	0x1ef
 684 01d0 06       		.uleb128 0x6
 685 01d1 0E030000 		.4byte	.LASF24
 686 01d5 01       		.byte	0x1
 687 01d6 DA       		.byte	0xda
 688 01d7 EF010000 		.4byte	0x1ef
 689 01db B5000000 		.4byte	.LLST5
 690 01df 0B       		.uleb128 0xb
 691 01e0 22000000 		.4byte	.LVL22
 692 01e4 AB000000 		.4byte	0xab
 693 01e8 09       		.uleb128 0x9
 694 01e9 01       		.uleb128 0x1
 695 01ea 50       		.byte	0x50
 696 01eb 01       		.uleb128 0x1
 697 01ec 34       		.byte	0x34
 698 01ed 00       		.byte	0
 699 01ee 00       		.byte	0
 700 01ef 02       		.uleb128 0x2
 701 01f0 01       		.byte	0x1
 702 01f1 02       		.byte	0x2
 703 01f2 4F030000 		.4byte	.LASF25
 704 01f6 05       		.uleb128 0x5
 705 01f7 03020000 		.4byte	.LASF26
 706 01fb 01       		.byte	0x1
 707 01fc FC       		.byte	0xfc
 708 01fd 6B000000 		.4byte	0x6b
 709 0201 00000000 		.4byte	.LFB7
 710 0205 28000000 		.4byte	.LFE7-.LFB7
 711 0209 01       		.uleb128 0x1
 712 020a 9C       		.byte	0x9c
 713 020b 2E020000 		.4byte	0x22e
 714 020f 06       		.uleb128 0x6
 715 0210 3E000000 		.4byte	.LASF27
 716 0214 01       		.byte	0x1
 717 0215 FC       		.byte	0xfc
 718 0216 EF010000 		.4byte	0x1ef
 719 021a D6000000 		.4byte	.LLST6
 720 021e 0B       		.uleb128 0xb
 721 021f 22000000 		.4byte	.LVL25
 722 0223 AB000000 		.4byte	0xab
 723 0227 09       		.uleb128 0x9
 724 0228 01       		.uleb128 0x1
 725 0229 50       		.byte	0x50
 726 022a 01       		.uleb128 0x1
 727 022b 34       		.byte	0x34
 728 022c 00       		.byte	0
 729 022d 00       		.byte	0
 730 022e 0C       		.uleb128 0xc
 731 022f 15020000 		.4byte	.LASF28
 732 0233 01       		.byte	0x1
ARM GAS  C:\Users\Terence\AppData\Local\Temp\ccCrSORS.s 			page 21


 733 0234 1E01     		.2byte	0x11e
 734 0236 6B000000 		.4byte	0x6b
 735 023a 00000000 		.4byte	.LFB8
 736 023e 0C000000 		.4byte	.LFE8-.LFB8
 737 0242 01       		.uleb128 0x1
 738 0243 9C       		.byte	0x9c
 739 0244 5D020000 		.4byte	0x25d
 740 0248 0B       		.uleb128 0xb
 741 0249 0A000000 		.4byte	.LVL26
 742 024d AB000000 		.4byte	0xab
 743 0251 09       		.uleb128 0x9
 744 0252 01       		.uleb128 0x1
 745 0253 51       		.byte	0x51
 746 0254 01       		.uleb128 0x1
 747 0255 31       		.byte	0x31
 748 0256 09       		.uleb128 0x9
 749 0257 01       		.uleb128 0x1
 750 0258 50       		.byte	0x50
 751 0259 01       		.uleb128 0x1
 752 025a 39       		.byte	0x39
 753 025b 00       		.byte	0
 754 025c 00       		.byte	0
 755 025d 0C       		.uleb128 0xc
 756 025e 3E030000 		.4byte	.LASF29
 757 0262 01       		.byte	0x1
 758 0263 3901     		.2byte	0x139
 759 0265 6B000000 		.4byte	0x6b
 760 0269 00000000 		.4byte	.LFB9
 761 026d 0C000000 		.4byte	.LFE9-.LFB9
 762 0271 01       		.uleb128 0x1
 763 0272 9C       		.byte	0x9c
 764 0273 8C020000 		.4byte	0x28c
 765 0277 0B       		.uleb128 0xb
 766 0278 0A000000 		.4byte	.LVL27
 767 027c AB000000 		.4byte	0xab
 768 0280 09       		.uleb128 0x9
 769 0281 01       		.uleb128 0x1
 770 0282 51       		.byte	0x51
 771 0283 01       		.uleb128 0x1
 772 0284 30       		.byte	0x30
 773 0285 09       		.uleb128 0x9
 774 0286 01       		.uleb128 0x1
 775 0287 50       		.byte	0x50
 776 0288 01       		.uleb128 0x1
 777 0289 39       		.byte	0x39
 778 028a 00       		.byte	0
 779 028b 00       		.byte	0
 780 028c 0C       		.uleb128 0xc
 781 028d 69000000 		.4byte	.LASF30
 782 0291 01       		.byte	0x1
 783 0292 5201     		.2byte	0x152
 784 0294 6B000000 		.4byte	0x6b
 785 0298 00000000 		.4byte	.LFB10
 786 029c 0C000000 		.4byte	.LFE10-.LFB10
 787 02a0 01       		.uleb128 0x1
 788 02a1 9C       		.byte	0x9c
 789 02a2 BB020000 		.4byte	0x2bb
ARM GAS  C:\Users\Terence\AppData\Local\Temp\ccCrSORS.s 			page 22


 790 02a6 0B       		.uleb128 0xb
 791 02a7 0A000000 		.4byte	.LVL28
 792 02ab AB000000 		.4byte	0xab
 793 02af 09       		.uleb128 0x9
 794 02b0 01       		.uleb128 0x1
 795 02b1 51       		.byte	0x51
 796 02b2 01       		.uleb128 0x1
 797 02b3 30       		.byte	0x30
 798 02b4 09       		.uleb128 0x9
 799 02b5 01       		.uleb128 0x1
 800 02b6 50       		.byte	0x50
 801 02b7 01       		.uleb128 0x1
 802 02b8 3F       		.byte	0x3f
 803 02b9 00       		.byte	0
 804 02ba 00       		.byte	0
 805 02bb 05       		.uleb128 0x5
 806 02bc FD000000 		.4byte	.LASF31
 807 02c0 01       		.byte	0x1
 808 02c1 46       		.byte	0x46
 809 02c2 6B000000 		.4byte	0x6b
 810 02c6 00000000 		.4byte	.LFB2
 811 02ca 32000000 		.4byte	.LFE2-.LFB2
 812 02ce 01       		.uleb128 0x1
 813 02cf 9C       		.byte	0x9c
 814 02d0 6A030000 		.4byte	0x36a
 815 02d4 0D       		.uleb128 0xd
 816 02d5 72657400 		.ascii	"ret\000"
 817 02d9 01       		.byte	0x1
 818 02da 48       		.byte	0x48
 819 02db 6B000000 		.4byte	0x6b
 820 02df 01       		.uleb128 0x1
 821 02e0 50       		.byte	0x50
 822 02e1 0A       		.uleb128 0xa
 823 02e2 06000000 		.4byte	.LVL29
 824 02e6 8C020000 		.4byte	0x28c
 825 02ea 08       		.uleb128 0x8
 826 02eb 0C000000 		.4byte	.LVL30
 827 02ef 3A040000 		.4byte	0x43a
 828 02f3 FD020000 		.4byte	0x2fd
 829 02f7 09       		.uleb128 0x9
 830 02f8 01       		.uleb128 0x1
 831 02f9 50       		.byte	0x50
 832 02fa 01       		.uleb128 0x1
 833 02fb 3A       		.byte	0x3a
 834 02fc 00       		.byte	0
 835 02fd 08       		.uleb128 0x8
 836 02fe 12000000 		.4byte	.LVL31
 837 0302 7F010000 		.4byte	0x17f
 838 0306 10030000 		.4byte	0x310
 839 030a 09       		.uleb128 0x9
 840 030b 01       		.uleb128 0x1
 841 030c 50       		.byte	0x50
 842 030d 01       		.uleb128 0x1
 843 030e 30       		.byte	0x30
 844 030f 00       		.byte	0
 845 0310 08       		.uleb128 0x8
 846 0311 1A000000 		.4byte	.LVL32
ARM GAS  C:\Users\Terence\AppData\Local\Temp\ccCrSORS.s 			page 23


 847 0315 AB000000 		.4byte	0xab
 848 0319 29030000 		.4byte	0x329
 849 031d 09       		.uleb128 0x9
 850 031e 01       		.uleb128 0x1
 851 031f 51       		.byte	0x51
 852 0320 02       		.uleb128 0x2
 853 0321 08       		.byte	0x8
 854 0322 34       		.byte	0x34
 855 0323 09       		.uleb128 0x9
 856 0324 01       		.uleb128 0x1
 857 0325 50       		.byte	0x50
 858 0326 01       		.uleb128 0x1
 859 0327 34       		.byte	0x34
 860 0328 00       		.byte	0
 861 0329 08       		.uleb128 0x8
 862 032a 22000000 		.4byte	.LVL33
 863 032e AB000000 		.4byte	0xab
 864 0332 41030000 		.4byte	0x341
 865 0336 09       		.uleb128 0x9
 866 0337 01       		.uleb128 0x1
 867 0338 51       		.byte	0x51
 868 0339 01       		.uleb128 0x1
 869 033a 40       		.byte	0x40
 870 033b 09       		.uleb128 0x9
 871 033c 01       		.uleb128 0x1
 872 033d 50       		.byte	0x50
 873 033e 01       		.uleb128 0x1
 874 033f 35       		.byte	0x35
 875 0340 00       		.byte	0
 876 0341 08       		.uleb128 0x8
 877 0342 2A000000 		.4byte	.LVL34
 878 0346 AB000000 		.4byte	0xab
 879 034a 5A030000 		.4byte	0x35a
 880 034e 09       		.uleb128 0x9
 881 034f 01       		.uleb128 0x1
 882 0350 51       		.byte	0x51
 883 0351 02       		.uleb128 0x2
 884 0352 08       		.byte	0x8
 885 0353 61       		.byte	0x61
 886 0354 09       		.uleb128 0x9
 887 0355 01       		.uleb128 0x1
 888 0356 50       		.byte	0x50
 889 0357 01       		.uleb128 0x1
 890 0358 36       		.byte	0x36
 891 0359 00       		.byte	0
 892 035a 0B       		.uleb128 0xb
 893 035b 30000000 		.4byte	.LVL35
 894 035f 47010000 		.4byte	0x147
 895 0363 09       		.uleb128 0x9
 896 0364 01       		.uleb128 0x1
 897 0365 50       		.byte	0x50
 898 0366 01       		.uleb128 0x1
 899 0367 30       		.byte	0x30
 900 0368 00       		.byte	0
 901 0369 00       		.byte	0
 902 036a 0C       		.uleb128 0xc
 903 036b 89000000 		.4byte	.LASF33
ARM GAS  C:\Users\Terence\AppData\Local\Temp\ccCrSORS.s 			page 24


 904 036f 01       		.byte	0x1
 905 0370 6E01     		.2byte	0x16e
 906 0372 6B000000 		.4byte	0x6b
 907 0376 00000000 		.4byte	.LFB11
 908 037a 18000000 		.4byte	.LFE11-.LFB11
 909 037e 01       		.uleb128 0x1
 910 037f 9C       		.byte	0x9c
 911 0380 A4030000 		.4byte	0x3a4
 912 0384 0E       		.uleb128 0xe
 913 0385 7C000000 		.4byte	.LASF34
 914 0389 01       		.byte	0x1
 915 038a 6E01     		.2byte	0x16e
 916 038c 83000000 		.4byte	0x83
 917 0390 F7000000 		.4byte	.LLST7
 918 0394 0B       		.uleb128 0xb
 919 0395 12000000 		.4byte	.LVL38
 920 0399 AB000000 		.4byte	0xab
 921 039d 09       		.uleb128 0x9
 922 039e 01       		.uleb128 0x1
 923 039f 50       		.byte	0x50
 924 03a0 01       		.uleb128 0x1
 925 03a1 36       		.byte	0x36
 926 03a2 00       		.byte	0
 927 03a3 00       		.byte	0
 928 03a4 0C       		.uleb128 0xc
 929 03a5 43010000 		.4byte	.LASF35
 930 03a9 01       		.byte	0x1
 931 03aa 8B01     		.2byte	0x18b
 932 03ac 6B000000 		.4byte	0x6b
 933 03b0 00000000 		.4byte	.LFB12
 934 03b4 18000000 		.4byte	.LFE12-.LFB12
 935 03b8 01       		.uleb128 0x1
 936 03b9 9C       		.byte	0x9c
 937 03ba DE030000 		.4byte	0x3de
 938 03be 0E       		.uleb128 0xe
 939 03bf 43020000 		.4byte	.LASF36
 940 03c3 01       		.byte	0x1
 941 03c4 8B01     		.2byte	0x18b
 942 03c6 83000000 		.4byte	0x83
 943 03ca 18010000 		.4byte	.LLST8
 944 03ce 0B       		.uleb128 0xb
 945 03cf 12000000 		.4byte	.LVL41
 946 03d3 AB000000 		.4byte	0xab
 947 03d7 09       		.uleb128 0x9
 948 03d8 01       		.uleb128 0x1
 949 03d9 50       		.byte	0x50
 950 03da 01       		.uleb128 0x1
 951 03db 36       		.byte	0x36
 952 03dc 00       		.byte	0
 953 03dd 00       		.byte	0
 954 03de 0F       		.uleb128 0xf
 955 03df EC020000 		.4byte	.LASF37
 956 03e3 01       		.byte	0x1
 957 03e4 2E       		.byte	0x2e
 958 03e5 77000000 		.4byte	0x77
 959 03e9 05       		.uleb128 0x5
 960 03ea 03       		.byte	0x3
ARM GAS  C:\Users\Terence\AppData\Local\Temp\ccCrSORS.s 			page 25


 961 03eb 00000000 		.4byte	Codec_analogPathSetting
 962 03ef 10       		.uleb128 0x10
 963 03f0 E9010000 		.4byte	.LASF43
 964 03f4 01       		.byte	0x1
 965 03f5 2F       		.byte	0x2f
 966 03f6 83000000 		.4byte	0x83
 967 03fa 05       		.uleb128 0x5
 968 03fb 03       		.byte	0x3
 969 03fc 00000000 		.4byte	Codec_powerControlSetting
 970 0400 11       		.uleb128 0x11
 971 0401 79030000 		.4byte	.LASF38
 972 0405 03       		.byte	0x3
 973 0406 CC       		.byte	0xcc
 974 0407 83000000 		.4byte	0x83
 975 040b 1A040000 		.4byte	0x41a
 976 040f 12       		.uleb128 0x12
 977 0410 83000000 		.4byte	0x83
 978 0414 12       		.uleb128 0x12
 979 0415 83000000 		.4byte	0x83
 980 0419 00       		.byte	0
 981 041a 11       		.uleb128 0x11
 982 041b 0E000000 		.4byte	.LASF39
 983 041f 03       		.byte	0x3
 984 0420 CF       		.byte	0xcf
 985 0421 83000000 		.4byte	0x83
 986 0425 2F040000 		.4byte	0x42f
 987 0429 12       		.uleb128 0x12
 988 042a 83000000 		.4byte	0x83
 989 042e 00       		.byte	0
 990 042f 13       		.uleb128 0x13
 991 0430 5D030000 		.4byte	.LASF44
 992 0434 03       		.byte	0x3
 993 0435 CE       		.byte	0xce
 994 0436 83000000 		.4byte	0x83
 995 043a 14       		.uleb128 0x14
 996 043b 55030000 		.4byte	.LASF45
 997 043f 04       		.byte	0x4
 998 0440 5A       		.byte	0x5a
 999 0441 12       		.uleb128 0x12
 1000 0442 83000000 		.4byte	0x83
 1001 0446 00       		.byte	0
 1002 0447 00       		.byte	0
 1003              		.section	.debug_abbrev,"",%progbits
 1004              	.Ldebug_abbrev0:
 1005 0000 01       		.uleb128 0x1
 1006 0001 11       		.uleb128 0x11
 1007 0002 01       		.byte	0x1
 1008 0003 25       		.uleb128 0x25
 1009 0004 0E       		.uleb128 0xe
 1010 0005 13       		.uleb128 0x13
 1011 0006 0B       		.uleb128 0xb
 1012 0007 03       		.uleb128 0x3
 1013 0008 0E       		.uleb128 0xe
 1014 0009 1B       		.uleb128 0x1b
 1015 000a 0E       		.uleb128 0xe
 1016 000b 55       		.uleb128 0x55
 1017 000c 17       		.uleb128 0x17
ARM GAS  C:\Users\Terence\AppData\Local\Temp\ccCrSORS.s 			page 26


 1018 000d 11       		.uleb128 0x11
 1019 000e 01       		.uleb128 0x1
 1020 000f 10       		.uleb128 0x10
 1021 0010 17       		.uleb128 0x17
 1022 0011 00       		.byte	0
 1023 0012 00       		.byte	0
 1024 0013 02       		.uleb128 0x2
 1025 0014 24       		.uleb128 0x24
 1026 0015 00       		.byte	0
 1027 0016 0B       		.uleb128 0xb
 1028 0017 0B       		.uleb128 0xb
 1029 0018 3E       		.uleb128 0x3e
 1030 0019 0B       		.uleb128 0xb
 1031 001a 03       		.uleb128 0x3
 1032 001b 0E       		.uleb128 0xe
 1033 001c 00       		.byte	0
 1034 001d 00       		.byte	0
 1035 001e 03       		.uleb128 0x3
 1036 001f 24       		.uleb128 0x24
 1037 0020 00       		.byte	0
 1038 0021 0B       		.uleb128 0xb
 1039 0022 0B       		.uleb128 0xb
 1040 0023 3E       		.uleb128 0x3e
 1041 0024 0B       		.uleb128 0xb
 1042 0025 03       		.uleb128 0x3
 1043 0026 08       		.uleb128 0x8
 1044 0027 00       		.byte	0
 1045 0028 00       		.byte	0
 1046 0029 04       		.uleb128 0x4
 1047 002a 16       		.uleb128 0x16
 1048 002b 00       		.byte	0
 1049 002c 03       		.uleb128 0x3
 1050 002d 0E       		.uleb128 0xe
 1051 002e 3A       		.uleb128 0x3a
 1052 002f 0B       		.uleb128 0xb
 1053 0030 3B       		.uleb128 0x3b
 1054 0031 05       		.uleb128 0x5
 1055 0032 49       		.uleb128 0x49
 1056 0033 13       		.uleb128 0x13
 1057 0034 00       		.byte	0
 1058 0035 00       		.byte	0
 1059 0036 05       		.uleb128 0x5
 1060 0037 2E       		.uleb128 0x2e
 1061 0038 01       		.byte	0x1
 1062 0039 3F       		.uleb128 0x3f
 1063 003a 19       		.uleb128 0x19
 1064 003b 03       		.uleb128 0x3
 1065 003c 0E       		.uleb128 0xe
 1066 003d 3A       		.uleb128 0x3a
 1067 003e 0B       		.uleb128 0xb
 1068 003f 3B       		.uleb128 0x3b
 1069 0040 0B       		.uleb128 0xb
 1070 0041 27       		.uleb128 0x27
 1071 0042 19       		.uleb128 0x19
 1072 0043 49       		.uleb128 0x49
 1073 0044 13       		.uleb128 0x13
 1074 0045 11       		.uleb128 0x11
ARM GAS  C:\Users\Terence\AppData\Local\Temp\ccCrSORS.s 			page 27


 1075 0046 01       		.uleb128 0x1
 1076 0047 12       		.uleb128 0x12
 1077 0048 06       		.uleb128 0x6
 1078 0049 40       		.uleb128 0x40
 1079 004a 18       		.uleb128 0x18
 1080 004b 9742     		.uleb128 0x2117
 1081 004d 19       		.uleb128 0x19
 1082 004e 01       		.uleb128 0x1
 1083 004f 13       		.uleb128 0x13
 1084 0050 00       		.byte	0
 1085 0051 00       		.byte	0
 1086 0052 06       		.uleb128 0x6
 1087 0053 05       		.uleb128 0x5
 1088 0054 00       		.byte	0
 1089 0055 03       		.uleb128 0x3
 1090 0056 0E       		.uleb128 0xe
 1091 0057 3A       		.uleb128 0x3a
 1092 0058 0B       		.uleb128 0xb
 1093 0059 3B       		.uleb128 0x3b
 1094 005a 0B       		.uleb128 0xb
 1095 005b 49       		.uleb128 0x49
 1096 005c 13       		.uleb128 0x13
 1097 005d 02       		.uleb128 0x2
 1098 005e 17       		.uleb128 0x17
 1099 005f 00       		.byte	0
 1100 0060 00       		.byte	0
 1101 0061 07       		.uleb128 0x7
 1102 0062 34       		.uleb128 0x34
 1103 0063 00       		.byte	0
 1104 0064 03       		.uleb128 0x3
 1105 0065 0E       		.uleb128 0xe
 1106 0066 3A       		.uleb128 0x3a
 1107 0067 0B       		.uleb128 0xb
 1108 0068 3B       		.uleb128 0x3b
 1109 0069 0B       		.uleb128 0xb
 1110 006a 49       		.uleb128 0x49
 1111 006b 13       		.uleb128 0x13
 1112 006c 02       		.uleb128 0x2
 1113 006d 17       		.uleb128 0x17
 1114 006e 00       		.byte	0
 1115 006f 00       		.byte	0
 1116 0070 08       		.uleb128 0x8
 1117 0071 898201   		.uleb128 0x4109
 1118 0074 01       		.byte	0x1
 1119 0075 11       		.uleb128 0x11
 1120 0076 01       		.uleb128 0x1
 1121 0077 31       		.uleb128 0x31
 1122 0078 13       		.uleb128 0x13
 1123 0079 01       		.uleb128 0x1
 1124 007a 13       		.uleb128 0x13
 1125 007b 00       		.byte	0
 1126 007c 00       		.byte	0
 1127 007d 09       		.uleb128 0x9
 1128 007e 8A8201   		.uleb128 0x410a
 1129 0081 00       		.byte	0
 1130 0082 02       		.uleb128 0x2
 1131 0083 18       		.uleb128 0x18
ARM GAS  C:\Users\Terence\AppData\Local\Temp\ccCrSORS.s 			page 28


 1132 0084 9142     		.uleb128 0x2111
 1133 0086 18       		.uleb128 0x18
 1134 0087 00       		.byte	0
 1135 0088 00       		.byte	0
 1136 0089 0A       		.uleb128 0xa
 1137 008a 898201   		.uleb128 0x4109
 1138 008d 00       		.byte	0
 1139 008e 11       		.uleb128 0x11
 1140 008f 01       		.uleb128 0x1
 1141 0090 31       		.uleb128 0x31
 1142 0091 13       		.uleb128 0x13
 1143 0092 00       		.byte	0
 1144 0093 00       		.byte	0
 1145 0094 0B       		.uleb128 0xb
 1146 0095 898201   		.uleb128 0x4109
 1147 0098 01       		.byte	0x1
 1148 0099 11       		.uleb128 0x11
 1149 009a 01       		.uleb128 0x1
 1150 009b 31       		.uleb128 0x31
 1151 009c 13       		.uleb128 0x13
 1152 009d 00       		.byte	0
 1153 009e 00       		.byte	0
 1154 009f 0C       		.uleb128 0xc
 1155 00a0 2E       		.uleb128 0x2e
 1156 00a1 01       		.byte	0x1
 1157 00a2 3F       		.uleb128 0x3f
 1158 00a3 19       		.uleb128 0x19
 1159 00a4 03       		.uleb128 0x3
 1160 00a5 0E       		.uleb128 0xe
 1161 00a6 3A       		.uleb128 0x3a
 1162 00a7 0B       		.uleb128 0xb
 1163 00a8 3B       		.uleb128 0x3b
 1164 00a9 05       		.uleb128 0x5
 1165 00aa 27       		.uleb128 0x27
 1166 00ab 19       		.uleb128 0x19
 1167 00ac 49       		.uleb128 0x49
 1168 00ad 13       		.uleb128 0x13
 1169 00ae 11       		.uleb128 0x11
 1170 00af 01       		.uleb128 0x1
 1171 00b0 12       		.uleb128 0x12
 1172 00b1 06       		.uleb128 0x6
 1173 00b2 40       		.uleb128 0x40
 1174 00b3 18       		.uleb128 0x18
 1175 00b4 9742     		.uleb128 0x2117
 1176 00b6 19       		.uleb128 0x19
 1177 00b7 01       		.uleb128 0x1
 1178 00b8 13       		.uleb128 0x13
 1179 00b9 00       		.byte	0
 1180 00ba 00       		.byte	0
 1181 00bb 0D       		.uleb128 0xd
 1182 00bc 34       		.uleb128 0x34
 1183 00bd 00       		.byte	0
 1184 00be 03       		.uleb128 0x3
 1185 00bf 08       		.uleb128 0x8
 1186 00c0 3A       		.uleb128 0x3a
 1187 00c1 0B       		.uleb128 0xb
 1188 00c2 3B       		.uleb128 0x3b
ARM GAS  C:\Users\Terence\AppData\Local\Temp\ccCrSORS.s 			page 29


 1189 00c3 0B       		.uleb128 0xb
 1190 00c4 49       		.uleb128 0x49
 1191 00c5 13       		.uleb128 0x13
 1192 00c6 02       		.uleb128 0x2
 1193 00c7 18       		.uleb128 0x18
 1194 00c8 00       		.byte	0
 1195 00c9 00       		.byte	0
 1196 00ca 0E       		.uleb128 0xe
 1197 00cb 05       		.uleb128 0x5
 1198 00cc 00       		.byte	0
 1199 00cd 03       		.uleb128 0x3
 1200 00ce 0E       		.uleb128 0xe
 1201 00cf 3A       		.uleb128 0x3a
 1202 00d0 0B       		.uleb128 0xb
 1203 00d1 3B       		.uleb128 0x3b
 1204 00d2 05       		.uleb128 0x5
 1205 00d3 49       		.uleb128 0x49
 1206 00d4 13       		.uleb128 0x13
 1207 00d5 02       		.uleb128 0x2
 1208 00d6 17       		.uleb128 0x17
 1209 00d7 00       		.byte	0
 1210 00d8 00       		.byte	0
 1211 00d9 0F       		.uleb128 0xf
 1212 00da 34       		.uleb128 0x34
 1213 00db 00       		.byte	0
 1214 00dc 03       		.uleb128 0x3
 1215 00dd 0E       		.uleb128 0xe
 1216 00de 3A       		.uleb128 0x3a
 1217 00df 0B       		.uleb128 0xb
 1218 00e0 3B       		.uleb128 0x3b
 1219 00e1 0B       		.uleb128 0xb
 1220 00e2 49       		.uleb128 0x49
 1221 00e3 13       		.uleb128 0x13
 1222 00e4 02       		.uleb128 0x2
 1223 00e5 18       		.uleb128 0x18
 1224 00e6 00       		.byte	0
 1225 00e7 00       		.byte	0
 1226 00e8 10       		.uleb128 0x10
 1227 00e9 34       		.uleb128 0x34
 1228 00ea 00       		.byte	0
 1229 00eb 03       		.uleb128 0x3
 1230 00ec 0E       		.uleb128 0xe
 1231 00ed 3A       		.uleb128 0x3a
 1232 00ee 0B       		.uleb128 0xb
 1233 00ef 3B       		.uleb128 0x3b
 1234 00f0 0B       		.uleb128 0xb
 1235 00f1 49       		.uleb128 0x49
 1236 00f2 13       		.uleb128 0x13
 1237 00f3 3F       		.uleb128 0x3f
 1238 00f4 19       		.uleb128 0x19
 1239 00f5 02       		.uleb128 0x2
 1240 00f6 18       		.uleb128 0x18
 1241 00f7 00       		.byte	0
 1242 00f8 00       		.byte	0
 1243 00f9 11       		.uleb128 0x11
 1244 00fa 2E       		.uleb128 0x2e
 1245 00fb 01       		.byte	0x1
ARM GAS  C:\Users\Terence\AppData\Local\Temp\ccCrSORS.s 			page 30


 1246 00fc 3F       		.uleb128 0x3f
 1247 00fd 19       		.uleb128 0x19
 1248 00fe 03       		.uleb128 0x3
 1249 00ff 0E       		.uleb128 0xe
 1250 0100 3A       		.uleb128 0x3a
 1251 0101 0B       		.uleb128 0xb
 1252 0102 3B       		.uleb128 0x3b
 1253 0103 0B       		.uleb128 0xb
 1254 0104 27       		.uleb128 0x27
 1255 0105 19       		.uleb128 0x19
 1256 0106 49       		.uleb128 0x49
 1257 0107 13       		.uleb128 0x13
 1258 0108 3C       		.uleb128 0x3c
 1259 0109 19       		.uleb128 0x19
 1260 010a 01       		.uleb128 0x1
 1261 010b 13       		.uleb128 0x13
 1262 010c 00       		.byte	0
 1263 010d 00       		.byte	0
 1264 010e 12       		.uleb128 0x12
 1265 010f 05       		.uleb128 0x5
 1266 0110 00       		.byte	0
 1267 0111 49       		.uleb128 0x49
 1268 0112 13       		.uleb128 0x13
 1269 0113 00       		.byte	0
 1270 0114 00       		.byte	0
 1271 0115 13       		.uleb128 0x13
 1272 0116 2E       		.uleb128 0x2e
 1273 0117 00       		.byte	0
 1274 0118 3F       		.uleb128 0x3f
 1275 0119 19       		.uleb128 0x19
 1276 011a 03       		.uleb128 0x3
 1277 011b 0E       		.uleb128 0xe
 1278 011c 3A       		.uleb128 0x3a
 1279 011d 0B       		.uleb128 0xb
 1280 011e 3B       		.uleb128 0x3b
 1281 011f 0B       		.uleb128 0xb
 1282 0120 27       		.uleb128 0x27
 1283 0121 19       		.uleb128 0x19
 1284 0122 49       		.uleb128 0x49
 1285 0123 13       		.uleb128 0x13
 1286 0124 3C       		.uleb128 0x3c
 1287 0125 19       		.uleb128 0x19
 1288 0126 00       		.byte	0
 1289 0127 00       		.byte	0
 1290 0128 14       		.uleb128 0x14
 1291 0129 2E       		.uleb128 0x2e
 1292 012a 01       		.byte	0x1
 1293 012b 3F       		.uleb128 0x3f
 1294 012c 19       		.uleb128 0x19
 1295 012d 03       		.uleb128 0x3
 1296 012e 0E       		.uleb128 0xe
 1297 012f 3A       		.uleb128 0x3a
 1298 0130 0B       		.uleb128 0xb
 1299 0131 3B       		.uleb128 0x3b
 1300 0132 0B       		.uleb128 0xb
 1301 0133 27       		.uleb128 0x27
 1302 0134 19       		.uleb128 0x19
ARM GAS  C:\Users\Terence\AppData\Local\Temp\ccCrSORS.s 			page 31


 1303 0135 3C       		.uleb128 0x3c
 1304 0136 19       		.uleb128 0x19
 1305 0137 00       		.byte	0
 1306 0138 00       		.byte	0
 1307 0139 00       		.byte	0
 1308              		.section	.debug_loc,"",%progbits
 1309              	.Ldebug_loc0:
 1310              	.LLST0:
 1311 0000 00000000 		.4byte	.LVL0
 1312 0004 08000000 		.4byte	.LVL1
 1313 0008 0100     		.2byte	0x1
 1314 000a 50       		.byte	0x50
 1315 000b 08000000 		.4byte	.LVL1
 1316 000f 3A000000 		.4byte	.LFE3
 1317 0013 0400     		.2byte	0x4
 1318 0015 F3       		.byte	0xf3
 1319 0016 01       		.uleb128 0x1
 1320 0017 50       		.byte	0x50
 1321 0018 9F       		.byte	0x9f
 1322 0019 00000000 		.4byte	0
 1323 001d 00000000 		.4byte	0
 1324              	.LLST1:
 1325 0021 00000000 		.4byte	.LVL0
 1326 0025 0A000000 		.4byte	.LVL2
 1327 0029 0100     		.2byte	0x1
 1328 002b 51       		.byte	0x51
 1329 002c 0A000000 		.4byte	.LVL2
 1330 0030 3A000000 		.4byte	.LFE3
 1331 0034 0400     		.2byte	0x4
 1332 0036 F3       		.byte	0xf3
 1333 0037 01       		.uleb128 0x1
 1334 0038 51       		.byte	0x51
 1335 0039 9F       		.byte	0x9f
 1336 003a 00000000 		.4byte	0
 1337 003e 00000000 		.4byte	0
 1338              	.LLST2:
 1339 0042 10000000 		.4byte	.LVL4
 1340 0046 16000000 		.4byte	.LVL5
 1341 004a 0100     		.2byte	0x1
 1342 004c 50       		.byte	0x50
 1343 004d 22000000 		.4byte	.LVL7
 1344 0051 28000000 		.4byte	.LVL8
 1345 0055 0100     		.2byte	0x1
 1346 0057 50       		.byte	0x50
 1347 0058 2E000000 		.4byte	.LVL10
 1348 005c 35000000 		.4byte	.LVL11-1
 1349 0060 0100     		.2byte	0x1
 1350 0062 50       		.byte	0x50
 1351 0063 38000000 		.4byte	.LVL12
 1352 0067 3A000000 		.4byte	.LFE3
 1353 006b 0100     		.2byte	0x1
 1354 006d 50       		.byte	0x50
 1355 006e 00000000 		.4byte	0
 1356 0072 00000000 		.4byte	0
 1357              	.LLST3:
 1358 0076 00000000 		.4byte	.LVL13
 1359 007a 06000000 		.4byte	.LVL14
ARM GAS  C:\Users\Terence\AppData\Local\Temp\ccCrSORS.s 			page 32


 1360 007e 0100     		.2byte	0x1
 1361 0080 50       		.byte	0x50
 1362 0081 06000000 		.4byte	.LVL14
 1363 0085 0C000000 		.4byte	.LFE4
 1364 0089 0400     		.2byte	0x4
 1365 008b F3       		.byte	0xf3
 1366 008c 01       		.uleb128 0x1
 1367 008d 50       		.byte	0x50
 1368 008e 9F       		.byte	0x9f
 1369 008f 00000000 		.4byte	0
 1370 0093 00000000 		.4byte	0
 1371              	.LLST4:
 1372 0097 00000000 		.4byte	.LVL16
 1373 009b 08000000 		.4byte	.LVL17
 1374 009f 0100     		.2byte	0x1
 1375 00a1 50       		.byte	0x50
 1376 00a2 08000000 		.4byte	.LVL17
 1377 00a6 10000000 		.4byte	.LVL18
 1378 00aa 0100     		.2byte	0x1
 1379 00ac 50       		.byte	0x50
 1380 00ad 00000000 		.4byte	0
 1381 00b1 00000000 		.4byte	0
 1382              	.LLST5:
 1383 00b5 00000000 		.4byte	.LVL20
 1384 00b9 1E000000 		.4byte	.LVL21
 1385 00bd 0100     		.2byte	0x1
 1386 00bf 50       		.byte	0x50
 1387 00c0 1E000000 		.4byte	.LVL21
 1388 00c4 28000000 		.4byte	.LFE6
 1389 00c8 0400     		.2byte	0x4
 1390 00ca F3       		.byte	0xf3
 1391 00cb 01       		.uleb128 0x1
 1392 00cc 50       		.byte	0x50
 1393 00cd 9F       		.byte	0x9f
 1394 00ce 00000000 		.4byte	0
 1395 00d2 00000000 		.4byte	0
 1396              	.LLST6:
 1397 00d6 00000000 		.4byte	.LVL23
 1398 00da 1E000000 		.4byte	.LVL24
 1399 00de 0100     		.2byte	0x1
 1400 00e0 50       		.byte	0x50
 1401 00e1 1E000000 		.4byte	.LVL24
 1402 00e5 28000000 		.4byte	.LFE7
 1403 00e9 0400     		.2byte	0x4
 1404 00eb F3       		.byte	0xf3
 1405 00ec 01       		.uleb128 0x1
 1406 00ed 50       		.byte	0x50
 1407 00ee 9F       		.byte	0x9f
 1408 00ef 00000000 		.4byte	0
 1409 00f3 00000000 		.4byte	0
 1410              	.LLST7:
 1411 00f7 00000000 		.4byte	.LVL36
 1412 00fb 08000000 		.4byte	.LVL37
 1413 00ff 0100     		.2byte	0x1
 1414 0101 50       		.byte	0x50
 1415 0102 08000000 		.4byte	.LVL37
 1416 0106 18000000 		.4byte	.LFE11
ARM GAS  C:\Users\Terence\AppData\Local\Temp\ccCrSORS.s 			page 33


 1417 010a 0400     		.2byte	0x4
 1418 010c F3       		.byte	0xf3
 1419 010d 01       		.uleb128 0x1
 1420 010e 50       		.byte	0x50
 1421 010f 9F       		.byte	0x9f
 1422 0110 00000000 		.4byte	0
 1423 0114 00000000 		.4byte	0
 1424              	.LLST8:
 1425 0118 00000000 		.4byte	.LVL39
 1426 011c 0E000000 		.4byte	.LVL40
 1427 0120 0100     		.2byte	0x1
 1428 0122 50       		.byte	0x50
 1429 0123 0E000000 		.4byte	.LVL40
 1430 0127 18000000 		.4byte	.LFE12
 1431 012b 0400     		.2byte	0x4
 1432 012d F3       		.byte	0xf3
 1433 012e 01       		.uleb128 0x1
 1434 012f 50       		.byte	0x50
 1435 0130 9F       		.byte	0x9f
 1436 0131 00000000 		.4byte	0
 1437 0135 00000000 		.4byte	0
 1438              		.section	.debug_aranges,"",%progbits
 1439 0000 6C000000 		.4byte	0x6c
 1440 0004 0200     		.2byte	0x2
 1441 0006 00000000 		.4byte	.Ldebug_info0
 1442 000a 04       		.byte	0x4
 1443 000b 00       		.byte	0
 1444 000c 0000     		.2byte	0
 1445 000e 0000     		.2byte	0
 1446 0010 00000000 		.4byte	.LFB3
 1447 0014 3A000000 		.4byte	.LFE3-.LFB3
 1448 0018 00000000 		.4byte	.LFB4
 1449 001c 0C000000 		.4byte	.LFE4-.LFB4
 1450 0020 00000000 		.4byte	.LFB5
 1451 0024 16000000 		.4byte	.LFE5-.LFB5
 1452 0028 00000000 		.4byte	.LFB6
 1453 002c 28000000 		.4byte	.LFE6-.LFB6
 1454 0030 00000000 		.4byte	.LFB7
 1455 0034 28000000 		.4byte	.LFE7-.LFB7
 1456 0038 00000000 		.4byte	.LFB8
 1457 003c 0C000000 		.4byte	.LFE8-.LFB8
 1458 0040 00000000 		.4byte	.LFB9
 1459 0044 0C000000 		.4byte	.LFE9-.LFB9
 1460 0048 00000000 		.4byte	.LFB10
 1461 004c 0C000000 		.4byte	.LFE10-.LFB10
 1462 0050 00000000 		.4byte	.LFB2
 1463 0054 32000000 		.4byte	.LFE2-.LFB2
 1464 0058 00000000 		.4byte	.LFB11
 1465 005c 18000000 		.4byte	.LFE11-.LFB11
 1466 0060 00000000 		.4byte	.LFB12
 1467 0064 18000000 		.4byte	.LFE12-.LFB12
 1468 0068 00000000 		.4byte	0
 1469 006c 00000000 		.4byte	0
 1470              		.section	.debug_ranges,"",%progbits
 1471              	.Ldebug_ranges0:
 1472 0000 00000000 		.4byte	.LFB3
 1473 0004 3A000000 		.4byte	.LFE3
ARM GAS  C:\Users\Terence\AppData\Local\Temp\ccCrSORS.s 			page 34


 1474 0008 00000000 		.4byte	.LFB4
 1475 000c 0C000000 		.4byte	.LFE4
 1476 0010 00000000 		.4byte	.LFB5
 1477 0014 16000000 		.4byte	.LFE5
 1478 0018 00000000 		.4byte	.LFB6
 1479 001c 28000000 		.4byte	.LFE6
 1480 0020 00000000 		.4byte	.LFB7
 1481 0024 28000000 		.4byte	.LFE7
 1482 0028 00000000 		.4byte	.LFB8
 1483 002c 0C000000 		.4byte	.LFE8
 1484 0030 00000000 		.4byte	.LFB9
 1485 0034 0C000000 		.4byte	.LFE9
 1486 0038 00000000 		.4byte	.LFB10
 1487 003c 0C000000 		.4byte	.LFE10
 1488 0040 00000000 		.4byte	.LFB2
 1489 0044 32000000 		.4byte	.LFE2
 1490 0048 00000000 		.4byte	.LFB11
 1491 004c 18000000 		.4byte	.LFE11
 1492 0050 00000000 		.4byte	.LFB12
 1493 0054 18000000 		.4byte	.LFE12
 1494 0058 00000000 		.4byte	0
 1495 005c 00000000 		.4byte	0
 1496              		.section	.debug_line,"",%progbits
 1497              	.Ldebug_line0:
 1498 0000 44010000 		.section	.debug_str,"MS",%progbits,1
 1498      02006200 
 1498      00000201 
 1498      FB0E0D00 
 1498      01010101 
 1499              	.LASF23:
 1500 0000 436F6465 		.ascii	"Codec_MuteMic\000"
 1500      635F4D75 
 1500      74654D69 
 1500      6300
 1501              	.LASF39:
 1502 000e 436F6465 		.ascii	"CodecI2CM_I2CMasterWriteByte\000"
 1502      63493243 
 1502      4D5F4932 
 1502      434D6173 
 1502      74657257 
 1503              	.LASF3:
 1504 002b 73686F72 		.ascii	"short unsigned int\000"
 1504      7420756E 
 1504      7369676E 
 1504      65642069 
 1504      6E7400
 1505              	.LASF27:
 1506 003e 6D696342 		.ascii	"micBoost\000"
 1506      6F6F7374 
 1506      00
 1507              	.LASF12:
 1508 0047 666C6F61 		.ascii	"float\000"
 1508      7400
 1509              	.LASF17:
 1510 004d 64617461 		.ascii	"data\000"
 1510      00
 1511              	.LASF7:
ARM GAS  C:\Users\Terence\AppData\Local\Temp\ccCrSORS.s 			page 35


 1512 0052 6C6F6E67 		.ascii	"long long unsigned int\000"
 1512      206C6F6E 
 1512      6720756E 
 1512      7369676E 
 1512      65642069 
 1513              	.LASF30:
 1514 0069 436F6465 		.ascii	"Codec_ResetOverI2C\000"
 1514      635F5265 
 1514      7365744F 
 1514      76657249 
 1514      324300
 1515              	.LASF34:
 1516 007c 706F7765 		.ascii	"powerOffMask\000"
 1516      724F6666 
 1516      4D61736B 
 1516      00
 1517              	.LASF33:
 1518 0089 436F6465 		.ascii	"Codec_PowerOffControl\000"
 1518      635F506F 
 1518      7765724F 
 1518      6666436F 
 1518      6E74726F 
 1519              	.LASF5:
 1520 009f 6C6F6E67 		.ascii	"long unsigned int\000"
 1520      20756E73 
 1520      69676E65 
 1520      6420696E 
 1520      7400
 1521              	.LASF32:
 1522 00b1 74656D70 		.ascii	"temp\000"
 1522      00
 1523              	.LASF9:
 1524 00b6 75696E74 		.ascii	"uint8\000"
 1524      3800
 1525              	.LASF20:
 1526 00bc 73724374 		.ascii	"srCtrlField\000"
 1526      726C4669 
 1526      656C6400 
 1527              	.LASF1:
 1528 00c8 756E7369 		.ascii	"unsigned char\000"
 1528      676E6564 
 1528      20636861 
 1528      7200
 1529              	.LASF13:
 1530 00d6 646F7562 		.ascii	"double\000"
 1530      6C6500
 1531              	.LASF21:
 1532 00dd 436F6465 		.ascii	"Codec_AdjustBothHeadphoneVolume\000"
 1532      635F4164 
 1532      6A757374 
 1532      426F7468 
 1532      48656164 
 1533              	.LASF31:
 1534 00fd 436F6465 		.ascii	"Codec_Init\000"
 1534      635F496E 
 1534      697400
 1535              	.LASF10:
ARM GAS  C:\Users\Terence\AppData\Local\Temp\ccCrSORS.s 			page 36


 1536 0108 75696E74 		.ascii	"uint16\000"
 1536      313600
 1537              	.LASF41:
 1538 010f 2E5C436F 		.ascii	".\\Codec.c\000"
 1538      6465632E 
 1538      6300
 1539              	.LASF11:
 1540 0119 75696E74 		.ascii	"uint32\000"
 1540      333200
 1541              	.LASF19:
 1542 0120 436F6465 		.ascii	"Codec_SetSamplingRate\000"
 1542      635F5365 
 1542      7453616D 
 1542      706C696E 
 1542      67526174 
 1543              	.LASF8:
 1544 0136 756E7369 		.ascii	"unsigned int\000"
 1544      676E6564 
 1544      20696E74 
 1544      00
 1545              	.LASF35:
 1546 0143 436F6465 		.ascii	"Codec_PowerOnControl\000"
 1546      635F506F 
 1546      7765724F 
 1546      6E436F6E 
 1546      74726F6C 
 1547              	.LASF42:
 1548 0158 433A5C50 		.ascii	"C:\\Program Files (x86)\\Cypress\\CY8CKIT-046 PSoC "
 1548      726F6772 
 1548      616D2046 
 1548      696C6573 
 1548      20287838 
 1549 0188 34204C2D 		.ascii	"4 L-Series Pioneer Kit\\1.0\\Firmware\\PSoC 4200L\\"
 1549      53657269 
 1549      65732050 
 1549      696F6E65 
 1549      6572204B 
 1550 01b7 43593843 		.ascii	"CY8CKIT_046_USB_Audio\\CY8CKIT_046_USB_Audio.cydsn\000"
 1550      4B49545F 
 1550      3034365F 
 1550      5553425F 
 1550      41756469 
 1551              	.LASF43:
 1552 01e9 436F6465 		.ascii	"Codec_powerControlSetting\000"
 1552      635F706F 
 1552      77657243 
 1552      6F6E7472 
 1552      6F6C5365 
 1553              	.LASF26:
 1554 0203 436F6465 		.ascii	"Codec_SetMicBoost\000"
 1554      635F5365 
 1554      744D6963 
 1554      426F6F73 
 1554      7400
 1555              	.LASF28:
 1556 0215 436F6465 		.ascii	"Codec_Activate\000"
 1556      635F4163 
ARM GAS  C:\Users\Terence\AppData\Local\Temp\ccCrSORS.s 			page 37


 1556      74697661 
 1556      746500
 1557              	.LASF16:
 1558 0224 72656741 		.ascii	"regAddr\000"
 1558      64647200 
 1559              	.LASF15:
 1560 022c 73697A65 		.ascii	"sizetype\000"
 1560      74797065 
 1560      00
 1561              	.LASF6:
 1562 0235 6C6F6E67 		.ascii	"long long int\000"
 1562      206C6F6E 
 1562      6720696E 
 1562      7400
 1563              	.LASF36:
 1564 0243 706F7765 		.ascii	"powerOnMask\000"
 1564      724F6E4D 
 1564      61736B00 
 1565              	.LASF18:
 1566 024f 436F6465 		.ascii	"Codec_SendData\000"
 1566      635F5365 
 1566      6E644461 
 1566      746100
 1567              	.LASF40:
 1568 025e 474E5520 		.ascii	"GNU C 4.9.3 20150303 (release) [ARM/embedded-4_9-br"
 1568      4320342E 
 1568      392E3320 
 1568      32303135 
 1568      30333033 
 1569 0291 616E6368 		.ascii	"anch revision 221220] -mcpu=cortex-m0 -mthumb -g -O"
 1569      20726576 
 1569      6973696F 
 1569      6E203232 
 1569      31323230 
 1570 02c4 67202D66 		.ascii	"g -ffunction-sections -ffat-lto-objects\000"
 1570      66756E63 
 1570      74696F6E 
 1570      2D736563 
 1570      74696F6E 
 1571              	.LASF37:
 1572 02ec 436F6465 		.ascii	"Codec_analogPathSetting\000"
 1572      635F616E 
 1572      616C6F67 
 1572      50617468 
 1572      53657474 
 1573              	.LASF2:
 1574 0304 73686F72 		.ascii	"short int\000"
 1574      7420696E 
 1574      7400
 1575              	.LASF24:
 1576 030e 69734D75 		.ascii	"isMuteOrUnmute\000"
 1576      74654F72 
 1576      556E6D75 
 1576      746500
 1577              	.LASF22:
 1578 031d 766F6C75 		.ascii	"volume\000"
 1578      6D6500
ARM GAS  C:\Users\Terence\AppData\Local\Temp\ccCrSORS.s 			page 38


 1579              	.LASF4:
 1580 0324 6C6F6E67 		.ascii	"long int\000"
 1580      20696E74 
 1580      00
 1581              	.LASF14:
 1582 032d 63686172 		.ascii	"char\000"
 1582      00
 1583              	.LASF0:
 1584 0332 7369676E 		.ascii	"signed char\000"
 1584      65642063 
 1584      68617200 
 1585              	.LASF29:
 1586 033e 436F6465 		.ascii	"Codec_Deactivate\000"
 1586      635F4465 
 1586      61637469 
 1586      76617465 
 1586      00
 1587              	.LASF25:
 1588 034f 5F426F6F 		.ascii	"_Bool\000"
 1588      6C00
 1589              	.LASF45:
 1590 0355 43794465 		.ascii	"CyDelay\000"
 1590      6C617900 
 1591              	.LASF44:
 1592 035d 436F6465 		.ascii	"CodecI2CM_I2CMasterSendStop\000"
 1592      63493243 
 1592      4D5F4932 
 1592      434D6173 
 1592      74657253 
 1593              	.LASF38:
 1594 0379 436F6465 		.ascii	"CodecI2CM_I2CMasterSendStart\000"
 1594      63493243 
 1594      4D5F4932 
 1594      434D6173 
 1594      74657253 
 1595              		.ident	"GCC: (GNU Tools for ARM Embedded Processors) 4.9.3 20150303 (release) [ARM/embedded-4_9-br
