ARM GAS  C:\Users\Terence\AppData\Local\Temp\ccWD533g.s 			page 1


   1              		.cpu cortex-m0
   2              		.fpu softvfp
   3              		.eabi_attribute 20, 1
   4              		.eabi_attribute 21, 1
   5              		.eabi_attribute 23, 3
   6              		.eabi_attribute 24, 1
   7              		.eabi_attribute 25, 1
   8              		.eabi_attribute 26, 1
   9              		.eabi_attribute 30, 1
  10              		.eabi_attribute 34, 0
  11              		.eabi_attribute 18, 4
  12              		.code	16
  13              		.file	"I2S_PM.c"
  14              		.text
  15              	.Ltext0:
  16              		.cfi_sections	.debug_frame
  17              		.section	.text.I2S_SaveConfig,"ax",%progbits
  18              		.align	2
  19              		.global	I2S_SaveConfig
  20              		.code	16
  21              		.thumb_func
  22              		.type	I2S_SaveConfig, %function
  23              	I2S_SaveConfig:
  24              	.LFB0:
  25              		.file 1 ".\\Generated_Source\\PSoC4\\I2S_PM.c"
   1:.\Generated_Source\PSoC4/I2S_PM.c **** /*******************************************************************************
   2:.\Generated_Source\PSoC4/I2S_PM.c **** * File Name: I2S_PM.c
   3:.\Generated_Source\PSoC4/I2S_PM.c **** * Version 2.70
   4:.\Generated_Source\PSoC4/I2S_PM.c **** *
   5:.\Generated_Source\PSoC4/I2S_PM.c **** * Description:
   6:.\Generated_Source\PSoC4/I2S_PM.c **** *  This file contains the setup, control and status commands to support
   7:.\Generated_Source\PSoC4/I2S_PM.c **** *  component operations in low power mode.
   8:.\Generated_Source\PSoC4/I2S_PM.c **** *
   9:.\Generated_Source\PSoC4/I2S_PM.c **** * Note:
  10:.\Generated_Source\PSoC4/I2S_PM.c **** *
  11:.\Generated_Source\PSoC4/I2S_PM.c **** ********************************************************************************
  12:.\Generated_Source\PSoC4/I2S_PM.c **** * Copyright 2008-2015, Cypress Semiconductor Corporation.  All rights reserved.
  13:.\Generated_Source\PSoC4/I2S_PM.c **** * You may use this file only in accordance with the license, terms, conditions,
  14:.\Generated_Source\PSoC4/I2S_PM.c **** * disclaimers, and limitations in the end user license agreement accompanying
  15:.\Generated_Source\PSoC4/I2S_PM.c **** * the software package with which this file was provided.
  16:.\Generated_Source\PSoC4/I2S_PM.c **** *******************************************************************************/
  17:.\Generated_Source\PSoC4/I2S_PM.c **** 
  18:.\Generated_Source\PSoC4/I2S_PM.c **** #include "I2S.h"
  19:.\Generated_Source\PSoC4/I2S_PM.c **** 
  20:.\Generated_Source\PSoC4/I2S_PM.c **** static I2S_BACKUP_STRUCT  I2S_backup = {0u};
  21:.\Generated_Source\PSoC4/I2S_PM.c **** 
  22:.\Generated_Source\PSoC4/I2S_PM.c **** 
  23:.\Generated_Source\PSoC4/I2S_PM.c **** /*******************************************************************************
  24:.\Generated_Source\PSoC4/I2S_PM.c **** * Function Name: I2S_SaveConfig
  25:.\Generated_Source\PSoC4/I2S_PM.c **** ********************************************************************************
  26:.\Generated_Source\PSoC4/I2S_PM.c **** *
  27:.\Generated_Source\PSoC4/I2S_PM.c **** * Summary:
  28:.\Generated_Source\PSoC4/I2S_PM.c **** *  Empty function. Left to preserve backward compatibility.
  29:.\Generated_Source\PSoC4/I2S_PM.c **** *
  30:.\Generated_Source\PSoC4/I2S_PM.c **** * Parameters:
  31:.\Generated_Source\PSoC4/I2S_PM.c **** *  None.
  32:.\Generated_Source\PSoC4/I2S_PM.c **** *
ARM GAS  C:\Users\Terence\AppData\Local\Temp\ccWD533g.s 			page 2


  33:.\Generated_Source\PSoC4/I2S_PM.c **** * Return:
  34:.\Generated_Source\PSoC4/I2S_PM.c **** *  None.
  35:.\Generated_Source\PSoC4/I2S_PM.c **** *
  36:.\Generated_Source\PSoC4/I2S_PM.c **** *******************************************************************************/
  37:.\Generated_Source\PSoC4/I2S_PM.c **** void I2S_SaveConfig(void) 
  38:.\Generated_Source\PSoC4/I2S_PM.c **** {
  26              		.loc 1 38 0
  27              		.cfi_startproc
  39:.\Generated_Source\PSoC4/I2S_PM.c ****     /* Nothing to save. All registers are retention. */
  40:.\Generated_Source\PSoC4/I2S_PM.c **** }
  28              		.loc 1 40 0
  29              		@ sp needed
  30 0000 7047     		bx	lr
  31              		.cfi_endproc
  32              	.LFE0:
  33              		.size	I2S_SaveConfig, .-I2S_SaveConfig
  34 0002 C046     		.section	.text.I2S_RestoreConfig,"ax",%progbits
  35              		.align	2
  36              		.global	I2S_RestoreConfig
  37              		.code	16
  38              		.thumb_func
  39              		.type	I2S_RestoreConfig, %function
  40              	I2S_RestoreConfig:
  41              	.LFB1:
  41:.\Generated_Source\PSoC4/I2S_PM.c **** 
  42:.\Generated_Source\PSoC4/I2S_PM.c **** 
  43:.\Generated_Source\PSoC4/I2S_PM.c **** /*******************************************************************************
  44:.\Generated_Source\PSoC4/I2S_PM.c **** * Function Name: I2S_RestoreConfig
  45:.\Generated_Source\PSoC4/I2S_PM.c **** ********************************************************************************
  46:.\Generated_Source\PSoC4/I2S_PM.c **** *
  47:.\Generated_Source\PSoC4/I2S_PM.c **** * Summary:
  48:.\Generated_Source\PSoC4/I2S_PM.c **** *  Empty function. Left to preserve backward compatibility.
  49:.\Generated_Source\PSoC4/I2S_PM.c **** *
  50:.\Generated_Source\PSoC4/I2S_PM.c **** * Parameters:
  51:.\Generated_Source\PSoC4/I2S_PM.c **** *  None.
  52:.\Generated_Source\PSoC4/I2S_PM.c **** *
  53:.\Generated_Source\PSoC4/I2S_PM.c **** * Return:
  54:.\Generated_Source\PSoC4/I2S_PM.c **** *  None.
  55:.\Generated_Source\PSoC4/I2S_PM.c **** *
  56:.\Generated_Source\PSoC4/I2S_PM.c **** *******************************************************************************/
  57:.\Generated_Source\PSoC4/I2S_PM.c **** void I2S_RestoreConfig(void) 
  58:.\Generated_Source\PSoC4/I2S_PM.c **** {
  42              		.loc 1 58 0
  43              		.cfi_startproc
  59:.\Generated_Source\PSoC4/I2S_PM.c ****     /* Nothing to restore. All registers are retention. */
  60:.\Generated_Source\PSoC4/I2S_PM.c **** }
  44              		.loc 1 60 0
  45              		@ sp needed
  46 0000 7047     		bx	lr
  47              		.cfi_endproc
  48              	.LFE1:
  49              		.size	I2S_RestoreConfig, .-I2S_RestoreConfig
  50 0002 C046     		.section	.text.I2S_Sleep,"ax",%progbits
  51              		.align	2
  52              		.global	I2S_Sleep
  53              		.code	16
  54              		.thumb_func
ARM GAS  C:\Users\Terence\AppData\Local\Temp\ccWD533g.s 			page 3


  55              		.type	I2S_Sleep, %function
  56              	I2S_Sleep:
  57              	.LFB2:
  61:.\Generated_Source\PSoC4/I2S_PM.c **** 
  62:.\Generated_Source\PSoC4/I2S_PM.c **** 
  63:.\Generated_Source\PSoC4/I2S_PM.c **** /*******************************************************************************
  64:.\Generated_Source\PSoC4/I2S_PM.c **** * Function Name: I2S_Sleep
  65:.\Generated_Source\PSoC4/I2S_PM.c **** ********************************************************************************
  66:.\Generated_Source\PSoC4/I2S_PM.c **** *
  67:.\Generated_Source\PSoC4/I2S_PM.c **** * Summary:
  68:.\Generated_Source\PSoC4/I2S_PM.c **** *  Prepares I2S for entering sleep mode.
  69:.\Generated_Source\PSoC4/I2S_PM.c **** *
  70:.\Generated_Source\PSoC4/I2S_PM.c **** * Parameters:
  71:.\Generated_Source\PSoC4/I2S_PM.c **** *  None.
  72:.\Generated_Source\PSoC4/I2S_PM.c **** *
  73:.\Generated_Source\PSoC4/I2S_PM.c **** * Return:
  74:.\Generated_Source\PSoC4/I2S_PM.c **** *  None.
  75:.\Generated_Source\PSoC4/I2S_PM.c **** *
  76:.\Generated_Source\PSoC4/I2S_PM.c **** * Global Variables:
  77:.\Generated_Source\PSoC4/I2S_PM.c **** *  I2S_backup - used to store component state prior entering 
  78:.\Generated_Source\PSoC4/I2S_PM.c **** *    sleep mode.
  79:.\Generated_Source\PSoC4/I2S_PM.c **** *
  80:.\Generated_Source\PSoC4/I2S_PM.c **** * Reentrant:
  81:.\Generated_Source\PSoC4/I2S_PM.c **** *  No.
  82:.\Generated_Source\PSoC4/I2S_PM.c **** *
  83:.\Generated_Source\PSoC4/I2S_PM.c **** *******************************************************************************/
  84:.\Generated_Source\PSoC4/I2S_PM.c **** void I2S_Sleep(void) 
  85:.\Generated_Source\PSoC4/I2S_PM.c **** {
  58              		.loc 1 85 0
  59              		.cfi_startproc
  60 0000 08B5     		push	{r3, lr}
  61              		.cfi_def_cfa_offset 8
  62              		.cfi_offset 3, -8
  63              		.cfi_offset 14, -4
  86:.\Generated_Source\PSoC4/I2S_PM.c ****     /* Get component state */
  87:.\Generated_Source\PSoC4/I2S_PM.c ****     I2S_backup.enableState = I2S_CONTROL_REG;
  64              		.loc 1 87 0
  65 0002 034B     		ldr	r3, .L4
  66 0004 1A78     		ldrb	r2, [r3]
  67 0006 034B     		ldr	r3, .L4+4
  68 0008 1A70     		strb	r2, [r3]
  88:.\Generated_Source\PSoC4/I2S_PM.c **** 
  89:.\Generated_Source\PSoC4/I2S_PM.c ****     /* Stop component */
  90:.\Generated_Source\PSoC4/I2S_PM.c ****     I2S_Stop();
  69              		.loc 1 90 0
  70 000a FFF7FEFF 		bl	I2S_Stop
  71              	.LVL0:
  91:.\Generated_Source\PSoC4/I2S_PM.c **** }
  72              		.loc 1 91 0
  73              		@ sp needed
  74 000e 08BD     		pop	{r3, pc}
  75              	.L5:
  76              		.align	2
  77              	.L4:
  78 0010 77000F40 		.word	1074724983
  79 0014 00000000 		.word	.LANCHOR0
  80              		.cfi_endproc
ARM GAS  C:\Users\Terence\AppData\Local\Temp\ccWD533g.s 			page 4


  81              	.LFE2:
  82              		.size	I2S_Sleep, .-I2S_Sleep
  83              		.section	.text.I2S_Wakeup,"ax",%progbits
  84              		.align	2
  85              		.global	I2S_Wakeup
  86              		.code	16
  87              		.thumb_func
  88              		.type	I2S_Wakeup, %function
  89              	I2S_Wakeup:
  90              	.LFB3:
  92:.\Generated_Source\PSoC4/I2S_PM.c **** 
  93:.\Generated_Source\PSoC4/I2S_PM.c **** 
  94:.\Generated_Source\PSoC4/I2S_PM.c **** /*******************************************************************************
  95:.\Generated_Source\PSoC4/I2S_PM.c **** * Function Name: I2S_Wakeup
  96:.\Generated_Source\PSoC4/I2S_PM.c **** ********************************************************************************
  97:.\Generated_Source\PSoC4/I2S_PM.c **** *
  98:.\Generated_Source\PSoC4/I2S_PM.c **** * Summary:
  99:.\Generated_Source\PSoC4/I2S_PM.c **** *  Prepares I2S for exit from sleep mode.
 100:.\Generated_Source\PSoC4/I2S_PM.c **** *
 101:.\Generated_Source\PSoC4/I2S_PM.c **** * Parameters:
 102:.\Generated_Source\PSoC4/I2S_PM.c **** *  None.
 103:.\Generated_Source\PSoC4/I2S_PM.c **** *
 104:.\Generated_Source\PSoC4/I2S_PM.c **** * Return:
 105:.\Generated_Source\PSoC4/I2S_PM.c **** *  None.
 106:.\Generated_Source\PSoC4/I2S_PM.c **** *
 107:.\Generated_Source\PSoC4/I2S_PM.c **** * Global Variables:
 108:.\Generated_Source\PSoC4/I2S_PM.c **** *  I2S_backup - used to restore component state after exit from
 109:.\Generated_Source\PSoC4/I2S_PM.c **** *    sleep mode.
 110:.\Generated_Source\PSoC4/I2S_PM.c **** *
 111:.\Generated_Source\PSoC4/I2S_PM.c **** *******************************************************************************/
 112:.\Generated_Source\PSoC4/I2S_PM.c **** void I2S_Wakeup(void) 
 113:.\Generated_Source\PSoC4/I2S_PM.c **** {
  91              		.loc 1 113 0
  92              		.cfi_startproc
  93 0000 08B5     		push	{r3, lr}
  94              		.cfi_def_cfa_offset 8
  95              		.cfi_offset 3, -8
  96              		.cfi_offset 14, -4
 114:.\Generated_Source\PSoC4/I2S_PM.c ****     #if (I2S_DYNAMIC_BIT_RESOLUTION)
 115:.\Generated_Source\PSoC4/I2S_PM.c ****         I2S_CONTROL_REG = I2S_backup.enableState & I2S_BIT_RESOLUTION_MODE_MASK;
 116:.\Generated_Source\PSoC4/I2S_PM.c ****     #endif /* I2S_DYNAMIC_BIT_RESOLUTION */
 117:.\Generated_Source\PSoC4/I2S_PM.c **** 
 118:.\Generated_Source\PSoC4/I2S_PM.c ****     if(0u != (I2S_backup.enableState & I2S_EN))
  97              		.loc 1 118 0
  98 0002 094B     		ldr	r3, .L9
  99 0004 1B78     		ldrb	r3, [r3]
 100 0006 5B07     		lsl	r3, r3, #29
 101 0008 0DD5     		bpl	.L6
 119:.\Generated_Source\PSoC4/I2S_PM.c ****     {
 120:.\Generated_Source\PSoC4/I2S_PM.c ****         /* Enable component's operation */
 121:.\Generated_Source\PSoC4/I2S_PM.c ****         I2S_Enable();
 102              		.loc 1 121 0
 103 000a FFF7FEFF 		bl	I2S_Enable
 104              	.LVL1:
 122:.\Generated_Source\PSoC4/I2S_PM.c **** 
 123:.\Generated_Source\PSoC4/I2S_PM.c ****         /* Enable Tx/Rx direction if they were enabled before sleep */
 124:.\Generated_Source\PSoC4/I2S_PM.c ****         #if(I2S_TX_DIRECTION_ENABLE)
ARM GAS  C:\Users\Terence\AppData\Local\Temp\ccWD533g.s 			page 5


 125:.\Generated_Source\PSoC4/I2S_PM.c ****             if(0u != (I2S_backup.enableState & I2S_TX_EN))
 105              		.loc 1 125 0
 106 000e 064B     		ldr	r3, .L9
 107 0010 1B78     		ldrb	r3, [r3]
 108 0012 DB07     		lsl	r3, r3, #31
 109 0014 01D5     		bpl	.L8
 126:.\Generated_Source\PSoC4/I2S_PM.c ****             {
 127:.\Generated_Source\PSoC4/I2S_PM.c ****                 I2S_EnableTx();
 110              		.loc 1 127 0
 111 0016 FFF7FEFF 		bl	I2S_EnableTx
 112              	.LVL2:
 113              	.L8:
 128:.\Generated_Source\PSoC4/I2S_PM.c ****             }
 129:.\Generated_Source\PSoC4/I2S_PM.c ****         #endif /* (I2S_TX_DIRECTION_ENABLE) */
 130:.\Generated_Source\PSoC4/I2S_PM.c ****         
 131:.\Generated_Source\PSoC4/I2S_PM.c ****         #if(I2S_RX_DIRECTION_ENABLE)
 132:.\Generated_Source\PSoC4/I2S_PM.c ****             if(0u != (I2S_backup.enableState & I2S_RX_EN))
 114              		.loc 1 132 0
 115 001a 034B     		ldr	r3, .L9
 116 001c 1B78     		ldrb	r3, [r3]
 117 001e 9B07     		lsl	r3, r3, #30
 118 0020 01D5     		bpl	.L6
 133:.\Generated_Source\PSoC4/I2S_PM.c ****             {
 134:.\Generated_Source\PSoC4/I2S_PM.c ****                 I2S_EnableRx();
 119              		.loc 1 134 0
 120 0022 FFF7FEFF 		bl	I2S_EnableRx
 121              	.LVL3:
 122              	.L6:
 135:.\Generated_Source\PSoC4/I2S_PM.c ****             }
 136:.\Generated_Source\PSoC4/I2S_PM.c ****         #endif /* (I2S_RX_DIRECTION_ENABLE) */
 137:.\Generated_Source\PSoC4/I2S_PM.c ****     }
 138:.\Generated_Source\PSoC4/I2S_PM.c **** }
 123              		.loc 1 138 0
 124              		@ sp needed
 125 0026 08BD     		pop	{r3, pc}
 126              	.L10:
 127              		.align	2
 128              	.L9:
 129 0028 00000000 		.word	.LANCHOR0
 130              		.cfi_endproc
 131              	.LFE3:
 132              		.size	I2S_Wakeup, .-I2S_Wakeup
 133              		.bss
 134              		.align	2
 135              		.set	.LANCHOR0,. + 0
 136              		.type	I2S_backup, %object
 137              		.size	I2S_backup, 1
 138              	I2S_backup:
 139 0000 00       		.space	1
 140 0001 000000   		.text
 141              	.Letext0:
 142              		.file 2 ".\\Generated_Source\\PSoC4\\cytypes.h"
 143              		.file 3 ".\\Generated_Source\\PSoC4\\I2S.h"
 144              		.section	.debug_info,"",%progbits
 145              	.Ldebug_info0:
 146 0000 59010000 		.4byte	0x159
 147 0004 0400     		.2byte	0x4
ARM GAS  C:\Users\Terence\AppData\Local\Temp\ccWD533g.s 			page 6


 148 0006 00000000 		.4byte	.Ldebug_abbrev0
 149 000a 04       		.byte	0x4
 150 000b 01       		.uleb128 0x1
 151 000c 81010000 		.4byte	.LASF23
 152 0010 01       		.byte	0x1
 153 0011 65000000 		.4byte	.LASF24
 154 0015 D0000000 		.4byte	.LASF25
 155 0019 00000000 		.4byte	.Ldebug_ranges0+0
 156 001d 00000000 		.4byte	0
 157 0021 00000000 		.4byte	.Ldebug_line0
 158 0025 02       		.uleb128 0x2
 159 0026 01       		.byte	0x1
 160 0027 06       		.byte	0x6
 161 0028 46020000 		.4byte	.LASF0
 162 002c 02       		.uleb128 0x2
 163 002d 01       		.byte	0x1
 164 002e 08       		.byte	0x8
 165 002f 40000000 		.4byte	.LASF1
 166 0033 02       		.uleb128 0x2
 167 0034 02       		.byte	0x2
 168 0035 05       		.byte	0x5
 169 0036 21020000 		.4byte	.LASF2
 170 003a 02       		.uleb128 0x2
 171 003b 02       		.byte	0x2
 172 003c 07       		.byte	0x7
 173 003d 0B000000 		.4byte	.LASF3
 174 0041 02       		.uleb128 0x2
 175 0042 04       		.byte	0x4
 176 0043 05       		.byte	0x5
 177 0044 31020000 		.4byte	.LASF4
 178 0048 02       		.uleb128 0x2
 179 0049 04       		.byte	0x4
 180 004a 07       		.byte	0x7
 181 004b 53000000 		.4byte	.LASF5
 182 004f 02       		.uleb128 0x2
 183 0050 08       		.byte	0x8
 184 0051 05       		.byte	0x5
 185 0052 61010000 		.4byte	.LASF6
 186 0056 02       		.uleb128 0x2
 187 0057 08       		.byte	0x8
 188 0058 07       		.byte	0x7
 189 0059 B0000000 		.4byte	.LASF7
 190 005d 03       		.uleb128 0x3
 191 005e 04       		.byte	0x4
 192 005f 05       		.byte	0x5
 193 0060 696E7400 		.ascii	"int\000"
 194 0064 02       		.uleb128 0x2
 195 0065 04       		.byte	0x4
 196 0066 07       		.byte	0x7
 197 0067 A3000000 		.4byte	.LASF8
 198 006b 04       		.uleb128 0x4
 199 006c 2B020000 		.4byte	.LASF12
 200 0070 02       		.byte	0x2
 201 0071 3801     		.2byte	0x138
 202 0073 2C000000 		.4byte	0x2c
 203 0077 02       		.uleb128 0x2
 204 0078 04       		.byte	0x4
ARM GAS  C:\Users\Terence\AppData\Local\Temp\ccWD533g.s 			page 7


 205 0079 04       		.byte	0x4
 206 007a 3A000000 		.4byte	.LASF9
 207 007e 02       		.uleb128 0x2
 208 007f 08       		.byte	0x8
 209 0080 04       		.byte	0x4
 210 0081 91000000 		.4byte	.LASF10
 211 0085 02       		.uleb128 0x2
 212 0086 01       		.byte	0x1
 213 0087 08       		.byte	0x8
 214 0088 7C010000 		.4byte	.LASF11
 215 008c 04       		.uleb128 0x4
 216 008d 4E000000 		.4byte	.LASF13
 217 0091 02       		.byte	0x2
 218 0092 E201     		.2byte	0x1e2
 219 0094 98000000 		.4byte	0x98
 220 0098 05       		.uleb128 0x5
 221 0099 6B000000 		.4byte	0x6b
 222 009d 06       		.uleb128 0x6
 223 009e 01       		.byte	0x1
 224 009f 03       		.byte	0x3
 225 00a0 1D       		.byte	0x1d
 226 00a1 B2000000 		.4byte	0xb2
 227 00a5 07       		.uleb128 0x7
 228 00a6 3A020000 		.4byte	.LASF26
 229 00aa 03       		.byte	0x3
 230 00ab 1F       		.byte	0x1f
 231 00ac 6B000000 		.4byte	0x6b
 232 00b0 00       		.byte	0
 233 00b1 00       		.byte	0
 234 00b2 08       		.uleb128 0x8
 235 00b3 0F020000 		.4byte	.LASF14
 236 00b7 03       		.byte	0x3
 237 00b8 21       		.byte	0x21
 238 00b9 9D000000 		.4byte	0x9d
 239 00bd 09       		.uleb128 0x9
 240 00be 1E000000 		.4byte	.LASF15
 241 00c2 01       		.byte	0x1
 242 00c3 25       		.byte	0x25
 243 00c4 00000000 		.4byte	.LFB0
 244 00c8 02000000 		.4byte	.LFE0-.LFB0
 245 00cc 01       		.uleb128 0x1
 246 00cd 9C       		.byte	0x9c
 247 00ce 09       		.uleb128 0x9
 248 00cf 52020000 		.4byte	.LASF16
 249 00d3 01       		.byte	0x1
 250 00d4 39       		.byte	0x39
 251 00d5 00000000 		.4byte	.LFB1
 252 00d9 02000000 		.4byte	.LFE1-.LFB1
 253 00dd 01       		.uleb128 0x1
 254 00de 9C       		.byte	0x9c
 255 00df 0A       		.uleb128 0xa
 256 00e0 87000000 		.4byte	.LASF17
 257 00e4 01       		.byte	0x1
 258 00e5 54       		.byte	0x54
 259 00e6 00000000 		.4byte	.LFB2
 260 00ea 18000000 		.4byte	.LFE2-.LFB2
 261 00ee 01       		.uleb128 0x1
ARM GAS  C:\Users\Terence\AppData\Local\Temp\ccWD533g.s 			page 8


 262 00ef 9C       		.byte	0x9c
 263 00f0 FE000000 		.4byte	0xfe
 264 00f4 0B       		.uleb128 0xb
 265 00f5 0E000000 		.4byte	.LVL0
 266 00f9 40010000 		.4byte	0x140
 267 00fd 00       		.byte	0
 268 00fe 0A       		.uleb128 0xa
 269 00ff 64020000 		.4byte	.LASF18
 270 0103 01       		.byte	0x1
 271 0104 70       		.byte	0x70
 272 0105 00000000 		.4byte	.LFB3
 273 0109 2C000000 		.4byte	.LFE3-.LFB3
 274 010d 01       		.uleb128 0x1
 275 010e 9C       		.byte	0x9c
 276 010f 2F010000 		.4byte	0x12f
 277 0113 0B       		.uleb128 0xb
 278 0114 0E000000 		.4byte	.LVL1
 279 0118 47010000 		.4byte	0x147
 280 011c 0B       		.uleb128 0xb
 281 011d 1A000000 		.4byte	.LVL2
 282 0121 4E010000 		.4byte	0x14e
 283 0125 0B       		.uleb128 0xb
 284 0126 26000000 		.4byte	.LVL3
 285 012a 55010000 		.4byte	0x155
 286 012e 00       		.byte	0
 287 012f 0C       		.uleb128 0xc
 288 0130 00000000 		.4byte	.LASF27
 289 0134 01       		.byte	0x1
 290 0135 14       		.byte	0x14
 291 0136 B2000000 		.4byte	0xb2
 292 013a 05       		.uleb128 0x5
 293 013b 03       		.byte	0x3
 294 013c 00000000 		.4byte	I2S_backup
 295 0140 0D       		.uleb128 0xd
 296 0141 C7000000 		.4byte	.LASF19
 297 0145 03       		.byte	0x3
 298 0146 29       		.byte	0x29
 299 0147 0D       		.uleb128 0xd
 300 0148 98000000 		.4byte	.LASF20
 301 014c 03       		.byte	0x3
 302 014d 2B       		.byte	0x2b
 303 014e 0D       		.uleb128 0xd
 304 014f 2D000000 		.4byte	.LASF21
 305 0153 03       		.byte	0x3
 306 0154 34       		.byte	0x34
 307 0155 0D       		.uleb128 0xd
 308 0156 6F010000 		.4byte	.LASF22
 309 015a 03       		.byte	0x3
 310 015b 3A       		.byte	0x3a
 311 015c 00       		.byte	0
 312              		.section	.debug_abbrev,"",%progbits
 313              	.Ldebug_abbrev0:
 314 0000 01       		.uleb128 0x1
 315 0001 11       		.uleb128 0x11
 316 0002 01       		.byte	0x1
 317 0003 25       		.uleb128 0x25
 318 0004 0E       		.uleb128 0xe
ARM GAS  C:\Users\Terence\AppData\Local\Temp\ccWD533g.s 			page 9


 319 0005 13       		.uleb128 0x13
 320 0006 0B       		.uleb128 0xb
 321 0007 03       		.uleb128 0x3
 322 0008 0E       		.uleb128 0xe
 323 0009 1B       		.uleb128 0x1b
 324 000a 0E       		.uleb128 0xe
 325 000b 55       		.uleb128 0x55
 326 000c 17       		.uleb128 0x17
 327 000d 11       		.uleb128 0x11
 328 000e 01       		.uleb128 0x1
 329 000f 10       		.uleb128 0x10
 330 0010 17       		.uleb128 0x17
 331 0011 00       		.byte	0
 332 0012 00       		.byte	0
 333 0013 02       		.uleb128 0x2
 334 0014 24       		.uleb128 0x24
 335 0015 00       		.byte	0
 336 0016 0B       		.uleb128 0xb
 337 0017 0B       		.uleb128 0xb
 338 0018 3E       		.uleb128 0x3e
 339 0019 0B       		.uleb128 0xb
 340 001a 03       		.uleb128 0x3
 341 001b 0E       		.uleb128 0xe
 342 001c 00       		.byte	0
 343 001d 00       		.byte	0
 344 001e 03       		.uleb128 0x3
 345 001f 24       		.uleb128 0x24
 346 0020 00       		.byte	0
 347 0021 0B       		.uleb128 0xb
 348 0022 0B       		.uleb128 0xb
 349 0023 3E       		.uleb128 0x3e
 350 0024 0B       		.uleb128 0xb
 351 0025 03       		.uleb128 0x3
 352 0026 08       		.uleb128 0x8
 353 0027 00       		.byte	0
 354 0028 00       		.byte	0
 355 0029 04       		.uleb128 0x4
 356 002a 16       		.uleb128 0x16
 357 002b 00       		.byte	0
 358 002c 03       		.uleb128 0x3
 359 002d 0E       		.uleb128 0xe
 360 002e 3A       		.uleb128 0x3a
 361 002f 0B       		.uleb128 0xb
 362 0030 3B       		.uleb128 0x3b
 363 0031 05       		.uleb128 0x5
 364 0032 49       		.uleb128 0x49
 365 0033 13       		.uleb128 0x13
 366 0034 00       		.byte	0
 367 0035 00       		.byte	0
 368 0036 05       		.uleb128 0x5
 369 0037 35       		.uleb128 0x35
 370 0038 00       		.byte	0
 371 0039 49       		.uleb128 0x49
 372 003a 13       		.uleb128 0x13
 373 003b 00       		.byte	0
 374 003c 00       		.byte	0
 375 003d 06       		.uleb128 0x6
ARM GAS  C:\Users\Terence\AppData\Local\Temp\ccWD533g.s 			page 10


 376 003e 13       		.uleb128 0x13
 377 003f 01       		.byte	0x1
 378 0040 0B       		.uleb128 0xb
 379 0041 0B       		.uleb128 0xb
 380 0042 3A       		.uleb128 0x3a
 381 0043 0B       		.uleb128 0xb
 382 0044 3B       		.uleb128 0x3b
 383 0045 0B       		.uleb128 0xb
 384 0046 01       		.uleb128 0x1
 385 0047 13       		.uleb128 0x13
 386 0048 00       		.byte	0
 387 0049 00       		.byte	0
 388 004a 07       		.uleb128 0x7
 389 004b 0D       		.uleb128 0xd
 390 004c 00       		.byte	0
 391 004d 03       		.uleb128 0x3
 392 004e 0E       		.uleb128 0xe
 393 004f 3A       		.uleb128 0x3a
 394 0050 0B       		.uleb128 0xb
 395 0051 3B       		.uleb128 0x3b
 396 0052 0B       		.uleb128 0xb
 397 0053 49       		.uleb128 0x49
 398 0054 13       		.uleb128 0x13
 399 0055 38       		.uleb128 0x38
 400 0056 0B       		.uleb128 0xb
 401 0057 00       		.byte	0
 402 0058 00       		.byte	0
 403 0059 08       		.uleb128 0x8
 404 005a 16       		.uleb128 0x16
 405 005b 00       		.byte	0
 406 005c 03       		.uleb128 0x3
 407 005d 0E       		.uleb128 0xe
 408 005e 3A       		.uleb128 0x3a
 409 005f 0B       		.uleb128 0xb
 410 0060 3B       		.uleb128 0x3b
 411 0061 0B       		.uleb128 0xb
 412 0062 49       		.uleb128 0x49
 413 0063 13       		.uleb128 0x13
 414 0064 00       		.byte	0
 415 0065 00       		.byte	0
 416 0066 09       		.uleb128 0x9
 417 0067 2E       		.uleb128 0x2e
 418 0068 00       		.byte	0
 419 0069 3F       		.uleb128 0x3f
 420 006a 19       		.uleb128 0x19
 421 006b 03       		.uleb128 0x3
 422 006c 0E       		.uleb128 0xe
 423 006d 3A       		.uleb128 0x3a
 424 006e 0B       		.uleb128 0xb
 425 006f 3B       		.uleb128 0x3b
 426 0070 0B       		.uleb128 0xb
 427 0071 27       		.uleb128 0x27
 428 0072 19       		.uleb128 0x19
 429 0073 11       		.uleb128 0x11
 430 0074 01       		.uleb128 0x1
 431 0075 12       		.uleb128 0x12
 432 0076 06       		.uleb128 0x6
ARM GAS  C:\Users\Terence\AppData\Local\Temp\ccWD533g.s 			page 11


 433 0077 40       		.uleb128 0x40
 434 0078 18       		.uleb128 0x18
 435 0079 9742     		.uleb128 0x2117
 436 007b 19       		.uleb128 0x19
 437 007c 00       		.byte	0
 438 007d 00       		.byte	0
 439 007e 0A       		.uleb128 0xa
 440 007f 2E       		.uleb128 0x2e
 441 0080 01       		.byte	0x1
 442 0081 3F       		.uleb128 0x3f
 443 0082 19       		.uleb128 0x19
 444 0083 03       		.uleb128 0x3
 445 0084 0E       		.uleb128 0xe
 446 0085 3A       		.uleb128 0x3a
 447 0086 0B       		.uleb128 0xb
 448 0087 3B       		.uleb128 0x3b
 449 0088 0B       		.uleb128 0xb
 450 0089 27       		.uleb128 0x27
 451 008a 19       		.uleb128 0x19
 452 008b 11       		.uleb128 0x11
 453 008c 01       		.uleb128 0x1
 454 008d 12       		.uleb128 0x12
 455 008e 06       		.uleb128 0x6
 456 008f 40       		.uleb128 0x40
 457 0090 18       		.uleb128 0x18
 458 0091 9742     		.uleb128 0x2117
 459 0093 19       		.uleb128 0x19
 460 0094 01       		.uleb128 0x1
 461 0095 13       		.uleb128 0x13
 462 0096 00       		.byte	0
 463 0097 00       		.byte	0
 464 0098 0B       		.uleb128 0xb
 465 0099 898201   		.uleb128 0x4109
 466 009c 00       		.byte	0
 467 009d 11       		.uleb128 0x11
 468 009e 01       		.uleb128 0x1
 469 009f 31       		.uleb128 0x31
 470 00a0 13       		.uleb128 0x13
 471 00a1 00       		.byte	0
 472 00a2 00       		.byte	0
 473 00a3 0C       		.uleb128 0xc
 474 00a4 34       		.uleb128 0x34
 475 00a5 00       		.byte	0
 476 00a6 03       		.uleb128 0x3
 477 00a7 0E       		.uleb128 0xe
 478 00a8 3A       		.uleb128 0x3a
 479 00a9 0B       		.uleb128 0xb
 480 00aa 3B       		.uleb128 0x3b
 481 00ab 0B       		.uleb128 0xb
 482 00ac 49       		.uleb128 0x49
 483 00ad 13       		.uleb128 0x13
 484 00ae 02       		.uleb128 0x2
 485 00af 18       		.uleb128 0x18
 486 00b0 00       		.byte	0
 487 00b1 00       		.byte	0
 488 00b2 0D       		.uleb128 0xd
 489 00b3 2E       		.uleb128 0x2e
ARM GAS  C:\Users\Terence\AppData\Local\Temp\ccWD533g.s 			page 12


 490 00b4 00       		.byte	0
 491 00b5 3F       		.uleb128 0x3f
 492 00b6 19       		.uleb128 0x19
 493 00b7 03       		.uleb128 0x3
 494 00b8 0E       		.uleb128 0xe
 495 00b9 3A       		.uleb128 0x3a
 496 00ba 0B       		.uleb128 0xb
 497 00bb 3B       		.uleb128 0x3b
 498 00bc 0B       		.uleb128 0xb
 499 00bd 27       		.uleb128 0x27
 500 00be 19       		.uleb128 0x19
 501 00bf 3C       		.uleb128 0x3c
 502 00c0 19       		.uleb128 0x19
 503 00c1 00       		.byte	0
 504 00c2 00       		.byte	0
 505 00c3 00       		.byte	0
 506              		.section	.debug_aranges,"",%progbits
 507 0000 34000000 		.4byte	0x34
 508 0004 0200     		.2byte	0x2
 509 0006 00000000 		.4byte	.Ldebug_info0
 510 000a 04       		.byte	0x4
 511 000b 00       		.byte	0
 512 000c 0000     		.2byte	0
 513 000e 0000     		.2byte	0
 514 0010 00000000 		.4byte	.LFB0
 515 0014 02000000 		.4byte	.LFE0-.LFB0
 516 0018 00000000 		.4byte	.LFB1
 517 001c 02000000 		.4byte	.LFE1-.LFB1
 518 0020 00000000 		.4byte	.LFB2
 519 0024 18000000 		.4byte	.LFE2-.LFB2
 520 0028 00000000 		.4byte	.LFB3
 521 002c 2C000000 		.4byte	.LFE3-.LFB3
 522 0030 00000000 		.4byte	0
 523 0034 00000000 		.4byte	0
 524              		.section	.debug_ranges,"",%progbits
 525              	.Ldebug_ranges0:
 526 0000 00000000 		.4byte	.LFB0
 527 0004 02000000 		.4byte	.LFE0
 528 0008 00000000 		.4byte	.LFB1
 529 000c 02000000 		.4byte	.LFE1
 530 0010 00000000 		.4byte	.LFB2
 531 0014 18000000 		.4byte	.LFE2
 532 0018 00000000 		.4byte	.LFB3
 533 001c 2C000000 		.4byte	.LFE3
 534 0020 00000000 		.4byte	0
 535 0024 00000000 		.4byte	0
 536              		.section	.debug_line,"",%progbits
 537              	.Ldebug_line0:
 538 0000 9E000000 		.section	.debug_str,"MS",%progbits,1
 538      02004E00 
 538      00000201 
 538      FB0E0D00 
 538      01010101 
 539              	.LASF27:
 540 0000 4932535F 		.ascii	"I2S_backup\000"
 540      6261636B 
 540      757000
ARM GAS  C:\Users\Terence\AppData\Local\Temp\ccWD533g.s 			page 13


 541              	.LASF3:
 542 000b 73686F72 		.ascii	"short unsigned int\000"
 542      7420756E 
 542      7369676E 
 542      65642069 
 542      6E7400
 543              	.LASF15:
 544 001e 4932535F 		.ascii	"I2S_SaveConfig\000"
 544      53617665 
 544      436F6E66 
 544      696700
 545              	.LASF21:
 546 002d 4932535F 		.ascii	"I2S_EnableTx\000"
 546      456E6162 
 546      6C655478 
 546      00
 547              	.LASF9:
 548 003a 666C6F61 		.ascii	"float\000"
 548      7400
 549              	.LASF1:
 550 0040 756E7369 		.ascii	"unsigned char\000"
 550      676E6564 
 550      20636861 
 550      7200
 551              	.LASF13:
 552 004e 72656738 		.ascii	"reg8\000"
 552      00
 553              	.LASF5:
 554 0053 6C6F6E67 		.ascii	"long unsigned int\000"
 554      20756E73 
 554      69676E65 
 554      6420696E 
 554      7400
 555              	.LASF24:
 556 0065 2E5C4765 		.ascii	".\\Generated_Source\\PSoC4\\I2S_PM.c\000"
 556      6E657261 
 556      7465645F 
 556      536F7572 
 556      63655C50 
 557              	.LASF17:
 558 0087 4932535F 		.ascii	"I2S_Sleep\000"
 558      536C6565 
 558      7000
 559              	.LASF10:
 560 0091 646F7562 		.ascii	"double\000"
 560      6C6500
 561              	.LASF20:
 562 0098 4932535F 		.ascii	"I2S_Enable\000"
 562      456E6162 
 562      6C6500
 563              	.LASF8:
 564 00a3 756E7369 		.ascii	"unsigned int\000"
 564      676E6564 
 564      20696E74 
 564      00
 565              	.LASF7:
 566 00b0 6C6F6E67 		.ascii	"long long unsigned int\000"
ARM GAS  C:\Users\Terence\AppData\Local\Temp\ccWD533g.s 			page 14


 566      206C6F6E 
 566      6720756E 
 566      7369676E 
 566      65642069 
 567              	.LASF19:
 568 00c7 4932535F 		.ascii	"I2S_Stop\000"
 568      53746F70 
 568      00
 569              	.LASF25:
 570 00d0 433A5C50 		.ascii	"C:\\Program Files (x86)\\Cypress\\CY8CKIT-046 PSoC "
 570      726F6772 
 570      616D2046 
 570      696C6573 
 570      20287838 
 571 0100 34204C2D 		.ascii	"4 L-Series Pioneer Kit\\1.0\\Firmware\\PSoC 4200L\\"
 571      53657269 
 571      65732050 
 571      696F6E65 
 571      6572204B 
 572 012f 43593843 		.ascii	"CY8CKIT_046_USB_Audio\\CY8CKIT_046_USB_Audio.cydsn\000"
 572      4B49545F 
 572      3034365F 
 572      5553425F 
 572      41756469 
 573              	.LASF6:
 574 0161 6C6F6E67 		.ascii	"long long int\000"
 574      206C6F6E 
 574      6720696E 
 574      7400
 575              	.LASF22:
 576 016f 4932535F 		.ascii	"I2S_EnableRx\000"
 576      456E6162 
 576      6C655278 
 576      00
 577              	.LASF11:
 578 017c 63686172 		.ascii	"char\000"
 578      00
 579              	.LASF23:
 580 0181 474E5520 		.ascii	"GNU C 4.9.3 20150303 (release) [ARM/embedded-4_9-br"
 580      4320342E 
 580      392E3320 
 580      32303135 
 580      30333033 
 581 01b4 616E6368 		.ascii	"anch revision 221220] -mcpu=cortex-m0 -mthumb -g -O"
 581      20726576 
 581      6973696F 
 581      6E203232 
 581      31323230 
 582 01e7 67202D66 		.ascii	"g -ffunction-sections -ffat-lto-objects\000"
 582      66756E63 
 582      74696F6E 
 582      2D736563 
 582      74696F6E 
 583              	.LASF14:
 584 020f 4932535F 		.ascii	"I2S_BACKUP_STRUCT\000"
 584      4241434B 
 584      55505F53 
ARM GAS  C:\Users\Terence\AppData\Local\Temp\ccWD533g.s 			page 15


 584      54525543 
 584      5400
 585              	.LASF2:
 586 0221 73686F72 		.ascii	"short int\000"
 586      7420696E 
 586      7400
 587              	.LASF12:
 588 022b 75696E74 		.ascii	"uint8\000"
 588      3800
 589              	.LASF4:
 590 0231 6C6F6E67 		.ascii	"long int\000"
 590      20696E74 
 590      00
 591              	.LASF26:
 592 023a 656E6162 		.ascii	"enableState\000"
 592      6C655374 
 592      61746500 
 593              	.LASF0:
 594 0246 7369676E 		.ascii	"signed char\000"
 594      65642063 
 594      68617200 
 595              	.LASF16:
 596 0252 4932535F 		.ascii	"I2S_RestoreConfig\000"
 596      52657374 
 596      6F726543 
 596      6F6E6669 
 596      6700
 597              	.LASF18:
 598 0264 4932535F 		.ascii	"I2S_Wakeup\000"
 598      57616B65 
 598      757000
 599              		.ident	"GCC: (GNU Tools for ARM Embedded Processors) 4.9.3 20150303 (release) [ARM/embedded-4_9-br
