ARM GAS  C:\Users\Terence\AppData\Local\Temp\ccT9Nh7D.s 			page 1


   1              		.cpu cortex-m0
   2              		.fpu softvfp
   3              		.eabi_attribute 20, 1
   4              		.eabi_attribute 21, 1
   5              		.eabi_attribute 23, 3
   6              		.eabi_attribute 24, 1
   7              		.eabi_attribute 25, 1
   8              		.eabi_attribute 26, 1
   9              		.eabi_attribute 30, 1
  10              		.eabi_attribute 34, 0
  11              		.eabi_attribute 18, 4
  12              		.code	16
  13              		.file	"Interrupts.c"
  14              		.text
  15              	.Ltext0:
  16              		.cfi_sections	.debug_frame
  17              		.section	.text.InDMADone_Interrupt,"ax",%progbits
  18              		.align	2
  19              		.global	InDMADone_Interrupt
  20              		.code	16
  21              		.thumb_func
  22              		.type	InDMADone_Interrupt, %function
  23              	InDMADone_Interrupt:
  24              	.LFB325:
  25              		.file 1 ".\\Interrupts.c"
   1:.\Interrupts.c **** /*******************************************************************************
   2:.\Interrupts.c **** * File Name: Interrupts.c
   3:.\Interrupts.c **** *
   4:.\Interrupts.c **** * Version 1.0
   5:.\Interrupts.c **** *
   6:.\Interrupts.c **** *  Description: This file contains interrupt service routines for all the interrupts
   7:.\Interrupts.c **** *               in the system
   8:.\Interrupts.c **** *
   9:.\Interrupts.c **** *******************************************************************************
  10:.\Interrupts.c **** * Copyright (2015), Cypress Semiconductor Corporation.
  11:.\Interrupts.c **** *******************************************************************************
  12:.\Interrupts.c **** * This software, including source code, documentation and related materials
  13:.\Interrupts.c **** * ("Software") is owned by Cypress Semiconductor Corporation (Cypress) and is
  14:.\Interrupts.c **** * protected by and subject to worldwide patent protection (United States and 
  15:.\Interrupts.c **** * foreign), United States copyright laws and international treaty provisions. 
  16:.\Interrupts.c **** * Cypress hereby grants to licensee a personal, non-exclusive, non-transferable
  17:.\Interrupts.c **** * license to copy, use, modify, create derivative works of, and compile the 
  18:.\Interrupts.c **** * Cypress source code and derivative works for the sole purpose of creating 
  19:.\Interrupts.c **** * custom software in support of licensee product, such licensee product to be
  20:.\Interrupts.c **** * used only in conjunction with Cypress's integrated circuit as specified in the
  21:.\Interrupts.c **** * applicable agreement. Any reproduction, modification, translation, compilation,
  22:.\Interrupts.c **** * or representation of this Software except as specified above is prohibited 
  23:.\Interrupts.c **** * without the express written permission of Cypress.
  24:.\Interrupts.c **** * 
  25:.\Interrupts.c **** * Disclaimer: THIS SOFTWARE IS PROVIDED AS-IS, WITH NO WARRANTY OF ANY KIND, 
  26:.\Interrupts.c **** * EXPRESS OR IMPLIED, INCLUDING, BUT NOT LIMITED TO, NONINFRINGEMENT, IMPLIED 
  27:.\Interrupts.c **** * WARRANTIES OF MERCHANTABILITY AND FITNESS FOR A PARTICULAR PURPOSE.
  28:.\Interrupts.c **** * Cypress reserves the right to make changes to the Software without notice. 
  29:.\Interrupts.c **** * Cypress does not assume any liability arising out of the application or use
  30:.\Interrupts.c **** * of Software or any product or circuit described in the Software. Cypress does
  31:.\Interrupts.c **** * not authorize its products for use as critical components in any products 
  32:.\Interrupts.c **** * where a malfunction or failure may reasonably be expected to result in 
ARM GAS  C:\Users\Terence\AppData\Local\Temp\ccT9Nh7D.s 			page 2


  33:.\Interrupts.c **** * significant injury or death ("ACTIVE Risk Product"). By including Cypress's 
  34:.\Interrupts.c **** * product in a ACTIVE Risk Product, the manufacturer of such system or application
  35:.\Interrupts.c **** * assumes all risk of such use and in doing so indemnifies Cypress against all
  36:.\Interrupts.c **** * liability. Use of this Software may be limited by and subject to the applicable
  37:.\Interrupts.c **** * Cypress software license agreement.
  38:.\Interrupts.c **** *******************************************************************************/
  39:.\Interrupts.c **** #include <AudioControl.h>
  40:.\Interrupts.c **** #include <AudioOut.h>
  41:.\Interrupts.c **** #include <Config.h>
  42:.\Interrupts.c **** #include <project.h>
  43:.\Interrupts.c **** #include <Application.h>
  44:.\Interrupts.c **** #include <Interrupts.h>
  45:.\Interrupts.c **** 
  46:.\Interrupts.c **** extern uint16 inCnt;
  47:.\Interrupts.c **** extern uint16 inLevel;
  48:.\Interrupts.c **** extern uint16 inUsbCount;
  49:.\Interrupts.c **** extern uint16 inUsbShadow;
  50:.\Interrupts.c **** extern uint16 outLevel;
  51:.\Interrupts.c **** extern uint16 outUsbCount;
  52:.\Interrupts.c **** extern uint16 outUsbShadow;
  53:.\Interrupts.c **** 
  54:.\Interrupts.c **** /*******************************************************************************
  55:.\Interrupts.c **** * Function Name: InDMADone_Interrupt
  56:.\Interrupts.c **** ********************************************************************************
  57:.\Interrupts.c **** * Summary:
  58:.\Interrupts.c **** *   The Interrupt Service Routine for isr_InDMADone. Arms USB Audio In end-point
  59:.\Interrupts.c **** * 	for USB host to receive audio data.
  60:.\Interrupts.c **** *
  61:.\Interrupts.c **** *
  62:.\Interrupts.c **** * Parameters:  
  63:.\Interrupts.c **** *	InDMADone interrupt vector
  64:.\Interrupts.c **** *
  65:.\Interrupts.c **** * Return:
  66:.\Interrupts.c **** *   void.
  67:.\Interrupts.c **** *
  68:.\Interrupts.c **** *******************************************************************************/
  69:.\Interrupts.c **** CY_ISR(InDMADone_Interrupt)
  70:.\Interrupts.c **** {
  26              		.loc 1 70 0
  27              		.cfi_startproc
  28 0000 08B5     		push	{r3, lr}
  29              		.cfi_def_cfa_offset 8
  30              		.cfi_offset 3, -8
  31              		.cfi_offset 14, -4
  71:.\Interrupts.c ****     /* Parameters to this API Call CHANGE DEPENDING ON DATA ENDPOINT MEMORY MODE */
  72:.\Interrupts.c ****     USBFS_LoadInEP(AUDIO_IN_ENDPOINT, USBFS_NULL, inCnt);
  32              		.loc 1 72 0
  33 0002 034B     		ldr	r3, .L2
  34 0004 1A88     		ldrh	r2, [r3]
  35 0006 0220     		mov	r0, #2
  36 0008 0021     		mov	r1, #0
  37 000a FFF7FEFF 		bl	USBFS_LoadInEP
  38              	.LVL0:
  73:.\Interrupts.c **** }
  39              		.loc 1 73 0
  40              		@ sp needed
  41 000e 08BD     		pop	{r3, pc}
ARM GAS  C:\Users\Terence\AppData\Local\Temp\ccT9Nh7D.s 			page 3


  42              	.L3:
  43              		.align	2
  44              	.L2:
  45 0010 00000000 		.word	inCnt
  46              		.cfi_endproc
  47              	.LFE325:
  48              		.size	InDMADone_Interrupt, .-InDMADone_Interrupt
  49              		.section	.text.RxDMADone_Interrupt,"ax",%progbits
  50              		.align	2
  51              		.global	RxDMADone_Interrupt
  52              		.code	16
  53              		.thumb_func
  54              		.type	RxDMADone_Interrupt, %function
  55              	RxDMADone_Interrupt:
  56              	.LFB326:
  74:.\Interrupts.c **** 
  75:.\Interrupts.c **** 
  76:.\Interrupts.c **** 
  77:.\Interrupts.c **** /*******************************************************************************
  78:.\Interrupts.c **** * Function Name: RxDMADone_Interrupt
  79:.\Interrupts.c **** ********************************************************************************
  80:.\Interrupts.c **** * Summary:
  81:.\Interrupts.c **** *   The Interrupt Service Routine for isr_RxDMADone. This handles the AUDIO In
  82:.\Interrupts.c **** *	buffer pointers and detects overflow of the buffer to stop AUDIO In. 
  83:.\Interrupts.c **** *
  84:.\Interrupts.c **** * Parameters:  
  85:.\Interrupts.c **** *	RxDMADone interrupt vector
  86:.\Interrupts.c **** *
  87:.\Interrupts.c **** * Return:
  88:.\Interrupts.c **** *   void.
  89:.\Interrupts.c **** *
  90:.\Interrupts.c **** *******************************************************************************/
  91:.\Interrupts.c **** CY_ISR(RxDMADone_Interrupt)
  92:.\Interrupts.c **** {    
  57              		.loc 1 92 0
  58              		.cfi_startproc
  59 0000 10B5     		push	{r4, lr}
  60              		.cfi_def_cfa_offset 8
  61              		.cfi_offset 4, -8
  62              		.cfi_offset 14, -4
  93:.\Interrupts.c ****     uint16 removed;
  94:.\Interrupts.c **** 	
  95:.\Interrupts.c **** 	/* Note: Care must be taken in the application code to update inUsbCount atomically */
  96:.\Interrupts.c **** 	removed = inUsbCount - inUsbShadow;
  63              		.loc 1 96 0
  64 0002 0A4B     		ldr	r3, .L7
  65 0004 1888     		ldrh	r0, [r3]
  66 0006 0A49     		ldr	r1, .L7+4
  67 0008 0B88     		ldrh	r3, [r1]
  68 000a C31A     		sub	r3, r0, r3
  69              	.LVL1:
  97:.\Interrupts.c ****     
  98:.\Interrupts.c **** 	inLevel -= removed;
  70              		.loc 1 98 0
  71 000c 094C     		ldr	r4, .L7+8
  72 000e 2288     		ldrh	r2, [r4]
  73 0010 D31A     		sub	r3, r2, r3
ARM GAS  C:\Users\Terence\AppData\Local\Temp\ccT9Nh7D.s 			page 4


  74              	.LVL2:
  75 0012 9BB2     		uxth	r3, r3
  76 0014 2380     		strh	r3, [r4]
  99:.\Interrupts.c ****        
 100:.\Interrupts.c **** 	inUsbShadow = inUsbCount;
  77              		.loc 1 100 0
  78 0016 0880     		strh	r0, [r1]
  79              	.LVL3:
 101:.\Interrupts.c **** 		
 102:.\Interrupts.c **** 	if (inLevel >= IN_BUFSIZE) 
  80              		.loc 1 102 0
  81 0018 074A     		ldr	r2, .L7+12
  82 001a 9342     		cmp	r3, r2
  83 001c 02D9     		bls	.L5
 103:.\Interrupts.c ****     {
 104:.\Interrupts.c **** 		/* Overflow, so disable the DMA, disable the I2S data and tell the main task to reset all its str
 105:.\Interrupts.c **** 		Stop_I2S_Rx();
  84              		.loc 1 105 0
  85 001e FFF7FEFF 		bl	Stop_I2S_Rx
  86              	.LVL4:
  87 0022 02E0     		b	.L4
  88              	.L5:
 106:.\Interrupts.c **** 	}
 107:.\Interrupts.c **** 	else 
 108:.\Interrupts.c ****     {
 109:.\Interrupts.c **** 		inLevel += IN_TRANS_SIZE;
  89              		.loc 1 109 0
  90 0024 9033     		add	r3, r3, #144
  91 0026 034A     		ldr	r2, .L7+8
  92 0028 1380     		strh	r3, [r2]
  93              	.L4:
 110:.\Interrupts.c **** 	} 
 111:.\Interrupts.c **** }
  94              		.loc 1 111 0
  95              		@ sp needed
  96 002a 10BD     		pop	{r4, pc}
  97              	.L8:
  98              		.align	2
  99              	.L7:
 100 002c 00000000 		.word	inUsbCount
 101 0030 00000000 		.word	inUsbShadow
 102 0034 00000000 		.word	inLevel
 103 0038 7F040000 		.word	1151
 104              		.cfi_endproc
 105              	.LFE326:
 106              		.size	RxDMADone_Interrupt, .-RxDMADone_Interrupt
 107              		.section	.text.TxDMADone_Interrupt,"ax",%progbits
 108              		.align	2
 109              		.global	TxDMADone_Interrupt
 110              		.code	16
 111              		.thumb_func
 112              		.type	TxDMADone_Interrupt, %function
 113              	TxDMADone_Interrupt:
 114              	.LFB327:
 112:.\Interrupts.c **** 
 113:.\Interrupts.c **** 
 114:.\Interrupts.c **** /*******************************************************************************
ARM GAS  C:\Users\Terence\AppData\Local\Temp\ccT9Nh7D.s 			page 5


 115:.\Interrupts.c **** * Function Name: TxDMADone_Interrupt
 116:.\Interrupts.c **** ********************************************************************************
 117:.\Interrupts.c **** * Summary:
 118:.\Interrupts.c **** *   The Interrupt Service Routine for isr_TxDMADone. This handles the AUDIO Out
 119:.\Interrupts.c **** *	buffer pointers and detects underflow of the buffer to stop AUDIO out.
 120:.\Interrupts.c **** *
 121:.\Interrupts.c **** * Parameters:  
 122:.\Interrupts.c **** *	TxDMADone interrupt vector
 123:.\Interrupts.c **** *
 124:.\Interrupts.c **** * Return:
 125:.\Interrupts.c **** *   void.
 126:.\Interrupts.c **** *
 127:.\Interrupts.c **** *******************************************************************************/
 128:.\Interrupts.c **** CY_ISR(TxDMADone_Interrupt)
 129:.\Interrupts.c **** {
 115              		.loc 1 129 0
 116              		.cfi_startproc
 117 0000 10B5     		push	{r4, lr}
 118              		.cfi_def_cfa_offset 8
 119              		.cfi_offset 4, -8
 120              		.cfi_offset 14, -4
 130:.\Interrupts.c **** 
 131:.\Interrupts.c **** 	uint16 added;
 132:.\Interrupts.c **** 
 133:.\Interrupts.c **** 	/* Note: Care must be taken in the application code to update outUsbCount atomically
 134:.\Interrupts.c **** 	 * Code is currently implemented with both updater of this value in interrupts that are
 135:.\Interrupts.c **** 	 * the same priority so the code will not execute at the same time, but the code
 136:.\Interrupts.c **** 	 * has been written so that this is not a requirement. */
 137:.\Interrupts.c ****     
 138:.\Interrupts.c **** 	added = outUsbCount - outUsbShadow;
 121              		.loc 1 138 0
 122 0002 0E4B     		ldr	r3, .L13
 123 0004 1888     		ldrh	r0, [r3]
 124 0006 0E49     		ldr	r1, .L13+4
 125 0008 0B88     		ldrh	r3, [r1]
 126 000a C31A     		sub	r3, r0, r3
 127              	.LVL5:
 139:.\Interrupts.c ****     
 140:.\Interrupts.c **** 	outLevel += added;
 128              		.loc 1 140 0
 129 000c 0D4C     		ldr	r4, .L13+8
 130 000e 2288     		ldrh	r2, [r4]
 131 0010 9B18     		add	r3, r3, r2
 132              	.LVL6:
 133 0012 9BB2     		uxth	r3, r3
 134 0014 2380     		strh	r3, [r4]
 141:.\Interrupts.c ****             
 142:.\Interrupts.c **** 	outUsbShadow = outUsbCount;
 135              		.loc 1 142 0
 136 0016 0880     		strh	r0, [r1]
 137              	.LVL7:
 143:.\Interrupts.c **** 	
 144:.\Interrupts.c **** 	if (outLevel <= AUDIOMAXPKT) 
 138              		.loc 1 144 0
 139 0018 9022     		mov	r2, #144
 140 001a 5200     		lsl	r2, r2, #1
 141 001c 9342     		cmp	r3, r2
ARM GAS  C:\Users\Terence\AppData\Local\Temp\ccT9Nh7D.s 			page 6


 142 001e 02D8     		bhi	.L10
 145:.\Interrupts.c **** 	{
 146:.\Interrupts.c **** 		/* Underflow, so disable the DMA, disable I2S TX and tell the main task to reset all its structur
 147:.\Interrupts.c **** 		Stop_I2S_Tx();
 143              		.loc 1 147 0
 144 0020 FFF7FEFF 		bl	Stop_I2S_Tx
 145              	.LVL8:
 146 0024 02E0     		b	.L11
 147              	.L10:
 148:.\Interrupts.c **** 	}
 149:.\Interrupts.c **** 	else
 150:.\Interrupts.c **** 	{
 151:.\Interrupts.c **** 		outLevel -= OUT_TRANS_SIZE;
 148              		.loc 1 151 0
 149 0026 903B     		sub	r3, r3, #144
 150 0028 064A     		ldr	r2, .L13+8
 151 002a 1380     		strh	r3, [r2]
 152              	.L11:
 152:.\Interrupts.c **** 	}
 153:.\Interrupts.c **** 	
 154:.\Interrupts.c **** 	if (outLevel > (OUT_BUFSIZE + MAX_AUDIO_SAMPLE_SIZE)) 
 153              		.loc 1 154 0
 154 002c 054B     		ldr	r3, .L13+8
 155 002e 1A88     		ldrh	r2, [r3]
 156 0030 054B     		ldr	r3, .L13+12
 157 0032 9A42     		cmp	r2, r3
 158 0034 01D9     		bls	.L9
 155:.\Interrupts.c **** 	{		
 156:.\Interrupts.c **** 		/* Stop I2S till the overflow condition is present - this provides USB enough time to correct the
 157:.\Interrupts.c **** 			Disable the DMA, mute and tell the main task to reset all its structures Stop DMA */
 158:.\Interrupts.c **** 		Stop_I2S_Tx();
 159              		.loc 1 158 0
 160 0036 FFF7FEFF 		bl	Stop_I2S_Tx
 161              	.LVL9:
 162              	.L9:
 159:.\Interrupts.c **** 	}
 160:.\Interrupts.c **** }
 163              		.loc 1 160 0
 164              		@ sp needed
 165 003a 10BD     		pop	{r4, pc}
 166              	.L14:
 167              		.align	2
 168              	.L13:
 169 003c 00000000 		.word	outUsbCount
 170 0040 00000000 		.word	outUsbShadow
 171 0044 00000000 		.word	outLevel
 172 0048 86040000 		.word	1158
 173              		.cfi_endproc
 174              	.LFE327:
 175              		.size	TxDMADone_Interrupt, .-TxDMADone_Interrupt
 176              		.text
 177              	.Letext0:
 178              		.file 2 "Generated_Source\\PSoC4/cytypes.h"
 179              		.file 3 "./AudioControl.h"
 180              		.file 4 "./AudioOut.h"
 181              		.file 5 "Generated_Source\\PSoC4/USBFS.h"
 182              		.section	.debug_info,"",%progbits
ARM GAS  C:\Users\Terence\AppData\Local\Temp\ccT9Nh7D.s 			page 7


 183              	.Ldebug_info0:
 184 0000 AD010000 		.4byte	0x1ad
 185 0004 0400     		.2byte	0x4
 186 0006 00000000 		.4byte	.Ldebug_abbrev0
 187 000a 04       		.byte	0x4
 188 000b 01       		.uleb128 0x1
 189 000c 7F010000 		.4byte	.LASF29
 190 0010 01       		.byte	0x1
 191 0011 5C010000 		.4byte	.LASF30
 192 0015 B4000000 		.4byte	.LASF31
 193 0019 00000000 		.4byte	.Ldebug_ranges0+0
 194 001d 00000000 		.4byte	0
 195 0021 00000000 		.4byte	.Ldebug_line0
 196 0025 02       		.uleb128 0x2
 197 0026 01       		.byte	0x1
 198 0027 06       		.byte	0x6
 199 0028 52020000 		.4byte	.LASF0
 200 002c 02       		.uleb128 0x2
 201 002d 01       		.byte	0x1
 202 002e 08       		.byte	0x8
 203 002f 28000000 		.4byte	.LASF1
 204 0033 02       		.uleb128 0x2
 205 0034 02       		.byte	0x2
 206 0035 05       		.byte	0x5
 207 0036 21020000 		.4byte	.LASF2
 208 003a 02       		.uleb128 0x2
 209 003b 02       		.byte	0x2
 210 003c 07       		.byte	0x7
 211 003d 5C000000 		.4byte	.LASF3
 212 0041 02       		.uleb128 0x2
 213 0042 04       		.byte	0x4
 214 0043 05       		.byte	0x5
 215 0044 3D020000 		.4byte	.LASF4
 216 0048 02       		.uleb128 0x2
 217 0049 04       		.byte	0x4
 218 004a 07       		.byte	0x7
 219 004b 4A000000 		.4byte	.LASF5
 220 004f 02       		.uleb128 0x2
 221 0050 08       		.byte	0x8
 222 0051 05       		.byte	0x5
 223 0052 4E010000 		.4byte	.LASF6
 224 0056 02       		.uleb128 0x2
 225 0057 08       		.byte	0x8
 226 0058 07       		.byte	0x7
 227 0059 9D000000 		.4byte	.LASF7
 228 005d 03       		.uleb128 0x3
 229 005e 04       		.byte	0x4
 230 005f 05       		.byte	0x5
 231 0060 696E7400 		.ascii	"int\000"
 232 0064 02       		.uleb128 0x2
 233 0065 04       		.byte	0x4
 234 0066 07       		.byte	0x7
 235 0067 90000000 		.4byte	.LASF8
 236 006b 04       		.uleb128 0x4
 237 006c 2B020000 		.4byte	.LASF9
 238 0070 02       		.byte	0x2
 239 0071 3801     		.2byte	0x138
ARM GAS  C:\Users\Terence\AppData\Local\Temp\ccT9Nh7D.s 			page 8


 240 0073 2C000000 		.4byte	0x2c
 241 0077 04       		.uleb128 0x4
 242 0078 83000000 		.4byte	.LASF10
 243 007c 02       		.byte	0x2
 244 007d 3901     		.2byte	0x139
 245 007f 3A000000 		.4byte	0x3a
 246 0083 02       		.uleb128 0x2
 247 0084 04       		.byte	0x4
 248 0085 04       		.byte	0x4
 249 0086 22000000 		.4byte	.LASF11
 250 008a 02       		.uleb128 0x2
 251 008b 08       		.byte	0x8
 252 008c 04       		.byte	0x4
 253 008d 6F000000 		.4byte	.LASF12
 254 0091 02       		.uleb128 0x2
 255 0092 01       		.byte	0x1
 256 0093 08       		.byte	0x8
 257 0094 6B010000 		.4byte	.LASF13
 258 0098 02       		.uleb128 0x2
 259 0099 04       		.byte	0x4
 260 009a 07       		.byte	0x7
 261 009b 45010000 		.4byte	.LASF14
 262 009f 05       		.uleb128 0x5
 263 00a0 04       		.byte	0x4
 264 00a1 A5000000 		.4byte	0xa5
 265 00a5 06       		.uleb128 0x6
 266 00a6 6B000000 		.4byte	0x6b
 267 00aa 07       		.uleb128 0x7
 268 00ab 36000000 		.4byte	.LASF15
 269 00af 01       		.byte	0x1
 270 00b0 45       		.byte	0x45
 271 00b1 00000000 		.4byte	.LFB325
 272 00b5 14000000 		.4byte	.LFE325-.LFB325
 273 00b9 01       		.uleb128 0x1
 274 00ba 9C       		.byte	0x9c
 275 00bb D4000000 		.4byte	0xd4
 276 00bf 08       		.uleb128 0x8
 277 00c0 0E000000 		.4byte	.LVL0
 278 00c4 86010000 		.4byte	0x186
 279 00c8 09       		.uleb128 0x9
 280 00c9 01       		.uleb128 0x1
 281 00ca 51       		.byte	0x51
 282 00cb 01       		.uleb128 0x1
 283 00cc 30       		.byte	0x30
 284 00cd 09       		.uleb128 0x9
 285 00ce 01       		.uleb128 0x1
 286 00cf 50       		.byte	0x50
 287 00d0 01       		.uleb128 0x1
 288 00d1 32       		.byte	0x32
 289 00d2 00       		.byte	0
 290 00d3 00       		.byte	0
 291 00d4 07       		.uleb128 0x7
 292 00d5 0D020000 		.4byte	.LASF16
 293 00d9 01       		.byte	0x1
 294 00da 5B       		.byte	0x5b
 295 00db 00000000 		.4byte	.LFB326
 296 00df 3C000000 		.4byte	.LFE326-.LFB326
ARM GAS  C:\Users\Terence\AppData\Local\Temp\ccT9Nh7D.s 			page 9


 297 00e3 01       		.uleb128 0x1
 298 00e4 9C       		.byte	0x9c
 299 00e5 02010000 		.4byte	0x102
 300 00e9 0A       		.uleb128 0xa
 301 00ea 0E000000 		.4byte	.LASF18
 302 00ee 01       		.byte	0x1
 303 00ef 5D       		.byte	0x5d
 304 00f0 77000000 		.4byte	0x77
 305 00f4 00000000 		.4byte	.LLST0
 306 00f8 0B       		.uleb128 0xb
 307 00f9 22000000 		.4byte	.LVL4
 308 00fd A2010000 		.4byte	0x1a2
 309 0101 00       		.byte	0
 310 0102 07       		.uleb128 0x7
 311 0103 6A020000 		.4byte	.LASF17
 312 0107 01       		.byte	0x1
 313 0108 80       		.byte	0x80
 314 0109 00000000 		.4byte	.LFB327
 315 010d 4C000000 		.4byte	.LFE327-.LFB327
 316 0111 01       		.uleb128 0x1
 317 0112 9C       		.byte	0x9c
 318 0113 39010000 		.4byte	0x139
 319 0117 0A       		.uleb128 0xa
 320 0118 8A000000 		.4byte	.LASF19
 321 011c 01       		.byte	0x1
 322 011d 83       		.byte	0x83
 323 011e 77000000 		.4byte	0x77
 324 0122 29000000 		.4byte	.LLST1
 325 0126 0B       		.uleb128 0xb
 326 0127 24000000 		.4byte	.LVL8
 327 012b A9010000 		.4byte	0x1a9
 328 012f 0B       		.uleb128 0xb
 329 0130 3A000000 		.4byte	.LVL9
 330 0134 A9010000 		.4byte	0x1a9
 331 0138 00       		.byte	0
 332 0139 0C       		.uleb128 0xc
 333 013a 00000000 		.4byte	.LASF20
 334 013e 01       		.byte	0x1
 335 013f 2E       		.byte	0x2e
 336 0140 77000000 		.4byte	0x77
 337 0144 0C       		.uleb128 0xc
 338 0145 06000000 		.4byte	.LASF21
 339 0149 01       		.byte	0x1
 340 014a 2F       		.byte	0x2f
 341 014b 77000000 		.4byte	0x77
 342 014f 0C       		.uleb128 0xc
 343 0150 7E020000 		.4byte	.LASF22
 344 0154 01       		.byte	0x1
 345 0155 30       		.byte	0x30
 346 0156 77000000 		.4byte	0x77
 347 015a 0C       		.uleb128 0xc
 348 015b 5E020000 		.4byte	.LASF23
 349 015f 01       		.byte	0x1
 350 0160 31       		.byte	0x31
 351 0161 77000000 		.4byte	0x77
 352 0165 0C       		.uleb128 0xc
 353 0166 89020000 		.4byte	.LASF24
ARM GAS  C:\Users\Terence\AppData\Local\Temp\ccT9Nh7D.s 			page 10


 354 016a 01       		.byte	0x1
 355 016b 32       		.byte	0x32
 356 016c 77000000 		.4byte	0x77
 357 0170 0C       		.uleb128 0xc
 358 0171 16000000 		.4byte	.LASF25
 359 0175 01       		.byte	0x1
 360 0176 33       		.byte	0x33
 361 0177 77000000 		.4byte	0x77
 362 017b 0C       		.uleb128 0xc
 363 017c 76000000 		.4byte	.LASF26
 364 0180 01       		.byte	0x1
 365 0181 34       		.byte	0x34
 366 0182 77000000 		.4byte	0x77
 367 0186 0D       		.uleb128 0xd
 368 0187 70010000 		.4byte	.LASF32
 369 018b 05       		.byte	0x5
 370 018c 3A01     		.2byte	0x13a
 371 018e A2010000 		.4byte	0x1a2
 372 0192 0E       		.uleb128 0xe
 373 0193 6B000000 		.4byte	0x6b
 374 0197 0E       		.uleb128 0xe
 375 0198 9F000000 		.4byte	0x9f
 376 019c 0E       		.uleb128 0xe
 377 019d 77000000 		.4byte	0x77
 378 01a1 00       		.byte	0
 379 01a2 0F       		.uleb128 0xf
 380 01a3 31020000 		.4byte	.LASF27
 381 01a7 03       		.byte	0x3
 382 01a8 58       		.byte	0x58
 383 01a9 0F       		.uleb128 0xf
 384 01aa 46020000 		.4byte	.LASF28
 385 01ae 04       		.byte	0x4
 386 01af 2A       		.byte	0x2a
 387 01b0 00       		.byte	0
 388              		.section	.debug_abbrev,"",%progbits
 389              	.Ldebug_abbrev0:
 390 0000 01       		.uleb128 0x1
 391 0001 11       		.uleb128 0x11
 392 0002 01       		.byte	0x1
 393 0003 25       		.uleb128 0x25
 394 0004 0E       		.uleb128 0xe
 395 0005 13       		.uleb128 0x13
 396 0006 0B       		.uleb128 0xb
 397 0007 03       		.uleb128 0x3
 398 0008 0E       		.uleb128 0xe
 399 0009 1B       		.uleb128 0x1b
 400 000a 0E       		.uleb128 0xe
 401 000b 55       		.uleb128 0x55
 402 000c 17       		.uleb128 0x17
 403 000d 11       		.uleb128 0x11
 404 000e 01       		.uleb128 0x1
 405 000f 10       		.uleb128 0x10
 406 0010 17       		.uleb128 0x17
 407 0011 00       		.byte	0
 408 0012 00       		.byte	0
 409 0013 02       		.uleb128 0x2
 410 0014 24       		.uleb128 0x24
ARM GAS  C:\Users\Terence\AppData\Local\Temp\ccT9Nh7D.s 			page 11


 411 0015 00       		.byte	0
 412 0016 0B       		.uleb128 0xb
 413 0017 0B       		.uleb128 0xb
 414 0018 3E       		.uleb128 0x3e
 415 0019 0B       		.uleb128 0xb
 416 001a 03       		.uleb128 0x3
 417 001b 0E       		.uleb128 0xe
 418 001c 00       		.byte	0
 419 001d 00       		.byte	0
 420 001e 03       		.uleb128 0x3
 421 001f 24       		.uleb128 0x24
 422 0020 00       		.byte	0
 423 0021 0B       		.uleb128 0xb
 424 0022 0B       		.uleb128 0xb
 425 0023 3E       		.uleb128 0x3e
 426 0024 0B       		.uleb128 0xb
 427 0025 03       		.uleb128 0x3
 428 0026 08       		.uleb128 0x8
 429 0027 00       		.byte	0
 430 0028 00       		.byte	0
 431 0029 04       		.uleb128 0x4
 432 002a 16       		.uleb128 0x16
 433 002b 00       		.byte	0
 434 002c 03       		.uleb128 0x3
 435 002d 0E       		.uleb128 0xe
 436 002e 3A       		.uleb128 0x3a
 437 002f 0B       		.uleb128 0xb
 438 0030 3B       		.uleb128 0x3b
 439 0031 05       		.uleb128 0x5
 440 0032 49       		.uleb128 0x49
 441 0033 13       		.uleb128 0x13
 442 0034 00       		.byte	0
 443 0035 00       		.byte	0
 444 0036 05       		.uleb128 0x5
 445 0037 0F       		.uleb128 0xf
 446 0038 00       		.byte	0
 447 0039 0B       		.uleb128 0xb
 448 003a 0B       		.uleb128 0xb
 449 003b 49       		.uleb128 0x49
 450 003c 13       		.uleb128 0x13
 451 003d 00       		.byte	0
 452 003e 00       		.byte	0
 453 003f 06       		.uleb128 0x6
 454 0040 26       		.uleb128 0x26
 455 0041 00       		.byte	0
 456 0042 49       		.uleb128 0x49
 457 0043 13       		.uleb128 0x13
 458 0044 00       		.byte	0
 459 0045 00       		.byte	0
 460 0046 07       		.uleb128 0x7
 461 0047 2E       		.uleb128 0x2e
 462 0048 01       		.byte	0x1
 463 0049 3F       		.uleb128 0x3f
 464 004a 19       		.uleb128 0x19
 465 004b 03       		.uleb128 0x3
 466 004c 0E       		.uleb128 0xe
 467 004d 3A       		.uleb128 0x3a
ARM GAS  C:\Users\Terence\AppData\Local\Temp\ccT9Nh7D.s 			page 12


 468 004e 0B       		.uleb128 0xb
 469 004f 3B       		.uleb128 0x3b
 470 0050 0B       		.uleb128 0xb
 471 0051 27       		.uleb128 0x27
 472 0052 19       		.uleb128 0x19
 473 0053 11       		.uleb128 0x11
 474 0054 01       		.uleb128 0x1
 475 0055 12       		.uleb128 0x12
 476 0056 06       		.uleb128 0x6
 477 0057 40       		.uleb128 0x40
 478 0058 18       		.uleb128 0x18
 479 0059 9742     		.uleb128 0x2117
 480 005b 19       		.uleb128 0x19
 481 005c 01       		.uleb128 0x1
 482 005d 13       		.uleb128 0x13
 483 005e 00       		.byte	0
 484 005f 00       		.byte	0
 485 0060 08       		.uleb128 0x8
 486 0061 898201   		.uleb128 0x4109
 487 0064 01       		.byte	0x1
 488 0065 11       		.uleb128 0x11
 489 0066 01       		.uleb128 0x1
 490 0067 31       		.uleb128 0x31
 491 0068 13       		.uleb128 0x13
 492 0069 00       		.byte	0
 493 006a 00       		.byte	0
 494 006b 09       		.uleb128 0x9
 495 006c 8A8201   		.uleb128 0x410a
 496 006f 00       		.byte	0
 497 0070 02       		.uleb128 0x2
 498 0071 18       		.uleb128 0x18
 499 0072 9142     		.uleb128 0x2111
 500 0074 18       		.uleb128 0x18
 501 0075 00       		.byte	0
 502 0076 00       		.byte	0
 503 0077 0A       		.uleb128 0xa
 504 0078 34       		.uleb128 0x34
 505 0079 00       		.byte	0
 506 007a 03       		.uleb128 0x3
 507 007b 0E       		.uleb128 0xe
 508 007c 3A       		.uleb128 0x3a
 509 007d 0B       		.uleb128 0xb
 510 007e 3B       		.uleb128 0x3b
 511 007f 0B       		.uleb128 0xb
 512 0080 49       		.uleb128 0x49
 513 0081 13       		.uleb128 0x13
 514 0082 02       		.uleb128 0x2
 515 0083 17       		.uleb128 0x17
 516 0084 00       		.byte	0
 517 0085 00       		.byte	0
 518 0086 0B       		.uleb128 0xb
 519 0087 898201   		.uleb128 0x4109
 520 008a 00       		.byte	0
 521 008b 11       		.uleb128 0x11
 522 008c 01       		.uleb128 0x1
 523 008d 31       		.uleb128 0x31
 524 008e 13       		.uleb128 0x13
ARM GAS  C:\Users\Terence\AppData\Local\Temp\ccT9Nh7D.s 			page 13


 525 008f 00       		.byte	0
 526 0090 00       		.byte	0
 527 0091 0C       		.uleb128 0xc
 528 0092 34       		.uleb128 0x34
 529 0093 00       		.byte	0
 530 0094 03       		.uleb128 0x3
 531 0095 0E       		.uleb128 0xe
 532 0096 3A       		.uleb128 0x3a
 533 0097 0B       		.uleb128 0xb
 534 0098 3B       		.uleb128 0x3b
 535 0099 0B       		.uleb128 0xb
 536 009a 49       		.uleb128 0x49
 537 009b 13       		.uleb128 0x13
 538 009c 3F       		.uleb128 0x3f
 539 009d 19       		.uleb128 0x19
 540 009e 3C       		.uleb128 0x3c
 541 009f 19       		.uleb128 0x19
 542 00a0 00       		.byte	0
 543 00a1 00       		.byte	0
 544 00a2 0D       		.uleb128 0xd
 545 00a3 2E       		.uleb128 0x2e
 546 00a4 01       		.byte	0x1
 547 00a5 3F       		.uleb128 0x3f
 548 00a6 19       		.uleb128 0x19
 549 00a7 03       		.uleb128 0x3
 550 00a8 0E       		.uleb128 0xe
 551 00a9 3A       		.uleb128 0x3a
 552 00aa 0B       		.uleb128 0xb
 553 00ab 3B       		.uleb128 0x3b
 554 00ac 05       		.uleb128 0x5
 555 00ad 27       		.uleb128 0x27
 556 00ae 19       		.uleb128 0x19
 557 00af 3C       		.uleb128 0x3c
 558 00b0 19       		.uleb128 0x19
 559 00b1 01       		.uleb128 0x1
 560 00b2 13       		.uleb128 0x13
 561 00b3 00       		.byte	0
 562 00b4 00       		.byte	0
 563 00b5 0E       		.uleb128 0xe
 564 00b6 05       		.uleb128 0x5
 565 00b7 00       		.byte	0
 566 00b8 49       		.uleb128 0x49
 567 00b9 13       		.uleb128 0x13
 568 00ba 00       		.byte	0
 569 00bb 00       		.byte	0
 570 00bc 0F       		.uleb128 0xf
 571 00bd 2E       		.uleb128 0x2e
 572 00be 00       		.byte	0
 573 00bf 3F       		.uleb128 0x3f
 574 00c0 19       		.uleb128 0x19
 575 00c1 03       		.uleb128 0x3
 576 00c2 0E       		.uleb128 0xe
 577 00c3 3A       		.uleb128 0x3a
 578 00c4 0B       		.uleb128 0xb
 579 00c5 3B       		.uleb128 0x3b
 580 00c6 0B       		.uleb128 0xb
 581 00c7 27       		.uleb128 0x27
ARM GAS  C:\Users\Terence\AppData\Local\Temp\ccT9Nh7D.s 			page 14


 582 00c8 19       		.uleb128 0x19
 583 00c9 3C       		.uleb128 0x3c
 584 00ca 19       		.uleb128 0x19
 585 00cb 00       		.byte	0
 586 00cc 00       		.byte	0
 587 00cd 00       		.byte	0
 588              		.section	.debug_loc,"",%progbits
 589              	.Ldebug_loc0:
 590              	.LLST0:
 591 0000 0C000000 		.4byte	.LVL1
 592 0004 12000000 		.4byte	.LVL2
 593 0008 0100     		.2byte	0x1
 594 000a 53       		.byte	0x53
 595 000b 12000000 		.4byte	.LVL2
 596 000f 18000000 		.4byte	.LVL3
 597 0013 0C00     		.2byte	0xc
 598 0015 70       		.byte	0x70
 599 0016 00       		.sleb128 0
 600 0017 71       		.byte	0x71
 601 0018 00       		.sleb128 0
 602 0019 94       		.byte	0x94
 603 001a 02       		.byte	0x2
 604 001b 0A       		.byte	0xa
 605 001c FFFF     		.2byte	0xffff
 606 001e 1A       		.byte	0x1a
 607 001f 1C       		.byte	0x1c
 608 0020 9F       		.byte	0x9f
 609 0021 00000000 		.4byte	0
 610 0025 00000000 		.4byte	0
 611              	.LLST1:
 612 0029 0C000000 		.4byte	.LVL5
 613 002d 12000000 		.4byte	.LVL6
 614 0031 0100     		.2byte	0x1
 615 0033 53       		.byte	0x53
 616 0034 12000000 		.4byte	.LVL6
 617 0038 18000000 		.4byte	.LVL7
 618 003c 0C00     		.2byte	0xc
 619 003e 70       		.byte	0x70
 620 003f 00       		.sleb128 0
 621 0040 71       		.byte	0x71
 622 0041 00       		.sleb128 0
 623 0042 94       		.byte	0x94
 624 0043 02       		.byte	0x2
 625 0044 0A       		.byte	0xa
 626 0045 FFFF     		.2byte	0xffff
 627 0047 1A       		.byte	0x1a
 628 0048 1C       		.byte	0x1c
 629 0049 9F       		.byte	0x9f
 630 004a 00000000 		.4byte	0
 631 004e 00000000 		.4byte	0
 632              		.section	.debug_aranges,"",%progbits
 633 0000 2C000000 		.4byte	0x2c
 634 0004 0200     		.2byte	0x2
 635 0006 00000000 		.4byte	.Ldebug_info0
 636 000a 04       		.byte	0x4
 637 000b 00       		.byte	0
 638 000c 0000     		.2byte	0
ARM GAS  C:\Users\Terence\AppData\Local\Temp\ccT9Nh7D.s 			page 15


 639 000e 0000     		.2byte	0
 640 0010 00000000 		.4byte	.LFB325
 641 0014 14000000 		.4byte	.LFE325-.LFB325
 642 0018 00000000 		.4byte	.LFB326
 643 001c 3C000000 		.4byte	.LFE326-.LFB326
 644 0020 00000000 		.4byte	.LFB327
 645 0024 4C000000 		.4byte	.LFE327-.LFB327
 646 0028 00000000 		.4byte	0
 647 002c 00000000 		.4byte	0
 648              		.section	.debug_ranges,"",%progbits
 649              	.Ldebug_ranges0:
 650 0000 00000000 		.4byte	.LFB325
 651 0004 14000000 		.4byte	.LFE325
 652 0008 00000000 		.4byte	.LFB326
 653 000c 3C000000 		.4byte	.LFE326
 654 0010 00000000 		.4byte	.LFB327
 655 0014 4C000000 		.4byte	.LFE327
 656 0018 00000000 		.4byte	0
 657 001c 00000000 		.4byte	0
 658              		.section	.debug_line,"",%progbits
 659              	.Ldebug_line0:
 660 0000 C2000000 		.section	.debug_str,"MS",%progbits,1
 660      02007800 
 660      00000201 
 660      FB0E0D00 
 660      01010101 
 661              	.LASF20:
 662 0000 696E436E 		.ascii	"inCnt\000"
 662      7400
 663              	.LASF21:
 664 0006 696E4C65 		.ascii	"inLevel\000"
 664      76656C00 
 665              	.LASF18:
 666 000e 72656D6F 		.ascii	"removed\000"
 666      76656400 
 667              	.LASF25:
 668 0016 6F757455 		.ascii	"outUsbCount\000"
 668      7362436F 
 668      756E7400 
 669              	.LASF11:
 670 0022 666C6F61 		.ascii	"float\000"
 670      7400
 671              	.LASF1:
 672 0028 756E7369 		.ascii	"unsigned char\000"
 672      676E6564 
 672      20636861 
 672      7200
 673              	.LASF15:
 674 0036 496E444D 		.ascii	"InDMADone_Interrupt\000"
 674      41446F6E 
 674      655F496E 
 674      74657272 
 674      75707400 
 675              	.LASF5:
 676 004a 6C6F6E67 		.ascii	"long unsigned int\000"
 676      20756E73 
 676      69676E65 
ARM GAS  C:\Users\Terence\AppData\Local\Temp\ccT9Nh7D.s 			page 16


 676      6420696E 
 676      7400
 677              	.LASF3:
 678 005c 73686F72 		.ascii	"short unsigned int\000"
 678      7420756E 
 678      7369676E 
 678      65642069 
 678      6E7400
 679              	.LASF12:
 680 006f 646F7562 		.ascii	"double\000"
 680      6C6500
 681              	.LASF26:
 682 0076 6F757455 		.ascii	"outUsbShadow\000"
 682      73625368 
 682      61646F77 
 682      00
 683              	.LASF10:
 684 0083 75696E74 		.ascii	"uint16\000"
 684      313600
 685              	.LASF19:
 686 008a 61646465 		.ascii	"added\000"
 686      6400
 687              	.LASF8:
 688 0090 756E7369 		.ascii	"unsigned int\000"
 688      676E6564 
 688      20696E74 
 688      00
 689              	.LASF7:
 690 009d 6C6F6E67 		.ascii	"long long unsigned int\000"
 690      206C6F6E 
 690      6720756E 
 690      7369676E 
 690      65642069 
 691              	.LASF31:
 692 00b4 433A5C50 		.ascii	"C:\\Program Files (x86)\\Cypress\\CY8CKIT-046 PSoC "
 692      726F6772 
 692      616D2046 
 692      696C6573 
 692      20287838 
 693 00e4 34204C2D 		.ascii	"4 L-Series Pioneer Kit\\1.0\\Firmware\\PSoC 4200L\\"
 693      53657269 
 693      65732050 
 693      696F6E65 
 693      6572204B 
 694 0113 43593843 		.ascii	"CY8CKIT_046_USB_Audio\\CY8CKIT_046_USB_Audio.cydsn\000"
 694      4B49545F 
 694      3034365F 
 694      5553425F 
 694      41756469 
 695              	.LASF14:
 696 0145 73697A65 		.ascii	"sizetype\000"
 696      74797065 
 696      00
 697              	.LASF6:
 698 014e 6C6F6E67 		.ascii	"long long int\000"
 698      206C6F6E 
 698      6720696E 
ARM GAS  C:\Users\Terence\AppData\Local\Temp\ccT9Nh7D.s 			page 17


 698      7400
 699              	.LASF30:
 700 015c 2E5C496E 		.ascii	".\\Interrupts.c\000"
 700      74657272 
 700      75707473 
 700      2E6300
 701              	.LASF13:
 702 016b 63686172 		.ascii	"char\000"
 702      00
 703              	.LASF32:
 704 0170 55534246 		.ascii	"USBFS_LoadInEP\000"
 704      535F4C6F 
 704      6164496E 
 704      455000
 705              	.LASF29:
 706 017f 474E5520 		.ascii	"GNU C 4.9.3 20150303 (release) [ARM/embedded-4_9-br"
 706      4320342E 
 706      392E3320 
 706      32303135 
 706      30333033 
 707 01b2 616E6368 		.ascii	"anch revision 221220] -mcpu=cortex-m0 -mthumb -g -O"
 707      20726576 
 707      6973696F 
 707      6E203232 
 707      31323230 
 708 01e5 67202D66 		.ascii	"g -ffunction-sections -ffat-lto-objects\000"
 708      66756E63 
 708      74696F6E 
 708      2D736563 
 708      74696F6E 
 709              	.LASF16:
 710 020d 5278444D 		.ascii	"RxDMADone_Interrupt\000"
 710      41446F6E 
 710      655F496E 
 710      74657272 
 710      75707400 
 711              	.LASF2:
 712 0221 73686F72 		.ascii	"short int\000"
 712      7420696E 
 712      7400
 713              	.LASF9:
 714 022b 75696E74 		.ascii	"uint8\000"
 714      3800
 715              	.LASF27:
 716 0231 53746F70 		.ascii	"Stop_I2S_Rx\000"
 716      5F493253 
 716      5F527800 
 717              	.LASF4:
 718 023d 6C6F6E67 		.ascii	"long int\000"
 718      20696E74 
 718      00
 719              	.LASF28:
 720 0246 53746F70 		.ascii	"Stop_I2S_Tx\000"
 720      5F493253 
 720      5F547800 
 721              	.LASF0:
 722 0252 7369676E 		.ascii	"signed char\000"
ARM GAS  C:\Users\Terence\AppData\Local\Temp\ccT9Nh7D.s 			page 18


 722      65642063 
 722      68617200 
 723              	.LASF23:
 724 025e 696E5573 		.ascii	"inUsbShadow\000"
 724      62536861 
 724      646F7700 
 725              	.LASF17:
 726 026a 5478444D 		.ascii	"TxDMADone_Interrupt\000"
 726      41446F6E 
 726      655F496E 
 726      74657272 
 726      75707400 
 727              	.LASF22:
 728 027e 696E5573 		.ascii	"inUsbCount\000"
 728      62436F75 
 728      6E7400
 729              	.LASF24:
 730 0289 6F75744C 		.ascii	"outLevel\000"
 730      6576656C 
 730      00
 731              		.ident	"GCC: (GNU Tools for ARM Embedded Processors) 4.9.3 20150303 (release) [ARM/embedded-4_9-br
