ARM GAS  C:\Users\Terence\AppData\Local\Temp\ccooSQYy.s 			page 1


   1              		.cpu cortex-m0
   2              		.fpu softvfp
   3              		.eabi_attribute 20, 1
   4              		.eabi_attribute 21, 1
   5              		.eabi_attribute 23, 3
   6              		.eabi_attribute 24, 1
   7              		.eabi_attribute 25, 1
   8              		.eabi_attribute 26, 1
   9              		.eabi_attribute 30, 1
  10              		.eabi_attribute 34, 0
  11              		.eabi_attribute 18, 4
  12              		.code	16
  13              		.file	"main.c"
  14              		.text
  15              	.Ltext0:
  16              		.cfi_sections	.debug_frame
  17              		.section	.text.main,"ax",%progbits
  18              		.align	2
  19              		.global	main
  20              		.code	16
  21              		.thumb_func
  22              		.type	main, %function
  23              	main:
  24              	.LFB325:
  25              		.file 1 ".\\main.c"
   1:.\main.c      **** /******************************************************************************
   2:.\main.c      **** * Project Name		: CY8CKIT_046_USB_Audio
   3:.\main.c      **** * Version			: 1.0
   4:.\main.c      **** * Device Used		: CY8C4248BZI-L489     
   5:.\main.c      **** * Software Used		: PSoC Creator 3.3 Service Pack 1
   6:.\main.c      **** * Compiler Used		: ARM GCC 4.9.3 
   7:.\main.c      **** * Related Hardware	: CY8CKIT-046 PSoC 4 L-Series Pioneer Kit 
   8:.\main.c      **** *******************************************************************************
   9:.\main.c      **** * Copyright (2015), Cypress Semiconductor Corporation.
  10:.\main.c      **** *******************************************************************************
  11:.\main.c      **** * This software, including source code, documentation and related materials
  12:.\main.c      **** * ("Software") is owned by Cypress Semiconductor Corporation (Cypress) and is
  13:.\main.c      **** * protected by and subject to worldwide patent protection (United States and 
  14:.\main.c      **** * foreign), United States copyright laws and international treaty provisions. 
  15:.\main.c      **** * Cypress hereby grants to licensee a personal, non-exclusive, non-transferable
  16:.\main.c      **** * license to copy, use, modify, create derivative works of, and compile the 
  17:.\main.c      **** * Cypress source code and derivative works for the sole purpose of creating 
  18:.\main.c      **** * custom software in support of licensee product, such licensee product to be
  19:.\main.c      **** * used only in conjunction with Cypress's integrated circuit as specified in the
  20:.\main.c      **** * applicable agreement. Any reproduction, modification, translation, compilation,
  21:.\main.c      **** * or representation of this Software except as specified above is prohibited 
  22:.\main.c      **** * without the express written permission of Cypress.
  23:.\main.c      **** * 
  24:.\main.c      **** * Disclaimer: THIS SOFTWARE IS PROVIDED AS-IS, WITH NO WARRANTY OF ANY KIND, 
  25:.\main.c      **** * EXPRESS OR IMPLIED, INCLUDING, BUT NOT LIMITED TO, NONINFRINGEMENT, IMPLIED 
  26:.\main.c      **** * WARRANTIES OF MERCHANTABILITY AND FITNESS FOR A PARTICULAR PURPOSE.
  27:.\main.c      **** * Cypress reserves the right to make changes to the Software without notice. 
  28:.\main.c      **** * Cypress does not assume any liability arising out of the application or use
  29:.\main.c      **** * of Software or any product or circuit described in the Software. Cypress does
  30:.\main.c      **** * not authorize its products for use as critical components in any products 
  31:.\main.c      **** * where a malfunction or failure may reasonably be expected to result in 
  32:.\main.c      **** * significant injury or death ("ACTIVE Risk Product"). By including Cypress's 
ARM GAS  C:\Users\Terence\AppData\Local\Temp\ccooSQYy.s 			page 2


  33:.\main.c      **** * product in a ACTIVE Risk Product, the manufacturer of such system or application
  34:.\main.c      **** * assumes all risk of such use and in doing so indemnifies Cypress against all
  35:.\main.c      **** * liability. Use of this Software may be limited by and subject to the applicable
  36:.\main.c      **** * Cypress software license agreement.
  37:.\main.c      **** *******************************************************************************/
  38:.\main.c      **** /*******************************************************************************
  39:.\main.c      **** * Theory of Operation: This project demonstrates the capability of PSoC 4200L to 
  40:.\main.c      **** * provide a high-quality audio playback and recording interface to a Windows or 
  41:.\main.c      **** * Mac PC. The example uses the PSoC 4200L USB to implement an asynchronous USB 
  42:.\main.c      **** * Audio Class v1.0 compliant device. The PSoC 4 L-Series Pioneer Kit has a 
  43:.\main.c      **** * standard 3.5-mm TRRS audio jack onboard and an audio codec to convert digital 
  44:.\main.c      **** * audio stream into analog and vice-versa. These components along with PSoC 4200L
  45:.\main.c      **** * implement the complete USB Audio interface.
  46:.\main.c      **** *******************************************************************************/
  47:.\main.c      **** 
  48:.\main.c      **** #include <project.h>
  49:.\main.c      **** #include "Application.h"
  50:.\main.c      **** #include "Codec.h"
  51:.\main.c      **** #include "AudioControl.h"
  52:.\main.c      **** #include "USBInterface.h"
  53:.\main.c      **** 
  54:.\main.c      **** int main()
  55:.\main.c      **** {
  26              		.loc 1 55 0
  27              		.cfi_startproc
  28 0000 10B5     		push	{r4, lr}
  29              		.cfi_def_cfa_offset 8
  30              		.cfi_offset 4, -8
  31              		.cfi_offset 14, -4
  32              	.LVL0:
  56:.\main.c      **** 	int32 usbEnumFlag = 0; 
  57:.\main.c      **** 	
  58:.\main.c      **** 	/* Setup the Audio pipe from USB to I2S.*/	
  59:.\main.c      ****     InitAudioPath();
  33              		.loc 1 59 0
  34 0002 FFF7FEFF 		bl	InitAudioPath
  35              	.LVL1:
  60:.\main.c      **** 	
  61:.\main.c      **** 	/* Setup the Application part of the firmware */
  62:.\main.c      ****     InitApp();
  36              		.loc 1 62 0
  37 0006 FFF7FEFF 		bl	InitApp
  38              	.LVL2:
  63:.\main.c      **** 	
  64:.\main.c      **** 	PRINT("InitApp Complete\r\n");
  39              		.loc 1 64 0
  40 000a 1648     		ldr	r0, .L7
  41 000c FFF7FEFF 		bl	UART_UartPutString
  42              	.LVL3:
  56:.\main.c      **** 	
  43              		.loc 1 56 0
  44 0010 0024     		mov	r4, #0
  45              	.LVL4:
  46              	.L6:
  65:.\main.c      **** 	
  66:.\main.c      ****     for(;;)
  67:.\main.c      ****     {
ARM GAS  C:\Users\Terence\AppData\Local\Temp\ccooSQYy.s 			page 3


  68:.\main.c      ****         /* Check for USB enumeration with USB host */
  69:.\main.c      ****         if(USBFS_VBusPresent() == TRUE)
  47              		.loc 1 69 0
  48 0012 FFF7FEFF 		bl	USBFS_VBusPresent
  49              	.LVL5:
  50 0016 0128     		cmp	r0, #1
  51 0018 0ED1     		bne	.L2
  70:.\main.c      **** 		{
  71:.\main.c      **** 			if( USBFS_GetConfiguration() != FALSE)
  52              		.loc 1 71 0
  53 001a FFF7FEFF 		bl	USBFS_GetConfiguration
  54              	.LVL6:
  55 001e 0028     		cmp	r0, #0
  56 0020 1AD0     		beq	.L3
  72:.\main.c      **** 	        {				
  73:.\main.c      **** 	            /* Accessory initialization routine after USB enumeration completion 
  74:.\main.c      **** 				 * Also loads the EP's when audio playback/recording starts */
  75:.\main.c      **** 				ServiceUSB();               
  57              		.loc 1 75 0
  58 0022 FFF7FEFF 		bl	ServiceUSB
  59              	.LVL7:
  76:.\main.c      **** 	            
  77:.\main.c      **** 	            /* USB audio sampling frequency change handler. */
  78:.\main.c      **** 	            HandleSamplingFrequencyChangeRequest(); 
  60              		.loc 1 78 0
  61 0026 FFF7FEFF 		bl	HandleSamplingFrequencyChangeRequest
  62              	.LVL8:
  79:.\main.c      **** 				
  80:.\main.c      **** 				if(usbEnumFlag == FALSE)
  63              		.loc 1 80 0
  64 002a 002C     		cmp	r4, #0
  65 002c 14D1     		bne	.L3
  66              	.LVL9:
  81:.\main.c      **** 				{
  82:.\main.c      **** 					usbEnumFlag = TRUE; 
  83:.\main.c      **** 					PRINT("USB Enumeration Done\r\n");
  67              		.loc 1 83 0
  68 002e 0E48     		ldr	r0, .L7+4
  69 0030 FFF7FEFF 		bl	UART_UartPutString
  70              	.LVL10:
  82:.\main.c      **** 					PRINT("USB Enumeration Done\r\n");
  71              		.loc 1 82 0
  72 0034 0134     		add	r4, r4, #1
  73 0036 0FE0     		b	.L3
  74              	.LVL11:
  75              	.L2:
  84:.\main.c      **** 				}
  85:.\main.c      **** 	        }	
  86:.\main.c      **** 		}
  87:.\main.c      **** 		else
  88:.\main.c      **** 		{		
  89:.\main.c      **** 			/* Do not operate the device when VBUS is absent */			
  90:.\main.c      **** 			PRINT("USB Disconnected \r\n");	
  76              		.loc 1 90 0
  77 0038 0C48     		ldr	r0, .L7+8
  78 003a FFF7FEFF 		bl	UART_UartPutString
  79              	.LVL12:
ARM GAS  C:\Users\Terence\AppData\Local\Temp\ccooSQYy.s 			page 4


  80              	.L4:
  91:.\main.c      **** 			
  92:.\main.c      **** 			/* Wait till the USB is connected again */
  93:.\main.c      **** 			while(USBFS_VBusPresent() == FALSE);
  81              		.loc 1 93 0 discriminator 1
  82 003e FFF7FEFF 		bl	USBFS_VBusPresent
  83              	.LVL13:
  84 0042 0028     		cmp	r0, #0
  85 0044 FBD0     		beq	.L4
  94:.\main.c      **** 			
  95:.\main.c      **** 			/* Do a software reset once VBUS is connected to properly reinitialize USB, DMA and I2S componen
  96:.\main.c      **** 			PRINT("USB Reconnected - SW reset \r\n");
  86              		.loc 1 96 0
  87 0046 0A48     		ldr	r0, .L7+12
  88 0048 FFF7FEFF 		bl	UART_UartPutString
  89              	.LVL14:
  90              	.L5:
  97:.\main.c      ****             #ifdef TXDEBUG
  98:.\main.c      **** 			    while(UART_SpiUartGetTxBufferSize() != 0);
  91              		.loc 1 98 0 discriminator 1
  92 004c FFF7FEFF 		bl	UART_SpiUartGetTxBufferSize
  93              	.LVL15:
  94 0050 0028     		cmp	r0, #0
  95 0052 FBD1     		bne	.L5
  99:.\main.c      ****             #endif
 100:.\main.c      ****             
 101:.\main.c      ****             /* Do a software reset once data is sent over UART */
 102:.\main.c      **** 			CySoftwareReset();		
  96              		.loc 1 102 0
  97 0054 FFF7FEFF 		bl	CySoftwareReset
  98              	.LVL16:
  99              	.L3:
 103:.\main.c      **** 		}
 104:.\main.c      ****         
 105:.\main.c      **** 		/* Clear audio IN buffer when IN stream is stopped */
 106:.\main.c      **** 		HandleAudioInBuffer();             
 100              		.loc 1 106 0
 101 0058 FFF7FEFF 		bl	HandleAudioInBuffer
 102              	.LVL17:
 107:.\main.c      ****         
 108:.\main.c      **** 		/* Runs application layer code for CapSense */
 109:.\main.c      **** 		RunApplication(); 
 103              		.loc 1 109 0
 104 005c FFF7FEFF 		bl	RunApplication
 105              	.LVL18:
 110:.\main.c      ****     }
 106              		.loc 1 110 0
 107 0060 D7E7     		b	.L6
 108              	.L8:
 109 0062 C046     		.align	2
 110              	.L7:
 111 0064 00000000 		.word	.LC0
 112 0068 14000000 		.word	.LC2
 113 006c 2C000000 		.word	.LC4
 114 0070 40000000 		.word	.LC6
 115              		.cfi_endproc
 116              	.LFE325:
ARM GAS  C:\Users\Terence\AppData\Local\Temp\ccooSQYy.s 			page 5


 117              		.size	main, .-main
 118              		.section	.rodata.str1.4,"aMS",%progbits,1
 119              		.align	2
 120              	.LC0:
 121 0000 496E6974 		.ascii	"InitApp Complete\015\012\000"
 121      41707020 
 121      436F6D70 
 121      6C657465 
 121      0D0A00
 122 0013 00       		.space	1
 123              	.LC2:
 124 0014 55534220 		.ascii	"USB Enumeration Done\015\012\000"
 124      456E756D 
 124      65726174 
 124      696F6E20 
 124      446F6E65 
 125 002b 00       		.space	1
 126              	.LC4:
 127 002c 55534220 		.ascii	"USB Disconnected \015\012\000"
 127      44697363 
 127      6F6E6E65 
 127      63746564 
 127      200D0A00 
 128              	.LC6:
 129 0040 55534220 		.ascii	"USB Reconnected - SW reset \015\012\000"
 129      5265636F 
 129      6E6E6563 
 129      74656420 
 129      2D205357 
 130 005e 0000     		.text
 131              	.Letext0:
 132              		.file 2 "Generated_Source\\PSoC4/cytypes.h"
 133              		.file 3 ".\\AudioControl.h"
 134              		.file 4 ".\\Application.h"
 135              		.file 5 "Generated_Source\\PSoC4/USBFS.h"
 136              		.file 6 ".\\USBInterface.h"
 137              		.file 7 "Generated_Source\\PSoC4/UART_SPI_UART.h"
 138              		.file 8 "Generated_Source\\PSoC4/CyLib.h"
 139              		.section	.debug_info,"",%progbits
 140              	.Ldebug_info0:
 141 0000 0E020000 		.4byte	0x20e
 142 0004 0400     		.2byte	0x4
 143 0006 00000000 		.4byte	.Ldebug_abbrev0
 144 000a 04       		.byte	0x4
 145 000b 01       		.uleb128 0x1
 146 000c FF010000 		.4byte	.LASF27
 147 0010 01       		.byte	0x1
 148 0011 BB000000 		.4byte	.LASF28
 149 0015 16010000 		.4byte	.LASF29
 150 0019 00000000 		.4byte	.Ldebug_ranges0+0
 151 001d 00000000 		.4byte	0
 152 0021 00000000 		.4byte	.Ldebug_line0
 153 0025 02       		.uleb128 0x2
 154 0026 01       		.byte	0x1
 155 0027 06       		.byte	0x6
 156 0028 B6020000 		.4byte	.LASF0
 157 002c 02       		.uleb128 0x2
ARM GAS  C:\Users\Terence\AppData\Local\Temp\ccooSQYy.s 			page 6


 158 002d 01       		.byte	0x1
 159 002e 08       		.byte	0x8
 160 002f 8F000000 		.4byte	.LASF1
 161 0033 02       		.uleb128 0x2
 162 0034 02       		.byte	0x2
 163 0035 05       		.byte	0x5
 164 0036 8D020000 		.4byte	.LASF2
 165 003a 02       		.uleb128 0x2
 166 003b 02       		.byte	0x2
 167 003c 07       		.byte	0x7
 168 003d 21000000 		.4byte	.LASF3
 169 0041 02       		.uleb128 0x2
 170 0042 04       		.byte	0x4
 171 0043 05       		.byte	0x5
 172 0044 AD020000 		.4byte	.LASF4
 173 0048 02       		.uleb128 0x2
 174 0049 04       		.byte	0x4
 175 004a 07       		.byte	0x7
 176 004b A3000000 		.4byte	.LASF5
 177 004f 02       		.uleb128 0x2
 178 0050 08       		.byte	0x8
 179 0051 05       		.byte	0x5
 180 0052 C4010000 		.4byte	.LASF6
 181 0056 02       		.uleb128 0x2
 182 0057 08       		.byte	0x8
 183 0058 07       		.byte	0x7
 184 0059 FF000000 		.4byte	.LASF7
 185 005d 03       		.uleb128 0x3
 186 005e 04       		.byte	0x4
 187 005f 05       		.byte	0x5
 188 0060 696E7400 		.ascii	"int\000"
 189 0064 02       		.uleb128 0x2
 190 0065 04       		.byte	0x4
 191 0066 07       		.byte	0x7
 192 0067 F2000000 		.4byte	.LASF8
 193 006b 04       		.uleb128 0x4
 194 006c 97020000 		.4byte	.LASF9
 195 0070 02       		.byte	0x2
 196 0071 3801     		.2byte	0x138
 197 0073 2C000000 		.4byte	0x2c
 198 0077 04       		.uleb128 0x4
 199 0078 D4000000 		.4byte	.LASF10
 200 007c 02       		.byte	0x2
 201 007d 3A01     		.2byte	0x13a
 202 007f 48000000 		.4byte	0x48
 203 0083 04       		.uleb128 0x4
 204 0084 B5000000 		.4byte	.LASF11
 205 0088 02       		.byte	0x2
 206 0089 3D01     		.2byte	0x13d
 207 008b 41000000 		.4byte	0x41
 208 008f 02       		.uleb128 0x2
 209 0090 04       		.byte	0x4
 210 0091 04       		.byte	0x4
 211 0092 89000000 		.4byte	.LASF12
 212 0096 02       		.uleb128 0x2
 213 0097 08       		.byte	0x8
 214 0098 04       		.byte	0x4
ARM GAS  C:\Users\Terence\AppData\Local\Temp\ccooSQYy.s 			page 7


 215 0099 4A000000 		.4byte	.LASF13
 216 009d 04       		.uleb128 0x4
 217 009e 9D000000 		.4byte	.LASF14
 218 00a2 02       		.byte	0x2
 219 00a3 4901     		.2byte	0x149
 220 00a5 A9000000 		.4byte	0xa9
 221 00a9 02       		.uleb128 0x2
 222 00aa 01       		.byte	0x1
 223 00ab 08       		.byte	0x8
 224 00ac DE010000 		.4byte	.LASF15
 225 00b0 02       		.uleb128 0x2
 226 00b1 04       		.byte	0x4
 227 00b2 07       		.byte	0x7
 228 00b3 BB010000 		.4byte	.LASF16
 229 00b7 05       		.uleb128 0x5
 230 00b8 CF000000 		.4byte	.LASF30
 231 00bc 01       		.byte	0x1
 232 00bd 36       		.byte	0x36
 233 00be 5D000000 		.4byte	0x5d
 234 00c2 00000000 		.4byte	.LFB325
 235 00c6 74000000 		.4byte	.LFE325-.LFB325
 236 00ca 01       		.uleb128 0x1
 237 00cb 9C       		.byte	0x9c
 238 00cc 9F010000 		.4byte	0x19f
 239 00d0 06       		.uleb128 0x6
 240 00d1 D2010000 		.4byte	.LASF31
 241 00d5 01       		.byte	0x1
 242 00d6 38       		.byte	0x38
 243 00d7 83000000 		.4byte	0x83
 244 00db 00000000 		.4byte	.LLST0
 245 00df 07       		.uleb128 0x7
 246 00e0 06000000 		.4byte	.LVL1
 247 00e4 9F010000 		.4byte	0x19f
 248 00e8 07       		.uleb128 0x7
 249 00e9 0A000000 		.4byte	.LVL2
 250 00ed A6010000 		.4byte	0x1a6
 251 00f1 08       		.uleb128 0x8
 252 00f2 10000000 		.4byte	.LVL3
 253 00f6 AD010000 		.4byte	0x1ad
 254 00fa 08010000 		.4byte	0x108
 255 00fe 09       		.uleb128 0x9
 256 00ff 01       		.uleb128 0x1
 257 0100 50       		.byte	0x50
 258 0101 05       		.uleb128 0x5
 259 0102 03       		.byte	0x3
 260 0103 00000000 		.4byte	.LC0
 261 0107 00       		.byte	0
 262 0108 07       		.uleb128 0x7
 263 0109 16000000 		.4byte	.LVL5
 264 010d CA010000 		.4byte	0x1ca
 265 0111 07       		.uleb128 0x7
 266 0112 1E000000 		.4byte	.LVL6
 267 0116 D6010000 		.4byte	0x1d6
 268 011a 07       		.uleb128 0x7
 269 011b 26000000 		.4byte	.LVL7
 270 011f E2010000 		.4byte	0x1e2
 271 0123 07       		.uleb128 0x7
ARM GAS  C:\Users\Terence\AppData\Local\Temp\ccooSQYy.s 			page 8


 272 0124 2A000000 		.4byte	.LVL8
 273 0128 E9010000 		.4byte	0x1e9
 274 012c 08       		.uleb128 0x8
 275 012d 34000000 		.4byte	.LVL10
 276 0131 AD010000 		.4byte	0x1ad
 277 0135 43010000 		.4byte	0x143
 278 0139 09       		.uleb128 0x9
 279 013a 01       		.uleb128 0x1
 280 013b 50       		.byte	0x50
 281 013c 05       		.uleb128 0x5
 282 013d 03       		.byte	0x3
 283 013e 14000000 		.4byte	.LC2
 284 0142 00       		.byte	0
 285 0143 08       		.uleb128 0x8
 286 0144 3E000000 		.4byte	.LVL12
 287 0148 AD010000 		.4byte	0x1ad
 288 014c 5A010000 		.4byte	0x15a
 289 0150 09       		.uleb128 0x9
 290 0151 01       		.uleb128 0x1
 291 0152 50       		.byte	0x50
 292 0153 05       		.uleb128 0x5
 293 0154 03       		.byte	0x3
 294 0155 2C000000 		.4byte	.LC4
 295 0159 00       		.byte	0
 296 015a 07       		.uleb128 0x7
 297 015b 42000000 		.4byte	.LVL13
 298 015f CA010000 		.4byte	0x1ca
 299 0163 08       		.uleb128 0x8
 300 0164 4C000000 		.4byte	.LVL14
 301 0168 AD010000 		.4byte	0x1ad
 302 016c 7A010000 		.4byte	0x17a
 303 0170 09       		.uleb128 0x9
 304 0171 01       		.uleb128 0x1
 305 0172 50       		.byte	0x50
 306 0173 05       		.uleb128 0x5
 307 0174 03       		.byte	0x3
 308 0175 40000000 		.4byte	.LC6
 309 0179 00       		.byte	0
 310 017a 07       		.uleb128 0x7
 311 017b 50000000 		.4byte	.LVL15
 312 017f F0010000 		.4byte	0x1f0
 313 0183 07       		.uleb128 0x7
 314 0184 58000000 		.4byte	.LVL16
 315 0188 FC010000 		.4byte	0x1fc
 316 018c 07       		.uleb128 0x7
 317 018d 5C000000 		.4byte	.LVL17
 318 0191 03020000 		.4byte	0x203
 319 0195 07       		.uleb128 0x7
 320 0196 60000000 		.4byte	.LVL18
 321 019a 0A020000 		.4byte	0x20a
 322 019e 00       		.byte	0
 323 019f 0A       		.uleb128 0xa
 324 01a0 34000000 		.4byte	.LASF17
 325 01a4 03       		.byte	0x3
 326 01a5 55       		.byte	0x55
 327 01a6 0A       		.uleb128 0xa
 328 01a7 42000000 		.4byte	.LASF18
ARM GAS  C:\Users\Terence\AppData\Local\Temp\ccooSQYy.s 			page 9


 329 01ab 04       		.byte	0x4
 330 01ac 35       		.byte	0x35
 331 01ad 0B       		.uleb128 0xb
 332 01ae 76000000 		.4byte	.LASF32
 333 01b2 07       		.byte	0x7
 334 01b3 7701     		.2byte	0x177
 335 01b5 BF010000 		.4byte	0x1bf
 336 01b9 0C       		.uleb128 0xc
 337 01ba BF010000 		.4byte	0x1bf
 338 01be 00       		.byte	0
 339 01bf 0D       		.uleb128 0xd
 340 01c0 04       		.byte	0x4
 341 01c1 C5010000 		.4byte	0x1c5
 342 01c5 0E       		.uleb128 0xe
 343 01c6 9D000000 		.4byte	0x9d
 344 01ca 0F       		.uleb128 0xf
 345 01cb 0F000000 		.4byte	.LASF19
 346 01cf 05       		.byte	0x5
 347 01d0 5001     		.2byte	0x150
 348 01d2 6B000000 		.4byte	0x6b
 349 01d6 0F       		.uleb128 0xf
 350 01d7 DB000000 		.4byte	.LASF20
 351 01db 05       		.byte	0x5
 352 01dc 3501     		.2byte	0x135
 353 01de 6B000000 		.4byte	0x6b
 354 01e2 0A       		.uleb128 0xa
 355 01e3 C4000000 		.4byte	.LASF21
 356 01e7 06       		.byte	0x6
 357 01e8 43       		.byte	0x43
 358 01e9 0A       		.uleb128 0xa
 359 01ea 51000000 		.4byte	.LASF22
 360 01ee 03       		.byte	0x3
 361 01ef 5A       		.byte	0x5a
 362 01f0 0F       		.uleb128 0xf
 363 01f1 E3010000 		.4byte	.LASF23
 364 01f5 07       		.byte	0x7
 365 01f6 8E01     		.2byte	0x18e
 366 01f8 77000000 		.4byte	0x77
 367 01fc 0A       		.uleb128 0xa
 368 01fd 9D020000 		.4byte	.LASF24
 369 0201 08       		.byte	0x8
 370 0202 60       		.byte	0x60
 371 0203 0A       		.uleb128 0xa
 372 0204 A7010000 		.4byte	.LASF25
 373 0208 03       		.byte	0x3
 374 0209 5B       		.byte	0x5b
 375 020a 0A       		.uleb128 0xa
 376 020b 00000000 		.4byte	.LASF26
 377 020f 04       		.byte	0x4
 378 0210 36       		.byte	0x36
 379 0211 00       		.byte	0
 380              		.section	.debug_abbrev,"",%progbits
 381              	.Ldebug_abbrev0:
 382 0000 01       		.uleb128 0x1
 383 0001 11       		.uleb128 0x11
 384 0002 01       		.byte	0x1
 385 0003 25       		.uleb128 0x25
ARM GAS  C:\Users\Terence\AppData\Local\Temp\ccooSQYy.s 			page 10


 386 0004 0E       		.uleb128 0xe
 387 0005 13       		.uleb128 0x13
 388 0006 0B       		.uleb128 0xb
 389 0007 03       		.uleb128 0x3
 390 0008 0E       		.uleb128 0xe
 391 0009 1B       		.uleb128 0x1b
 392 000a 0E       		.uleb128 0xe
 393 000b 55       		.uleb128 0x55
 394 000c 17       		.uleb128 0x17
 395 000d 11       		.uleb128 0x11
 396 000e 01       		.uleb128 0x1
 397 000f 10       		.uleb128 0x10
 398 0010 17       		.uleb128 0x17
 399 0011 00       		.byte	0
 400 0012 00       		.byte	0
 401 0013 02       		.uleb128 0x2
 402 0014 24       		.uleb128 0x24
 403 0015 00       		.byte	0
 404 0016 0B       		.uleb128 0xb
 405 0017 0B       		.uleb128 0xb
 406 0018 3E       		.uleb128 0x3e
 407 0019 0B       		.uleb128 0xb
 408 001a 03       		.uleb128 0x3
 409 001b 0E       		.uleb128 0xe
 410 001c 00       		.byte	0
 411 001d 00       		.byte	0
 412 001e 03       		.uleb128 0x3
 413 001f 24       		.uleb128 0x24
 414 0020 00       		.byte	0
 415 0021 0B       		.uleb128 0xb
 416 0022 0B       		.uleb128 0xb
 417 0023 3E       		.uleb128 0x3e
 418 0024 0B       		.uleb128 0xb
 419 0025 03       		.uleb128 0x3
 420 0026 08       		.uleb128 0x8
 421 0027 00       		.byte	0
 422 0028 00       		.byte	0
 423 0029 04       		.uleb128 0x4
 424 002a 16       		.uleb128 0x16
 425 002b 00       		.byte	0
 426 002c 03       		.uleb128 0x3
 427 002d 0E       		.uleb128 0xe
 428 002e 3A       		.uleb128 0x3a
 429 002f 0B       		.uleb128 0xb
 430 0030 3B       		.uleb128 0x3b
 431 0031 05       		.uleb128 0x5
 432 0032 49       		.uleb128 0x49
 433 0033 13       		.uleb128 0x13
 434 0034 00       		.byte	0
 435 0035 00       		.byte	0
 436 0036 05       		.uleb128 0x5
 437 0037 2E       		.uleb128 0x2e
 438 0038 01       		.byte	0x1
 439 0039 3F       		.uleb128 0x3f
 440 003a 19       		.uleb128 0x19
 441 003b 03       		.uleb128 0x3
 442 003c 0E       		.uleb128 0xe
ARM GAS  C:\Users\Terence\AppData\Local\Temp\ccooSQYy.s 			page 11


 443 003d 3A       		.uleb128 0x3a
 444 003e 0B       		.uleb128 0xb
 445 003f 3B       		.uleb128 0x3b
 446 0040 0B       		.uleb128 0xb
 447 0041 49       		.uleb128 0x49
 448 0042 13       		.uleb128 0x13
 449 0043 11       		.uleb128 0x11
 450 0044 01       		.uleb128 0x1
 451 0045 12       		.uleb128 0x12
 452 0046 06       		.uleb128 0x6
 453 0047 40       		.uleb128 0x40
 454 0048 18       		.uleb128 0x18
 455 0049 9742     		.uleb128 0x2117
 456 004b 19       		.uleb128 0x19
 457 004c 01       		.uleb128 0x1
 458 004d 13       		.uleb128 0x13
 459 004e 00       		.byte	0
 460 004f 00       		.byte	0
 461 0050 06       		.uleb128 0x6
 462 0051 34       		.uleb128 0x34
 463 0052 00       		.byte	0
 464 0053 03       		.uleb128 0x3
 465 0054 0E       		.uleb128 0xe
 466 0055 3A       		.uleb128 0x3a
 467 0056 0B       		.uleb128 0xb
 468 0057 3B       		.uleb128 0x3b
 469 0058 0B       		.uleb128 0xb
 470 0059 49       		.uleb128 0x49
 471 005a 13       		.uleb128 0x13
 472 005b 02       		.uleb128 0x2
 473 005c 17       		.uleb128 0x17
 474 005d 00       		.byte	0
 475 005e 00       		.byte	0
 476 005f 07       		.uleb128 0x7
 477 0060 898201   		.uleb128 0x4109
 478 0063 00       		.byte	0
 479 0064 11       		.uleb128 0x11
 480 0065 01       		.uleb128 0x1
 481 0066 31       		.uleb128 0x31
 482 0067 13       		.uleb128 0x13
 483 0068 00       		.byte	0
 484 0069 00       		.byte	0
 485 006a 08       		.uleb128 0x8
 486 006b 898201   		.uleb128 0x4109
 487 006e 01       		.byte	0x1
 488 006f 11       		.uleb128 0x11
 489 0070 01       		.uleb128 0x1
 490 0071 31       		.uleb128 0x31
 491 0072 13       		.uleb128 0x13
 492 0073 01       		.uleb128 0x1
 493 0074 13       		.uleb128 0x13
 494 0075 00       		.byte	0
 495 0076 00       		.byte	0
 496 0077 09       		.uleb128 0x9
 497 0078 8A8201   		.uleb128 0x410a
 498 007b 00       		.byte	0
 499 007c 02       		.uleb128 0x2
ARM GAS  C:\Users\Terence\AppData\Local\Temp\ccooSQYy.s 			page 12


 500 007d 18       		.uleb128 0x18
 501 007e 9142     		.uleb128 0x2111
 502 0080 18       		.uleb128 0x18
 503 0081 00       		.byte	0
 504 0082 00       		.byte	0
 505 0083 0A       		.uleb128 0xa
 506 0084 2E       		.uleb128 0x2e
 507 0085 00       		.byte	0
 508 0086 3F       		.uleb128 0x3f
 509 0087 19       		.uleb128 0x19
 510 0088 03       		.uleb128 0x3
 511 0089 0E       		.uleb128 0xe
 512 008a 3A       		.uleb128 0x3a
 513 008b 0B       		.uleb128 0xb
 514 008c 3B       		.uleb128 0x3b
 515 008d 0B       		.uleb128 0xb
 516 008e 27       		.uleb128 0x27
 517 008f 19       		.uleb128 0x19
 518 0090 3C       		.uleb128 0x3c
 519 0091 19       		.uleb128 0x19
 520 0092 00       		.byte	0
 521 0093 00       		.byte	0
 522 0094 0B       		.uleb128 0xb
 523 0095 2E       		.uleb128 0x2e
 524 0096 01       		.byte	0x1
 525 0097 3F       		.uleb128 0x3f
 526 0098 19       		.uleb128 0x19
 527 0099 03       		.uleb128 0x3
 528 009a 0E       		.uleb128 0xe
 529 009b 3A       		.uleb128 0x3a
 530 009c 0B       		.uleb128 0xb
 531 009d 3B       		.uleb128 0x3b
 532 009e 05       		.uleb128 0x5
 533 009f 27       		.uleb128 0x27
 534 00a0 19       		.uleb128 0x19
 535 00a1 3C       		.uleb128 0x3c
 536 00a2 19       		.uleb128 0x19
 537 00a3 01       		.uleb128 0x1
 538 00a4 13       		.uleb128 0x13
 539 00a5 00       		.byte	0
 540 00a6 00       		.byte	0
 541 00a7 0C       		.uleb128 0xc
 542 00a8 05       		.uleb128 0x5
 543 00a9 00       		.byte	0
 544 00aa 49       		.uleb128 0x49
 545 00ab 13       		.uleb128 0x13
 546 00ac 00       		.byte	0
 547 00ad 00       		.byte	0
 548 00ae 0D       		.uleb128 0xd
 549 00af 0F       		.uleb128 0xf
 550 00b0 00       		.byte	0
 551 00b1 0B       		.uleb128 0xb
 552 00b2 0B       		.uleb128 0xb
 553 00b3 49       		.uleb128 0x49
 554 00b4 13       		.uleb128 0x13
 555 00b5 00       		.byte	0
 556 00b6 00       		.byte	0
ARM GAS  C:\Users\Terence\AppData\Local\Temp\ccooSQYy.s 			page 13


 557 00b7 0E       		.uleb128 0xe
 558 00b8 26       		.uleb128 0x26
 559 00b9 00       		.byte	0
 560 00ba 49       		.uleb128 0x49
 561 00bb 13       		.uleb128 0x13
 562 00bc 00       		.byte	0
 563 00bd 00       		.byte	0
 564 00be 0F       		.uleb128 0xf
 565 00bf 2E       		.uleb128 0x2e
 566 00c0 00       		.byte	0
 567 00c1 3F       		.uleb128 0x3f
 568 00c2 19       		.uleb128 0x19
 569 00c3 03       		.uleb128 0x3
 570 00c4 0E       		.uleb128 0xe
 571 00c5 3A       		.uleb128 0x3a
 572 00c6 0B       		.uleb128 0xb
 573 00c7 3B       		.uleb128 0x3b
 574 00c8 05       		.uleb128 0x5
 575 00c9 27       		.uleb128 0x27
 576 00ca 19       		.uleb128 0x19
 577 00cb 49       		.uleb128 0x49
 578 00cc 13       		.uleb128 0x13
 579 00cd 3C       		.uleb128 0x3c
 580 00ce 19       		.uleb128 0x19
 581 00cf 00       		.byte	0
 582 00d0 00       		.byte	0
 583 00d1 00       		.byte	0
 584              		.section	.debug_loc,"",%progbits
 585              	.Ldebug_loc0:
 586              	.LLST0:
 587 0000 02000000 		.4byte	.LVL0
 588 0004 12000000 		.4byte	.LVL4
 589 0008 0200     		.2byte	0x2
 590 000a 30       		.byte	0x30
 591 000b 9F       		.byte	0x9f
 592 000c 12000000 		.4byte	.LVL4
 593 0010 2E000000 		.4byte	.LVL9
 594 0014 0100     		.2byte	0x1
 595 0016 54       		.byte	0x54
 596 0017 2E000000 		.4byte	.LVL9
 597 001b 38000000 		.4byte	.LVL11
 598 001f 0200     		.2byte	0x2
 599 0021 31       		.byte	0x31
 600 0022 9F       		.byte	0x9f
 601 0023 38000000 		.4byte	.LVL11
 602 0027 74000000 		.4byte	.LFE325
 603 002b 0100     		.2byte	0x1
 604 002d 54       		.byte	0x54
 605 002e 00000000 		.4byte	0
 606 0032 00000000 		.4byte	0
 607              		.section	.debug_aranges,"",%progbits
 608 0000 1C000000 		.4byte	0x1c
 609 0004 0200     		.2byte	0x2
 610 0006 00000000 		.4byte	.Ldebug_info0
 611 000a 04       		.byte	0x4
 612 000b 00       		.byte	0
 613 000c 0000     		.2byte	0
ARM GAS  C:\Users\Terence\AppData\Local\Temp\ccooSQYy.s 			page 14


 614 000e 0000     		.2byte	0
 615 0010 00000000 		.4byte	.LFB325
 616 0014 74000000 		.4byte	.LFE325-.LFB325
 617 0018 00000000 		.4byte	0
 618 001c 00000000 		.4byte	0
 619              		.section	.debug_ranges,"",%progbits
 620              	.Ldebug_ranges0:
 621 0000 00000000 		.4byte	.LFB325
 622 0004 74000000 		.4byte	.LFE325
 623 0008 00000000 		.4byte	0
 624 000c 00000000 		.4byte	0
 625              		.section	.debug_line,"",%progbits
 626              	.Ldebug_line0:
 627 0000 DB000000 		.section	.debug_str,"MS",%progbits,1
 627      0200A700 
 627      00000201 
 627      FB0E0D00 
 627      01010101 
 628              	.LASF26:
 629 0000 52756E41 		.ascii	"RunApplication\000"
 629      70706C69 
 629      63617469 
 629      6F6E00
 630              	.LASF19:
 631 000f 55534246 		.ascii	"USBFS_VBusPresent\000"
 631      535F5642 
 631      75735072 
 631      6573656E 
 631      7400
 632              	.LASF3:
 633 0021 73686F72 		.ascii	"short unsigned int\000"
 633      7420756E 
 633      7369676E 
 633      65642069 
 633      6E7400
 634              	.LASF17:
 635 0034 496E6974 		.ascii	"InitAudioPath\000"
 635      41756469 
 635      6F506174 
 635      6800
 636              	.LASF18:
 637 0042 496E6974 		.ascii	"InitApp\000"
 637      41707000 
 638              	.LASF13:
 639 004a 646F7562 		.ascii	"double\000"
 639      6C6500
 640              	.LASF22:
 641 0051 48616E64 		.ascii	"HandleSamplingFrequencyChangeRequest\000"
 641      6C655361 
 641      6D706C69 
 641      6E674672 
 641      65717565 
 642              	.LASF32:
 643 0076 55415254 		.ascii	"UART_UartPutString\000"
 643      5F556172 
 643      74507574 
 643      53747269 
ARM GAS  C:\Users\Terence\AppData\Local\Temp\ccooSQYy.s 			page 15


 643      6E6700
 644              	.LASF12:
 645 0089 666C6F61 		.ascii	"float\000"
 645      7400
 646              	.LASF1:
 647 008f 756E7369 		.ascii	"unsigned char\000"
 647      676E6564 
 647      20636861 
 647      7200
 648              	.LASF14:
 649 009d 63686172 		.ascii	"char8\000"
 649      3800
 650              	.LASF5:
 651 00a3 6C6F6E67 		.ascii	"long unsigned int\000"
 651      20756E73 
 651      69676E65 
 651      6420696E 
 651      7400
 652              	.LASF11:
 653 00b5 696E7433 		.ascii	"int32\000"
 653      3200
 654              	.LASF28:
 655 00bb 2E5C6D61 		.ascii	".\\main.c\000"
 655      696E2E63 
 655      00
 656              	.LASF21:
 657 00c4 53657276 		.ascii	"ServiceUSB\000"
 657      69636555 
 657      534200
 658              	.LASF30:
 659 00cf 6D61696E 		.ascii	"main\000"
 659      00
 660              	.LASF10:
 661 00d4 75696E74 		.ascii	"uint32\000"
 661      333200
 662              	.LASF20:
 663 00db 55534246 		.ascii	"USBFS_GetConfiguration\000"
 663      535F4765 
 663      74436F6E 
 663      66696775 
 663      72617469 
 664              	.LASF8:
 665 00f2 756E7369 		.ascii	"unsigned int\000"
 665      676E6564 
 665      20696E74 
 665      00
 666              	.LASF7:
 667 00ff 6C6F6E67 		.ascii	"long long unsigned int\000"
 667      206C6F6E 
 667      6720756E 
 667      7369676E 
 667      65642069 
 668              	.LASF29:
 669 0116 433A5C50 		.ascii	"C:\\Program Files (x86)\\Cypress\\CY8CKIT-046 PSoC "
 669      726F6772 
 669      616D2046 
 669      696C6573 
ARM GAS  C:\Users\Terence\AppData\Local\Temp\ccooSQYy.s 			page 16


 669      20287838 
 670 0146 34204C2D 		.ascii	"4 L-Series Pioneer Kit\\1.0\\Firmware\\PSoC 4200L\\"
 670      53657269 
 670      65732050 
 670      696F6E65 
 670      6572204B 
 671 0175 43593843 		.ascii	"CY8CKIT_046_USB_Audio\\CY8CKIT_046_USB_Audio.cydsn\000"
 671      4B49545F 
 671      3034365F 
 671      5553425F 
 671      41756469 
 672              	.LASF25:
 673 01a7 48616E64 		.ascii	"HandleAudioInBuffer\000"
 673      6C654175 
 673      64696F49 
 673      6E427566 
 673      66657200 
 674              	.LASF16:
 675 01bb 73697A65 		.ascii	"sizetype\000"
 675      74797065 
 675      00
 676              	.LASF6:
 677 01c4 6C6F6E67 		.ascii	"long long int\000"
 677      206C6F6E 
 677      6720696E 
 677      7400
 678              	.LASF31:
 679 01d2 75736245 		.ascii	"usbEnumFlag\000"
 679      6E756D46 
 679      6C616700 
 680              	.LASF15:
 681 01de 63686172 		.ascii	"char\000"
 681      00
 682              	.LASF23:
 683 01e3 55415254 		.ascii	"UART_SpiUartGetTxBufferSize\000"
 683      5F537069 
 683      55617274 
 683      47657454 
 683      78427566 
 684              	.LASF27:
 685 01ff 474E5520 		.ascii	"GNU C 4.9.3 20150303 (release) [ARM/embedded-4_9-br"
 685      4320342E 
 685      392E3320 
 685      32303135 
 685      30333033 
 686 0232 616E6368 		.ascii	"anch revision 221220] -mcpu=cortex-m0 -mthumb -g -O"
 686      20726576 
 686      6973696F 
 686      6E203232 
 686      31323230 
 687 0265 67202D66 		.ascii	"g -ffunction-sections -ffat-lto-objects\000"
 687      66756E63 
 687      74696F6E 
 687      2D736563 
 687      74696F6E 
 688              	.LASF2:
 689 028d 73686F72 		.ascii	"short int\000"
ARM GAS  C:\Users\Terence\AppData\Local\Temp\ccooSQYy.s 			page 17


 689      7420696E 
 689      7400
 690              	.LASF9:
 691 0297 75696E74 		.ascii	"uint8\000"
 691      3800
 692              	.LASF24:
 693 029d 4379536F 		.ascii	"CySoftwareReset\000"
 693      66747761 
 693      72655265 
 693      73657400 
 694              	.LASF4:
 695 02ad 6C6F6E67 		.ascii	"long int\000"
 695      20696E74 
 695      00
 696              	.LASF0:
 697 02b6 7369676E 		.ascii	"signed char\000"
 697      65642063 
 697      68617200 
 698              		.ident	"GCC: (GNU Tools for ARM Embedded Processors) 4.9.3 20150303 (release) [ARM/embedded-4_9-br
