ARM GAS  C:\Users\Terence\AppData\Local\Temp\cc1hi0St.s 			page 1


   1              		.cpu cortex-m0
   2              		.fpu softvfp
   3              		.eabi_attribute 20, 1
   4              		.eabi_attribute 21, 1
   5              		.eabi_attribute 23, 3
   6              		.eabi_attribute 24, 1
   7              		.eabi_attribute 25, 1
   8              		.eabi_attribute 26, 1
   9              		.eabi_attribute 30, 1
  10              		.eabi_attribute 34, 0
  11              		.eabi_attribute 18, 4
  12              		.code	16
  13              		.file	"TxDMA.c"
  14              		.text
  15              	.Ltext0:
  16              		.cfi_sections	.debug_frame
  17              		.section	.text.TxDMA_Init,"ax",%progbits
  18              		.align	2
  19              		.global	TxDMA_Init
  20              		.code	16
  21              		.thumb_func
  22              		.type	TxDMA_Init, %function
  23              	TxDMA_Init:
  24              	.LFB33:
  25              		.file 1 ".\\Generated_Source\\PSoC4\\TxDMA.c"
   1:.\Generated_Source\PSoC4/TxDMA.c **** /*******************************************************************************
   2:.\Generated_Source\PSoC4/TxDMA.c **** * File Name: TxDMA.h
   3:.\Generated_Source\PSoC4/TxDMA.c **** * Version 1.0
   4:.\Generated_Source\PSoC4/TxDMA.c **** *
   5:.\Generated_Source\PSoC4/TxDMA.c **** * Description:
   6:.\Generated_Source\PSoC4/TxDMA.c **** *  This file contains all of the channel DMA API functions.
   7:.\Generated_Source\PSoC4/TxDMA.c **** *
   8:.\Generated_Source\PSoC4/TxDMA.c **** ********************************************************************************
   9:.\Generated_Source\PSoC4/TxDMA.c **** * Copyright 2015, Cypress Semiconductor Corporation. All rights reserved.
  10:.\Generated_Source\PSoC4/TxDMA.c **** * You may use this file only in accordance with the license, terms, conditions,
  11:.\Generated_Source\PSoC4/TxDMA.c **** * disclaimers, and limitations in the end user license agreement accompanying
  12:.\Generated_Source\PSoC4/TxDMA.c **** * the software package with which this file was provided.
  13:.\Generated_Source\PSoC4/TxDMA.c **** *******************************************************************************/
  14:.\Generated_Source\PSoC4/TxDMA.c **** 
  15:.\Generated_Source\PSoC4/TxDMA.c **** #include "TxDMA.h"
  16:.\Generated_Source\PSoC4/TxDMA.c **** 
  17:.\Generated_Source\PSoC4/TxDMA.c **** uint8 TxDMA_initVar = 0u;
  18:.\Generated_Source\PSoC4/TxDMA.c **** 
  19:.\Generated_Source\PSoC4/TxDMA.c **** 
  20:.\Generated_Source\PSoC4/TxDMA.c **** /*******************************************************************************
  21:.\Generated_Source\PSoC4/TxDMA.c **** * Function Name: TxDMA_Start
  22:.\Generated_Source\PSoC4/TxDMA.c **** ********************************************************************************
  23:.\Generated_Source\PSoC4/TxDMA.c **** *
  24:.\Generated_Source\PSoC4/TxDMA.c **** * Summary:
  25:.\Generated_Source\PSoC4/TxDMA.c **** *  Calls Init() to configure the DMA channel based on the customizer settings if
  26:.\Generated_Source\PSoC4/TxDMA.c **** *  the channel has not been initialized before.
  27:.\Generated_Source\PSoC4/TxDMA.c **** *  Sets source and destination address, validates descriptor 0 and enables the
  28:.\Generated_Source\PSoC4/TxDMA.c **** *  channel. After calling this function the DMA channel is active and waiting
  29:.\Generated_Source\PSoC4/TxDMA.c **** *  for a trigger.
  30:.\Generated_Source\PSoC4/TxDMA.c **** *
  31:.\Generated_Source\PSoC4/TxDMA.c **** * Parameters:
  32:.\Generated_Source\PSoC4/TxDMA.c **** *  srcAddress: Address of DMA transfer source for descriptor 0.
ARM GAS  C:\Users\Terence\AppData\Local\Temp\cc1hi0St.s 			page 2


  33:.\Generated_Source\PSoC4/TxDMA.c **** *  dstAddress: Address of DMA transfer destination for descriptor 0.
  34:.\Generated_Source\PSoC4/TxDMA.c **** *                   
  35:.\Generated_Source\PSoC4/TxDMA.c **** * Return:
  36:.\Generated_Source\PSoC4/TxDMA.c **** *  None.
  37:.\Generated_Source\PSoC4/TxDMA.c **** *
  38:.\Generated_Source\PSoC4/TxDMA.c **** *******************************************************************************/
  39:.\Generated_Source\PSoC4/TxDMA.c **** void TxDMA_Start(void * srcAddress, void * dstAddress)
  40:.\Generated_Source\PSoC4/TxDMA.c **** {
  41:.\Generated_Source\PSoC4/TxDMA.c ****     if(0u == TxDMA_initVar)
  42:.\Generated_Source\PSoC4/TxDMA.c ****     {
  43:.\Generated_Source\PSoC4/TxDMA.c ****         TxDMA_Init();
  44:.\Generated_Source\PSoC4/TxDMA.c ****         TxDMA_initVar = 1u;
  45:.\Generated_Source\PSoC4/TxDMA.c ****     }
  46:.\Generated_Source\PSoC4/TxDMA.c ****     CyDmaEnable();
  47:.\Generated_Source\PSoC4/TxDMA.c ****     TxDMA_SetSrcAddress(0, srcAddress);
  48:.\Generated_Source\PSoC4/TxDMA.c ****     TxDMA_SetDstAddress(0, dstAddress);
  49:.\Generated_Source\PSoC4/TxDMA.c ****     TxDMA_ValidateDescriptor(0);
  50:.\Generated_Source\PSoC4/TxDMA.c ****     TxDMA_ChEnable();
  51:.\Generated_Source\PSoC4/TxDMA.c **** }
  52:.\Generated_Source\PSoC4/TxDMA.c **** 
  53:.\Generated_Source\PSoC4/TxDMA.c **** 
  54:.\Generated_Source\PSoC4/TxDMA.c **** /*******************************************************************************
  55:.\Generated_Source\PSoC4/TxDMA.c **** * Function Name: TxDMA_Init
  56:.\Generated_Source\PSoC4/TxDMA.c **** ********************************************************************************
  57:.\Generated_Source\PSoC4/TxDMA.c **** *
  58:.\Generated_Source\PSoC4/TxDMA.c **** * Summary:
  59:.\Generated_Source\PSoC4/TxDMA.c **** *  Initializes the DMA channel based on the parameters set in the component
  60:.\Generated_Source\PSoC4/TxDMA.c **** *  customizer. It is not necessary to call TxDMA_Init() because the
  61:.\Generated_Source\PSoC4/TxDMA.c **** *  TxDMA_Start() API calls this function, which is the preferred method
  62:.\Generated_Source\PSoC4/TxDMA.c **** *  to begin component operation.
  63:.\Generated_Source\PSoC4/TxDMA.c **** *
  64:.\Generated_Source\PSoC4/TxDMA.c **** * Parameters:
  65:.\Generated_Source\PSoC4/TxDMA.c **** *  None.
  66:.\Generated_Source\PSoC4/TxDMA.c **** *                   
  67:.\Generated_Source\PSoC4/TxDMA.c **** * Return:
  68:.\Generated_Source\PSoC4/TxDMA.c **** *  None.
  69:.\Generated_Source\PSoC4/TxDMA.c **** *
  70:.\Generated_Source\PSoC4/TxDMA.c **** * Side effect:
  71:.\Generated_Source\PSoC4/TxDMA.c **** *  The first descriptor is set to descriptor 0. This function should not be
  72:.\Generated_Source\PSoC4/TxDMA.c **** *  called while the channel is enabled. All settings will be reset to their
  73:.\Generated_Source\PSoC4/TxDMA.c **** *  initial values.
  74:.\Generated_Source\PSoC4/TxDMA.c **** *
  75:.\Generated_Source\PSoC4/TxDMA.c **** *******************************************************************************/
  76:.\Generated_Source\PSoC4/TxDMA.c **** void TxDMA_Init(void)
  77:.\Generated_Source\PSoC4/TxDMA.c **** {
  26              		.loc 1 77 0
  27              		.cfi_startproc
  78:.\Generated_Source\PSoC4/TxDMA.c ****     CYDMA_CH_CTL_BASE.ctl[TxDMA_CHANNEL] = TxDMA_CHANNEL_CFG;
  28              		.loc 1 78 0
  29 0000 0022     		mov	r2, #0
  30 0002 034B     		ldr	r3, .L2
  31 0004 1A60     		str	r2, [r3]
  79:.\Generated_Source\PSoC4/TxDMA.c ****     CYDMA_DESCR_BASE.descriptor[TxDMA_CHANNEL][0].ctl = TxDMA_DESCR0_CFG;
  32              		.loc 1 79 0
  33 0006 034B     		ldr	r3, .L2+4
  34 0008 0349     		ldr	r1, .L2+8
  35 000a 9960     		str	r1, [r3, #8]
ARM GAS  C:\Users\Terence\AppData\Local\Temp\cc1hi0St.s 			page 3


  80:.\Generated_Source\PSoC4/TxDMA.c ****     CYDMA_DESCR_BASE.descriptor[TxDMA_CHANNEL][1].ctl = TxDMA_DESCR1_CFG;
  36              		.loc 1 80 0
  37 000c 9A61     		str	r2, [r3, #24]
  81:.\Generated_Source\PSoC4/TxDMA.c **** 
  82:.\Generated_Source\PSoC4/TxDMA.c ****     /* If the Generate IRQ option is selected for descriptor 0 or 1, set the
  83:.\Generated_Source\PSoC4/TxDMA.c ****     * channel bit field in the DMA interrupt mask register.
  84:.\Generated_Source\PSoC4/TxDMA.c ****     */
  85:.\Generated_Source\PSoC4/TxDMA.c ****     #if (0u != ((TxDMA_DESCR0_CFG | TxDMA_DESCR1_CFG) & CYDMA_GENERATE_IRQ))
  86:.\Generated_Source\PSoC4/TxDMA.c ****         CYDMA_INTR_MASK_REG |= TxDMA_CHANNEL_MASK;
  87:.\Generated_Source\PSoC4/TxDMA.c ****     #endif /* (0u != ((TxDMA_DESCR0_CFG | TxDMA_DESCR1_CFG) & CYDMA_GENERATE_IRQ)) */
  88:.\Generated_Source\PSoC4/TxDMA.c **** }
  38              		.loc 1 88 0
  39              		@ sp needed
  40 000e 7047     		bx	lr
  41              	.L3:
  42              		.align	2
  43              	.L2:
  44 0010 80101040 		.word	1074794624
  45 0014 00181040 		.word	1074796544
  46 0018 7F048001 		.word	25166975
  47              		.cfi_endproc
  48              	.LFE33:
  49              		.size	TxDMA_Init, .-TxDMA_Init
  50              		.section	.text.TxDMA_Start,"ax",%progbits
  51              		.align	2
  52              		.global	TxDMA_Start
  53              		.code	16
  54              		.thumb_func
  55              		.type	TxDMA_Start, %function
  56              	TxDMA_Start:
  57              	.LFB32:
  40:.\Generated_Source\PSoC4/TxDMA.c ****     if(0u == TxDMA_initVar)
  58              		.loc 1 40 0
  59              		.cfi_startproc
  60              	.LVL0:
  61 0000 38B5     		push	{r3, r4, r5, lr}
  62              		.cfi_def_cfa_offset 16
  63              		.cfi_offset 3, -16
  64              		.cfi_offset 4, -12
  65              		.cfi_offset 5, -8
  66              		.cfi_offset 14, -4
  67 0002 051C     		mov	r5, r0
  68 0004 0C1C     		mov	r4, r1
  41:.\Generated_Source\PSoC4/TxDMA.c ****     {
  69              		.loc 1 41 0
  70 0006 0E4B     		ldr	r3, .L6
  71 0008 1B78     		ldrb	r3, [r3]
  72 000a 002B     		cmp	r3, #0
  73 000c 04D1     		bne	.L5
  43:.\Generated_Source\PSoC4/TxDMA.c ****         TxDMA_initVar = 1u;
  74              		.loc 1 43 0
  75 000e FFF7FEFF 		bl	TxDMA_Init
  76              	.LVL1:
  44:.\Generated_Source\PSoC4/TxDMA.c ****     }
  77              		.loc 1 44 0
  78 0012 0122     		mov	r2, #1
  79 0014 0A4B     		ldr	r3, .L6
ARM GAS  C:\Users\Terence\AppData\Local\Temp\cc1hi0St.s 			page 4


  80 0016 1A70     		strb	r2, [r3]
  81              	.L5:
  46:.\Generated_Source\PSoC4/TxDMA.c ****     TxDMA_SetSrcAddress(0, srcAddress);
  82              		.loc 1 46 0
  83 0018 FFF7FEFF 		bl	CyDmaEnable
  84              	.LVL2:
  85              	.LBB10:
  86              	.LBB11:
  87              		.file 2 ".\\Generated_Source\\PSoC4\\TxDMA.h"
   1:.\Generated_Source\PSoC4/TxDMA.h **** /*******************************************************************************
   2:.\Generated_Source\PSoC4/TxDMA.h **** * File Name: TxDMA.h
   3:.\Generated_Source\PSoC4/TxDMA.h **** * Version 1.0
   4:.\Generated_Source\PSoC4/TxDMA.h **** *
   5:.\Generated_Source\PSoC4/TxDMA.h **** * Description:
   6:.\Generated_Source\PSoC4/TxDMA.h **** *  This file provides DMA channel defines and API function definitions.
   7:.\Generated_Source\PSoC4/TxDMA.h **** *
   8:.\Generated_Source\PSoC4/TxDMA.h **** ********************************************************************************
   9:.\Generated_Source\PSoC4/TxDMA.h **** * Copyright 2015, Cypress Semiconductor Corporation. All rights reserved.
  10:.\Generated_Source\PSoC4/TxDMA.h **** * You may use this file only in accordance with the license, terms, conditions,
  11:.\Generated_Source\PSoC4/TxDMA.h **** * disclaimers, and limitations in the end user license agreement accompanying
  12:.\Generated_Source\PSoC4/TxDMA.h **** * the software package with which this file was provided.
  13:.\Generated_Source\PSoC4/TxDMA.h **** *******************************************************************************/
  14:.\Generated_Source\PSoC4/TxDMA.h **** 
  15:.\Generated_Source\PSoC4/TxDMA.h **** #ifndef CY_DMA_CHANNEL_TxDMA_H
  16:.\Generated_Source\PSoC4/TxDMA.h **** #define CY_DMA_CHANNEL_TxDMA_H
  17:.\Generated_Source\PSoC4/TxDMA.h **** 
  18:.\Generated_Source\PSoC4/TxDMA.h **** #include "CyDMA.h"
  19:.\Generated_Source\PSoC4/TxDMA.h **** 
  20:.\Generated_Source\PSoC4/TxDMA.h ****     
  21:.\Generated_Source\PSoC4/TxDMA.h **** /***************************************
  22:.\Generated_Source\PSoC4/TxDMA.h **** *   Conditional Compilation Parameters
  23:.\Generated_Source\PSoC4/TxDMA.h **** ***************************************/
  24:.\Generated_Source\PSoC4/TxDMA.h **** 
  25:.\Generated_Source\PSoC4/TxDMA.h **** #define TxDMA_CHANNEL           (TxDMA__CHANNEL_NUMBER)
  26:.\Generated_Source\PSoC4/TxDMA.h **** #define TxDMA_CHANNEL_MASK      ((uint32)(1UL << TxDMA_CHANNEL))
  27:.\Generated_Source\PSoC4/TxDMA.h **** 
  28:.\Generated_Source\PSoC4/TxDMA.h **** 
  29:.\Generated_Source\PSoC4/TxDMA.h **** /***************************************
  30:.\Generated_Source\PSoC4/TxDMA.h **** *        Function Prototypes
  31:.\Generated_Source\PSoC4/TxDMA.h **** ***************************************/
  32:.\Generated_Source\PSoC4/TxDMA.h **** 
  33:.\Generated_Source\PSoC4/TxDMA.h **** /* Functions specific to this DMA channel */
  34:.\Generated_Source\PSoC4/TxDMA.h **** void TxDMA_Init(void);
  35:.\Generated_Source\PSoC4/TxDMA.h **** void TxDMA_Start(void * srcAddress, void * dstAddress);
  36:.\Generated_Source\PSoC4/TxDMA.h **** 
  37:.\Generated_Source\PSoC4/TxDMA.h **** /* Inline functions that call global API functions */
  38:.\Generated_Source\PSoC4/TxDMA.h **** static void   TxDMA_ChEnable(void);
  39:.\Generated_Source\PSoC4/TxDMA.h **** static void   TxDMA_ChDisable(void);
  40:.\Generated_Source\PSoC4/TxDMA.h **** static void   TxDMA_Trigger(void);
  41:.\Generated_Source\PSoC4/TxDMA.h **** static void   TxDMA_SetPriority(int32 priority);
  42:.\Generated_Source\PSoC4/TxDMA.h **** static int32  TxDMA_GetPriority(void);
  43:.\Generated_Source\PSoC4/TxDMA.h **** static void   TxDMA_SetNextDescriptor(int32 descriptor);
  44:.\Generated_Source\PSoC4/TxDMA.h **** static int32  TxDMA_GetNextDescriptor(void);
  45:.\Generated_Source\PSoC4/TxDMA.h **** static void   TxDMA_SetConfiguration(int32 descriptor, const cydma_init_struct * config);
  46:.\Generated_Source\PSoC4/TxDMA.h **** static void   TxDMA_ValidateDescriptor(int32 descriptor);
  47:.\Generated_Source\PSoC4/TxDMA.h **** static uint32 TxDMA_GetDescriptorStatus(int32 descriptor);
  48:.\Generated_Source\PSoC4/TxDMA.h **** static void   TxDMA_SetSrcAddress(int32 descriptor, void * srcAddress);
ARM GAS  C:\Users\Terence\AppData\Local\Temp\cc1hi0St.s 			page 5


  49:.\Generated_Source\PSoC4/TxDMA.h **** static void * TxDMA_GetSrcAddress(int32 descriptor);
  50:.\Generated_Source\PSoC4/TxDMA.h **** static void   TxDMA_SetDstAddress(int32 descriptor, void * dstAddress);
  51:.\Generated_Source\PSoC4/TxDMA.h **** static void * TxDMA_GetDstAddress(int32 descriptor);
  52:.\Generated_Source\PSoC4/TxDMA.h **** static void   TxDMA_SetDataElementSize(int32 descriptor, uint32 dataElementSize);
  53:.\Generated_Source\PSoC4/TxDMA.h **** static uint32 TxDMA_GetDataElementSize(int32 descriptor);
  54:.\Generated_Source\PSoC4/TxDMA.h **** static void   TxDMA_SetNumDataElements(int32 descriptor, int32 numDataElements);
  55:.\Generated_Source\PSoC4/TxDMA.h **** static int32  TxDMA_GetNumDataElements(int32 descriptor);
  56:.\Generated_Source\PSoC4/TxDMA.h **** static void   TxDMA_SetSrcDstTransferWidth(int32 descriptor, uint32 transferWidth);
  57:.\Generated_Source\PSoC4/TxDMA.h **** static uint32 TxDMA_GetSrcDstTransferWidth(int32 descriptor);
  58:.\Generated_Source\PSoC4/TxDMA.h **** static void   TxDMA_SetAddressIncrement(int32 descriptor, uint32 addressIncrement);
  59:.\Generated_Source\PSoC4/TxDMA.h **** static uint32 TxDMA_GetAddressIncrement(int32 descriptor);
  60:.\Generated_Source\PSoC4/TxDMA.h **** static void   TxDMA_SetTriggerType(int32 descriptor, uint32 triggerType);
  61:.\Generated_Source\PSoC4/TxDMA.h **** static uint32 TxDMA_GetTriggerType(int32 descriptor);
  62:.\Generated_Source\PSoC4/TxDMA.h **** static void   TxDMA_SetTransferMode(int32 descriptor, uint32 transferMode);
  63:.\Generated_Source\PSoC4/TxDMA.h **** static uint32 TxDMA_GetTransferMode(int32 descriptor);
  64:.\Generated_Source\PSoC4/TxDMA.h **** static void   TxDMA_SetPreemptable(int32 descriptor, uint32 preemptable);
  65:.\Generated_Source\PSoC4/TxDMA.h **** static uint32 TxDMA_GetPreemptable(int32 descriptor);
  66:.\Generated_Source\PSoC4/TxDMA.h **** static void   TxDMA_SetPostCompletionActions(int32 descriptor, uint32 actions);
  67:.\Generated_Source\PSoC4/TxDMA.h **** static uint32 TxDMA_GetPostCompletionAction(int32 descriptor);
  68:.\Generated_Source\PSoC4/TxDMA.h **** static cydma_callback_t TxDMA_SetInterruptCallback(cydma_callback_t callback);
  69:.\Generated_Source\PSoC4/TxDMA.h **** static cydma_callback_t TxDMA_GetInterruptCallback(void);
  70:.\Generated_Source\PSoC4/TxDMA.h **** 
  71:.\Generated_Source\PSoC4/TxDMA.h **** 
  72:.\Generated_Source\PSoC4/TxDMA.h **** /*******************************************************************************
  73:.\Generated_Source\PSoC4/TxDMA.h **** * Function Name: TxDMA_ChEnable
  74:.\Generated_Source\PSoC4/TxDMA.h **** ********************************************************************************
  75:.\Generated_Source\PSoC4/TxDMA.h **** *
  76:.\Generated_Source\PSoC4/TxDMA.h **** * Summary:
  77:.\Generated_Source\PSoC4/TxDMA.h **** *  Enables the DMA channel. It is not necessary to call TxDMA_ChEnable()
  78:.\Generated_Source\PSoC4/TxDMA.h **** *  because the TxDMA_Start() API calls this function, which is the
  79:.\Generated_Source\PSoC4/TxDMA.h **** *  preferred method to begin the component operation.
  80:.\Generated_Source\PSoC4/TxDMA.h **** *
  81:.\Generated_Source\PSoC4/TxDMA.h **** * Parameters:
  82:.\Generated_Source\PSoC4/TxDMA.h **** *  None.
  83:.\Generated_Source\PSoC4/TxDMA.h **** *                   
  84:.\Generated_Source\PSoC4/TxDMA.h **** * Return:
  85:.\Generated_Source\PSoC4/TxDMA.h **** *  None.
  86:.\Generated_Source\PSoC4/TxDMA.h **** *
  87:.\Generated_Source\PSoC4/TxDMA.h **** * Side effect:
  88:.\Generated_Source\PSoC4/TxDMA.h **** *  If this function is called before TxDMA_Start(), or TxDMA_Init()
  89:.\Generated_Source\PSoC4/TxDMA.h **** *  or TxDMA_SetConfiguration(), and TxDMA_SetSrcAddress()
  90:.\Generated_Source\PSoC4/TxDMA.h **** *  and TxDMA_SetDstAddress the operation of the DMA is 
  91:.\Generated_Source\PSoC4/TxDMA.h **** *  undefined and could result in system data corruption. 
  92:.\Generated_Source\PSoC4/TxDMA.h **** *
  93:.\Generated_Source\PSoC4/TxDMA.h **** *******************************************************************************/
  94:.\Generated_Source\PSoC4/TxDMA.h **** static CY_INLINE void TxDMA_ChEnable(void)
  95:.\Generated_Source\PSoC4/TxDMA.h **** {
  96:.\Generated_Source\PSoC4/TxDMA.h ****     CyDmaChEnable(TxDMA_CHANNEL);
  97:.\Generated_Source\PSoC4/TxDMA.h **** }
  98:.\Generated_Source\PSoC4/TxDMA.h **** 
  99:.\Generated_Source\PSoC4/TxDMA.h **** 
 100:.\Generated_Source\PSoC4/TxDMA.h **** /*******************************************************************************
 101:.\Generated_Source\PSoC4/TxDMA.h **** * Function Name: TxDMA_ChDisable
 102:.\Generated_Source\PSoC4/TxDMA.h **** ********************************************************************************
 103:.\Generated_Source\PSoC4/TxDMA.h **** *
 104:.\Generated_Source\PSoC4/TxDMA.h **** * Summary:
 105:.\Generated_Source\PSoC4/TxDMA.h **** *  Disables the DMA channel.
ARM GAS  C:\Users\Terence\AppData\Local\Temp\cc1hi0St.s 			page 6


 106:.\Generated_Source\PSoC4/TxDMA.h **** *
 107:.\Generated_Source\PSoC4/TxDMA.h **** * Parameters:
 108:.\Generated_Source\PSoC4/TxDMA.h **** *  None.
 109:.\Generated_Source\PSoC4/TxDMA.h **** *                   
 110:.\Generated_Source\PSoC4/TxDMA.h **** * Return:
 111:.\Generated_Source\PSoC4/TxDMA.h **** *  None.
 112:.\Generated_Source\PSoC4/TxDMA.h **** *
 113:.\Generated_Source\PSoC4/TxDMA.h **** * Side effect:
 114:.\Generated_Source\PSoC4/TxDMA.h **** *  If this function is called during a DMA transfer the transfer is aborted. 
 115:.\Generated_Source\PSoC4/TxDMA.h **** *
 116:.\Generated_Source\PSoC4/TxDMA.h **** *******************************************************************************/
 117:.\Generated_Source\PSoC4/TxDMA.h **** static CY_INLINE void TxDMA_ChDisable(void)
 118:.\Generated_Source\PSoC4/TxDMA.h **** {
 119:.\Generated_Source\PSoC4/TxDMA.h ****     CyDmaChDisable(TxDMA_CHANNEL);
 120:.\Generated_Source\PSoC4/TxDMA.h **** }
 121:.\Generated_Source\PSoC4/TxDMA.h **** 
 122:.\Generated_Source\PSoC4/TxDMA.h **** 
 123:.\Generated_Source\PSoC4/TxDMA.h **** /*******************************************************************************
 124:.\Generated_Source\PSoC4/TxDMA.h **** * Function Name: TxDMA_Trigger
 125:.\Generated_Source\PSoC4/TxDMA.h **** ********************************************************************************
 126:.\Generated_Source\PSoC4/TxDMA.h **** *
 127:.\Generated_Source\PSoC4/TxDMA.h **** * Summary:
 128:.\Generated_Source\PSoC4/TxDMA.h **** *  Triggers the DMA channel, this is useful only for software triggers. This is
 129:.\Generated_Source\PSoC4/TxDMA.h **** *  not needed when hardware triggers are used.
 130:.\Generated_Source\PSoC4/TxDMA.h **** *
 131:.\Generated_Source\PSoC4/TxDMA.h **** * Parameters:
 132:.\Generated_Source\PSoC4/TxDMA.h **** *  None.
 133:.\Generated_Source\PSoC4/TxDMA.h **** *                   
 134:.\Generated_Source\PSoC4/TxDMA.h **** * Return:
 135:.\Generated_Source\PSoC4/TxDMA.h **** *  None. 
 136:.\Generated_Source\PSoC4/TxDMA.h **** *
 137:.\Generated_Source\PSoC4/TxDMA.h **** *******************************************************************************/
 138:.\Generated_Source\PSoC4/TxDMA.h **** static CY_INLINE void TxDMA_Trigger(void)
 139:.\Generated_Source\PSoC4/TxDMA.h **** {
 140:.\Generated_Source\PSoC4/TxDMA.h ****     CyDmaTrigger(TxDMA_CHANNEL);
 141:.\Generated_Source\PSoC4/TxDMA.h **** }
 142:.\Generated_Source\PSoC4/TxDMA.h **** 
 143:.\Generated_Source\PSoC4/TxDMA.h **** 
 144:.\Generated_Source\PSoC4/TxDMA.h **** /*******************************************************************************
 145:.\Generated_Source\PSoC4/TxDMA.h **** * Function Name: TxDMA_SetPriority
 146:.\Generated_Source\PSoC4/TxDMA.h **** ********************************************************************************
 147:.\Generated_Source\PSoC4/TxDMA.h **** *
 148:.\Generated_Source\PSoC4/TxDMA.h **** * Summary:
 149:.\Generated_Source\PSoC4/TxDMA.h **** *  Sets the priority for the channel.
 150:.\Generated_Source\PSoC4/TxDMA.h **** *
 151:.\Generated_Source\PSoC4/TxDMA.h **** * Parameters:
 152:.\Generated_Source\PSoC4/TxDMA.h **** *  priority: Priority for channel. Priority can be 0,1,2, or 3.
 153:.\Generated_Source\PSoC4/TxDMA.h **** *            0 is the highest priority.
 154:.\Generated_Source\PSoC4/TxDMA.h **** *                   
 155:.\Generated_Source\PSoC4/TxDMA.h **** * Return:
 156:.\Generated_Source\PSoC4/TxDMA.h **** *  None.
 157:.\Generated_Source\PSoC4/TxDMA.h **** *
 158:.\Generated_Source\PSoC4/TxDMA.h **** * Side effect:
 159:.\Generated_Source\PSoC4/TxDMA.h **** *  This function should not be called while the channel is enabled.
 160:.\Generated_Source\PSoC4/TxDMA.h **** *
 161:.\Generated_Source\PSoC4/TxDMA.h **** *******************************************************************************/
 162:.\Generated_Source\PSoC4/TxDMA.h **** static CY_INLINE void TxDMA_SetPriority(int32 priority)
ARM GAS  C:\Users\Terence\AppData\Local\Temp\cc1hi0St.s 			page 7


 163:.\Generated_Source\PSoC4/TxDMA.h **** {
 164:.\Generated_Source\PSoC4/TxDMA.h ****     CyDmaSetPriority(TxDMA_CHANNEL, priority);
 165:.\Generated_Source\PSoC4/TxDMA.h **** }
 166:.\Generated_Source\PSoC4/TxDMA.h **** 
 167:.\Generated_Source\PSoC4/TxDMA.h **** 
 168:.\Generated_Source\PSoC4/TxDMA.h **** /*******************************************************************************
 169:.\Generated_Source\PSoC4/TxDMA.h **** * Function Name: TxDMA_GetPriority
 170:.\Generated_Source\PSoC4/TxDMA.h **** ********************************************************************************
 171:.\Generated_Source\PSoC4/TxDMA.h **** *
 172:.\Generated_Source\PSoC4/TxDMA.h **** * Summary:
 173:.\Generated_Source\PSoC4/TxDMA.h **** *  Gets the priority for the channel.
 174:.\Generated_Source\PSoC4/TxDMA.h **** *
 175:.\Generated_Source\PSoC4/TxDMA.h **** * Parameters:
 176:.\Generated_Source\PSoC4/TxDMA.h **** *  None.
 177:.\Generated_Source\PSoC4/TxDMA.h **** *                   
 178:.\Generated_Source\PSoC4/TxDMA.h **** * Return:
 179:.\Generated_Source\PSoC4/TxDMA.h **** *  Priority for channel. Priority can be 0,1,2, or 3. 0 is the highest priority.
 180:.\Generated_Source\PSoC4/TxDMA.h **** *
 181:.\Generated_Source\PSoC4/TxDMA.h **** *******************************************************************************/
 182:.\Generated_Source\PSoC4/TxDMA.h **** static CY_INLINE int32 TxDMA_GetPriority(void)
 183:.\Generated_Source\PSoC4/TxDMA.h **** {
 184:.\Generated_Source\PSoC4/TxDMA.h ****     return (CyDmaGetPriority(TxDMA_CHANNEL));
 185:.\Generated_Source\PSoC4/TxDMA.h **** }
 186:.\Generated_Source\PSoC4/TxDMA.h **** 
 187:.\Generated_Source\PSoC4/TxDMA.h **** 
 188:.\Generated_Source\PSoC4/TxDMA.h **** /*******************************************************************************
 189:.\Generated_Source\PSoC4/TxDMA.h **** * Function Name: TxDMA_SetNextDescriptor
 190:.\Generated_Source\PSoC4/TxDMA.h **** ********************************************************************************
 191:.\Generated_Source\PSoC4/TxDMA.h **** *
 192:.\Generated_Source\PSoC4/TxDMA.h **** * Summary:
 193:.\Generated_Source\PSoC4/TxDMA.h **** *  Sets the descriptor that should be run the next time the channel is
 194:.\Generated_Source\PSoC4/TxDMA.h **** *  triggered.
 195:.\Generated_Source\PSoC4/TxDMA.h **** *
 196:.\Generated_Source\PSoC4/TxDMA.h **** * Parameters:
 197:.\Generated_Source\PSoC4/TxDMA.h **** *  descriptor: Next Descriptor to run (0 or 1).
 198:.\Generated_Source\PSoC4/TxDMA.h **** *                   
 199:.\Generated_Source\PSoC4/TxDMA.h **** * Side effect:
 200:.\Generated_Source\PSoC4/TxDMA.h **** *  This function should not be called while the channel is enabled.
 201:.\Generated_Source\PSoC4/TxDMA.h **** *
 202:.\Generated_Source\PSoC4/TxDMA.h **** *******************************************************************************/
 203:.\Generated_Source\PSoC4/TxDMA.h **** static CY_INLINE void TxDMA_SetNextDescriptor(int32 descriptor)
 204:.\Generated_Source\PSoC4/TxDMA.h **** {
 205:.\Generated_Source\PSoC4/TxDMA.h ****     CyDmaSetNextDescriptor(TxDMA_CHANNEL, descriptor);
 206:.\Generated_Source\PSoC4/TxDMA.h **** }
 207:.\Generated_Source\PSoC4/TxDMA.h **** 
 208:.\Generated_Source\PSoC4/TxDMA.h **** 
 209:.\Generated_Source\PSoC4/TxDMA.h **** /*******************************************************************************
 210:.\Generated_Source\PSoC4/TxDMA.h **** * Function Name: TxDMA_GetNextDescriptor
 211:.\Generated_Source\PSoC4/TxDMA.h **** ********************************************************************************
 212:.\Generated_Source\PSoC4/TxDMA.h **** *
 213:.\Generated_Source\PSoC4/TxDMA.h **** * Summary:
 214:.\Generated_Source\PSoC4/TxDMA.h **** *  Returns the next descriptor that should be run, as set by 
 215:.\Generated_Source\PSoC4/TxDMA.h **** *  TxDMA_SetNextDescriptor().
 216:.\Generated_Source\PSoC4/TxDMA.h **** *
 217:.\Generated_Source\PSoC4/TxDMA.h **** * Parameters:
 218:.\Generated_Source\PSoC4/TxDMA.h **** *  None.
 219:.\Generated_Source\PSoC4/TxDMA.h **** *                   
ARM GAS  C:\Users\Terence\AppData\Local\Temp\cc1hi0St.s 			page 8


 220:.\Generated_Source\PSoC4/TxDMA.h **** * Return:
 221:.\Generated_Source\PSoC4/TxDMA.h **** *  Next Descriptor to run (0 or 1).
 222:.\Generated_Source\PSoC4/TxDMA.h **** *
 223:.\Generated_Source\PSoC4/TxDMA.h **** *******************************************************************************/
 224:.\Generated_Source\PSoC4/TxDMA.h **** static CY_INLINE int32 TxDMA_GetNextDescriptor(void)
 225:.\Generated_Source\PSoC4/TxDMA.h **** {
 226:.\Generated_Source\PSoC4/TxDMA.h ****     return (CyDmaGetNextDescriptor(TxDMA_CHANNEL));
 227:.\Generated_Source\PSoC4/TxDMA.h **** }
 228:.\Generated_Source\PSoC4/TxDMA.h **** 
 229:.\Generated_Source\PSoC4/TxDMA.h **** 
 230:.\Generated_Source\PSoC4/TxDMA.h **** /*******************************************************************************
 231:.\Generated_Source\PSoC4/TxDMA.h **** * Function Name: TxDMA_SetConfiguration
 232:.\Generated_Source\PSoC4/TxDMA.h **** ********************************************************************************
 233:.\Generated_Source\PSoC4/TxDMA.h **** *
 234:.\Generated_Source\PSoC4/TxDMA.h **** * Summary:
 235:.\Generated_Source\PSoC4/TxDMA.h **** *  Sets configuration information for the specified descriptor.
 236:.\Generated_Source\PSoC4/TxDMA.h **** *
 237:.\Generated_Source\PSoC4/TxDMA.h **** * Parameters:
 238:.\Generated_Source\PSoC4/TxDMA.h **** *  descriptor: Descriptor (0 or 1) modified by this function.
 239:.\Generated_Source\PSoC4/TxDMA.h **** *  config: Pointer to a configuration structure. Refer to cydma_init_struct
 240:.\Generated_Source\PSoC4/TxDMA.h **** *          structure definition in CyDMA_P4.h or the component datasheet.
 241:.\Generated_Source\PSoC4/TxDMA.h **** *                   
 242:.\Generated_Source\PSoC4/TxDMA.h **** * Return:
 243:.\Generated_Source\PSoC4/TxDMA.h **** *  None.
 244:.\Generated_Source\PSoC4/TxDMA.h **** *
 245:.\Generated_Source\PSoC4/TxDMA.h **** * Side effect:
 246:.\Generated_Source\PSoC4/TxDMA.h **** *  The status register associated with the specified descriptor is reset to
 247:.\Generated_Source\PSoC4/TxDMA.h **** *  zero after this function call. This function also validates the descriptor.
 248:.\Generated_Source\PSoC4/TxDMA.h **** *  This function should not be called while the descriptor is active.
 249:.\Generated_Source\PSoC4/TxDMA.h **** *  This can be checked by calling CyDmaGetStatus().
 250:.\Generated_Source\PSoC4/TxDMA.h **** *
 251:.\Generated_Source\PSoC4/TxDMA.h **** *******************************************************************************/
 252:.\Generated_Source\PSoC4/TxDMA.h **** static CY_INLINE void TxDMA_SetConfiguration(int32 descriptor, const cydma_init_struct * config)
 253:.\Generated_Source\PSoC4/TxDMA.h **** {
 254:.\Generated_Source\PSoC4/TxDMA.h ****     CyDmaSetConfiguration(TxDMA_CHANNEL, descriptor, config);
 255:.\Generated_Source\PSoC4/TxDMA.h **** }
 256:.\Generated_Source\PSoC4/TxDMA.h **** 
 257:.\Generated_Source\PSoC4/TxDMA.h **** 
 258:.\Generated_Source\PSoC4/TxDMA.h **** /*******************************************************************************
 259:.\Generated_Source\PSoC4/TxDMA.h **** * Function Name: TxDMA_ValidateDescriptor
 260:.\Generated_Source\PSoC4/TxDMA.h **** ********************************************************************************
 261:.\Generated_Source\PSoC4/TxDMA.h **** *
 262:.\Generated_Source\PSoC4/TxDMA.h **** * Summary:
 263:.\Generated_Source\PSoC4/TxDMA.h **** *  Validates the specified descriptor after it has been invalidated.
 264:.\Generated_Source\PSoC4/TxDMA.h **** *
 265:.\Generated_Source\PSoC4/TxDMA.h **** * Parameters:
 266:.\Generated_Source\PSoC4/TxDMA.h **** *  descriptor: Descriptor (0 or 1) modified by this function.
 267:.\Generated_Source\PSoC4/TxDMA.h **** *                   
 268:.\Generated_Source\PSoC4/TxDMA.h **** * Return:
 269:.\Generated_Source\PSoC4/TxDMA.h **** *  None. 
 270:.\Generated_Source\PSoC4/TxDMA.h **** *
 271:.\Generated_Source\PSoC4/TxDMA.h **** * Side effect:
 272:.\Generated_Source\PSoC4/TxDMA.h **** *  The status register associated with the specified descriptor is reset to
 273:.\Generated_Source\PSoC4/TxDMA.h **** *  zero after this function call. This function should not be called while the
 274:.\Generated_Source\PSoC4/TxDMA.h **** *  descriptor is active. This can be checked by calling CyDmaGetStatus().
 275:.\Generated_Source\PSoC4/TxDMA.h **** *
 276:.\Generated_Source\PSoC4/TxDMA.h **** *******************************************************************************/
ARM GAS  C:\Users\Terence\AppData\Local\Temp\cc1hi0St.s 			page 9


 277:.\Generated_Source\PSoC4/TxDMA.h **** static CY_INLINE void TxDMA_ValidateDescriptor(int32 descriptor)
 278:.\Generated_Source\PSoC4/TxDMA.h **** {
 279:.\Generated_Source\PSoC4/TxDMA.h ****     CyDmaValidateDescriptor(TxDMA_CHANNEL, descriptor);
 280:.\Generated_Source\PSoC4/TxDMA.h **** }
 281:.\Generated_Source\PSoC4/TxDMA.h **** 
 282:.\Generated_Source\PSoC4/TxDMA.h **** 
 283:.\Generated_Source\PSoC4/TxDMA.h **** /*******************************************************************************
 284:.\Generated_Source\PSoC4/TxDMA.h **** * Function Name: TxDMA_GetDescriptorStatus
 285:.\Generated_Source\PSoC4/TxDMA.h **** ********************************************************************************
 286:.\Generated_Source\PSoC4/TxDMA.h **** *
 287:.\Generated_Source\PSoC4/TxDMA.h **** * Summary:
 288:.\Generated_Source\PSoC4/TxDMA.h **** *  Returns the status of the specified descriptor.
 289:.\Generated_Source\PSoC4/TxDMA.h **** *
 290:.\Generated_Source\PSoC4/TxDMA.h **** * Parameters:
 291:.\Generated_Source\PSoC4/TxDMA.h **** *  descriptor: Descriptor (0 or 1) modified by this function.
 292:.\Generated_Source\PSoC4/TxDMA.h **** *                   
 293:.\Generated_Source\PSoC4/TxDMA.h **** * Return:
 294:.\Generated_Source\PSoC4/TxDMA.h **** *  Returns the contents of the specified descriptors status register. Refer to 
 295:.\Generated_Source\PSoC4/TxDMA.h **** *  descriptor status register bit definitions in CyDMA_P4.h or the API
 296:.\Generated_Source\PSoC4/TxDMA.h **** *  description in the DMA channel datasheet for more information.
 297:.\Generated_Source\PSoC4/TxDMA.h **** *
 298:.\Generated_Source\PSoC4/TxDMA.h **** *******************************************************************************/
 299:.\Generated_Source\PSoC4/TxDMA.h **** static CY_INLINE uint32 TxDMA_GetDescriptorStatus(int32 descriptor)
 300:.\Generated_Source\PSoC4/TxDMA.h **** {
 301:.\Generated_Source\PSoC4/TxDMA.h ****     return (CyDmaGetDescriptorStatus(TxDMA_CHANNEL, descriptor));
 302:.\Generated_Source\PSoC4/TxDMA.h **** }
 303:.\Generated_Source\PSoC4/TxDMA.h **** 
 304:.\Generated_Source\PSoC4/TxDMA.h **** 
 305:.\Generated_Source\PSoC4/TxDMA.h **** /*******************************************************************************
 306:.\Generated_Source\PSoC4/TxDMA.h **** * Function Name: TxDMA_SetSrcAddress
 307:.\Generated_Source\PSoC4/TxDMA.h **** ********************************************************************************
 308:.\Generated_Source\PSoC4/TxDMA.h **** *
 309:.\Generated_Source\PSoC4/TxDMA.h **** * Summary:
 310:.\Generated_Source\PSoC4/TxDMA.h **** *  Configures the source address for the specified descriptor.
 311:.\Generated_Source\PSoC4/TxDMA.h **** *
 312:.\Generated_Source\PSoC4/TxDMA.h **** * Parameters:
 313:.\Generated_Source\PSoC4/TxDMA.h **** *  descriptor: Descriptor (0 or 1) modified by this function.
 314:.\Generated_Source\PSoC4/TxDMA.h **** *  srcAddress: Address of DMA transfer source.
 315:.\Generated_Source\PSoC4/TxDMA.h **** *                   
 316:.\Generated_Source\PSoC4/TxDMA.h **** * Return:
 317:.\Generated_Source\PSoC4/TxDMA.h **** *  None.
 318:.\Generated_Source\PSoC4/TxDMA.h **** *
 319:.\Generated_Source\PSoC4/TxDMA.h **** * Side effect:
 320:.\Generated_Source\PSoC4/TxDMA.h **** *  This function should not be called when the specified descriptor is active
 321:.\Generated_Source\PSoC4/TxDMA.h **** *  in the DMA transfer engine. This can be checked by calling CyDmaGetStatus(). 
 322:.\Generated_Source\PSoC4/TxDMA.h **** *
 323:.\Generated_Source\PSoC4/TxDMA.h **** *******************************************************************************/
 324:.\Generated_Source\PSoC4/TxDMA.h **** static CY_INLINE void TxDMA_SetSrcAddress(int32 descriptor, void * srcAddress)
 325:.\Generated_Source\PSoC4/TxDMA.h **** {
 326:.\Generated_Source\PSoC4/TxDMA.h ****     CyDmaSetSrcAddress(TxDMA_CHANNEL, descriptor, srcAddress);
  88              		.loc 2 326 0
  89 001c 0020     		mov	r0, #0
  90 001e 0021     		mov	r1, #0
  91 0020 2A1C     		mov	r2, r5
  92 0022 FFF7FEFF 		bl	CyDmaSetSrcAddress
  93              	.LVL3:
  94              	.LBE11:
ARM GAS  C:\Users\Terence\AppData\Local\Temp\cc1hi0St.s 			page 10


  95              	.LBE10:
  96              	.LBB12:
  97              	.LBB13:
 327:.\Generated_Source\PSoC4/TxDMA.h **** }
 328:.\Generated_Source\PSoC4/TxDMA.h **** 
 329:.\Generated_Source\PSoC4/TxDMA.h **** 
 330:.\Generated_Source\PSoC4/TxDMA.h **** /*******************************************************************************
 331:.\Generated_Source\PSoC4/TxDMA.h **** * Function Name: TxDMA_GetSrcAddress
 332:.\Generated_Source\PSoC4/TxDMA.h **** ********************************************************************************
 333:.\Generated_Source\PSoC4/TxDMA.h **** *
 334:.\Generated_Source\PSoC4/TxDMA.h **** * Summary:
 335:.\Generated_Source\PSoC4/TxDMA.h **** *  Returns the source address for the specified descriptor, set by either 
 336:.\Generated_Source\PSoC4/TxDMA.h **** *  TxDMA_Start() or TxDMA_SetSrcAddress().
 337:.\Generated_Source\PSoC4/TxDMA.h **** *
 338:.\Generated_Source\PSoC4/TxDMA.h **** * Parameters:
 339:.\Generated_Source\PSoC4/TxDMA.h **** *  descriptor: Specifies descriptor (0 or 1) used by this function.
 340:.\Generated_Source\PSoC4/TxDMA.h **** *                   
 341:.\Generated_Source\PSoC4/TxDMA.h **** * Return:
 342:.\Generated_Source\PSoC4/TxDMA.h **** *  Source address written to specified descriptor.
 343:.\Generated_Source\PSoC4/TxDMA.h **** *
 344:.\Generated_Source\PSoC4/TxDMA.h **** *******************************************************************************/
 345:.\Generated_Source\PSoC4/TxDMA.h **** static CY_INLINE void * TxDMA_GetSrcAddress(int32 descriptor)
 346:.\Generated_Source\PSoC4/TxDMA.h **** {
 347:.\Generated_Source\PSoC4/TxDMA.h ****     return (CyDmaGetSrcAddress(TxDMA_CHANNEL, descriptor));
 348:.\Generated_Source\PSoC4/TxDMA.h **** }
 349:.\Generated_Source\PSoC4/TxDMA.h **** 
 350:.\Generated_Source\PSoC4/TxDMA.h **** 
 351:.\Generated_Source\PSoC4/TxDMA.h **** /*******************************************************************************
 352:.\Generated_Source\PSoC4/TxDMA.h **** * Function Name: TxDMA_SetDstAddress
 353:.\Generated_Source\PSoC4/TxDMA.h **** ********************************************************************************
 354:.\Generated_Source\PSoC4/TxDMA.h **** *
 355:.\Generated_Source\PSoC4/TxDMA.h **** * Summary:
 356:.\Generated_Source\PSoC4/TxDMA.h **** *  Configures the destination address for the specified descriptor.
 357:.\Generated_Source\PSoC4/TxDMA.h **** *
 358:.\Generated_Source\PSoC4/TxDMA.h **** * Parameters:
 359:.\Generated_Source\PSoC4/TxDMA.h **** *  descriptor: Descriptor (0 or 1) modified by this function.
 360:.\Generated_Source\PSoC4/TxDMA.h **** *  dstAddress: Address of DMA transfer destination.
 361:.\Generated_Source\PSoC4/TxDMA.h **** *                   
 362:.\Generated_Source\PSoC4/TxDMA.h **** * Return:
 363:.\Generated_Source\PSoC4/TxDMA.h **** *  None.
 364:.\Generated_Source\PSoC4/TxDMA.h **** *
 365:.\Generated_Source\PSoC4/TxDMA.h **** * Side effect:
 366:.\Generated_Source\PSoC4/TxDMA.h **** *  This function should not be called when the specified descriptor is active
 367:.\Generated_Source\PSoC4/TxDMA.h **** *  in the DMA transfer engine. This can be checked by calling CyDmaGetStatus(). 
 368:.\Generated_Source\PSoC4/TxDMA.h **** *
 369:.\Generated_Source\PSoC4/TxDMA.h **** *******************************************************************************/
 370:.\Generated_Source\PSoC4/TxDMA.h **** static CY_INLINE void TxDMA_SetDstAddress(int32 descriptor, void * dstAddress)
 371:.\Generated_Source\PSoC4/TxDMA.h **** {
 372:.\Generated_Source\PSoC4/TxDMA.h ****     CyDmaSetDstAddress(TxDMA_CHANNEL, descriptor, dstAddress);
  98              		.loc 2 372 0
  99 0026 0020     		mov	r0, #0
 100 0028 0021     		mov	r1, #0
 101 002a 221C     		mov	r2, r4
 102 002c FFF7FEFF 		bl	CyDmaSetDstAddress
 103              	.LVL4:
 104              	.LBE13:
 105              	.LBE12:
ARM GAS  C:\Users\Terence\AppData\Local\Temp\cc1hi0St.s 			page 11


 106              	.LBB14:
 107              	.LBB15:
 279:.\Generated_Source\PSoC4/TxDMA.h **** }
 108              		.loc 2 279 0
 109 0030 0020     		mov	r0, #0
 110 0032 0021     		mov	r1, #0
 111 0034 FFF7FEFF 		bl	CyDmaValidateDescriptor
 112              	.LVL5:
 113              	.LBE15:
 114              	.LBE14:
 115              	.LBB16:
 116              	.LBB17:
  96:.\Generated_Source\PSoC4/TxDMA.h **** }
 117              		.loc 2 96 0
 118 0038 0020     		mov	r0, #0
 119 003a FFF7FEFF 		bl	CyDmaChEnable
 120              	.LVL6:
 121              	.LBE17:
 122              	.LBE16:
  51:.\Generated_Source\PSoC4/TxDMA.c **** 
 123              		.loc 1 51 0
 124              		@ sp needed
 125              	.LVL7:
 126              	.LVL8:
 127 003e 38BD     		pop	{r3, r4, r5, pc}
 128              	.L7:
 129              		.align	2
 130              	.L6:
 131 0040 00000000 		.word	.LANCHOR0
 132              		.cfi_endproc
 133              	.LFE32:
 134              		.size	TxDMA_Start, .-TxDMA_Start
 135              		.global	TxDMA_initVar
 136              		.bss
 137              		.set	.LANCHOR0,. + 0
 138              		.type	TxDMA_initVar, %object
 139              		.size	TxDMA_initVar, 1
 140              	TxDMA_initVar:
 141 0000 00       		.space	1
 142              		.text
 143              	.Letext0:
 144              		.file 3 ".\\Generated_Source\\PSoC4\\cytypes.h"
 145              		.file 4 ".\\Generated_Source\\PSoC4\\CyDMA.h"
 146              		.section	.debug_info,"",%progbits
 147              	.Ldebug_info0:
 148 0000 5A030000 		.4byte	0x35a
 149 0004 0400     		.2byte	0x4
 150 0006 00000000 		.4byte	.Ldebug_abbrev0
 151 000a 04       		.byte	0x4
 152 000b 01       		.uleb128 0x1
 153 000c CB000000 		.4byte	.LASF30
 154 0010 01       		.byte	0x1
 155 0011 E0020000 		.4byte	.LASF31
 156 0015 F6010000 		.4byte	.LASF32
 157 0019 00000000 		.4byte	.Ldebug_ranges0+0
 158 001d 00000000 		.4byte	0
 159 0021 00000000 		.4byte	.Ldebug_line0
ARM GAS  C:\Users\Terence\AppData\Local\Temp\cc1hi0St.s 			page 12


 160 0025 02       		.uleb128 0x2
 161 0026 01       		.byte	0x1
 162 0027 06       		.byte	0x6
 163 0028 67010000 		.4byte	.LASF0
 164 002c 02       		.uleb128 0x2
 165 002d 01       		.byte	0x1
 166 002e 08       		.byte	0x8
 167 002f 59010000 		.4byte	.LASF1
 168 0033 02       		.uleb128 0x2
 169 0034 02       		.byte	0x2
 170 0035 05       		.byte	0x5
 171 0036 36000000 		.4byte	.LASF2
 172 003a 02       		.uleb128 0x2
 173 003b 02       		.byte	0x2
 174 003c 07       		.byte	0x7
 175 003d A3010000 		.4byte	.LASF3
 176 0041 02       		.uleb128 0x2
 177 0042 04       		.byte	0x4
 178 0043 05       		.byte	0x5
 179 0044 AF000000 		.4byte	.LASF4
 180 0048 02       		.uleb128 0x2
 181 0049 04       		.byte	0x4
 182 004a 07       		.byte	0x7
 183 004b 99020000 		.4byte	.LASF5
 184 004f 02       		.uleb128 0x2
 185 0050 08       		.byte	0x8
 186 0051 05       		.byte	0x5
 187 0052 A1000000 		.4byte	.LASF6
 188 0056 02       		.uleb128 0x2
 189 0057 08       		.byte	0x8
 190 0058 07       		.byte	0x7
 191 0059 73010000 		.4byte	.LASF7
 192 005d 03       		.uleb128 0x3
 193 005e 04       		.byte	0x4
 194 005f 05       		.byte	0x5
 195 0060 696E7400 		.ascii	"int\000"
 196 0064 02       		.uleb128 0x2
 197 0065 04       		.byte	0x4
 198 0066 07       		.byte	0x7
 199 0067 8A010000 		.4byte	.LASF8
 200 006b 04       		.uleb128 0x4
 201 006c 8A000000 		.4byte	.LASF9
 202 0070 03       		.byte	0x3
 203 0071 3801     		.2byte	0x138
 204 0073 2C000000 		.4byte	0x2c
 205 0077 04       		.uleb128 0x4
 206 0078 92020000 		.4byte	.LASF10
 207 007c 03       		.byte	0x3
 208 007d 3A01     		.2byte	0x13a
 209 007f 48000000 		.4byte	0x48
 210 0083 04       		.uleb128 0x4
 211 0084 AB020000 		.4byte	.LASF11
 212 0088 03       		.byte	0x3
 213 0089 3D01     		.2byte	0x13d
 214 008b 41000000 		.4byte	0x41
 215 008f 02       		.uleb128 0x2
 216 0090 04       		.byte	0x4
ARM GAS  C:\Users\Terence\AppData\Local\Temp\cc1hi0St.s 			page 13


 217 0091 04       		.byte	0x4
 218 0092 9B000000 		.4byte	.LASF12
 219 0096 02       		.uleb128 0x2
 220 0097 08       		.byte	0x8
 221 0098 04       		.byte	0x4
 222 0099 B1020000 		.4byte	.LASF13
 223 009d 02       		.uleb128 0x2
 224 009e 01       		.byte	0x1
 225 009f 08       		.byte	0x8
 226 00a0 D9010000 		.4byte	.LASF14
 227 00a4 05       		.uleb128 0x5
 228 00a5 80       		.byte	0x80
 229 00a6 04       		.byte	0x4
 230 00a7 26       		.byte	0x26
 231 00a8 B9000000 		.4byte	0xb9
 232 00ac 06       		.uleb128 0x6
 233 00ad 63746C00 		.ascii	"ctl\000"
 234 00b1 04       		.byte	0x4
 235 00b2 28       		.byte	0x28
 236 00b3 B9000000 		.4byte	0xb9
 237 00b7 00       		.byte	0
 238 00b8 00       		.byte	0
 239 00b9 07       		.uleb128 0x7
 240 00ba 77000000 		.4byte	0x77
 241 00be C9000000 		.4byte	0xc9
 242 00c2 08       		.uleb128 0x8
 243 00c3 C9000000 		.4byte	0xc9
 244 00c7 1F       		.byte	0x1f
 245 00c8 00       		.byte	0
 246 00c9 02       		.uleb128 0x2
 247 00ca 04       		.byte	0x4
 248 00cb 07       		.byte	0x7
 249 00cc 54000000 		.4byte	.LASF15
 250 00d0 09       		.uleb128 0x9
 251 00d1 71000000 		.4byte	.LASF16
 252 00d5 04       		.byte	0x4
 253 00d6 29       		.byte	0x29
 254 00d7 A4000000 		.4byte	0xa4
 255 00db 05       		.uleb128 0x5
 256 00dc 10       		.byte	0x10
 257 00dd 04       		.byte	0x4
 258 00de 2C       		.byte	0x2c
 259 00df 14010000 		.4byte	0x114
 260 00e3 06       		.uleb128 0x6
 261 00e4 73726300 		.ascii	"src\000"
 262 00e8 04       		.byte	0x4
 263 00e9 2E       		.byte	0x2e
 264 00ea 14010000 		.4byte	0x114
 265 00ee 00       		.byte	0
 266 00ef 06       		.uleb128 0x6
 267 00f0 64737400 		.ascii	"dst\000"
 268 00f4 04       		.byte	0x4
 269 00f5 2F       		.byte	0x2f
 270 00f6 14010000 		.4byte	0x114
 271 00fa 04       		.byte	0x4
 272 00fb 06       		.uleb128 0x6
 273 00fc 63746C00 		.ascii	"ctl\000"
ARM GAS  C:\Users\Terence\AppData\Local\Temp\cc1hi0St.s 			page 14


 274 0100 04       		.byte	0x4
 275 0101 30       		.byte	0x30
 276 0102 77000000 		.4byte	0x77
 277 0106 08       		.byte	0x8
 278 0107 0A       		.uleb128 0xa
 279 0108 B6010000 		.4byte	.LASF17
 280 010c 04       		.byte	0x4
 281 010d 31       		.byte	0x31
 282 010e 77000000 		.4byte	0x77
 283 0112 0C       		.byte	0xc
 284 0113 00       		.byte	0
 285 0114 0B       		.uleb128 0xb
 286 0115 04       		.byte	0x4
 287 0116 09       		.uleb128 0x9
 288 0117 DE010000 		.4byte	.LASF18
 289 011b 04       		.byte	0x4
 290 011c 32       		.byte	0x32
 291 011d DB000000 		.4byte	0xdb
 292 0121 0C       		.uleb128 0xc
 293 0122 0004     		.2byte	0x400
 294 0124 04       		.byte	0x4
 295 0125 38       		.byte	0x38
 296 0126 37010000 		.4byte	0x137
 297 012a 0A       		.uleb128 0xa
 298 012b 29030000 		.4byte	.LASF19
 299 012f 04       		.byte	0x4
 300 0130 3A       		.byte	0x3a
 301 0131 37010000 		.4byte	0x137
 302 0135 00       		.byte	0
 303 0136 00       		.byte	0
 304 0137 07       		.uleb128 0x7
 305 0138 16010000 		.4byte	0x116
 306 013c 4D010000 		.4byte	0x14d
 307 0140 08       		.uleb128 0x8
 308 0141 C9000000 		.4byte	0xc9
 309 0145 1F       		.byte	0x1f
 310 0146 08       		.uleb128 0x8
 311 0147 C9000000 		.4byte	0xc9
 312 014b 01       		.byte	0x1
 313 014c 00       		.byte	0
 314 014d 09       		.uleb128 0x9
 315 014e BD010000 		.4byte	.LASF20
 316 0152 04       		.byte	0x4
 317 0153 3B       		.byte	0x3b
 318 0154 21010000 		.4byte	0x121
 319 0158 0D       		.uleb128 0xd
 320 0159 5D000000 		.4byte	.LASF22
 321 015d 02       		.byte	0x2
 322 015e 4401     		.2byte	0x144
 323 0160 03       		.byte	0x3
 324 0161 7E010000 		.4byte	0x17e
 325 0165 0E       		.uleb128 0xe
 326 0166 29030000 		.4byte	.LASF19
 327 016a 02       		.byte	0x2
 328 016b 4401     		.2byte	0x144
 329 016d 83000000 		.4byte	0x83
 330 0171 0E       		.uleb128 0xe
ARM GAS  C:\Users\Terence\AppData\Local\Temp\cc1hi0St.s 			page 15


 331 0172 87020000 		.4byte	.LASF21
 332 0176 02       		.byte	0x2
 333 0177 4401     		.2byte	0x144
 334 0179 14010000 		.4byte	0x114
 335 017d 00       		.byte	0
 336 017e 0D       		.uleb128 0xd
 337 017f 40000000 		.4byte	.LASF23
 338 0183 02       		.byte	0x2
 339 0184 7201     		.2byte	0x172
 340 0186 03       		.byte	0x3
 341 0187 A4010000 		.4byte	0x1a4
 342 018b 0E       		.uleb128 0xe
 343 018c 29030000 		.4byte	.LASF19
 344 0190 02       		.byte	0x2
 345 0191 7201     		.2byte	0x172
 346 0193 83000000 		.4byte	0x83
 347 0197 0E       		.uleb128 0xe
 348 0198 00000000 		.4byte	.LASF24
 349 019c 02       		.byte	0x2
 350 019d 7201     		.2byte	0x172
 351 019f 14010000 		.4byte	0x114
 352 01a3 00       		.byte	0
 353 01a4 0D       		.uleb128 0xd
 354 01a5 C7020000 		.4byte	.LASF25
 355 01a9 02       		.byte	0x2
 356 01aa 1501     		.2byte	0x115
 357 01ac 03       		.byte	0x3
 358 01ad BE010000 		.4byte	0x1be
 359 01b1 0E       		.uleb128 0xe
 360 01b2 29030000 		.4byte	.LASF19
 361 01b6 02       		.byte	0x2
 362 01b7 1501     		.2byte	0x115
 363 01b9 83000000 		.4byte	0x83
 364 01bd 00       		.byte	0
 365 01be 0F       		.uleb128 0xf
 366 01bf B8020000 		.4byte	.LASF33
 367 01c3 02       		.byte	0x2
 368 01c4 5E       		.byte	0x5e
 369 01c5 03       		.byte	0x3
 370 01c6 10       		.uleb128 0x10
 371 01c7 90000000 		.4byte	.LASF34
 372 01cb 01       		.byte	0x1
 373 01cc 4C       		.byte	0x4c
 374 01cd 00000000 		.4byte	.LFB33
 375 01d1 1C000000 		.4byte	.LFE33-.LFB33
 376 01d5 01       		.uleb128 0x1
 377 01d6 9C       		.byte	0x9c
 378 01d7 11       		.uleb128 0x11
 379 01d8 97010000 		.4byte	.LASF35
 380 01dc 01       		.byte	0x1
 381 01dd 27       		.byte	0x27
 382 01de 00000000 		.4byte	.LFB32
 383 01e2 44000000 		.4byte	.LFE32-.LFB32
 384 01e6 01       		.uleb128 0x1
 385 01e7 9C       		.byte	0x9c
 386 01e8 E8020000 		.4byte	0x2e8
 387 01ec 12       		.uleb128 0x12
ARM GAS  C:\Users\Terence\AppData\Local\Temp\cc1hi0St.s 			page 16


 388 01ed 87020000 		.4byte	.LASF21
 389 01f1 01       		.byte	0x1
 390 01f2 27       		.byte	0x27
 391 01f3 14010000 		.4byte	0x114
 392 01f7 00000000 		.4byte	.LLST0
 393 01fb 12       		.uleb128 0x12
 394 01fc 00000000 		.4byte	.LASF24
 395 0200 01       		.byte	0x1
 396 0201 27       		.byte	0x27
 397 0202 14010000 		.4byte	0x114
 398 0206 2C000000 		.4byte	.LLST1
 399 020a 13       		.uleb128 0x13
 400 020b 58010000 		.4byte	0x158
 401 020f 1C000000 		.4byte	.LBB10
 402 0213 0A000000 		.4byte	.LBE10-.LBB10
 403 0217 01       		.byte	0x1
 404 0218 2F       		.byte	0x2f
 405 0219 47020000 		.4byte	0x247
 406 021d 14       		.uleb128 0x14
 407 021e 71010000 		.4byte	0x171
 408 0222 58000000 		.4byte	.LLST2
 409 0226 15       		.uleb128 0x15
 410 0227 65010000 		.4byte	0x165
 411 022b 00       		.byte	0
 412 022c 16       		.uleb128 0x16
 413 022d 26000000 		.4byte	.LVL3
 414 0231 F9020000 		.4byte	0x2f9
 415 0235 17       		.uleb128 0x17
 416 0236 01       		.uleb128 0x1
 417 0237 52       		.byte	0x52
 418 0238 02       		.uleb128 0x2
 419 0239 75       		.byte	0x75
 420 023a 00       		.sleb128 0
 421 023b 17       		.uleb128 0x17
 422 023c 01       		.uleb128 0x1
 423 023d 51       		.byte	0x51
 424 023e 01       		.uleb128 0x1
 425 023f 30       		.byte	0x30
 426 0240 17       		.uleb128 0x17
 427 0241 01       		.uleb128 0x1
 428 0242 50       		.byte	0x50
 429 0243 01       		.uleb128 0x1
 430 0244 30       		.byte	0x30
 431 0245 00       		.byte	0
 432 0246 00       		.byte	0
 433 0247 13       		.uleb128 0x13
 434 0248 7E010000 		.4byte	0x17e
 435 024c 26000000 		.4byte	.LBB12
 436 0250 0A000000 		.4byte	.LBE12-.LBB12
 437 0254 01       		.byte	0x1
 438 0255 30       		.byte	0x30
 439 0256 84020000 		.4byte	0x284
 440 025a 14       		.uleb128 0x14
 441 025b 97010000 		.4byte	0x197
 442 025f 79000000 		.4byte	.LLST3
 443 0263 15       		.uleb128 0x15
 444 0264 8B010000 		.4byte	0x18b
ARM GAS  C:\Users\Terence\AppData\Local\Temp\cc1hi0St.s 			page 17


 445 0268 00       		.byte	0
 446 0269 16       		.uleb128 0x16
 447 026a 30000000 		.4byte	.LVL4
 448 026e 14030000 		.4byte	0x314
 449 0272 17       		.uleb128 0x17
 450 0273 01       		.uleb128 0x1
 451 0274 52       		.byte	0x52
 452 0275 02       		.uleb128 0x2
 453 0276 74       		.byte	0x74
 454 0277 00       		.sleb128 0
 455 0278 17       		.uleb128 0x17
 456 0279 01       		.uleb128 0x1
 457 027a 51       		.byte	0x51
 458 027b 01       		.uleb128 0x1
 459 027c 30       		.byte	0x30
 460 027d 17       		.uleb128 0x17
 461 027e 01       		.uleb128 0x1
 462 027f 50       		.byte	0x50
 463 0280 01       		.uleb128 0x1
 464 0281 30       		.byte	0x30
 465 0282 00       		.byte	0
 466 0283 00       		.byte	0
 467 0284 13       		.uleb128 0x13
 468 0285 A4010000 		.4byte	0x1a4
 469 0289 30000000 		.4byte	.LBB14
 470 028d 08000000 		.4byte	.LBE14-.LBB14
 471 0291 01       		.byte	0x1
 472 0292 31       		.byte	0x31
 473 0293 B2020000 		.4byte	0x2b2
 474 0297 15       		.uleb128 0x15
 475 0298 B1010000 		.4byte	0x1b1
 476 029c 00       		.byte	0
 477 029d 16       		.uleb128 0x16
 478 029e 38000000 		.4byte	.LVL5
 479 02a2 2F030000 		.4byte	0x32f
 480 02a6 17       		.uleb128 0x17
 481 02a7 01       		.uleb128 0x1
 482 02a8 51       		.byte	0x51
 483 02a9 01       		.uleb128 0x1
 484 02aa 30       		.byte	0x30
 485 02ab 17       		.uleb128 0x17
 486 02ac 01       		.uleb128 0x1
 487 02ad 50       		.byte	0x50
 488 02ae 01       		.uleb128 0x1
 489 02af 30       		.byte	0x30
 490 02b0 00       		.byte	0
 491 02b1 00       		.byte	0
 492 02b2 13       		.uleb128 0x13
 493 02b3 BE010000 		.4byte	0x1be
 494 02b7 38000000 		.4byte	.LBB16
 495 02bb 06000000 		.4byte	.LBE16-.LBB16
 496 02bf 01       		.byte	0x1
 497 02c0 32       		.byte	0x32
 498 02c1 D5020000 		.4byte	0x2d5
 499 02c5 16       		.uleb128 0x16
 500 02c6 3E000000 		.4byte	.LVL6
 501 02ca 45030000 		.4byte	0x345
ARM GAS  C:\Users\Terence\AppData\Local\Temp\cc1hi0St.s 			page 18


 502 02ce 17       		.uleb128 0x17
 503 02cf 01       		.uleb128 0x1
 504 02d0 50       		.byte	0x50
 505 02d1 01       		.uleb128 0x1
 506 02d2 30       		.byte	0x30
 507 02d3 00       		.byte	0
 508 02d4 00       		.byte	0
 509 02d5 18       		.uleb128 0x18
 510 02d6 12000000 		.4byte	.LVL1
 511 02da C6010000 		.4byte	0x1c6
 512 02de 18       		.uleb128 0x18
 513 02df 1C000000 		.4byte	.LVL2
 514 02e3 56030000 		.4byte	0x356
 515 02e7 00       		.byte	0
 516 02e8 19       		.uleb128 0x19
 517 02e9 1B030000 		.4byte	.LASF36
 518 02ed 01       		.byte	0x1
 519 02ee 11       		.byte	0x11
 520 02ef 6B000000 		.4byte	0x6b
 521 02f3 05       		.uleb128 0x5
 522 02f4 03       		.byte	0x3
 523 02f5 00000000 		.4byte	TxDMA_initVar
 524 02f9 1A       		.uleb128 0x1a
 525 02fa 23000000 		.4byte	.LASF26
 526 02fe 04       		.byte	0x4
 527 02ff 93       		.byte	0x93
 528 0300 14030000 		.4byte	0x314
 529 0304 1B       		.uleb128 0x1b
 530 0305 83000000 		.4byte	0x83
 531 0309 1B       		.uleb128 0x1b
 532 030a 83000000 		.4byte	0x83
 533 030e 1B       		.uleb128 0x1b
 534 030f 14010000 		.4byte	0x114
 535 0313 00       		.byte	0
 536 0314 1A       		.uleb128 0x1a
 537 0315 B8000000 		.4byte	.LASF27
 538 0319 04       		.byte	0x4
 539 031a 96       		.byte	0x96
 540 031b 2F030000 		.4byte	0x32f
 541 031f 1B       		.uleb128 0x1b
 542 0320 83000000 		.4byte	0x83
 543 0324 1B       		.uleb128 0x1b
 544 0325 83000000 		.4byte	0x83
 545 0329 1B       		.uleb128 0x1b
 546 032a 14010000 		.4byte	0x114
 547 032e 00       		.byte	0
 548 032f 1A       		.uleb128 0x1a
 549 0330 0B000000 		.4byte	.LASF28
 550 0334 04       		.byte	0x4
 551 0335 8F       		.byte	0x8f
 552 0336 45030000 		.4byte	0x345
 553 033a 1B       		.uleb128 0x1b
 554 033b 83000000 		.4byte	0x83
 555 033f 1B       		.uleb128 0x1b
 556 0340 83000000 		.4byte	0x83
 557 0344 00       		.byte	0
 558 0345 1A       		.uleb128 0x1a
ARM GAS  C:\Users\Terence\AppData\Local\Temp\cc1hi0St.s 			page 19


 559 0346 01030000 		.4byte	.LASF29
 560 034a 04       		.byte	0x4
 561 034b 82       		.byte	0x82
 562 034c 56030000 		.4byte	0x356
 563 0350 1B       		.uleb128 0x1b
 564 0351 83000000 		.4byte	0x83
 565 0355 00       		.byte	0
 566 0356 1C       		.uleb128 0x1c
 567 0357 0F030000 		.4byte	.LASF37
 568 035b 04       		.byte	0x4
 569 035c 6D       		.byte	0x6d
 570 035d 00       		.byte	0
 571              		.section	.debug_abbrev,"",%progbits
 572              	.Ldebug_abbrev0:
 573 0000 01       		.uleb128 0x1
 574 0001 11       		.uleb128 0x11
 575 0002 01       		.byte	0x1
 576 0003 25       		.uleb128 0x25
 577 0004 0E       		.uleb128 0xe
 578 0005 13       		.uleb128 0x13
 579 0006 0B       		.uleb128 0xb
 580 0007 03       		.uleb128 0x3
 581 0008 0E       		.uleb128 0xe
 582 0009 1B       		.uleb128 0x1b
 583 000a 0E       		.uleb128 0xe
 584 000b 55       		.uleb128 0x55
 585 000c 17       		.uleb128 0x17
 586 000d 11       		.uleb128 0x11
 587 000e 01       		.uleb128 0x1
 588 000f 10       		.uleb128 0x10
 589 0010 17       		.uleb128 0x17
 590 0011 00       		.byte	0
 591 0012 00       		.byte	0
 592 0013 02       		.uleb128 0x2
 593 0014 24       		.uleb128 0x24
 594 0015 00       		.byte	0
 595 0016 0B       		.uleb128 0xb
 596 0017 0B       		.uleb128 0xb
 597 0018 3E       		.uleb128 0x3e
 598 0019 0B       		.uleb128 0xb
 599 001a 03       		.uleb128 0x3
 600 001b 0E       		.uleb128 0xe
 601 001c 00       		.byte	0
 602 001d 00       		.byte	0
 603 001e 03       		.uleb128 0x3
 604 001f 24       		.uleb128 0x24
 605 0020 00       		.byte	0
 606 0021 0B       		.uleb128 0xb
 607 0022 0B       		.uleb128 0xb
 608 0023 3E       		.uleb128 0x3e
 609 0024 0B       		.uleb128 0xb
 610 0025 03       		.uleb128 0x3
 611 0026 08       		.uleb128 0x8
 612 0027 00       		.byte	0
 613 0028 00       		.byte	0
 614 0029 04       		.uleb128 0x4
 615 002a 16       		.uleb128 0x16
ARM GAS  C:\Users\Terence\AppData\Local\Temp\cc1hi0St.s 			page 20


 616 002b 00       		.byte	0
 617 002c 03       		.uleb128 0x3
 618 002d 0E       		.uleb128 0xe
 619 002e 3A       		.uleb128 0x3a
 620 002f 0B       		.uleb128 0xb
 621 0030 3B       		.uleb128 0x3b
 622 0031 05       		.uleb128 0x5
 623 0032 49       		.uleb128 0x49
 624 0033 13       		.uleb128 0x13
 625 0034 00       		.byte	0
 626 0035 00       		.byte	0
 627 0036 05       		.uleb128 0x5
 628 0037 13       		.uleb128 0x13
 629 0038 01       		.byte	0x1
 630 0039 0B       		.uleb128 0xb
 631 003a 0B       		.uleb128 0xb
 632 003b 3A       		.uleb128 0x3a
 633 003c 0B       		.uleb128 0xb
 634 003d 3B       		.uleb128 0x3b
 635 003e 0B       		.uleb128 0xb
 636 003f 01       		.uleb128 0x1
 637 0040 13       		.uleb128 0x13
 638 0041 00       		.byte	0
 639 0042 00       		.byte	0
 640 0043 06       		.uleb128 0x6
 641 0044 0D       		.uleb128 0xd
 642 0045 00       		.byte	0
 643 0046 03       		.uleb128 0x3
 644 0047 08       		.uleb128 0x8
 645 0048 3A       		.uleb128 0x3a
 646 0049 0B       		.uleb128 0xb
 647 004a 3B       		.uleb128 0x3b
 648 004b 0B       		.uleb128 0xb
 649 004c 49       		.uleb128 0x49
 650 004d 13       		.uleb128 0x13
 651 004e 38       		.uleb128 0x38
 652 004f 0B       		.uleb128 0xb
 653 0050 00       		.byte	0
 654 0051 00       		.byte	0
 655 0052 07       		.uleb128 0x7
 656 0053 01       		.uleb128 0x1
 657 0054 01       		.byte	0x1
 658 0055 49       		.uleb128 0x49
 659 0056 13       		.uleb128 0x13
 660 0057 01       		.uleb128 0x1
 661 0058 13       		.uleb128 0x13
 662 0059 00       		.byte	0
 663 005a 00       		.byte	0
 664 005b 08       		.uleb128 0x8
 665 005c 21       		.uleb128 0x21
 666 005d 00       		.byte	0
 667 005e 49       		.uleb128 0x49
 668 005f 13       		.uleb128 0x13
 669 0060 2F       		.uleb128 0x2f
 670 0061 0B       		.uleb128 0xb
 671 0062 00       		.byte	0
 672 0063 00       		.byte	0
ARM GAS  C:\Users\Terence\AppData\Local\Temp\cc1hi0St.s 			page 21


 673 0064 09       		.uleb128 0x9
 674 0065 16       		.uleb128 0x16
 675 0066 00       		.byte	0
 676 0067 03       		.uleb128 0x3
 677 0068 0E       		.uleb128 0xe
 678 0069 3A       		.uleb128 0x3a
 679 006a 0B       		.uleb128 0xb
 680 006b 3B       		.uleb128 0x3b
 681 006c 0B       		.uleb128 0xb
 682 006d 49       		.uleb128 0x49
 683 006e 13       		.uleb128 0x13
 684 006f 00       		.byte	0
 685 0070 00       		.byte	0
 686 0071 0A       		.uleb128 0xa
 687 0072 0D       		.uleb128 0xd
 688 0073 00       		.byte	0
 689 0074 03       		.uleb128 0x3
 690 0075 0E       		.uleb128 0xe
 691 0076 3A       		.uleb128 0x3a
 692 0077 0B       		.uleb128 0xb
 693 0078 3B       		.uleb128 0x3b
 694 0079 0B       		.uleb128 0xb
 695 007a 49       		.uleb128 0x49
 696 007b 13       		.uleb128 0x13
 697 007c 38       		.uleb128 0x38
 698 007d 0B       		.uleb128 0xb
 699 007e 00       		.byte	0
 700 007f 00       		.byte	0
 701 0080 0B       		.uleb128 0xb
 702 0081 0F       		.uleb128 0xf
 703 0082 00       		.byte	0
 704 0083 0B       		.uleb128 0xb
 705 0084 0B       		.uleb128 0xb
 706 0085 00       		.byte	0
 707 0086 00       		.byte	0
 708 0087 0C       		.uleb128 0xc
 709 0088 13       		.uleb128 0x13
 710 0089 01       		.byte	0x1
 711 008a 0B       		.uleb128 0xb
 712 008b 05       		.uleb128 0x5
 713 008c 3A       		.uleb128 0x3a
 714 008d 0B       		.uleb128 0xb
 715 008e 3B       		.uleb128 0x3b
 716 008f 0B       		.uleb128 0xb
 717 0090 01       		.uleb128 0x1
 718 0091 13       		.uleb128 0x13
 719 0092 00       		.byte	0
 720 0093 00       		.byte	0
 721 0094 0D       		.uleb128 0xd
 722 0095 2E       		.uleb128 0x2e
 723 0096 01       		.byte	0x1
 724 0097 03       		.uleb128 0x3
 725 0098 0E       		.uleb128 0xe
 726 0099 3A       		.uleb128 0x3a
 727 009a 0B       		.uleb128 0xb
 728 009b 3B       		.uleb128 0x3b
 729 009c 05       		.uleb128 0x5
ARM GAS  C:\Users\Terence\AppData\Local\Temp\cc1hi0St.s 			page 22


 730 009d 27       		.uleb128 0x27
 731 009e 19       		.uleb128 0x19
 732 009f 20       		.uleb128 0x20
 733 00a0 0B       		.uleb128 0xb
 734 00a1 01       		.uleb128 0x1
 735 00a2 13       		.uleb128 0x13
 736 00a3 00       		.byte	0
 737 00a4 00       		.byte	0
 738 00a5 0E       		.uleb128 0xe
 739 00a6 05       		.uleb128 0x5
 740 00a7 00       		.byte	0
 741 00a8 03       		.uleb128 0x3
 742 00a9 0E       		.uleb128 0xe
 743 00aa 3A       		.uleb128 0x3a
 744 00ab 0B       		.uleb128 0xb
 745 00ac 3B       		.uleb128 0x3b
 746 00ad 05       		.uleb128 0x5
 747 00ae 49       		.uleb128 0x49
 748 00af 13       		.uleb128 0x13
 749 00b0 00       		.byte	0
 750 00b1 00       		.byte	0
 751 00b2 0F       		.uleb128 0xf
 752 00b3 2E       		.uleb128 0x2e
 753 00b4 00       		.byte	0
 754 00b5 03       		.uleb128 0x3
 755 00b6 0E       		.uleb128 0xe
 756 00b7 3A       		.uleb128 0x3a
 757 00b8 0B       		.uleb128 0xb
 758 00b9 3B       		.uleb128 0x3b
 759 00ba 0B       		.uleb128 0xb
 760 00bb 27       		.uleb128 0x27
 761 00bc 19       		.uleb128 0x19
 762 00bd 20       		.uleb128 0x20
 763 00be 0B       		.uleb128 0xb
 764 00bf 00       		.byte	0
 765 00c0 00       		.byte	0
 766 00c1 10       		.uleb128 0x10
 767 00c2 2E       		.uleb128 0x2e
 768 00c3 00       		.byte	0
 769 00c4 3F       		.uleb128 0x3f
 770 00c5 19       		.uleb128 0x19
 771 00c6 03       		.uleb128 0x3
 772 00c7 0E       		.uleb128 0xe
 773 00c8 3A       		.uleb128 0x3a
 774 00c9 0B       		.uleb128 0xb
 775 00ca 3B       		.uleb128 0x3b
 776 00cb 0B       		.uleb128 0xb
 777 00cc 27       		.uleb128 0x27
 778 00cd 19       		.uleb128 0x19
 779 00ce 11       		.uleb128 0x11
 780 00cf 01       		.uleb128 0x1
 781 00d0 12       		.uleb128 0x12
 782 00d1 06       		.uleb128 0x6
 783 00d2 40       		.uleb128 0x40
 784 00d3 18       		.uleb128 0x18
 785 00d4 9742     		.uleb128 0x2117
 786 00d6 19       		.uleb128 0x19
ARM GAS  C:\Users\Terence\AppData\Local\Temp\cc1hi0St.s 			page 23


 787 00d7 00       		.byte	0
 788 00d8 00       		.byte	0
 789 00d9 11       		.uleb128 0x11
 790 00da 2E       		.uleb128 0x2e
 791 00db 01       		.byte	0x1
 792 00dc 3F       		.uleb128 0x3f
 793 00dd 19       		.uleb128 0x19
 794 00de 03       		.uleb128 0x3
 795 00df 0E       		.uleb128 0xe
 796 00e0 3A       		.uleb128 0x3a
 797 00e1 0B       		.uleb128 0xb
 798 00e2 3B       		.uleb128 0x3b
 799 00e3 0B       		.uleb128 0xb
 800 00e4 27       		.uleb128 0x27
 801 00e5 19       		.uleb128 0x19
 802 00e6 11       		.uleb128 0x11
 803 00e7 01       		.uleb128 0x1
 804 00e8 12       		.uleb128 0x12
 805 00e9 06       		.uleb128 0x6
 806 00ea 40       		.uleb128 0x40
 807 00eb 18       		.uleb128 0x18
 808 00ec 9742     		.uleb128 0x2117
 809 00ee 19       		.uleb128 0x19
 810 00ef 01       		.uleb128 0x1
 811 00f0 13       		.uleb128 0x13
 812 00f1 00       		.byte	0
 813 00f2 00       		.byte	0
 814 00f3 12       		.uleb128 0x12
 815 00f4 05       		.uleb128 0x5
 816 00f5 00       		.byte	0
 817 00f6 03       		.uleb128 0x3
 818 00f7 0E       		.uleb128 0xe
 819 00f8 3A       		.uleb128 0x3a
 820 00f9 0B       		.uleb128 0xb
 821 00fa 3B       		.uleb128 0x3b
 822 00fb 0B       		.uleb128 0xb
 823 00fc 49       		.uleb128 0x49
 824 00fd 13       		.uleb128 0x13
 825 00fe 02       		.uleb128 0x2
 826 00ff 17       		.uleb128 0x17
 827 0100 00       		.byte	0
 828 0101 00       		.byte	0
 829 0102 13       		.uleb128 0x13
 830 0103 1D       		.uleb128 0x1d
 831 0104 01       		.byte	0x1
 832 0105 31       		.uleb128 0x31
 833 0106 13       		.uleb128 0x13
 834 0107 11       		.uleb128 0x11
 835 0108 01       		.uleb128 0x1
 836 0109 12       		.uleb128 0x12
 837 010a 06       		.uleb128 0x6
 838 010b 58       		.uleb128 0x58
 839 010c 0B       		.uleb128 0xb
 840 010d 59       		.uleb128 0x59
 841 010e 0B       		.uleb128 0xb
 842 010f 01       		.uleb128 0x1
 843 0110 13       		.uleb128 0x13
ARM GAS  C:\Users\Terence\AppData\Local\Temp\cc1hi0St.s 			page 24


 844 0111 00       		.byte	0
 845 0112 00       		.byte	0
 846 0113 14       		.uleb128 0x14
 847 0114 05       		.uleb128 0x5
 848 0115 00       		.byte	0
 849 0116 31       		.uleb128 0x31
 850 0117 13       		.uleb128 0x13
 851 0118 02       		.uleb128 0x2
 852 0119 17       		.uleb128 0x17
 853 011a 00       		.byte	0
 854 011b 00       		.byte	0
 855 011c 15       		.uleb128 0x15
 856 011d 05       		.uleb128 0x5
 857 011e 00       		.byte	0
 858 011f 31       		.uleb128 0x31
 859 0120 13       		.uleb128 0x13
 860 0121 1C       		.uleb128 0x1c
 861 0122 0B       		.uleb128 0xb
 862 0123 00       		.byte	0
 863 0124 00       		.byte	0
 864 0125 16       		.uleb128 0x16
 865 0126 898201   		.uleb128 0x4109
 866 0129 01       		.byte	0x1
 867 012a 11       		.uleb128 0x11
 868 012b 01       		.uleb128 0x1
 869 012c 31       		.uleb128 0x31
 870 012d 13       		.uleb128 0x13
 871 012e 00       		.byte	0
 872 012f 00       		.byte	0
 873 0130 17       		.uleb128 0x17
 874 0131 8A8201   		.uleb128 0x410a
 875 0134 00       		.byte	0
 876 0135 02       		.uleb128 0x2
 877 0136 18       		.uleb128 0x18
 878 0137 9142     		.uleb128 0x2111
 879 0139 18       		.uleb128 0x18
 880 013a 00       		.byte	0
 881 013b 00       		.byte	0
 882 013c 18       		.uleb128 0x18
 883 013d 898201   		.uleb128 0x4109
 884 0140 00       		.byte	0
 885 0141 11       		.uleb128 0x11
 886 0142 01       		.uleb128 0x1
 887 0143 31       		.uleb128 0x31
 888 0144 13       		.uleb128 0x13
 889 0145 00       		.byte	0
 890 0146 00       		.byte	0
 891 0147 19       		.uleb128 0x19
 892 0148 34       		.uleb128 0x34
 893 0149 00       		.byte	0
 894 014a 03       		.uleb128 0x3
 895 014b 0E       		.uleb128 0xe
 896 014c 3A       		.uleb128 0x3a
 897 014d 0B       		.uleb128 0xb
 898 014e 3B       		.uleb128 0x3b
 899 014f 0B       		.uleb128 0xb
 900 0150 49       		.uleb128 0x49
ARM GAS  C:\Users\Terence\AppData\Local\Temp\cc1hi0St.s 			page 25


 901 0151 13       		.uleb128 0x13
 902 0152 3F       		.uleb128 0x3f
 903 0153 19       		.uleb128 0x19
 904 0154 02       		.uleb128 0x2
 905 0155 18       		.uleb128 0x18
 906 0156 00       		.byte	0
 907 0157 00       		.byte	0
 908 0158 1A       		.uleb128 0x1a
 909 0159 2E       		.uleb128 0x2e
 910 015a 01       		.byte	0x1
 911 015b 3F       		.uleb128 0x3f
 912 015c 19       		.uleb128 0x19
 913 015d 03       		.uleb128 0x3
 914 015e 0E       		.uleb128 0xe
 915 015f 3A       		.uleb128 0x3a
 916 0160 0B       		.uleb128 0xb
 917 0161 3B       		.uleb128 0x3b
 918 0162 0B       		.uleb128 0xb
 919 0163 27       		.uleb128 0x27
 920 0164 19       		.uleb128 0x19
 921 0165 3C       		.uleb128 0x3c
 922 0166 19       		.uleb128 0x19
 923 0167 01       		.uleb128 0x1
 924 0168 13       		.uleb128 0x13
 925 0169 00       		.byte	0
 926 016a 00       		.byte	0
 927 016b 1B       		.uleb128 0x1b
 928 016c 05       		.uleb128 0x5
 929 016d 00       		.byte	0
 930 016e 49       		.uleb128 0x49
 931 016f 13       		.uleb128 0x13
 932 0170 00       		.byte	0
 933 0171 00       		.byte	0
 934 0172 1C       		.uleb128 0x1c
 935 0173 2E       		.uleb128 0x2e
 936 0174 00       		.byte	0
 937 0175 3F       		.uleb128 0x3f
 938 0176 19       		.uleb128 0x19
 939 0177 03       		.uleb128 0x3
 940 0178 0E       		.uleb128 0xe
 941 0179 3A       		.uleb128 0x3a
 942 017a 0B       		.uleb128 0xb
 943 017b 3B       		.uleb128 0x3b
 944 017c 0B       		.uleb128 0xb
 945 017d 27       		.uleb128 0x27
 946 017e 19       		.uleb128 0x19
 947 017f 3C       		.uleb128 0x3c
 948 0180 19       		.uleb128 0x19
 949 0181 00       		.byte	0
 950 0182 00       		.byte	0
 951 0183 00       		.byte	0
 952              		.section	.debug_loc,"",%progbits
 953              	.Ldebug_loc0:
 954              	.LLST0:
 955 0000 00000000 		.4byte	.LVL0
 956 0004 11000000 		.4byte	.LVL1-1
 957 0008 0100     		.2byte	0x1
ARM GAS  C:\Users\Terence\AppData\Local\Temp\cc1hi0St.s 			page 26


 958 000a 50       		.byte	0x50
 959 000b 11000000 		.4byte	.LVL1-1
 960 000f 3E000000 		.4byte	.LVL8
 961 0013 0100     		.2byte	0x1
 962 0015 55       		.byte	0x55
 963 0016 3E000000 		.4byte	.LVL8
 964 001a 44000000 		.4byte	.LFE32
 965 001e 0400     		.2byte	0x4
 966 0020 F3       		.byte	0xf3
 967 0021 01       		.uleb128 0x1
 968 0022 50       		.byte	0x50
 969 0023 9F       		.byte	0x9f
 970 0024 00000000 		.4byte	0
 971 0028 00000000 		.4byte	0
 972              	.LLST1:
 973 002c 00000000 		.4byte	.LVL0
 974 0030 11000000 		.4byte	.LVL1-1
 975 0034 0100     		.2byte	0x1
 976 0036 51       		.byte	0x51
 977 0037 11000000 		.4byte	.LVL1-1
 978 003b 3E000000 		.4byte	.LVL7
 979 003f 0100     		.2byte	0x1
 980 0041 54       		.byte	0x54
 981 0042 3E000000 		.4byte	.LVL7
 982 0046 44000000 		.4byte	.LFE32
 983 004a 0400     		.2byte	0x4
 984 004c F3       		.byte	0xf3
 985 004d 01       		.uleb128 0x1
 986 004e 51       		.byte	0x51
 987 004f 9F       		.byte	0x9f
 988 0050 00000000 		.4byte	0
 989 0054 00000000 		.4byte	0
 990              	.LLST2:
 991 0058 1C000000 		.4byte	.LVL2
 992 005c 3E000000 		.4byte	.LVL8
 993 0060 0100     		.2byte	0x1
 994 0062 55       		.byte	0x55
 995 0063 3E000000 		.4byte	.LVL8
 996 0067 44000000 		.4byte	.LFE32
 997 006b 0400     		.2byte	0x4
 998 006d F3       		.byte	0xf3
 999 006e 01       		.uleb128 0x1
 1000 006f 50       		.byte	0x50
 1001 0070 9F       		.byte	0x9f
 1002 0071 00000000 		.4byte	0
 1003 0075 00000000 		.4byte	0
 1004              	.LLST3:
 1005 0079 26000000 		.4byte	.LVL3
 1006 007d 3E000000 		.4byte	.LVL7
 1007 0081 0100     		.2byte	0x1
 1008 0083 54       		.byte	0x54
 1009 0084 3E000000 		.4byte	.LVL7
 1010 0088 44000000 		.4byte	.LFE32
 1011 008c 0400     		.2byte	0x4
 1012 008e F3       		.byte	0xf3
 1013 008f 01       		.uleb128 0x1
 1014 0090 51       		.byte	0x51
ARM GAS  C:\Users\Terence\AppData\Local\Temp\cc1hi0St.s 			page 27


 1015 0091 9F       		.byte	0x9f
 1016 0092 00000000 		.4byte	0
 1017 0096 00000000 		.4byte	0
 1018              		.section	.debug_aranges,"",%progbits
 1019 0000 24000000 		.4byte	0x24
 1020 0004 0200     		.2byte	0x2
 1021 0006 00000000 		.4byte	.Ldebug_info0
 1022 000a 04       		.byte	0x4
 1023 000b 00       		.byte	0
 1024 000c 0000     		.2byte	0
 1025 000e 0000     		.2byte	0
 1026 0010 00000000 		.4byte	.LFB33
 1027 0014 1C000000 		.4byte	.LFE33-.LFB33
 1028 0018 00000000 		.4byte	.LFB32
 1029 001c 44000000 		.4byte	.LFE32-.LFB32
 1030 0020 00000000 		.4byte	0
 1031 0024 00000000 		.4byte	0
 1032              		.section	.debug_ranges,"",%progbits
 1033              	.Ldebug_ranges0:
 1034 0000 00000000 		.4byte	.LFB33
 1035 0004 1C000000 		.4byte	.LFE33
 1036 0008 00000000 		.4byte	.LFB32
 1037 000c 44000000 		.4byte	.LFE32
 1038 0010 00000000 		.4byte	0
 1039 0014 00000000 		.4byte	0
 1040              		.section	.debug_line,"",%progbits
 1041              	.Ldebug_line0:
 1042 0000 9D000000 		.section	.debug_str,"MS",%progbits,1
 1042      02005A00 
 1042      00000201 
 1042      FB0E0D00 
 1042      01010101 
 1043              	.LASF24:
 1044 0000 64737441 		.ascii	"dstAddress\000"
 1044      64647265 
 1044      737300
 1045              	.LASF28:
 1046 000b 4379446D 		.ascii	"CyDmaValidateDescriptor\000"
 1046      6156616C 
 1046      69646174 
 1046      65446573 
 1046      63726970 
 1047              	.LASF26:
 1048 0023 4379446D 		.ascii	"CyDmaSetSrcAddress\000"
 1048      61536574 
 1048      53726341 
 1048      64647265 
 1048      737300
 1049              	.LASF2:
 1050 0036 73686F72 		.ascii	"short int\000"
 1050      7420696E 
 1050      7400
 1051              	.LASF23:
 1052 0040 5478444D 		.ascii	"TxDMA_SetDstAddress\000"
 1052      415F5365 
 1052      74447374 
 1052      41646472 
ARM GAS  C:\Users\Terence\AppData\Local\Temp\cc1hi0St.s 			page 28


 1052      65737300 
 1053              	.LASF15:
 1054 0054 73697A65 		.ascii	"sizetype\000"
 1054      74797065 
 1054      00
 1055              	.LASF22:
 1056 005d 5478444D 		.ascii	"TxDMA_SetSrcAddress\000"
 1056      415F5365 
 1056      74537263 
 1056      41646472 
 1056      65737300 
 1057              	.LASF16:
 1058 0071 6379646D 		.ascii	"cydma_channel_ctl_struct\000"
 1058      615F6368 
 1058      616E6E65 
 1058      6C5F6374 
 1058      6C5F7374 
 1059              	.LASF9:
 1060 008a 75696E74 		.ascii	"uint8\000"
 1060      3800
 1061              	.LASF34:
 1062 0090 5478444D 		.ascii	"TxDMA_Init\000"
 1062      415F496E 
 1062      697400
 1063              	.LASF12:
 1064 009b 666C6F61 		.ascii	"float\000"
 1064      7400
 1065              	.LASF6:
 1066 00a1 6C6F6E67 		.ascii	"long long int\000"
 1066      206C6F6E 
 1066      6720696E 
 1066      7400
 1067              	.LASF4:
 1068 00af 6C6F6E67 		.ascii	"long int\000"
 1068      20696E74 
 1068      00
 1069              	.LASF27:
 1070 00b8 4379446D 		.ascii	"CyDmaSetDstAddress\000"
 1070      61536574 
 1070      44737441 
 1070      64647265 
 1070      737300
 1071              	.LASF30:
 1072 00cb 474E5520 		.ascii	"GNU C 4.9.3 20150303 (release) [ARM/embedded-4_9-br"
 1072      4320342E 
 1072      392E3320 
 1072      32303135 
 1072      30333033 
 1073 00fe 616E6368 		.ascii	"anch revision 221220] -mcpu=cortex-m0 -mthumb -g -O"
 1073      20726576 
 1073      6973696F 
 1073      6E203232 
 1073      31323230 
 1074 0131 67202D66 		.ascii	"g -ffunction-sections -ffat-lto-objects\000"
 1074      66756E63 
 1074      74696F6E 
 1074      2D736563 
ARM GAS  C:\Users\Terence\AppData\Local\Temp\cc1hi0St.s 			page 29


 1074      74696F6E 
 1075              	.LASF1:
 1076 0159 756E7369 		.ascii	"unsigned char\000"
 1076      676E6564 
 1076      20636861 
 1076      7200
 1077              	.LASF0:
 1078 0167 7369676E 		.ascii	"signed char\000"
 1078      65642063 
 1078      68617200 
 1079              	.LASF7:
 1080 0173 6C6F6E67 		.ascii	"long long unsigned int\000"
 1080      206C6F6E 
 1080      6720756E 
 1080      7369676E 
 1080      65642069 
 1081              	.LASF8:
 1082 018a 756E7369 		.ascii	"unsigned int\000"
 1082      676E6564 
 1082      20696E74 
 1082      00
 1083              	.LASF35:
 1084 0197 5478444D 		.ascii	"TxDMA_Start\000"
 1084      415F5374 
 1084      61727400 
 1085              	.LASF3:
 1086 01a3 73686F72 		.ascii	"short unsigned int\000"
 1086      7420756E 
 1086      7369676E 
 1086      65642069 
 1086      6E7400
 1087              	.LASF17:
 1088 01b6 73746174 		.ascii	"status\000"
 1088      757300
 1089              	.LASF20:
 1090 01bd 6379646D 		.ascii	"cydma_descriptor_ram_struct\000"
 1090      615F6465 
 1090      73637269 
 1090      70746F72 
 1090      5F72616D 
 1091              	.LASF14:
 1092 01d9 63686172 		.ascii	"char\000"
 1092      00
 1093              	.LASF18:
 1094 01de 6379646D 		.ascii	"cydma_descriptor_struct\000"
 1094      615F6465 
 1094      73637269 
 1094      70746F72 
 1094      5F737472 
 1095              	.LASF32:
 1096 01f6 433A5C50 		.ascii	"C:\\Program Files (x86)\\Cypress\\CY8CKIT-046 PSoC "
 1096      726F6772 
 1096      616D2046 
 1096      696C6573 
 1096      20287838 
 1097 0226 34204C2D 		.ascii	"4 L-Series Pioneer Kit\\1.0\\Firmware\\PSoC 4200L\\"
 1097      53657269 
ARM GAS  C:\Users\Terence\AppData\Local\Temp\cc1hi0St.s 			page 30


 1097      65732050 
 1097      696F6E65 
 1097      6572204B 
 1098 0255 43593843 		.ascii	"CY8CKIT_046_USB_Audio\\CY8CKIT_046_USB_Audio.cydsn\000"
 1098      4B49545F 
 1098      3034365F 
 1098      5553425F 
 1098      41756469 
 1099              	.LASF21:
 1100 0287 73726341 		.ascii	"srcAddress\000"
 1100      64647265 
 1100      737300
 1101              	.LASF10:
 1102 0292 75696E74 		.ascii	"uint32\000"
 1102      333200
 1103              	.LASF5:
 1104 0299 6C6F6E67 		.ascii	"long unsigned int\000"
 1104      20756E73 
 1104      69676E65 
 1104      6420696E 
 1104      7400
 1105              	.LASF11:
 1106 02ab 696E7433 		.ascii	"int32\000"
 1106      3200
 1107              	.LASF13:
 1108 02b1 646F7562 		.ascii	"double\000"
 1108      6C6500
 1109              	.LASF33:
 1110 02b8 5478444D 		.ascii	"TxDMA_ChEnable\000"
 1110      415F4368 
 1110      456E6162 
 1110      6C6500
 1111              	.LASF25:
 1112 02c7 5478444D 		.ascii	"TxDMA_ValidateDescriptor\000"
 1112      415F5661 
 1112      6C696461 
 1112      74654465 
 1112      73637269 
 1113              	.LASF31:
 1114 02e0 2E5C4765 		.ascii	".\\Generated_Source\\PSoC4\\TxDMA.c\000"
 1114      6E657261 
 1114      7465645F 
 1114      536F7572 
 1114      63655C50 
 1115              	.LASF29:
 1116 0301 4379446D 		.ascii	"CyDmaChEnable\000"
 1116      61436845 
 1116      6E61626C 
 1116      6500
 1117              	.LASF37:
 1118 030f 4379446D 		.ascii	"CyDmaEnable\000"
 1118      61456E61 
 1118      626C6500 
 1119              	.LASF36:
 1120 031b 5478444D 		.ascii	"TxDMA_initVar\000"
 1120      415F696E 
 1120      69745661 
ARM GAS  C:\Users\Terence\AppData\Local\Temp\cc1hi0St.s 			page 31


 1120      7200
 1121              	.LASF19:
 1122 0329 64657363 		.ascii	"descriptor\000"
 1122      72697074 
 1122      6F7200
 1123              		.ident	"GCC: (GNU Tools for ARM Embedded Processors) 4.9.3 20150303 (release) [ARM/embedded-4_9-br
