ARM GAS  C:\Users\Terence\AppData\Local\Temp\cc4BYEG7.s 			page 1


   1              		.cpu cortex-m0
   2              		.fpu softvfp
   3              		.eabi_attribute 20, 1
   4              		.eabi_attribute 21, 1
   5              		.eabi_attribute 23, 3
   6              		.eabi_attribute 24, 1
   7              		.eabi_attribute 25, 1
   8              		.eabi_attribute 26, 1
   9              		.eabi_attribute 30, 1
  10              		.eabi_attribute 34, 0
  11              		.eabi_attribute 18, 4
  12              		.code	16
  13              		.file	"USBFS_ep1_dma.c"
  14              		.text
  15              	.Ltext0:
  16              		.cfi_sections	.debug_frame
  17              		.section	.text.USBFS_ep1_dma_Init,"ax",%progbits
  18              		.align	2
  19              		.global	USBFS_ep1_dma_Init
  20              		.code	16
  21              		.thumb_func
  22              		.type	USBFS_ep1_dma_Init, %function
  23              	USBFS_ep1_dma_Init:
  24              	.LFB33:
  25              		.file 1 ".\\Generated_Source\\PSoC4\\USBFS_ep1_dma.c"
   1:.\Generated_Source\PSoC4/USBFS_ep1_dma.c **** /*******************************************************************************
   2:.\Generated_Source\PSoC4/USBFS_ep1_dma.c **** * File Name: USBFS_ep1_dma.h
   3:.\Generated_Source\PSoC4/USBFS_ep1_dma.c **** * Version 1.0
   4:.\Generated_Source\PSoC4/USBFS_ep1_dma.c **** *
   5:.\Generated_Source\PSoC4/USBFS_ep1_dma.c **** * Description:
   6:.\Generated_Source\PSoC4/USBFS_ep1_dma.c **** *  This file contains all of the channel DMA API functions.
   7:.\Generated_Source\PSoC4/USBFS_ep1_dma.c **** *
   8:.\Generated_Source\PSoC4/USBFS_ep1_dma.c **** ********************************************************************************
   9:.\Generated_Source\PSoC4/USBFS_ep1_dma.c **** * Copyright 2015, Cypress Semiconductor Corporation. All rights reserved.
  10:.\Generated_Source\PSoC4/USBFS_ep1_dma.c **** * You may use this file only in accordance with the license, terms, conditions,
  11:.\Generated_Source\PSoC4/USBFS_ep1_dma.c **** * disclaimers, and limitations in the end user license agreement accompanying
  12:.\Generated_Source\PSoC4/USBFS_ep1_dma.c **** * the software package with which this file was provided.
  13:.\Generated_Source\PSoC4/USBFS_ep1_dma.c **** *******************************************************************************/
  14:.\Generated_Source\PSoC4/USBFS_ep1_dma.c **** 
  15:.\Generated_Source\PSoC4/USBFS_ep1_dma.c **** #include "USBFS_ep1_dma.h"
  16:.\Generated_Source\PSoC4/USBFS_ep1_dma.c **** 
  17:.\Generated_Source\PSoC4/USBFS_ep1_dma.c **** uint8 USBFS_ep1_dma_initVar = 0u;
  18:.\Generated_Source\PSoC4/USBFS_ep1_dma.c **** 
  19:.\Generated_Source\PSoC4/USBFS_ep1_dma.c **** 
  20:.\Generated_Source\PSoC4/USBFS_ep1_dma.c **** /*******************************************************************************
  21:.\Generated_Source\PSoC4/USBFS_ep1_dma.c **** * Function Name: USBFS_ep1_dma_Start
  22:.\Generated_Source\PSoC4/USBFS_ep1_dma.c **** ********************************************************************************
  23:.\Generated_Source\PSoC4/USBFS_ep1_dma.c **** *
  24:.\Generated_Source\PSoC4/USBFS_ep1_dma.c **** * Summary:
  25:.\Generated_Source\PSoC4/USBFS_ep1_dma.c **** *  Calls Init() to configure the DMA channel based on the customizer settings if
  26:.\Generated_Source\PSoC4/USBFS_ep1_dma.c **** *  the channel has not been initialized before.
  27:.\Generated_Source\PSoC4/USBFS_ep1_dma.c **** *  Sets source and destination address, validates descriptor 0 and enables the
  28:.\Generated_Source\PSoC4/USBFS_ep1_dma.c **** *  channel. After calling this function the DMA channel is active and waiting
  29:.\Generated_Source\PSoC4/USBFS_ep1_dma.c **** *  for a trigger.
  30:.\Generated_Source\PSoC4/USBFS_ep1_dma.c **** *
  31:.\Generated_Source\PSoC4/USBFS_ep1_dma.c **** * Parameters:
  32:.\Generated_Source\PSoC4/USBFS_ep1_dma.c **** *  srcAddress: Address of DMA transfer source for descriptor 0.
ARM GAS  C:\Users\Terence\AppData\Local\Temp\cc4BYEG7.s 			page 2


  33:.\Generated_Source\PSoC4/USBFS_ep1_dma.c **** *  dstAddress: Address of DMA transfer destination for descriptor 0.
  34:.\Generated_Source\PSoC4/USBFS_ep1_dma.c **** *                   
  35:.\Generated_Source\PSoC4/USBFS_ep1_dma.c **** * Return:
  36:.\Generated_Source\PSoC4/USBFS_ep1_dma.c **** *  None.
  37:.\Generated_Source\PSoC4/USBFS_ep1_dma.c **** *
  38:.\Generated_Source\PSoC4/USBFS_ep1_dma.c **** *******************************************************************************/
  39:.\Generated_Source\PSoC4/USBFS_ep1_dma.c **** void USBFS_ep1_dma_Start(void * srcAddress, void * dstAddress)
  40:.\Generated_Source\PSoC4/USBFS_ep1_dma.c **** {
  41:.\Generated_Source\PSoC4/USBFS_ep1_dma.c ****     if(0u == USBFS_ep1_dma_initVar)
  42:.\Generated_Source\PSoC4/USBFS_ep1_dma.c ****     {
  43:.\Generated_Source\PSoC4/USBFS_ep1_dma.c ****         USBFS_ep1_dma_Init();
  44:.\Generated_Source\PSoC4/USBFS_ep1_dma.c ****         USBFS_ep1_dma_initVar = 1u;
  45:.\Generated_Source\PSoC4/USBFS_ep1_dma.c ****     }
  46:.\Generated_Source\PSoC4/USBFS_ep1_dma.c ****     CyDmaEnable();
  47:.\Generated_Source\PSoC4/USBFS_ep1_dma.c ****     USBFS_ep1_dma_SetSrcAddress(0, srcAddress);
  48:.\Generated_Source\PSoC4/USBFS_ep1_dma.c ****     USBFS_ep1_dma_SetDstAddress(0, dstAddress);
  49:.\Generated_Source\PSoC4/USBFS_ep1_dma.c ****     USBFS_ep1_dma_ValidateDescriptor(0);
  50:.\Generated_Source\PSoC4/USBFS_ep1_dma.c ****     USBFS_ep1_dma_ChEnable();
  51:.\Generated_Source\PSoC4/USBFS_ep1_dma.c **** }
  52:.\Generated_Source\PSoC4/USBFS_ep1_dma.c **** 
  53:.\Generated_Source\PSoC4/USBFS_ep1_dma.c **** 
  54:.\Generated_Source\PSoC4/USBFS_ep1_dma.c **** /*******************************************************************************
  55:.\Generated_Source\PSoC4/USBFS_ep1_dma.c **** * Function Name: USBFS_ep1_dma_Init
  56:.\Generated_Source\PSoC4/USBFS_ep1_dma.c **** ********************************************************************************
  57:.\Generated_Source\PSoC4/USBFS_ep1_dma.c **** *
  58:.\Generated_Source\PSoC4/USBFS_ep1_dma.c **** * Summary:
  59:.\Generated_Source\PSoC4/USBFS_ep1_dma.c **** *  Initializes the DMA channel based on the parameters set in the component
  60:.\Generated_Source\PSoC4/USBFS_ep1_dma.c **** *  customizer. It is not necessary to call USBFS_ep1_dma_Init() because the
  61:.\Generated_Source\PSoC4/USBFS_ep1_dma.c **** *  USBFS_ep1_dma_Start() API calls this function, which is the preferred method
  62:.\Generated_Source\PSoC4/USBFS_ep1_dma.c **** *  to begin component operation.
  63:.\Generated_Source\PSoC4/USBFS_ep1_dma.c **** *
  64:.\Generated_Source\PSoC4/USBFS_ep1_dma.c **** * Parameters:
  65:.\Generated_Source\PSoC4/USBFS_ep1_dma.c **** *  None.
  66:.\Generated_Source\PSoC4/USBFS_ep1_dma.c **** *                   
  67:.\Generated_Source\PSoC4/USBFS_ep1_dma.c **** * Return:
  68:.\Generated_Source\PSoC4/USBFS_ep1_dma.c **** *  None.
  69:.\Generated_Source\PSoC4/USBFS_ep1_dma.c **** *
  70:.\Generated_Source\PSoC4/USBFS_ep1_dma.c **** * Side effect:
  71:.\Generated_Source\PSoC4/USBFS_ep1_dma.c **** *  The first descriptor is set to descriptor 0. This function should not be
  72:.\Generated_Source\PSoC4/USBFS_ep1_dma.c **** *  called while the channel is enabled. All settings will be reset to their
  73:.\Generated_Source\PSoC4/USBFS_ep1_dma.c **** *  initial values.
  74:.\Generated_Source\PSoC4/USBFS_ep1_dma.c **** *
  75:.\Generated_Source\PSoC4/USBFS_ep1_dma.c **** *******************************************************************************/
  76:.\Generated_Source\PSoC4/USBFS_ep1_dma.c **** void USBFS_ep1_dma_Init(void)
  77:.\Generated_Source\PSoC4/USBFS_ep1_dma.c **** {
  26              		.loc 1 77 0
  27              		.cfi_startproc
  78:.\Generated_Source\PSoC4/USBFS_ep1_dma.c ****     CYDMA_CH_CTL_BASE.ctl[USBFS_ep1_dma_CHANNEL] = USBFS_ep1_dma_CHANNEL_CFG;
  28              		.loc 1 78 0
  29 0000 0022     		mov	r2, #0
  30 0002 054B     		ldr	r3, .L2
  31 0004 1A62     		str	r2, [r3, #32]
  79:.\Generated_Source\PSoC4/USBFS_ep1_dma.c ****     CYDMA_DESCR_BASE.descriptor[USBFS_ep1_dma_CHANNEL][0].ctl = USBFS_ep1_dma_DESCR0_CFG;
  32              		.loc 1 79 0
  33 0006 054B     		ldr	r3, .L2+4
  34 0008 0548     		ldr	r0, .L2+8
  35 000a 8421     		mov	r1, #132
ARM GAS  C:\Users\Terence\AppData\Local\Temp\cc4BYEG7.s 			page 3


  36 000c 4900     		lsl	r1, r1, #1
  37 000e 5850     		str	r0, [r3, r1]
  80:.\Generated_Source\PSoC4/USBFS_ep1_dma.c ****     CYDMA_DESCR_BASE.descriptor[USBFS_ep1_dma_CHANNEL][1].ctl = USBFS_ep1_dma_DESCR1_CFG;
  38              		.loc 1 80 0
  39 0010 1031     		add	r1, r1, #16
  40 0012 5A50     		str	r2, [r3, r1]
  81:.\Generated_Source\PSoC4/USBFS_ep1_dma.c **** 
  82:.\Generated_Source\PSoC4/USBFS_ep1_dma.c ****     /* If the Generate IRQ option is selected for descriptor 0 or 1, set the
  83:.\Generated_Source\PSoC4/USBFS_ep1_dma.c ****     * channel bit field in the DMA interrupt mask register.
  84:.\Generated_Source\PSoC4/USBFS_ep1_dma.c ****     */
  85:.\Generated_Source\PSoC4/USBFS_ep1_dma.c ****     #if (0u != ((USBFS_ep1_dma_DESCR0_CFG | USBFS_ep1_dma_DESCR1_CFG) & CYDMA_GENERATE_IRQ))
  86:.\Generated_Source\PSoC4/USBFS_ep1_dma.c ****         CYDMA_INTR_MASK_REG |= USBFS_ep1_dma_CHANNEL_MASK;
  87:.\Generated_Source\PSoC4/USBFS_ep1_dma.c ****     #endif /* (0u != ((USBFS_ep1_dma_DESCR0_CFG | USBFS_ep1_dma_DESCR1_CFG) & CYDMA_GENERATE_IRQ)) 
  88:.\Generated_Source\PSoC4/USBFS_ep1_dma.c **** }
  41              		.loc 1 88 0
  42              		@ sp needed
  43 0014 7047     		bx	lr
  44              	.L3:
  45 0016 C046     		.align	2
  46              	.L2:
  47 0018 80101040 		.word	1074794624
  48 001c 00181040 		.word	1074796544
  49 0020 00004044 		.word	1145044992
  50              		.cfi_endproc
  51              	.LFE33:
  52              		.size	USBFS_ep1_dma_Init, .-USBFS_ep1_dma_Init
  53              		.section	.text.USBFS_ep1_dma_Start,"ax",%progbits
  54              		.align	2
  55              		.global	USBFS_ep1_dma_Start
  56              		.code	16
  57              		.thumb_func
  58              		.type	USBFS_ep1_dma_Start, %function
  59              	USBFS_ep1_dma_Start:
  60              	.LFB32:
  40:.\Generated_Source\PSoC4/USBFS_ep1_dma.c ****     if(0u == USBFS_ep1_dma_initVar)
  61              		.loc 1 40 0
  62              		.cfi_startproc
  63              	.LVL0:
  64 0000 38B5     		push	{r3, r4, r5, lr}
  65              		.cfi_def_cfa_offset 16
  66              		.cfi_offset 3, -16
  67              		.cfi_offset 4, -12
  68              		.cfi_offset 5, -8
  69              		.cfi_offset 14, -4
  70 0002 051C     		mov	r5, r0
  71 0004 0C1C     		mov	r4, r1
  41:.\Generated_Source\PSoC4/USBFS_ep1_dma.c ****     {
  72              		.loc 1 41 0
  73 0006 0E4B     		ldr	r3, .L6
  74 0008 1B78     		ldrb	r3, [r3]
  75 000a 002B     		cmp	r3, #0
  76 000c 04D1     		bne	.L5
  43:.\Generated_Source\PSoC4/USBFS_ep1_dma.c ****         USBFS_ep1_dma_initVar = 1u;
  77              		.loc 1 43 0
  78 000e FFF7FEFF 		bl	USBFS_ep1_dma_Init
  79              	.LVL1:
  44:.\Generated_Source\PSoC4/USBFS_ep1_dma.c ****     }
ARM GAS  C:\Users\Terence\AppData\Local\Temp\cc4BYEG7.s 			page 4


  80              		.loc 1 44 0
  81 0012 0122     		mov	r2, #1
  82 0014 0A4B     		ldr	r3, .L6
  83 0016 1A70     		strb	r2, [r3]
  84              	.L5:
  46:.\Generated_Source\PSoC4/USBFS_ep1_dma.c ****     USBFS_ep1_dma_SetSrcAddress(0, srcAddress);
  85              		.loc 1 46 0
  86 0018 FFF7FEFF 		bl	CyDmaEnable
  87              	.LVL2:
  88              	.LBB10:
  89              	.LBB11:
  90              		.file 2 ".\\Generated_Source\\PSoC4\\USBFS_ep1_dma.h"
   1:.\Generated_Source\PSoC4/USBFS_ep1_dma.h **** /*******************************************************************************
   2:.\Generated_Source\PSoC4/USBFS_ep1_dma.h **** * File Name: USBFS_ep1_dma.h
   3:.\Generated_Source\PSoC4/USBFS_ep1_dma.h **** * Version 1.0
   4:.\Generated_Source\PSoC4/USBFS_ep1_dma.h **** *
   5:.\Generated_Source\PSoC4/USBFS_ep1_dma.h **** * Description:
   6:.\Generated_Source\PSoC4/USBFS_ep1_dma.h **** *  This file provides DMA channel defines and API function definitions.
   7:.\Generated_Source\PSoC4/USBFS_ep1_dma.h **** *
   8:.\Generated_Source\PSoC4/USBFS_ep1_dma.h **** ********************************************************************************
   9:.\Generated_Source\PSoC4/USBFS_ep1_dma.h **** * Copyright 2015, Cypress Semiconductor Corporation. All rights reserved.
  10:.\Generated_Source\PSoC4/USBFS_ep1_dma.h **** * You may use this file only in accordance with the license, terms, conditions,
  11:.\Generated_Source\PSoC4/USBFS_ep1_dma.h **** * disclaimers, and limitations in the end user license agreement accompanying
  12:.\Generated_Source\PSoC4/USBFS_ep1_dma.h **** * the software package with which this file was provided.
  13:.\Generated_Source\PSoC4/USBFS_ep1_dma.h **** *******************************************************************************/
  14:.\Generated_Source\PSoC4/USBFS_ep1_dma.h **** 
  15:.\Generated_Source\PSoC4/USBFS_ep1_dma.h **** #ifndef CY_DMA_CHANNEL_USBFS_ep1_dma_H
  16:.\Generated_Source\PSoC4/USBFS_ep1_dma.h **** #define CY_DMA_CHANNEL_USBFS_ep1_dma_H
  17:.\Generated_Source\PSoC4/USBFS_ep1_dma.h **** 
  18:.\Generated_Source\PSoC4/USBFS_ep1_dma.h **** #include "CyDMA.h"
  19:.\Generated_Source\PSoC4/USBFS_ep1_dma.h **** 
  20:.\Generated_Source\PSoC4/USBFS_ep1_dma.h ****     
  21:.\Generated_Source\PSoC4/USBFS_ep1_dma.h **** /***************************************
  22:.\Generated_Source\PSoC4/USBFS_ep1_dma.h **** *   Conditional Compilation Parameters
  23:.\Generated_Source\PSoC4/USBFS_ep1_dma.h **** ***************************************/
  24:.\Generated_Source\PSoC4/USBFS_ep1_dma.h **** 
  25:.\Generated_Source\PSoC4/USBFS_ep1_dma.h **** #define USBFS_ep1_dma_CHANNEL           (USBFS_ep1_dma__CHANNEL_NUMBER)
  26:.\Generated_Source\PSoC4/USBFS_ep1_dma.h **** #define USBFS_ep1_dma_CHANNEL_MASK      ((uint32)(1UL << USBFS_ep1_dma_CHANNEL))
  27:.\Generated_Source\PSoC4/USBFS_ep1_dma.h **** 
  28:.\Generated_Source\PSoC4/USBFS_ep1_dma.h **** 
  29:.\Generated_Source\PSoC4/USBFS_ep1_dma.h **** /***************************************
  30:.\Generated_Source\PSoC4/USBFS_ep1_dma.h **** *        Function Prototypes
  31:.\Generated_Source\PSoC4/USBFS_ep1_dma.h **** ***************************************/
  32:.\Generated_Source\PSoC4/USBFS_ep1_dma.h **** 
  33:.\Generated_Source\PSoC4/USBFS_ep1_dma.h **** /* Functions specific to this DMA channel */
  34:.\Generated_Source\PSoC4/USBFS_ep1_dma.h **** void USBFS_ep1_dma_Init(void);
  35:.\Generated_Source\PSoC4/USBFS_ep1_dma.h **** void USBFS_ep1_dma_Start(void * srcAddress, void * dstAddress);
  36:.\Generated_Source\PSoC4/USBFS_ep1_dma.h **** 
  37:.\Generated_Source\PSoC4/USBFS_ep1_dma.h **** /* Inline functions that call global API functions */
  38:.\Generated_Source\PSoC4/USBFS_ep1_dma.h **** static void   USBFS_ep1_dma_ChEnable(void);
  39:.\Generated_Source\PSoC4/USBFS_ep1_dma.h **** static void   USBFS_ep1_dma_ChDisable(void);
  40:.\Generated_Source\PSoC4/USBFS_ep1_dma.h **** static void   USBFS_ep1_dma_Trigger(void);
  41:.\Generated_Source\PSoC4/USBFS_ep1_dma.h **** static void   USBFS_ep1_dma_SetPriority(int32 priority);
  42:.\Generated_Source\PSoC4/USBFS_ep1_dma.h **** static int32  USBFS_ep1_dma_GetPriority(void);
  43:.\Generated_Source\PSoC4/USBFS_ep1_dma.h **** static void   USBFS_ep1_dma_SetNextDescriptor(int32 descriptor);
  44:.\Generated_Source\PSoC4/USBFS_ep1_dma.h **** static int32  USBFS_ep1_dma_GetNextDescriptor(void);
  45:.\Generated_Source\PSoC4/USBFS_ep1_dma.h **** static void   USBFS_ep1_dma_SetConfiguration(int32 descriptor, const cydma_init_struct * config);
ARM GAS  C:\Users\Terence\AppData\Local\Temp\cc4BYEG7.s 			page 5


  46:.\Generated_Source\PSoC4/USBFS_ep1_dma.h **** static void   USBFS_ep1_dma_ValidateDescriptor(int32 descriptor);
  47:.\Generated_Source\PSoC4/USBFS_ep1_dma.h **** static uint32 USBFS_ep1_dma_GetDescriptorStatus(int32 descriptor);
  48:.\Generated_Source\PSoC4/USBFS_ep1_dma.h **** static void   USBFS_ep1_dma_SetSrcAddress(int32 descriptor, void * srcAddress);
  49:.\Generated_Source\PSoC4/USBFS_ep1_dma.h **** static void * USBFS_ep1_dma_GetSrcAddress(int32 descriptor);
  50:.\Generated_Source\PSoC4/USBFS_ep1_dma.h **** static void   USBFS_ep1_dma_SetDstAddress(int32 descriptor, void * dstAddress);
  51:.\Generated_Source\PSoC4/USBFS_ep1_dma.h **** static void * USBFS_ep1_dma_GetDstAddress(int32 descriptor);
  52:.\Generated_Source\PSoC4/USBFS_ep1_dma.h **** static void   USBFS_ep1_dma_SetDataElementSize(int32 descriptor, uint32 dataElementSize);
  53:.\Generated_Source\PSoC4/USBFS_ep1_dma.h **** static uint32 USBFS_ep1_dma_GetDataElementSize(int32 descriptor);
  54:.\Generated_Source\PSoC4/USBFS_ep1_dma.h **** static void   USBFS_ep1_dma_SetNumDataElements(int32 descriptor, int32 numDataElements);
  55:.\Generated_Source\PSoC4/USBFS_ep1_dma.h **** static int32  USBFS_ep1_dma_GetNumDataElements(int32 descriptor);
  56:.\Generated_Source\PSoC4/USBFS_ep1_dma.h **** static void   USBFS_ep1_dma_SetSrcDstTransferWidth(int32 descriptor, uint32 transferWidth);
  57:.\Generated_Source\PSoC4/USBFS_ep1_dma.h **** static uint32 USBFS_ep1_dma_GetSrcDstTransferWidth(int32 descriptor);
  58:.\Generated_Source\PSoC4/USBFS_ep1_dma.h **** static void   USBFS_ep1_dma_SetAddressIncrement(int32 descriptor, uint32 addressIncrement);
  59:.\Generated_Source\PSoC4/USBFS_ep1_dma.h **** static uint32 USBFS_ep1_dma_GetAddressIncrement(int32 descriptor);
  60:.\Generated_Source\PSoC4/USBFS_ep1_dma.h **** static void   USBFS_ep1_dma_SetTriggerType(int32 descriptor, uint32 triggerType);
  61:.\Generated_Source\PSoC4/USBFS_ep1_dma.h **** static uint32 USBFS_ep1_dma_GetTriggerType(int32 descriptor);
  62:.\Generated_Source\PSoC4/USBFS_ep1_dma.h **** static void   USBFS_ep1_dma_SetTransferMode(int32 descriptor, uint32 transferMode);
  63:.\Generated_Source\PSoC4/USBFS_ep1_dma.h **** static uint32 USBFS_ep1_dma_GetTransferMode(int32 descriptor);
  64:.\Generated_Source\PSoC4/USBFS_ep1_dma.h **** static void   USBFS_ep1_dma_SetPreemptable(int32 descriptor, uint32 preemptable);
  65:.\Generated_Source\PSoC4/USBFS_ep1_dma.h **** static uint32 USBFS_ep1_dma_GetPreemptable(int32 descriptor);
  66:.\Generated_Source\PSoC4/USBFS_ep1_dma.h **** static void   USBFS_ep1_dma_SetPostCompletionActions(int32 descriptor, uint32 actions);
  67:.\Generated_Source\PSoC4/USBFS_ep1_dma.h **** static uint32 USBFS_ep1_dma_GetPostCompletionAction(int32 descriptor);
  68:.\Generated_Source\PSoC4/USBFS_ep1_dma.h **** static cydma_callback_t USBFS_ep1_dma_SetInterruptCallback(cydma_callback_t callback);
  69:.\Generated_Source\PSoC4/USBFS_ep1_dma.h **** static cydma_callback_t USBFS_ep1_dma_GetInterruptCallback(void);
  70:.\Generated_Source\PSoC4/USBFS_ep1_dma.h **** 
  71:.\Generated_Source\PSoC4/USBFS_ep1_dma.h **** 
  72:.\Generated_Source\PSoC4/USBFS_ep1_dma.h **** /*******************************************************************************
  73:.\Generated_Source\PSoC4/USBFS_ep1_dma.h **** * Function Name: USBFS_ep1_dma_ChEnable
  74:.\Generated_Source\PSoC4/USBFS_ep1_dma.h **** ********************************************************************************
  75:.\Generated_Source\PSoC4/USBFS_ep1_dma.h **** *
  76:.\Generated_Source\PSoC4/USBFS_ep1_dma.h **** * Summary:
  77:.\Generated_Source\PSoC4/USBFS_ep1_dma.h **** *  Enables the DMA channel. It is not necessary to call USBFS_ep1_dma_ChEnable()
  78:.\Generated_Source\PSoC4/USBFS_ep1_dma.h **** *  because the USBFS_ep1_dma_Start() API calls this function, which is the
  79:.\Generated_Source\PSoC4/USBFS_ep1_dma.h **** *  preferred method to begin the component operation.
  80:.\Generated_Source\PSoC4/USBFS_ep1_dma.h **** *
  81:.\Generated_Source\PSoC4/USBFS_ep1_dma.h **** * Parameters:
  82:.\Generated_Source\PSoC4/USBFS_ep1_dma.h **** *  None.
  83:.\Generated_Source\PSoC4/USBFS_ep1_dma.h **** *                   
  84:.\Generated_Source\PSoC4/USBFS_ep1_dma.h **** * Return:
  85:.\Generated_Source\PSoC4/USBFS_ep1_dma.h **** *  None.
  86:.\Generated_Source\PSoC4/USBFS_ep1_dma.h **** *
  87:.\Generated_Source\PSoC4/USBFS_ep1_dma.h **** * Side effect:
  88:.\Generated_Source\PSoC4/USBFS_ep1_dma.h **** *  If this function is called before USBFS_ep1_dma_Start(), or USBFS_ep1_dma_Init()
  89:.\Generated_Source\PSoC4/USBFS_ep1_dma.h **** *  or USBFS_ep1_dma_SetConfiguration(), and USBFS_ep1_dma_SetSrcAddress()
  90:.\Generated_Source\PSoC4/USBFS_ep1_dma.h **** *  and USBFS_ep1_dma_SetDstAddress the operation of the DMA is 
  91:.\Generated_Source\PSoC4/USBFS_ep1_dma.h **** *  undefined and could result in system data corruption. 
  92:.\Generated_Source\PSoC4/USBFS_ep1_dma.h **** *
  93:.\Generated_Source\PSoC4/USBFS_ep1_dma.h **** *******************************************************************************/
  94:.\Generated_Source\PSoC4/USBFS_ep1_dma.h **** static CY_INLINE void USBFS_ep1_dma_ChEnable(void)
  95:.\Generated_Source\PSoC4/USBFS_ep1_dma.h **** {
  96:.\Generated_Source\PSoC4/USBFS_ep1_dma.h ****     CyDmaChEnable(USBFS_ep1_dma_CHANNEL);
  97:.\Generated_Source\PSoC4/USBFS_ep1_dma.h **** }
  98:.\Generated_Source\PSoC4/USBFS_ep1_dma.h **** 
  99:.\Generated_Source\PSoC4/USBFS_ep1_dma.h **** 
 100:.\Generated_Source\PSoC4/USBFS_ep1_dma.h **** /*******************************************************************************
 101:.\Generated_Source\PSoC4/USBFS_ep1_dma.h **** * Function Name: USBFS_ep1_dma_ChDisable
 102:.\Generated_Source\PSoC4/USBFS_ep1_dma.h **** ********************************************************************************
ARM GAS  C:\Users\Terence\AppData\Local\Temp\cc4BYEG7.s 			page 6


 103:.\Generated_Source\PSoC4/USBFS_ep1_dma.h **** *
 104:.\Generated_Source\PSoC4/USBFS_ep1_dma.h **** * Summary:
 105:.\Generated_Source\PSoC4/USBFS_ep1_dma.h **** *  Disables the DMA channel.
 106:.\Generated_Source\PSoC4/USBFS_ep1_dma.h **** *
 107:.\Generated_Source\PSoC4/USBFS_ep1_dma.h **** * Parameters:
 108:.\Generated_Source\PSoC4/USBFS_ep1_dma.h **** *  None.
 109:.\Generated_Source\PSoC4/USBFS_ep1_dma.h **** *                   
 110:.\Generated_Source\PSoC4/USBFS_ep1_dma.h **** * Return:
 111:.\Generated_Source\PSoC4/USBFS_ep1_dma.h **** *  None.
 112:.\Generated_Source\PSoC4/USBFS_ep1_dma.h **** *
 113:.\Generated_Source\PSoC4/USBFS_ep1_dma.h **** * Side effect:
 114:.\Generated_Source\PSoC4/USBFS_ep1_dma.h **** *  If this function is called during a DMA transfer the transfer is aborted. 
 115:.\Generated_Source\PSoC4/USBFS_ep1_dma.h **** *
 116:.\Generated_Source\PSoC4/USBFS_ep1_dma.h **** *******************************************************************************/
 117:.\Generated_Source\PSoC4/USBFS_ep1_dma.h **** static CY_INLINE void USBFS_ep1_dma_ChDisable(void)
 118:.\Generated_Source\PSoC4/USBFS_ep1_dma.h **** {
 119:.\Generated_Source\PSoC4/USBFS_ep1_dma.h ****     CyDmaChDisable(USBFS_ep1_dma_CHANNEL);
 120:.\Generated_Source\PSoC4/USBFS_ep1_dma.h **** }
 121:.\Generated_Source\PSoC4/USBFS_ep1_dma.h **** 
 122:.\Generated_Source\PSoC4/USBFS_ep1_dma.h **** 
 123:.\Generated_Source\PSoC4/USBFS_ep1_dma.h **** /*******************************************************************************
 124:.\Generated_Source\PSoC4/USBFS_ep1_dma.h **** * Function Name: USBFS_ep1_dma_Trigger
 125:.\Generated_Source\PSoC4/USBFS_ep1_dma.h **** ********************************************************************************
 126:.\Generated_Source\PSoC4/USBFS_ep1_dma.h **** *
 127:.\Generated_Source\PSoC4/USBFS_ep1_dma.h **** * Summary:
 128:.\Generated_Source\PSoC4/USBFS_ep1_dma.h **** *  Triggers the DMA channel, this is useful only for software triggers. This is
 129:.\Generated_Source\PSoC4/USBFS_ep1_dma.h **** *  not needed when hardware triggers are used.
 130:.\Generated_Source\PSoC4/USBFS_ep1_dma.h **** *
 131:.\Generated_Source\PSoC4/USBFS_ep1_dma.h **** * Parameters:
 132:.\Generated_Source\PSoC4/USBFS_ep1_dma.h **** *  None.
 133:.\Generated_Source\PSoC4/USBFS_ep1_dma.h **** *                   
 134:.\Generated_Source\PSoC4/USBFS_ep1_dma.h **** * Return:
 135:.\Generated_Source\PSoC4/USBFS_ep1_dma.h **** *  None. 
 136:.\Generated_Source\PSoC4/USBFS_ep1_dma.h **** *
 137:.\Generated_Source\PSoC4/USBFS_ep1_dma.h **** *******************************************************************************/
 138:.\Generated_Source\PSoC4/USBFS_ep1_dma.h **** static CY_INLINE void USBFS_ep1_dma_Trigger(void)
 139:.\Generated_Source\PSoC4/USBFS_ep1_dma.h **** {
 140:.\Generated_Source\PSoC4/USBFS_ep1_dma.h ****     CyDmaTrigger(USBFS_ep1_dma_CHANNEL);
 141:.\Generated_Source\PSoC4/USBFS_ep1_dma.h **** }
 142:.\Generated_Source\PSoC4/USBFS_ep1_dma.h **** 
 143:.\Generated_Source\PSoC4/USBFS_ep1_dma.h **** 
 144:.\Generated_Source\PSoC4/USBFS_ep1_dma.h **** /*******************************************************************************
 145:.\Generated_Source\PSoC4/USBFS_ep1_dma.h **** * Function Name: USBFS_ep1_dma_SetPriority
 146:.\Generated_Source\PSoC4/USBFS_ep1_dma.h **** ********************************************************************************
 147:.\Generated_Source\PSoC4/USBFS_ep1_dma.h **** *
 148:.\Generated_Source\PSoC4/USBFS_ep1_dma.h **** * Summary:
 149:.\Generated_Source\PSoC4/USBFS_ep1_dma.h **** *  Sets the priority for the channel.
 150:.\Generated_Source\PSoC4/USBFS_ep1_dma.h **** *
 151:.\Generated_Source\PSoC4/USBFS_ep1_dma.h **** * Parameters:
 152:.\Generated_Source\PSoC4/USBFS_ep1_dma.h **** *  priority: Priority for channel. Priority can be 0,1,2, or 3.
 153:.\Generated_Source\PSoC4/USBFS_ep1_dma.h **** *            0 is the highest priority.
 154:.\Generated_Source\PSoC4/USBFS_ep1_dma.h **** *                   
 155:.\Generated_Source\PSoC4/USBFS_ep1_dma.h **** * Return:
 156:.\Generated_Source\PSoC4/USBFS_ep1_dma.h **** *  None.
 157:.\Generated_Source\PSoC4/USBFS_ep1_dma.h **** *
 158:.\Generated_Source\PSoC4/USBFS_ep1_dma.h **** * Side effect:
 159:.\Generated_Source\PSoC4/USBFS_ep1_dma.h **** *  This function should not be called while the channel is enabled.
ARM GAS  C:\Users\Terence\AppData\Local\Temp\cc4BYEG7.s 			page 7


 160:.\Generated_Source\PSoC4/USBFS_ep1_dma.h **** *
 161:.\Generated_Source\PSoC4/USBFS_ep1_dma.h **** *******************************************************************************/
 162:.\Generated_Source\PSoC4/USBFS_ep1_dma.h **** static CY_INLINE void USBFS_ep1_dma_SetPriority(int32 priority)
 163:.\Generated_Source\PSoC4/USBFS_ep1_dma.h **** {
 164:.\Generated_Source\PSoC4/USBFS_ep1_dma.h ****     CyDmaSetPriority(USBFS_ep1_dma_CHANNEL, priority);
 165:.\Generated_Source\PSoC4/USBFS_ep1_dma.h **** }
 166:.\Generated_Source\PSoC4/USBFS_ep1_dma.h **** 
 167:.\Generated_Source\PSoC4/USBFS_ep1_dma.h **** 
 168:.\Generated_Source\PSoC4/USBFS_ep1_dma.h **** /*******************************************************************************
 169:.\Generated_Source\PSoC4/USBFS_ep1_dma.h **** * Function Name: USBFS_ep1_dma_GetPriority
 170:.\Generated_Source\PSoC4/USBFS_ep1_dma.h **** ********************************************************************************
 171:.\Generated_Source\PSoC4/USBFS_ep1_dma.h **** *
 172:.\Generated_Source\PSoC4/USBFS_ep1_dma.h **** * Summary:
 173:.\Generated_Source\PSoC4/USBFS_ep1_dma.h **** *  Gets the priority for the channel.
 174:.\Generated_Source\PSoC4/USBFS_ep1_dma.h **** *
 175:.\Generated_Source\PSoC4/USBFS_ep1_dma.h **** * Parameters:
 176:.\Generated_Source\PSoC4/USBFS_ep1_dma.h **** *  None.
 177:.\Generated_Source\PSoC4/USBFS_ep1_dma.h **** *                   
 178:.\Generated_Source\PSoC4/USBFS_ep1_dma.h **** * Return:
 179:.\Generated_Source\PSoC4/USBFS_ep1_dma.h **** *  Priority for channel. Priority can be 0,1,2, or 3. 0 is the highest priority.
 180:.\Generated_Source\PSoC4/USBFS_ep1_dma.h **** *
 181:.\Generated_Source\PSoC4/USBFS_ep1_dma.h **** *******************************************************************************/
 182:.\Generated_Source\PSoC4/USBFS_ep1_dma.h **** static CY_INLINE int32 USBFS_ep1_dma_GetPriority(void)
 183:.\Generated_Source\PSoC4/USBFS_ep1_dma.h **** {
 184:.\Generated_Source\PSoC4/USBFS_ep1_dma.h ****     return (CyDmaGetPriority(USBFS_ep1_dma_CHANNEL));
 185:.\Generated_Source\PSoC4/USBFS_ep1_dma.h **** }
 186:.\Generated_Source\PSoC4/USBFS_ep1_dma.h **** 
 187:.\Generated_Source\PSoC4/USBFS_ep1_dma.h **** 
 188:.\Generated_Source\PSoC4/USBFS_ep1_dma.h **** /*******************************************************************************
 189:.\Generated_Source\PSoC4/USBFS_ep1_dma.h **** * Function Name: USBFS_ep1_dma_SetNextDescriptor
 190:.\Generated_Source\PSoC4/USBFS_ep1_dma.h **** ********************************************************************************
 191:.\Generated_Source\PSoC4/USBFS_ep1_dma.h **** *
 192:.\Generated_Source\PSoC4/USBFS_ep1_dma.h **** * Summary:
 193:.\Generated_Source\PSoC4/USBFS_ep1_dma.h **** *  Sets the descriptor that should be run the next time the channel is
 194:.\Generated_Source\PSoC4/USBFS_ep1_dma.h **** *  triggered.
 195:.\Generated_Source\PSoC4/USBFS_ep1_dma.h **** *
 196:.\Generated_Source\PSoC4/USBFS_ep1_dma.h **** * Parameters:
 197:.\Generated_Source\PSoC4/USBFS_ep1_dma.h **** *  descriptor: Next Descriptor to run (0 or 1).
 198:.\Generated_Source\PSoC4/USBFS_ep1_dma.h **** *                   
 199:.\Generated_Source\PSoC4/USBFS_ep1_dma.h **** * Side effect:
 200:.\Generated_Source\PSoC4/USBFS_ep1_dma.h **** *  This function should not be called while the channel is enabled.
 201:.\Generated_Source\PSoC4/USBFS_ep1_dma.h **** *
 202:.\Generated_Source\PSoC4/USBFS_ep1_dma.h **** *******************************************************************************/
 203:.\Generated_Source\PSoC4/USBFS_ep1_dma.h **** static CY_INLINE void USBFS_ep1_dma_SetNextDescriptor(int32 descriptor)
 204:.\Generated_Source\PSoC4/USBFS_ep1_dma.h **** {
 205:.\Generated_Source\PSoC4/USBFS_ep1_dma.h ****     CyDmaSetNextDescriptor(USBFS_ep1_dma_CHANNEL, descriptor);
 206:.\Generated_Source\PSoC4/USBFS_ep1_dma.h **** }
 207:.\Generated_Source\PSoC4/USBFS_ep1_dma.h **** 
 208:.\Generated_Source\PSoC4/USBFS_ep1_dma.h **** 
 209:.\Generated_Source\PSoC4/USBFS_ep1_dma.h **** /*******************************************************************************
 210:.\Generated_Source\PSoC4/USBFS_ep1_dma.h **** * Function Name: USBFS_ep1_dma_GetNextDescriptor
 211:.\Generated_Source\PSoC4/USBFS_ep1_dma.h **** ********************************************************************************
 212:.\Generated_Source\PSoC4/USBFS_ep1_dma.h **** *
 213:.\Generated_Source\PSoC4/USBFS_ep1_dma.h **** * Summary:
 214:.\Generated_Source\PSoC4/USBFS_ep1_dma.h **** *  Returns the next descriptor that should be run, as set by 
 215:.\Generated_Source\PSoC4/USBFS_ep1_dma.h **** *  USBFS_ep1_dma_SetNextDescriptor().
 216:.\Generated_Source\PSoC4/USBFS_ep1_dma.h **** *
ARM GAS  C:\Users\Terence\AppData\Local\Temp\cc4BYEG7.s 			page 8


 217:.\Generated_Source\PSoC4/USBFS_ep1_dma.h **** * Parameters:
 218:.\Generated_Source\PSoC4/USBFS_ep1_dma.h **** *  None.
 219:.\Generated_Source\PSoC4/USBFS_ep1_dma.h **** *                   
 220:.\Generated_Source\PSoC4/USBFS_ep1_dma.h **** * Return:
 221:.\Generated_Source\PSoC4/USBFS_ep1_dma.h **** *  Next Descriptor to run (0 or 1).
 222:.\Generated_Source\PSoC4/USBFS_ep1_dma.h **** *
 223:.\Generated_Source\PSoC4/USBFS_ep1_dma.h **** *******************************************************************************/
 224:.\Generated_Source\PSoC4/USBFS_ep1_dma.h **** static CY_INLINE int32 USBFS_ep1_dma_GetNextDescriptor(void)
 225:.\Generated_Source\PSoC4/USBFS_ep1_dma.h **** {
 226:.\Generated_Source\PSoC4/USBFS_ep1_dma.h ****     return (CyDmaGetNextDescriptor(USBFS_ep1_dma_CHANNEL));
 227:.\Generated_Source\PSoC4/USBFS_ep1_dma.h **** }
 228:.\Generated_Source\PSoC4/USBFS_ep1_dma.h **** 
 229:.\Generated_Source\PSoC4/USBFS_ep1_dma.h **** 
 230:.\Generated_Source\PSoC4/USBFS_ep1_dma.h **** /*******************************************************************************
 231:.\Generated_Source\PSoC4/USBFS_ep1_dma.h **** * Function Name: USBFS_ep1_dma_SetConfiguration
 232:.\Generated_Source\PSoC4/USBFS_ep1_dma.h **** ********************************************************************************
 233:.\Generated_Source\PSoC4/USBFS_ep1_dma.h **** *
 234:.\Generated_Source\PSoC4/USBFS_ep1_dma.h **** * Summary:
 235:.\Generated_Source\PSoC4/USBFS_ep1_dma.h **** *  Sets configuration information for the specified descriptor.
 236:.\Generated_Source\PSoC4/USBFS_ep1_dma.h **** *
 237:.\Generated_Source\PSoC4/USBFS_ep1_dma.h **** * Parameters:
 238:.\Generated_Source\PSoC4/USBFS_ep1_dma.h **** *  descriptor: Descriptor (0 or 1) modified by this function.
 239:.\Generated_Source\PSoC4/USBFS_ep1_dma.h **** *  config: Pointer to a configuration structure. Refer to cydma_init_struct
 240:.\Generated_Source\PSoC4/USBFS_ep1_dma.h **** *          structure definition in CyDMA_P4.h or the component datasheet.
 241:.\Generated_Source\PSoC4/USBFS_ep1_dma.h **** *                   
 242:.\Generated_Source\PSoC4/USBFS_ep1_dma.h **** * Return:
 243:.\Generated_Source\PSoC4/USBFS_ep1_dma.h **** *  None.
 244:.\Generated_Source\PSoC4/USBFS_ep1_dma.h **** *
 245:.\Generated_Source\PSoC4/USBFS_ep1_dma.h **** * Side effect:
 246:.\Generated_Source\PSoC4/USBFS_ep1_dma.h **** *  The status register associated with the specified descriptor is reset to
 247:.\Generated_Source\PSoC4/USBFS_ep1_dma.h **** *  zero after this function call. This function also validates the descriptor.
 248:.\Generated_Source\PSoC4/USBFS_ep1_dma.h **** *  This function should not be called while the descriptor is active.
 249:.\Generated_Source\PSoC4/USBFS_ep1_dma.h **** *  This can be checked by calling CyDmaGetStatus().
 250:.\Generated_Source\PSoC4/USBFS_ep1_dma.h **** *
 251:.\Generated_Source\PSoC4/USBFS_ep1_dma.h **** *******************************************************************************/
 252:.\Generated_Source\PSoC4/USBFS_ep1_dma.h **** static CY_INLINE void USBFS_ep1_dma_SetConfiguration(int32 descriptor, const cydma_init_struct * co
 253:.\Generated_Source\PSoC4/USBFS_ep1_dma.h **** {
 254:.\Generated_Source\PSoC4/USBFS_ep1_dma.h ****     CyDmaSetConfiguration(USBFS_ep1_dma_CHANNEL, descriptor, config);
 255:.\Generated_Source\PSoC4/USBFS_ep1_dma.h **** }
 256:.\Generated_Source\PSoC4/USBFS_ep1_dma.h **** 
 257:.\Generated_Source\PSoC4/USBFS_ep1_dma.h **** 
 258:.\Generated_Source\PSoC4/USBFS_ep1_dma.h **** /*******************************************************************************
 259:.\Generated_Source\PSoC4/USBFS_ep1_dma.h **** * Function Name: USBFS_ep1_dma_ValidateDescriptor
 260:.\Generated_Source\PSoC4/USBFS_ep1_dma.h **** ********************************************************************************
 261:.\Generated_Source\PSoC4/USBFS_ep1_dma.h **** *
 262:.\Generated_Source\PSoC4/USBFS_ep1_dma.h **** * Summary:
 263:.\Generated_Source\PSoC4/USBFS_ep1_dma.h **** *  Validates the specified descriptor after it has been invalidated.
 264:.\Generated_Source\PSoC4/USBFS_ep1_dma.h **** *
 265:.\Generated_Source\PSoC4/USBFS_ep1_dma.h **** * Parameters:
 266:.\Generated_Source\PSoC4/USBFS_ep1_dma.h **** *  descriptor: Descriptor (0 or 1) modified by this function.
 267:.\Generated_Source\PSoC4/USBFS_ep1_dma.h **** *                   
 268:.\Generated_Source\PSoC4/USBFS_ep1_dma.h **** * Return:
 269:.\Generated_Source\PSoC4/USBFS_ep1_dma.h **** *  None. 
 270:.\Generated_Source\PSoC4/USBFS_ep1_dma.h **** *
 271:.\Generated_Source\PSoC4/USBFS_ep1_dma.h **** * Side effect:
 272:.\Generated_Source\PSoC4/USBFS_ep1_dma.h **** *  The status register associated with the specified descriptor is reset to
 273:.\Generated_Source\PSoC4/USBFS_ep1_dma.h **** *  zero after this function call. This function should not be called while the
ARM GAS  C:\Users\Terence\AppData\Local\Temp\cc4BYEG7.s 			page 9


 274:.\Generated_Source\PSoC4/USBFS_ep1_dma.h **** *  descriptor is active. This can be checked by calling CyDmaGetStatus().
 275:.\Generated_Source\PSoC4/USBFS_ep1_dma.h **** *
 276:.\Generated_Source\PSoC4/USBFS_ep1_dma.h **** *******************************************************************************/
 277:.\Generated_Source\PSoC4/USBFS_ep1_dma.h **** static CY_INLINE void USBFS_ep1_dma_ValidateDescriptor(int32 descriptor)
 278:.\Generated_Source\PSoC4/USBFS_ep1_dma.h **** {
 279:.\Generated_Source\PSoC4/USBFS_ep1_dma.h ****     CyDmaValidateDescriptor(USBFS_ep1_dma_CHANNEL, descriptor);
 280:.\Generated_Source\PSoC4/USBFS_ep1_dma.h **** }
 281:.\Generated_Source\PSoC4/USBFS_ep1_dma.h **** 
 282:.\Generated_Source\PSoC4/USBFS_ep1_dma.h **** 
 283:.\Generated_Source\PSoC4/USBFS_ep1_dma.h **** /*******************************************************************************
 284:.\Generated_Source\PSoC4/USBFS_ep1_dma.h **** * Function Name: USBFS_ep1_dma_GetDescriptorStatus
 285:.\Generated_Source\PSoC4/USBFS_ep1_dma.h **** ********************************************************************************
 286:.\Generated_Source\PSoC4/USBFS_ep1_dma.h **** *
 287:.\Generated_Source\PSoC4/USBFS_ep1_dma.h **** * Summary:
 288:.\Generated_Source\PSoC4/USBFS_ep1_dma.h **** *  Returns the status of the specified descriptor.
 289:.\Generated_Source\PSoC4/USBFS_ep1_dma.h **** *
 290:.\Generated_Source\PSoC4/USBFS_ep1_dma.h **** * Parameters:
 291:.\Generated_Source\PSoC4/USBFS_ep1_dma.h **** *  descriptor: Descriptor (0 or 1) modified by this function.
 292:.\Generated_Source\PSoC4/USBFS_ep1_dma.h **** *                   
 293:.\Generated_Source\PSoC4/USBFS_ep1_dma.h **** * Return:
 294:.\Generated_Source\PSoC4/USBFS_ep1_dma.h **** *  Returns the contents of the specified descriptors status register. Refer to 
 295:.\Generated_Source\PSoC4/USBFS_ep1_dma.h **** *  descriptor status register bit definitions in CyDMA_P4.h or the API
 296:.\Generated_Source\PSoC4/USBFS_ep1_dma.h **** *  description in the DMA channel datasheet for more information.
 297:.\Generated_Source\PSoC4/USBFS_ep1_dma.h **** *
 298:.\Generated_Source\PSoC4/USBFS_ep1_dma.h **** *******************************************************************************/
 299:.\Generated_Source\PSoC4/USBFS_ep1_dma.h **** static CY_INLINE uint32 USBFS_ep1_dma_GetDescriptorStatus(int32 descriptor)
 300:.\Generated_Source\PSoC4/USBFS_ep1_dma.h **** {
 301:.\Generated_Source\PSoC4/USBFS_ep1_dma.h ****     return (CyDmaGetDescriptorStatus(USBFS_ep1_dma_CHANNEL, descriptor));
 302:.\Generated_Source\PSoC4/USBFS_ep1_dma.h **** }
 303:.\Generated_Source\PSoC4/USBFS_ep1_dma.h **** 
 304:.\Generated_Source\PSoC4/USBFS_ep1_dma.h **** 
 305:.\Generated_Source\PSoC4/USBFS_ep1_dma.h **** /*******************************************************************************
 306:.\Generated_Source\PSoC4/USBFS_ep1_dma.h **** * Function Name: USBFS_ep1_dma_SetSrcAddress
 307:.\Generated_Source\PSoC4/USBFS_ep1_dma.h **** ********************************************************************************
 308:.\Generated_Source\PSoC4/USBFS_ep1_dma.h **** *
 309:.\Generated_Source\PSoC4/USBFS_ep1_dma.h **** * Summary:
 310:.\Generated_Source\PSoC4/USBFS_ep1_dma.h **** *  Configures the source address for the specified descriptor.
 311:.\Generated_Source\PSoC4/USBFS_ep1_dma.h **** *
 312:.\Generated_Source\PSoC4/USBFS_ep1_dma.h **** * Parameters:
 313:.\Generated_Source\PSoC4/USBFS_ep1_dma.h **** *  descriptor: Descriptor (0 or 1) modified by this function.
 314:.\Generated_Source\PSoC4/USBFS_ep1_dma.h **** *  srcAddress: Address of DMA transfer source.
 315:.\Generated_Source\PSoC4/USBFS_ep1_dma.h **** *                   
 316:.\Generated_Source\PSoC4/USBFS_ep1_dma.h **** * Return:
 317:.\Generated_Source\PSoC4/USBFS_ep1_dma.h **** *  None.
 318:.\Generated_Source\PSoC4/USBFS_ep1_dma.h **** *
 319:.\Generated_Source\PSoC4/USBFS_ep1_dma.h **** * Side effect:
 320:.\Generated_Source\PSoC4/USBFS_ep1_dma.h **** *  This function should not be called when the specified descriptor is active
 321:.\Generated_Source\PSoC4/USBFS_ep1_dma.h **** *  in the DMA transfer engine. This can be checked by calling CyDmaGetStatus(). 
 322:.\Generated_Source\PSoC4/USBFS_ep1_dma.h **** *
 323:.\Generated_Source\PSoC4/USBFS_ep1_dma.h **** *******************************************************************************/
 324:.\Generated_Source\PSoC4/USBFS_ep1_dma.h **** static CY_INLINE void USBFS_ep1_dma_SetSrcAddress(int32 descriptor, void * srcAddress)
 325:.\Generated_Source\PSoC4/USBFS_ep1_dma.h **** {
 326:.\Generated_Source\PSoC4/USBFS_ep1_dma.h ****     CyDmaSetSrcAddress(USBFS_ep1_dma_CHANNEL, descriptor, srcAddress);
  91              		.loc 2 326 0
  92 001c 0820     		mov	r0, #8
  93 001e 0021     		mov	r1, #0
  94 0020 2A1C     		mov	r2, r5
ARM GAS  C:\Users\Terence\AppData\Local\Temp\cc4BYEG7.s 			page 10


  95 0022 FFF7FEFF 		bl	CyDmaSetSrcAddress
  96              	.LVL3:
  97              	.LBE11:
  98              	.LBE10:
  99              	.LBB12:
 100              	.LBB13:
 327:.\Generated_Source\PSoC4/USBFS_ep1_dma.h **** }
 328:.\Generated_Source\PSoC4/USBFS_ep1_dma.h **** 
 329:.\Generated_Source\PSoC4/USBFS_ep1_dma.h **** 
 330:.\Generated_Source\PSoC4/USBFS_ep1_dma.h **** /*******************************************************************************
 331:.\Generated_Source\PSoC4/USBFS_ep1_dma.h **** * Function Name: USBFS_ep1_dma_GetSrcAddress
 332:.\Generated_Source\PSoC4/USBFS_ep1_dma.h **** ********************************************************************************
 333:.\Generated_Source\PSoC4/USBFS_ep1_dma.h **** *
 334:.\Generated_Source\PSoC4/USBFS_ep1_dma.h **** * Summary:
 335:.\Generated_Source\PSoC4/USBFS_ep1_dma.h **** *  Returns the source address for the specified descriptor, set by either 
 336:.\Generated_Source\PSoC4/USBFS_ep1_dma.h **** *  USBFS_ep1_dma_Start() or USBFS_ep1_dma_SetSrcAddress().
 337:.\Generated_Source\PSoC4/USBFS_ep1_dma.h **** *
 338:.\Generated_Source\PSoC4/USBFS_ep1_dma.h **** * Parameters:
 339:.\Generated_Source\PSoC4/USBFS_ep1_dma.h **** *  descriptor: Specifies descriptor (0 or 1) used by this function.
 340:.\Generated_Source\PSoC4/USBFS_ep1_dma.h **** *                   
 341:.\Generated_Source\PSoC4/USBFS_ep1_dma.h **** * Return:
 342:.\Generated_Source\PSoC4/USBFS_ep1_dma.h **** *  Source address written to specified descriptor.
 343:.\Generated_Source\PSoC4/USBFS_ep1_dma.h **** *
 344:.\Generated_Source\PSoC4/USBFS_ep1_dma.h **** *******************************************************************************/
 345:.\Generated_Source\PSoC4/USBFS_ep1_dma.h **** static CY_INLINE void * USBFS_ep1_dma_GetSrcAddress(int32 descriptor)
 346:.\Generated_Source\PSoC4/USBFS_ep1_dma.h **** {
 347:.\Generated_Source\PSoC4/USBFS_ep1_dma.h ****     return (CyDmaGetSrcAddress(USBFS_ep1_dma_CHANNEL, descriptor));
 348:.\Generated_Source\PSoC4/USBFS_ep1_dma.h **** }
 349:.\Generated_Source\PSoC4/USBFS_ep1_dma.h **** 
 350:.\Generated_Source\PSoC4/USBFS_ep1_dma.h **** 
 351:.\Generated_Source\PSoC4/USBFS_ep1_dma.h **** /*******************************************************************************
 352:.\Generated_Source\PSoC4/USBFS_ep1_dma.h **** * Function Name: USBFS_ep1_dma_SetDstAddress
 353:.\Generated_Source\PSoC4/USBFS_ep1_dma.h **** ********************************************************************************
 354:.\Generated_Source\PSoC4/USBFS_ep1_dma.h **** *
 355:.\Generated_Source\PSoC4/USBFS_ep1_dma.h **** * Summary:
 356:.\Generated_Source\PSoC4/USBFS_ep1_dma.h **** *  Configures the destination address for the specified descriptor.
 357:.\Generated_Source\PSoC4/USBFS_ep1_dma.h **** *
 358:.\Generated_Source\PSoC4/USBFS_ep1_dma.h **** * Parameters:
 359:.\Generated_Source\PSoC4/USBFS_ep1_dma.h **** *  descriptor: Descriptor (0 or 1) modified by this function.
 360:.\Generated_Source\PSoC4/USBFS_ep1_dma.h **** *  dstAddress: Address of DMA transfer destination.
 361:.\Generated_Source\PSoC4/USBFS_ep1_dma.h **** *                   
 362:.\Generated_Source\PSoC4/USBFS_ep1_dma.h **** * Return:
 363:.\Generated_Source\PSoC4/USBFS_ep1_dma.h **** *  None.
 364:.\Generated_Source\PSoC4/USBFS_ep1_dma.h **** *
 365:.\Generated_Source\PSoC4/USBFS_ep1_dma.h **** * Side effect:
 366:.\Generated_Source\PSoC4/USBFS_ep1_dma.h **** *  This function should not be called when the specified descriptor is active
 367:.\Generated_Source\PSoC4/USBFS_ep1_dma.h **** *  in the DMA transfer engine. This can be checked by calling CyDmaGetStatus(). 
 368:.\Generated_Source\PSoC4/USBFS_ep1_dma.h **** *
 369:.\Generated_Source\PSoC4/USBFS_ep1_dma.h **** *******************************************************************************/
 370:.\Generated_Source\PSoC4/USBFS_ep1_dma.h **** static CY_INLINE void USBFS_ep1_dma_SetDstAddress(int32 descriptor, void * dstAddress)
 371:.\Generated_Source\PSoC4/USBFS_ep1_dma.h **** {
 372:.\Generated_Source\PSoC4/USBFS_ep1_dma.h ****     CyDmaSetDstAddress(USBFS_ep1_dma_CHANNEL, descriptor, dstAddress);
 101              		.loc 2 372 0
 102 0026 0820     		mov	r0, #8
 103 0028 0021     		mov	r1, #0
 104 002a 221C     		mov	r2, r4
 105 002c FFF7FEFF 		bl	CyDmaSetDstAddress
ARM GAS  C:\Users\Terence\AppData\Local\Temp\cc4BYEG7.s 			page 11


 106              	.LVL4:
 107              	.LBE13:
 108              	.LBE12:
 109              	.LBB14:
 110              	.LBB15:
 279:.\Generated_Source\PSoC4/USBFS_ep1_dma.h **** }
 111              		.loc 2 279 0
 112 0030 0820     		mov	r0, #8
 113 0032 0021     		mov	r1, #0
 114 0034 FFF7FEFF 		bl	CyDmaValidateDescriptor
 115              	.LVL5:
 116              	.LBE15:
 117              	.LBE14:
 118              	.LBB16:
 119              	.LBB17:
  96:.\Generated_Source\PSoC4/USBFS_ep1_dma.h **** }
 120              		.loc 2 96 0
 121 0038 0820     		mov	r0, #8
 122 003a FFF7FEFF 		bl	CyDmaChEnable
 123              	.LVL6:
 124              	.LBE17:
 125              	.LBE16:
  51:.\Generated_Source\PSoC4/USBFS_ep1_dma.c **** 
 126              		.loc 1 51 0
 127              		@ sp needed
 128              	.LVL7:
 129              	.LVL8:
 130 003e 38BD     		pop	{r3, r4, r5, pc}
 131              	.L7:
 132              		.align	2
 133              	.L6:
 134 0040 00000000 		.word	.LANCHOR0
 135              		.cfi_endproc
 136              	.LFE32:
 137              		.size	USBFS_ep1_dma_Start, .-USBFS_ep1_dma_Start
 138              		.global	USBFS_ep1_dma_initVar
 139              		.bss
 140              		.set	.LANCHOR0,. + 0
 141              		.type	USBFS_ep1_dma_initVar, %object
 142              		.size	USBFS_ep1_dma_initVar, 1
 143              	USBFS_ep1_dma_initVar:
 144 0000 00       		.space	1
 145              		.text
 146              	.Letext0:
 147              		.file 3 ".\\Generated_Source\\PSoC4\\cytypes.h"
 148              		.file 4 ".\\Generated_Source\\PSoC4\\CyDMA.h"
 149              		.section	.debug_info,"",%progbits
 150              	.Ldebug_info0:
 151 0000 5A030000 		.4byte	0x35a
 152 0004 0400     		.2byte	0x4
 153 0006 00000000 		.4byte	.Ldebug_abbrev0
 154 000a 04       		.byte	0x4
 155 000b 01       		.uleb128 0x1
 156 000c DD000000 		.4byte	.LASF30
 157 0010 01       		.byte	0x1
 158 0011 0A030000 		.4byte	.LASF31
 159 0015 48020000 		.4byte	.LASF32
ARM GAS  C:\Users\Terence\AppData\Local\Temp\cc4BYEG7.s 			page 12


 160 0019 00000000 		.4byte	.Ldebug_ranges0+0
 161 001d 00000000 		.4byte	0
 162 0021 00000000 		.4byte	.Ldebug_line0
 163 0025 02       		.uleb128 0x2
 164 0026 01       		.byte	0x1
 165 0027 06       		.byte	0x6
 166 0028 79010000 		.4byte	.LASF0
 167 002c 02       		.uleb128 0x2
 168 002d 01       		.byte	0x1
 169 002e 08       		.byte	0x8
 170 002f 6B010000 		.4byte	.LASF1
 171 0033 02       		.uleb128 0x2
 172 0034 02       		.byte	0x2
 173 0035 05       		.byte	0x5
 174 0036 36000000 		.4byte	.LASF2
 175 003a 02       		.uleb128 0x2
 176 003b 02       		.byte	0x2
 177 003c 07       		.byte	0x7
 178 003d CA010000 		.4byte	.LASF3
 179 0041 02       		.uleb128 0x2
 180 0042 04       		.byte	0x4
 181 0043 05       		.byte	0x5
 182 0044 C1000000 		.4byte	.LASF4
 183 0048 02       		.uleb128 0x2
 184 0049 04       		.byte	0x4
 185 004a 07       		.byte	0x7
 186 004b EB020000 		.4byte	.LASF5
 187 004f 02       		.uleb128 0x2
 188 0050 08       		.byte	0x8
 189 0051 05       		.byte	0x5
 190 0052 97000000 		.4byte	.LASF6
 191 0056 02       		.uleb128 0x2
 192 0057 08       		.byte	0x8
 193 0058 07       		.byte	0x7
 194 0059 85010000 		.4byte	.LASF7
 195 005d 03       		.uleb128 0x3
 196 005e 04       		.byte	0x4
 197 005f 05       		.byte	0x5
 198 0060 696E7400 		.ascii	"int\000"
 199 0064 02       		.uleb128 0x2
 200 0065 04       		.byte	0x4
 201 0066 07       		.byte	0x7
 202 0067 9C010000 		.4byte	.LASF8
 203 006b 04       		.uleb128 0x4
 204 006c 62000000 		.4byte	.LASF9
 205 0070 03       		.byte	0x3
 206 0071 3801     		.2byte	0x138
 207 0073 2C000000 		.4byte	0x2c
 208 0077 04       		.uleb128 0x4
 209 0078 E4020000 		.4byte	.LASF10
 210 007c 03       		.byte	0x3
 211 007d 3A01     		.2byte	0x13a
 212 007f 48000000 		.4byte	0x48
 213 0083 04       		.uleb128 0x4
 214 0084 FD020000 		.4byte	.LASF11
 215 0088 03       		.byte	0x3
 216 0089 3D01     		.2byte	0x13d
ARM GAS  C:\Users\Terence\AppData\Local\Temp\cc4BYEG7.s 			page 13


 217 008b 41000000 		.4byte	0x41
 218 008f 02       		.uleb128 0x2
 219 0090 04       		.byte	0x4
 220 0091 04       		.byte	0x4
 221 0092 7E000000 		.4byte	.LASF12
 222 0096 02       		.uleb128 0x2
 223 0097 08       		.byte	0x8
 224 0098 04       		.byte	0x4
 225 0099 03030000 		.4byte	.LASF13
 226 009d 02       		.uleb128 0x2
 227 009e 01       		.byte	0x1
 228 009f 08       		.byte	0x8
 229 00a0 2B020000 		.4byte	.LASF14
 230 00a4 05       		.uleb128 0x5
 231 00a5 80       		.byte	0x80
 232 00a6 04       		.byte	0x4
 233 00a7 26       		.byte	0x26
 234 00a8 B9000000 		.4byte	0xb9
 235 00ac 06       		.uleb128 0x6
 236 00ad 63746C00 		.ascii	"ctl\000"
 237 00b1 04       		.byte	0x4
 238 00b2 28       		.byte	0x28
 239 00b3 B9000000 		.4byte	0xb9
 240 00b7 00       		.byte	0
 241 00b8 00       		.byte	0
 242 00b9 07       		.uleb128 0x7
 243 00ba 77000000 		.4byte	0x77
 244 00be C9000000 		.4byte	0xc9
 245 00c2 08       		.uleb128 0x8
 246 00c3 C9000000 		.4byte	0xc9
 247 00c7 1F       		.byte	0x1f
 248 00c8 00       		.byte	0
 249 00c9 02       		.uleb128 0x2
 250 00ca 04       		.byte	0x4
 251 00cb 07       		.byte	0x7
 252 00cc 40000000 		.4byte	.LASF15
 253 00d0 09       		.uleb128 0x9
 254 00d1 49000000 		.4byte	.LASF16
 255 00d5 04       		.byte	0x4
 256 00d6 29       		.byte	0x29
 257 00d7 A4000000 		.4byte	0xa4
 258 00db 05       		.uleb128 0x5
 259 00dc 10       		.byte	0x10
 260 00dd 04       		.byte	0x4
 261 00de 2C       		.byte	0x2c
 262 00df 14010000 		.4byte	0x114
 263 00e3 06       		.uleb128 0x6
 264 00e4 73726300 		.ascii	"src\000"
 265 00e8 04       		.byte	0x4
 266 00e9 2E       		.byte	0x2e
 267 00ea 14010000 		.4byte	0x114
 268 00ee 00       		.byte	0
 269 00ef 06       		.uleb128 0x6
 270 00f0 64737400 		.ascii	"dst\000"
 271 00f4 04       		.byte	0x4
 272 00f5 2F       		.byte	0x2f
 273 00f6 14010000 		.4byte	0x114
ARM GAS  C:\Users\Terence\AppData\Local\Temp\cc4BYEG7.s 			page 14


 274 00fa 04       		.byte	0x4
 275 00fb 06       		.uleb128 0x6
 276 00fc 63746C00 		.ascii	"ctl\000"
 277 0100 04       		.byte	0x4
 278 0101 30       		.byte	0x30
 279 0102 77000000 		.4byte	0x77
 280 0106 08       		.byte	0x8
 281 0107 0A       		.uleb128 0xa
 282 0108 DD010000 		.4byte	.LASF17
 283 010c 04       		.byte	0x4
 284 010d 31       		.byte	0x31
 285 010e 77000000 		.4byte	0x77
 286 0112 0C       		.byte	0xc
 287 0113 00       		.byte	0
 288 0114 0B       		.uleb128 0xb
 289 0115 04       		.byte	0x4
 290 0116 09       		.uleb128 0x9
 291 0117 30020000 		.4byte	.LASF18
 292 011b 04       		.byte	0x4
 293 011c 32       		.byte	0x32
 294 011d DB000000 		.4byte	0xdb
 295 0121 0C       		.uleb128 0xc
 296 0122 0004     		.2byte	0x400
 297 0124 04       		.byte	0x4
 298 0125 38       		.byte	0x38
 299 0126 37010000 		.4byte	0x137
 300 012a 0A       		.uleb128 0xa
 301 012b 4D030000 		.4byte	.LASF19
 302 012f 04       		.byte	0x4
 303 0130 3A       		.byte	0x3a
 304 0131 37010000 		.4byte	0x137
 305 0135 00       		.byte	0
 306 0136 00       		.byte	0
 307 0137 07       		.uleb128 0x7
 308 0138 16010000 		.4byte	0x116
 309 013c 4D010000 		.4byte	0x14d
 310 0140 08       		.uleb128 0x8
 311 0141 C9000000 		.4byte	0xc9
 312 0145 1F       		.byte	0x1f
 313 0146 08       		.uleb128 0x8
 314 0147 C9000000 		.4byte	0xc9
 315 014b 01       		.byte	0x1
 316 014c 00       		.byte	0
 317 014d 09       		.uleb128 0x9
 318 014e E4010000 		.4byte	.LASF20
 319 0152 04       		.byte	0x4
 320 0153 3B       		.byte	0x3b
 321 0154 21010000 		.4byte	0x121
 322 0158 0D       		.uleb128 0xd
 323 0159 58030000 		.4byte	.LASF22
 324 015d 02       		.byte	0x2
 325 015e 4401     		.2byte	0x144
 326 0160 03       		.byte	0x3
 327 0161 7E010000 		.4byte	0x17e
 328 0165 0E       		.uleb128 0xe
 329 0166 4D030000 		.4byte	.LASF19
 330 016a 02       		.byte	0x2
ARM GAS  C:\Users\Terence\AppData\Local\Temp\cc4BYEG7.s 			page 15


 331 016b 4401     		.2byte	0x144
 332 016d 83000000 		.4byte	0x83
 333 0171 0E       		.uleb128 0xe
 334 0172 D9020000 		.4byte	.LASF21
 335 0176 02       		.byte	0x2
 336 0177 4401     		.2byte	0x144
 337 0179 14010000 		.4byte	0x114
 338 017d 00       		.byte	0
 339 017e 0D       		.uleb128 0xd
 340 017f A5000000 		.4byte	.LASF23
 341 0183 02       		.byte	0x2
 342 0184 7201     		.2byte	0x172
 343 0186 03       		.byte	0x3
 344 0187 A4010000 		.4byte	0x1a4
 345 018b 0E       		.uleb128 0xe
 346 018c 4D030000 		.4byte	.LASF19
 347 0190 02       		.byte	0x2
 348 0191 7201     		.2byte	0x172
 349 0193 83000000 		.4byte	0x83
 350 0197 0E       		.uleb128 0xe
 351 0198 00000000 		.4byte	.LASF24
 352 019c 02       		.byte	0x2
 353 019d 7201     		.2byte	0x172
 354 019f 14010000 		.4byte	0x114
 355 01a3 00       		.byte	0
 356 01a4 0D       		.uleb128 0xd
 357 01a5 A9010000 		.4byte	.LASF25
 358 01a9 02       		.byte	0x2
 359 01aa 1501     		.2byte	0x115
 360 01ac 03       		.byte	0x3
 361 01ad BE010000 		.4byte	0x1be
 362 01b1 0E       		.uleb128 0xe
 363 01b2 4D030000 		.4byte	.LASF19
 364 01b6 02       		.byte	0x2
 365 01b7 1501     		.2byte	0x115
 366 01b9 83000000 		.4byte	0x83
 367 01bd 00       		.byte	0
 368 01be 0F       		.uleb128 0xf
 369 01bf 00020000 		.4byte	.LASF33
 370 01c3 02       		.byte	0x2
 371 01c4 5E       		.byte	0x5e
 372 01c5 03       		.byte	0x3
 373 01c6 10       		.uleb128 0x10
 374 01c7 84000000 		.4byte	.LASF34
 375 01cb 01       		.byte	0x1
 376 01cc 4C       		.byte	0x4c
 377 01cd 00000000 		.4byte	.LFB33
 378 01d1 24000000 		.4byte	.LFE33-.LFB33
 379 01d5 01       		.uleb128 0x1
 380 01d6 9C       		.byte	0x9c
 381 01d7 11       		.uleb128 0x11
 382 01d8 17020000 		.4byte	.LASF35
 383 01dc 01       		.byte	0x1
 384 01dd 27       		.byte	0x27
 385 01de 00000000 		.4byte	.LFB32
 386 01e2 44000000 		.4byte	.LFE32-.LFB32
 387 01e6 01       		.uleb128 0x1
ARM GAS  C:\Users\Terence\AppData\Local\Temp\cc4BYEG7.s 			page 16


 388 01e7 9C       		.byte	0x9c
 389 01e8 E8020000 		.4byte	0x2e8
 390 01ec 12       		.uleb128 0x12
 391 01ed D9020000 		.4byte	.LASF21
 392 01f1 01       		.byte	0x1
 393 01f2 27       		.byte	0x27
 394 01f3 14010000 		.4byte	0x114
 395 01f7 00000000 		.4byte	.LLST0
 396 01fb 12       		.uleb128 0x12
 397 01fc 00000000 		.4byte	.LASF24
 398 0200 01       		.byte	0x1
 399 0201 27       		.byte	0x27
 400 0202 14010000 		.4byte	0x114
 401 0206 2C000000 		.4byte	.LLST1
 402 020a 13       		.uleb128 0x13
 403 020b 58010000 		.4byte	0x158
 404 020f 1C000000 		.4byte	.LBB10
 405 0213 0A000000 		.4byte	.LBE10-.LBB10
 406 0217 01       		.byte	0x1
 407 0218 2F       		.byte	0x2f
 408 0219 47020000 		.4byte	0x247
 409 021d 14       		.uleb128 0x14
 410 021e 71010000 		.4byte	0x171
 411 0222 58000000 		.4byte	.LLST2
 412 0226 15       		.uleb128 0x15
 413 0227 65010000 		.4byte	0x165
 414 022b 00       		.byte	0
 415 022c 16       		.uleb128 0x16
 416 022d 26000000 		.4byte	.LVL3
 417 0231 F9020000 		.4byte	0x2f9
 418 0235 17       		.uleb128 0x17
 419 0236 01       		.uleb128 0x1
 420 0237 52       		.byte	0x52
 421 0238 02       		.uleb128 0x2
 422 0239 75       		.byte	0x75
 423 023a 00       		.sleb128 0
 424 023b 17       		.uleb128 0x17
 425 023c 01       		.uleb128 0x1
 426 023d 51       		.byte	0x51
 427 023e 01       		.uleb128 0x1
 428 023f 30       		.byte	0x30
 429 0240 17       		.uleb128 0x17
 430 0241 01       		.uleb128 0x1
 431 0242 50       		.byte	0x50
 432 0243 01       		.uleb128 0x1
 433 0244 38       		.byte	0x38
 434 0245 00       		.byte	0
 435 0246 00       		.byte	0
 436 0247 13       		.uleb128 0x13
 437 0248 7E010000 		.4byte	0x17e
 438 024c 26000000 		.4byte	.LBB12
 439 0250 0A000000 		.4byte	.LBE12-.LBB12
 440 0254 01       		.byte	0x1
 441 0255 30       		.byte	0x30
 442 0256 84020000 		.4byte	0x284
 443 025a 14       		.uleb128 0x14
 444 025b 97010000 		.4byte	0x197
ARM GAS  C:\Users\Terence\AppData\Local\Temp\cc4BYEG7.s 			page 17


 445 025f 79000000 		.4byte	.LLST3
 446 0263 15       		.uleb128 0x15
 447 0264 8B010000 		.4byte	0x18b
 448 0268 00       		.byte	0
 449 0269 16       		.uleb128 0x16
 450 026a 30000000 		.4byte	.LVL4
 451 026e 14030000 		.4byte	0x314
 452 0272 17       		.uleb128 0x17
 453 0273 01       		.uleb128 0x1
 454 0274 52       		.byte	0x52
 455 0275 02       		.uleb128 0x2
 456 0276 74       		.byte	0x74
 457 0277 00       		.sleb128 0
 458 0278 17       		.uleb128 0x17
 459 0279 01       		.uleb128 0x1
 460 027a 51       		.byte	0x51
 461 027b 01       		.uleb128 0x1
 462 027c 30       		.byte	0x30
 463 027d 17       		.uleb128 0x17
 464 027e 01       		.uleb128 0x1
 465 027f 50       		.byte	0x50
 466 0280 01       		.uleb128 0x1
 467 0281 38       		.byte	0x38
 468 0282 00       		.byte	0
 469 0283 00       		.byte	0
 470 0284 13       		.uleb128 0x13
 471 0285 A4010000 		.4byte	0x1a4
 472 0289 30000000 		.4byte	.LBB14
 473 028d 08000000 		.4byte	.LBE14-.LBB14
 474 0291 01       		.byte	0x1
 475 0292 31       		.byte	0x31
 476 0293 B2020000 		.4byte	0x2b2
 477 0297 15       		.uleb128 0x15
 478 0298 B1010000 		.4byte	0x1b1
 479 029c 00       		.byte	0
 480 029d 16       		.uleb128 0x16
 481 029e 38000000 		.4byte	.LVL5
 482 02a2 2F030000 		.4byte	0x32f
 483 02a6 17       		.uleb128 0x17
 484 02a7 01       		.uleb128 0x1
 485 02a8 51       		.byte	0x51
 486 02a9 01       		.uleb128 0x1
 487 02aa 30       		.byte	0x30
 488 02ab 17       		.uleb128 0x17
 489 02ac 01       		.uleb128 0x1
 490 02ad 50       		.byte	0x50
 491 02ae 01       		.uleb128 0x1
 492 02af 38       		.byte	0x38
 493 02b0 00       		.byte	0
 494 02b1 00       		.byte	0
 495 02b2 13       		.uleb128 0x13
 496 02b3 BE010000 		.4byte	0x1be
 497 02b7 38000000 		.4byte	.LBB16
 498 02bb 06000000 		.4byte	.LBE16-.LBB16
 499 02bf 01       		.byte	0x1
 500 02c0 32       		.byte	0x32
 501 02c1 D5020000 		.4byte	0x2d5
ARM GAS  C:\Users\Terence\AppData\Local\Temp\cc4BYEG7.s 			page 18


 502 02c5 16       		.uleb128 0x16
 503 02c6 3E000000 		.4byte	.LVL6
 504 02ca 45030000 		.4byte	0x345
 505 02ce 17       		.uleb128 0x17
 506 02cf 01       		.uleb128 0x1
 507 02d0 50       		.byte	0x50
 508 02d1 01       		.uleb128 0x1
 509 02d2 38       		.byte	0x38
 510 02d3 00       		.byte	0
 511 02d4 00       		.byte	0
 512 02d5 18       		.uleb128 0x18
 513 02d6 12000000 		.4byte	.LVL1
 514 02da C6010000 		.4byte	0x1c6
 515 02de 18       		.uleb128 0x18
 516 02df 1C000000 		.4byte	.LVL2
 517 02e3 56030000 		.4byte	0x356
 518 02e7 00       		.byte	0
 519 02e8 19       		.uleb128 0x19
 520 02e9 68000000 		.4byte	.LASF36
 521 02ed 01       		.byte	0x1
 522 02ee 11       		.byte	0x11
 523 02ef 6B000000 		.4byte	0x6b
 524 02f3 05       		.uleb128 0x5
 525 02f4 03       		.byte	0x3
 526 02f5 00000000 		.4byte	USBFS_ep1_dma_initVar
 527 02f9 1A       		.uleb128 0x1a
 528 02fa 23000000 		.4byte	.LASF26
 529 02fe 04       		.byte	0x4
 530 02ff 93       		.byte	0x93
 531 0300 14030000 		.4byte	0x314
 532 0304 1B       		.uleb128 0x1b
 533 0305 83000000 		.4byte	0x83
 534 0309 1B       		.uleb128 0x1b
 535 030a 83000000 		.4byte	0x83
 536 030e 1B       		.uleb128 0x1b
 537 030f 14010000 		.4byte	0x114
 538 0313 00       		.byte	0
 539 0314 1A       		.uleb128 0x1a
 540 0315 CA000000 		.4byte	.LASF27
 541 0319 04       		.byte	0x4
 542 031a 96       		.byte	0x96
 543 031b 2F030000 		.4byte	0x32f
 544 031f 1B       		.uleb128 0x1b
 545 0320 83000000 		.4byte	0x83
 546 0324 1B       		.uleb128 0x1b
 547 0325 83000000 		.4byte	0x83
 548 0329 1B       		.uleb128 0x1b
 549 032a 14010000 		.4byte	0x114
 550 032e 00       		.byte	0
 551 032f 1A       		.uleb128 0x1a
 552 0330 0B000000 		.4byte	.LASF28
 553 0334 04       		.byte	0x4
 554 0335 8F       		.byte	0x8f
 555 0336 45030000 		.4byte	0x345
 556 033a 1B       		.uleb128 0x1b
 557 033b 83000000 		.4byte	0x83
 558 033f 1B       		.uleb128 0x1b
ARM GAS  C:\Users\Terence\AppData\Local\Temp\cc4BYEG7.s 			page 19


 559 0340 83000000 		.4byte	0x83
 560 0344 00       		.byte	0
 561 0345 1A       		.uleb128 0x1a
 562 0346 33030000 		.4byte	.LASF29
 563 034a 04       		.byte	0x4
 564 034b 82       		.byte	0x82
 565 034c 56030000 		.4byte	0x356
 566 0350 1B       		.uleb128 0x1b
 567 0351 83000000 		.4byte	0x83
 568 0355 00       		.byte	0
 569 0356 1C       		.uleb128 0x1c
 570 0357 41030000 		.4byte	.LASF37
 571 035b 04       		.byte	0x4
 572 035c 6D       		.byte	0x6d
 573 035d 00       		.byte	0
 574              		.section	.debug_abbrev,"",%progbits
 575              	.Ldebug_abbrev0:
 576 0000 01       		.uleb128 0x1
 577 0001 11       		.uleb128 0x11
 578 0002 01       		.byte	0x1
 579 0003 25       		.uleb128 0x25
 580 0004 0E       		.uleb128 0xe
 581 0005 13       		.uleb128 0x13
 582 0006 0B       		.uleb128 0xb
 583 0007 03       		.uleb128 0x3
 584 0008 0E       		.uleb128 0xe
 585 0009 1B       		.uleb128 0x1b
 586 000a 0E       		.uleb128 0xe
 587 000b 55       		.uleb128 0x55
 588 000c 17       		.uleb128 0x17
 589 000d 11       		.uleb128 0x11
 590 000e 01       		.uleb128 0x1
 591 000f 10       		.uleb128 0x10
 592 0010 17       		.uleb128 0x17
 593 0011 00       		.byte	0
 594 0012 00       		.byte	0
 595 0013 02       		.uleb128 0x2
 596 0014 24       		.uleb128 0x24
 597 0015 00       		.byte	0
 598 0016 0B       		.uleb128 0xb
 599 0017 0B       		.uleb128 0xb
 600 0018 3E       		.uleb128 0x3e
 601 0019 0B       		.uleb128 0xb
 602 001a 03       		.uleb128 0x3
 603 001b 0E       		.uleb128 0xe
 604 001c 00       		.byte	0
 605 001d 00       		.byte	0
 606 001e 03       		.uleb128 0x3
 607 001f 24       		.uleb128 0x24
 608 0020 00       		.byte	0
 609 0021 0B       		.uleb128 0xb
 610 0022 0B       		.uleb128 0xb
 611 0023 3E       		.uleb128 0x3e
 612 0024 0B       		.uleb128 0xb
 613 0025 03       		.uleb128 0x3
 614 0026 08       		.uleb128 0x8
 615 0027 00       		.byte	0
ARM GAS  C:\Users\Terence\AppData\Local\Temp\cc4BYEG7.s 			page 20


 616 0028 00       		.byte	0
 617 0029 04       		.uleb128 0x4
 618 002a 16       		.uleb128 0x16
 619 002b 00       		.byte	0
 620 002c 03       		.uleb128 0x3
 621 002d 0E       		.uleb128 0xe
 622 002e 3A       		.uleb128 0x3a
 623 002f 0B       		.uleb128 0xb
 624 0030 3B       		.uleb128 0x3b
 625 0031 05       		.uleb128 0x5
 626 0032 49       		.uleb128 0x49
 627 0033 13       		.uleb128 0x13
 628 0034 00       		.byte	0
 629 0035 00       		.byte	0
 630 0036 05       		.uleb128 0x5
 631 0037 13       		.uleb128 0x13
 632 0038 01       		.byte	0x1
 633 0039 0B       		.uleb128 0xb
 634 003a 0B       		.uleb128 0xb
 635 003b 3A       		.uleb128 0x3a
 636 003c 0B       		.uleb128 0xb
 637 003d 3B       		.uleb128 0x3b
 638 003e 0B       		.uleb128 0xb
 639 003f 01       		.uleb128 0x1
 640 0040 13       		.uleb128 0x13
 641 0041 00       		.byte	0
 642 0042 00       		.byte	0
 643 0043 06       		.uleb128 0x6
 644 0044 0D       		.uleb128 0xd
 645 0045 00       		.byte	0
 646 0046 03       		.uleb128 0x3
 647 0047 08       		.uleb128 0x8
 648 0048 3A       		.uleb128 0x3a
 649 0049 0B       		.uleb128 0xb
 650 004a 3B       		.uleb128 0x3b
 651 004b 0B       		.uleb128 0xb
 652 004c 49       		.uleb128 0x49
 653 004d 13       		.uleb128 0x13
 654 004e 38       		.uleb128 0x38
 655 004f 0B       		.uleb128 0xb
 656 0050 00       		.byte	0
 657 0051 00       		.byte	0
 658 0052 07       		.uleb128 0x7
 659 0053 01       		.uleb128 0x1
 660 0054 01       		.byte	0x1
 661 0055 49       		.uleb128 0x49
 662 0056 13       		.uleb128 0x13
 663 0057 01       		.uleb128 0x1
 664 0058 13       		.uleb128 0x13
 665 0059 00       		.byte	0
 666 005a 00       		.byte	0
 667 005b 08       		.uleb128 0x8
 668 005c 21       		.uleb128 0x21
 669 005d 00       		.byte	0
 670 005e 49       		.uleb128 0x49
 671 005f 13       		.uleb128 0x13
 672 0060 2F       		.uleb128 0x2f
ARM GAS  C:\Users\Terence\AppData\Local\Temp\cc4BYEG7.s 			page 21


 673 0061 0B       		.uleb128 0xb
 674 0062 00       		.byte	0
 675 0063 00       		.byte	0
 676 0064 09       		.uleb128 0x9
 677 0065 16       		.uleb128 0x16
 678 0066 00       		.byte	0
 679 0067 03       		.uleb128 0x3
 680 0068 0E       		.uleb128 0xe
 681 0069 3A       		.uleb128 0x3a
 682 006a 0B       		.uleb128 0xb
 683 006b 3B       		.uleb128 0x3b
 684 006c 0B       		.uleb128 0xb
 685 006d 49       		.uleb128 0x49
 686 006e 13       		.uleb128 0x13
 687 006f 00       		.byte	0
 688 0070 00       		.byte	0
 689 0071 0A       		.uleb128 0xa
 690 0072 0D       		.uleb128 0xd
 691 0073 00       		.byte	0
 692 0074 03       		.uleb128 0x3
 693 0075 0E       		.uleb128 0xe
 694 0076 3A       		.uleb128 0x3a
 695 0077 0B       		.uleb128 0xb
 696 0078 3B       		.uleb128 0x3b
 697 0079 0B       		.uleb128 0xb
 698 007a 49       		.uleb128 0x49
 699 007b 13       		.uleb128 0x13
 700 007c 38       		.uleb128 0x38
 701 007d 0B       		.uleb128 0xb
 702 007e 00       		.byte	0
 703 007f 00       		.byte	0
 704 0080 0B       		.uleb128 0xb
 705 0081 0F       		.uleb128 0xf
 706 0082 00       		.byte	0
 707 0083 0B       		.uleb128 0xb
 708 0084 0B       		.uleb128 0xb
 709 0085 00       		.byte	0
 710 0086 00       		.byte	0
 711 0087 0C       		.uleb128 0xc
 712 0088 13       		.uleb128 0x13
 713 0089 01       		.byte	0x1
 714 008a 0B       		.uleb128 0xb
 715 008b 05       		.uleb128 0x5
 716 008c 3A       		.uleb128 0x3a
 717 008d 0B       		.uleb128 0xb
 718 008e 3B       		.uleb128 0x3b
 719 008f 0B       		.uleb128 0xb
 720 0090 01       		.uleb128 0x1
 721 0091 13       		.uleb128 0x13
 722 0092 00       		.byte	0
 723 0093 00       		.byte	0
 724 0094 0D       		.uleb128 0xd
 725 0095 2E       		.uleb128 0x2e
 726 0096 01       		.byte	0x1
 727 0097 03       		.uleb128 0x3
 728 0098 0E       		.uleb128 0xe
 729 0099 3A       		.uleb128 0x3a
ARM GAS  C:\Users\Terence\AppData\Local\Temp\cc4BYEG7.s 			page 22


 730 009a 0B       		.uleb128 0xb
 731 009b 3B       		.uleb128 0x3b
 732 009c 05       		.uleb128 0x5
 733 009d 27       		.uleb128 0x27
 734 009e 19       		.uleb128 0x19
 735 009f 20       		.uleb128 0x20
 736 00a0 0B       		.uleb128 0xb
 737 00a1 01       		.uleb128 0x1
 738 00a2 13       		.uleb128 0x13
 739 00a3 00       		.byte	0
 740 00a4 00       		.byte	0
 741 00a5 0E       		.uleb128 0xe
 742 00a6 05       		.uleb128 0x5
 743 00a7 00       		.byte	0
 744 00a8 03       		.uleb128 0x3
 745 00a9 0E       		.uleb128 0xe
 746 00aa 3A       		.uleb128 0x3a
 747 00ab 0B       		.uleb128 0xb
 748 00ac 3B       		.uleb128 0x3b
 749 00ad 05       		.uleb128 0x5
 750 00ae 49       		.uleb128 0x49
 751 00af 13       		.uleb128 0x13
 752 00b0 00       		.byte	0
 753 00b1 00       		.byte	0
 754 00b2 0F       		.uleb128 0xf
 755 00b3 2E       		.uleb128 0x2e
 756 00b4 00       		.byte	0
 757 00b5 03       		.uleb128 0x3
 758 00b6 0E       		.uleb128 0xe
 759 00b7 3A       		.uleb128 0x3a
 760 00b8 0B       		.uleb128 0xb
 761 00b9 3B       		.uleb128 0x3b
 762 00ba 0B       		.uleb128 0xb
 763 00bb 27       		.uleb128 0x27
 764 00bc 19       		.uleb128 0x19
 765 00bd 20       		.uleb128 0x20
 766 00be 0B       		.uleb128 0xb
 767 00bf 00       		.byte	0
 768 00c0 00       		.byte	0
 769 00c1 10       		.uleb128 0x10
 770 00c2 2E       		.uleb128 0x2e
 771 00c3 00       		.byte	0
 772 00c4 3F       		.uleb128 0x3f
 773 00c5 19       		.uleb128 0x19
 774 00c6 03       		.uleb128 0x3
 775 00c7 0E       		.uleb128 0xe
 776 00c8 3A       		.uleb128 0x3a
 777 00c9 0B       		.uleb128 0xb
 778 00ca 3B       		.uleb128 0x3b
 779 00cb 0B       		.uleb128 0xb
 780 00cc 27       		.uleb128 0x27
 781 00cd 19       		.uleb128 0x19
 782 00ce 11       		.uleb128 0x11
 783 00cf 01       		.uleb128 0x1
 784 00d0 12       		.uleb128 0x12
 785 00d1 06       		.uleb128 0x6
 786 00d2 40       		.uleb128 0x40
ARM GAS  C:\Users\Terence\AppData\Local\Temp\cc4BYEG7.s 			page 23


 787 00d3 18       		.uleb128 0x18
 788 00d4 9742     		.uleb128 0x2117
 789 00d6 19       		.uleb128 0x19
 790 00d7 00       		.byte	0
 791 00d8 00       		.byte	0
 792 00d9 11       		.uleb128 0x11
 793 00da 2E       		.uleb128 0x2e
 794 00db 01       		.byte	0x1
 795 00dc 3F       		.uleb128 0x3f
 796 00dd 19       		.uleb128 0x19
 797 00de 03       		.uleb128 0x3
 798 00df 0E       		.uleb128 0xe
 799 00e0 3A       		.uleb128 0x3a
 800 00e1 0B       		.uleb128 0xb
 801 00e2 3B       		.uleb128 0x3b
 802 00e3 0B       		.uleb128 0xb
 803 00e4 27       		.uleb128 0x27
 804 00e5 19       		.uleb128 0x19
 805 00e6 11       		.uleb128 0x11
 806 00e7 01       		.uleb128 0x1
 807 00e8 12       		.uleb128 0x12
 808 00e9 06       		.uleb128 0x6
 809 00ea 40       		.uleb128 0x40
 810 00eb 18       		.uleb128 0x18
 811 00ec 9742     		.uleb128 0x2117
 812 00ee 19       		.uleb128 0x19
 813 00ef 01       		.uleb128 0x1
 814 00f0 13       		.uleb128 0x13
 815 00f1 00       		.byte	0
 816 00f2 00       		.byte	0
 817 00f3 12       		.uleb128 0x12
 818 00f4 05       		.uleb128 0x5
 819 00f5 00       		.byte	0
 820 00f6 03       		.uleb128 0x3
 821 00f7 0E       		.uleb128 0xe
 822 00f8 3A       		.uleb128 0x3a
 823 00f9 0B       		.uleb128 0xb
 824 00fa 3B       		.uleb128 0x3b
 825 00fb 0B       		.uleb128 0xb
 826 00fc 49       		.uleb128 0x49
 827 00fd 13       		.uleb128 0x13
 828 00fe 02       		.uleb128 0x2
 829 00ff 17       		.uleb128 0x17
 830 0100 00       		.byte	0
 831 0101 00       		.byte	0
 832 0102 13       		.uleb128 0x13
 833 0103 1D       		.uleb128 0x1d
 834 0104 01       		.byte	0x1
 835 0105 31       		.uleb128 0x31
 836 0106 13       		.uleb128 0x13
 837 0107 11       		.uleb128 0x11
 838 0108 01       		.uleb128 0x1
 839 0109 12       		.uleb128 0x12
 840 010a 06       		.uleb128 0x6
 841 010b 58       		.uleb128 0x58
 842 010c 0B       		.uleb128 0xb
 843 010d 59       		.uleb128 0x59
ARM GAS  C:\Users\Terence\AppData\Local\Temp\cc4BYEG7.s 			page 24


 844 010e 0B       		.uleb128 0xb
 845 010f 01       		.uleb128 0x1
 846 0110 13       		.uleb128 0x13
 847 0111 00       		.byte	0
 848 0112 00       		.byte	0
 849 0113 14       		.uleb128 0x14
 850 0114 05       		.uleb128 0x5
 851 0115 00       		.byte	0
 852 0116 31       		.uleb128 0x31
 853 0117 13       		.uleb128 0x13
 854 0118 02       		.uleb128 0x2
 855 0119 17       		.uleb128 0x17
 856 011a 00       		.byte	0
 857 011b 00       		.byte	0
 858 011c 15       		.uleb128 0x15
 859 011d 05       		.uleb128 0x5
 860 011e 00       		.byte	0
 861 011f 31       		.uleb128 0x31
 862 0120 13       		.uleb128 0x13
 863 0121 1C       		.uleb128 0x1c
 864 0122 0B       		.uleb128 0xb
 865 0123 00       		.byte	0
 866 0124 00       		.byte	0
 867 0125 16       		.uleb128 0x16
 868 0126 898201   		.uleb128 0x4109
 869 0129 01       		.byte	0x1
 870 012a 11       		.uleb128 0x11
 871 012b 01       		.uleb128 0x1
 872 012c 31       		.uleb128 0x31
 873 012d 13       		.uleb128 0x13
 874 012e 00       		.byte	0
 875 012f 00       		.byte	0
 876 0130 17       		.uleb128 0x17
 877 0131 8A8201   		.uleb128 0x410a
 878 0134 00       		.byte	0
 879 0135 02       		.uleb128 0x2
 880 0136 18       		.uleb128 0x18
 881 0137 9142     		.uleb128 0x2111
 882 0139 18       		.uleb128 0x18
 883 013a 00       		.byte	0
 884 013b 00       		.byte	0
 885 013c 18       		.uleb128 0x18
 886 013d 898201   		.uleb128 0x4109
 887 0140 00       		.byte	0
 888 0141 11       		.uleb128 0x11
 889 0142 01       		.uleb128 0x1
 890 0143 31       		.uleb128 0x31
 891 0144 13       		.uleb128 0x13
 892 0145 00       		.byte	0
 893 0146 00       		.byte	0
 894 0147 19       		.uleb128 0x19
 895 0148 34       		.uleb128 0x34
 896 0149 00       		.byte	0
 897 014a 03       		.uleb128 0x3
 898 014b 0E       		.uleb128 0xe
 899 014c 3A       		.uleb128 0x3a
 900 014d 0B       		.uleb128 0xb
ARM GAS  C:\Users\Terence\AppData\Local\Temp\cc4BYEG7.s 			page 25


 901 014e 3B       		.uleb128 0x3b
 902 014f 0B       		.uleb128 0xb
 903 0150 49       		.uleb128 0x49
 904 0151 13       		.uleb128 0x13
 905 0152 3F       		.uleb128 0x3f
 906 0153 19       		.uleb128 0x19
 907 0154 02       		.uleb128 0x2
 908 0155 18       		.uleb128 0x18
 909 0156 00       		.byte	0
 910 0157 00       		.byte	0
 911 0158 1A       		.uleb128 0x1a
 912 0159 2E       		.uleb128 0x2e
 913 015a 01       		.byte	0x1
 914 015b 3F       		.uleb128 0x3f
 915 015c 19       		.uleb128 0x19
 916 015d 03       		.uleb128 0x3
 917 015e 0E       		.uleb128 0xe
 918 015f 3A       		.uleb128 0x3a
 919 0160 0B       		.uleb128 0xb
 920 0161 3B       		.uleb128 0x3b
 921 0162 0B       		.uleb128 0xb
 922 0163 27       		.uleb128 0x27
 923 0164 19       		.uleb128 0x19
 924 0165 3C       		.uleb128 0x3c
 925 0166 19       		.uleb128 0x19
 926 0167 01       		.uleb128 0x1
 927 0168 13       		.uleb128 0x13
 928 0169 00       		.byte	0
 929 016a 00       		.byte	0
 930 016b 1B       		.uleb128 0x1b
 931 016c 05       		.uleb128 0x5
 932 016d 00       		.byte	0
 933 016e 49       		.uleb128 0x49
 934 016f 13       		.uleb128 0x13
 935 0170 00       		.byte	0
 936 0171 00       		.byte	0
 937 0172 1C       		.uleb128 0x1c
 938 0173 2E       		.uleb128 0x2e
 939 0174 00       		.byte	0
 940 0175 3F       		.uleb128 0x3f
 941 0176 19       		.uleb128 0x19
 942 0177 03       		.uleb128 0x3
 943 0178 0E       		.uleb128 0xe
 944 0179 3A       		.uleb128 0x3a
 945 017a 0B       		.uleb128 0xb
 946 017b 3B       		.uleb128 0x3b
 947 017c 0B       		.uleb128 0xb
 948 017d 27       		.uleb128 0x27
 949 017e 19       		.uleb128 0x19
 950 017f 3C       		.uleb128 0x3c
 951 0180 19       		.uleb128 0x19
 952 0181 00       		.byte	0
 953 0182 00       		.byte	0
 954 0183 00       		.byte	0
 955              		.section	.debug_loc,"",%progbits
 956              	.Ldebug_loc0:
 957              	.LLST0:
ARM GAS  C:\Users\Terence\AppData\Local\Temp\cc4BYEG7.s 			page 26


 958 0000 00000000 		.4byte	.LVL0
 959 0004 11000000 		.4byte	.LVL1-1
 960 0008 0100     		.2byte	0x1
 961 000a 50       		.byte	0x50
 962 000b 11000000 		.4byte	.LVL1-1
 963 000f 3E000000 		.4byte	.LVL8
 964 0013 0100     		.2byte	0x1
 965 0015 55       		.byte	0x55
 966 0016 3E000000 		.4byte	.LVL8
 967 001a 44000000 		.4byte	.LFE32
 968 001e 0400     		.2byte	0x4
 969 0020 F3       		.byte	0xf3
 970 0021 01       		.uleb128 0x1
 971 0022 50       		.byte	0x50
 972 0023 9F       		.byte	0x9f
 973 0024 00000000 		.4byte	0
 974 0028 00000000 		.4byte	0
 975              	.LLST1:
 976 002c 00000000 		.4byte	.LVL0
 977 0030 11000000 		.4byte	.LVL1-1
 978 0034 0100     		.2byte	0x1
 979 0036 51       		.byte	0x51
 980 0037 11000000 		.4byte	.LVL1-1
 981 003b 3E000000 		.4byte	.LVL7
 982 003f 0100     		.2byte	0x1
 983 0041 54       		.byte	0x54
 984 0042 3E000000 		.4byte	.LVL7
 985 0046 44000000 		.4byte	.LFE32
 986 004a 0400     		.2byte	0x4
 987 004c F3       		.byte	0xf3
 988 004d 01       		.uleb128 0x1
 989 004e 51       		.byte	0x51
 990 004f 9F       		.byte	0x9f
 991 0050 00000000 		.4byte	0
 992 0054 00000000 		.4byte	0
 993              	.LLST2:
 994 0058 1C000000 		.4byte	.LVL2
 995 005c 3E000000 		.4byte	.LVL8
 996 0060 0100     		.2byte	0x1
 997 0062 55       		.byte	0x55
 998 0063 3E000000 		.4byte	.LVL8
 999 0067 44000000 		.4byte	.LFE32
 1000 006b 0400     		.2byte	0x4
 1001 006d F3       		.byte	0xf3
 1002 006e 01       		.uleb128 0x1
 1003 006f 50       		.byte	0x50
 1004 0070 9F       		.byte	0x9f
 1005 0071 00000000 		.4byte	0
 1006 0075 00000000 		.4byte	0
 1007              	.LLST3:
 1008 0079 26000000 		.4byte	.LVL3
 1009 007d 3E000000 		.4byte	.LVL7
 1010 0081 0100     		.2byte	0x1
 1011 0083 54       		.byte	0x54
 1012 0084 3E000000 		.4byte	.LVL7
 1013 0088 44000000 		.4byte	.LFE32
 1014 008c 0400     		.2byte	0x4
ARM GAS  C:\Users\Terence\AppData\Local\Temp\cc4BYEG7.s 			page 27


 1015 008e F3       		.byte	0xf3
 1016 008f 01       		.uleb128 0x1
 1017 0090 51       		.byte	0x51
 1018 0091 9F       		.byte	0x9f
 1019 0092 00000000 		.4byte	0
 1020 0096 00000000 		.4byte	0
 1021              		.section	.debug_aranges,"",%progbits
 1022 0000 24000000 		.4byte	0x24
 1023 0004 0200     		.2byte	0x2
 1024 0006 00000000 		.4byte	.Ldebug_info0
 1025 000a 04       		.byte	0x4
 1026 000b 00       		.byte	0
 1027 000c 0000     		.2byte	0
 1028 000e 0000     		.2byte	0
 1029 0010 00000000 		.4byte	.LFB33
 1030 0014 24000000 		.4byte	.LFE33-.LFB33
 1031 0018 00000000 		.4byte	.LFB32
 1032 001c 44000000 		.4byte	.LFE32-.LFB32
 1033 0020 00000000 		.4byte	0
 1034 0024 00000000 		.4byte	0
 1035              		.section	.debug_ranges,"",%progbits
 1036              	.Ldebug_ranges0:
 1037 0000 00000000 		.4byte	.LFB33
 1038 0004 24000000 		.4byte	.LFE33
 1039 0008 00000000 		.4byte	.LFB32
 1040 000c 44000000 		.4byte	.LFE32
 1041 0010 00000000 		.4byte	0
 1042 0014 00000000 		.4byte	0
 1043              		.section	.debug_line,"",%progbits
 1044              	.Ldebug_line0:
 1045 0000 AD000000 		.section	.debug_str,"MS",%progbits,1
 1045      02006A00 
 1045      00000201 
 1045      FB0E0D00 
 1045      01010101 
 1046              	.LASF24:
 1047 0000 64737441 		.ascii	"dstAddress\000"
 1047      64647265 
 1047      737300
 1048              	.LASF28:
 1049 000b 4379446D 		.ascii	"CyDmaValidateDescriptor\000"
 1049      6156616C 
 1049      69646174 
 1049      65446573 
 1049      63726970 
 1050              	.LASF26:
 1051 0023 4379446D 		.ascii	"CyDmaSetSrcAddress\000"
 1051      61536574 
 1051      53726341 
 1051      64647265 
 1051      737300
 1052              	.LASF2:
 1053 0036 73686F72 		.ascii	"short int\000"
 1053      7420696E 
 1053      7400
 1054              	.LASF15:
 1055 0040 73697A65 		.ascii	"sizetype\000"
ARM GAS  C:\Users\Terence\AppData\Local\Temp\cc4BYEG7.s 			page 28


 1055      74797065 
 1055      00
 1056              	.LASF16:
 1057 0049 6379646D 		.ascii	"cydma_channel_ctl_struct\000"
 1057      615F6368 
 1057      616E6E65 
 1057      6C5F6374 
 1057      6C5F7374 
 1058              	.LASF9:
 1059 0062 75696E74 		.ascii	"uint8\000"
 1059      3800
 1060              	.LASF36:
 1061 0068 55534246 		.ascii	"USBFS_ep1_dma_initVar\000"
 1061      535F6570 
 1061      315F646D 
 1061      615F696E 
 1061      69745661 
 1062              	.LASF12:
 1063 007e 666C6F61 		.ascii	"float\000"
 1063      7400
 1064              	.LASF34:
 1065 0084 55534246 		.ascii	"USBFS_ep1_dma_Init\000"
 1065      535F6570 
 1065      315F646D 
 1065      615F496E 
 1065      697400
 1066              	.LASF6:
 1067 0097 6C6F6E67 		.ascii	"long long int\000"
 1067      206C6F6E 
 1067      6720696E 
 1067      7400
 1068              	.LASF23:
 1069 00a5 55534246 		.ascii	"USBFS_ep1_dma_SetDstAddress\000"
 1069      535F6570 
 1069      315F646D 
 1069      615F5365 
 1069      74447374 
 1070              	.LASF4:
 1071 00c1 6C6F6E67 		.ascii	"long int\000"
 1071      20696E74 
 1071      00
 1072              	.LASF27:
 1073 00ca 4379446D 		.ascii	"CyDmaSetDstAddress\000"
 1073      61536574 
 1073      44737441 
 1073      64647265 
 1073      737300
 1074              	.LASF30:
 1075 00dd 474E5520 		.ascii	"GNU C 4.9.3 20150303 (release) [ARM/embedded-4_9-br"
 1075      4320342E 
 1075      392E3320 
 1075      32303135 
 1075      30333033 
 1076 0110 616E6368 		.ascii	"anch revision 221220] -mcpu=cortex-m0 -mthumb -g -O"
 1076      20726576 
 1076      6973696F 
 1076      6E203232 
ARM GAS  C:\Users\Terence\AppData\Local\Temp\cc4BYEG7.s 			page 29


 1076      31323230 
 1077 0143 67202D66 		.ascii	"g -ffunction-sections -ffat-lto-objects\000"
 1077      66756E63 
 1077      74696F6E 
 1077      2D736563 
 1077      74696F6E 
 1078              	.LASF1:
 1079 016b 756E7369 		.ascii	"unsigned char\000"
 1079      676E6564 
 1079      20636861 
 1079      7200
 1080              	.LASF0:
 1081 0179 7369676E 		.ascii	"signed char\000"
 1081      65642063 
 1081      68617200 
 1082              	.LASF7:
 1083 0185 6C6F6E67 		.ascii	"long long unsigned int\000"
 1083      206C6F6E 
 1083      6720756E 
 1083      7369676E 
 1083      65642069 
 1084              	.LASF8:
 1085 019c 756E7369 		.ascii	"unsigned int\000"
 1085      676E6564 
 1085      20696E74 
 1085      00
 1086              	.LASF25:
 1087 01a9 55534246 		.ascii	"USBFS_ep1_dma_ValidateDescriptor\000"
 1087      535F6570 
 1087      315F646D 
 1087      615F5661 
 1087      6C696461 
 1088              	.LASF3:
 1089 01ca 73686F72 		.ascii	"short unsigned int\000"
 1089      7420756E 
 1089      7369676E 
 1089      65642069 
 1089      6E7400
 1090              	.LASF17:
 1091 01dd 73746174 		.ascii	"status\000"
 1091      757300
 1092              	.LASF20:
 1093 01e4 6379646D 		.ascii	"cydma_descriptor_ram_struct\000"
 1093      615F6465 
 1093      73637269 
 1093      70746F72 
 1093      5F72616D 
 1094              	.LASF33:
 1095 0200 55534246 		.ascii	"USBFS_ep1_dma_ChEnable\000"
 1095      535F6570 
 1095      315F646D 
 1095      615F4368 
 1095      456E6162 
 1096              	.LASF35:
 1097 0217 55534246 		.ascii	"USBFS_ep1_dma_Start\000"
 1097      535F6570 
 1097      315F646D 
ARM GAS  C:\Users\Terence\AppData\Local\Temp\cc4BYEG7.s 			page 30


 1097      615F5374 
 1097      61727400 
 1098              	.LASF14:
 1099 022b 63686172 		.ascii	"char\000"
 1099      00
 1100              	.LASF18:
 1101 0230 6379646D 		.ascii	"cydma_descriptor_struct\000"
 1101      615F6465 
 1101      73637269 
 1101      70746F72 
 1101      5F737472 
 1102              	.LASF32:
 1103 0248 433A5C50 		.ascii	"C:\\Program Files (x86)\\Cypress\\CY8CKIT-046 PSoC "
 1103      726F6772 
 1103      616D2046 
 1103      696C6573 
 1103      20287838 
 1104 0278 34204C2D 		.ascii	"4 L-Series Pioneer Kit\\1.0\\Firmware\\PSoC 4200L\\"
 1104      53657269 
 1104      65732050 
 1104      696F6E65 
 1104      6572204B 
 1105 02a7 43593843 		.ascii	"CY8CKIT_046_USB_Audio\\CY8CKIT_046_USB_Audio.cydsn\000"
 1105      4B49545F 
 1105      3034365F 
 1105      5553425F 
 1105      41756469 
 1106              	.LASF21:
 1107 02d9 73726341 		.ascii	"srcAddress\000"
 1107      64647265 
 1107      737300
 1108              	.LASF10:
 1109 02e4 75696E74 		.ascii	"uint32\000"
 1109      333200
 1110              	.LASF5:
 1111 02eb 6C6F6E67 		.ascii	"long unsigned int\000"
 1111      20756E73 
 1111      69676E65 
 1111      6420696E 
 1111      7400
 1112              	.LASF11:
 1113 02fd 696E7433 		.ascii	"int32\000"
 1113      3200
 1114              	.LASF13:
 1115 0303 646F7562 		.ascii	"double\000"
 1115      6C6500
 1116              	.LASF31:
 1117 030a 2E5C4765 		.ascii	".\\Generated_Source\\PSoC4\\USBFS_ep1_dma.c\000"
 1117      6E657261 
 1117      7465645F 
 1117      536F7572 
 1117      63655C50 
 1118              	.LASF29:
 1119 0333 4379446D 		.ascii	"CyDmaChEnable\000"
 1119      61436845 
 1119      6E61626C 
 1119      6500
ARM GAS  C:\Users\Terence\AppData\Local\Temp\cc4BYEG7.s 			page 31


 1120              	.LASF37:
 1121 0341 4379446D 		.ascii	"CyDmaEnable\000"
 1121      61456E61 
 1121      626C6500 
 1122              	.LASF19:
 1123 034d 64657363 		.ascii	"descriptor\000"
 1123      72697074 
 1123      6F7200
 1124              	.LASF22:
 1125 0358 55534246 		.ascii	"USBFS_ep1_dma_SetSrcAddress\000"
 1125      535F6570 
 1125      315F646D 
 1125      615F5365 
 1125      74537263 
 1126              		.ident	"GCC: (GNU Tools for ARM Embedded Processors) 4.9.3 20150303 (release) [ARM/embedded-4_9-br
