ARM GAS  C:\Users\Terence\AppData\Local\Temp\cce68ReY.s 			page 1


   1              		.cpu cortex-m0
   2              		.fpu softvfp
   3              		.eabi_attribute 20, 1
   4              		.eabi_attribute 21, 1
   5              		.eabi_attribute 23, 3
   6              		.eabi_attribute 24, 1
   7              		.eabi_attribute 25, 1
   8              		.eabi_attribute 26, 1
   9              		.eabi_attribute 30, 1
  10              		.eabi_attribute 34, 0
  11              		.eabi_attribute 18, 4
  12              		.code	16
  13              		.file	"USBFS_descr.c"
  14              		.text
  15              	.Ltext0:
  16              		.cfi_sections	.debug_frame
  17              		.comm	USBFS_idSerialNumberStringDescriptor,34,4
  18              		.global	USBFS_TABLE
  19              		.global	USBFS_DEVICE0_TABLE
  20              		.global	USBFS_DEVICE0_CONFIGURATION0_TABLE
  21              		.global	USBFS_DEVICE0_CONFIGURATION0_INTERFACE_CLASS
  22              		.global	USBFS_DEVICE0_CONFIGURATION0_EP_SETTINGS_TABLE
  23              		.global	USBFS_DEVICE0_CONFIGURATION0_INTERFACE3_TABLE
  24              		.global	USBFS_DEVICE0_CONFIGURATION0_INTERFACE3_ALTERNATE0_HID_TABLE
  25              		.global	USBFS_DEVICE0_CONFIGURATION0_INTERFACE3_ALTERNATE0_HID_IN_RPT_TABLE
  26              		.comm	USBFS_DEVICE0_CONFIGURATION0_INTERFACE3_ALTERNATE0_HID_IN_BUF,2,4
  27              		.comm	USBFS_DEVICE0_CONFIGURATION0_INTERFACE3_ALTERNATE0_HID_IN_RPT_SCB,4,4
  28              		.global	USBFS_HIDREPORT_DESCRIPTOR1
  29              		.global	USBFS_SN_STRING_DESCRIPTOR
  30              		.global	USBFS_STRING_DESCRIPTORS
  31              		.global	USBFS_DEVICE0_CONFIGURATION0_DESCR
  32              		.global	USBFS_DEVICE0_DESCR
  33              		.section	.rodata
  34              		.align	2
  35              		.type	USBFS_TABLE, %object
  36              		.size	USBFS_TABLE, 8
  37              	USBFS_TABLE:
  38 0000 01       		.byte	1
  39 0001 000000   		.space	3
  40 0004 00000000 		.word	USBFS_DEVICE0_TABLE
  41              		.type	USBFS_DEVICE0_TABLE, %object
  42              		.size	USBFS_DEVICE0_TABLE, 24
  43              	USBFS_DEVICE0_TABLE:
  44 0008 01       		.byte	1
  45 0009 000000   		.space	3
  46 000c 00000000 		.word	USBFS_DEVICE0_DESCR
  47 0010 00       		.byte	0
  48 0011 000000   		.space	3
  49 0014 00000000 		.word	0
  50 0018 01       		.byte	1
  51 0019 000000   		.space	3
  52 001c 00000000 		.word	USBFS_DEVICE0_CONFIGURATION0_TABLE
  53              		.type	USBFS_DEVICE0_CONFIGURATION0_TABLE, %object
  54              		.size	USBFS_DEVICE0_CONFIGURATION0_TABLE, 56
  55              	USBFS_DEVICE0_CONFIGURATION0_TABLE:
  56 0020 01       		.byte	1
  57 0021 000000   		.space	3
ARM GAS  C:\Users\Terence\AppData\Local\Temp\cce68ReY.s 			page 2


  58 0024 00000000 		.word	USBFS_DEVICE0_CONFIGURATION0_DESCR
  59 0028 05       		.byte	5
  60 0029 000000   		.space	3
  61 002c 00000000 		.word	USBFS_DEVICE0_CONFIGURATION0_EP_SETTINGS_TABLE
  62 0030 00       		.byte	0
  63 0031 000000   		.space	3
  64 0034 00000000 		.word	0
  65 0038 00       		.byte	0
  66 0039 000000   		.space	3
  67 003c 00000000 		.word	0
  68 0040 00       		.byte	0
  69 0041 000000   		.space	3
  70 0044 00000000 		.word	0
  71 0048 01       		.byte	1
  72 0049 000000   		.space	3
  73 004c 00000000 		.word	USBFS_DEVICE0_CONFIGURATION0_INTERFACE3_TABLE
  74 0050 00       		.byte	0
  75 0051 000000   		.space	3
  76 0054 00000000 		.word	USBFS_DEVICE0_CONFIGURATION0_INTERFACE_CLASS
  77              		.type	USBFS_DEVICE0_CONFIGURATION0_INTERFACE_CLASS, %object
  78              		.size	USBFS_DEVICE0_CONFIGURATION0_INTERFACE_CLASS, 4
  79              	USBFS_DEVICE0_CONFIGURATION0_INTERFACE_CLASS:
  80 0058 01       		.byte	1
  81 0059 01       		.byte	1
  82 005a 01       		.byte	1
  83 005b 03       		.byte	3
  84              		.type	USBFS_DEVICE0_CONFIGURATION0_EP_SETTINGS_TABLE, %object
  85              		.size	USBFS_DEVICE0_CONFIGURATION0_EP_SETTINGS_TABLE, 40
  86              	USBFS_DEVICE0_CONFIGURATION0_EP_SETTINGS_TABLE:
  87 005c 00       		.byte	0
  88 005d 00       		.byte	0
  89 005e 86       		.byte	-122
  90 005f 03       		.byte	3
  91 0060 0200     		.short	2
  92 0062 01       		.byte	1
  93 0063 00       		.space	1
  94 0064 01       		.byte	1
  95 0065 01       		.byte	1
  96 0066 01       		.byte	1
  97 0067 05       		.byte	5
  98 0068 2601     		.short	294
  99 006a 01       		.byte	1
 100 006b 00       		.space	1
 101 006c 01       		.byte	1
 102 006d 01       		.byte	1
 103 006e 83       		.byte	-125
 104 006f 11       		.byte	17
 105 0070 0300     		.short	3
 106 0072 01       		.byte	1
 107 0073 00       		.space	1
 108 0074 02       		.byte	2
 109 0075 01       		.byte	1
 110 0076 82       		.byte	-126
 111 0077 05       		.byte	5
 112 0078 2601     		.short	294
 113 007a 01       		.byte	1
 114 007b 00       		.space	1
ARM GAS  C:\Users\Terence\AppData\Local\Temp\cce68ReY.s 			page 3


 115 007c 03       		.byte	3
 116 007d 00       		.byte	0
 117 007e 84       		.byte	-124
 118 007f 03       		.byte	3
 119 0080 0200     		.short	2
 120 0082 03       		.byte	3
 121 0083 00       		.space	1
 122              		.type	USBFS_DEVICE0_CONFIGURATION0_INTERFACE3_TABLE, %object
 123              		.size	USBFS_DEVICE0_CONFIGURATION0_INTERFACE3_TABLE, 8
 124              	USBFS_DEVICE0_CONFIGURATION0_INTERFACE3_TABLE:
 125 0084 01       		.byte	1
 126 0085 000000   		.space	3
 127 0088 00000000 		.word	USBFS_DEVICE0_CONFIGURATION0_INTERFACE3_ALTERNATE0_HID_TABLE
 128              		.type	USBFS_DEVICE0_CONFIGURATION0_INTERFACE3_ALTERNATE0_HID_TABLE, %object
 129              		.size	USBFS_DEVICE0_CONFIGURATION0_INTERFACE3_ALTERNATE0_HID_TABLE, 40
 130              	USBFS_DEVICE0_CONFIGURATION0_INTERFACE3_ALTERNATE0_HID_TABLE:
 131 008c 00       		.byte	0
 132 008d 000000   		.space	3
 133 0090 00000000 		.word	USBFS_DEVICE0_CONFIGURATION0_INTERFACE3_ALTERNATE0_HID_IN_RPT_TABLE
 134 0094 00       		.byte	0
 135 0095 000000   		.space	3
 136 0098 00000000 		.word	0
 137 009c 00       		.byte	0
 138 009d 000000   		.space	3
 139 00a0 00000000 		.word	0
 140 00a4 01       		.byte	1
 141 00a5 000000   		.space	3
 142 00a8 00000000 		.word	USBFS_HIDREPORT_DESCRIPTOR1
 143 00ac 01       		.byte	1
 144 00ad 000000   		.space	3
 145 00b0 D7000000 		.word	USBFS_DEVICE0_CONFIGURATION0_DESCR+215
 146              		.type	USBFS_DEVICE0_CONFIGURATION0_INTERFACE3_ALTERNATE0_HID_IN_RPT_TABLE, %object
 147              		.size	USBFS_DEVICE0_CONFIGURATION0_INTERFACE3_ALTERNATE0_HID_IN_RPT_TABLE, 12
 148              	USBFS_DEVICE0_CONFIGURATION0_INTERFACE3_ALTERNATE0_HID_IN_RPT_TABLE:
 149 00b4 0200     		.short	2
 150 00b6 0000     		.space	2
 151 00b8 00000000 		.word	USBFS_DEVICE0_CONFIGURATION0_INTERFACE3_ALTERNATE0_HID_IN_BUF
 152 00bc 00000000 		.word	USBFS_DEVICE0_CONFIGURATION0_INTERFACE3_ALTERNATE0_HID_IN_RPT_SCB
 153              		.type	USBFS_HIDREPORT_DESCRIPTOR1, %object
 154              		.size	USBFS_HIDREPORT_DESCRIPTOR1, 39
 155              	USBFS_HIDREPORT_DESCRIPTOR1:
 156 00c0 23       		.byte	35
 157 00c1 00       		.byte	0
 158 00c2 05       		.byte	5
 159 00c3 0C       		.byte	12
 160 00c4 09       		.byte	9
 161 00c5 01       		.byte	1
 162 00c6 A1       		.byte	-95
 163 00c7 01       		.byte	1
 164 00c8 15       		.byte	21
 165 00c9 00       		.byte	0
 166 00ca 25       		.byte	37
 167 00cb 01       		.byte	1
 168 00cc 75       		.byte	117
 169 00cd 01       		.byte	1
 170 00ce 95       		.byte	-107
 171 00cf 07       		.byte	7
ARM GAS  C:\Users\Terence\AppData\Local\Temp\cce68ReY.s 			page 4


 172 00d0 09       		.byte	9
 173 00d1 CD       		.byte	-51
 174 00d2 09       		.byte	9
 175 00d3 B5       		.byte	-75
 176 00d4 09       		.byte	9
 177 00d5 B6       		.byte	-74
 178 00d6 09       		.byte	9
 179 00d7 B7       		.byte	-73
 180 00d8 09       		.byte	9
 181 00d9 E2       		.byte	-30
 182 00da 09       		.byte	9
 183 00db E9       		.byte	-23
 184 00dc 09       		.byte	9
 185 00dd EA       		.byte	-22
 186 00de 81       		.byte	-127
 187 00df 02       		.byte	2
 188 00e0 95       		.byte	-107
 189 00e1 01       		.byte	1
 190 00e2 81       		.byte	-127
 191 00e3 01       		.byte	1
 192 00e4 C0       		.byte	-64
 193 00e5 00       		.byte	0
 194 00e6 00       		.byte	0
 195 00e7 00       		.space	1
 196              		.type	USBFS_SN_STRING_DESCRIPTOR, %object
 197              		.size	USBFS_SN_STRING_DESCRIPTOR, 2
 198              	USBFS_SN_STRING_DESCRIPTOR:
 199 00e8 02       		.byte	2
 200 00e9 03       		.byte	3
 201 00ea 0000     		.space	2
 202              		.type	USBFS_STRING_DESCRIPTORS, %object
 203              		.size	USBFS_STRING_DESCRIPTORS, 227
 204              	USBFS_STRING_DESCRIPTORS:
 205 00ec 04       		.byte	4
 206 00ed 03       		.byte	3
 207 00ee 09       		.byte	9
 208 00ef 04       		.byte	4
 209 00f0 2C       		.byte	44
 210 00f1 03       		.byte	3
 211 00f2 43       		.byte	67
 212 00f3 00       		.byte	0
 213 00f4 79       		.byte	121
 214 00f5 00       		.byte	0
 215 00f6 70       		.byte	112
 216 00f7 00       		.byte	0
 217 00f8 72       		.byte	114
 218 00f9 00       		.byte	0
 219 00fa 65       		.byte	101
 220 00fb 00       		.byte	0
 221 00fc 73       		.byte	115
 222 00fd 00       		.byte	0
 223 00fe 73       		.byte	115
 224 00ff 00       		.byte	0
 225 0100 20       		.byte	32
 226 0101 00       		.byte	0
 227 0102 53       		.byte	83
 228 0103 00       		.byte	0
ARM GAS  C:\Users\Terence\AppData\Local\Temp\cce68ReY.s 			page 5


 229 0104 65       		.byte	101
 230 0105 00       		.byte	0
 231 0106 6D       		.byte	109
 232 0107 00       		.byte	0
 233 0108 69       		.byte	105
 234 0109 00       		.byte	0
 235 010a 63       		.byte	99
 236 010b 00       		.byte	0
 237 010c 6F       		.byte	111
 238 010d 00       		.byte	0
 239 010e 6E       		.byte	110
 240 010f 00       		.byte	0
 241 0110 64       		.byte	100
 242 0111 00       		.byte	0
 243 0112 75       		.byte	117
 244 0113 00       		.byte	0
 245 0114 63       		.byte	99
 246 0115 00       		.byte	0
 247 0116 74       		.byte	116
 248 0117 00       		.byte	0
 249 0118 6F       		.byte	111
 250 0119 00       		.byte	0
 251 011a 72       		.byte	114
 252 011b 00       		.byte	0
 253 011c 2C       		.byte	44
 254 011d 03       		.byte	3
 255 011e 43       		.byte	67
 256 011f 00       		.byte	0
 257 0120 59       		.byte	89
 258 0121 00       		.byte	0
 259 0122 38       		.byte	56
 260 0123 00       		.byte	0
 261 0124 43       		.byte	67
 262 0125 00       		.byte	0
 263 0126 4B       		.byte	75
 264 0127 00       		.byte	0
 265 0128 49       		.byte	73
 266 0129 00       		.byte	0
 267 012a 54       		.byte	84
 268 012b 00       		.byte	0
 269 012c 2D       		.byte	45
 270 012d 00       		.byte	0
 271 012e 30       		.byte	48
 272 012f 00       		.byte	0
 273 0130 34       		.byte	52
 274 0131 00       		.byte	0
 275 0132 36       		.byte	54
 276 0133 00       		.byte	0
 277 0134 20       		.byte	32
 278 0135 00       		.byte	0
 279 0136 55       		.byte	85
 280 0137 00       		.byte	0
 281 0138 53       		.byte	83
 282 0139 00       		.byte	0
 283 013a 42       		.byte	66
 284 013b 00       		.byte	0
 285 013c 20       		.byte	32
ARM GAS  C:\Users\Terence\AppData\Local\Temp\cce68ReY.s 			page 6


 286 013d 00       		.byte	0
 287 013e 41       		.byte	65
 288 013f 00       		.byte	0
 289 0140 75       		.byte	117
 290 0141 00       		.byte	0
 291 0142 64       		.byte	100
 292 0143 00       		.byte	0
 293 0144 69       		.byte	105
 294 0145 00       		.byte	0
 295 0146 6F       		.byte	111
 296 0147 00       		.byte	0
 297 0148 08       		.byte	8
 298 0149 03       		.byte	3
 299 014a 4D       		.byte	77
 300 014b 00       		.byte	0
 301 014c 61       		.byte	97
 302 014d 00       		.byte	0
 303 014e 63       		.byte	99
 304 014f 00       		.byte	0
 305 0150 1C       		.byte	28
 306 0151 03       		.byte	3
 307 0152 55       		.byte	85
 308 0153 00       		.byte	0
 309 0154 53       		.byte	83
 310 0155 00       		.byte	0
 311 0156 42       		.byte	66
 312 0157 00       		.byte	0
 313 0158 20       		.byte	32
 314 0159 00       		.byte	0
 315 015a 53       		.byte	83
 316 015b 00       		.byte	0
 317 015c 74       		.byte	116
 318 015d 00       		.byte	0
 319 015e 72       		.byte	114
 320 015f 00       		.byte	0
 321 0160 65       		.byte	101
 322 0161 00       		.byte	0
 323 0162 61       		.byte	97
 324 0163 00       		.byte	0
 325 0164 6D       		.byte	109
 326 0165 00       		.byte	0
 327 0166 69       		.byte	105
 328 0167 00       		.byte	0
 329 0168 6E       		.byte	110
 330 0169 00       		.byte	0
 331 016a 67       		.byte	103
 332 016b 00       		.byte	0
 333 016c 10       		.byte	16
 334 016d 03       		.byte	3
 335 016e 53       		.byte	83
 336 016f 00       		.byte	0
 337 0170 70       		.byte	112
 338 0171 00       		.byte	0
 339 0172 65       		.byte	101
 340 0173 00       		.byte	0
 341 0174 61       		.byte	97
 342 0175 00       		.byte	0
ARM GAS  C:\Users\Terence\AppData\Local\Temp\cce68ReY.s 			page 7


 343 0176 6B       		.byte	107
 344 0177 00       		.byte	0
 345 0178 65       		.byte	101
 346 0179 00       		.byte	0
 347 017a 72       		.byte	114
 348 017b 00       		.byte	0
 349 017c 16       		.byte	22
 350 017d 03       		.byte	3
 351 017e 4D       		.byte	77
 352 017f 00       		.byte	0
 353 0180 69       		.byte	105
 354 0181 00       		.byte	0
 355 0182 63       		.byte	99
 356 0183 00       		.byte	0
 357 0184 72       		.byte	114
 358 0185 00       		.byte	0
 359 0186 6F       		.byte	111
 360 0187 00       		.byte	0
 361 0188 70       		.byte	112
 362 0189 00       		.byte	0
 363 018a 68       		.byte	104
 364 018b 00       		.byte	0
 365 018c 6F       		.byte	111
 366 018d 00       		.byte	0
 367 018e 6E       		.byte	110
 368 018f 00       		.byte	0
 369 0190 65       		.byte	101
 370 0191 00       		.byte	0
 371 0192 1C       		.byte	28
 372 0193 03       		.byte	3
 373 0194 41       		.byte	65
 374 0195 00       		.byte	0
 375 0196 63       		.byte	99
 376 0197 00       		.byte	0
 377 0198 74       		.byte	116
 378 0199 00       		.byte	0
 379 019a 69       		.byte	105
 380 019b 00       		.byte	0
 381 019c 76       		.byte	118
 382 019d 00       		.byte	0
 383 019e 65       		.byte	101
 384 019f 00       		.byte	0
 385 01a0 20       		.byte	32
 386 01a1 00       		.byte	0
 387 01a2 32       		.byte	50
 388 01a3 00       		.byte	0
 389 01a4 34       		.byte	52
 390 01a5 00       		.byte	0
 391 01a6 20       		.byte	32
 392 01a7 00       		.byte	0
 393 01a8 62       		.byte	98
 394 01a9 00       		.byte	0
 395 01aa 69       		.byte	105
 396 01ab 00       		.byte	0
 397 01ac 74       		.byte	116
 398 01ad 00       		.byte	0
 399 01ae 20       		.byte	32
ARM GAS  C:\Users\Terence\AppData\Local\Temp\cce68ReY.s 			page 8


 400 01af 03       		.byte	3
 401 01b0 50       		.byte	80
 402 01b1 00       		.byte	0
 403 01b2 6C       		.byte	108
 404 01b3 00       		.byte	0
 405 01b4 61       		.byte	97
 406 01b5 00       		.byte	0
 407 01b6 79       		.byte	121
 408 01b7 00       		.byte	0
 409 01b8 6C       		.byte	108
 410 01b9 00       		.byte	0
 411 01ba 69       		.byte	105
 412 01bb 00       		.byte	0
 413 01bc 73       		.byte	115
 414 01bd 00       		.byte	0
 415 01be 74       		.byte	116
 416 01bf 00       		.byte	0
 417 01c0 43       		.byte	67
 418 01c1 00       		.byte	0
 419 01c2 6F       		.byte	111
 420 01c3 00       		.byte	0
 421 01c4 6E       		.byte	110
 422 01c5 00       		.byte	0
 423 01c6 74       		.byte	116
 424 01c7 00       		.byte	0
 425 01c8 72       		.byte	114
 426 01c9 00       		.byte	0
 427 01ca 6F       		.byte	111
 428 01cb 00       		.byte	0
 429 01cc 6C       		.byte	108
 430 01cd 00       		.byte	0
 431 01ce 00       		.byte	0
 432 01cf 00       		.space	1
 433              		.type	USBFS_DEVICE0_CONFIGURATION0_DESCR, %object
 434              		.size	USBFS_DEVICE0_CONFIGURATION0_DESCR, 231
 435              	USBFS_DEVICE0_CONFIGURATION0_DESCR:
 436 01d0 09       		.byte	9
 437 01d1 02       		.byte	2
 438 01d2 E7       		.byte	-25
 439 01d3 00       		.byte	0
 440 01d4 04       		.byte	4
 441 01d5 01       		.byte	1
 442 01d6 03       		.byte	3
 443 01d7 C0       		.byte	-64
 444 01d8 32       		.byte	50
 445 01d9 09       		.byte	9
 446 01da 04       		.byte	4
 447 01db 00       		.byte	0
 448 01dc 00       		.byte	0
 449 01dd 01       		.byte	1
 450 01de 01       		.byte	1
 451 01df 01       		.byte	1
 452 01e0 00       		.byte	0
 453 01e1 02       		.byte	2
 454 01e2 0A       		.byte	10
 455 01e3 24       		.byte	36
 456 01e4 01       		.byte	1
ARM GAS  C:\Users\Terence\AppData\Local\Temp\cce68ReY.s 			page 9


 457 01e5 00       		.byte	0
 458 01e6 01       		.byte	1
 459 01e7 3C       		.byte	60
 460 01e8 00       		.byte	0
 461 01e9 02       		.byte	2
 462 01ea 01       		.byte	1
 463 01eb 02       		.byte	2
 464 01ec 08       		.byte	8
 465 01ed 24       		.byte	36
 466 01ee 06       		.byte	6
 467 01ef 02       		.byte	2
 468 01f0 01       		.byte	1
 469 01f1 01       		.byte	1
 470 01f2 03       		.byte	3
 471 01f3 00       		.byte	0
 472 01f4 0C       		.byte	12
 473 01f5 24       		.byte	36
 474 01f6 02       		.byte	2
 475 01f7 01       		.byte	1
 476 01f8 01       		.byte	1
 477 01f9 01       		.byte	1
 478 01fa 00       		.byte	0
 479 01fb 02       		.byte	2
 480 01fc 03       		.byte	3
 481 01fd 00       		.byte	0
 482 01fe 00       		.byte	0
 483 01ff 04       		.byte	4
 484 0200 09       		.byte	9
 485 0201 24       		.byte	36
 486 0202 03       		.byte	3
 487 0203 03       		.byte	3
 488 0204 01       		.byte	1
 489 0205 03       		.byte	3
 490 0206 00       		.byte	0
 491 0207 02       		.byte	2
 492 0208 05       		.byte	5
 493 0209 0C       		.byte	12
 494 020a 24       		.byte	36
 495 020b 02       		.byte	2
 496 020c 04       		.byte	4
 497 020d 01       		.byte	1
 498 020e 02       		.byte	2
 499 020f 00       		.byte	0
 500 0210 02       		.byte	2
 501 0211 03       		.byte	3
 502 0212 00       		.byte	0
 503 0213 00       		.byte	0
 504 0214 06       		.byte	6
 505 0215 09       		.byte	9
 506 0216 24       		.byte	36
 507 0217 03       		.byte	3
 508 0218 05       		.byte	5
 509 0219 01       		.byte	1
 510 021a 01       		.byte	1
 511 021b 00       		.byte	0
 512 021c 04       		.byte	4
 513 021d 04       		.byte	4
ARM GAS  C:\Users\Terence\AppData\Local\Temp\cce68ReY.s 			page 10


 514 021e 09       		.byte	9
 515 021f 05       		.byte	5
 516 0220 86       		.byte	-122
 517 0221 03       		.byte	3
 518 0222 02       		.byte	2
 519 0223 00       		.byte	0
 520 0224 1E       		.byte	30
 521 0225 00       		.byte	0
 522 0226 00       		.byte	0
 523 0227 09       		.byte	9
 524 0228 04       		.byte	4
 525 0229 01       		.byte	1
 526 022a 00       		.byte	0
 527 022b 00       		.byte	0
 528 022c 01       		.byte	1
 529 022d 02       		.byte	2
 530 022e 00       		.byte	0
 531 022f 05       		.byte	5
 532 0230 09       		.byte	9
 533 0231 04       		.byte	4
 534 0232 01       		.byte	1
 535 0233 01       		.byte	1
 536 0234 02       		.byte	2
 537 0235 01       		.byte	1
 538 0236 02       		.byte	2
 539 0237 00       		.byte	0
 540 0238 07       		.byte	7
 541 0239 07       		.byte	7
 542 023a 24       		.byte	36
 543 023b 01       		.byte	1
 544 023c 01       		.byte	1
 545 023d 01       		.byte	1
 546 023e 01       		.byte	1
 547 023f 00       		.byte	0
 548 0240 0E       		.byte	14
 549 0241 24       		.byte	36
 550 0242 02       		.byte	2
 551 0243 01       		.byte	1
 552 0244 02       		.byte	2
 553 0245 03       		.byte	3
 554 0246 18       		.byte	24
 555 0247 02       		.byte	2
 556 0248 44       		.byte	68
 557 0249 AC       		.byte	-84
 558 024a 00       		.byte	0
 559 024b 80       		.byte	-128
 560 024c BB       		.byte	-69
 561 024d 00       		.byte	0
 562 024e 09       		.byte	9
 563 024f 05       		.byte	5
 564 0250 01       		.byte	1
 565 0251 05       		.byte	5
 566 0252 26       		.byte	38
 567 0253 01       		.byte	1
 568 0254 01       		.byte	1
 569 0255 00       		.byte	0
 570 0256 83       		.byte	-125
ARM GAS  C:\Users\Terence\AppData\Local\Temp\cce68ReY.s 			page 11


 571 0257 07       		.byte	7
 572 0258 25       		.byte	37
 573 0259 01       		.byte	1
 574 025a 01       		.byte	1
 575 025b 00       		.byte	0
 576 025c 00       		.byte	0
 577 025d 00       		.byte	0
 578 025e 09       		.byte	9
 579 025f 05       		.byte	5
 580 0260 83       		.byte	-125
 581 0261 11       		.byte	17
 582 0262 03       		.byte	3
 583 0263 00       		.byte	0
 584 0264 04       		.byte	4
 585 0265 03       		.byte	3
 586 0266 00       		.byte	0
 587 0267 09       		.byte	9
 588 0268 04       		.byte	4
 589 0269 02       		.byte	2
 590 026a 00       		.byte	0
 591 026b 00       		.byte	0
 592 026c 01       		.byte	1
 593 026d 02       		.byte	2
 594 026e 00       		.byte	0
 595 026f 06       		.byte	6
 596 0270 09       		.byte	9
 597 0271 04       		.byte	4
 598 0272 02       		.byte	2
 599 0273 01       		.byte	1
 600 0274 01       		.byte	1
 601 0275 01       		.byte	1
 602 0276 02       		.byte	2
 603 0277 00       		.byte	0
 604 0278 07       		.byte	7
 605 0279 07       		.byte	7
 606 027a 24       		.byte	36
 607 027b 01       		.byte	1
 608 027c 05       		.byte	5
 609 027d 01       		.byte	1
 610 027e 01       		.byte	1
 611 027f 00       		.byte	0
 612 0280 0E       		.byte	14
 613 0281 24       		.byte	36
 614 0282 02       		.byte	2
 615 0283 01       		.byte	1
 616 0284 02       		.byte	2
 617 0285 03       		.byte	3
 618 0286 18       		.byte	24
 619 0287 02       		.byte	2
 620 0288 44       		.byte	68
 621 0289 AC       		.byte	-84
 622 028a 00       		.byte	0
 623 028b 80       		.byte	-128
 624 028c BB       		.byte	-69
 625 028d 00       		.byte	0
 626 028e 09       		.byte	9
 627 028f 05       		.byte	5
ARM GAS  C:\Users\Terence\AppData\Local\Temp\cce68ReY.s 			page 12


 628 0290 82       		.byte	-126
 629 0291 05       		.byte	5
 630 0292 26       		.byte	38
 631 0293 01       		.byte	1
 632 0294 01       		.byte	1
 633 0295 00       		.byte	0
 634 0296 00       		.byte	0
 635 0297 07       		.byte	7
 636 0298 25       		.byte	37
 637 0299 01       		.byte	1
 638 029a 01       		.byte	1
 639 029b 00       		.byte	0
 640 029c 00       		.byte	0
 641 029d 00       		.byte	0
 642 029e 09       		.byte	9
 643 029f 04       		.byte	4
 644 02a0 03       		.byte	3
 645 02a1 00       		.byte	0
 646 02a2 01       		.byte	1
 647 02a3 03       		.byte	3
 648 02a4 00       		.byte	0
 649 02a5 00       		.byte	0
 650 02a6 08       		.byte	8
 651 02a7 09       		.byte	9
 652 02a8 21       		.byte	33
 653 02a9 11       		.byte	17
 654 02aa 01       		.byte	1
 655 02ab 00       		.byte	0
 656 02ac 01       		.byte	1
 657 02ad 22       		.byte	34
 658 02ae 23       		.byte	35
 659 02af 00       		.byte	0
 660 02b0 07       		.byte	7
 661 02b1 05       		.byte	5
 662 02b2 84       		.byte	-124
 663 02b3 03       		.byte	3
 664 02b4 02       		.byte	2
 665 02b5 00       		.byte	0
 666 02b6 28       		.byte	40
 667 02b7 00       		.space	1
 668              		.type	USBFS_DEVICE0_DESCR, %object
 669              		.size	USBFS_DEVICE0_DESCR, 18
 670              	USBFS_DEVICE0_DESCR:
 671 02b8 12       		.byte	18
 672 02b9 01       		.byte	1
 673 02ba 00       		.byte	0
 674 02bb 02       		.byte	2
 675 02bc 00       		.byte	0
 676 02bd 00       		.byte	0
 677 02be 00       		.byte	0
 678 02bf 08       		.byte	8
 679 02c0 B4       		.byte	-76
 680 02c1 04       		.byte	4
 681 02c2 44       		.byte	68
 682 02c3 F1       		.byte	-15
 683 02c4 01       		.byte	1
 684 02c5 00       		.byte	0
ARM GAS  C:\Users\Terence\AppData\Local\Temp\cce68ReY.s 			page 13


 685 02c6 01       		.byte	1
 686 02c7 02       		.byte	2
 687 02c8 80       		.byte	-128
 688 02c9 01       		.byte	1
 689 02ca 0000     		.text
 690              	.Letext0:
 691              		.file 1 ".\\Generated_Source\\PSoC4\\cytypes.h"
 692              		.file 2 ".\\Generated_Source\\PSoC4\\USBFS.h"
 693              		.file 3 ".\\Generated_Source\\PSoC4\\USBFS_descr.c"
 694              		.section	.debug_info,"",%progbits
 695              	.Ldebug_info0:
 696 0000 C5030000 		.4byte	0x3c5
 697 0004 0400     		.2byte	0x4
 698 0006 00000000 		.4byte	.Ldebug_abbrev0
 699 000a 04       		.byte	0x4
 700 000b 01       		.uleb128 0x1
 701 000c 86030000 		.4byte	.LASF47
 702 0010 01       		.byte	0x1
 703 0011 DB000000 		.4byte	.LASF48
 704 0015 8B020000 		.4byte	.LASF49
 705 0019 00000000 		.4byte	.Ldebug_line0
 706 001d 02       		.uleb128 0x2
 707 001e 01       		.byte	0x1
 708 001f 06       		.byte	0x6
 709 0020 C0040000 		.4byte	.LASF0
 710 0024 02       		.uleb128 0x2
 711 0025 01       		.byte	0x1
 712 0026 08       		.byte	0x8
 713 0027 50030000 		.4byte	.LASF1
 714 002b 02       		.uleb128 0x2
 715 002c 02       		.byte	0x2
 716 002d 05       		.byte	0x5
 717 002e 1F040000 		.4byte	.LASF2
 718 0032 02       		.uleb128 0x2
 719 0033 02       		.byte	0x2
 720 0034 07       		.byte	0x7
 721 0035 60000000 		.4byte	.LASF3
 722 0039 02       		.uleb128 0x2
 723 003a 04       		.byte	0x4
 724 003b 05       		.byte	0x5
 725 003c B7040000 		.4byte	.LASF4
 726 0040 02       		.uleb128 0x2
 727 0041 04       		.byte	0x4
 728 0042 07       		.byte	0x7
 729 0043 4E020000 		.4byte	.LASF5
 730 0047 02       		.uleb128 0x2
 731 0048 08       		.byte	0x8
 732 0049 05       		.byte	0x5
 733 004a 67030000 		.4byte	.LASF6
 734 004e 02       		.uleb128 0x2
 735 004f 08       		.byte	0x8
 736 0050 07       		.byte	0x7
 737 0051 6D020000 		.4byte	.LASF7
 738 0055 03       		.uleb128 0x3
 739 0056 04       		.byte	0x4
 740 0057 05       		.byte	0x5
 741 0058 696E7400 		.ascii	"int\000"
ARM GAS  C:\Users\Terence\AppData\Local\Temp\cce68ReY.s 			page 14


 742 005c 02       		.uleb128 0x2
 743 005d 04       		.byte	0x4
 744 005e 07       		.byte	0x7
 745 005f 60020000 		.4byte	.LASF8
 746 0063 04       		.uleb128 0x4
 747 0064 45040000 		.4byte	.LASF9
 748 0068 01       		.byte	0x1
 749 0069 3801     		.2byte	0x138
 750 006b 24000000 		.4byte	0x24
 751 006f 04       		.uleb128 0x4
 752 0070 F5010000 		.4byte	.LASF10
 753 0074 01       		.byte	0x1
 754 0075 3901     		.2byte	0x139
 755 0077 32000000 		.4byte	0x32
 756 007b 02       		.uleb128 0x2
 757 007c 04       		.byte	0x4
 758 007d 04       		.byte	0x4
 759 007e A6000000 		.4byte	.LASF11
 760 0082 02       		.uleb128 0x2
 761 0083 08       		.byte	0x8
 762 0084 04       		.byte	0x4
 763 0085 EE010000 		.4byte	.LASF12
 764 0089 02       		.uleb128 0x2
 765 008a 01       		.byte	0x1
 766 008b 08       		.byte	0x8
 767 008c 81030000 		.4byte	.LASF13
 768 0090 05       		.uleb128 0x5
 769 0091 63000000 		.4byte	0x63
 770 0095 02       		.uleb128 0x2
 771 0096 04       		.byte	0x4
 772 0097 07       		.byte	0x7
 773 0098 5E030000 		.4byte	.LASF14
 774 009c 06       		.uleb128 0x6
 775 009d 08       		.byte	0x8
 776 009e 02       		.byte	0x2
 777 009f A2       		.byte	0xa2
 778 00a0 ED000000 		.4byte	0xed
 779 00a4 07       		.uleb128 0x7
 780 00a5 88040000 		.4byte	.LASF15
 781 00a9 02       		.byte	0x2
 782 00aa A4       		.byte	0xa4
 783 00ab 63000000 		.4byte	0x63
 784 00af 00       		.byte	0
 785 00b0 07       		.uleb128 0x7
 786 00b1 AC000000 		.4byte	.LASF16
 787 00b5 02       		.byte	0x2
 788 00b6 A5       		.byte	0xa5
 789 00b7 63000000 		.4byte	0x63
 790 00bb 01       		.byte	0x1
 791 00bc 07       		.uleb128 0x7
 792 00bd 63010000 		.4byte	.LASF17
 793 00c1 02       		.byte	0x2
 794 00c2 A6       		.byte	0xa6
 795 00c3 63000000 		.4byte	0x63
 796 00c7 02       		.byte	0x2
 797 00c8 07       		.uleb128 0x7
 798 00c9 D0000000 		.4byte	.LASF18
ARM GAS  C:\Users\Terence\AppData\Local\Temp\cce68ReY.s 			page 15


 799 00cd 02       		.byte	0x2
 800 00ce A7       		.byte	0xa7
 801 00cf 63000000 		.4byte	0x63
 802 00d3 03       		.byte	0x3
 803 00d4 07       		.uleb128 0x7
 804 00d5 14040000 		.4byte	.LASF19
 805 00d9 02       		.byte	0x2
 806 00da A8       		.byte	0xa8
 807 00db 6F000000 		.4byte	0x6f
 808 00df 04       		.byte	0x4
 809 00e0 07       		.uleb128 0x7
 810 00e1 15050000 		.4byte	.LASF20
 811 00e5 02       		.byte	0x2
 812 00e6 A9       		.byte	0xa9
 813 00e7 63000000 		.4byte	0x63
 814 00eb 06       		.byte	0x6
 815 00ec 00       		.byte	0
 816 00ed 08       		.uleb128 0x8
 817 00ee 1C030000 		.4byte	.LASF21
 818 00f2 02       		.byte	0x2
 819 00f3 AA       		.byte	0xaa
 820 00f4 9C000000 		.4byte	0x9c
 821 00f8 06       		.uleb128 0x6
 822 00f9 04       		.byte	0x4
 823 00fa 02       		.byte	0x2
 824 00fb AC       		.byte	0xac
 825 00fc 19010000 		.4byte	0x119
 826 0100 07       		.uleb128 0x7
 827 0101 8E000000 		.4byte	.LASF22
 828 0105 02       		.byte	0x2
 829 0106 AE       		.byte	0xae
 830 0107 63000000 		.4byte	0x63
 831 010b 00       		.byte	0
 832 010c 07       		.uleb128 0x7
 833 010d 0E050000 		.4byte	.LASF23
 834 0111 02       		.byte	0x2
 835 0112 AF       		.byte	0xaf
 836 0113 6F000000 		.4byte	0x6f
 837 0117 02       		.byte	0x2
 838 0118 00       		.byte	0
 839 0119 08       		.uleb128 0x8
 840 011a 36030000 		.4byte	.LASF24
 841 011e 02       		.byte	0x2
 842 011f B0       		.byte	0xb0
 843 0120 F8000000 		.4byte	0xf8
 844 0124 06       		.uleb128 0x6
 845 0125 0C       		.byte	0xc
 846 0126 02       		.byte	0x2
 847 0127 B2       		.byte	0xb2
 848 0128 51010000 		.4byte	0x151
 849 012c 07       		.uleb128 0x7
 850 012d 5A000000 		.4byte	.LASF25
 851 0131 02       		.byte	0x2
 852 0132 B4       		.byte	0xb4
 853 0133 6F000000 		.4byte	0x6f
 854 0137 00       		.byte	0
 855 0138 07       		.uleb128 0x7
ARM GAS  C:\Users\Terence\AppData\Local\Temp\cce68ReY.s 			page 16


 856 0139 95000000 		.4byte	.LASF26
 857 013d 02       		.byte	0x2
 858 013e B5       		.byte	0xb5
 859 013f 51010000 		.4byte	0x151
 860 0143 04       		.byte	0x4
 861 0144 07       		.uleb128 0x7
 862 0145 14000000 		.4byte	.LASF27
 863 0149 02       		.byte	0x2
 864 014a B6       		.byte	0xb6
 865 014b 57010000 		.4byte	0x157
 866 014f 08       		.byte	0x8
 867 0150 00       		.byte	0
 868 0151 09       		.uleb128 0x9
 869 0152 04       		.byte	0x4
 870 0153 90000000 		.4byte	0x90
 871 0157 09       		.uleb128 0x9
 872 0158 04       		.byte	0x4
 873 0159 19010000 		.4byte	0x119
 874 015d 08       		.uleb128 0x8
 875 015e 9B000000 		.4byte	.LASF28
 876 0162 02       		.byte	0x2
 877 0163 B7       		.byte	0xb7
 878 0164 24010000 		.4byte	0x124
 879 0168 06       		.uleb128 0x6
 880 0169 08       		.byte	0x8
 881 016a 02       		.byte	0x2
 882 016b B9       		.byte	0xb9
 883 016c 87010000 		.4byte	0x187
 884 0170 0A       		.uleb128 0xa
 885 0171 6300     		.ascii	"c\000"
 886 0173 02       		.byte	0x2
 887 0174 BB       		.byte	0xbb
 888 0175 63000000 		.4byte	0x63
 889 0179 00       		.byte	0
 890 017a 07       		.uleb128 0x7
 891 017b 84020000 		.4byte	.LASF29
 892 017f 02       		.byte	0x2
 893 0180 BC       		.byte	0xbc
 894 0181 87010000 		.4byte	0x187
 895 0185 04       		.byte	0x4
 896 0186 00       		.byte	0
 897 0187 09       		.uleb128 0x9
 898 0188 04       		.byte	0x4
 899 0189 8D010000 		.4byte	0x18d
 900 018d 0B       		.uleb128 0xb
 901 018e 08       		.uleb128 0x8
 902 018f 75030000 		.4byte	.LASF30
 903 0193 02       		.byte	0x2
 904 0194 BD       		.byte	0xbd
 905 0195 68010000 		.4byte	0x168
 906 0199 0C       		.uleb128 0xc
 907 019a 63000000 		.4byte	0x63
 908 019e A9010000 		.4byte	0x1a9
 909 01a2 0D       		.uleb128 0xd
 910 01a3 95000000 		.4byte	0x95
 911 01a7 11       		.byte	0x11
 912 01a8 00       		.byte	0
ARM GAS  C:\Users\Terence\AppData\Local\Temp\cce68ReY.s 			page 17


 913 01a9 0E       		.uleb128 0xe
 914 01aa 00000000 		.4byte	.LASF31
 915 01ae 03       		.byte	0x3
 916 01af 24       		.byte	0x24
 917 01b0 BA010000 		.4byte	0x1ba
 918 01b4 05       		.uleb128 0x5
 919 01b5 03       		.byte	0x3
 920 01b6 00000000 		.4byte	USBFS_DEVICE0_DESCR
 921 01ba 0F       		.uleb128 0xf
 922 01bb 99010000 		.4byte	0x199
 923 01bf 0C       		.uleb128 0xc
 924 01c0 63000000 		.4byte	0x63
 925 01c4 CF010000 		.4byte	0x1cf
 926 01c8 0D       		.uleb128 0xd
 927 01c9 95000000 		.4byte	0x95
 928 01cd E6       		.byte	0xe6
 929 01ce 00       		.byte	0
 930 01cf 0E       		.uleb128 0xe
 931 01d0 2B020000 		.4byte	.LASF32
 932 01d4 03       		.byte	0x3
 933 01d5 37       		.byte	0x37
 934 01d6 E0010000 		.4byte	0x1e0
 935 01da 05       		.uleb128 0x5
 936 01db 03       		.byte	0x3
 937 01dc 00000000 		.4byte	USBFS_DEVICE0_CONFIGURATION0_DESCR
 938 01e0 0F       		.uleb128 0xf
 939 01e1 BF010000 		.4byte	0x1bf
 940 01e5 0C       		.uleb128 0xc
 941 01e6 8E010000 		.4byte	0x18e
 942 01ea F5010000 		.4byte	0x1f5
 943 01ee 0D       		.uleb128 0xd
 944 01ef 95000000 		.4byte	0x95
 945 01f3 00       		.byte	0
 946 01f4 00       		.byte	0
 947 01f5 10       		.uleb128 0x10
 948 01f6 7C010000 		.4byte	.LASF33
 949 01fa 03       		.byte	0x3
 950 01fb E301     		.2byte	0x1e3
 951 01fd 07020000 		.4byte	0x207
 952 0201 05       		.uleb128 0x5
 953 0202 03       		.byte	0x3
 954 0203 00000000 		.4byte	USBFS_DEVICE0_CONFIGURATION0_INTERFACE3_TABLE
 955 0207 0F       		.uleb128 0xf
 956 0208 E5010000 		.4byte	0x1e5
 957 020c 0C       		.uleb128 0xc
 958 020d ED000000 		.4byte	0xed
 959 0211 1C020000 		.4byte	0x21c
 960 0215 0D       		.uleb128 0xd
 961 0216 95000000 		.4byte	0x95
 962 021a 04       		.byte	0x4
 963 021b 00       		.byte	0
 964 021c 10       		.uleb128 0x10
 965 021d FC010000 		.4byte	.LASF34
 966 0221 03       		.byte	0x3
 967 0222 EE01     		.2byte	0x1ee
 968 0224 2E020000 		.4byte	0x22e
 969 0228 05       		.uleb128 0x5
ARM GAS  C:\Users\Terence\AppData\Local\Temp\cce68ReY.s 			page 18


 970 0229 03       		.byte	0x3
 971 022a 00000000 		.4byte	USBFS_DEVICE0_CONFIGURATION0_EP_SETTINGS_TABLE
 972 022e 0F       		.uleb128 0xf
 973 022f 0C020000 		.4byte	0x20c
 974 0233 0C       		.uleb128 0xc
 975 0234 63000000 		.4byte	0x63
 976 0238 43020000 		.4byte	0x243
 977 023c 0D       		.uleb128 0xd
 978 023d 95000000 		.4byte	0x95
 979 0241 03       		.byte	0x3
 980 0242 00       		.byte	0
 981 0243 10       		.uleb128 0x10
 982 0244 21000000 		.4byte	.LASF35
 983 0248 03       		.byte	0x3
 984 0249 F601     		.2byte	0x1f6
 985 024b 55020000 		.4byte	0x255
 986 024f 05       		.uleb128 0x5
 987 0250 03       		.byte	0x3
 988 0251 00000000 		.4byte	USBFS_DEVICE0_CONFIGURATION0_INTERFACE_CLASS
 989 0255 0F       		.uleb128 0xf
 990 0256 33020000 		.4byte	0x233
 991 025a 0C       		.uleb128 0xc
 992 025b 8E010000 		.4byte	0x18e
 993 025f 6A020000 		.4byte	0x26a
 994 0263 0D       		.uleb128 0xd
 995 0264 95000000 		.4byte	0x95
 996 0268 06       		.byte	0x6
 997 0269 00       		.byte	0
 998 026a 10       		.uleb128 0x10
 999 026b 40010000 		.4byte	.LASF36
 1000 026f 03       		.byte	0x3
 1001 0270 FE01     		.2byte	0x1fe
 1002 0272 7C020000 		.4byte	0x27c
 1003 0276 05       		.uleb128 0x5
 1004 0277 03       		.byte	0x3
 1005 0278 00000000 		.4byte	USBFS_DEVICE0_CONFIGURATION0_TABLE
 1006 027c 0F       		.uleb128 0xf
 1007 027d 5A020000 		.4byte	0x25a
 1008 0281 0C       		.uleb128 0xc
 1009 0282 8E010000 		.4byte	0x18e
 1010 0286 91020000 		.4byte	0x291
 1011 028a 0D       		.uleb128 0xd
 1012 028b 95000000 		.4byte	0x95
 1013 028f 02       		.byte	0x2
 1014 0290 00       		.byte	0
 1015 0291 10       		.uleb128 0x10
 1016 0292 68010000 		.4byte	.LASF37
 1017 0296 03       		.byte	0x3
 1018 0297 0B02     		.2byte	0x20b
 1019 0299 A3020000 		.4byte	0x2a3
 1020 029d 05       		.uleb128 0x5
 1021 029e 03       		.byte	0x3
 1022 029f 00000000 		.4byte	USBFS_DEVICE0_TABLE
 1023 02a3 0F       		.uleb128 0xf
 1024 02a4 81020000 		.4byte	0x281
 1025 02a8 10       		.uleb128 0x10
 1026 02a9 4E000000 		.4byte	.LASF38
ARM GAS  C:\Users\Terence\AppData\Local\Temp\cce68ReY.s 			page 19


 1027 02ad 03       		.byte	0x3
 1028 02ae 1302     		.2byte	0x213
 1029 02b0 BA020000 		.4byte	0x2ba
 1030 02b4 05       		.uleb128 0x5
 1031 02b5 03       		.byte	0x3
 1032 02b6 00000000 		.4byte	USBFS_TABLE
 1033 02ba 0F       		.uleb128 0xf
 1034 02bb E5010000 		.4byte	0x1e5
 1035 02bf 0C       		.uleb128 0xc
 1036 02c0 63000000 		.4byte	0x63
 1037 02c4 CF020000 		.4byte	0x2cf
 1038 02c8 0D       		.uleb128 0xd
 1039 02c9 95000000 		.4byte	0x95
 1040 02cd 01       		.byte	0x1
 1041 02ce 00       		.byte	0
 1042 02cf 10       		.uleb128 0x10
 1043 02d0 73000000 		.4byte	.LASF39
 1044 02d4 03       		.byte	0x3
 1045 02d5 9E01     		.2byte	0x19e
 1046 02d7 E1020000 		.4byte	0x2e1
 1047 02db 05       		.uleb128 0x5
 1048 02dc 03       		.byte	0x3
 1049 02dd 00000000 		.4byte	USBFS_SN_STRING_DESCRIPTOR
 1050 02e1 0F       		.uleb128 0xf
 1051 02e2 BF020000 		.4byte	0x2bf
 1052 02e6 0C       		.uleb128 0xc
 1053 02e7 63000000 		.4byte	0x63
 1054 02eb F6020000 		.4byte	0x2f6
 1055 02ef 0D       		.uleb128 0xd
 1056 02f0 95000000 		.4byte	0x95
 1057 02f4 E2       		.byte	0xe2
 1058 02f5 00       		.byte	0
 1059 02f6 10       		.uleb128 0x10
 1060 02f7 B7000000 		.4byte	.LASF40
 1061 02fb 03       		.byte	0x3
 1062 02fc 5001     		.2byte	0x150
 1063 02fe 08030000 		.4byte	0x308
 1064 0302 05       		.uleb128 0x5
 1065 0303 03       		.byte	0x3
 1066 0304 00000000 		.4byte	USBFS_STRING_DESCRIPTORS
 1067 0308 0F       		.uleb128 0xf
 1068 0309 E6020000 		.4byte	0x2e6
 1069 030d 10       		.uleb128 0x10
 1070 030e CC040000 		.4byte	.LASF41
 1071 0312 03       		.byte	0x3
 1072 0313 C301     		.2byte	0x1c3
 1073 0315 19010000 		.4byte	0x119
 1074 0319 05       		.uleb128 0x5
 1075 031a 03       		.byte	0x3
 1076 031b 00000000 		.4byte	USBFS_DEVICE0_CONFIGURATION0_INTERFACE3_ALTERNATE0_HID_IN_RPT_SCB
 1077 031f 10       		.uleb128 0x10
 1078 0320 02010000 		.4byte	.LASF42
 1079 0324 03       		.byte	0x3
 1080 0325 C401     		.2byte	0x1c4
 1081 0327 BF020000 		.4byte	0x2bf
 1082 032b 05       		.uleb128 0x5
 1083 032c 03       		.byte	0x3
ARM GAS  C:\Users\Terence\AppData\Local\Temp\cce68ReY.s 			page 20


 1084 032d 00000000 		.4byte	USBFS_DEVICE0_CONFIGURATION0_INTERFACE3_ALTERNATE0_HID_IN_BUF
 1085 0331 0C       		.uleb128 0xc
 1086 0332 63000000 		.4byte	0x63
 1087 0336 41030000 		.4byte	0x341
 1088 033a 0D       		.uleb128 0xd
 1089 033b 95000000 		.4byte	0x95
 1090 033f 26       		.byte	0x26
 1091 0340 00       		.byte	0
 1092 0341 10       		.uleb128 0x10
 1093 0342 29040000 		.4byte	.LASF43
 1094 0346 03       		.byte	0x3
 1095 0347 A601     		.2byte	0x1a6
 1096 0349 53030000 		.4byte	0x353
 1097 034d 05       		.uleb128 0x5
 1098 034e 03       		.byte	0x3
 1099 034f 00000000 		.4byte	USBFS_HIDREPORT_DESCRIPTOR1
 1100 0353 0F       		.uleb128 0xf
 1101 0354 31030000 		.4byte	0x331
 1102 0358 0C       		.uleb128 0xc
 1103 0359 5D010000 		.4byte	0x15d
 1104 035d 68030000 		.4byte	0x368
 1105 0361 0D       		.uleb128 0xd
 1106 0362 95000000 		.4byte	0x95
 1107 0366 00       		.byte	0
 1108 0367 00       		.byte	0
 1109 0368 10       		.uleb128 0x10
 1110 0369 AA010000 		.4byte	.LASF44
 1111 036d 03       		.byte	0x3
 1112 036e CA01     		.2byte	0x1ca
 1113 0370 7A030000 		.4byte	0x37a
 1114 0374 05       		.uleb128 0x5
 1115 0375 03       		.byte	0x3
 1116 0376 00000000 		.4byte	USBFS_DEVICE0_CONFIGURATION0_INTERFACE3_ALTERNATE0_HID_IN_RPT_TABLE
 1117 037a 0F       		.uleb128 0xf
 1118 037b 58030000 		.4byte	0x358
 1119 037f 0C       		.uleb128 0xc
 1120 0380 8E010000 		.4byte	0x18e
 1121 0384 8F030000 		.4byte	0x38f
 1122 0388 0D       		.uleb128 0xd
 1123 0389 95000000 		.4byte	0x95
 1124 038d 04       		.byte	0x4
 1125 038e 00       		.byte	0
 1126 038f 10       		.uleb128 0x10
 1127 0390 4B040000 		.4byte	.LASF45
 1128 0394 03       		.byte	0x3
 1129 0395 D701     		.2byte	0x1d7
 1130 0397 A1030000 		.4byte	0x3a1
 1131 039b 05       		.uleb128 0x5
 1132 039c 03       		.byte	0x3
 1133 039d 00000000 		.4byte	USBFS_DEVICE0_CONFIGURATION0_INTERFACE3_ALTERNATE0_HID_TABLE
 1134 03a1 0F       		.uleb128 0xf
 1135 03a2 7F030000 		.4byte	0x37f
 1136 03a6 0C       		.uleb128 0xc
 1137 03a7 63000000 		.4byte	0x63
 1138 03ab B6030000 		.4byte	0x3b6
 1139 03af 0D       		.uleb128 0xd
 1140 03b0 95000000 		.4byte	0x95
ARM GAS  C:\Users\Terence\AppData\Local\Temp\cce68ReY.s 			page 21


 1141 03b4 21       		.byte	0x21
 1142 03b5 00       		.byte	0
 1143 03b6 10       		.uleb128 0x10
 1144 03b7 92040000 		.4byte	.LASF46
 1145 03bb 03       		.byte	0x3
 1146 03bc 4102     		.2byte	0x241
 1147 03be A6030000 		.4byte	0x3a6
 1148 03c2 05       		.uleb128 0x5
 1149 03c3 03       		.byte	0x3
 1150 03c4 00000000 		.4byte	USBFS_idSerialNumberStringDescriptor
 1151 03c8 00       		.byte	0
 1152              		.section	.debug_abbrev,"",%progbits
 1153              	.Ldebug_abbrev0:
 1154 0000 01       		.uleb128 0x1
 1155 0001 11       		.uleb128 0x11
 1156 0002 01       		.byte	0x1
 1157 0003 25       		.uleb128 0x25
 1158 0004 0E       		.uleb128 0xe
 1159 0005 13       		.uleb128 0x13
 1160 0006 0B       		.uleb128 0xb
 1161 0007 03       		.uleb128 0x3
 1162 0008 0E       		.uleb128 0xe
 1163 0009 1B       		.uleb128 0x1b
 1164 000a 0E       		.uleb128 0xe
 1165 000b 10       		.uleb128 0x10
 1166 000c 17       		.uleb128 0x17
 1167 000d 00       		.byte	0
 1168 000e 00       		.byte	0
 1169 000f 02       		.uleb128 0x2
 1170 0010 24       		.uleb128 0x24
 1171 0011 00       		.byte	0
 1172 0012 0B       		.uleb128 0xb
 1173 0013 0B       		.uleb128 0xb
 1174 0014 3E       		.uleb128 0x3e
 1175 0015 0B       		.uleb128 0xb
 1176 0016 03       		.uleb128 0x3
 1177 0017 0E       		.uleb128 0xe
 1178 0018 00       		.byte	0
 1179 0019 00       		.byte	0
 1180 001a 03       		.uleb128 0x3
 1181 001b 24       		.uleb128 0x24
 1182 001c 00       		.byte	0
 1183 001d 0B       		.uleb128 0xb
 1184 001e 0B       		.uleb128 0xb
 1185 001f 3E       		.uleb128 0x3e
 1186 0020 0B       		.uleb128 0xb
 1187 0021 03       		.uleb128 0x3
 1188 0022 08       		.uleb128 0x8
 1189 0023 00       		.byte	0
 1190 0024 00       		.byte	0
 1191 0025 04       		.uleb128 0x4
 1192 0026 16       		.uleb128 0x16
 1193 0027 00       		.byte	0
 1194 0028 03       		.uleb128 0x3
 1195 0029 0E       		.uleb128 0xe
 1196 002a 3A       		.uleb128 0x3a
 1197 002b 0B       		.uleb128 0xb
ARM GAS  C:\Users\Terence\AppData\Local\Temp\cce68ReY.s 			page 22


 1198 002c 3B       		.uleb128 0x3b
 1199 002d 05       		.uleb128 0x5
 1200 002e 49       		.uleb128 0x49
 1201 002f 13       		.uleb128 0x13
 1202 0030 00       		.byte	0
 1203 0031 00       		.byte	0
 1204 0032 05       		.uleb128 0x5
 1205 0033 35       		.uleb128 0x35
 1206 0034 00       		.byte	0
 1207 0035 49       		.uleb128 0x49
 1208 0036 13       		.uleb128 0x13
 1209 0037 00       		.byte	0
 1210 0038 00       		.byte	0
 1211 0039 06       		.uleb128 0x6
 1212 003a 13       		.uleb128 0x13
 1213 003b 01       		.byte	0x1
 1214 003c 0B       		.uleb128 0xb
 1215 003d 0B       		.uleb128 0xb
 1216 003e 3A       		.uleb128 0x3a
 1217 003f 0B       		.uleb128 0xb
 1218 0040 3B       		.uleb128 0x3b
 1219 0041 0B       		.uleb128 0xb
 1220 0042 01       		.uleb128 0x1
 1221 0043 13       		.uleb128 0x13
 1222 0044 00       		.byte	0
 1223 0045 00       		.byte	0
 1224 0046 07       		.uleb128 0x7
 1225 0047 0D       		.uleb128 0xd
 1226 0048 00       		.byte	0
 1227 0049 03       		.uleb128 0x3
 1228 004a 0E       		.uleb128 0xe
 1229 004b 3A       		.uleb128 0x3a
 1230 004c 0B       		.uleb128 0xb
 1231 004d 3B       		.uleb128 0x3b
 1232 004e 0B       		.uleb128 0xb
 1233 004f 49       		.uleb128 0x49
 1234 0050 13       		.uleb128 0x13
 1235 0051 38       		.uleb128 0x38
 1236 0052 0B       		.uleb128 0xb
 1237 0053 00       		.byte	0
 1238 0054 00       		.byte	0
 1239 0055 08       		.uleb128 0x8
 1240 0056 16       		.uleb128 0x16
 1241 0057 00       		.byte	0
 1242 0058 03       		.uleb128 0x3
 1243 0059 0E       		.uleb128 0xe
 1244 005a 3A       		.uleb128 0x3a
 1245 005b 0B       		.uleb128 0xb
 1246 005c 3B       		.uleb128 0x3b
 1247 005d 0B       		.uleb128 0xb
 1248 005e 49       		.uleb128 0x49
 1249 005f 13       		.uleb128 0x13
 1250 0060 00       		.byte	0
 1251 0061 00       		.byte	0
 1252 0062 09       		.uleb128 0x9
 1253 0063 0F       		.uleb128 0xf
 1254 0064 00       		.byte	0
ARM GAS  C:\Users\Terence\AppData\Local\Temp\cce68ReY.s 			page 23


 1255 0065 0B       		.uleb128 0xb
 1256 0066 0B       		.uleb128 0xb
 1257 0067 49       		.uleb128 0x49
 1258 0068 13       		.uleb128 0x13
 1259 0069 00       		.byte	0
 1260 006a 00       		.byte	0
 1261 006b 0A       		.uleb128 0xa
 1262 006c 0D       		.uleb128 0xd
 1263 006d 00       		.byte	0
 1264 006e 03       		.uleb128 0x3
 1265 006f 08       		.uleb128 0x8
 1266 0070 3A       		.uleb128 0x3a
 1267 0071 0B       		.uleb128 0xb
 1268 0072 3B       		.uleb128 0x3b
 1269 0073 0B       		.uleb128 0xb
 1270 0074 49       		.uleb128 0x49
 1271 0075 13       		.uleb128 0x13
 1272 0076 38       		.uleb128 0x38
 1273 0077 0B       		.uleb128 0xb
 1274 0078 00       		.byte	0
 1275 0079 00       		.byte	0
 1276 007a 0B       		.uleb128 0xb
 1277 007b 26       		.uleb128 0x26
 1278 007c 00       		.byte	0
 1279 007d 00       		.byte	0
 1280 007e 00       		.byte	0
 1281 007f 0C       		.uleb128 0xc
 1282 0080 01       		.uleb128 0x1
 1283 0081 01       		.byte	0x1
 1284 0082 49       		.uleb128 0x49
 1285 0083 13       		.uleb128 0x13
 1286 0084 01       		.uleb128 0x1
 1287 0085 13       		.uleb128 0x13
 1288 0086 00       		.byte	0
 1289 0087 00       		.byte	0
 1290 0088 0D       		.uleb128 0xd
 1291 0089 21       		.uleb128 0x21
 1292 008a 00       		.byte	0
 1293 008b 49       		.uleb128 0x49
 1294 008c 13       		.uleb128 0x13
 1295 008d 2F       		.uleb128 0x2f
 1296 008e 0B       		.uleb128 0xb
 1297 008f 00       		.byte	0
 1298 0090 00       		.byte	0
 1299 0091 0E       		.uleb128 0xe
 1300 0092 34       		.uleb128 0x34
 1301 0093 00       		.byte	0
 1302 0094 03       		.uleb128 0x3
 1303 0095 0E       		.uleb128 0xe
 1304 0096 3A       		.uleb128 0x3a
 1305 0097 0B       		.uleb128 0xb
 1306 0098 3B       		.uleb128 0x3b
 1307 0099 0B       		.uleb128 0xb
 1308 009a 49       		.uleb128 0x49
 1309 009b 13       		.uleb128 0x13
 1310 009c 3F       		.uleb128 0x3f
 1311 009d 19       		.uleb128 0x19
ARM GAS  C:\Users\Terence\AppData\Local\Temp\cce68ReY.s 			page 24


 1312 009e 02       		.uleb128 0x2
 1313 009f 18       		.uleb128 0x18
 1314 00a0 00       		.byte	0
 1315 00a1 00       		.byte	0
 1316 00a2 0F       		.uleb128 0xf
 1317 00a3 26       		.uleb128 0x26
 1318 00a4 00       		.byte	0
 1319 00a5 49       		.uleb128 0x49
 1320 00a6 13       		.uleb128 0x13
 1321 00a7 00       		.byte	0
 1322 00a8 00       		.byte	0
 1323 00a9 10       		.uleb128 0x10
 1324 00aa 34       		.uleb128 0x34
 1325 00ab 00       		.byte	0
 1326 00ac 03       		.uleb128 0x3
 1327 00ad 0E       		.uleb128 0xe
 1328 00ae 3A       		.uleb128 0x3a
 1329 00af 0B       		.uleb128 0xb
 1330 00b0 3B       		.uleb128 0x3b
 1331 00b1 05       		.uleb128 0x5
 1332 00b2 49       		.uleb128 0x49
 1333 00b3 13       		.uleb128 0x13
 1334 00b4 3F       		.uleb128 0x3f
 1335 00b5 19       		.uleb128 0x19
 1336 00b6 02       		.uleb128 0x2
 1337 00b7 18       		.uleb128 0x18
 1338 00b8 00       		.byte	0
 1339 00b9 00       		.byte	0
 1340 00ba 00       		.byte	0
 1341              		.section	.debug_aranges,"",%progbits
 1342 0000 14000000 		.4byte	0x14
 1343 0004 0200     		.2byte	0x2
 1344 0006 00000000 		.4byte	.Ldebug_info0
 1345 000a 04       		.byte	0x4
 1346 000b 00       		.byte	0
 1347 000c 0000     		.2byte	0
 1348 000e 0000     		.2byte	0
 1349 0010 00000000 		.4byte	0
 1350 0014 00000000 		.4byte	0
 1351              		.section	.debug_line,"",%progbits
 1352              	.Ldebug_line0:
 1353 0000 5B000000 		.section	.debug_str,"MS",%progbits,1
 1353      02005500 
 1353      00000201 
 1353      FB0E0D00 
 1353      01010101 
 1354              	.LASF31:
 1355 0000 55534246 		.ascii	"USBFS_DEVICE0_DESCR\000"
 1355      535F4445 
 1355      56494345 
 1355      305F4445 
 1355      53435200 
 1356              	.LASF27:
 1357 0014 70537461 		.ascii	"pStatusBlock\000"
 1357      74757342 
 1357      6C6F636B 
 1357      00
ARM GAS  C:\Users\Terence\AppData\Local\Temp\cce68ReY.s 			page 25


 1358              	.LASF35:
 1359 0021 55534246 		.ascii	"USBFS_DEVICE0_CONFIGURATION0_INTERFACE_CLASS\000"
 1359      535F4445 
 1359      56494345 
 1359      305F434F 
 1359      4E464947 
 1360              	.LASF38:
 1361 004e 55534246 		.ascii	"USBFS_TABLE\000"
 1361      535F5441 
 1361      424C4500 
 1362              	.LASF25:
 1363 005a 636F756E 		.ascii	"count\000"
 1363      7400
 1364              	.LASF3:
 1365 0060 73686F72 		.ascii	"short unsigned int\000"
 1365      7420756E 
 1365      7369676E 
 1365      65642069 
 1365      6E7400
 1366              	.LASF39:
 1367 0073 55534246 		.ascii	"USBFS_SN_STRING_DESCRIPTOR\000"
 1367      535F534E 
 1367      5F535452 
 1367      494E475F 
 1367      44455343 
 1368              	.LASF22:
 1369 008e 73746174 		.ascii	"status\000"
 1369      757300
 1370              	.LASF26:
 1371 0095 70446174 		.ascii	"pData\000"
 1371      6100
 1372              	.LASF28:
 1373 009b 545F5553 		.ascii	"T_USBFS_TD\000"
 1373      4246535F 
 1373      544400
 1374              	.LASF11:
 1375 00a6 666C6F61 		.ascii	"float\000"
 1375      7400
 1376              	.LASF16:
 1377 00ac 616C7453 		.ascii	"altSetting\000"
 1377      65747469 
 1377      6E6700
 1378              	.LASF40:
 1379 00b7 55534246 		.ascii	"USBFS_STRING_DESCRIPTORS\000"
 1379      535F5354 
 1379      52494E47 
 1379      5F444553 
 1379      43524950 
 1380              	.LASF18:
 1381 00d0 61747472 		.ascii	"attributes\000"
 1381      69627574 
 1381      657300
 1382              	.LASF48:
 1383 00db 2E5C4765 		.ascii	".\\Generated_Source\\PSoC4\\USBFS_descr.c\000"
 1383      6E657261 
 1383      7465645F 
 1383      536F7572 
ARM GAS  C:\Users\Terence\AppData\Local\Temp\cce68ReY.s 			page 26


 1383      63655C50 
 1384              	.LASF42:
 1385 0102 55534246 		.ascii	"USBFS_DEVICE0_CONFIGURATION0_INTERFACE3_ALTERNATE0_"
 1385      535F4445 
 1385      56494345 
 1385      305F434F 
 1385      4E464947 
 1386 0135 4849445F 		.ascii	"HID_IN_BUF\000"
 1386      494E5F42 
 1386      554600
 1387              	.LASF36:
 1388 0140 55534246 		.ascii	"USBFS_DEVICE0_CONFIGURATION0_TABLE\000"
 1388      535F4445 
 1388      56494345 
 1388      305F434F 
 1388      4E464947 
 1389              	.LASF17:
 1390 0163 61646472 		.ascii	"addr\000"
 1390      00
 1391              	.LASF37:
 1392 0168 55534246 		.ascii	"USBFS_DEVICE0_TABLE\000"
 1392      535F4445 
 1392      56494345 
 1392      305F5441 
 1392      424C4500 
 1393              	.LASF33:
 1394 017c 55534246 		.ascii	"USBFS_DEVICE0_CONFIGURATION0_INTERFACE3_TABLE\000"
 1394      535F4445 
 1394      56494345 
 1394      305F434F 
 1394      4E464947 
 1395              	.LASF44:
 1396 01aa 55534246 		.ascii	"USBFS_DEVICE0_CONFIGURATION0_INTERFACE3_ALTERNATE0_"
 1396      535F4445 
 1396      56494345 
 1396      305F434F 
 1396      4E464947 
 1397 01dd 4849445F 		.ascii	"HID_IN_RPT_TABLE\000"
 1397      494E5F52 
 1397      50545F54 
 1397      41424C45 
 1397      00
 1398              	.LASF12:
 1399 01ee 646F7562 		.ascii	"double\000"
 1399      6C6500
 1400              	.LASF10:
 1401 01f5 75696E74 		.ascii	"uint16\000"
 1401      313600
 1402              	.LASF34:
 1403 01fc 55534246 		.ascii	"USBFS_DEVICE0_CONFIGURATION0_EP_SETTINGS_TABLE\000"
 1403      535F4445 
 1403      56494345 
 1403      305F434F 
 1403      4E464947 
 1404              	.LASF32:
 1405 022b 55534246 		.ascii	"USBFS_DEVICE0_CONFIGURATION0_DESCR\000"
 1405      535F4445 
ARM GAS  C:\Users\Terence\AppData\Local\Temp\cce68ReY.s 			page 27


 1405      56494345 
 1405      305F434F 
 1405      4E464947 
 1406              	.LASF5:
 1407 024e 6C6F6E67 		.ascii	"long unsigned int\000"
 1407      20756E73 
 1407      69676E65 
 1407      6420696E 
 1407      7400
 1408              	.LASF8:
 1409 0260 756E7369 		.ascii	"unsigned int\000"
 1409      676E6564 
 1409      20696E74 
 1409      00
 1410              	.LASF7:
 1411 026d 6C6F6E67 		.ascii	"long long unsigned int\000"
 1411      206C6F6E 
 1411      6720756E 
 1411      7369676E 
 1411      65642069 
 1412              	.LASF29:
 1413 0284 705F6C69 		.ascii	"p_list\000"
 1413      737400
 1414              	.LASF49:
 1415 028b 433A5C50 		.ascii	"C:\\Program Files (x86)\\Cypress\\CY8CKIT-046 PSoC "
 1415      726F6772 
 1415      616D2046 
 1415      696C6573 
 1415      20287838 
 1416 02bb 34204C2D 		.ascii	"4 L-Series Pioneer Kit\\1.0\\Firmware\\PSoC 4200L\\"
 1416      53657269 
 1416      65732050 
 1416      696F6E65 
 1416      6572204B 
 1417 02ea 43593843 		.ascii	"CY8CKIT_046_USB_Audio\\CY8CKIT_046_USB_Audio.cydsn\000"
 1417      4B49545F 
 1417      3034365F 
 1417      5553425F 
 1417      41756469 
 1418              	.LASF21:
 1419 031c 545F5553 		.ascii	"T_USBFS_EP_SETTINGS_BLOCK\000"
 1419      4246535F 
 1419      45505F53 
 1419      45545449 
 1419      4E47535F 
 1420              	.LASF24:
 1421 0336 545F5553 		.ascii	"T_USBFS_XFER_STATUS_BLOCK\000"
 1421      4246535F 
 1421      58464552 
 1421      5F535441 
 1421      5455535F 
 1422              	.LASF1:
 1423 0350 756E7369 		.ascii	"unsigned char\000"
 1423      676E6564 
 1423      20636861 
 1423      7200
 1424              	.LASF14:
ARM GAS  C:\Users\Terence\AppData\Local\Temp\cce68ReY.s 			page 28


 1425 035e 73697A65 		.ascii	"sizetype\000"
 1425      74797065 
 1425      00
 1426              	.LASF6:
 1427 0367 6C6F6E67 		.ascii	"long long int\000"
 1427      206C6F6E 
 1427      6720696E 
 1427      7400
 1428              	.LASF30:
 1429 0375 545F5553 		.ascii	"T_USBFS_LUT\000"
 1429      4246535F 
 1429      4C555400 
 1430              	.LASF13:
 1431 0381 63686172 		.ascii	"char\000"
 1431      00
 1432              	.LASF47:
 1433 0386 474E5520 		.ascii	"GNU C 4.9.3 20150303 (release) [ARM/embedded-4_9-br"
 1433      4320342E 
 1433      392E3320 
 1433      32303135 
 1433      30333033 
 1434 03b9 616E6368 		.ascii	"anch revision 221220] -mcpu=cortex-m0 -mthumb -g -O"
 1434      20726576 
 1434      6973696F 
 1434      6E203232 
 1434      31323230 
 1435 03ec 67202D66 		.ascii	"g -ffunction-sections -ffat-lto-objects\000"
 1435      66756E63 
 1435      74696F6E 
 1435      2D736563 
 1435      74696F6E 
 1436              	.LASF19:
 1437 0414 62756666 		.ascii	"bufferSize\000"
 1437      65725369 
 1437      7A6500
 1438              	.LASF2:
 1439 041f 73686F72 		.ascii	"short int\000"
 1439      7420696E 
 1439      7400
 1440              	.LASF43:
 1441 0429 55534246 		.ascii	"USBFS_HIDREPORT_DESCRIPTOR1\000"
 1441      535F4849 
 1441      44524550 
 1441      4F52545F 
 1441      44455343 
 1442              	.LASF9:
 1443 0445 75696E74 		.ascii	"uint8\000"
 1443      3800
 1444              	.LASF45:
 1445 044b 55534246 		.ascii	"USBFS_DEVICE0_CONFIGURATION0_INTERFACE3_ALTERNATE0_"
 1445      535F4445 
 1445      56494345 
 1445      305F434F 
 1445      4E464947 
 1446 047e 4849445F 		.ascii	"HID_TABLE\000"
 1446      5441424C 
 1446      4500
ARM GAS  C:\Users\Terence\AppData\Local\Temp\cce68ReY.s 			page 29


 1447              	.LASF15:
 1448 0488 696E7465 		.ascii	"interface\000"
 1448      72666163 
 1448      6500
 1449              	.LASF46:
 1450 0492 55534246 		.ascii	"USBFS_idSerialNumberStringDescriptor\000"
 1450      535F6964 
 1450      53657269 
 1450      616C4E75 
 1450      6D626572 
 1451              	.LASF4:
 1452 04b7 6C6F6E67 		.ascii	"long int\000"
 1452      20696E74 
 1452      00
 1453              	.LASF0:
 1454 04c0 7369676E 		.ascii	"signed char\000"
 1454      65642063 
 1454      68617200 
 1455              	.LASF41:
 1456 04cc 55534246 		.ascii	"USBFS_DEVICE0_CONFIGURATION0_INTERFACE3_ALTERNATE0_"
 1456      535F4445 
 1456      56494345 
 1456      305F434F 
 1456      4E464947 
 1457 04ff 4849445F 		.ascii	"HID_IN_RPT_SCB\000"
 1457      494E5F52 
 1457      50545F53 
 1457      434200
 1458              	.LASF23:
 1459 050e 6C656E67 		.ascii	"length\000"
 1459      746800
 1460              	.LASF20:
 1461 0515 624D6973 		.ascii	"bMisc\000"
 1461      6300
 1462              		.ident	"GCC: (GNU Tools for ARM Embedded Processors) 4.9.3 20150303 (release) [ARM/embedded-4_9-br
