ARM GAS  C:\Users\Terence\AppData\Local\Temp\ccf0jXnY.s 			page 1


   1              		.cpu cortex-m0
   2              		.fpu softvfp
   3              		.eabi_attribute 20, 1
   4              		.eabi_attribute 21, 1
   5              		.eabi_attribute 23, 3
   6              		.eabi_attribute 24, 1
   7              		.eabi_attribute 25, 1
   8              		.eabi_attribute 26, 1
   9              		.eabi_attribute 30, 1
  10              		.eabi_attribute 34, 0
  11              		.eabi_attribute 18, 4
  12              		.code	16
  13              		.file	"USBFS_vnd.c"
  14              		.text
  15              	.Ltext0:
  16              		.cfi_sections	.debug_frame
  17              		.section	.text.USBFS_HandleVendorRqst,"ax",%progbits
  18              		.align	2
  19              		.global	USBFS_HandleVendorRqst
  20              		.code	16
  21              		.thumb_func
  22              		.type	USBFS_HandleVendorRqst, %function
  23              	USBFS_HandleVendorRqst:
  24              	.LFB162:
  25              		.file 1 ".\\Generated_Source\\PSoC4\\USBFS_vnd.c"
   1:.\Generated_Source\PSoC4/USBFS_vnd.c **** /***************************************************************************//**
   2:.\Generated_Source\PSoC4/USBFS_vnd.c **** * \file USBFS_vnd.c
   3:.\Generated_Source\PSoC4/USBFS_vnd.c **** * \version 3.0
   4:.\Generated_Source\PSoC4/USBFS_vnd.c **** *
   5:.\Generated_Source\PSoC4/USBFS_vnd.c **** * \brief
   6:.\Generated_Source\PSoC4/USBFS_vnd.c **** *  This file contains the  USB vendor request handler.
   7:.\Generated_Source\PSoC4/USBFS_vnd.c **** *
   8:.\Generated_Source\PSoC4/USBFS_vnd.c **** ********************************************************************************
   9:.\Generated_Source\PSoC4/USBFS_vnd.c **** * \copyright
  10:.\Generated_Source\PSoC4/USBFS_vnd.c **** * Copyright 2008-2015, Cypress Semiconductor Corporation.  All rights reserved.
  11:.\Generated_Source\PSoC4/USBFS_vnd.c **** * You may use this file only in accordance with the license, terms, conditions,
  12:.\Generated_Source\PSoC4/USBFS_vnd.c **** * disclaimers, and limitations in the end user license agreement accompanying
  13:.\Generated_Source\PSoC4/USBFS_vnd.c **** * the software package with which this file was provided.
  14:.\Generated_Source\PSoC4/USBFS_vnd.c **** *******************************************************************************/
  15:.\Generated_Source\PSoC4/USBFS_vnd.c **** 
  16:.\Generated_Source\PSoC4/USBFS_vnd.c **** #include "USBFS_pvt.h"
  17:.\Generated_Source\PSoC4/USBFS_vnd.c **** #include "cyapicallbacks.h"
  18:.\Generated_Source\PSoC4/USBFS_vnd.c **** 
  19:.\Generated_Source\PSoC4/USBFS_vnd.c **** #if(USBFS_EXTERN_VND == USBFS_FALSE)
  20:.\Generated_Source\PSoC4/USBFS_vnd.c **** 
  21:.\Generated_Source\PSoC4/USBFS_vnd.c **** /***************************************
  22:.\Generated_Source\PSoC4/USBFS_vnd.c **** * Vendor Specific Declarations
  23:.\Generated_Source\PSoC4/USBFS_vnd.c **** ***************************************/
  24:.\Generated_Source\PSoC4/USBFS_vnd.c **** 
  25:.\Generated_Source\PSoC4/USBFS_vnd.c **** /* `#START VENDOR_SPECIFIC_DECLARATIONS` Place your declaration here */
  26:.\Generated_Source\PSoC4/USBFS_vnd.c **** 
  27:.\Generated_Source\PSoC4/USBFS_vnd.c **** /* `#END` */
  28:.\Generated_Source\PSoC4/USBFS_vnd.c **** 
  29:.\Generated_Source\PSoC4/USBFS_vnd.c **** 
  30:.\Generated_Source\PSoC4/USBFS_vnd.c **** /*******************************************************************************
  31:.\Generated_Source\PSoC4/USBFS_vnd.c **** * Function Name: USBFS_HandleVendorRqst
  32:.\Generated_Source\PSoC4/USBFS_vnd.c **** ****************************************************************************//**
ARM GAS  C:\Users\Terence\AppData\Local\Temp\ccf0jXnY.s 			page 2


  33:.\Generated_Source\PSoC4/USBFS_vnd.c **** *
  34:.\Generated_Source\PSoC4/USBFS_vnd.c **** *  This routine provide users with a method to implement vendor specific
  35:.\Generated_Source\PSoC4/USBFS_vnd.c **** *  requests.
  36:.\Generated_Source\PSoC4/USBFS_vnd.c **** *
  37:.\Generated_Source\PSoC4/USBFS_vnd.c **** *  To implement vendor specific requests, add your code in this function to
  38:.\Generated_Source\PSoC4/USBFS_vnd.c **** *  decode and disposition the request.  If the request is handled, your code
  39:.\Generated_Source\PSoC4/USBFS_vnd.c **** *  must set the variable "requestHandled" to TRUE, indicating that the
  40:.\Generated_Source\PSoC4/USBFS_vnd.c **** *  request has been handled.
  41:.\Generated_Source\PSoC4/USBFS_vnd.c **** *
  42:.\Generated_Source\PSoC4/USBFS_vnd.c **** * \return
  43:.\Generated_Source\PSoC4/USBFS_vnd.c **** *  requestHandled.
  44:.\Generated_Source\PSoC4/USBFS_vnd.c **** *
  45:.\Generated_Source\PSoC4/USBFS_vnd.c **** * \reentrant
  46:.\Generated_Source\PSoC4/USBFS_vnd.c **** *  No.
  47:.\Generated_Source\PSoC4/USBFS_vnd.c **** *
  48:.\Generated_Source\PSoC4/USBFS_vnd.c **** *******************************************************************************/
  49:.\Generated_Source\PSoC4/USBFS_vnd.c **** uint8 USBFS_HandleVendorRqst(void) 
  50:.\Generated_Source\PSoC4/USBFS_vnd.c **** {
  26              		.loc 1 50 0
  27              		.cfi_startproc
  28              	.LVL0:
  51:.\Generated_Source\PSoC4/USBFS_vnd.c ****     uint8 requestHandled = USBFS_FALSE;
  52:.\Generated_Source\PSoC4/USBFS_vnd.c **** 
  53:.\Generated_Source\PSoC4/USBFS_vnd.c ****     /* Check request direction: D2H or H2D. */
  54:.\Generated_Source\PSoC4/USBFS_vnd.c ****     if (0u != (USBFS_bmRequestTypeReg & USBFS_RQST_DIR_D2H))
  29              		.loc 1 54 0
  30 0000 034B     		ldr	r3, .L3
  31 0002 1B68     		ldr	r3, [r3]
  32 0004 1B06     		lsl	r3, r3, #24
  33 0006 01D5     		bpl	.L2
  55:.\Generated_Source\PSoC4/USBFS_vnd.c ****     {
  56:.\Generated_Source\PSoC4/USBFS_vnd.c ****         /* Handle direction from device to host. */
  57:.\Generated_Source\PSoC4/USBFS_vnd.c ****         
  58:.\Generated_Source\PSoC4/USBFS_vnd.c ****         switch (USBFS_bRequestReg)
  34              		.loc 1 58 0
  35 0008 014B     		ldr	r3, .L3
  36 000a 5B68     		ldr	r3, [r3, #4]
  37              	.L2:
  59:.\Generated_Source\PSoC4/USBFS_vnd.c ****         {
  60:.\Generated_Source\PSoC4/USBFS_vnd.c ****             case USBFS_GET_EXTENDED_CONFIG_DESCRIPTOR:
  61:.\Generated_Source\PSoC4/USBFS_vnd.c ****             #if defined(USBFS_ENABLE_MSOS_STRING)
  62:.\Generated_Source\PSoC4/USBFS_vnd.c ****                 USBFS_currentTD.pData = (volatile uint8 *) &USBFS_MSOS_CONFIGURATION_DESCR[0u];
  63:.\Generated_Source\PSoC4/USBFS_vnd.c ****                 USBFS_currentTD.count = USBFS_MSOS_CONFIGURATION_DESCR[0u];
  64:.\Generated_Source\PSoC4/USBFS_vnd.c ****                 requestHandled  = USBFS_InitControlRead();
  65:.\Generated_Source\PSoC4/USBFS_vnd.c ****             #endif /* (USBFS_ENABLE_MSOS_STRING) */
  66:.\Generated_Source\PSoC4/USBFS_vnd.c ****                 break;
  67:.\Generated_Source\PSoC4/USBFS_vnd.c ****             
  68:.\Generated_Source\PSoC4/USBFS_vnd.c ****             default:
  69:.\Generated_Source\PSoC4/USBFS_vnd.c ****                 break;
  70:.\Generated_Source\PSoC4/USBFS_vnd.c ****         }
  71:.\Generated_Source\PSoC4/USBFS_vnd.c ****     }
  72:.\Generated_Source\PSoC4/USBFS_vnd.c **** 
  73:.\Generated_Source\PSoC4/USBFS_vnd.c ****     /* `#START VENDOR_SPECIFIC_CODE` Place your vendor specific request here */
  74:.\Generated_Source\PSoC4/USBFS_vnd.c **** 
  75:.\Generated_Source\PSoC4/USBFS_vnd.c ****     /* `#END` */
  76:.\Generated_Source\PSoC4/USBFS_vnd.c **** 
  77:.\Generated_Source\PSoC4/USBFS_vnd.c **** #ifdef USBFS_HANDLE_VENDOR_RQST_CALLBACK
ARM GAS  C:\Users\Terence\AppData\Local\Temp\ccf0jXnY.s 			page 3


  78:.\Generated_Source\PSoC4/USBFS_vnd.c ****     if (USBFS_FALSE == requestHandled)
  79:.\Generated_Source\PSoC4/USBFS_vnd.c ****     {
  80:.\Generated_Source\PSoC4/USBFS_vnd.c ****         requestHandled = USBFS_HandleVendorRqst_Callback();
  81:.\Generated_Source\PSoC4/USBFS_vnd.c ****     }
  82:.\Generated_Source\PSoC4/USBFS_vnd.c **** #endif /* (USBFS_HANDLE_VENDOR_RQST_CALLBACK) */
  83:.\Generated_Source\PSoC4/USBFS_vnd.c **** 
  84:.\Generated_Source\PSoC4/USBFS_vnd.c ****     return (requestHandled);
  85:.\Generated_Source\PSoC4/USBFS_vnd.c **** }
  38              		.loc 1 85 0
  39 000c 0020     		mov	r0, #0
  40              		@ sp needed
  41 000e 7047     		bx	lr
  42              	.L4:
  43              		.align	2
  44              	.L3:
  45 0010 00002C40 		.word	1076625408
  46              		.cfi_endproc
  47              	.LFE162:
  48              		.size	USBFS_HandleVendorRqst, .-USBFS_HandleVendorRqst
  49              		.text
  50              	.Letext0:
  51              		.file 2 ".\\Generated_Source\\PSoC4\\cytypes.h"
  52              		.file 3 ".\\Generated_Source\\PSoC4\\USBFS.h"
  53              		.section	.debug_info,"",%progbits
  54              	.Ldebug_info0:
  55 0000 EE000000 		.4byte	0xee
  56 0004 0400     		.2byte	0x4
  57 0006 00000000 		.4byte	.Ldebug_abbrev0
  58 000a 04       		.byte	0x4
  59 000b 01       		.uleb128 0x1
  60 000c 92010000 		.4byte	.LASF16
  61 0010 01       		.byte	0x1
  62 0011 37010000 		.4byte	.LASF17
  63 0015 60000000 		.4byte	.LASF18
  64 0019 00000000 		.4byte	.Ldebug_ranges0+0
  65 001d 00000000 		.4byte	0
  66 0021 00000000 		.4byte	.Ldebug_line0
  67 0025 02       		.uleb128 0x2
  68 0026 01       		.byte	0x1
  69 0027 06       		.byte	0x6
  70 0028 86010000 		.4byte	.LASF0
  71 002c 02       		.uleb128 0x2
  72 002d 01       		.byte	0x1
  73 002e 08       		.byte	0x8
  74 002f 0E010000 		.4byte	.LASF1
  75 0033 02       		.uleb128 0x2
  76 0034 02       		.byte	0x2
  77 0035 05       		.byte	0x5
  78 0036 20020000 		.4byte	.LASF2
  79 003a 02       		.uleb128 0x2
  80 003b 02       		.byte	0x2
  81 003c 07       		.byte	0x7
  82 003d 73010000 		.4byte	.LASF3
  83 0041 02       		.uleb128 0x2
  84 0042 04       		.byte	0x4
  85 0043 05       		.byte	0x5
  86 0044 5C010000 		.4byte	.LASF4
ARM GAS  C:\Users\Terence\AppData\Local\Temp\ccf0jXnY.s 			page 4


  87 0048 02       		.uleb128 0x2
  88 0049 04       		.byte	0x4
  89 004a 07       		.byte	0x7
  90 004b 4E000000 		.4byte	.LASF5
  91 004f 02       		.uleb128 0x2
  92 0050 08       		.byte	0x8
  93 0051 05       		.byte	0x5
  94 0052 00000000 		.4byte	.LASF6
  95 0056 02       		.uleb128 0x2
  96 0057 08       		.byte	0x8
  97 0058 07       		.byte	0x7
  98 0059 F1000000 		.4byte	.LASF7
  99 005d 03       		.uleb128 0x3
 100 005e 04       		.byte	0x4
 101 005f 05       		.byte	0x5
 102 0060 696E7400 		.ascii	"int\000"
 103 0064 02       		.uleb128 0x2
 104 0065 04       		.byte	0x4
 105 0066 07       		.byte	0x7
 106 0067 24000000 		.4byte	.LASF8
 107 006b 04       		.uleb128 0x4
 108 006c 48000000 		.4byte	.LASF9
 109 0070 02       		.byte	0x2
 110 0071 3801     		.2byte	0x138
 111 0073 2C000000 		.4byte	0x2c
 112 0077 04       		.uleb128 0x4
 113 0078 0E000000 		.4byte	.LASF10
 114 007c 02       		.byte	0x2
 115 007d 3A01     		.2byte	0x13a
 116 007f 48000000 		.4byte	0x48
 117 0083 02       		.uleb128 0x2
 118 0084 04       		.byte	0x4
 119 0085 04       		.byte	0x4
 120 0086 08010000 		.4byte	.LASF11
 121 008a 02       		.uleb128 0x2
 122 008b 08       		.byte	0x8
 123 008c 04       		.byte	0x4
 124 008d 65010000 		.4byte	.LASF12
 125 0091 02       		.uleb128 0x2
 126 0092 01       		.byte	0x1
 127 0093 08       		.byte	0x8
 128 0094 1C010000 		.4byte	.LASF13
 129 0098 02       		.uleb128 0x2
 130 0099 04       		.byte	0x4
 131 009a 07       		.byte	0x7
 132 009b 2A020000 		.4byte	.LASF14
 133 009f 05       		.uleb128 0x5
 134 00a0 20       		.byte	0x20
 135 00a1 03       		.byte	0x3
 136 00a2 CD       		.byte	0xcd
 137 00a3 B4000000 		.4byte	0xb4
 138 00a7 06       		.uleb128 0x6
 139 00a8 6C010000 		.4byte	.LASF19
 140 00ac 03       		.byte	0x3
 141 00ad CF       		.byte	0xcf
 142 00ae B4000000 		.4byte	0xb4
 143 00b2 00       		.byte	0
ARM GAS  C:\Users\Terence\AppData\Local\Temp\ccf0jXnY.s 			page 5


 144 00b3 00       		.byte	0
 145 00b4 07       		.uleb128 0x7
 146 00b5 77000000 		.4byte	0x77
 147 00b9 C4000000 		.4byte	0xc4
 148 00bd 08       		.uleb128 0x8
 149 00be 98000000 		.4byte	0x98
 150 00c2 07       		.byte	0x7
 151 00c3 00       		.byte	0
 152 00c4 09       		.uleb128 0x9
 153 00c5 21010000 		.4byte	.LASF15
 154 00c9 03       		.byte	0x3
 155 00ca D0       		.byte	0xd0
 156 00cb 9F000000 		.4byte	0x9f
 157 00cf 0A       		.uleb128 0xa
 158 00d0 31000000 		.4byte	.LASF20
 159 00d4 01       		.byte	0x1
 160 00d5 31       		.byte	0x31
 161 00d6 6B000000 		.4byte	0x6b
 162 00da 00000000 		.4byte	.LFB162
 163 00de 14000000 		.4byte	.LFE162-.LFB162
 164 00e2 01       		.uleb128 0x1
 165 00e3 9C       		.byte	0x9c
 166 00e4 0B       		.uleb128 0xb
 167 00e5 15000000 		.4byte	.LASF21
 168 00e9 01       		.byte	0x1
 169 00ea 33       		.byte	0x33
 170 00eb 6B000000 		.4byte	0x6b
 171 00ef 00       		.byte	0
 172 00f0 00       		.byte	0
 173 00f1 00       		.byte	0
 174              		.section	.debug_abbrev,"",%progbits
 175              	.Ldebug_abbrev0:
 176 0000 01       		.uleb128 0x1
 177 0001 11       		.uleb128 0x11
 178 0002 01       		.byte	0x1
 179 0003 25       		.uleb128 0x25
 180 0004 0E       		.uleb128 0xe
 181 0005 13       		.uleb128 0x13
 182 0006 0B       		.uleb128 0xb
 183 0007 03       		.uleb128 0x3
 184 0008 0E       		.uleb128 0xe
 185 0009 1B       		.uleb128 0x1b
 186 000a 0E       		.uleb128 0xe
 187 000b 55       		.uleb128 0x55
 188 000c 17       		.uleb128 0x17
 189 000d 11       		.uleb128 0x11
 190 000e 01       		.uleb128 0x1
 191 000f 10       		.uleb128 0x10
 192 0010 17       		.uleb128 0x17
 193 0011 00       		.byte	0
 194 0012 00       		.byte	0
 195 0013 02       		.uleb128 0x2
 196 0014 24       		.uleb128 0x24
 197 0015 00       		.byte	0
 198 0016 0B       		.uleb128 0xb
 199 0017 0B       		.uleb128 0xb
 200 0018 3E       		.uleb128 0x3e
ARM GAS  C:\Users\Terence\AppData\Local\Temp\ccf0jXnY.s 			page 6


 201 0019 0B       		.uleb128 0xb
 202 001a 03       		.uleb128 0x3
 203 001b 0E       		.uleb128 0xe
 204 001c 00       		.byte	0
 205 001d 00       		.byte	0
 206 001e 03       		.uleb128 0x3
 207 001f 24       		.uleb128 0x24
 208 0020 00       		.byte	0
 209 0021 0B       		.uleb128 0xb
 210 0022 0B       		.uleb128 0xb
 211 0023 3E       		.uleb128 0x3e
 212 0024 0B       		.uleb128 0xb
 213 0025 03       		.uleb128 0x3
 214 0026 08       		.uleb128 0x8
 215 0027 00       		.byte	0
 216 0028 00       		.byte	0
 217 0029 04       		.uleb128 0x4
 218 002a 16       		.uleb128 0x16
 219 002b 00       		.byte	0
 220 002c 03       		.uleb128 0x3
 221 002d 0E       		.uleb128 0xe
 222 002e 3A       		.uleb128 0x3a
 223 002f 0B       		.uleb128 0xb
 224 0030 3B       		.uleb128 0x3b
 225 0031 05       		.uleb128 0x5
 226 0032 49       		.uleb128 0x49
 227 0033 13       		.uleb128 0x13
 228 0034 00       		.byte	0
 229 0035 00       		.byte	0
 230 0036 05       		.uleb128 0x5
 231 0037 13       		.uleb128 0x13
 232 0038 01       		.byte	0x1
 233 0039 0B       		.uleb128 0xb
 234 003a 0B       		.uleb128 0xb
 235 003b 3A       		.uleb128 0x3a
 236 003c 0B       		.uleb128 0xb
 237 003d 3B       		.uleb128 0x3b
 238 003e 0B       		.uleb128 0xb
 239 003f 01       		.uleb128 0x1
 240 0040 13       		.uleb128 0x13
 241 0041 00       		.byte	0
 242 0042 00       		.byte	0
 243 0043 06       		.uleb128 0x6
 244 0044 0D       		.uleb128 0xd
 245 0045 00       		.byte	0
 246 0046 03       		.uleb128 0x3
 247 0047 0E       		.uleb128 0xe
 248 0048 3A       		.uleb128 0x3a
 249 0049 0B       		.uleb128 0xb
 250 004a 3B       		.uleb128 0x3b
 251 004b 0B       		.uleb128 0xb
 252 004c 49       		.uleb128 0x49
 253 004d 13       		.uleb128 0x13
 254 004e 38       		.uleb128 0x38
 255 004f 0B       		.uleb128 0xb
 256 0050 00       		.byte	0
 257 0051 00       		.byte	0
ARM GAS  C:\Users\Terence\AppData\Local\Temp\ccf0jXnY.s 			page 7


 258 0052 07       		.uleb128 0x7
 259 0053 01       		.uleb128 0x1
 260 0054 01       		.byte	0x1
 261 0055 49       		.uleb128 0x49
 262 0056 13       		.uleb128 0x13
 263 0057 01       		.uleb128 0x1
 264 0058 13       		.uleb128 0x13
 265 0059 00       		.byte	0
 266 005a 00       		.byte	0
 267 005b 08       		.uleb128 0x8
 268 005c 21       		.uleb128 0x21
 269 005d 00       		.byte	0
 270 005e 49       		.uleb128 0x49
 271 005f 13       		.uleb128 0x13
 272 0060 2F       		.uleb128 0x2f
 273 0061 0B       		.uleb128 0xb
 274 0062 00       		.byte	0
 275 0063 00       		.byte	0
 276 0064 09       		.uleb128 0x9
 277 0065 16       		.uleb128 0x16
 278 0066 00       		.byte	0
 279 0067 03       		.uleb128 0x3
 280 0068 0E       		.uleb128 0xe
 281 0069 3A       		.uleb128 0x3a
 282 006a 0B       		.uleb128 0xb
 283 006b 3B       		.uleb128 0x3b
 284 006c 0B       		.uleb128 0xb
 285 006d 49       		.uleb128 0x49
 286 006e 13       		.uleb128 0x13
 287 006f 00       		.byte	0
 288 0070 00       		.byte	0
 289 0071 0A       		.uleb128 0xa
 290 0072 2E       		.uleb128 0x2e
 291 0073 01       		.byte	0x1
 292 0074 3F       		.uleb128 0x3f
 293 0075 19       		.uleb128 0x19
 294 0076 03       		.uleb128 0x3
 295 0077 0E       		.uleb128 0xe
 296 0078 3A       		.uleb128 0x3a
 297 0079 0B       		.uleb128 0xb
 298 007a 3B       		.uleb128 0x3b
 299 007b 0B       		.uleb128 0xb
 300 007c 27       		.uleb128 0x27
 301 007d 19       		.uleb128 0x19
 302 007e 49       		.uleb128 0x49
 303 007f 13       		.uleb128 0x13
 304 0080 11       		.uleb128 0x11
 305 0081 01       		.uleb128 0x1
 306 0082 12       		.uleb128 0x12
 307 0083 06       		.uleb128 0x6
 308 0084 40       		.uleb128 0x40
 309 0085 18       		.uleb128 0x18
 310 0086 9742     		.uleb128 0x2117
 311 0088 19       		.uleb128 0x19
 312 0089 00       		.byte	0
 313 008a 00       		.byte	0
 314 008b 0B       		.uleb128 0xb
ARM GAS  C:\Users\Terence\AppData\Local\Temp\ccf0jXnY.s 			page 8


 315 008c 34       		.uleb128 0x34
 316 008d 00       		.byte	0
 317 008e 03       		.uleb128 0x3
 318 008f 0E       		.uleb128 0xe
 319 0090 3A       		.uleb128 0x3a
 320 0091 0B       		.uleb128 0xb
 321 0092 3B       		.uleb128 0x3b
 322 0093 0B       		.uleb128 0xb
 323 0094 49       		.uleb128 0x49
 324 0095 13       		.uleb128 0x13
 325 0096 1C       		.uleb128 0x1c
 326 0097 0B       		.uleb128 0xb
 327 0098 00       		.byte	0
 328 0099 00       		.byte	0
 329 009a 00       		.byte	0
 330              		.section	.debug_aranges,"",%progbits
 331 0000 1C000000 		.4byte	0x1c
 332 0004 0200     		.2byte	0x2
 333 0006 00000000 		.4byte	.Ldebug_info0
 334 000a 04       		.byte	0x4
 335 000b 00       		.byte	0
 336 000c 0000     		.2byte	0
 337 000e 0000     		.2byte	0
 338 0010 00000000 		.4byte	.LFB162
 339 0014 14000000 		.4byte	.LFE162-.LFB162
 340 0018 00000000 		.4byte	0
 341 001c 00000000 		.4byte	0
 342              		.section	.debug_ranges,"",%progbits
 343              	.Ldebug_ranges0:
 344 0000 00000000 		.4byte	.LFB162
 345 0004 14000000 		.4byte	.LFE162
 346 0008 00000000 		.4byte	0
 347 000c 00000000 		.4byte	0
 348              		.section	.debug_line,"",%progbits
 349              	.Ldebug_line0:
 350 0000 6D000000 		.section	.debug_str,"MS",%progbits,1
 350      02005300 
 350      00000201 
 350      FB0E0D00 
 350      01010101 
 351              	.LASF6:
 352 0000 6C6F6E67 		.ascii	"long long int\000"
 352      206C6F6E 
 352      6720696E 
 352      7400
 353              	.LASF10:
 354 000e 75696E74 		.ascii	"uint32\000"
 354      333200
 355              	.LASF21:
 356 0015 72657175 		.ascii	"requestHandled\000"
 356      65737448 
 356      616E646C 
 356      656400
 357              	.LASF8:
 358 0024 756E7369 		.ascii	"unsigned int\000"
 358      676E6564 
 358      20696E74 
ARM GAS  C:\Users\Terence\AppData\Local\Temp\ccf0jXnY.s 			page 9


 358      00
 359              	.LASF20:
 360 0031 55534246 		.ascii	"USBFS_HandleVendorRqst\000"
 360      535F4861 
 360      6E646C65 
 360      56656E64 
 360      6F725271 
 361              	.LASF9:
 362 0048 75696E74 		.ascii	"uint8\000"
 362      3800
 363              	.LASF5:
 364 004e 6C6F6E67 		.ascii	"long unsigned int\000"
 364      20756E73 
 364      69676E65 
 364      6420696E 
 364      7400
 365              	.LASF18:
 366 0060 433A5C50 		.ascii	"C:\\Program Files (x86)\\Cypress\\CY8CKIT-046 PSoC "
 366      726F6772 
 366      616D2046 
 366      696C6573 
 366      20287838 
 367 0090 34204C2D 		.ascii	"4 L-Series Pioneer Kit\\1.0\\Firmware\\PSoC 4200L\\"
 367      53657269 
 367      65732050 
 367      696F6E65 
 367      6572204B 
 368 00bf 43593843 		.ascii	"CY8CKIT_046_USB_Audio\\CY8CKIT_046_USB_Audio.cydsn\000"
 368      4B49545F 
 368      3034365F 
 368      5553425F 
 368      41756469 
 369              	.LASF7:
 370 00f1 6C6F6E67 		.ascii	"long long unsigned int\000"
 370      206C6F6E 
 370      6720756E 
 370      7369676E 
 370      65642069 
 371              	.LASF11:
 372 0108 666C6F61 		.ascii	"float\000"
 372      7400
 373              	.LASF1:
 374 010e 756E7369 		.ascii	"unsigned char\000"
 374      676E6564 
 374      20636861 
 374      7200
 375              	.LASF13:
 376 011c 63686172 		.ascii	"char\000"
 376      00
 377              	.LASF15:
 378 0121 55534246 		.ascii	"USBFS_ep0_data_struct\000"
 378      535F6570 
 378      305F6461 
 378      74615F73 
 378      74727563 
 379              	.LASF17:
 380 0137 2E5C4765 		.ascii	".\\Generated_Source\\PSoC4\\USBFS_vnd.c\000"
ARM GAS  C:\Users\Terence\AppData\Local\Temp\ccf0jXnY.s 			page 10


 380      6E657261 
 380      7465645F 
 380      536F7572 
 380      63655C50 
 381              	.LASF4:
 382 015c 6C6F6E67 		.ascii	"long int\000"
 382      20696E74 
 382      00
 383              	.LASF12:
 384 0165 646F7562 		.ascii	"double\000"
 384      6C6500
 385              	.LASF19:
 386 016c 65704461 		.ascii	"epData\000"
 386      746100
 387              	.LASF3:
 388 0173 73686F72 		.ascii	"short unsigned int\000"
 388      7420756E 
 388      7369676E 
 388      65642069 
 388      6E7400
 389              	.LASF0:
 390 0186 7369676E 		.ascii	"signed char\000"
 390      65642063 
 390      68617200 
 391              	.LASF16:
 392 0192 474E5520 		.ascii	"GNU C 4.9.3 20150303 (release) [ARM/embedded-4_9-br"
 392      4320342E 
 392      392E3320 
 392      32303135 
 392      30333033 
 393 01c5 616E6368 		.ascii	"anch revision 221220] -mcpu=cortex-m0 -mthumb -g -O"
 393      20726576 
 393      6973696F 
 393      6E203232 
 393      31323230 
 394 01f8 67202D66 		.ascii	"g -ffunction-sections -ffat-lto-objects\000"
 394      66756E63 
 394      74696F6E 
 394      2D736563 
 394      74696F6E 
 395              	.LASF2:
 396 0220 73686F72 		.ascii	"short int\000"
 396      7420696E 
 396      7400
 397              	.LASF14:
 398 022a 73697A65 		.ascii	"sizetype\000"
 398      74797065 
 398      00
 399              		.ident	"GCC: (GNU Tools for ARM Embedded Processors) 4.9.3 20150303 (release) [ARM/embedded-4_9-br
