ARM GAS  C:\Users\Terence\AppData\Local\Temp\ccrlmQsK.s 			page 1


   1              		.cpu cortex-m0
   2              		.fpu softvfp
   3              		.eabi_attribute 20, 1
   4              		.eabi_attribute 21, 1
   5              		.eabi_attribute 23, 3
   6              		.eabi_attribute 24, 1
   7              		.eabi_attribute 25, 1
   8              		.eabi_attribute 26, 1
   9              		.eabi_attribute 30, 1
  10              		.eabi_attribute 34, 0
  11              		.eabi_attribute 18, 4
  12              		.code	16
  13              		.file	"USBInterface.c"
  14              		.text
  15              	.Ltext0:
  16              		.cfi_sections	.debug_frame
  17              		.section	.text.UpdateFeedbackCount,"ax",%progbits
  18              		.align	2
  19              		.global	UpdateFeedbackCount
  20              		.code	16
  21              		.thumb_func
  22              		.type	UpdateFeedbackCount, %function
  23              	UpdateFeedbackCount:
  24              	.LFB326:
  25              		.file 1 ".\\USBInterface.c"
   1:.\USBInterface.c **** /*******************************************************************************
   2:.\USBInterface.c **** * File Name: USBInterface.c
   3:.\USBInterface.c **** *
   4:.\USBInterface.c **** * Version 1.0
   5:.\USBInterface.c **** *
   6:.\USBInterface.c **** * Description: This file contains routines for handling PC/Mac/any USB Host
   7:.\USBInterface.c **** *              USB interface requests.
   8:.\USBInterface.c **** *
   9:.\USBInterface.c **** *******************************************************************************
  10:.\USBInterface.c **** * Copyright (2015), Cypress Semiconductor Corporation.
  11:.\USBInterface.c **** *******************************************************************************
  12:.\USBInterface.c **** * This software, including source code, documentation and related materials
  13:.\USBInterface.c **** * ("Software") is owned by Cypress Semiconductor Corporation (Cypress) and is
  14:.\USBInterface.c **** * protected by and subject to worldwide patent protection (United States and 
  15:.\USBInterface.c **** * foreign), United States copyright laws and international treaty provisions. 
  16:.\USBInterface.c **** * Cypress hereby grants to licensee a personal, non-exclusive, non-transferable
  17:.\USBInterface.c **** * license to copy, use, modify, create derivative works of, and compile the 
  18:.\USBInterface.c **** * Cypress source code and derivative works for the sole purpose of creating 
  19:.\USBInterface.c **** * custom software in support of licensee product, such licensee product to be
  20:.\USBInterface.c **** * used only in conjunction with Cypress's integrated circuit as specified in the
  21:.\USBInterface.c **** * applicable agreement. Any reproduction, modification, translation, compilation,
  22:.\USBInterface.c **** * or representation of this Software except as specified above is prohibited 
  23:.\USBInterface.c **** * without the express written permission of Cypress.
  24:.\USBInterface.c **** * 
  25:.\USBInterface.c **** * Disclaimer: THIS SOFTWARE IS PROVIDED AS-IS, WITH NO WARRANTY OF ANY KIND, 
  26:.\USBInterface.c **** * EXPRESS OR IMPLIED, INCLUDING, BUT NOT LIMITED TO, NONINFRINGEMENT, IMPLIED 
  27:.\USBInterface.c **** * WARRANTIES OF MERCHANTABILITY AND FITNESS FOR A PARTICULAR PURPOSE.
  28:.\USBInterface.c **** * Cypress reserves the right to make changes to the Software without notice. 
  29:.\USBInterface.c **** * Cypress does not assume any liability arising out of the application or use
  30:.\USBInterface.c **** * of Software or any product or circuit described in the Software. Cypress does
  31:.\USBInterface.c **** * not authorize its products for use as critical components in any products 
  32:.\USBInterface.c **** * where a malfunction or failure may reasonably be expected to result in 
ARM GAS  C:\Users\Terence\AppData\Local\Temp\ccrlmQsK.s 			page 2


  33:.\USBInterface.c **** * significant injury or death ("ACTIVE Risk Product"). By including Cypress's 
  34:.\USBInterface.c **** * product in a ACTIVE Risk Product, the manufacturer of such system or application
  35:.\USBInterface.c **** * assumes all risk of such use and in doing so indemnifies Cypress against all
  36:.\USBInterface.c **** * liability. Use of this Software may be limited by and subject to the applicable
  37:.\USBInterface.c **** * Cypress software license agreement.
  38:.\USBInterface.c **** *******************************************************************************/
  39:.\USBInterface.c **** #include <Application.h>
  40:.\USBInterface.c **** #include <AudioControl.h>
  41:.\USBInterface.c **** #include <AudioIn.h>
  42:.\USBInterface.c **** #include <AudioOut.h>
  43:.\USBInterface.c **** #include <Config.h>
  44:.\USBInterface.c **** #include <USBInterface.h>
  45:.\USBInterface.c **** #include <Codec.h>
  46:.\USBInterface.c **** 
  47:.\USBInterface.c **** extern volatile uint8 USBFS_interfaceSetting[];
  48:.\USBInterface.c **** 
  49:.\USBInterface.c **** extern uint8 USBFS_initVar;
  50:.\USBInterface.c **** extern uint8 playlistControlReport;
  51:.\USBInterface.c **** extern CYBIT outPlaying;
  52:.\USBInterface.c **** extern CYBIT inPlaying;
  53:.\USBInterface.c **** 
  54:.\USBInterface.c **** extern CYBIT codecInit;  
  55:.\USBInterface.c **** 
  56:.\USBInterface.c **** uint8 USBDeviceState = USB_INTERFACE_INACTIVE;
  57:.\USBInterface.c **** 
  58:.\USBInterface.c **** #if(USBFS_EP_MM == USBFS__EP_DMAAUTO) 
  59:.\USBInterface.c **** 	uint8 outRam[OUT_AUDIOMAXPKT];
  60:.\USBInterface.c **** 	uint8 inRam[IN_AUDIOMAXPKT];
  61:.\USBInterface.c ****     uint16 inCnt;    
  62:.\USBInterface.c **** #endif
  63:.\USBInterface.c **** 
  64:.\USBInterface.c **** uint8 freeRunningLRCLKCount;
  65:.\USBInterface.c **** uint8 audioSamples;
  66:.\USBInterface.c **** uint8 lastFreeRunningLRCLKCount = MAX_UINT8_COUNT-1;
  67:.\USBInterface.c **** uint8 explicitFeedback[3] = {0x00,0x00, 0x0C}; /* 48 bytes explicit feedback */
  68:.\USBInterface.c **** uint16 explicitFeedbackSamples;
  69:.\USBInterface.c **** uint8 updated = FALSE;
  70:.\USBInterface.c **** 
  71:.\USBInterface.c **** extern uint16 outLevel;
  72:.\USBInterface.c **** CYBIT audioAsync = IMPLICIT_FEEDBACK ;
  73:.\USBInterface.c **** extern uint8 setRate;
  74:.\USBInterface.c **** uint8 asyncready = FALSE;
  75:.\USBInterface.c **** 
  76:.\USBInterface.c **** uint8 altSetting[NO_OF_AUDIO_STREAM_INTERFACE] = {ALT_SETTING_INVALID, ALT_SETTING_INVALID};
  77:.\USBInterface.c **** 
  78:.\USBInterface.c **** /*******************************************************************************
  79:.\USBInterface.c **** * Function Name: ServiceUSB
  80:.\USBInterface.c **** ********************************************************************************
  81:.\USBInterface.c **** * Summary: This routine performs tasks that should be done soon after USB 
  82:.\USBInterface.c **** *          enumeration is completed (configure DMA, initialize state machine, etc.).
  83:.\USBInterface.c **** *          When the USB configuration is changed, this routine reinitializes all
  84:.\USBInterface.c **** *          the USB endpoints as required by the application.       
  85:.\USBInterface.c **** *
  86:.\USBInterface.c **** * Parameters:
  87:.\USBInterface.c **** *  void
  88:.\USBInterface.c **** *
  89:.\USBInterface.c **** * Return:
ARM GAS  C:\Users\Terence\AppData\Local\Temp\ccrlmQsK.s 			page 3


  90:.\USBInterface.c **** *  void
  91:.\USBInterface.c **** *
  92:.\USBInterface.c **** *******************************************************************************/
  93:.\USBInterface.c **** void ServiceUSB(void)
  94:.\USBInterface.c **** {
  95:.\USBInterface.c **** 	audioAsync = EXPLICIT_FEEDBACK;
  96:.\USBInterface.c **** 	
  97:.\USBInterface.c **** 	if(USB_INTERFACE_INACTIVE == USBDeviceState)
  98:.\USBInterface.c ****     {
  99:.\USBInterface.c ****         USBDeviceState = USB_INIT_AFTER_ENUMERATION_REQUIRED;
 100:.\USBInterface.c ****     }
 101:.\USBInterface.c **** 	
 102:.\USBInterface.c **** 	/* Initialization sequence for every USB host enumeration event */
 103:.\USBInterface.c ****     if(USBDeviceState == USB_INIT_AFTER_ENUMERATION_REQUIRED)
 104:.\USBInterface.c ****     {
 105:.\USBInterface.c ****         uint16 index = 0;
 106:.\USBInterface.c ****         
 107:.\USBInterface.c ****         USBDeviceState = USB_INIT_AFTER_ENUMERATION_COMPLETED;
 108:.\USBInterface.c ****         
 109:.\USBInterface.c ****         #if(USBFS_EP_MM == USBFS__EP_DMAAUTO)
 110:.\USBInterface.c ****             
 111:.\USBInterface.c **** 			for(index=0; index< AUDIOMAXPKT; index++)
 112:.\USBInterface.c ****             {
 113:.\USBInterface.c **** 				outRam[index] = 0;
 114:.\USBInterface.c ****                 inRam[index] = 0;                
 115:.\USBInterface.c ****             }	
 116:.\USBInterface.c ****             
 117:.\USBInterface.c **** 		  	inCnt = AUDIOMAXPKT;            
 118:.\USBInterface.c ****         #endif		
 119:.\USBInterface.c ****     }
 120:.\USBInterface.c ****     
 121:.\USBInterface.c ****    
 122:.\USBInterface.c ****     /* USBFS_IsConfigurationChanged() is a clear on read status update therefore, only one read of 
 123:.\USBInterface.c ****      * USBFS_IsConfigurationChanged() should ever exist in user code */
 124:.\USBInterface.c ****     if(USBFS_IsConfigurationChanged())
 125:.\USBInterface.c ****     {	                    
 126:.\USBInterface.c ****         if(altSetting[AUDIO_OUT_INTERFACE_INDEX] != USBFS_GetInterfaceSetting(1))
 127:.\USBInterface.c **** 		{
 128:.\USBInterface.c **** 	        /* Get Alternate setting */	        
 129:.\USBInterface.c ****             altSetting[AUDIO_OUT_INTERFACE_INDEX] = USBFS_GetInterfaceSetting(1); 
 130:.\USBInterface.c **** 			
 131:.\USBInterface.c **** 			/* Set 24-bit mode for I2S */
 132:.\USBInterface.c **** 			/* Clear internal pointers */			
 133:.\USBInterface.c **** 			Stop_I2S_Rx();			  
 134:.\USBInterface.c **** 			Stop_I2S_Tx();
 135:.\USBInterface.c **** 			
 136:.\USBInterface.c **** 			/* Stop component */
 137:.\USBInterface.c **** 			I2S_Stop();
 138:.\USBInterface.c **** 
 139:.\USBInterface.c **** 			/* Note: ByteCounter is stopped in Stop_I2S_Tx(); */        
 140:.\USBInterface.c **** 	        ByteCounter_Tx_WritePeriod((OUT_TRANS_SIZE) - 1);
 141:.\USBInterface.c **** 	        ByteCounter_Tx_Enable();
 142:.\USBInterface.c **** 
 143:.\USBInterface.c **** 			/* Restart I2S*/
 144:.\USBInterface.c **** 			I2S_Start();
 145:.\USBInterface.c **** 						
 146:.\USBInterface.c **** 	        
ARM GAS  C:\Users\Terence\AppData\Local\Temp\ccrlmQsK.s 			page 4


 147:.\USBInterface.c **** 	        /* Arming the audio out EP if it is not zero bandwidth alt setting */
 148:.\USBInterface.c **** 	        if (altSetting[AUDIO_OUT_INTERFACE_INDEX]!= ALT_SETTING_ZERO_BANDWIDTH)           
 149:.\USBInterface.c **** 	        {
 150:.\USBInterface.c **** 	            /* Init DMA configurations for audio OUT EP */
 151:.\USBInterface.c **** 	            USBFS_ReadOutEP(AUDIO_OUT_ENDPOINT, &outRam[0], OUT_AUDIOMAXPKT);
 152:.\USBInterface.c **** 	            USBFS_EnableOutEP(AUDIO_OUT_ENDPOINT);                   
 153:.\USBInterface.c ****                 
 154:.\USBInterface.c ****                 if (EXPLICIT_FEEDBACK == audioAsync )
 155:.\USBInterface.c ****     			{
 156:.\USBInterface.c ****     	            USBFS_LoadInEP(ASYNC_EXPLICIT_FEEDBACK_ENDPOINT, &explicitFeedback[0], sizeof(expl
 157:.\USBInterface.c ****     				USBFS_LoadInEP(ASYNC_EXPLICIT_FEEDBACK_ENDPOINT, USBFS_NULL, sizeof(explicitFeedback));
 158:.\USBInterface.c ****     	        }
 159:.\USBInterface.c **** 	        }
 160:.\USBInterface.c ****             else
 161:.\USBInterface.c ****             {                
 162:.\USBInterface.c ****                 /* Trigger USB Audio OUT EP DMA to flush out the data before entering zero bandwidt
 163:.\USBInterface.c ****                 USBFS_CyDmaTriggerIn(USBFS_DmaReqOut[AUDIO_OUT_ENDPOINT]);
 164:.\USBInterface.c ****                 USBFS_CyDmaTriggerIn(USBFS_DmaReqOut[ASYNC_EXPLICIT_FEEDBACK_ENDPOINT]);
 165:.\USBInterface.c ****             }
 166:.\USBInterface.c **** 			
 167:.\USBInterface.c **** 			processAsyncFeedbackTransfer(DO_NOT_CLEAR_UPDATE_FLAG);        
 168:.\USBInterface.c ****         }        
 169:.\USBInterface.c ****         
 170:.\USBInterface.c ****         if(altSetting[AUDIO_IN_INTERFACE_INDEX] != USBFS_GetInterfaceSetting(2))
 171:.\USBInterface.c ****     	{            
 172:.\USBInterface.c ****             altSetting[AUDIO_IN_INTERFACE_INDEX] = USBFS_GetInterfaceSetting(2);           
 173:.\USBInterface.c **** 		
 174:.\USBInterface.c **** 			Stop_I2S_Rx();			
 175:.\USBInterface.c **** 			
 176:.\USBInterface.c ****             ByteCounter_Rx_WritePeriod((IN_TRANS_SIZE) - 1);
 177:.\USBInterface.c ****             
 178:.\USBInterface.c ****             /* Arming the audio in EP if it is not zero bandwidth alt setting */
 179:.\USBInterface.c ****             if (altSetting[AUDIO_IN_INTERFACE_INDEX] != ALT_SETTING_ZERO_BANDWIDTH)               
 180:.\USBInterface.c ****             {
 181:.\USBInterface.c ****                 /* Init DMA configurations for audio IN EP */  
 182:.\USBInterface.c ****                 inCnt = IN_AUDIOMAXPKT;
 183:.\USBInterface.c ****                 USBFS_LoadInEP(AUDIO_IN_ENDPOINT, &inRam[0], inCnt);
 184:.\USBInterface.c ****                 
 185:.\USBInterface.c ****                 /* Pre-arm first audio IN request */
 186:.\USBInterface.c ****                 USBFS_LoadInEP(AUDIO_IN_ENDPOINT, USBFS_NULL, inCnt);                
 187:.\USBInterface.c ****             }
 188:.\USBInterface.c ****             else
 189:.\USBInterface.c ****             {
 190:.\USBInterface.c ****                  /* Trigger USB Audio IN EP DMA to flush out the data before entering zero bandwidt
 191:.\USBInterface.c ****                 USBFS_CyDmaTriggerIn(USBFS_DmaReqOut[AUDIO_IN_ENDPOINT]);
 192:.\USBInterface.c ****             }
 193:.\USBInterface.c **** 		}       
 194:.\USBInterface.c **** 	}
 195:.\USBInterface.c **** }
 196:.\USBInterface.c **** 
 197:.\USBInterface.c **** /*******************************************************************************
 198:.\USBInterface.c **** * Function Name: UpdateFeedbackCount
 199:.\USBInterface.c **** ********************************************************************************
 200:.\USBInterface.c **** * Summary: This routine calculates the total number of audio samples consumed
 201:.\USBInterface.c **** *          by PSoC per SOF interval. The number of audio samples consumed
 202:.\USBInterface.c **** *          determines the explicit feedback count to be sent to the USB host
 203:.\USBInterface.c **** *          over the feedback endpoint
ARM GAS  C:\Users\Terence\AppData\Local\Temp\ccrlmQsK.s 			page 5


 204:.\USBInterface.c **** *
 205:.\USBInterface.c **** * Parameters:
 206:.\USBInterface.c **** *  None
 207:.\USBInterface.c **** *
 208:.\USBInterface.c **** * Return:
 209:.\USBInterface.c **** *  None
 210:.\USBInterface.c **** *
 211:.\USBInterface.c **** *******************************************************************************/
 212:.\USBInterface.c **** void UpdateFeedbackCount(void)
 213:.\USBInterface.c **** {	
  26              		.loc 1 213 0
  27              		.cfi_startproc
  28 0000 08B5     		push	{r3, lr}
  29              		.cfi_def_cfa_offset 8
  30              		.cfi_offset 3, -8
  31              		.cfi_offset 14, -4
 214:.\USBInterface.c **** 	/* Feedback calculation logic for both implicit and explicit feedback on every SOF interrupt */
 215:.\USBInterface.c **** 	/* Get the Async_Feedback_Counter current count value */
 216:.\USBInterface.c **** 	freeRunningLRCLKCount = Async_Feedback_Counter_ReadCounter();
  32              		.loc 1 216 0
  33 0002 FFF7FEFF 		bl	Async_Feedback_Counter_ReadCounter
  34              	.LVL0:
  35 0006 224B     		ldr	r3, .L5
  36 0008 1870     		strb	r0, [r3]
 217:.\USBInterface.c **** 	
 218:.\USBInterface.c **** 	/* Calculate the number of audio samples transferred from last SOF interrupt */
 219:.\USBInterface.c ****     audioSamples = (((uint32)lastFreeRunningLRCLKCount) + MAX_UINT8_COUNT - ((uint32)freeRunningLRC
  37              		.loc 1 219 0
  38 000a 224A     		ldr	r2, .L5+4
  39 000c 1378     		ldrb	r3, [r2]
  40 000e 1B1A     		sub	r3, r3, r0
  41 0010 2149     		ldr	r1, .L5+8
  42 0012 0B70     		strb	r3, [r1]
 220:.\USBInterface.c **** 	
 221:.\USBInterface.c **** 	/* Store the read counter value for next cycle */
 222:.\USBInterface.c **** 	lastFreeRunningLRCLKCount = freeRunningLRCLKCount;
  43              		.loc 1 222 0
  44 0014 1070     		strb	r0, [r2]
 223:.\USBInterface.c **** 	
 224:.\USBInterface.c **** 	/* If clocks and Async endpoint are configured, process Async data */
 225:.\USBInterface.c ****     if(asyncready)
  45              		.loc 1 225 0
  46 0016 214B     		ldr	r3, .L5+12
  47 0018 1B78     		ldrb	r3, [r3]
  48 001a 002B     		cmp	r3, #0
  49 001c 37D0     		beq	.L1
 226:.\USBInterface.c ****     {
 227:.\USBInterface.c **** 	    /* Process only for explicit feedback */
 228:.\USBInterface.c **** 		if (EXPLICIT_FEEDBACK == audioAsync )
  50              		.loc 1 228 0
  51 001e 1F4B     		ldr	r3, .L5+12
  52 0020 5B78     		ldrb	r3, [r3, #1]
  53 0022 012B     		cmp	r3, #1
  54 0024 33D1     		bne	.L1
 229:.\USBInterface.c **** 	    {	 	        
 230:.\USBInterface.c **** 			/* Read the feedback count value */
 231:.\USBInterface.c **** 			explicitFeedbackSamples = ((uint16)explicitFeedback[2]) << 8 | explicitFeedback[1];
ARM GAS  C:\Users\Terence\AppData\Local\Temp\ccrlmQsK.s 			page 6


  55              		.loc 1 231 0
  56 0026 9379     		ldrb	r3, [r2, #6]
  57 0028 1B02     		lsl	r3, r3, #8
  58 002a 5279     		ldrb	r2, [r2, #5]
  59 002c 1343     		orr	r3, r2
  60 002e 1C4A     		ldr	r2, .L5+16
  61 0030 1380     		strh	r3, [r2]
 232:.\USBInterface.c **** 			
 233:.\USBInterface.c **** 			/* Increment or decrement the feedback count value depending on whether the audio out buffer is 
 234:.\USBInterface.c **** 				The update happens only once every Async feedback point read from the host */
 235:.\USBInterface.c **** 	        if((outLevel < OUT_HALF) && (updated == FALSE))
  62              		.loc 1 235 0
  63 0032 1C4A     		ldr	r2, .L5+20
  64 0034 1288     		ldrh	r2, [r2]
  65 0036 1C49     		ldr	r1, .L5+24
  66 0038 8A42     		cmp	r2, r1
  67 003a 0AD8     		bhi	.L3
  68              		.loc 1 235 0 is_stmt 0 discriminator 1
  69 003c 1749     		ldr	r1, .L5+12
  70 003e 8978     		ldrb	r1, [r1, #2]
  71 0040 0029     		cmp	r1, #0
  72 0042 06D1     		bne	.L3
 236:.\USBInterface.c **** 	        {	            
 237:.\USBInterface.c **** 				explicitFeedbackSamples += MINIMUM_FEEDBACK_REQUEST;					
  73              		.loc 1 237 0 is_stmt 1
  74 0044 0833     		add	r3, r3, #8
  75 0046 164A     		ldr	r2, .L5+16
  76 0048 1380     		strh	r3, [r2]
 238:.\USBInterface.c **** 	            updated = TRUE;
  77              		.loc 1 238 0
  78 004a 0122     		mov	r2, #1
  79 004c 134B     		ldr	r3, .L5+12
  80 004e 9A70     		strb	r2, [r3, #2]
  81 0050 0DE0     		b	.L4
  82              	.L3:
 239:.\USBInterface.c **** 	        }
 240:.\USBInterface.c **** 	        else if((outLevel > (OUT_HALF + AUDIOMAXPKT))&& (updated == FALSE))
  83              		.loc 1 240 0
  84 0052 D821     		mov	r1, #216
  85 0054 8900     		lsl	r1, r1, #2
  86 0056 8A42     		cmp	r2, r1
  87 0058 09D9     		bls	.L4
  88              		.loc 1 240 0 is_stmt 0 discriminator 1
  89 005a 104A     		ldr	r2, .L5+12
  90 005c 9278     		ldrb	r2, [r2, #2]
  91 005e 002A     		cmp	r2, #0
  92 0060 05D1     		bne	.L4
 241:.\USBInterface.c **** 	        {				
 242:.\USBInterface.c **** 				explicitFeedbackSamples -= MINIMUM_FEEDBACK_REQUEST;			
  93              		.loc 1 242 0 is_stmt 1
  94 0062 083B     		sub	r3, r3, #8
  95 0064 0E4A     		ldr	r2, .L5+16
  96 0066 1380     		strh	r3, [r2]
 243:.\USBInterface.c **** 	            updated = TRUE;				
  97              		.loc 1 243 0
  98 0068 0122     		mov	r2, #1
  99 006a 0C4B     		ldr	r3, .L5+12
ARM GAS  C:\Users\Terence\AppData\Local\Temp\ccrlmQsK.s 			page 7


 100 006c 9A70     		strb	r2, [r3, #2]
 101              	.L4:
 244:.\USBInterface.c **** 	        }
 245:.\USBInterface.c **** 			
 246:.\USBInterface.c **** 			/* Update the feedback count back */
 247:.\USBInterface.c **** 			explicitFeedback[2] = HI8(explicitFeedbackSamples);
 102              		.loc 1 247 0
 103 006e 0C4B     		ldr	r3, .L5+16
 104 0070 1A88     		ldrh	r2, [r3]
 105 0072 110A     		lsr	r1, r2, #8
 106 0074 074B     		ldr	r3, .L5+4
 107 0076 9971     		strb	r1, [r3, #6]
 248:.\USBInterface.c **** 			explicitFeedback[1] = LO8(explicitFeedbackSamples);
 108              		.loc 1 248 0
 109 0078 5A71     		strb	r2, [r3, #5]
 249:.\USBInterface.c **** 	        	        	        
 250:.\USBInterface.c **** 	        /* Arm the feedback endpoint */
 251:.\USBInterface.c **** 	        if((USBFS_GetEPState(ASYNC_EXPLICIT_FEEDBACK_ENDPOINT) == USBFS_IN_BUFFER_EMPTY))
 110              		.loc 1 251 0
 111 007a 0320     		mov	r0, #3
 112 007c FFF7FEFF 		bl	USBFS_GetEPState
 113              	.LVL1:
 114 0080 0128     		cmp	r0, #1
 115 0082 04D1     		bne	.L1
 252:.\USBInterface.c **** 	        {		            
 253:.\USBInterface.c **** 				USBFS_LoadInEP(ASYNC_EXPLICIT_FEEDBACK_ENDPOINT, USBFS_NULL, sizeof(explicitFeedback));
 116              		.loc 1 253 0
 117 0084 0230     		add	r0, r0, #2
 118 0086 0021     		mov	r1, #0
 119 0088 0322     		mov	r2, #3
 120 008a FFF7FEFF 		bl	USBFS_LoadInEP
 121              	.LVL2:
 122              	.L1:
 254:.\USBInterface.c **** 	        }
 255:.\USBInterface.c **** 	    
 256:.\USBInterface.c **** 	    }
 257:.\USBInterface.c ****     }
 258:.\USBInterface.c **** 
 259:.\USBInterface.c **** }
 123              		.loc 1 259 0
 124              		@ sp needed
 125 008e 08BD     		pop	{r3, pc}
 126              	.L6:
 127              		.align	2
 128              	.L5:
 129 0090 00000000 		.word	freeRunningLRCLKCount
 130 0094 00000000 		.word	.LANCHOR0
 131 0098 00000000 		.word	audioSamples
 132 009c 00000000 		.word	.LANCHOR1
 133 00a0 00000000 		.word	explicitFeedbackSamples
 134 00a4 00000000 		.word	outLevel
 135 00a8 3F020000 		.word	575
 136              		.cfi_endproc
 137              	.LFE326:
 138              		.size	UpdateFeedbackCount, .-UpdateFeedbackCount
 139              		.section	.text.processAsyncFeedbackTransfer,"ax",%progbits
 140              		.align	2
ARM GAS  C:\Users\Terence\AppData\Local\Temp\ccrlmQsK.s 			page 8


 141              		.global	processAsyncFeedbackTransfer
 142              		.code	16
 143              		.thumb_func
 144              		.type	processAsyncFeedbackTransfer, %function
 145              	processAsyncFeedbackTransfer:
 146              	.LFB327:
 260:.\USBInterface.c **** 
 261:.\USBInterface.c **** /*******************************************************************************
 262:.\USBInterface.c **** * Function Name: processAsyncFeedbackTransfer
 263:.\USBInterface.c **** ********************************************************************************
 264:.\USBInterface.c **** * Summary: This routine uses the Async explicit feedback endpoint data transfer
 265:.\USBInterface.c **** *          completion interrupt to update the explicit feedback count to it's
 266:.\USBInterface.c **** *          default value corresponding to system sampling rate
 267:.\USBInterface.c ****     *
 268:.\USBInterface.c **** * Parameters:
 269:.\USBInterface.c **** *  None
 270:.\USBInterface.c **** *
 271:.\USBInterface.c **** * Return:   
 272:.\USBInterface.c **** *  None
 273:.\USBInterface.c **** *
 274:.\USBInterface.c **** *******************************************************************************/
 275:.\USBInterface.c **** void processAsyncFeedbackTransfer(uint32 clearFlag)
 276:.\USBInterface.c **** {
 147              		.loc 1 276 0
 148              		.cfi_startproc
 149              	.LVL3:
 277:.\USBInterface.c ****     /* Reset the feedback count every time the host reads the feedback count data */
 278:.\USBInterface.c **** 	
 279:.\USBInterface.c **** 	if (EXPLICIT_FEEDBACK == audioAsync )
 150              		.loc 1 279 0
 151 0000 0F4B     		ldr	r3, .L12
 152 0002 5B78     		ldrb	r3, [r3, #1]
 153 0004 012B     		cmp	r3, #1
 154 0006 19D1     		bne	.L7
 280:.\USBInterface.c **** 	{				
 281:.\USBInterface.c **** 		switch(setRate)
 155              		.loc 1 281 0
 156 0008 0E4B     		ldr	r3, .L12+4
 157 000a 1B78     		ldrb	r3, [r3]
 158 000c 002B     		cmp	r3, #0
 159 000e 02D0     		beq	.L10
 160 0010 012B     		cmp	r3, #1
 161 0012 07D0     		beq	.L11
 162 0014 0DE0     		b	.L9
 163              	.L10:
 282:.\USBInterface.c **** 		{
 283:.\USBInterface.c **** 			case RATE_48KHZ:
 284:.\USBInterface.c **** 				explicitFeedback[0] = 0x00;
 164              		.loc 1 284 0
 165 0016 0C4B     		ldr	r3, .L12+8
 166 0018 0022     		mov	r2, #0
 167 001a 1A71     		strb	r2, [r3, #4]
 285:.\USBInterface.c **** 				explicitFeedback[1] = 0x00;
 168              		.loc 1 285 0
 169 001c 5A71     		strb	r2, [r3, #5]
 286:.\USBInterface.c **** 				explicitFeedback[2] = 0x0C; /* 48 samples explicit feedback */
 170              		.loc 1 286 0
ARM GAS  C:\Users\Terence\AppData\Local\Temp\ccrlmQsK.s 			page 9


 171 001e 0C32     		add	r2, r2, #12
 172 0020 9A71     		strb	r2, [r3, #6]
 287:.\USBInterface.c **** 			break;
 173              		.loc 1 287 0
 174 0022 06E0     		b	.L9
 175              	.L11:
 288:.\USBInterface.c **** 				
 289:.\USBInterface.c **** 			case RATE_44KHZ:
 290:.\USBInterface.c **** 				explicitFeedback[0] = 0x66; 
 176              		.loc 1 290 0
 177 0024 084B     		ldr	r3, .L12+8
 178 0026 6622     		mov	r2, #102
 179 0028 1A71     		strb	r2, [r3, #4]
 291:.\USBInterface.c **** 				explicitFeedback[1] = 0x06;
 180              		.loc 1 291 0
 181 002a 603A     		sub	r2, r2, #96
 182 002c 5A71     		strb	r2, [r3, #5]
 292:.\USBInterface.c **** 				explicitFeedback[2] = 0x0B; /* 44.1 samples explicit feedback */
 183              		.loc 1 292 0
 184 002e 0532     		add	r2, r2, #5
 185 0030 9A71     		strb	r2, [r3, #6]
 186              	.L9:
 293:.\USBInterface.c **** 			break;
 294:.\USBInterface.c **** 			
 295:.\USBInterface.c **** 			default:
 296:.\USBInterface.c **** 			break;
 297:.\USBInterface.c **** 		}	
 298:.\USBInterface.c **** 		
 299:.\USBInterface.c **** 		/* Clear the flag to indicate the data has been read by the host */
 300:.\USBInterface.c **** 		if(clearFlag)
 187              		.loc 1 300 0
 188 0032 0028     		cmp	r0, #0
 189 0034 02D0     		beq	.L7
 301:.\USBInterface.c **** 		{
 302:.\USBInterface.c **** 			updated = FALSE;
 190              		.loc 1 302 0
 191 0036 0022     		mov	r2, #0
 192 0038 014B     		ldr	r3, .L12
 193 003a 9A70     		strb	r2, [r3, #2]
 194              	.L7:
 303:.\USBInterface.c **** 		}
 304:.\USBInterface.c **** 	}
 305:.\USBInterface.c **** }
 195              		.loc 1 305 0
 196              		@ sp needed
 197 003c 7047     		bx	lr
 198              	.L13:
 199 003e C046     		.align	2
 200              	.L12:
 201 0040 00000000 		.word	.LANCHOR1
 202 0044 00000000 		.word	setRate
 203 0048 00000000 		.word	.LANCHOR0
 204              		.cfi_endproc
 205              	.LFE327:
 206              		.size	processAsyncFeedbackTransfer, .-processAsyncFeedbackTransfer
 207              		.section	.text.ServiceUSB,"ax",%progbits
 208              		.align	2
ARM GAS  C:\Users\Terence\AppData\Local\Temp\ccrlmQsK.s 			page 10


 209              		.global	ServiceUSB
 210              		.code	16
 211              		.thumb_func
 212              		.type	ServiceUSB, %function
 213              	ServiceUSB:
 214              	.LFB325:
  94:.\USBInterface.c **** 	audioAsync = EXPLICIT_FEEDBACK;
 215              		.loc 1 94 0
 216              		.cfi_startproc
 217 0000 10B5     		push	{r4, lr}
 218              		.cfi_def_cfa_offset 8
 219              		.cfi_offset 4, -8
 220              		.cfi_offset 14, -4
  95:.\USBInterface.c **** 	
 221              		.loc 1 95 0
 222 0002 464B     		ldr	r3, .L24
 223 0004 0122     		mov	r2, #1
 224 0006 5A70     		strb	r2, [r3, #1]
  97:.\USBInterface.c ****     {
 225              		.loc 1 97 0
 226 0008 DB78     		ldrb	r3, [r3, #3]
 227 000a 002B     		cmp	r3, #0
 228 000c 01D1     		bne	.L15
  99:.\USBInterface.c ****     }
 229              		.loc 1 99 0
 230 000e 434B     		ldr	r3, .L24
 231 0010 DA70     		strb	r2, [r3, #3]
 232              	.L15:
 103:.\USBInterface.c ****     {
 233              		.loc 1 103 0
 234 0012 424B     		ldr	r3, .L24
 235 0014 DB78     		ldrb	r3, [r3, #3]
 236 0016 012B     		cmp	r3, #1
 237 0018 12D1     		bne	.L16
 238              	.LVL4:
 239              	.LBB2:
 107:.\USBInterface.c ****         
 240              		.loc 1 107 0
 241 001a 0222     		mov	r2, #2
 242 001c 3F4B     		ldr	r3, .L24
 243 001e DA70     		strb	r2, [r3, #3]
 111:.\USBInterface.c ****             {
 244              		.loc 1 111 0
 245 0020 0023     		mov	r3, #0
 246 0022 06E0     		b	.L17
 247              	.LVL5:
 248              	.L18:
 113:.\USBInterface.c ****                 inRam[index] = 0;                
 249              		.loc 1 113 0 discriminator 3
 250 0024 0022     		mov	r2, #0
 251 0026 3E49     		ldr	r1, .L24+4
 252 0028 CA54     		strb	r2, [r1, r3]
 114:.\USBInterface.c ****             }	
 253              		.loc 1 114 0 discriminator 3
 254 002a 3E49     		ldr	r1, .L24+8
 255 002c CA54     		strb	r2, [r1, r3]
 111:.\USBInterface.c ****             {
ARM GAS  C:\Users\Terence\AppData\Local\Temp\ccrlmQsK.s 			page 11


 256              		.loc 1 111 0 discriminator 3
 257 002e 0133     		add	r3, r3, #1
 258              	.LVL6:
 259 0030 9BB2     		uxth	r3, r3
 260              	.LVL7:
 261              	.L17:
 111:.\USBInterface.c ****             {
 262              		.loc 1 111 0 is_stmt 0 discriminator 1
 263 0032 2022     		mov	r2, #32
 264 0034 FF32     		add	r2, r2, #255
 265 0036 9342     		cmp	r3, r2
 266 0038 F4D9     		bls	.L18
 117:.\USBInterface.c ****         #endif		
 267              		.loc 1 117 0 is_stmt 1
 268 003a 0132     		add	r2, r2, #1
 269 003c 3A4B     		ldr	r3, .L24+12
 270              	.LVL8:
 271 003e 1A80     		strh	r2, [r3]
 272              	.L16:
 273              	.LBE2:
 124:.\USBInterface.c ****     {	                    
 274              		.loc 1 124 0
 275 0040 FFF7FEFF 		bl	USBFS_IsConfigurationChanged
 276              	.LVL9:
 277 0044 0028     		cmp	r0, #0
 278 0046 68D0     		beq	.L14
 126:.\USBInterface.c **** 		{
 279              		.loc 1 126 0
 280 0048 384B     		ldr	r3, .L24+16
 281 004a 1C7A     		ldrb	r4, [r3, #8]
 282 004c 0120     		mov	r0, #1
 283 004e FFF7FEFF 		bl	USBFS_GetInterfaceSetting
 284              	.LVL10:
 285 0052 8442     		cmp	r4, r0
 286 0054 39D0     		beq	.L20
 129:.\USBInterface.c **** 			
 287              		.loc 1 129 0
 288 0056 0120     		mov	r0, #1
 289 0058 FFF7FEFF 		bl	USBFS_GetInterfaceSetting
 290              	.LVL11:
 291 005c 334C     		ldr	r4, .L24+16
 292 005e 2072     		strb	r0, [r4, #8]
 133:.\USBInterface.c **** 			Stop_I2S_Tx();
 293              		.loc 1 133 0
 294 0060 FFF7FEFF 		bl	Stop_I2S_Rx
 295              	.LVL12:
 134:.\USBInterface.c **** 			
 296              		.loc 1 134 0
 297 0064 FFF7FEFF 		bl	Stop_I2S_Tx
 298              	.LVL13:
 137:.\USBInterface.c **** 
 299              		.loc 1 137 0
 300 0068 FFF7FEFF 		bl	I2S_Stop
 301              	.LVL14:
 140:.\USBInterface.c **** 	        ByteCounter_Tx_Enable();
 302              		.loc 1 140 0
 303 006c 8F20     		mov	r0, #143
ARM GAS  C:\Users\Terence\AppData\Local\Temp\ccrlmQsK.s 			page 12


 304 006e FFF7FEFF 		bl	ByteCounter_Tx_WritePeriod
 305              	.LVL15:
 141:.\USBInterface.c **** 
 306              		.loc 1 141 0
 307 0072 FFF7FEFF 		bl	ByteCounter_Tx_Enable
 308              	.LVL16:
 144:.\USBInterface.c **** 						
 309              		.loc 1 144 0
 310 0076 FFF7FEFF 		bl	I2S_Start
 311              	.LVL17:
 148:.\USBInterface.c **** 	        {
 312              		.loc 1 148 0
 313 007a 237A     		ldrb	r3, [r4, #8]
 314 007c 002B     		cmp	r3, #0
 315 007e 18D0     		beq	.L21
 151:.\USBInterface.c **** 	            USBFS_EnableOutEP(AUDIO_OUT_ENDPOINT);                   
 316              		.loc 1 151 0
 317 0080 0120     		mov	r0, #1
 318 0082 2749     		ldr	r1, .L24+4
 319 0084 9322     		mov	r2, #147
 320 0086 5200     		lsl	r2, r2, #1
 321 0088 FFF7FEFF 		bl	USBFS_ReadOutEP
 322              	.LVL18:
 152:.\USBInterface.c ****                 
 323              		.loc 1 152 0
 324 008c 0120     		mov	r0, #1
 325 008e FFF7FEFF 		bl	USBFS_EnableOutEP
 326              	.LVL19:
 154:.\USBInterface.c ****     			{
 327              		.loc 1 154 0
 328 0092 224B     		ldr	r3, .L24
 329 0094 5B78     		ldrb	r3, [r3, #1]
 330 0096 012B     		cmp	r3, #1
 331 0098 14D1     		bne	.L22
 156:.\USBInterface.c ****     				USBFS_LoadInEP(ASYNC_EXPLICIT_FEEDBACK_ENDPOINT, USBFS_NULL, sizeof(explicitFeedback));
 332              		.loc 1 156 0
 333 009a 0320     		mov	r0, #3
 334 009c 2349     		ldr	r1, .L24+16
 335 009e 0431     		add	r1, r1, #4
 336 00a0 0322     		mov	r2, #3
 337 00a2 FFF7FEFF 		bl	USBFS_LoadInEP
 338              	.LVL20:
 157:.\USBInterface.c ****     	        }
 339              		.loc 1 157 0
 340 00a6 0320     		mov	r0, #3
 341 00a8 0021     		mov	r1, #0
 342 00aa 0322     		mov	r2, #3
 343 00ac FFF7FEFF 		bl	USBFS_LoadInEP
 344              	.LVL21:
 345 00b0 08E0     		b	.L22
 346              	.L21:
 163:.\USBInterface.c ****                 USBFS_CyDmaTriggerIn(USBFS_DmaReqOut[ASYNC_EXPLICIT_FEEDBACK_ENDPOINT]);
 347              		.loc 1 163 0
 348 00b2 1F4B     		ldr	r3, .L24+20
 349 00b4 5A78     		ldrb	r2, [r3, #1]
 350 00b6 1F48     		ldr	r0, .L24+24
 351 00b8 0243     		orr	r2, r0
ARM GAS  C:\Users\Terence\AppData\Local\Temp\ccrlmQsK.s 			page 13


 352 00ba 1F49     		ldr	r1, .L24+28
 353 00bc 0A60     		str	r2, [r1]
 164:.\USBInterface.c ****             }
 354              		.loc 1 164 0
 355 00be DB78     		ldrb	r3, [r3, #3]
 356 00c0 0343     		orr	r3, r0
 357 00c2 0B60     		str	r3, [r1]
 358              	.L22:
 167:.\USBInterface.c ****         }        
 359              		.loc 1 167 0
 360 00c4 0020     		mov	r0, #0
 361 00c6 FFF7FEFF 		bl	processAsyncFeedbackTransfer
 362              	.LVL22:
 363              	.L20:
 170:.\USBInterface.c ****     	{            
 364              		.loc 1 170 0
 365 00ca 184B     		ldr	r3, .L24+16
 366 00cc 5C7A     		ldrb	r4, [r3, #9]
 367 00ce 0220     		mov	r0, #2
 368 00d0 FFF7FEFF 		bl	USBFS_GetInterfaceSetting
 369              	.LVL23:
 370 00d4 8442     		cmp	r4, r0
 371 00d6 20D0     		beq	.L14
 172:.\USBInterface.c **** 		
 372              		.loc 1 172 0
 373 00d8 0220     		mov	r0, #2
 374 00da FFF7FEFF 		bl	USBFS_GetInterfaceSetting
 375              	.LVL24:
 376 00de 134C     		ldr	r4, .L24+16
 377 00e0 6072     		strb	r0, [r4, #9]
 174:.\USBInterface.c **** 			
 378              		.loc 1 174 0
 379 00e2 FFF7FEFF 		bl	Stop_I2S_Rx
 380              	.LVL25:
 176:.\USBInterface.c ****             
 381              		.loc 1 176 0
 382 00e6 8F20     		mov	r0, #143
 383 00e8 FFF7FEFF 		bl	ByteCounter_Rx_WritePeriod
 384              	.LVL26:
 179:.\USBInterface.c ****             {
 385              		.loc 1 179 0
 386 00ec 637A     		ldrb	r3, [r4, #9]
 387 00ee 002B     		cmp	r3, #0
 388 00f0 0DD0     		beq	.L23
 182:.\USBInterface.c ****                 USBFS_LoadInEP(AUDIO_IN_ENDPOINT, &inRam[0], inCnt);
 389              		.loc 1 182 0
 390 00f2 0D4C     		ldr	r4, .L24+12
 391 00f4 9322     		mov	r2, #147
 392 00f6 5200     		lsl	r2, r2, #1
 393 00f8 2280     		strh	r2, [r4]
 183:.\USBInterface.c ****                 
 394              		.loc 1 183 0
 395 00fa 0220     		mov	r0, #2
 396 00fc 0949     		ldr	r1, .L24+8
 397 00fe FFF7FEFF 		bl	USBFS_LoadInEP
 398              	.LVL27:
 186:.\USBInterface.c ****             }
ARM GAS  C:\Users\Terence\AppData\Local\Temp\ccrlmQsK.s 			page 14


 399              		.loc 1 186 0
 400 0102 2288     		ldrh	r2, [r4]
 401 0104 0220     		mov	r0, #2
 402 0106 0021     		mov	r1, #0
 403 0108 FFF7FEFF 		bl	USBFS_LoadInEP
 404              	.LVL28:
 405 010c 05E0     		b	.L14
 406              	.L23:
 191:.\USBInterface.c ****             }
 407              		.loc 1 191 0
 408 010e 084B     		ldr	r3, .L24+20
 409 0110 9B78     		ldrb	r3, [r3, #2]
 410 0112 084A     		ldr	r2, .L24+24
 411 0114 1343     		orr	r3, r2
 412 0116 084A     		ldr	r2, .L24+28
 413 0118 1360     		str	r3, [r2]
 414              	.L14:
 195:.\USBInterface.c **** 
 415              		.loc 1 195 0
 416              		@ sp needed
 417 011a 10BD     		pop	{r4, pc}
 418              	.L25:
 419              		.align	2
 420              	.L24:
 421 011c 00000000 		.word	.LANCHOR1
 422 0120 00000000 		.word	outRam
 423 0124 00000000 		.word	inRam
 424 0128 00000000 		.word	inCnt
 425 012c 00000000 		.word	.LANCHOR0
 426 0130 00000000 		.word	USBFS_DmaReqOut
 427 0134 000102C0 		.word	-1073610496
 428 0138 00060140 		.word	1073808896
 429              		.cfi_endproc
 430              	.LFE325:
 431              		.size	ServiceUSB, .-ServiceUSB
 432              		.global	altSetting
 433              		.global	asyncready
 434              		.global	audioAsync
 435              		.global	updated
 436              		.comm	explicitFeedbackSamples,2,2
 437              		.global	explicitFeedback
 438              		.global	lastFreeRunningLRCLKCount
 439              		.comm	audioSamples,1,1
 440              		.comm	freeRunningLRCLKCount,1,1
 441              		.comm	inCnt,2,2
 442              		.comm	inRam,294,4
 443              		.comm	outRam,294,4
 444              		.global	USBDeviceState
 445              		.data
 446              		.align	2
 447              		.set	.LANCHOR0,. + 0
 448              		.type	lastFreeRunningLRCLKCount, %object
 449              		.size	lastFreeRunningLRCLKCount, 1
 450              	lastFreeRunningLRCLKCount:
 451 0000 FF       		.byte	-1
 452 0001 000000   		.space	3
 453              		.type	explicitFeedback, %object
ARM GAS  C:\Users\Terence\AppData\Local\Temp\ccrlmQsK.s 			page 15


 454              		.size	explicitFeedback, 3
 455              	explicitFeedback:
 456 0004 00       		.byte	0
 457 0005 00       		.byte	0
 458 0006 0C       		.byte	12
 459 0007 00       		.space	1
 460              		.type	altSetting, %object
 461              		.size	altSetting, 2
 462              	altSetting:
 463 0008 FF       		.byte	-1
 464 0009 FF       		.byte	-1
 465 000a 0000     		.bss
 466              		.set	.LANCHOR1,. + 0
 467              		.type	asyncready, %object
 468              		.size	asyncready, 1
 469              	asyncready:
 470 0000 00       		.space	1
 471              		.type	audioAsync, %object
 472              		.size	audioAsync, 1
 473              	audioAsync:
 474 0001 00       		.space	1
 475              		.type	updated, %object
 476              		.size	updated, 1
 477              	updated:
 478 0002 00       		.space	1
 479              		.type	USBDeviceState, %object
 480              		.size	USBDeviceState, 1
 481              	USBDeviceState:
 482 0003 00       		.space	1
 483              		.text
 484              	.Letext0:
 485              		.file 2 "Generated_Source\\PSoC4/cytypes.h"
 486              		.file 3 "Generated_Source\\PSoC4/USBFS_pvt.h"
 487              		.file 4 "Generated_Source\\PSoC4/Async_Feedback_Counter.h"
 488              		.file 5 "Generated_Source\\PSoC4/USBFS.h"
 489              		.file 6 "./AudioIn.h"
 490              		.file 7 "./AudioOut.h"
 491              		.file 8 "Generated_Source\\PSoC4/I2S.h"
 492              		.file 9 "Generated_Source\\PSoC4/ByteCounter_Tx.h"
 493              		.file 10 "Generated_Source\\PSoC4/ByteCounter_Rx.h"
 494              		.section	.debug_info,"",%progbits
 495              	.Ldebug_info0:
 496 0000 EF040000 		.4byte	0x4ef
 497 0004 0400     		.2byte	0x4
 498 0006 00000000 		.4byte	.Ldebug_abbrev0
 499 000a 04       		.byte	0x4
 500 000b 01       		.uleb128 0x1
 501 000c EC020000 		.4byte	.LASF49
 502 0010 01       		.byte	0x1
 503 0011 D4000000 		.4byte	.LASF50
 504 0015 1A020000 		.4byte	.LASF51
 505 0019 00000000 		.4byte	.Ldebug_ranges0+0
 506 001d 00000000 		.4byte	0
 507 0021 00000000 		.4byte	.Ldebug_line0
 508 0025 02       		.uleb128 0x2
 509 0026 01       		.byte	0x1
 510 0027 06       		.byte	0x6
ARM GAS  C:\Users\Terence\AppData\Local\Temp\ccrlmQsK.s 			page 16


 511 0028 C3030000 		.4byte	.LASF0
 512 002c 02       		.uleb128 0x2
 513 002d 01       		.byte	0x1
 514 002e 08       		.byte	0x8
 515 002f F0000000 		.4byte	.LASF1
 516 0033 02       		.uleb128 0x2
 517 0034 02       		.byte	0x2
 518 0035 05       		.byte	0x5
 519 0036 7A030000 		.4byte	.LASF2
 520 003a 02       		.uleb128 0x2
 521 003b 02       		.byte	0x2
 522 003c 07       		.byte	0x7
 523 003d 16010000 		.4byte	.LASF3
 524 0041 02       		.uleb128 0x2
 525 0042 04       		.byte	0x4
 526 0043 05       		.byte	0x5
 527 0044 AE030000 		.4byte	.LASF4
 528 0048 02       		.uleb128 0x2
 529 0049 04       		.byte	0x4
 530 004a 07       		.byte	0x7
 531 004b 04010000 		.4byte	.LASF5
 532 004f 02       		.uleb128 0x2
 533 0050 08       		.byte	0x8
 534 0051 05       		.byte	0x5
 535 0052 B4020000 		.4byte	.LASF6
 536 0056 02       		.uleb128 0x2
 537 0057 08       		.byte	0x8
 538 0058 07       		.byte	0x7
 539 0059 F9010000 		.4byte	.LASF7
 540 005d 03       		.uleb128 0x3
 541 005e 04       		.byte	0x4
 542 005f 05       		.byte	0x5
 543 0060 696E7400 		.ascii	"int\000"
 544 0064 02       		.uleb128 0x2
 545 0065 04       		.byte	0x4
 546 0066 07       		.byte	0x7
 547 0067 EC010000 		.4byte	.LASF8
 548 006b 04       		.uleb128 0x4
 549 006c 8B030000 		.4byte	.LASF9
 550 0070 02       		.byte	0x2
 551 0071 3801     		.2byte	0x138
 552 0073 2C000000 		.4byte	0x2c
 553 0077 04       		.uleb128 0x4
 554 0078 D6010000 		.4byte	.LASF10
 555 007c 02       		.byte	0x2
 556 007d 3901     		.2byte	0x139
 557 007f 3A000000 		.4byte	0x3a
 558 0083 04       		.uleb128 0x4
 559 0084 E5010000 		.4byte	.LASF11
 560 0088 02       		.byte	0x2
 561 0089 3A01     		.2byte	0x13a
 562 008b 48000000 		.4byte	0x48
 563 008f 02       		.uleb128 0x2
 564 0090 04       		.byte	0x4
 565 0091 04       		.byte	0x4
 566 0092 1B000000 		.4byte	.LASF12
 567 0096 02       		.uleb128 0x2
ARM GAS  C:\Users\Terence\AppData\Local\Temp\ccrlmQsK.s 			page 17


 568 0097 08       		.byte	0x8
 569 0098 04       		.byte	0x4
 570 0099 87000000 		.4byte	.LASF13
 571 009d 02       		.uleb128 0x2
 572 009e 01       		.byte	0x1
 573 009f 08       		.byte	0x8
 574 00a0 D6020000 		.4byte	.LASF14
 575 00a4 04       		.uleb128 0x4
 576 00a5 00000000 		.4byte	.LASF15
 577 00a9 02       		.byte	0x2
 578 00aa E401     		.2byte	0x1e4
 579 00ac B0000000 		.4byte	0xb0
 580 00b0 05       		.uleb128 0x5
 581 00b1 83000000 		.4byte	0x83
 582 00b5 02       		.uleb128 0x2
 583 00b6 04       		.byte	0x4
 584 00b7 07       		.byte	0x7
 585 00b8 AB020000 		.4byte	.LASF16
 586 00bc 06       		.uleb128 0x6
 587 00bd 04       		.byte	0x4
 588 00be 6B000000 		.4byte	0x6b
 589 00c2 06       		.uleb128 0x6
 590 00c3 04       		.byte	0x4
 591 00c4 C8000000 		.4byte	0xc8
 592 00c8 07       		.uleb128 0x7
 593 00c9 6B000000 		.4byte	0x6b
 594 00cd 08       		.uleb128 0x8
 595 00ce C2020000 		.4byte	.LASF17
 596 00d2 01       		.byte	0x1
 597 00d3 D4       		.byte	0xd4
 598 00d4 00000000 		.4byte	.LFB326
 599 00d8 AC000000 		.4byte	.LFE326-.LFB326
 600 00dc 01       		.uleb128 0x1
 601 00dd 9C       		.byte	0x9c
 602 00de 13010000 		.4byte	0x113
 603 00e2 09       		.uleb128 0x9
 604 00e3 06000000 		.4byte	.LVL0
 605 00e7 1D040000 		.4byte	0x41d
 606 00eb 0A       		.uleb128 0xa
 607 00ec 80000000 		.4byte	.LVL1
 608 00f0 28040000 		.4byte	0x428
 609 00f4 FE000000 		.4byte	0xfe
 610 00f8 0B       		.uleb128 0xb
 611 00f9 01       		.uleb128 0x1
 612 00fa 50       		.byte	0x50
 613 00fb 01       		.uleb128 0x1
 614 00fc 33       		.byte	0x33
 615 00fd 00       		.byte	0
 616 00fe 0C       		.uleb128 0xc
 617 00ff 8E000000 		.4byte	.LVL2
 618 0103 3E040000 		.4byte	0x43e
 619 0107 0B       		.uleb128 0xb
 620 0108 01       		.uleb128 0x1
 621 0109 52       		.byte	0x52
 622 010a 01       		.uleb128 0x1
 623 010b 33       		.byte	0x33
 624 010c 0B       		.uleb128 0xb
ARM GAS  C:\Users\Terence\AppData\Local\Temp\ccrlmQsK.s 			page 18


 625 010d 01       		.uleb128 0x1
 626 010e 51       		.byte	0x51
 627 010f 01       		.uleb128 0x1
 628 0110 30       		.byte	0x30
 629 0111 00       		.byte	0
 630 0112 00       		.byte	0
 631 0113 0D       		.uleb128 0xd
 632 0114 29010000 		.4byte	.LASF18
 633 0118 01       		.byte	0x1
 634 0119 1301     		.2byte	0x113
 635 011b 00000000 		.4byte	.LFB327
 636 011f 4C000000 		.4byte	.LFE327-.LFB327
 637 0123 01       		.uleb128 0x1
 638 0124 9C       		.byte	0x9c
 639 0125 38010000 		.4byte	0x138
 640 0129 0E       		.uleb128 0xe
 641 012a 46010000 		.4byte	.LASF52
 642 012e 01       		.byte	0x1
 643 012f 1301     		.2byte	0x113
 644 0131 83000000 		.4byte	0x83
 645 0135 01       		.uleb128 0x1
 646 0136 50       		.byte	0x50
 647 0137 00       		.byte	0
 648 0138 08       		.uleb128 0x8
 649 0139 A0010000 		.4byte	.LASF19
 650 013d 01       		.byte	0x1
 651 013e 5D       		.byte	0x5d
 652 013f 00000000 		.4byte	.LFB325
 653 0143 3C010000 		.4byte	.LFE325-.LFB325
 654 0147 01       		.uleb128 0x1
 655 0148 9C       		.byte	0x9c
 656 0149 D9020000 		.4byte	0x2d9
 657 014d 0F       		.uleb128 0xf
 658 014e 1A000000 		.4byte	.LBB2
 659 0152 26000000 		.4byte	.LBE2-.LBB2
 660 0156 6A010000 		.4byte	0x16a
 661 015a 10       		.uleb128 0x10
 662 015b DB020000 		.4byte	.LASF53
 663 015f 01       		.byte	0x1
 664 0160 69       		.byte	0x69
 665 0161 77000000 		.4byte	0x77
 666 0165 00000000 		.4byte	.LLST0
 667 0169 00       		.byte	0
 668 016a 09       		.uleb128 0x9
 669 016b 44000000 		.4byte	.LVL9
 670 016f 5A040000 		.4byte	0x45a
 671 0173 0A       		.uleb128 0xa
 672 0174 52000000 		.4byte	.LVL10
 673 0178 66040000 		.4byte	0x466
 674 017c 86010000 		.4byte	0x186
 675 0180 0B       		.uleb128 0xb
 676 0181 01       		.uleb128 0x1
 677 0182 50       		.byte	0x50
 678 0183 01       		.uleb128 0x1
 679 0184 31       		.byte	0x31
 680 0185 00       		.byte	0
 681 0186 0A       		.uleb128 0xa
ARM GAS  C:\Users\Terence\AppData\Local\Temp\ccrlmQsK.s 			page 19


 682 0187 5C000000 		.4byte	.LVL11
 683 018b 66040000 		.4byte	0x466
 684 018f 99010000 		.4byte	0x199
 685 0193 0B       		.uleb128 0xb
 686 0194 01       		.uleb128 0x1
 687 0195 50       		.byte	0x50
 688 0196 01       		.uleb128 0x1
 689 0197 31       		.byte	0x31
 690 0198 00       		.byte	0
 691 0199 09       		.uleb128 0x9
 692 019a 64000000 		.4byte	.LVL12
 693 019e 7C040000 		.4byte	0x47c
 694 01a2 09       		.uleb128 0x9
 695 01a3 68000000 		.4byte	.LVL13
 696 01a7 83040000 		.4byte	0x483
 697 01ab 09       		.uleb128 0x9
 698 01ac 6C000000 		.4byte	.LVL14
 699 01b0 8A040000 		.4byte	0x48a
 700 01b4 0A       		.uleb128 0xa
 701 01b5 72000000 		.4byte	.LVL15
 702 01b9 91040000 		.4byte	0x491
 703 01bd C8010000 		.4byte	0x1c8
 704 01c1 0B       		.uleb128 0xb
 705 01c2 01       		.uleb128 0x1
 706 01c3 50       		.byte	0x50
 707 01c4 02       		.uleb128 0x2
 708 01c5 08       		.byte	0x8
 709 01c6 8F       		.byte	0x8f
 710 01c7 00       		.byte	0
 711 01c8 09       		.uleb128 0x9
 712 01c9 76000000 		.4byte	.LVL16
 713 01cd A3040000 		.4byte	0x4a3
 714 01d1 09       		.uleb128 0x9
 715 01d2 7A000000 		.4byte	.LVL17
 716 01d6 AB040000 		.4byte	0x4ab
 717 01da 0A       		.uleb128 0xa
 718 01db 8C000000 		.4byte	.LVL18
 719 01df B2040000 		.4byte	0x4b2
 720 01e3 FD010000 		.4byte	0x1fd
 721 01e7 0B       		.uleb128 0xb
 722 01e8 01       		.uleb128 0x1
 723 01e9 52       		.byte	0x52
 724 01ea 03       		.uleb128 0x3
 725 01eb 0A       		.byte	0xa
 726 01ec 2601     		.2byte	0x126
 727 01ee 0B       		.uleb128 0xb
 728 01ef 01       		.uleb128 0x1
 729 01f0 51       		.byte	0x51
 730 01f1 05       		.uleb128 0x5
 731 01f2 03       		.byte	0x3
 732 01f3 00000000 		.4byte	outRam
 733 01f7 0B       		.uleb128 0xb
 734 01f8 01       		.uleb128 0x1
 735 01f9 50       		.byte	0x50
 736 01fa 01       		.uleb128 0x1
 737 01fb 31       		.byte	0x31
 738 01fc 00       		.byte	0
ARM GAS  C:\Users\Terence\AppData\Local\Temp\ccrlmQsK.s 			page 20


 739 01fd 0A       		.uleb128 0xa
 740 01fe 92000000 		.4byte	.LVL19
 741 0202 D2040000 		.4byte	0x4d2
 742 0206 10020000 		.4byte	0x210
 743 020a 0B       		.uleb128 0xb
 744 020b 01       		.uleb128 0x1
 745 020c 50       		.byte	0x50
 746 020d 01       		.uleb128 0x1
 747 020e 31       		.byte	0x31
 748 020f 00       		.byte	0
 749 0210 0A       		.uleb128 0xa
 750 0211 A6000000 		.4byte	.LVL20
 751 0215 3E040000 		.4byte	0x43e
 752 0219 2E020000 		.4byte	0x22e
 753 021d 0B       		.uleb128 0xb
 754 021e 01       		.uleb128 0x1
 755 021f 52       		.byte	0x52
 756 0220 01       		.uleb128 0x1
 757 0221 33       		.byte	0x33
 758 0222 0B       		.uleb128 0xb
 759 0223 01       		.uleb128 0x1
 760 0224 51       		.byte	0x51
 761 0225 02       		.uleb128 0x2
 762 0226 74       		.byte	0x74
 763 0227 04       		.sleb128 4
 764 0228 0B       		.uleb128 0xb
 765 0229 01       		.uleb128 0x1
 766 022a 50       		.byte	0x50
 767 022b 01       		.uleb128 0x1
 768 022c 33       		.byte	0x33
 769 022d 00       		.byte	0
 770 022e 0A       		.uleb128 0xa
 771 022f B0000000 		.4byte	.LVL21
 772 0233 3E040000 		.4byte	0x43e
 773 0237 4B020000 		.4byte	0x24b
 774 023b 0B       		.uleb128 0xb
 775 023c 01       		.uleb128 0x1
 776 023d 52       		.byte	0x52
 777 023e 01       		.uleb128 0x1
 778 023f 33       		.byte	0x33
 779 0240 0B       		.uleb128 0xb
 780 0241 01       		.uleb128 0x1
 781 0242 51       		.byte	0x51
 782 0243 01       		.uleb128 0x1
 783 0244 30       		.byte	0x30
 784 0245 0B       		.uleb128 0xb
 785 0246 01       		.uleb128 0x1
 786 0247 50       		.byte	0x50
 787 0248 01       		.uleb128 0x1
 788 0249 33       		.byte	0x33
 789 024a 00       		.byte	0
 790 024b 0A       		.uleb128 0xa
 791 024c CA000000 		.4byte	.LVL22
 792 0250 13010000 		.4byte	0x113
 793 0254 5E020000 		.4byte	0x25e
 794 0258 0B       		.uleb128 0xb
 795 0259 01       		.uleb128 0x1
ARM GAS  C:\Users\Terence\AppData\Local\Temp\ccrlmQsK.s 			page 21


 796 025a 50       		.byte	0x50
 797 025b 01       		.uleb128 0x1
 798 025c 30       		.byte	0x30
 799 025d 00       		.byte	0
 800 025e 0A       		.uleb128 0xa
 801 025f D4000000 		.4byte	.LVL23
 802 0263 66040000 		.4byte	0x466
 803 0267 71020000 		.4byte	0x271
 804 026b 0B       		.uleb128 0xb
 805 026c 01       		.uleb128 0x1
 806 026d 50       		.byte	0x50
 807 026e 01       		.uleb128 0x1
 808 026f 32       		.byte	0x32
 809 0270 00       		.byte	0
 810 0271 0A       		.uleb128 0xa
 811 0272 DE000000 		.4byte	.LVL24
 812 0276 66040000 		.4byte	0x466
 813 027a 84020000 		.4byte	0x284
 814 027e 0B       		.uleb128 0xb
 815 027f 01       		.uleb128 0x1
 816 0280 50       		.byte	0x50
 817 0281 01       		.uleb128 0x1
 818 0282 32       		.byte	0x32
 819 0283 00       		.byte	0
 820 0284 09       		.uleb128 0x9
 821 0285 E6000000 		.4byte	.LVL25
 822 0289 7C040000 		.4byte	0x47c
 823 028d 0A       		.uleb128 0xa
 824 028e EC000000 		.4byte	.LVL26
 825 0292 E4040000 		.4byte	0x4e4
 826 0296 A1020000 		.4byte	0x2a1
 827 029a 0B       		.uleb128 0xb
 828 029b 01       		.uleb128 0x1
 829 029c 50       		.byte	0x50
 830 029d 02       		.uleb128 0x2
 831 029e 08       		.byte	0x8
 832 029f 8F       		.byte	0x8f
 833 02a0 00       		.byte	0
 834 02a1 0A       		.uleb128 0xa
 835 02a2 02010000 		.4byte	.LVL27
 836 02a6 3E040000 		.4byte	0x43e
 837 02aa C4020000 		.4byte	0x2c4
 838 02ae 0B       		.uleb128 0xb
 839 02af 01       		.uleb128 0x1
 840 02b0 52       		.byte	0x52
 841 02b1 03       		.uleb128 0x3
 842 02b2 0A       		.byte	0xa
 843 02b3 2601     		.2byte	0x126
 844 02b5 0B       		.uleb128 0xb
 845 02b6 01       		.uleb128 0x1
 846 02b7 51       		.byte	0x51
 847 02b8 05       		.uleb128 0x5
 848 02b9 03       		.byte	0x3
 849 02ba 00000000 		.4byte	inRam
 850 02be 0B       		.uleb128 0xb
 851 02bf 01       		.uleb128 0x1
 852 02c0 50       		.byte	0x50
ARM GAS  C:\Users\Terence\AppData\Local\Temp\ccrlmQsK.s 			page 22


 853 02c1 01       		.uleb128 0x1
 854 02c2 32       		.byte	0x32
 855 02c3 00       		.byte	0
 856 02c4 0C       		.uleb128 0xc
 857 02c5 0C010000 		.4byte	.LVL28
 858 02c9 3E040000 		.4byte	0x43e
 859 02cd 0B       		.uleb128 0xb
 860 02ce 01       		.uleb128 0x1
 861 02cf 51       		.byte	0x51
 862 02d0 01       		.uleb128 0x1
 863 02d1 30       		.byte	0x30
 864 02d2 0B       		.uleb128 0xb
 865 02d3 01       		.uleb128 0x1
 866 02d4 50       		.byte	0x50
 867 02d5 01       		.uleb128 0x1
 868 02d6 32       		.byte	0x32
 869 02d7 00       		.byte	0
 870 02d8 00       		.byte	0
 871 02d9 11       		.uleb128 0x11
 872 02da 6B000000 		.4byte	0x6b
 873 02de E9020000 		.4byte	0x2e9
 874 02e2 12       		.uleb128 0x12
 875 02e3 B5000000 		.4byte	0xb5
 876 02e7 08       		.byte	0x8
 877 02e8 00       		.byte	0
 878 02e9 13       		.uleb128 0x13
 879 02ea 8E000000 		.4byte	.LASF20
 880 02ee 03       		.byte	0x3
 881 02ef 94       		.byte	0x94
 882 02f0 F4020000 		.4byte	0x2f4
 883 02f4 07       		.uleb128 0x7
 884 02f5 D9020000 		.4byte	0x2d9
 885 02f9 14       		.uleb128 0x14
 886 02fa 0C000000 		.4byte	.LASF21
 887 02fe 01       		.byte	0x1
 888 02ff 38       		.byte	0x38
 889 0300 6B000000 		.4byte	0x6b
 890 0304 05       		.uleb128 0x5
 891 0305 03       		.byte	0x3
 892 0306 00000000 		.4byte	USBDeviceState
 893 030a 11       		.uleb128 0x11
 894 030b 6B000000 		.4byte	0x6b
 895 030f 1A030000 		.4byte	0x31a
 896 0313 12       		.uleb128 0x12
 897 0314 B5000000 		.4byte	0xb5
 898 0318 01       		.byte	0x1
 899 0319 00       		.byte	0
 900 031a 14       		.uleb128 0x14
 901 031b E5000000 		.4byte	.LASF22
 902 031f 01       		.byte	0x1
 903 0320 4C       		.byte	0x4c
 904 0321 0A030000 		.4byte	0x30a
 905 0325 05       		.uleb128 0x5
 906 0326 03       		.byte	0x3
 907 0327 00000000 		.4byte	altSetting
 908 032b 11       		.uleb128 0x11
 909 032c 6B000000 		.4byte	0x6b
ARM GAS  C:\Users\Terence\AppData\Local\Temp\ccrlmQsK.s 			page 23


 910 0330 3C030000 		.4byte	0x33c
 911 0334 15       		.uleb128 0x15
 912 0335 B5000000 		.4byte	0xb5
 913 0339 2501     		.2byte	0x125
 914 033b 00       		.byte	0
 915 033c 14       		.uleb128 0x14
 916 033d 84030000 		.4byte	.LASF23
 917 0341 01       		.byte	0x1
 918 0342 3B       		.byte	0x3b
 919 0343 2B030000 		.4byte	0x32b
 920 0347 05       		.uleb128 0x5
 921 0348 03       		.byte	0x3
 922 0349 00000000 		.4byte	outRam
 923 034d 14       		.uleb128 0x14
 924 034e FE000000 		.4byte	.LASF24
 925 0352 01       		.byte	0x1
 926 0353 3C       		.byte	0x3c
 927 0354 2B030000 		.4byte	0x32b
 928 0358 05       		.uleb128 0x5
 929 0359 03       		.byte	0x3
 930 035a 00000000 		.4byte	inRam
 931 035e 14       		.uleb128 0x14
 932 035f 06000000 		.4byte	.LASF25
 933 0363 01       		.byte	0x1
 934 0364 3D       		.byte	0x3d
 935 0365 77000000 		.4byte	0x77
 936 0369 05       		.uleb128 0x5
 937 036a 03       		.byte	0x3
 938 036b 00000000 		.4byte	inCnt
 939 036f 14       		.uleb128 0x14
 940 0370 21000000 		.4byte	.LASF26
 941 0374 01       		.byte	0x1
 942 0375 40       		.byte	0x40
 943 0376 6B000000 		.4byte	0x6b
 944 037a 05       		.uleb128 0x5
 945 037b 03       		.byte	0x3
 946 037c 00000000 		.4byte	freeRunningLRCLKCount
 947 0380 14       		.uleb128 0x14
 948 0381 E7030000 		.4byte	.LASF27
 949 0385 01       		.byte	0x1
 950 0386 41       		.byte	0x41
 951 0387 6B000000 		.4byte	0x6b
 952 038b 05       		.uleb128 0x5
 953 038c 03       		.byte	0x3
 954 038d 00000000 		.4byte	audioSamples
 955 0391 14       		.uleb128 0x14
 956 0392 BA000000 		.4byte	.LASF28
 957 0396 01       		.byte	0x1
 958 0397 42       		.byte	0x42
 959 0398 6B000000 		.4byte	0x6b
 960 039c 05       		.uleb128 0x5
 961 039d 03       		.byte	0x3
 962 039e 00000000 		.4byte	lastFreeRunningLRCLKCount
 963 03a2 11       		.uleb128 0x11
 964 03a3 6B000000 		.4byte	0x6b
 965 03a7 B2030000 		.4byte	0x3b2
 966 03ab 12       		.uleb128 0x12
ARM GAS  C:\Users\Terence\AppData\Local\Temp\ccrlmQsK.s 			page 24


 967 03ac B5000000 		.4byte	0xb5
 968 03b0 02       		.byte	0x2
 969 03b1 00       		.byte	0
 970 03b2 14       		.uleb128 0x14
 971 03b3 9E000000 		.4byte	.LASF29
 972 03b7 01       		.byte	0x1
 973 03b8 43       		.byte	0x43
 974 03b9 A2030000 		.4byte	0x3a2
 975 03bd 05       		.uleb128 0x5
 976 03be 03       		.byte	0x3
 977 03bf 00000000 		.4byte	explicitFeedback
 978 03c3 14       		.uleb128 0x14
 979 03c4 67000000 		.4byte	.LASF30
 980 03c8 01       		.byte	0x1
 981 03c9 44       		.byte	0x44
 982 03ca 77000000 		.4byte	0x77
 983 03ce 05       		.uleb128 0x5
 984 03cf 03       		.byte	0x3
 985 03d0 00000000 		.4byte	explicitFeedbackSamples
 986 03d4 14       		.uleb128 0x14
 987 03d5 7F000000 		.4byte	.LASF31
 988 03d9 01       		.byte	0x1
 989 03da 45       		.byte	0x45
 990 03db 6B000000 		.4byte	0x6b
 991 03df 05       		.uleb128 0x5
 992 03e0 03       		.byte	0x3
 993 03e1 00000000 		.4byte	updated
 994 03e5 13       		.uleb128 0x13
 995 03e6 F4030000 		.4byte	.LASF32
 996 03ea 01       		.byte	0x1
 997 03eb 47       		.byte	0x47
 998 03ec 77000000 		.4byte	0x77
 999 03f0 14       		.uleb128 0x14
 1000 03f1 E1020000 		.4byte	.LASF33
 1001 03f5 01       		.byte	0x1
 1002 03f6 48       		.byte	0x48
 1003 03f7 6B000000 		.4byte	0x6b
 1004 03fb 05       		.uleb128 0x5
 1005 03fc 03       		.byte	0x3
 1006 03fd 00000000 		.4byte	audioAsync
 1007 0401 13       		.uleb128 0x13
 1008 0402 DD010000 		.4byte	.LASF34
 1009 0406 01       		.byte	0x1
 1010 0407 49       		.byte	0x49
 1011 0408 6B000000 		.4byte	0x6b
 1012 040c 14       		.uleb128 0x14
 1013 040d AF000000 		.4byte	.LASF35
 1014 0411 01       		.byte	0x1
 1015 0412 4A       		.byte	0x4a
 1016 0413 6B000000 		.4byte	0x6b
 1017 0417 05       		.uleb128 0x5
 1018 0418 03       		.byte	0x3
 1019 0419 00000000 		.4byte	asyncready
 1020 041d 16       		.uleb128 0x16
 1021 041e 50010000 		.4byte	.LASF36
 1022 0422 04       		.byte	0x4
 1023 0423 69       		.byte	0x69
ARM GAS  C:\Users\Terence\AppData\Local\Temp\ccrlmQsK.s 			page 25


 1024 0424 6B000000 		.4byte	0x6b
 1025 0428 17       		.uleb128 0x17
 1026 0429 9D030000 		.4byte	.LASF38
 1027 042d 05       		.byte	0x5
 1028 042e 3801     		.2byte	0x138
 1029 0430 6B000000 		.4byte	0x6b
 1030 0434 3E040000 		.4byte	0x43e
 1031 0438 18       		.uleb128 0x18
 1032 0439 6B000000 		.4byte	0x6b
 1033 043d 00       		.byte	0
 1034 043e 19       		.uleb128 0x19
 1035 043f CF030000 		.4byte	.LASF43
 1036 0443 05       		.byte	0x5
 1037 0444 3A01     		.2byte	0x13a
 1038 0446 5A040000 		.4byte	0x45a
 1039 044a 18       		.uleb128 0x18
 1040 044b 6B000000 		.4byte	0x6b
 1041 044f 18       		.uleb128 0x18
 1042 0450 C2000000 		.4byte	0xc2
 1043 0454 18       		.uleb128 0x18
 1044 0455 77000000 		.4byte	0x77
 1045 0459 00       		.byte	0
 1046 045a 1A       		.uleb128 0x1a
 1047 045b FD030000 		.4byte	.LASF37
 1048 045f 05       		.byte	0x5
 1049 0460 3601     		.2byte	0x136
 1050 0462 6B000000 		.4byte	0x6b
 1051 0466 17       		.uleb128 0x17
 1052 0467 4D000000 		.4byte	.LASF39
 1053 046b 05       		.byte	0x5
 1054 046c 3701     		.2byte	0x137
 1055 046e 6B000000 		.4byte	0x6b
 1056 0472 7C040000 		.4byte	0x47c
 1057 0476 18       		.uleb128 0x18
 1058 0477 6B000000 		.4byte	0x6b
 1059 047b 00       		.byte	0
 1060 047c 1B       		.uleb128 0x1b
 1061 047d 91030000 		.4byte	.LASF40
 1062 0481 06       		.byte	0x6
 1063 0482 33       		.byte	0x33
 1064 0483 1B       		.uleb128 0x1b
 1065 0484 B7030000 		.4byte	.LASF41
 1066 0488 07       		.byte	0x7
 1067 0489 2A       		.byte	0x2a
 1068 048a 1B       		.uleb128 0x1b
 1069 048b DE030000 		.4byte	.LASF42
 1070 048f 08       		.byte	0x8
 1071 0490 29       		.byte	0x29
 1072 0491 19       		.uleb128 0x19
 1073 0492 AB010000 		.4byte	.LASF44
 1074 0496 09       		.byte	0x9
 1075 0497 5001     		.2byte	0x150
 1076 0499 A3040000 		.4byte	0x4a3
 1077 049d 18       		.uleb128 0x18
 1078 049e 83000000 		.4byte	0x83
 1079 04a2 00       		.byte	0
 1080 04a3 1C       		.uleb128 0x1c
ARM GAS  C:\Users\Terence\AppData\Local\Temp\ccrlmQsK.s 			page 26


 1081 04a4 37000000 		.4byte	.LASF45
 1082 04a8 09       		.byte	0x9
 1083 04a9 3101     		.2byte	0x131
 1084 04ab 1B       		.uleb128 0x1b
 1085 04ac 10020000 		.4byte	.LASF46
 1086 04b0 08       		.byte	0x8
 1087 04b1 28       		.byte	0x28
 1088 04b2 17       		.uleb128 0x17
 1089 04b3 C6010000 		.4byte	.LASF47
 1090 04b7 05       		.byte	0x5
 1091 04b8 3C01     		.2byte	0x13c
 1092 04ba 77000000 		.4byte	0x77
 1093 04be D2040000 		.4byte	0x4d2
 1094 04c2 18       		.uleb128 0x18
 1095 04c3 6B000000 		.4byte	0x6b
 1096 04c7 18       		.uleb128 0x18
 1097 04c8 BC000000 		.4byte	0xbc
 1098 04cc 18       		.uleb128 0x18
 1099 04cd 77000000 		.4byte	0x77
 1100 04d1 00       		.byte	0
 1101 04d2 19       		.uleb128 0x19
 1102 04d3 73010000 		.4byte	.LASF48
 1103 04d7 05       		.byte	0x5
 1104 04d8 3E01     		.2byte	0x13e
 1105 04da E4040000 		.4byte	0x4e4
 1106 04de 18       		.uleb128 0x18
 1107 04df 6B000000 		.4byte	0x6b
 1108 04e3 00       		.byte	0
 1109 04e4 1D       		.uleb128 0x1d
 1110 04e5 85010000 		.4byte	.LASF54
 1111 04e9 0A       		.byte	0xa
 1112 04ea 5001     		.2byte	0x150
 1113 04ec 18       		.uleb128 0x18
 1114 04ed 83000000 		.4byte	0x83
 1115 04f1 00       		.byte	0
 1116 04f2 00       		.byte	0
 1117              		.section	.debug_abbrev,"",%progbits
 1118              	.Ldebug_abbrev0:
 1119 0000 01       		.uleb128 0x1
 1120 0001 11       		.uleb128 0x11
 1121 0002 01       		.byte	0x1
 1122 0003 25       		.uleb128 0x25
 1123 0004 0E       		.uleb128 0xe
 1124 0005 13       		.uleb128 0x13
 1125 0006 0B       		.uleb128 0xb
 1126 0007 03       		.uleb128 0x3
 1127 0008 0E       		.uleb128 0xe
 1128 0009 1B       		.uleb128 0x1b
 1129 000a 0E       		.uleb128 0xe
 1130 000b 55       		.uleb128 0x55
 1131 000c 17       		.uleb128 0x17
 1132 000d 11       		.uleb128 0x11
 1133 000e 01       		.uleb128 0x1
 1134 000f 10       		.uleb128 0x10
 1135 0010 17       		.uleb128 0x17
 1136 0011 00       		.byte	0
 1137 0012 00       		.byte	0
ARM GAS  C:\Users\Terence\AppData\Local\Temp\ccrlmQsK.s 			page 27


 1138 0013 02       		.uleb128 0x2
 1139 0014 24       		.uleb128 0x24
 1140 0015 00       		.byte	0
 1141 0016 0B       		.uleb128 0xb
 1142 0017 0B       		.uleb128 0xb
 1143 0018 3E       		.uleb128 0x3e
 1144 0019 0B       		.uleb128 0xb
 1145 001a 03       		.uleb128 0x3
 1146 001b 0E       		.uleb128 0xe
 1147 001c 00       		.byte	0
 1148 001d 00       		.byte	0
 1149 001e 03       		.uleb128 0x3
 1150 001f 24       		.uleb128 0x24
 1151 0020 00       		.byte	0
 1152 0021 0B       		.uleb128 0xb
 1153 0022 0B       		.uleb128 0xb
 1154 0023 3E       		.uleb128 0x3e
 1155 0024 0B       		.uleb128 0xb
 1156 0025 03       		.uleb128 0x3
 1157 0026 08       		.uleb128 0x8
 1158 0027 00       		.byte	0
 1159 0028 00       		.byte	0
 1160 0029 04       		.uleb128 0x4
 1161 002a 16       		.uleb128 0x16
 1162 002b 00       		.byte	0
 1163 002c 03       		.uleb128 0x3
 1164 002d 0E       		.uleb128 0xe
 1165 002e 3A       		.uleb128 0x3a
 1166 002f 0B       		.uleb128 0xb
 1167 0030 3B       		.uleb128 0x3b
 1168 0031 05       		.uleb128 0x5
 1169 0032 49       		.uleb128 0x49
 1170 0033 13       		.uleb128 0x13
 1171 0034 00       		.byte	0
 1172 0035 00       		.byte	0
 1173 0036 05       		.uleb128 0x5
 1174 0037 35       		.uleb128 0x35
 1175 0038 00       		.byte	0
 1176 0039 49       		.uleb128 0x49
 1177 003a 13       		.uleb128 0x13
 1178 003b 00       		.byte	0
 1179 003c 00       		.byte	0
 1180 003d 06       		.uleb128 0x6
 1181 003e 0F       		.uleb128 0xf
 1182 003f 00       		.byte	0
 1183 0040 0B       		.uleb128 0xb
 1184 0041 0B       		.uleb128 0xb
 1185 0042 49       		.uleb128 0x49
 1186 0043 13       		.uleb128 0x13
 1187 0044 00       		.byte	0
 1188 0045 00       		.byte	0
 1189 0046 07       		.uleb128 0x7
 1190 0047 26       		.uleb128 0x26
 1191 0048 00       		.byte	0
 1192 0049 49       		.uleb128 0x49
 1193 004a 13       		.uleb128 0x13
 1194 004b 00       		.byte	0
ARM GAS  C:\Users\Terence\AppData\Local\Temp\ccrlmQsK.s 			page 28


 1195 004c 00       		.byte	0
 1196 004d 08       		.uleb128 0x8
 1197 004e 2E       		.uleb128 0x2e
 1198 004f 01       		.byte	0x1
 1199 0050 3F       		.uleb128 0x3f
 1200 0051 19       		.uleb128 0x19
 1201 0052 03       		.uleb128 0x3
 1202 0053 0E       		.uleb128 0xe
 1203 0054 3A       		.uleb128 0x3a
 1204 0055 0B       		.uleb128 0xb
 1205 0056 3B       		.uleb128 0x3b
 1206 0057 0B       		.uleb128 0xb
 1207 0058 27       		.uleb128 0x27
 1208 0059 19       		.uleb128 0x19
 1209 005a 11       		.uleb128 0x11
 1210 005b 01       		.uleb128 0x1
 1211 005c 12       		.uleb128 0x12
 1212 005d 06       		.uleb128 0x6
 1213 005e 40       		.uleb128 0x40
 1214 005f 18       		.uleb128 0x18
 1215 0060 9742     		.uleb128 0x2117
 1216 0062 19       		.uleb128 0x19
 1217 0063 01       		.uleb128 0x1
 1218 0064 13       		.uleb128 0x13
 1219 0065 00       		.byte	0
 1220 0066 00       		.byte	0
 1221 0067 09       		.uleb128 0x9
 1222 0068 898201   		.uleb128 0x4109
 1223 006b 00       		.byte	0
 1224 006c 11       		.uleb128 0x11
 1225 006d 01       		.uleb128 0x1
 1226 006e 31       		.uleb128 0x31
 1227 006f 13       		.uleb128 0x13
 1228 0070 00       		.byte	0
 1229 0071 00       		.byte	0
 1230 0072 0A       		.uleb128 0xa
 1231 0073 898201   		.uleb128 0x4109
 1232 0076 01       		.byte	0x1
 1233 0077 11       		.uleb128 0x11
 1234 0078 01       		.uleb128 0x1
 1235 0079 31       		.uleb128 0x31
 1236 007a 13       		.uleb128 0x13
 1237 007b 01       		.uleb128 0x1
 1238 007c 13       		.uleb128 0x13
 1239 007d 00       		.byte	0
 1240 007e 00       		.byte	0
 1241 007f 0B       		.uleb128 0xb
 1242 0080 8A8201   		.uleb128 0x410a
 1243 0083 00       		.byte	0
 1244 0084 02       		.uleb128 0x2
 1245 0085 18       		.uleb128 0x18
 1246 0086 9142     		.uleb128 0x2111
 1247 0088 18       		.uleb128 0x18
 1248 0089 00       		.byte	0
 1249 008a 00       		.byte	0
 1250 008b 0C       		.uleb128 0xc
 1251 008c 898201   		.uleb128 0x4109
ARM GAS  C:\Users\Terence\AppData\Local\Temp\ccrlmQsK.s 			page 29


 1252 008f 01       		.byte	0x1
 1253 0090 11       		.uleb128 0x11
 1254 0091 01       		.uleb128 0x1
 1255 0092 31       		.uleb128 0x31
 1256 0093 13       		.uleb128 0x13
 1257 0094 00       		.byte	0
 1258 0095 00       		.byte	0
 1259 0096 0D       		.uleb128 0xd
 1260 0097 2E       		.uleb128 0x2e
 1261 0098 01       		.byte	0x1
 1262 0099 3F       		.uleb128 0x3f
 1263 009a 19       		.uleb128 0x19
 1264 009b 03       		.uleb128 0x3
 1265 009c 0E       		.uleb128 0xe
 1266 009d 3A       		.uleb128 0x3a
 1267 009e 0B       		.uleb128 0xb
 1268 009f 3B       		.uleb128 0x3b
 1269 00a0 05       		.uleb128 0x5
 1270 00a1 27       		.uleb128 0x27
 1271 00a2 19       		.uleb128 0x19
 1272 00a3 11       		.uleb128 0x11
 1273 00a4 01       		.uleb128 0x1
 1274 00a5 12       		.uleb128 0x12
 1275 00a6 06       		.uleb128 0x6
 1276 00a7 40       		.uleb128 0x40
 1277 00a8 18       		.uleb128 0x18
 1278 00a9 9742     		.uleb128 0x2117
 1279 00ab 19       		.uleb128 0x19
 1280 00ac 01       		.uleb128 0x1
 1281 00ad 13       		.uleb128 0x13
 1282 00ae 00       		.byte	0
 1283 00af 00       		.byte	0
 1284 00b0 0E       		.uleb128 0xe
 1285 00b1 05       		.uleb128 0x5
 1286 00b2 00       		.byte	0
 1287 00b3 03       		.uleb128 0x3
 1288 00b4 0E       		.uleb128 0xe
 1289 00b5 3A       		.uleb128 0x3a
 1290 00b6 0B       		.uleb128 0xb
 1291 00b7 3B       		.uleb128 0x3b
 1292 00b8 05       		.uleb128 0x5
 1293 00b9 49       		.uleb128 0x49
 1294 00ba 13       		.uleb128 0x13
 1295 00bb 02       		.uleb128 0x2
 1296 00bc 18       		.uleb128 0x18
 1297 00bd 00       		.byte	0
 1298 00be 00       		.byte	0
 1299 00bf 0F       		.uleb128 0xf
 1300 00c0 0B       		.uleb128 0xb
 1301 00c1 01       		.byte	0x1
 1302 00c2 11       		.uleb128 0x11
 1303 00c3 01       		.uleb128 0x1
 1304 00c4 12       		.uleb128 0x12
 1305 00c5 06       		.uleb128 0x6
 1306 00c6 01       		.uleb128 0x1
 1307 00c7 13       		.uleb128 0x13
 1308 00c8 00       		.byte	0
ARM GAS  C:\Users\Terence\AppData\Local\Temp\ccrlmQsK.s 			page 30


 1309 00c9 00       		.byte	0
 1310 00ca 10       		.uleb128 0x10
 1311 00cb 34       		.uleb128 0x34
 1312 00cc 00       		.byte	0
 1313 00cd 03       		.uleb128 0x3
 1314 00ce 0E       		.uleb128 0xe
 1315 00cf 3A       		.uleb128 0x3a
 1316 00d0 0B       		.uleb128 0xb
 1317 00d1 3B       		.uleb128 0x3b
 1318 00d2 0B       		.uleb128 0xb
 1319 00d3 49       		.uleb128 0x49
 1320 00d4 13       		.uleb128 0x13
 1321 00d5 02       		.uleb128 0x2
 1322 00d6 17       		.uleb128 0x17
 1323 00d7 00       		.byte	0
 1324 00d8 00       		.byte	0
 1325 00d9 11       		.uleb128 0x11
 1326 00da 01       		.uleb128 0x1
 1327 00db 01       		.byte	0x1
 1328 00dc 49       		.uleb128 0x49
 1329 00dd 13       		.uleb128 0x13
 1330 00de 01       		.uleb128 0x1
 1331 00df 13       		.uleb128 0x13
 1332 00e0 00       		.byte	0
 1333 00e1 00       		.byte	0
 1334 00e2 12       		.uleb128 0x12
 1335 00e3 21       		.uleb128 0x21
 1336 00e4 00       		.byte	0
 1337 00e5 49       		.uleb128 0x49
 1338 00e6 13       		.uleb128 0x13
 1339 00e7 2F       		.uleb128 0x2f
 1340 00e8 0B       		.uleb128 0xb
 1341 00e9 00       		.byte	0
 1342 00ea 00       		.byte	0
 1343 00eb 13       		.uleb128 0x13
 1344 00ec 34       		.uleb128 0x34
 1345 00ed 00       		.byte	0
 1346 00ee 03       		.uleb128 0x3
 1347 00ef 0E       		.uleb128 0xe
 1348 00f0 3A       		.uleb128 0x3a
 1349 00f1 0B       		.uleb128 0xb
 1350 00f2 3B       		.uleb128 0x3b
 1351 00f3 0B       		.uleb128 0xb
 1352 00f4 49       		.uleb128 0x49
 1353 00f5 13       		.uleb128 0x13
 1354 00f6 3F       		.uleb128 0x3f
 1355 00f7 19       		.uleb128 0x19
 1356 00f8 3C       		.uleb128 0x3c
 1357 00f9 19       		.uleb128 0x19
 1358 00fa 00       		.byte	0
 1359 00fb 00       		.byte	0
 1360 00fc 14       		.uleb128 0x14
 1361 00fd 34       		.uleb128 0x34
 1362 00fe 00       		.byte	0
 1363 00ff 03       		.uleb128 0x3
 1364 0100 0E       		.uleb128 0xe
 1365 0101 3A       		.uleb128 0x3a
ARM GAS  C:\Users\Terence\AppData\Local\Temp\ccrlmQsK.s 			page 31


 1366 0102 0B       		.uleb128 0xb
 1367 0103 3B       		.uleb128 0x3b
 1368 0104 0B       		.uleb128 0xb
 1369 0105 49       		.uleb128 0x49
 1370 0106 13       		.uleb128 0x13
 1371 0107 3F       		.uleb128 0x3f
 1372 0108 19       		.uleb128 0x19
 1373 0109 02       		.uleb128 0x2
 1374 010a 18       		.uleb128 0x18
 1375 010b 00       		.byte	0
 1376 010c 00       		.byte	0
 1377 010d 15       		.uleb128 0x15
 1378 010e 21       		.uleb128 0x21
 1379 010f 00       		.byte	0
 1380 0110 49       		.uleb128 0x49
 1381 0111 13       		.uleb128 0x13
 1382 0112 2F       		.uleb128 0x2f
 1383 0113 05       		.uleb128 0x5
 1384 0114 00       		.byte	0
 1385 0115 00       		.byte	0
 1386 0116 16       		.uleb128 0x16
 1387 0117 2E       		.uleb128 0x2e
 1388 0118 00       		.byte	0
 1389 0119 3F       		.uleb128 0x3f
 1390 011a 19       		.uleb128 0x19
 1391 011b 03       		.uleb128 0x3
 1392 011c 0E       		.uleb128 0xe
 1393 011d 3A       		.uleb128 0x3a
 1394 011e 0B       		.uleb128 0xb
 1395 011f 3B       		.uleb128 0x3b
 1396 0120 0B       		.uleb128 0xb
 1397 0121 27       		.uleb128 0x27
 1398 0122 19       		.uleb128 0x19
 1399 0123 49       		.uleb128 0x49
 1400 0124 13       		.uleb128 0x13
 1401 0125 3C       		.uleb128 0x3c
 1402 0126 19       		.uleb128 0x19
 1403 0127 00       		.byte	0
 1404 0128 00       		.byte	0
 1405 0129 17       		.uleb128 0x17
 1406 012a 2E       		.uleb128 0x2e
 1407 012b 01       		.byte	0x1
 1408 012c 3F       		.uleb128 0x3f
 1409 012d 19       		.uleb128 0x19
 1410 012e 03       		.uleb128 0x3
 1411 012f 0E       		.uleb128 0xe
 1412 0130 3A       		.uleb128 0x3a
 1413 0131 0B       		.uleb128 0xb
 1414 0132 3B       		.uleb128 0x3b
 1415 0133 05       		.uleb128 0x5
 1416 0134 27       		.uleb128 0x27
 1417 0135 19       		.uleb128 0x19
 1418 0136 49       		.uleb128 0x49
 1419 0137 13       		.uleb128 0x13
 1420 0138 3C       		.uleb128 0x3c
 1421 0139 19       		.uleb128 0x19
 1422 013a 01       		.uleb128 0x1
ARM GAS  C:\Users\Terence\AppData\Local\Temp\ccrlmQsK.s 			page 32


 1423 013b 13       		.uleb128 0x13
 1424 013c 00       		.byte	0
 1425 013d 00       		.byte	0
 1426 013e 18       		.uleb128 0x18
 1427 013f 05       		.uleb128 0x5
 1428 0140 00       		.byte	0
 1429 0141 49       		.uleb128 0x49
 1430 0142 13       		.uleb128 0x13
 1431 0143 00       		.byte	0
 1432 0144 00       		.byte	0
 1433 0145 19       		.uleb128 0x19
 1434 0146 2E       		.uleb128 0x2e
 1435 0147 01       		.byte	0x1
 1436 0148 3F       		.uleb128 0x3f
 1437 0149 19       		.uleb128 0x19
 1438 014a 03       		.uleb128 0x3
 1439 014b 0E       		.uleb128 0xe
 1440 014c 3A       		.uleb128 0x3a
 1441 014d 0B       		.uleb128 0xb
 1442 014e 3B       		.uleb128 0x3b
 1443 014f 05       		.uleb128 0x5
 1444 0150 27       		.uleb128 0x27
 1445 0151 19       		.uleb128 0x19
 1446 0152 3C       		.uleb128 0x3c
 1447 0153 19       		.uleb128 0x19
 1448 0154 01       		.uleb128 0x1
 1449 0155 13       		.uleb128 0x13
 1450 0156 00       		.byte	0
 1451 0157 00       		.byte	0
 1452 0158 1A       		.uleb128 0x1a
 1453 0159 2E       		.uleb128 0x2e
 1454 015a 00       		.byte	0
 1455 015b 3F       		.uleb128 0x3f
 1456 015c 19       		.uleb128 0x19
 1457 015d 03       		.uleb128 0x3
 1458 015e 0E       		.uleb128 0xe
 1459 015f 3A       		.uleb128 0x3a
 1460 0160 0B       		.uleb128 0xb
 1461 0161 3B       		.uleb128 0x3b
 1462 0162 05       		.uleb128 0x5
 1463 0163 27       		.uleb128 0x27
 1464 0164 19       		.uleb128 0x19
 1465 0165 49       		.uleb128 0x49
 1466 0166 13       		.uleb128 0x13
 1467 0167 3C       		.uleb128 0x3c
 1468 0168 19       		.uleb128 0x19
 1469 0169 00       		.byte	0
 1470 016a 00       		.byte	0
 1471 016b 1B       		.uleb128 0x1b
 1472 016c 2E       		.uleb128 0x2e
 1473 016d 00       		.byte	0
 1474 016e 3F       		.uleb128 0x3f
 1475 016f 19       		.uleb128 0x19
 1476 0170 03       		.uleb128 0x3
 1477 0171 0E       		.uleb128 0xe
 1478 0172 3A       		.uleb128 0x3a
 1479 0173 0B       		.uleb128 0xb
ARM GAS  C:\Users\Terence\AppData\Local\Temp\ccrlmQsK.s 			page 33


 1480 0174 3B       		.uleb128 0x3b
 1481 0175 0B       		.uleb128 0xb
 1482 0176 27       		.uleb128 0x27
 1483 0177 19       		.uleb128 0x19
 1484 0178 3C       		.uleb128 0x3c
 1485 0179 19       		.uleb128 0x19
 1486 017a 00       		.byte	0
 1487 017b 00       		.byte	0
 1488 017c 1C       		.uleb128 0x1c
 1489 017d 2E       		.uleb128 0x2e
 1490 017e 00       		.byte	0
 1491 017f 3F       		.uleb128 0x3f
 1492 0180 19       		.uleb128 0x19
 1493 0181 03       		.uleb128 0x3
 1494 0182 0E       		.uleb128 0xe
 1495 0183 3A       		.uleb128 0x3a
 1496 0184 0B       		.uleb128 0xb
 1497 0185 3B       		.uleb128 0x3b
 1498 0186 05       		.uleb128 0x5
 1499 0187 27       		.uleb128 0x27
 1500 0188 19       		.uleb128 0x19
 1501 0189 3C       		.uleb128 0x3c
 1502 018a 19       		.uleb128 0x19
 1503 018b 00       		.byte	0
 1504 018c 00       		.byte	0
 1505 018d 1D       		.uleb128 0x1d
 1506 018e 2E       		.uleb128 0x2e
 1507 018f 01       		.byte	0x1
 1508 0190 3F       		.uleb128 0x3f
 1509 0191 19       		.uleb128 0x19
 1510 0192 03       		.uleb128 0x3
 1511 0193 0E       		.uleb128 0xe
 1512 0194 3A       		.uleb128 0x3a
 1513 0195 0B       		.uleb128 0xb
 1514 0196 3B       		.uleb128 0x3b
 1515 0197 05       		.uleb128 0x5
 1516 0198 27       		.uleb128 0x27
 1517 0199 19       		.uleb128 0x19
 1518 019a 3C       		.uleb128 0x3c
 1519 019b 19       		.uleb128 0x19
 1520 019c 00       		.byte	0
 1521 019d 00       		.byte	0
 1522 019e 00       		.byte	0
 1523              		.section	.debug_loc,"",%progbits
 1524              	.Ldebug_loc0:
 1525              	.LLST0:
 1526 0000 1A000000 		.4byte	.LVL4
 1527 0004 24000000 		.4byte	.LVL5
 1528 0008 0200     		.2byte	0x2
 1529 000a 30       		.byte	0x30
 1530 000b 9F       		.byte	0x9f
 1531 000c 24000000 		.4byte	.LVL5
 1532 0010 30000000 		.4byte	.LVL6
 1533 0014 0100     		.2byte	0x1
 1534 0016 53       		.byte	0x53
 1535 0017 32000000 		.4byte	.LVL7
 1536 001b 3E000000 		.4byte	.LVL8
ARM GAS  C:\Users\Terence\AppData\Local\Temp\ccrlmQsK.s 			page 34


 1537 001f 0100     		.2byte	0x1
 1538 0021 53       		.byte	0x53
 1539 0022 00000000 		.4byte	0
 1540 0026 00000000 		.4byte	0
 1541              		.section	.debug_aranges,"",%progbits
 1542 0000 2C000000 		.4byte	0x2c
 1543 0004 0200     		.2byte	0x2
 1544 0006 00000000 		.4byte	.Ldebug_info0
 1545 000a 04       		.byte	0x4
 1546 000b 00       		.byte	0
 1547 000c 0000     		.2byte	0
 1548 000e 0000     		.2byte	0
 1549 0010 00000000 		.4byte	.LFB326
 1550 0014 AC000000 		.4byte	.LFE326-.LFB326
 1551 0018 00000000 		.4byte	.LFB327
 1552 001c 4C000000 		.4byte	.LFE327-.LFB327
 1553 0020 00000000 		.4byte	.LFB325
 1554 0024 3C010000 		.4byte	.LFE325-.LFB325
 1555 0028 00000000 		.4byte	0
 1556 002c 00000000 		.4byte	0
 1557              		.section	.debug_ranges,"",%progbits
 1558              	.Ldebug_ranges0:
 1559 0000 00000000 		.4byte	.LFB326
 1560 0004 AC000000 		.4byte	.LFE326
 1561 0008 00000000 		.4byte	.LFB327
 1562 000c 4C000000 		.4byte	.LFE327
 1563 0010 00000000 		.4byte	.LFB325
 1564 0014 3C010000 		.4byte	.LFE325
 1565 0018 00000000 		.4byte	0
 1566 001c 00000000 		.4byte	0
 1567              		.section	.debug_line,"",%progbits
 1568              	.Ldebug_line0:
 1569 0000 6A010000 		.section	.debug_str,"MS",%progbits,1
 1569      0200D100 
 1569      00000201 
 1569      FB0E0D00 
 1569      01010101 
 1570              	.LASF15:
 1571 0000 72656733 		.ascii	"reg32\000"
 1571      3200
 1572              	.LASF25:
 1573 0006 696E436E 		.ascii	"inCnt\000"
 1573      7400
 1574              	.LASF21:
 1575 000c 55534244 		.ascii	"USBDeviceState\000"
 1575      65766963 
 1575      65537461 
 1575      746500
 1576              	.LASF12:
 1577 001b 666C6F61 		.ascii	"float\000"
 1577      7400
 1578              	.LASF26:
 1579 0021 66726565 		.ascii	"freeRunningLRCLKCount\000"
 1579      52756E6E 
 1579      696E674C 
 1579      52434C4B 
 1579      436F756E 
ARM GAS  C:\Users\Terence\AppData\Local\Temp\ccrlmQsK.s 			page 35


 1580              	.LASF45:
 1581 0037 42797465 		.ascii	"ByteCounter_Tx_Enable\000"
 1581      436F756E 
 1581      7465725F 
 1581      54785F45 
 1581      6E61626C 
 1582              	.LASF39:
 1583 004d 55534246 		.ascii	"USBFS_GetInterfaceSetting\000"
 1583      535F4765 
 1583      74496E74 
 1583      65726661 
 1583      63655365 
 1584              	.LASF30:
 1585 0067 6578706C 		.ascii	"explicitFeedbackSamples\000"
 1585      69636974 
 1585      46656564 
 1585      6261636B 
 1585      53616D70 
 1586              	.LASF31:
 1587 007f 75706461 		.ascii	"updated\000"
 1587      74656400 
 1588              	.LASF13:
 1589 0087 646F7562 		.ascii	"double\000"
 1589      6C6500
 1590              	.LASF20:
 1591 008e 55534246 		.ascii	"USBFS_DmaReqOut\000"
 1591      535F446D 
 1591      61526571 
 1591      4F757400 
 1592              	.LASF29:
 1593 009e 6578706C 		.ascii	"explicitFeedback\000"
 1593      69636974 
 1593      46656564 
 1593      6261636B 
 1593      00
 1594              	.LASF35:
 1595 00af 6173796E 		.ascii	"asyncready\000"
 1595      63726561 
 1595      647900
 1596              	.LASF28:
 1597 00ba 6C617374 		.ascii	"lastFreeRunningLRCLKCount\000"
 1597      46726565 
 1597      52756E6E 
 1597      696E674C 
 1597      52434C4B 
 1598              	.LASF50:
 1599 00d4 2E5C5553 		.ascii	".\\USBInterface.c\000"
 1599      42496E74 
 1599      65726661 
 1599      63652E63 
 1599      00
 1600              	.LASF22:
 1601 00e5 616C7453 		.ascii	"altSetting\000"
 1601      65747469 
 1601      6E6700
 1602              	.LASF1:
 1603 00f0 756E7369 		.ascii	"unsigned char\000"
ARM GAS  C:\Users\Terence\AppData\Local\Temp\ccrlmQsK.s 			page 36


 1603      676E6564 
 1603      20636861 
 1603      7200
 1604              	.LASF24:
 1605 00fe 696E5261 		.ascii	"inRam\000"
 1605      6D00
 1606              	.LASF5:
 1607 0104 6C6F6E67 		.ascii	"long unsigned int\000"
 1607      20756E73 
 1607      69676E65 
 1607      6420696E 
 1607      7400
 1608              	.LASF3:
 1609 0116 73686F72 		.ascii	"short unsigned int\000"
 1609      7420756E 
 1609      7369676E 
 1609      65642069 
 1609      6E7400
 1610              	.LASF18:
 1611 0129 70726F63 		.ascii	"processAsyncFeedbackTransfer\000"
 1611      65737341 
 1611      73796E63 
 1611      46656564 
 1611      6261636B 
 1612              	.LASF52:
 1613 0146 636C6561 		.ascii	"clearFlag\000"
 1613      72466C61 
 1613      6700
 1614              	.LASF36:
 1615 0150 4173796E 		.ascii	"Async_Feedback_Counter_ReadCounter\000"
 1615      635F4665 
 1615      65646261 
 1615      636B5F43 
 1615      6F756E74 
 1616              	.LASF48:
 1617 0173 55534246 		.ascii	"USBFS_EnableOutEP\000"
 1617      535F456E 
 1617      61626C65 
 1617      4F757445 
 1617      5000
 1618              	.LASF54:
 1619 0185 42797465 		.ascii	"ByteCounter_Rx_WritePeriod\000"
 1619      436F756E 
 1619      7465725F 
 1619      52785F57 
 1619      72697465 
 1620              	.LASF19:
 1621 01a0 53657276 		.ascii	"ServiceUSB\000"
 1621      69636555 
 1621      534200
 1622              	.LASF44:
 1623 01ab 42797465 		.ascii	"ByteCounter_Tx_WritePeriod\000"
 1623      436F756E 
 1623      7465725F 
 1623      54785F57 
 1623      72697465 
 1624              	.LASF47:
ARM GAS  C:\Users\Terence\AppData\Local\Temp\ccrlmQsK.s 			page 37


 1625 01c6 55534246 		.ascii	"USBFS_ReadOutEP\000"
 1625      535F5265 
 1625      61644F75 
 1625      74455000 
 1626              	.LASF10:
 1627 01d6 75696E74 		.ascii	"uint16\000"
 1627      313600
 1628              	.LASF34:
 1629 01dd 73657452 		.ascii	"setRate\000"
 1629      61746500 
 1630              	.LASF11:
 1631 01e5 75696E74 		.ascii	"uint32\000"
 1631      333200
 1632              	.LASF8:
 1633 01ec 756E7369 		.ascii	"unsigned int\000"
 1633      676E6564 
 1633      20696E74 
 1633      00
 1634              	.LASF7:
 1635 01f9 6C6F6E67 		.ascii	"long long unsigned int\000"
 1635      206C6F6E 
 1635      6720756E 
 1635      7369676E 
 1635      65642069 
 1636              	.LASF46:
 1637 0210 4932535F 		.ascii	"I2S_Start\000"
 1637      53746172 
 1637      7400
 1638              	.LASF51:
 1639 021a 433A5C50 		.ascii	"C:\\Program Files (x86)\\Cypress\\CY8CKIT-046 PSoC "
 1639      726F6772 
 1639      616D2046 
 1639      696C6573 
 1639      20287838 
 1640 024a 34204C2D 		.ascii	"4 L-Series Pioneer Kit\\1.0\\Firmware\\PSoC 4200L\\"
 1640      53657269 
 1640      65732050 
 1640      696F6E65 
 1640      6572204B 
 1641 0279 43593843 		.ascii	"CY8CKIT_046_USB_Audio\\CY8CKIT_046_USB_Audio.cydsn\000"
 1641      4B49545F 
 1641      3034365F 
 1641      5553425F 
 1641      41756469 
 1642              	.LASF16:
 1643 02ab 73697A65 		.ascii	"sizetype\000"
 1643      74797065 
 1643      00
 1644              	.LASF6:
 1645 02b4 6C6F6E67 		.ascii	"long long int\000"
 1645      206C6F6E 
 1645      6720696E 
 1645      7400
 1646              	.LASF17:
 1647 02c2 55706461 		.ascii	"UpdateFeedbackCount\000"
 1647      74654665 
 1647      65646261 
ARM GAS  C:\Users\Terence\AppData\Local\Temp\ccrlmQsK.s 			page 38


 1647      636B436F 
 1647      756E7400 
 1648              	.LASF14:
 1649 02d6 63686172 		.ascii	"char\000"
 1649      00
 1650              	.LASF53:
 1651 02db 696E6465 		.ascii	"index\000"
 1651      7800
 1652              	.LASF33:
 1653 02e1 61756469 		.ascii	"audioAsync\000"
 1653      6F417379 
 1653      6E6300
 1654              	.LASF49:
 1655 02ec 474E5520 		.ascii	"GNU C 4.9.3 20150303 (release) [ARM/embedded-4_9-br"
 1655      4320342E 
 1655      392E3320 
 1655      32303135 
 1655      30333033 
 1656 031f 616E6368 		.ascii	"anch revision 221220] -mcpu=cortex-m0 -mthumb -g -O"
 1656      20726576 
 1656      6973696F 
 1656      6E203232 
 1656      31323230 
 1657 0352 67202D66 		.ascii	"g -ffunction-sections -ffat-lto-objects\000"
 1657      66756E63 
 1657      74696F6E 
 1657      2D736563 
 1657      74696F6E 
 1658              	.LASF2:
 1659 037a 73686F72 		.ascii	"short int\000"
 1659      7420696E 
 1659      7400
 1660              	.LASF23:
 1661 0384 6F757452 		.ascii	"outRam\000"
 1661      616D00
 1662              	.LASF9:
 1663 038b 75696E74 		.ascii	"uint8\000"
 1663      3800
 1664              	.LASF40:
 1665 0391 53746F70 		.ascii	"Stop_I2S_Rx\000"
 1665      5F493253 
 1665      5F527800 
 1666              	.LASF38:
 1667 039d 55534246 		.ascii	"USBFS_GetEPState\000"
 1667      535F4765 
 1667      74455053 
 1667      74617465 
 1667      00
 1668              	.LASF4:
 1669 03ae 6C6F6E67 		.ascii	"long int\000"
 1669      20696E74 
 1669      00
 1670              	.LASF41:
 1671 03b7 53746F70 		.ascii	"Stop_I2S_Tx\000"
 1671      5F493253 
 1671      5F547800 
 1672              	.LASF0:
ARM GAS  C:\Users\Terence\AppData\Local\Temp\ccrlmQsK.s 			page 39


 1673 03c3 7369676E 		.ascii	"signed char\000"
 1673      65642063 
 1673      68617200 
 1674              	.LASF43:
 1675 03cf 55534246 		.ascii	"USBFS_LoadInEP\000"
 1675      535F4C6F 
 1675      6164496E 
 1675      455000
 1676              	.LASF42:
 1677 03de 4932535F 		.ascii	"I2S_Stop\000"
 1677      53746F70 
 1677      00
 1678              	.LASF27:
 1679 03e7 61756469 		.ascii	"audioSamples\000"
 1679      6F53616D 
 1679      706C6573 
 1679      00
 1680              	.LASF32:
 1681 03f4 6F75744C 		.ascii	"outLevel\000"
 1681      6576656C 
 1681      00
 1682              	.LASF37:
 1683 03fd 55534246 		.ascii	"USBFS_IsConfigurationChanged\000"
 1683      535F4973 
 1683      436F6E66 
 1683      69677572 
 1683      6174696F 
 1684              		.ident	"GCC: (GNU Tools for ARM Embedded Processors) 4.9.3 20150303 (release) [ARM/embedded-4_9-br
