ARM GAS  C:\Users\Terence\AppData\Local\Temp\ccW00jMa.s 			page 1


   1              		.cpu cortex-m0
   2              		.fpu softvfp
   3              		.eabi_attribute 20, 1
   4              		.eabi_attribute 21, 1
   5              		.eabi_attribute 23, 3
   6              		.eabi_attribute 24, 1
   7              		.eabi_attribute 25, 1
   8              		.eabi_attribute 26, 1
   9              		.eabi_attribute 30, 1
  10              		.eabi_attribute 34, 0
  11              		.eabi_attribute 18, 4
  12              		.code	16
  13              		.file	"USBOutDMA.c"
  14              		.text
  15              	.Ltext0:
  16              		.cfi_sections	.debug_frame
  17              		.section	.text.USBOutDMA_Init,"ax",%progbits
  18              		.align	2
  19              		.global	USBOutDMA_Init
  20              		.code	16
  21              		.thumb_func
  22              		.type	USBOutDMA_Init, %function
  23              	USBOutDMA_Init:
  24              	.LFB33:
  25              		.file 1 ".\\Generated_Source\\PSoC4\\USBOutDMA.c"
   1:.\Generated_Source\PSoC4/USBOutDMA.c **** /*******************************************************************************
   2:.\Generated_Source\PSoC4/USBOutDMA.c **** * File Name: USBOutDMA.h
   3:.\Generated_Source\PSoC4/USBOutDMA.c **** * Version 1.0
   4:.\Generated_Source\PSoC4/USBOutDMA.c **** *
   5:.\Generated_Source\PSoC4/USBOutDMA.c **** * Description:
   6:.\Generated_Source\PSoC4/USBOutDMA.c **** *  This file contains all of the channel DMA API functions.
   7:.\Generated_Source\PSoC4/USBOutDMA.c **** *
   8:.\Generated_Source\PSoC4/USBOutDMA.c **** ********************************************************************************
   9:.\Generated_Source\PSoC4/USBOutDMA.c **** * Copyright 2015, Cypress Semiconductor Corporation. All rights reserved.
  10:.\Generated_Source\PSoC4/USBOutDMA.c **** * You may use this file only in accordance with the license, terms, conditions,
  11:.\Generated_Source\PSoC4/USBOutDMA.c **** * disclaimers, and limitations in the end user license agreement accompanying
  12:.\Generated_Source\PSoC4/USBOutDMA.c **** * the software package with which this file was provided.
  13:.\Generated_Source\PSoC4/USBOutDMA.c **** *******************************************************************************/
  14:.\Generated_Source\PSoC4/USBOutDMA.c **** 
  15:.\Generated_Source\PSoC4/USBOutDMA.c **** #include "USBOutDMA.h"
  16:.\Generated_Source\PSoC4/USBOutDMA.c **** 
  17:.\Generated_Source\PSoC4/USBOutDMA.c **** uint8 USBOutDMA_initVar = 0u;
  18:.\Generated_Source\PSoC4/USBOutDMA.c **** 
  19:.\Generated_Source\PSoC4/USBOutDMA.c **** 
  20:.\Generated_Source\PSoC4/USBOutDMA.c **** /*******************************************************************************
  21:.\Generated_Source\PSoC4/USBOutDMA.c **** * Function Name: USBOutDMA_Start
  22:.\Generated_Source\PSoC4/USBOutDMA.c **** ********************************************************************************
  23:.\Generated_Source\PSoC4/USBOutDMA.c **** *
  24:.\Generated_Source\PSoC4/USBOutDMA.c **** * Summary:
  25:.\Generated_Source\PSoC4/USBOutDMA.c **** *  Calls Init() to configure the DMA channel based on the customizer settings if
  26:.\Generated_Source\PSoC4/USBOutDMA.c **** *  the channel has not been initialized before.
  27:.\Generated_Source\PSoC4/USBOutDMA.c **** *  Sets source and destination address, validates descriptor 0 and enables the
  28:.\Generated_Source\PSoC4/USBOutDMA.c **** *  channel. After calling this function the DMA channel is active and waiting
  29:.\Generated_Source\PSoC4/USBOutDMA.c **** *  for a trigger.
  30:.\Generated_Source\PSoC4/USBOutDMA.c **** *
  31:.\Generated_Source\PSoC4/USBOutDMA.c **** * Parameters:
  32:.\Generated_Source\PSoC4/USBOutDMA.c **** *  srcAddress: Address of DMA transfer source for descriptor 0.
ARM GAS  C:\Users\Terence\AppData\Local\Temp\ccW00jMa.s 			page 2


  33:.\Generated_Source\PSoC4/USBOutDMA.c **** *  dstAddress: Address of DMA transfer destination for descriptor 0.
  34:.\Generated_Source\PSoC4/USBOutDMA.c **** *                   
  35:.\Generated_Source\PSoC4/USBOutDMA.c **** * Return:
  36:.\Generated_Source\PSoC4/USBOutDMA.c **** *  None.
  37:.\Generated_Source\PSoC4/USBOutDMA.c **** *
  38:.\Generated_Source\PSoC4/USBOutDMA.c **** *******************************************************************************/
  39:.\Generated_Source\PSoC4/USBOutDMA.c **** void USBOutDMA_Start(void * srcAddress, void * dstAddress)
  40:.\Generated_Source\PSoC4/USBOutDMA.c **** {
  41:.\Generated_Source\PSoC4/USBOutDMA.c ****     if(0u == USBOutDMA_initVar)
  42:.\Generated_Source\PSoC4/USBOutDMA.c ****     {
  43:.\Generated_Source\PSoC4/USBOutDMA.c ****         USBOutDMA_Init();
  44:.\Generated_Source\PSoC4/USBOutDMA.c ****         USBOutDMA_initVar = 1u;
  45:.\Generated_Source\PSoC4/USBOutDMA.c ****     }
  46:.\Generated_Source\PSoC4/USBOutDMA.c ****     CyDmaEnable();
  47:.\Generated_Source\PSoC4/USBOutDMA.c ****     USBOutDMA_SetSrcAddress(0, srcAddress);
  48:.\Generated_Source\PSoC4/USBOutDMA.c ****     USBOutDMA_SetDstAddress(0, dstAddress);
  49:.\Generated_Source\PSoC4/USBOutDMA.c ****     USBOutDMA_ValidateDescriptor(0);
  50:.\Generated_Source\PSoC4/USBOutDMA.c ****     USBOutDMA_ChEnable();
  51:.\Generated_Source\PSoC4/USBOutDMA.c **** }
  52:.\Generated_Source\PSoC4/USBOutDMA.c **** 
  53:.\Generated_Source\PSoC4/USBOutDMA.c **** 
  54:.\Generated_Source\PSoC4/USBOutDMA.c **** /*******************************************************************************
  55:.\Generated_Source\PSoC4/USBOutDMA.c **** * Function Name: USBOutDMA_Init
  56:.\Generated_Source\PSoC4/USBOutDMA.c **** ********************************************************************************
  57:.\Generated_Source\PSoC4/USBOutDMA.c **** *
  58:.\Generated_Source\PSoC4/USBOutDMA.c **** * Summary:
  59:.\Generated_Source\PSoC4/USBOutDMA.c **** *  Initializes the DMA channel based on the parameters set in the component
  60:.\Generated_Source\PSoC4/USBOutDMA.c **** *  customizer. It is not necessary to call USBOutDMA_Init() because the
  61:.\Generated_Source\PSoC4/USBOutDMA.c **** *  USBOutDMA_Start() API calls this function, which is the preferred method
  62:.\Generated_Source\PSoC4/USBOutDMA.c **** *  to begin component operation.
  63:.\Generated_Source\PSoC4/USBOutDMA.c **** *
  64:.\Generated_Source\PSoC4/USBOutDMA.c **** * Parameters:
  65:.\Generated_Source\PSoC4/USBOutDMA.c **** *  None.
  66:.\Generated_Source\PSoC4/USBOutDMA.c **** *                   
  67:.\Generated_Source\PSoC4/USBOutDMA.c **** * Return:
  68:.\Generated_Source\PSoC4/USBOutDMA.c **** *  None.
  69:.\Generated_Source\PSoC4/USBOutDMA.c **** *
  70:.\Generated_Source\PSoC4/USBOutDMA.c **** * Side effect:
  71:.\Generated_Source\PSoC4/USBOutDMA.c **** *  The first descriptor is set to descriptor 0. This function should not be
  72:.\Generated_Source\PSoC4/USBOutDMA.c **** *  called while the channel is enabled. All settings will be reset to their
  73:.\Generated_Source\PSoC4/USBOutDMA.c **** *  initial values.
  74:.\Generated_Source\PSoC4/USBOutDMA.c **** *
  75:.\Generated_Source\PSoC4/USBOutDMA.c **** *******************************************************************************/
  76:.\Generated_Source\PSoC4/USBOutDMA.c **** void USBOutDMA_Init(void)
  77:.\Generated_Source\PSoC4/USBOutDMA.c **** {
  26              		.loc 1 77 0
  27              		.cfi_startproc
  78:.\Generated_Source\PSoC4/USBOutDMA.c ****     CYDMA_CH_CTL_BASE.ctl[USBOutDMA_CHANNEL] = USBOutDMA_CHANNEL_CFG;
  28              		.loc 1 78 0
  29 0000 C022     		mov	r2, #192
  30 0002 9205     		lsl	r2, r2, #22
  31 0004 034B     		ldr	r3, .L2
  32 0006 9A60     		str	r2, [r3, #8]
  79:.\Generated_Source\PSoC4/USBOutDMA.c ****     CYDMA_DESCR_BASE.descriptor[USBOutDMA_CHANNEL][0].ctl = USBOutDMA_DESCR0_CFG;
  33              		.loc 1 79 0
  34 0008 034B     		ldr	r3, .L2+4
  35 000a 044A     		ldr	r2, .L2+8
ARM GAS  C:\Users\Terence\AppData\Local\Temp\ccW00jMa.s 			page 3


  36 000c 9A64     		str	r2, [r3, #72]
  80:.\Generated_Source\PSoC4/USBOutDMA.c ****     CYDMA_DESCR_BASE.descriptor[USBOutDMA_CHANNEL][1].ctl = USBOutDMA_DESCR1_CFG;
  37              		.loc 1 80 0
  38 000e 9A65     		str	r2, [r3, #88]
  81:.\Generated_Source\PSoC4/USBOutDMA.c **** 
  82:.\Generated_Source\PSoC4/USBOutDMA.c ****     /* If the Generate IRQ option is selected for descriptor 0 or 1, set the
  83:.\Generated_Source\PSoC4/USBOutDMA.c ****     * channel bit field in the DMA interrupt mask register.
  84:.\Generated_Source\PSoC4/USBOutDMA.c ****     */
  85:.\Generated_Source\PSoC4/USBOutDMA.c ****     #if (0u != ((USBOutDMA_DESCR0_CFG | USBOutDMA_DESCR1_CFG) & CYDMA_GENERATE_IRQ))
  86:.\Generated_Source\PSoC4/USBOutDMA.c ****         CYDMA_INTR_MASK_REG |= USBOutDMA_CHANNEL_MASK;
  87:.\Generated_Source\PSoC4/USBOutDMA.c ****     #endif /* (0u != ((USBOutDMA_DESCR0_CFG | USBOutDMA_DESCR1_CFG) & CYDMA_GENERATE_IRQ)) */
  88:.\Generated_Source\PSoC4/USBOutDMA.c **** }
  39              		.loc 1 88 0
  40              		@ sp needed
  41 0010 7047     		bx	lr
  42              	.L3:
  43 0012 C046     		.align	2
  44              	.L2:
  45 0014 80101040 		.word	1074794624
  46 0018 00181040 		.word	1074796544
  47 001c BB00A054 		.word	1419772091
  48              		.cfi_endproc
  49              	.LFE33:
  50              		.size	USBOutDMA_Init, .-USBOutDMA_Init
  51              		.section	.text.USBOutDMA_Start,"ax",%progbits
  52              		.align	2
  53              		.global	USBOutDMA_Start
  54              		.code	16
  55              		.thumb_func
  56              		.type	USBOutDMA_Start, %function
  57              	USBOutDMA_Start:
  58              	.LFB32:
  40:.\Generated_Source\PSoC4/USBOutDMA.c ****     if(0u == USBOutDMA_initVar)
  59              		.loc 1 40 0
  60              		.cfi_startproc
  61              	.LVL0:
  62 0000 38B5     		push	{r3, r4, r5, lr}
  63              		.cfi_def_cfa_offset 16
  64              		.cfi_offset 3, -16
  65              		.cfi_offset 4, -12
  66              		.cfi_offset 5, -8
  67              		.cfi_offset 14, -4
  68 0002 051C     		mov	r5, r0
  69 0004 0C1C     		mov	r4, r1
  41:.\Generated_Source\PSoC4/USBOutDMA.c ****     {
  70              		.loc 1 41 0
  71 0006 0E4B     		ldr	r3, .L6
  72 0008 1B78     		ldrb	r3, [r3]
  73 000a 002B     		cmp	r3, #0
  74 000c 04D1     		bne	.L5
  43:.\Generated_Source\PSoC4/USBOutDMA.c ****         USBOutDMA_initVar = 1u;
  75              		.loc 1 43 0
  76 000e FFF7FEFF 		bl	USBOutDMA_Init
  77              	.LVL1:
  44:.\Generated_Source\PSoC4/USBOutDMA.c ****     }
  78              		.loc 1 44 0
  79 0012 0122     		mov	r2, #1
ARM GAS  C:\Users\Terence\AppData\Local\Temp\ccW00jMa.s 			page 4


  80 0014 0A4B     		ldr	r3, .L6
  81 0016 1A70     		strb	r2, [r3]
  82              	.L5:
  46:.\Generated_Source\PSoC4/USBOutDMA.c ****     USBOutDMA_SetSrcAddress(0, srcAddress);
  83              		.loc 1 46 0
  84 0018 FFF7FEFF 		bl	CyDmaEnable
  85              	.LVL2:
  86              	.LBB10:
  87              	.LBB11:
  88              		.file 2 ".\\Generated_Source\\PSoC4\\USBOutDMA.h"
   1:.\Generated_Source\PSoC4/USBOutDMA.h **** /*******************************************************************************
   2:.\Generated_Source\PSoC4/USBOutDMA.h **** * File Name: USBOutDMA.h
   3:.\Generated_Source\PSoC4/USBOutDMA.h **** * Version 1.0
   4:.\Generated_Source\PSoC4/USBOutDMA.h **** *
   5:.\Generated_Source\PSoC4/USBOutDMA.h **** * Description:
   6:.\Generated_Source\PSoC4/USBOutDMA.h **** *  This file provides DMA channel defines and API function definitions.
   7:.\Generated_Source\PSoC4/USBOutDMA.h **** *
   8:.\Generated_Source\PSoC4/USBOutDMA.h **** ********************************************************************************
   9:.\Generated_Source\PSoC4/USBOutDMA.h **** * Copyright 2015, Cypress Semiconductor Corporation. All rights reserved.
  10:.\Generated_Source\PSoC4/USBOutDMA.h **** * You may use this file only in accordance with the license, terms, conditions,
  11:.\Generated_Source\PSoC4/USBOutDMA.h **** * disclaimers, and limitations in the end user license agreement accompanying
  12:.\Generated_Source\PSoC4/USBOutDMA.h **** * the software package with which this file was provided.
  13:.\Generated_Source\PSoC4/USBOutDMA.h **** *******************************************************************************/
  14:.\Generated_Source\PSoC4/USBOutDMA.h **** 
  15:.\Generated_Source\PSoC4/USBOutDMA.h **** #ifndef CY_DMA_CHANNEL_USBOutDMA_H
  16:.\Generated_Source\PSoC4/USBOutDMA.h **** #define CY_DMA_CHANNEL_USBOutDMA_H
  17:.\Generated_Source\PSoC4/USBOutDMA.h **** 
  18:.\Generated_Source\PSoC4/USBOutDMA.h **** #include "CyDMA.h"
  19:.\Generated_Source\PSoC4/USBOutDMA.h **** 
  20:.\Generated_Source\PSoC4/USBOutDMA.h ****     
  21:.\Generated_Source\PSoC4/USBOutDMA.h **** /***************************************
  22:.\Generated_Source\PSoC4/USBOutDMA.h **** *   Conditional Compilation Parameters
  23:.\Generated_Source\PSoC4/USBOutDMA.h **** ***************************************/
  24:.\Generated_Source\PSoC4/USBOutDMA.h **** 
  25:.\Generated_Source\PSoC4/USBOutDMA.h **** #define USBOutDMA_CHANNEL           (USBOutDMA__CHANNEL_NUMBER)
  26:.\Generated_Source\PSoC4/USBOutDMA.h **** #define USBOutDMA_CHANNEL_MASK      ((uint32)(1UL << USBOutDMA_CHANNEL))
  27:.\Generated_Source\PSoC4/USBOutDMA.h **** 
  28:.\Generated_Source\PSoC4/USBOutDMA.h **** 
  29:.\Generated_Source\PSoC4/USBOutDMA.h **** /***************************************
  30:.\Generated_Source\PSoC4/USBOutDMA.h **** *        Function Prototypes
  31:.\Generated_Source\PSoC4/USBOutDMA.h **** ***************************************/
  32:.\Generated_Source\PSoC4/USBOutDMA.h **** 
  33:.\Generated_Source\PSoC4/USBOutDMA.h **** /* Functions specific to this DMA channel */
  34:.\Generated_Source\PSoC4/USBOutDMA.h **** void USBOutDMA_Init(void);
  35:.\Generated_Source\PSoC4/USBOutDMA.h **** void USBOutDMA_Start(void * srcAddress, void * dstAddress);
  36:.\Generated_Source\PSoC4/USBOutDMA.h **** 
  37:.\Generated_Source\PSoC4/USBOutDMA.h **** /* Inline functions that call global API functions */
  38:.\Generated_Source\PSoC4/USBOutDMA.h **** static void   USBOutDMA_ChEnable(void);
  39:.\Generated_Source\PSoC4/USBOutDMA.h **** static void   USBOutDMA_ChDisable(void);
  40:.\Generated_Source\PSoC4/USBOutDMA.h **** static void   USBOutDMA_Trigger(void);
  41:.\Generated_Source\PSoC4/USBOutDMA.h **** static void   USBOutDMA_SetPriority(int32 priority);
  42:.\Generated_Source\PSoC4/USBOutDMA.h **** static int32  USBOutDMA_GetPriority(void);
  43:.\Generated_Source\PSoC4/USBOutDMA.h **** static void   USBOutDMA_SetNextDescriptor(int32 descriptor);
  44:.\Generated_Source\PSoC4/USBOutDMA.h **** static int32  USBOutDMA_GetNextDescriptor(void);
  45:.\Generated_Source\PSoC4/USBOutDMA.h **** static void   USBOutDMA_SetConfiguration(int32 descriptor, const cydma_init_struct * config);
  46:.\Generated_Source\PSoC4/USBOutDMA.h **** static void   USBOutDMA_ValidateDescriptor(int32 descriptor);
  47:.\Generated_Source\PSoC4/USBOutDMA.h **** static uint32 USBOutDMA_GetDescriptorStatus(int32 descriptor);
ARM GAS  C:\Users\Terence\AppData\Local\Temp\ccW00jMa.s 			page 5


  48:.\Generated_Source\PSoC4/USBOutDMA.h **** static void   USBOutDMA_SetSrcAddress(int32 descriptor, void * srcAddress);
  49:.\Generated_Source\PSoC4/USBOutDMA.h **** static void * USBOutDMA_GetSrcAddress(int32 descriptor);
  50:.\Generated_Source\PSoC4/USBOutDMA.h **** static void   USBOutDMA_SetDstAddress(int32 descriptor, void * dstAddress);
  51:.\Generated_Source\PSoC4/USBOutDMA.h **** static void * USBOutDMA_GetDstAddress(int32 descriptor);
  52:.\Generated_Source\PSoC4/USBOutDMA.h **** static void   USBOutDMA_SetDataElementSize(int32 descriptor, uint32 dataElementSize);
  53:.\Generated_Source\PSoC4/USBOutDMA.h **** static uint32 USBOutDMA_GetDataElementSize(int32 descriptor);
  54:.\Generated_Source\PSoC4/USBOutDMA.h **** static void   USBOutDMA_SetNumDataElements(int32 descriptor, int32 numDataElements);
  55:.\Generated_Source\PSoC4/USBOutDMA.h **** static int32  USBOutDMA_GetNumDataElements(int32 descriptor);
  56:.\Generated_Source\PSoC4/USBOutDMA.h **** static void   USBOutDMA_SetSrcDstTransferWidth(int32 descriptor, uint32 transferWidth);
  57:.\Generated_Source\PSoC4/USBOutDMA.h **** static uint32 USBOutDMA_GetSrcDstTransferWidth(int32 descriptor);
  58:.\Generated_Source\PSoC4/USBOutDMA.h **** static void   USBOutDMA_SetAddressIncrement(int32 descriptor, uint32 addressIncrement);
  59:.\Generated_Source\PSoC4/USBOutDMA.h **** static uint32 USBOutDMA_GetAddressIncrement(int32 descriptor);
  60:.\Generated_Source\PSoC4/USBOutDMA.h **** static void   USBOutDMA_SetTriggerType(int32 descriptor, uint32 triggerType);
  61:.\Generated_Source\PSoC4/USBOutDMA.h **** static uint32 USBOutDMA_GetTriggerType(int32 descriptor);
  62:.\Generated_Source\PSoC4/USBOutDMA.h **** static void   USBOutDMA_SetTransferMode(int32 descriptor, uint32 transferMode);
  63:.\Generated_Source\PSoC4/USBOutDMA.h **** static uint32 USBOutDMA_GetTransferMode(int32 descriptor);
  64:.\Generated_Source\PSoC4/USBOutDMA.h **** static void   USBOutDMA_SetPreemptable(int32 descriptor, uint32 preemptable);
  65:.\Generated_Source\PSoC4/USBOutDMA.h **** static uint32 USBOutDMA_GetPreemptable(int32 descriptor);
  66:.\Generated_Source\PSoC4/USBOutDMA.h **** static void   USBOutDMA_SetPostCompletionActions(int32 descriptor, uint32 actions);
  67:.\Generated_Source\PSoC4/USBOutDMA.h **** static uint32 USBOutDMA_GetPostCompletionAction(int32 descriptor);
  68:.\Generated_Source\PSoC4/USBOutDMA.h **** static cydma_callback_t USBOutDMA_SetInterruptCallback(cydma_callback_t callback);
  69:.\Generated_Source\PSoC4/USBOutDMA.h **** static cydma_callback_t USBOutDMA_GetInterruptCallback(void);
  70:.\Generated_Source\PSoC4/USBOutDMA.h **** 
  71:.\Generated_Source\PSoC4/USBOutDMA.h **** 
  72:.\Generated_Source\PSoC4/USBOutDMA.h **** /*******************************************************************************
  73:.\Generated_Source\PSoC4/USBOutDMA.h **** * Function Name: USBOutDMA_ChEnable
  74:.\Generated_Source\PSoC4/USBOutDMA.h **** ********************************************************************************
  75:.\Generated_Source\PSoC4/USBOutDMA.h **** *
  76:.\Generated_Source\PSoC4/USBOutDMA.h **** * Summary:
  77:.\Generated_Source\PSoC4/USBOutDMA.h **** *  Enables the DMA channel. It is not necessary to call USBOutDMA_ChEnable()
  78:.\Generated_Source\PSoC4/USBOutDMA.h **** *  because the USBOutDMA_Start() API calls this function, which is the
  79:.\Generated_Source\PSoC4/USBOutDMA.h **** *  preferred method to begin the component operation.
  80:.\Generated_Source\PSoC4/USBOutDMA.h **** *
  81:.\Generated_Source\PSoC4/USBOutDMA.h **** * Parameters:
  82:.\Generated_Source\PSoC4/USBOutDMA.h **** *  None.
  83:.\Generated_Source\PSoC4/USBOutDMA.h **** *                   
  84:.\Generated_Source\PSoC4/USBOutDMA.h **** * Return:
  85:.\Generated_Source\PSoC4/USBOutDMA.h **** *  None.
  86:.\Generated_Source\PSoC4/USBOutDMA.h **** *
  87:.\Generated_Source\PSoC4/USBOutDMA.h **** * Side effect:
  88:.\Generated_Source\PSoC4/USBOutDMA.h **** *  If this function is called before USBOutDMA_Start(), or USBOutDMA_Init()
  89:.\Generated_Source\PSoC4/USBOutDMA.h **** *  or USBOutDMA_SetConfiguration(), and USBOutDMA_SetSrcAddress()
  90:.\Generated_Source\PSoC4/USBOutDMA.h **** *  and USBOutDMA_SetDstAddress the operation of the DMA is 
  91:.\Generated_Source\PSoC4/USBOutDMA.h **** *  undefined and could result in system data corruption. 
  92:.\Generated_Source\PSoC4/USBOutDMA.h **** *
  93:.\Generated_Source\PSoC4/USBOutDMA.h **** *******************************************************************************/
  94:.\Generated_Source\PSoC4/USBOutDMA.h **** static CY_INLINE void USBOutDMA_ChEnable(void)
  95:.\Generated_Source\PSoC4/USBOutDMA.h **** {
  96:.\Generated_Source\PSoC4/USBOutDMA.h ****     CyDmaChEnable(USBOutDMA_CHANNEL);
  97:.\Generated_Source\PSoC4/USBOutDMA.h **** }
  98:.\Generated_Source\PSoC4/USBOutDMA.h **** 
  99:.\Generated_Source\PSoC4/USBOutDMA.h **** 
 100:.\Generated_Source\PSoC4/USBOutDMA.h **** /*******************************************************************************
 101:.\Generated_Source\PSoC4/USBOutDMA.h **** * Function Name: USBOutDMA_ChDisable
 102:.\Generated_Source\PSoC4/USBOutDMA.h **** ********************************************************************************
 103:.\Generated_Source\PSoC4/USBOutDMA.h **** *
 104:.\Generated_Source\PSoC4/USBOutDMA.h **** * Summary:
ARM GAS  C:\Users\Terence\AppData\Local\Temp\ccW00jMa.s 			page 6


 105:.\Generated_Source\PSoC4/USBOutDMA.h **** *  Disables the DMA channel.
 106:.\Generated_Source\PSoC4/USBOutDMA.h **** *
 107:.\Generated_Source\PSoC4/USBOutDMA.h **** * Parameters:
 108:.\Generated_Source\PSoC4/USBOutDMA.h **** *  None.
 109:.\Generated_Source\PSoC4/USBOutDMA.h **** *                   
 110:.\Generated_Source\PSoC4/USBOutDMA.h **** * Return:
 111:.\Generated_Source\PSoC4/USBOutDMA.h **** *  None.
 112:.\Generated_Source\PSoC4/USBOutDMA.h **** *
 113:.\Generated_Source\PSoC4/USBOutDMA.h **** * Side effect:
 114:.\Generated_Source\PSoC4/USBOutDMA.h **** *  If this function is called during a DMA transfer the transfer is aborted. 
 115:.\Generated_Source\PSoC4/USBOutDMA.h **** *
 116:.\Generated_Source\PSoC4/USBOutDMA.h **** *******************************************************************************/
 117:.\Generated_Source\PSoC4/USBOutDMA.h **** static CY_INLINE void USBOutDMA_ChDisable(void)
 118:.\Generated_Source\PSoC4/USBOutDMA.h **** {
 119:.\Generated_Source\PSoC4/USBOutDMA.h ****     CyDmaChDisable(USBOutDMA_CHANNEL);
 120:.\Generated_Source\PSoC4/USBOutDMA.h **** }
 121:.\Generated_Source\PSoC4/USBOutDMA.h **** 
 122:.\Generated_Source\PSoC4/USBOutDMA.h **** 
 123:.\Generated_Source\PSoC4/USBOutDMA.h **** /*******************************************************************************
 124:.\Generated_Source\PSoC4/USBOutDMA.h **** * Function Name: USBOutDMA_Trigger
 125:.\Generated_Source\PSoC4/USBOutDMA.h **** ********************************************************************************
 126:.\Generated_Source\PSoC4/USBOutDMA.h **** *
 127:.\Generated_Source\PSoC4/USBOutDMA.h **** * Summary:
 128:.\Generated_Source\PSoC4/USBOutDMA.h **** *  Triggers the DMA channel, this is useful only for software triggers. This is
 129:.\Generated_Source\PSoC4/USBOutDMA.h **** *  not needed when hardware triggers are used.
 130:.\Generated_Source\PSoC4/USBOutDMA.h **** *
 131:.\Generated_Source\PSoC4/USBOutDMA.h **** * Parameters:
 132:.\Generated_Source\PSoC4/USBOutDMA.h **** *  None.
 133:.\Generated_Source\PSoC4/USBOutDMA.h **** *                   
 134:.\Generated_Source\PSoC4/USBOutDMA.h **** * Return:
 135:.\Generated_Source\PSoC4/USBOutDMA.h **** *  None. 
 136:.\Generated_Source\PSoC4/USBOutDMA.h **** *
 137:.\Generated_Source\PSoC4/USBOutDMA.h **** *******************************************************************************/
 138:.\Generated_Source\PSoC4/USBOutDMA.h **** static CY_INLINE void USBOutDMA_Trigger(void)
 139:.\Generated_Source\PSoC4/USBOutDMA.h **** {
 140:.\Generated_Source\PSoC4/USBOutDMA.h ****     CyDmaTrigger(USBOutDMA_CHANNEL);
 141:.\Generated_Source\PSoC4/USBOutDMA.h **** }
 142:.\Generated_Source\PSoC4/USBOutDMA.h **** 
 143:.\Generated_Source\PSoC4/USBOutDMA.h **** 
 144:.\Generated_Source\PSoC4/USBOutDMA.h **** /*******************************************************************************
 145:.\Generated_Source\PSoC4/USBOutDMA.h **** * Function Name: USBOutDMA_SetPriority
 146:.\Generated_Source\PSoC4/USBOutDMA.h **** ********************************************************************************
 147:.\Generated_Source\PSoC4/USBOutDMA.h **** *
 148:.\Generated_Source\PSoC4/USBOutDMA.h **** * Summary:
 149:.\Generated_Source\PSoC4/USBOutDMA.h **** *  Sets the priority for the channel.
 150:.\Generated_Source\PSoC4/USBOutDMA.h **** *
 151:.\Generated_Source\PSoC4/USBOutDMA.h **** * Parameters:
 152:.\Generated_Source\PSoC4/USBOutDMA.h **** *  priority: Priority for channel. Priority can be 0,1,2, or 3.
 153:.\Generated_Source\PSoC4/USBOutDMA.h **** *            0 is the highest priority.
 154:.\Generated_Source\PSoC4/USBOutDMA.h **** *                   
 155:.\Generated_Source\PSoC4/USBOutDMA.h **** * Return:
 156:.\Generated_Source\PSoC4/USBOutDMA.h **** *  None.
 157:.\Generated_Source\PSoC4/USBOutDMA.h **** *
 158:.\Generated_Source\PSoC4/USBOutDMA.h **** * Side effect:
 159:.\Generated_Source\PSoC4/USBOutDMA.h **** *  This function should not be called while the channel is enabled.
 160:.\Generated_Source\PSoC4/USBOutDMA.h **** *
 161:.\Generated_Source\PSoC4/USBOutDMA.h **** *******************************************************************************/
ARM GAS  C:\Users\Terence\AppData\Local\Temp\ccW00jMa.s 			page 7


 162:.\Generated_Source\PSoC4/USBOutDMA.h **** static CY_INLINE void USBOutDMA_SetPriority(int32 priority)
 163:.\Generated_Source\PSoC4/USBOutDMA.h **** {
 164:.\Generated_Source\PSoC4/USBOutDMA.h ****     CyDmaSetPriority(USBOutDMA_CHANNEL, priority);
 165:.\Generated_Source\PSoC4/USBOutDMA.h **** }
 166:.\Generated_Source\PSoC4/USBOutDMA.h **** 
 167:.\Generated_Source\PSoC4/USBOutDMA.h **** 
 168:.\Generated_Source\PSoC4/USBOutDMA.h **** /*******************************************************************************
 169:.\Generated_Source\PSoC4/USBOutDMA.h **** * Function Name: USBOutDMA_GetPriority
 170:.\Generated_Source\PSoC4/USBOutDMA.h **** ********************************************************************************
 171:.\Generated_Source\PSoC4/USBOutDMA.h **** *
 172:.\Generated_Source\PSoC4/USBOutDMA.h **** * Summary:
 173:.\Generated_Source\PSoC4/USBOutDMA.h **** *  Gets the priority for the channel.
 174:.\Generated_Source\PSoC4/USBOutDMA.h **** *
 175:.\Generated_Source\PSoC4/USBOutDMA.h **** * Parameters:
 176:.\Generated_Source\PSoC4/USBOutDMA.h **** *  None.
 177:.\Generated_Source\PSoC4/USBOutDMA.h **** *                   
 178:.\Generated_Source\PSoC4/USBOutDMA.h **** * Return:
 179:.\Generated_Source\PSoC4/USBOutDMA.h **** *  Priority for channel. Priority can be 0,1,2, or 3. 0 is the highest priority.
 180:.\Generated_Source\PSoC4/USBOutDMA.h **** *
 181:.\Generated_Source\PSoC4/USBOutDMA.h **** *******************************************************************************/
 182:.\Generated_Source\PSoC4/USBOutDMA.h **** static CY_INLINE int32 USBOutDMA_GetPriority(void)
 183:.\Generated_Source\PSoC4/USBOutDMA.h **** {
 184:.\Generated_Source\PSoC4/USBOutDMA.h ****     return (CyDmaGetPriority(USBOutDMA_CHANNEL));
 185:.\Generated_Source\PSoC4/USBOutDMA.h **** }
 186:.\Generated_Source\PSoC4/USBOutDMA.h **** 
 187:.\Generated_Source\PSoC4/USBOutDMA.h **** 
 188:.\Generated_Source\PSoC4/USBOutDMA.h **** /*******************************************************************************
 189:.\Generated_Source\PSoC4/USBOutDMA.h **** * Function Name: USBOutDMA_SetNextDescriptor
 190:.\Generated_Source\PSoC4/USBOutDMA.h **** ********************************************************************************
 191:.\Generated_Source\PSoC4/USBOutDMA.h **** *
 192:.\Generated_Source\PSoC4/USBOutDMA.h **** * Summary:
 193:.\Generated_Source\PSoC4/USBOutDMA.h **** *  Sets the descriptor that should be run the next time the channel is
 194:.\Generated_Source\PSoC4/USBOutDMA.h **** *  triggered.
 195:.\Generated_Source\PSoC4/USBOutDMA.h **** *
 196:.\Generated_Source\PSoC4/USBOutDMA.h **** * Parameters:
 197:.\Generated_Source\PSoC4/USBOutDMA.h **** *  descriptor: Next Descriptor to run (0 or 1).
 198:.\Generated_Source\PSoC4/USBOutDMA.h **** *                   
 199:.\Generated_Source\PSoC4/USBOutDMA.h **** * Side effect:
 200:.\Generated_Source\PSoC4/USBOutDMA.h **** *  This function should not be called while the channel is enabled.
 201:.\Generated_Source\PSoC4/USBOutDMA.h **** *
 202:.\Generated_Source\PSoC4/USBOutDMA.h **** *******************************************************************************/
 203:.\Generated_Source\PSoC4/USBOutDMA.h **** static CY_INLINE void USBOutDMA_SetNextDescriptor(int32 descriptor)
 204:.\Generated_Source\PSoC4/USBOutDMA.h **** {
 205:.\Generated_Source\PSoC4/USBOutDMA.h ****     CyDmaSetNextDescriptor(USBOutDMA_CHANNEL, descriptor);
 206:.\Generated_Source\PSoC4/USBOutDMA.h **** }
 207:.\Generated_Source\PSoC4/USBOutDMA.h **** 
 208:.\Generated_Source\PSoC4/USBOutDMA.h **** 
 209:.\Generated_Source\PSoC4/USBOutDMA.h **** /*******************************************************************************
 210:.\Generated_Source\PSoC4/USBOutDMA.h **** * Function Name: USBOutDMA_GetNextDescriptor
 211:.\Generated_Source\PSoC4/USBOutDMA.h **** ********************************************************************************
 212:.\Generated_Source\PSoC4/USBOutDMA.h **** *
 213:.\Generated_Source\PSoC4/USBOutDMA.h **** * Summary:
 214:.\Generated_Source\PSoC4/USBOutDMA.h **** *  Returns the next descriptor that should be run, as set by 
 215:.\Generated_Source\PSoC4/USBOutDMA.h **** *  USBOutDMA_SetNextDescriptor().
 216:.\Generated_Source\PSoC4/USBOutDMA.h **** *
 217:.\Generated_Source\PSoC4/USBOutDMA.h **** * Parameters:
 218:.\Generated_Source\PSoC4/USBOutDMA.h **** *  None.
ARM GAS  C:\Users\Terence\AppData\Local\Temp\ccW00jMa.s 			page 8


 219:.\Generated_Source\PSoC4/USBOutDMA.h **** *                   
 220:.\Generated_Source\PSoC4/USBOutDMA.h **** * Return:
 221:.\Generated_Source\PSoC4/USBOutDMA.h **** *  Next Descriptor to run (0 or 1).
 222:.\Generated_Source\PSoC4/USBOutDMA.h **** *
 223:.\Generated_Source\PSoC4/USBOutDMA.h **** *******************************************************************************/
 224:.\Generated_Source\PSoC4/USBOutDMA.h **** static CY_INLINE int32 USBOutDMA_GetNextDescriptor(void)
 225:.\Generated_Source\PSoC4/USBOutDMA.h **** {
 226:.\Generated_Source\PSoC4/USBOutDMA.h ****     return (CyDmaGetNextDescriptor(USBOutDMA_CHANNEL));
 227:.\Generated_Source\PSoC4/USBOutDMA.h **** }
 228:.\Generated_Source\PSoC4/USBOutDMA.h **** 
 229:.\Generated_Source\PSoC4/USBOutDMA.h **** 
 230:.\Generated_Source\PSoC4/USBOutDMA.h **** /*******************************************************************************
 231:.\Generated_Source\PSoC4/USBOutDMA.h **** * Function Name: USBOutDMA_SetConfiguration
 232:.\Generated_Source\PSoC4/USBOutDMA.h **** ********************************************************************************
 233:.\Generated_Source\PSoC4/USBOutDMA.h **** *
 234:.\Generated_Source\PSoC4/USBOutDMA.h **** * Summary:
 235:.\Generated_Source\PSoC4/USBOutDMA.h **** *  Sets configuration information for the specified descriptor.
 236:.\Generated_Source\PSoC4/USBOutDMA.h **** *
 237:.\Generated_Source\PSoC4/USBOutDMA.h **** * Parameters:
 238:.\Generated_Source\PSoC4/USBOutDMA.h **** *  descriptor: Descriptor (0 or 1) modified by this function.
 239:.\Generated_Source\PSoC4/USBOutDMA.h **** *  config: Pointer to a configuration structure. Refer to cydma_init_struct
 240:.\Generated_Source\PSoC4/USBOutDMA.h **** *          structure definition in CyDMA_P4.h or the component datasheet.
 241:.\Generated_Source\PSoC4/USBOutDMA.h **** *                   
 242:.\Generated_Source\PSoC4/USBOutDMA.h **** * Return:
 243:.\Generated_Source\PSoC4/USBOutDMA.h **** *  None.
 244:.\Generated_Source\PSoC4/USBOutDMA.h **** *
 245:.\Generated_Source\PSoC4/USBOutDMA.h **** * Side effect:
 246:.\Generated_Source\PSoC4/USBOutDMA.h **** *  The status register associated with the specified descriptor is reset to
 247:.\Generated_Source\PSoC4/USBOutDMA.h **** *  zero after this function call. This function also validates the descriptor.
 248:.\Generated_Source\PSoC4/USBOutDMA.h **** *  This function should not be called while the descriptor is active.
 249:.\Generated_Source\PSoC4/USBOutDMA.h **** *  This can be checked by calling CyDmaGetStatus().
 250:.\Generated_Source\PSoC4/USBOutDMA.h **** *
 251:.\Generated_Source\PSoC4/USBOutDMA.h **** *******************************************************************************/
 252:.\Generated_Source\PSoC4/USBOutDMA.h **** static CY_INLINE void USBOutDMA_SetConfiguration(int32 descriptor, const cydma_init_struct * config
 253:.\Generated_Source\PSoC4/USBOutDMA.h **** {
 254:.\Generated_Source\PSoC4/USBOutDMA.h ****     CyDmaSetConfiguration(USBOutDMA_CHANNEL, descriptor, config);
 255:.\Generated_Source\PSoC4/USBOutDMA.h **** }
 256:.\Generated_Source\PSoC4/USBOutDMA.h **** 
 257:.\Generated_Source\PSoC4/USBOutDMA.h **** 
 258:.\Generated_Source\PSoC4/USBOutDMA.h **** /*******************************************************************************
 259:.\Generated_Source\PSoC4/USBOutDMA.h **** * Function Name: USBOutDMA_ValidateDescriptor
 260:.\Generated_Source\PSoC4/USBOutDMA.h **** ********************************************************************************
 261:.\Generated_Source\PSoC4/USBOutDMA.h **** *
 262:.\Generated_Source\PSoC4/USBOutDMA.h **** * Summary:
 263:.\Generated_Source\PSoC4/USBOutDMA.h **** *  Validates the specified descriptor after it has been invalidated.
 264:.\Generated_Source\PSoC4/USBOutDMA.h **** *
 265:.\Generated_Source\PSoC4/USBOutDMA.h **** * Parameters:
 266:.\Generated_Source\PSoC4/USBOutDMA.h **** *  descriptor: Descriptor (0 or 1) modified by this function.
 267:.\Generated_Source\PSoC4/USBOutDMA.h **** *                   
 268:.\Generated_Source\PSoC4/USBOutDMA.h **** * Return:
 269:.\Generated_Source\PSoC4/USBOutDMA.h **** *  None. 
 270:.\Generated_Source\PSoC4/USBOutDMA.h **** *
 271:.\Generated_Source\PSoC4/USBOutDMA.h **** * Side effect:
 272:.\Generated_Source\PSoC4/USBOutDMA.h **** *  The status register associated with the specified descriptor is reset to
 273:.\Generated_Source\PSoC4/USBOutDMA.h **** *  zero after this function call. This function should not be called while the
 274:.\Generated_Source\PSoC4/USBOutDMA.h **** *  descriptor is active. This can be checked by calling CyDmaGetStatus().
 275:.\Generated_Source\PSoC4/USBOutDMA.h **** *
ARM GAS  C:\Users\Terence\AppData\Local\Temp\ccW00jMa.s 			page 9


 276:.\Generated_Source\PSoC4/USBOutDMA.h **** *******************************************************************************/
 277:.\Generated_Source\PSoC4/USBOutDMA.h **** static CY_INLINE void USBOutDMA_ValidateDescriptor(int32 descriptor)
 278:.\Generated_Source\PSoC4/USBOutDMA.h **** {
 279:.\Generated_Source\PSoC4/USBOutDMA.h ****     CyDmaValidateDescriptor(USBOutDMA_CHANNEL, descriptor);
 280:.\Generated_Source\PSoC4/USBOutDMA.h **** }
 281:.\Generated_Source\PSoC4/USBOutDMA.h **** 
 282:.\Generated_Source\PSoC4/USBOutDMA.h **** 
 283:.\Generated_Source\PSoC4/USBOutDMA.h **** /*******************************************************************************
 284:.\Generated_Source\PSoC4/USBOutDMA.h **** * Function Name: USBOutDMA_GetDescriptorStatus
 285:.\Generated_Source\PSoC4/USBOutDMA.h **** ********************************************************************************
 286:.\Generated_Source\PSoC4/USBOutDMA.h **** *
 287:.\Generated_Source\PSoC4/USBOutDMA.h **** * Summary:
 288:.\Generated_Source\PSoC4/USBOutDMA.h **** *  Returns the status of the specified descriptor.
 289:.\Generated_Source\PSoC4/USBOutDMA.h **** *
 290:.\Generated_Source\PSoC4/USBOutDMA.h **** * Parameters:
 291:.\Generated_Source\PSoC4/USBOutDMA.h **** *  descriptor: Descriptor (0 or 1) modified by this function.
 292:.\Generated_Source\PSoC4/USBOutDMA.h **** *                   
 293:.\Generated_Source\PSoC4/USBOutDMA.h **** * Return:
 294:.\Generated_Source\PSoC4/USBOutDMA.h **** *  Returns the contents of the specified descriptors status register. Refer to 
 295:.\Generated_Source\PSoC4/USBOutDMA.h **** *  descriptor status register bit definitions in CyDMA_P4.h or the API
 296:.\Generated_Source\PSoC4/USBOutDMA.h **** *  description in the DMA channel datasheet for more information.
 297:.\Generated_Source\PSoC4/USBOutDMA.h **** *
 298:.\Generated_Source\PSoC4/USBOutDMA.h **** *******************************************************************************/
 299:.\Generated_Source\PSoC4/USBOutDMA.h **** static CY_INLINE uint32 USBOutDMA_GetDescriptorStatus(int32 descriptor)
 300:.\Generated_Source\PSoC4/USBOutDMA.h **** {
 301:.\Generated_Source\PSoC4/USBOutDMA.h ****     return (CyDmaGetDescriptorStatus(USBOutDMA_CHANNEL, descriptor));
 302:.\Generated_Source\PSoC4/USBOutDMA.h **** }
 303:.\Generated_Source\PSoC4/USBOutDMA.h **** 
 304:.\Generated_Source\PSoC4/USBOutDMA.h **** 
 305:.\Generated_Source\PSoC4/USBOutDMA.h **** /*******************************************************************************
 306:.\Generated_Source\PSoC4/USBOutDMA.h **** * Function Name: USBOutDMA_SetSrcAddress
 307:.\Generated_Source\PSoC4/USBOutDMA.h **** ********************************************************************************
 308:.\Generated_Source\PSoC4/USBOutDMA.h **** *
 309:.\Generated_Source\PSoC4/USBOutDMA.h **** * Summary:
 310:.\Generated_Source\PSoC4/USBOutDMA.h **** *  Configures the source address for the specified descriptor.
 311:.\Generated_Source\PSoC4/USBOutDMA.h **** *
 312:.\Generated_Source\PSoC4/USBOutDMA.h **** * Parameters:
 313:.\Generated_Source\PSoC4/USBOutDMA.h **** *  descriptor: Descriptor (0 or 1) modified by this function.
 314:.\Generated_Source\PSoC4/USBOutDMA.h **** *  srcAddress: Address of DMA transfer source.
 315:.\Generated_Source\PSoC4/USBOutDMA.h **** *                   
 316:.\Generated_Source\PSoC4/USBOutDMA.h **** * Return:
 317:.\Generated_Source\PSoC4/USBOutDMA.h **** *  None.
 318:.\Generated_Source\PSoC4/USBOutDMA.h **** *
 319:.\Generated_Source\PSoC4/USBOutDMA.h **** * Side effect:
 320:.\Generated_Source\PSoC4/USBOutDMA.h **** *  This function should not be called when the specified descriptor is active
 321:.\Generated_Source\PSoC4/USBOutDMA.h **** *  in the DMA transfer engine. This can be checked by calling CyDmaGetStatus(). 
 322:.\Generated_Source\PSoC4/USBOutDMA.h **** *
 323:.\Generated_Source\PSoC4/USBOutDMA.h **** *******************************************************************************/
 324:.\Generated_Source\PSoC4/USBOutDMA.h **** static CY_INLINE void USBOutDMA_SetSrcAddress(int32 descriptor, void * srcAddress)
 325:.\Generated_Source\PSoC4/USBOutDMA.h **** {
 326:.\Generated_Source\PSoC4/USBOutDMA.h ****     CyDmaSetSrcAddress(USBOutDMA_CHANNEL, descriptor, srcAddress);
  89              		.loc 2 326 0
  90 001c 0220     		mov	r0, #2
  91 001e 0021     		mov	r1, #0
  92 0020 2A1C     		mov	r2, r5
  93 0022 FFF7FEFF 		bl	CyDmaSetSrcAddress
  94              	.LVL3:
ARM GAS  C:\Users\Terence\AppData\Local\Temp\ccW00jMa.s 			page 10


  95              	.LBE11:
  96              	.LBE10:
  97              	.LBB12:
  98              	.LBB13:
 327:.\Generated_Source\PSoC4/USBOutDMA.h **** }
 328:.\Generated_Source\PSoC4/USBOutDMA.h **** 
 329:.\Generated_Source\PSoC4/USBOutDMA.h **** 
 330:.\Generated_Source\PSoC4/USBOutDMA.h **** /*******************************************************************************
 331:.\Generated_Source\PSoC4/USBOutDMA.h **** * Function Name: USBOutDMA_GetSrcAddress
 332:.\Generated_Source\PSoC4/USBOutDMA.h **** ********************************************************************************
 333:.\Generated_Source\PSoC4/USBOutDMA.h **** *
 334:.\Generated_Source\PSoC4/USBOutDMA.h **** * Summary:
 335:.\Generated_Source\PSoC4/USBOutDMA.h **** *  Returns the source address for the specified descriptor, set by either 
 336:.\Generated_Source\PSoC4/USBOutDMA.h **** *  USBOutDMA_Start() or USBOutDMA_SetSrcAddress().
 337:.\Generated_Source\PSoC4/USBOutDMA.h **** *
 338:.\Generated_Source\PSoC4/USBOutDMA.h **** * Parameters:
 339:.\Generated_Source\PSoC4/USBOutDMA.h **** *  descriptor: Specifies descriptor (0 or 1) used by this function.
 340:.\Generated_Source\PSoC4/USBOutDMA.h **** *                   
 341:.\Generated_Source\PSoC4/USBOutDMA.h **** * Return:
 342:.\Generated_Source\PSoC4/USBOutDMA.h **** *  Source address written to specified descriptor.
 343:.\Generated_Source\PSoC4/USBOutDMA.h **** *
 344:.\Generated_Source\PSoC4/USBOutDMA.h **** *******************************************************************************/
 345:.\Generated_Source\PSoC4/USBOutDMA.h **** static CY_INLINE void * USBOutDMA_GetSrcAddress(int32 descriptor)
 346:.\Generated_Source\PSoC4/USBOutDMA.h **** {
 347:.\Generated_Source\PSoC4/USBOutDMA.h ****     return (CyDmaGetSrcAddress(USBOutDMA_CHANNEL, descriptor));
 348:.\Generated_Source\PSoC4/USBOutDMA.h **** }
 349:.\Generated_Source\PSoC4/USBOutDMA.h **** 
 350:.\Generated_Source\PSoC4/USBOutDMA.h **** 
 351:.\Generated_Source\PSoC4/USBOutDMA.h **** /*******************************************************************************
 352:.\Generated_Source\PSoC4/USBOutDMA.h **** * Function Name: USBOutDMA_SetDstAddress
 353:.\Generated_Source\PSoC4/USBOutDMA.h **** ********************************************************************************
 354:.\Generated_Source\PSoC4/USBOutDMA.h **** *
 355:.\Generated_Source\PSoC4/USBOutDMA.h **** * Summary:
 356:.\Generated_Source\PSoC4/USBOutDMA.h **** *  Configures the destination address for the specified descriptor.
 357:.\Generated_Source\PSoC4/USBOutDMA.h **** *
 358:.\Generated_Source\PSoC4/USBOutDMA.h **** * Parameters:
 359:.\Generated_Source\PSoC4/USBOutDMA.h **** *  descriptor: Descriptor (0 or 1) modified by this function.
 360:.\Generated_Source\PSoC4/USBOutDMA.h **** *  dstAddress: Address of DMA transfer destination.
 361:.\Generated_Source\PSoC4/USBOutDMA.h **** *                   
 362:.\Generated_Source\PSoC4/USBOutDMA.h **** * Return:
 363:.\Generated_Source\PSoC4/USBOutDMA.h **** *  None.
 364:.\Generated_Source\PSoC4/USBOutDMA.h **** *
 365:.\Generated_Source\PSoC4/USBOutDMA.h **** * Side effect:
 366:.\Generated_Source\PSoC4/USBOutDMA.h **** *  This function should not be called when the specified descriptor is active
 367:.\Generated_Source\PSoC4/USBOutDMA.h **** *  in the DMA transfer engine. This can be checked by calling CyDmaGetStatus(). 
 368:.\Generated_Source\PSoC4/USBOutDMA.h **** *
 369:.\Generated_Source\PSoC4/USBOutDMA.h **** *******************************************************************************/
 370:.\Generated_Source\PSoC4/USBOutDMA.h **** static CY_INLINE void USBOutDMA_SetDstAddress(int32 descriptor, void * dstAddress)
 371:.\Generated_Source\PSoC4/USBOutDMA.h **** {
 372:.\Generated_Source\PSoC4/USBOutDMA.h ****     CyDmaSetDstAddress(USBOutDMA_CHANNEL, descriptor, dstAddress);
  99              		.loc 2 372 0
 100 0026 0220     		mov	r0, #2
 101 0028 0021     		mov	r1, #0
 102 002a 221C     		mov	r2, r4
 103 002c FFF7FEFF 		bl	CyDmaSetDstAddress
 104              	.LVL4:
 105              	.LBE13:
ARM GAS  C:\Users\Terence\AppData\Local\Temp\ccW00jMa.s 			page 11


 106              	.LBE12:
 107              	.LBB14:
 108              	.LBB15:
 279:.\Generated_Source\PSoC4/USBOutDMA.h **** }
 109              		.loc 2 279 0
 110 0030 0220     		mov	r0, #2
 111 0032 0021     		mov	r1, #0
 112 0034 FFF7FEFF 		bl	CyDmaValidateDescriptor
 113              	.LVL5:
 114              	.LBE15:
 115              	.LBE14:
 116              	.LBB16:
 117              	.LBB17:
  96:.\Generated_Source\PSoC4/USBOutDMA.h **** }
 118              		.loc 2 96 0
 119 0038 0220     		mov	r0, #2
 120 003a FFF7FEFF 		bl	CyDmaChEnable
 121              	.LVL6:
 122              	.LBE17:
 123              	.LBE16:
  51:.\Generated_Source\PSoC4/USBOutDMA.c **** 
 124              		.loc 1 51 0
 125              		@ sp needed
 126              	.LVL7:
 127              	.LVL8:
 128 003e 38BD     		pop	{r3, r4, r5, pc}
 129              	.L7:
 130              		.align	2
 131              	.L6:
 132 0040 00000000 		.word	.LANCHOR0
 133              		.cfi_endproc
 134              	.LFE32:
 135              		.size	USBOutDMA_Start, .-USBOutDMA_Start
 136              		.global	USBOutDMA_initVar
 137              		.bss
 138              		.set	.LANCHOR0,. + 0
 139              		.type	USBOutDMA_initVar, %object
 140              		.size	USBOutDMA_initVar, 1
 141              	USBOutDMA_initVar:
 142 0000 00       		.space	1
 143              		.text
 144              	.Letext0:
 145              		.file 3 ".\\Generated_Source\\PSoC4\\cytypes.h"
 146              		.file 4 ".\\Generated_Source\\PSoC4\\CyDMA.h"
 147              		.section	.debug_info,"",%progbits
 148              	.Ldebug_info0:
 149 0000 5A030000 		.4byte	0x35a
 150 0004 0400     		.2byte	0x4
 151 0006 00000000 		.4byte	.Ldebug_abbrev0
 152 000a 04       		.byte	0x4
 153 000b 01       		.uleb128 0x1
 154 000c 12010000 		.4byte	.LASF30
 155 0010 01       		.byte	0x1
 156 0011 B9000000 		.4byte	.LASF31
 157 0015 5D020000 		.4byte	.LASF32
 158 0019 00000000 		.4byte	.Ldebug_ranges0+0
 159 001d 00000000 		.4byte	0
ARM GAS  C:\Users\Terence\AppData\Local\Temp\ccW00jMa.s 			page 12


 160 0021 00000000 		.4byte	.Ldebug_line0
 161 0025 02       		.uleb128 0x2
 162 0026 01       		.byte	0x1
 163 0027 06       		.byte	0x6
 164 0028 DA010000 		.4byte	.LASF0
 165 002c 02       		.uleb128 0x2
 166 002d 01       		.byte	0x1
 167 002e 08       		.byte	0x8
 168 002f CC010000 		.4byte	.LASF1
 169 0033 02       		.uleb128 0x2
 170 0034 02       		.byte	0x2
 171 0035 05       		.byte	0x5
 172 0036 4E000000 		.4byte	.LASF2
 173 003a 02       		.uleb128 0x2
 174 003b 02       		.byte	0x2
 175 003c 07       		.byte	0x7
 176 003d 0A020000 		.4byte	.LASF3
 177 0041 02       		.uleb128 0x2
 178 0042 04       		.byte	0x4
 179 0043 05       		.byte	0x5
 180 0044 F6000000 		.4byte	.LASF4
 181 0048 02       		.uleb128 0x2
 182 0049 04       		.byte	0x4
 183 004a 07       		.byte	0x7
 184 004b 00030000 		.4byte	.LASF5
 185 004f 02       		.uleb128 0x2
 186 0050 08       		.byte	0x8
 187 0051 05       		.byte	0x5
 188 0052 AB000000 		.4byte	.LASF6
 189 0056 02       		.uleb128 0x2
 190 0057 08       		.byte	0x8
 191 0058 07       		.byte	0x7
 192 0059 E6010000 		.4byte	.LASF7
 193 005d 03       		.uleb128 0x3
 194 005e 04       		.byte	0x4
 195 005f 05       		.byte	0x5
 196 0060 696E7400 		.ascii	"int\000"
 197 0064 02       		.uleb128 0x2
 198 0065 04       		.byte	0x4
 199 0066 07       		.byte	0x7
 200 0067 FD010000 		.4byte	.LASF8
 201 006b 04       		.uleb128 0x4
 202 006c 9F000000 		.4byte	.LASF9
 203 0070 03       		.byte	0x3
 204 0071 3801     		.2byte	0x138
 205 0073 2C000000 		.4byte	0x2c
 206 0077 04       		.uleb128 0x4
 207 0078 F9020000 		.4byte	.LASF10
 208 007c 03       		.byte	0x3
 209 007d 3A01     		.2byte	0x13a
 210 007f 48000000 		.4byte	0x48
 211 0083 04       		.uleb128 0x4
 212 0084 12030000 		.4byte	.LASF11
 213 0088 03       		.byte	0x3
 214 0089 3D01     		.2byte	0x13d
 215 008b 41000000 		.4byte	0x41
 216 008f 02       		.uleb128 0x2
ARM GAS  C:\Users\Terence\AppData\Local\Temp\ccW00jMa.s 			page 13


 217 0090 04       		.byte	0x4
 218 0091 04       		.byte	0x4
 219 0092 A5000000 		.4byte	.LASF12
 220 0096 02       		.uleb128 0x2
 221 0097 08       		.byte	0x8
 222 0098 04       		.byte	0x4
 223 0099 18030000 		.4byte	.LASF13
 224 009d 02       		.uleb128 0x2
 225 009e 01       		.byte	0x1
 226 009f 08       		.byte	0x8
 227 00a0 40020000 		.4byte	.LASF14
 228 00a4 05       		.uleb128 0x5
 229 00a5 80       		.byte	0x80
 230 00a6 04       		.byte	0x4
 231 00a7 26       		.byte	0x26
 232 00a8 B9000000 		.4byte	0xb9
 233 00ac 06       		.uleb128 0x6
 234 00ad 63746C00 		.ascii	"ctl\000"
 235 00b1 04       		.byte	0x4
 236 00b2 28       		.byte	0x28
 237 00b3 B9000000 		.4byte	0xb9
 238 00b7 00       		.byte	0
 239 00b8 00       		.byte	0
 240 00b9 07       		.uleb128 0x7
 241 00ba 77000000 		.4byte	0x77
 242 00be C9000000 		.4byte	0xc9
 243 00c2 08       		.uleb128 0x8
 244 00c3 C9000000 		.4byte	0xc9
 245 00c7 1F       		.byte	0x1f
 246 00c8 00       		.byte	0
 247 00c9 02       		.uleb128 0x2
 248 00ca 04       		.byte	0x4
 249 00cb 07       		.byte	0x7
 250 00cc 58000000 		.4byte	.LASF15
 251 00d0 09       		.uleb128 0x9
 252 00d1 86000000 		.4byte	.LASF16
 253 00d5 04       		.byte	0x4
 254 00d6 29       		.byte	0x29
 255 00d7 A4000000 		.4byte	0xa4
 256 00db 05       		.uleb128 0x5
 257 00dc 10       		.byte	0x10
 258 00dd 04       		.byte	0x4
 259 00de 2C       		.byte	0x2c
 260 00df 14010000 		.4byte	0x114
 261 00e3 06       		.uleb128 0x6
 262 00e4 73726300 		.ascii	"src\000"
 263 00e8 04       		.byte	0x4
 264 00e9 2E       		.byte	0x2e
 265 00ea 14010000 		.4byte	0x114
 266 00ee 00       		.byte	0
 267 00ef 06       		.uleb128 0x6
 268 00f0 64737400 		.ascii	"dst\000"
 269 00f4 04       		.byte	0x4
 270 00f5 2F       		.byte	0x2f
 271 00f6 14010000 		.4byte	0x114
 272 00fa 04       		.byte	0x4
 273 00fb 06       		.uleb128 0x6
ARM GAS  C:\Users\Terence\AppData\Local\Temp\ccW00jMa.s 			page 14


 274 00fc 63746C00 		.ascii	"ctl\000"
 275 0100 04       		.byte	0x4
 276 0101 30       		.byte	0x30
 277 0102 77000000 		.4byte	0x77
 278 0106 08       		.byte	0x8
 279 0107 0A       		.uleb128 0xa
 280 0108 1D020000 		.4byte	.LASF17
 281 010c 04       		.byte	0x4
 282 010d 31       		.byte	0x31
 283 010e 77000000 		.4byte	0x77
 284 0112 0C       		.byte	0xc
 285 0113 00       		.byte	0
 286 0114 0B       		.uleb128 0xb
 287 0115 04       		.byte	0x4
 288 0116 09       		.uleb128 0x9
 289 0117 45020000 		.4byte	.LASF18
 290 011b 04       		.byte	0x4
 291 011c 32       		.byte	0x32
 292 011d DB000000 		.4byte	0xdb
 293 0121 0C       		.uleb128 0xc
 294 0122 0004     		.2byte	0x400
 295 0124 04       		.byte	0x4
 296 0125 38       		.byte	0x38
 297 0126 37010000 		.4byte	0x137
 298 012a 0A       		.uleb128 0xa
 299 012b 49030000 		.4byte	.LASF19
 300 012f 04       		.byte	0x4
 301 0130 3A       		.byte	0x3a
 302 0131 37010000 		.4byte	0x137
 303 0135 00       		.byte	0
 304 0136 00       		.byte	0
 305 0137 07       		.uleb128 0x7
 306 0138 16010000 		.4byte	0x116
 307 013c 4D010000 		.4byte	0x14d
 308 0140 08       		.uleb128 0x8
 309 0141 C9000000 		.4byte	0xc9
 310 0145 1F       		.byte	0x1f
 311 0146 08       		.uleb128 0x8
 312 0147 C9000000 		.4byte	0xc9
 313 014b 01       		.byte	0x1
 314 014c 00       		.byte	0
 315 014d 09       		.uleb128 0x9
 316 014e 24020000 		.4byte	.LASF20
 317 0152 04       		.byte	0x4
 318 0153 3B       		.byte	0x3b
 319 0154 21010000 		.4byte	0x121
 320 0158 0D       		.uleb128 0xd
 321 0159 00000000 		.4byte	.LASF22
 322 015d 02       		.byte	0x2
 323 015e 4401     		.2byte	0x144
 324 0160 03       		.byte	0x3
 325 0161 7E010000 		.4byte	0x17e
 326 0165 0E       		.uleb128 0xe
 327 0166 49030000 		.4byte	.LASF19
 328 016a 02       		.byte	0x2
 329 016b 4401     		.2byte	0x144
 330 016d 83000000 		.4byte	0x83
ARM GAS  C:\Users\Terence\AppData\Local\Temp\ccW00jMa.s 			page 15


 331 0171 0E       		.uleb128 0xe
 332 0172 EE020000 		.4byte	.LASF21
 333 0176 02       		.byte	0x2
 334 0177 4401     		.2byte	0x144
 335 0179 14010000 		.4byte	0x114
 336 017d 00       		.byte	0
 337 017e 0D       		.uleb128 0xd
 338 017f DE000000 		.4byte	.LASF23
 339 0183 02       		.byte	0x2
 340 0184 7201     		.2byte	0x172
 341 0186 03       		.byte	0x3
 342 0187 A4010000 		.4byte	0x1a4
 343 018b 0E       		.uleb128 0xe
 344 018c 49030000 		.4byte	.LASF19
 345 0190 02       		.byte	0x2
 346 0191 7201     		.2byte	0x172
 347 0193 83000000 		.4byte	0x83
 348 0197 0E       		.uleb128 0xe
 349 0198 18000000 		.4byte	.LASF24
 350 019c 02       		.byte	0x2
 351 019d 7201     		.2byte	0x172
 352 019f 14010000 		.4byte	0x114
 353 01a3 00       		.byte	0
 354 01a4 0D       		.uleb128 0xd
 355 01a5 A0010000 		.4byte	.LASF25
 356 01a9 02       		.byte	0x2
 357 01aa 1501     		.2byte	0x115
 358 01ac 03       		.byte	0x3
 359 01ad BE010000 		.4byte	0x1be
 360 01b1 0E       		.uleb128 0xe
 361 01b2 49030000 		.4byte	.LASF19
 362 01b6 02       		.byte	0x2
 363 01b7 1501     		.2byte	0x115
 364 01b9 83000000 		.4byte	0x83
 365 01bd 00       		.byte	0
 366 01be 0F       		.uleb128 0xf
 367 01bf 73000000 		.4byte	.LASF33
 368 01c3 02       		.byte	0x2
 369 01c4 5E       		.byte	0x5e
 370 01c5 03       		.byte	0x3
 371 01c6 10       		.uleb128 0x10
 372 01c7 BD010000 		.4byte	.LASF34
 373 01cb 01       		.byte	0x1
 374 01cc 4C       		.byte	0x4c
 375 01cd 00000000 		.4byte	.LFB33
 376 01d1 20000000 		.4byte	.LFE33-.LFB33
 377 01d5 01       		.uleb128 0x1
 378 01d6 9C       		.byte	0x9c
 379 01d7 11       		.uleb128 0x11
 380 01d8 1F030000 		.4byte	.LASF35
 381 01dc 01       		.byte	0x1
 382 01dd 27       		.byte	0x27
 383 01de 00000000 		.4byte	.LFB32
 384 01e2 44000000 		.4byte	.LFE32-.LFB32
 385 01e6 01       		.uleb128 0x1
 386 01e7 9C       		.byte	0x9c
 387 01e8 E8020000 		.4byte	0x2e8
ARM GAS  C:\Users\Terence\AppData\Local\Temp\ccW00jMa.s 			page 16


 388 01ec 12       		.uleb128 0x12
 389 01ed EE020000 		.4byte	.LASF21
 390 01f1 01       		.byte	0x1
 391 01f2 27       		.byte	0x27
 392 01f3 14010000 		.4byte	0x114
 393 01f7 00000000 		.4byte	.LLST0
 394 01fb 12       		.uleb128 0x12
 395 01fc 18000000 		.4byte	.LASF24
 396 0200 01       		.byte	0x1
 397 0201 27       		.byte	0x27
 398 0202 14010000 		.4byte	0x114
 399 0206 2C000000 		.4byte	.LLST1
 400 020a 13       		.uleb128 0x13
 401 020b 58010000 		.4byte	0x158
 402 020f 1C000000 		.4byte	.LBB10
 403 0213 0A000000 		.4byte	.LBE10-.LBB10
 404 0217 01       		.byte	0x1
 405 0218 2F       		.byte	0x2f
 406 0219 47020000 		.4byte	0x247
 407 021d 14       		.uleb128 0x14
 408 021e 71010000 		.4byte	0x171
 409 0222 58000000 		.4byte	.LLST2
 410 0226 15       		.uleb128 0x15
 411 0227 65010000 		.4byte	0x165
 412 022b 00       		.byte	0
 413 022c 16       		.uleb128 0x16
 414 022d 26000000 		.4byte	.LVL3
 415 0231 F9020000 		.4byte	0x2f9
 416 0235 17       		.uleb128 0x17
 417 0236 01       		.uleb128 0x1
 418 0237 52       		.byte	0x52
 419 0238 02       		.uleb128 0x2
 420 0239 75       		.byte	0x75
 421 023a 00       		.sleb128 0
 422 023b 17       		.uleb128 0x17
 423 023c 01       		.uleb128 0x1
 424 023d 51       		.byte	0x51
 425 023e 01       		.uleb128 0x1
 426 023f 30       		.byte	0x30
 427 0240 17       		.uleb128 0x17
 428 0241 01       		.uleb128 0x1
 429 0242 50       		.byte	0x50
 430 0243 01       		.uleb128 0x1
 431 0244 32       		.byte	0x32
 432 0245 00       		.byte	0
 433 0246 00       		.byte	0
 434 0247 13       		.uleb128 0x13
 435 0248 7E010000 		.4byte	0x17e
 436 024c 26000000 		.4byte	.LBB12
 437 0250 0A000000 		.4byte	.LBE12-.LBB12
 438 0254 01       		.byte	0x1
 439 0255 30       		.byte	0x30
 440 0256 84020000 		.4byte	0x284
 441 025a 14       		.uleb128 0x14
 442 025b 97010000 		.4byte	0x197
 443 025f 79000000 		.4byte	.LLST3
 444 0263 15       		.uleb128 0x15
ARM GAS  C:\Users\Terence\AppData\Local\Temp\ccW00jMa.s 			page 17


 445 0264 8B010000 		.4byte	0x18b
 446 0268 00       		.byte	0
 447 0269 16       		.uleb128 0x16
 448 026a 30000000 		.4byte	.LVL4
 449 026e 14030000 		.4byte	0x314
 450 0272 17       		.uleb128 0x17
 451 0273 01       		.uleb128 0x1
 452 0274 52       		.byte	0x52
 453 0275 02       		.uleb128 0x2
 454 0276 74       		.byte	0x74
 455 0277 00       		.sleb128 0
 456 0278 17       		.uleb128 0x17
 457 0279 01       		.uleb128 0x1
 458 027a 51       		.byte	0x51
 459 027b 01       		.uleb128 0x1
 460 027c 30       		.byte	0x30
 461 027d 17       		.uleb128 0x17
 462 027e 01       		.uleb128 0x1
 463 027f 50       		.byte	0x50
 464 0280 01       		.uleb128 0x1
 465 0281 32       		.byte	0x32
 466 0282 00       		.byte	0
 467 0283 00       		.byte	0
 468 0284 13       		.uleb128 0x13
 469 0285 A4010000 		.4byte	0x1a4
 470 0289 30000000 		.4byte	.LBB14
 471 028d 08000000 		.4byte	.LBE14-.LBB14
 472 0291 01       		.byte	0x1
 473 0292 31       		.byte	0x31
 474 0293 B2020000 		.4byte	0x2b2
 475 0297 15       		.uleb128 0x15
 476 0298 B1010000 		.4byte	0x1b1
 477 029c 00       		.byte	0
 478 029d 16       		.uleb128 0x16
 479 029e 38000000 		.4byte	.LVL5
 480 02a2 2F030000 		.4byte	0x32f
 481 02a6 17       		.uleb128 0x17
 482 02a7 01       		.uleb128 0x1
 483 02a8 51       		.byte	0x51
 484 02a9 01       		.uleb128 0x1
 485 02aa 30       		.byte	0x30
 486 02ab 17       		.uleb128 0x17
 487 02ac 01       		.uleb128 0x1
 488 02ad 50       		.byte	0x50
 489 02ae 01       		.uleb128 0x1
 490 02af 32       		.byte	0x32
 491 02b0 00       		.byte	0
 492 02b1 00       		.byte	0
 493 02b2 13       		.uleb128 0x13
 494 02b3 BE010000 		.4byte	0x1be
 495 02b7 38000000 		.4byte	.LBB16
 496 02bb 06000000 		.4byte	.LBE16-.LBB16
 497 02bf 01       		.byte	0x1
 498 02c0 32       		.byte	0x32
 499 02c1 D5020000 		.4byte	0x2d5
 500 02c5 16       		.uleb128 0x16
 501 02c6 3E000000 		.4byte	.LVL6
ARM GAS  C:\Users\Terence\AppData\Local\Temp\ccW00jMa.s 			page 18


 502 02ca 45030000 		.4byte	0x345
 503 02ce 17       		.uleb128 0x17
 504 02cf 01       		.uleb128 0x1
 505 02d0 50       		.byte	0x50
 506 02d1 01       		.uleb128 0x1
 507 02d2 32       		.byte	0x32
 508 02d3 00       		.byte	0
 509 02d4 00       		.byte	0
 510 02d5 18       		.uleb128 0x18
 511 02d6 12000000 		.4byte	.LVL1
 512 02da C6010000 		.4byte	0x1c6
 513 02de 18       		.uleb128 0x18
 514 02df 1C000000 		.4byte	.LVL2
 515 02e3 56030000 		.4byte	0x356
 516 02e7 00       		.byte	0
 517 02e8 19       		.uleb128 0x19
 518 02e9 61000000 		.4byte	.LASF36
 519 02ed 01       		.byte	0x1
 520 02ee 11       		.byte	0x11
 521 02ef 6B000000 		.4byte	0x6b
 522 02f3 05       		.uleb128 0x5
 523 02f4 03       		.byte	0x3
 524 02f5 00000000 		.4byte	USBOutDMA_initVar
 525 02f9 1A       		.uleb128 0x1a
 526 02fa 3B000000 		.4byte	.LASF26
 527 02fe 04       		.byte	0x4
 528 02ff 93       		.byte	0x93
 529 0300 14030000 		.4byte	0x314
 530 0304 1B       		.uleb128 0x1b
 531 0305 83000000 		.4byte	0x83
 532 0309 1B       		.uleb128 0x1b
 533 030a 83000000 		.4byte	0x83
 534 030e 1B       		.uleb128 0x1b
 535 030f 14010000 		.4byte	0x114
 536 0313 00       		.byte	0
 537 0314 1A       		.uleb128 0x1a
 538 0315 FF000000 		.4byte	.LASF27
 539 0319 04       		.byte	0x4
 540 031a 96       		.byte	0x96
 541 031b 2F030000 		.4byte	0x32f
 542 031f 1B       		.uleb128 0x1b
 543 0320 83000000 		.4byte	0x83
 544 0324 1B       		.uleb128 0x1b
 545 0325 83000000 		.4byte	0x83
 546 0329 1B       		.uleb128 0x1b
 547 032a 14010000 		.4byte	0x114
 548 032e 00       		.byte	0
 549 032f 1A       		.uleb128 0x1a
 550 0330 23000000 		.4byte	.LASF28
 551 0334 04       		.byte	0x4
 552 0335 8F       		.byte	0x8f
 553 0336 45030000 		.4byte	0x345
 554 033a 1B       		.uleb128 0x1b
 555 033b 83000000 		.4byte	0x83
 556 033f 1B       		.uleb128 0x1b
 557 0340 83000000 		.4byte	0x83
 558 0344 00       		.byte	0
ARM GAS  C:\Users\Terence\AppData\Local\Temp\ccW00jMa.s 			page 19


 559 0345 1A       		.uleb128 0x1a
 560 0346 2F030000 		.4byte	.LASF29
 561 034a 04       		.byte	0x4
 562 034b 82       		.byte	0x82
 563 034c 56030000 		.4byte	0x356
 564 0350 1B       		.uleb128 0x1b
 565 0351 83000000 		.4byte	0x83
 566 0355 00       		.byte	0
 567 0356 1C       		.uleb128 0x1c
 568 0357 3D030000 		.4byte	.LASF37
 569 035b 04       		.byte	0x4
 570 035c 6D       		.byte	0x6d
 571 035d 00       		.byte	0
 572              		.section	.debug_abbrev,"",%progbits
 573              	.Ldebug_abbrev0:
 574 0000 01       		.uleb128 0x1
 575 0001 11       		.uleb128 0x11
 576 0002 01       		.byte	0x1
 577 0003 25       		.uleb128 0x25
 578 0004 0E       		.uleb128 0xe
 579 0005 13       		.uleb128 0x13
 580 0006 0B       		.uleb128 0xb
 581 0007 03       		.uleb128 0x3
 582 0008 0E       		.uleb128 0xe
 583 0009 1B       		.uleb128 0x1b
 584 000a 0E       		.uleb128 0xe
 585 000b 55       		.uleb128 0x55
 586 000c 17       		.uleb128 0x17
 587 000d 11       		.uleb128 0x11
 588 000e 01       		.uleb128 0x1
 589 000f 10       		.uleb128 0x10
 590 0010 17       		.uleb128 0x17
 591 0011 00       		.byte	0
 592 0012 00       		.byte	0
 593 0013 02       		.uleb128 0x2
 594 0014 24       		.uleb128 0x24
 595 0015 00       		.byte	0
 596 0016 0B       		.uleb128 0xb
 597 0017 0B       		.uleb128 0xb
 598 0018 3E       		.uleb128 0x3e
 599 0019 0B       		.uleb128 0xb
 600 001a 03       		.uleb128 0x3
 601 001b 0E       		.uleb128 0xe
 602 001c 00       		.byte	0
 603 001d 00       		.byte	0
 604 001e 03       		.uleb128 0x3
 605 001f 24       		.uleb128 0x24
 606 0020 00       		.byte	0
 607 0021 0B       		.uleb128 0xb
 608 0022 0B       		.uleb128 0xb
 609 0023 3E       		.uleb128 0x3e
 610 0024 0B       		.uleb128 0xb
 611 0025 03       		.uleb128 0x3
 612 0026 08       		.uleb128 0x8
 613 0027 00       		.byte	0
 614 0028 00       		.byte	0
 615 0029 04       		.uleb128 0x4
ARM GAS  C:\Users\Terence\AppData\Local\Temp\ccW00jMa.s 			page 20


 616 002a 16       		.uleb128 0x16
 617 002b 00       		.byte	0
 618 002c 03       		.uleb128 0x3
 619 002d 0E       		.uleb128 0xe
 620 002e 3A       		.uleb128 0x3a
 621 002f 0B       		.uleb128 0xb
 622 0030 3B       		.uleb128 0x3b
 623 0031 05       		.uleb128 0x5
 624 0032 49       		.uleb128 0x49
 625 0033 13       		.uleb128 0x13
 626 0034 00       		.byte	0
 627 0035 00       		.byte	0
 628 0036 05       		.uleb128 0x5
 629 0037 13       		.uleb128 0x13
 630 0038 01       		.byte	0x1
 631 0039 0B       		.uleb128 0xb
 632 003a 0B       		.uleb128 0xb
 633 003b 3A       		.uleb128 0x3a
 634 003c 0B       		.uleb128 0xb
 635 003d 3B       		.uleb128 0x3b
 636 003e 0B       		.uleb128 0xb
 637 003f 01       		.uleb128 0x1
 638 0040 13       		.uleb128 0x13
 639 0041 00       		.byte	0
 640 0042 00       		.byte	0
 641 0043 06       		.uleb128 0x6
 642 0044 0D       		.uleb128 0xd
 643 0045 00       		.byte	0
 644 0046 03       		.uleb128 0x3
 645 0047 08       		.uleb128 0x8
 646 0048 3A       		.uleb128 0x3a
 647 0049 0B       		.uleb128 0xb
 648 004a 3B       		.uleb128 0x3b
 649 004b 0B       		.uleb128 0xb
 650 004c 49       		.uleb128 0x49
 651 004d 13       		.uleb128 0x13
 652 004e 38       		.uleb128 0x38
 653 004f 0B       		.uleb128 0xb
 654 0050 00       		.byte	0
 655 0051 00       		.byte	0
 656 0052 07       		.uleb128 0x7
 657 0053 01       		.uleb128 0x1
 658 0054 01       		.byte	0x1
 659 0055 49       		.uleb128 0x49
 660 0056 13       		.uleb128 0x13
 661 0057 01       		.uleb128 0x1
 662 0058 13       		.uleb128 0x13
 663 0059 00       		.byte	0
 664 005a 00       		.byte	0
 665 005b 08       		.uleb128 0x8
 666 005c 21       		.uleb128 0x21
 667 005d 00       		.byte	0
 668 005e 49       		.uleb128 0x49
 669 005f 13       		.uleb128 0x13
 670 0060 2F       		.uleb128 0x2f
 671 0061 0B       		.uleb128 0xb
 672 0062 00       		.byte	0
ARM GAS  C:\Users\Terence\AppData\Local\Temp\ccW00jMa.s 			page 21


 673 0063 00       		.byte	0
 674 0064 09       		.uleb128 0x9
 675 0065 16       		.uleb128 0x16
 676 0066 00       		.byte	0
 677 0067 03       		.uleb128 0x3
 678 0068 0E       		.uleb128 0xe
 679 0069 3A       		.uleb128 0x3a
 680 006a 0B       		.uleb128 0xb
 681 006b 3B       		.uleb128 0x3b
 682 006c 0B       		.uleb128 0xb
 683 006d 49       		.uleb128 0x49
 684 006e 13       		.uleb128 0x13
 685 006f 00       		.byte	0
 686 0070 00       		.byte	0
 687 0071 0A       		.uleb128 0xa
 688 0072 0D       		.uleb128 0xd
 689 0073 00       		.byte	0
 690 0074 03       		.uleb128 0x3
 691 0075 0E       		.uleb128 0xe
 692 0076 3A       		.uleb128 0x3a
 693 0077 0B       		.uleb128 0xb
 694 0078 3B       		.uleb128 0x3b
 695 0079 0B       		.uleb128 0xb
 696 007a 49       		.uleb128 0x49
 697 007b 13       		.uleb128 0x13
 698 007c 38       		.uleb128 0x38
 699 007d 0B       		.uleb128 0xb
 700 007e 00       		.byte	0
 701 007f 00       		.byte	0
 702 0080 0B       		.uleb128 0xb
 703 0081 0F       		.uleb128 0xf
 704 0082 00       		.byte	0
 705 0083 0B       		.uleb128 0xb
 706 0084 0B       		.uleb128 0xb
 707 0085 00       		.byte	0
 708 0086 00       		.byte	0
 709 0087 0C       		.uleb128 0xc
 710 0088 13       		.uleb128 0x13
 711 0089 01       		.byte	0x1
 712 008a 0B       		.uleb128 0xb
 713 008b 05       		.uleb128 0x5
 714 008c 3A       		.uleb128 0x3a
 715 008d 0B       		.uleb128 0xb
 716 008e 3B       		.uleb128 0x3b
 717 008f 0B       		.uleb128 0xb
 718 0090 01       		.uleb128 0x1
 719 0091 13       		.uleb128 0x13
 720 0092 00       		.byte	0
 721 0093 00       		.byte	0
 722 0094 0D       		.uleb128 0xd
 723 0095 2E       		.uleb128 0x2e
 724 0096 01       		.byte	0x1
 725 0097 03       		.uleb128 0x3
 726 0098 0E       		.uleb128 0xe
 727 0099 3A       		.uleb128 0x3a
 728 009a 0B       		.uleb128 0xb
 729 009b 3B       		.uleb128 0x3b
ARM GAS  C:\Users\Terence\AppData\Local\Temp\ccW00jMa.s 			page 22


 730 009c 05       		.uleb128 0x5
 731 009d 27       		.uleb128 0x27
 732 009e 19       		.uleb128 0x19
 733 009f 20       		.uleb128 0x20
 734 00a0 0B       		.uleb128 0xb
 735 00a1 01       		.uleb128 0x1
 736 00a2 13       		.uleb128 0x13
 737 00a3 00       		.byte	0
 738 00a4 00       		.byte	0
 739 00a5 0E       		.uleb128 0xe
 740 00a6 05       		.uleb128 0x5
 741 00a7 00       		.byte	0
 742 00a8 03       		.uleb128 0x3
 743 00a9 0E       		.uleb128 0xe
 744 00aa 3A       		.uleb128 0x3a
 745 00ab 0B       		.uleb128 0xb
 746 00ac 3B       		.uleb128 0x3b
 747 00ad 05       		.uleb128 0x5
 748 00ae 49       		.uleb128 0x49
 749 00af 13       		.uleb128 0x13
 750 00b0 00       		.byte	0
 751 00b1 00       		.byte	0
 752 00b2 0F       		.uleb128 0xf
 753 00b3 2E       		.uleb128 0x2e
 754 00b4 00       		.byte	0
 755 00b5 03       		.uleb128 0x3
 756 00b6 0E       		.uleb128 0xe
 757 00b7 3A       		.uleb128 0x3a
 758 00b8 0B       		.uleb128 0xb
 759 00b9 3B       		.uleb128 0x3b
 760 00ba 0B       		.uleb128 0xb
 761 00bb 27       		.uleb128 0x27
 762 00bc 19       		.uleb128 0x19
 763 00bd 20       		.uleb128 0x20
 764 00be 0B       		.uleb128 0xb
 765 00bf 00       		.byte	0
 766 00c0 00       		.byte	0
 767 00c1 10       		.uleb128 0x10
 768 00c2 2E       		.uleb128 0x2e
 769 00c3 00       		.byte	0
 770 00c4 3F       		.uleb128 0x3f
 771 00c5 19       		.uleb128 0x19
 772 00c6 03       		.uleb128 0x3
 773 00c7 0E       		.uleb128 0xe
 774 00c8 3A       		.uleb128 0x3a
 775 00c9 0B       		.uleb128 0xb
 776 00ca 3B       		.uleb128 0x3b
 777 00cb 0B       		.uleb128 0xb
 778 00cc 27       		.uleb128 0x27
 779 00cd 19       		.uleb128 0x19
 780 00ce 11       		.uleb128 0x11
 781 00cf 01       		.uleb128 0x1
 782 00d0 12       		.uleb128 0x12
 783 00d1 06       		.uleb128 0x6
 784 00d2 40       		.uleb128 0x40
 785 00d3 18       		.uleb128 0x18
 786 00d4 9742     		.uleb128 0x2117
ARM GAS  C:\Users\Terence\AppData\Local\Temp\ccW00jMa.s 			page 23


 787 00d6 19       		.uleb128 0x19
 788 00d7 00       		.byte	0
 789 00d8 00       		.byte	0
 790 00d9 11       		.uleb128 0x11
 791 00da 2E       		.uleb128 0x2e
 792 00db 01       		.byte	0x1
 793 00dc 3F       		.uleb128 0x3f
 794 00dd 19       		.uleb128 0x19
 795 00de 03       		.uleb128 0x3
 796 00df 0E       		.uleb128 0xe
 797 00e0 3A       		.uleb128 0x3a
 798 00e1 0B       		.uleb128 0xb
 799 00e2 3B       		.uleb128 0x3b
 800 00e3 0B       		.uleb128 0xb
 801 00e4 27       		.uleb128 0x27
 802 00e5 19       		.uleb128 0x19
 803 00e6 11       		.uleb128 0x11
 804 00e7 01       		.uleb128 0x1
 805 00e8 12       		.uleb128 0x12
 806 00e9 06       		.uleb128 0x6
 807 00ea 40       		.uleb128 0x40
 808 00eb 18       		.uleb128 0x18
 809 00ec 9742     		.uleb128 0x2117
 810 00ee 19       		.uleb128 0x19
 811 00ef 01       		.uleb128 0x1
 812 00f0 13       		.uleb128 0x13
 813 00f1 00       		.byte	0
 814 00f2 00       		.byte	0
 815 00f3 12       		.uleb128 0x12
 816 00f4 05       		.uleb128 0x5
 817 00f5 00       		.byte	0
 818 00f6 03       		.uleb128 0x3
 819 00f7 0E       		.uleb128 0xe
 820 00f8 3A       		.uleb128 0x3a
 821 00f9 0B       		.uleb128 0xb
 822 00fa 3B       		.uleb128 0x3b
 823 00fb 0B       		.uleb128 0xb
 824 00fc 49       		.uleb128 0x49
 825 00fd 13       		.uleb128 0x13
 826 00fe 02       		.uleb128 0x2
 827 00ff 17       		.uleb128 0x17
 828 0100 00       		.byte	0
 829 0101 00       		.byte	0
 830 0102 13       		.uleb128 0x13
 831 0103 1D       		.uleb128 0x1d
 832 0104 01       		.byte	0x1
 833 0105 31       		.uleb128 0x31
 834 0106 13       		.uleb128 0x13
 835 0107 11       		.uleb128 0x11
 836 0108 01       		.uleb128 0x1
 837 0109 12       		.uleb128 0x12
 838 010a 06       		.uleb128 0x6
 839 010b 58       		.uleb128 0x58
 840 010c 0B       		.uleb128 0xb
 841 010d 59       		.uleb128 0x59
 842 010e 0B       		.uleb128 0xb
 843 010f 01       		.uleb128 0x1
ARM GAS  C:\Users\Terence\AppData\Local\Temp\ccW00jMa.s 			page 24


 844 0110 13       		.uleb128 0x13
 845 0111 00       		.byte	0
 846 0112 00       		.byte	0
 847 0113 14       		.uleb128 0x14
 848 0114 05       		.uleb128 0x5
 849 0115 00       		.byte	0
 850 0116 31       		.uleb128 0x31
 851 0117 13       		.uleb128 0x13
 852 0118 02       		.uleb128 0x2
 853 0119 17       		.uleb128 0x17
 854 011a 00       		.byte	0
 855 011b 00       		.byte	0
 856 011c 15       		.uleb128 0x15
 857 011d 05       		.uleb128 0x5
 858 011e 00       		.byte	0
 859 011f 31       		.uleb128 0x31
 860 0120 13       		.uleb128 0x13
 861 0121 1C       		.uleb128 0x1c
 862 0122 0B       		.uleb128 0xb
 863 0123 00       		.byte	0
 864 0124 00       		.byte	0
 865 0125 16       		.uleb128 0x16
 866 0126 898201   		.uleb128 0x4109
 867 0129 01       		.byte	0x1
 868 012a 11       		.uleb128 0x11
 869 012b 01       		.uleb128 0x1
 870 012c 31       		.uleb128 0x31
 871 012d 13       		.uleb128 0x13
 872 012e 00       		.byte	0
 873 012f 00       		.byte	0
 874 0130 17       		.uleb128 0x17
 875 0131 8A8201   		.uleb128 0x410a
 876 0134 00       		.byte	0
 877 0135 02       		.uleb128 0x2
 878 0136 18       		.uleb128 0x18
 879 0137 9142     		.uleb128 0x2111
 880 0139 18       		.uleb128 0x18
 881 013a 00       		.byte	0
 882 013b 00       		.byte	0
 883 013c 18       		.uleb128 0x18
 884 013d 898201   		.uleb128 0x4109
 885 0140 00       		.byte	0
 886 0141 11       		.uleb128 0x11
 887 0142 01       		.uleb128 0x1
 888 0143 31       		.uleb128 0x31
 889 0144 13       		.uleb128 0x13
 890 0145 00       		.byte	0
 891 0146 00       		.byte	0
 892 0147 19       		.uleb128 0x19
 893 0148 34       		.uleb128 0x34
 894 0149 00       		.byte	0
 895 014a 03       		.uleb128 0x3
 896 014b 0E       		.uleb128 0xe
 897 014c 3A       		.uleb128 0x3a
 898 014d 0B       		.uleb128 0xb
 899 014e 3B       		.uleb128 0x3b
 900 014f 0B       		.uleb128 0xb
ARM GAS  C:\Users\Terence\AppData\Local\Temp\ccW00jMa.s 			page 25


 901 0150 49       		.uleb128 0x49
 902 0151 13       		.uleb128 0x13
 903 0152 3F       		.uleb128 0x3f
 904 0153 19       		.uleb128 0x19
 905 0154 02       		.uleb128 0x2
 906 0155 18       		.uleb128 0x18
 907 0156 00       		.byte	0
 908 0157 00       		.byte	0
 909 0158 1A       		.uleb128 0x1a
 910 0159 2E       		.uleb128 0x2e
 911 015a 01       		.byte	0x1
 912 015b 3F       		.uleb128 0x3f
 913 015c 19       		.uleb128 0x19
 914 015d 03       		.uleb128 0x3
 915 015e 0E       		.uleb128 0xe
 916 015f 3A       		.uleb128 0x3a
 917 0160 0B       		.uleb128 0xb
 918 0161 3B       		.uleb128 0x3b
 919 0162 0B       		.uleb128 0xb
 920 0163 27       		.uleb128 0x27
 921 0164 19       		.uleb128 0x19
 922 0165 3C       		.uleb128 0x3c
 923 0166 19       		.uleb128 0x19
 924 0167 01       		.uleb128 0x1
 925 0168 13       		.uleb128 0x13
 926 0169 00       		.byte	0
 927 016a 00       		.byte	0
 928 016b 1B       		.uleb128 0x1b
 929 016c 05       		.uleb128 0x5
 930 016d 00       		.byte	0
 931 016e 49       		.uleb128 0x49
 932 016f 13       		.uleb128 0x13
 933 0170 00       		.byte	0
 934 0171 00       		.byte	0
 935 0172 1C       		.uleb128 0x1c
 936 0173 2E       		.uleb128 0x2e
 937 0174 00       		.byte	0
 938 0175 3F       		.uleb128 0x3f
 939 0176 19       		.uleb128 0x19
 940 0177 03       		.uleb128 0x3
 941 0178 0E       		.uleb128 0xe
 942 0179 3A       		.uleb128 0x3a
 943 017a 0B       		.uleb128 0xb
 944 017b 3B       		.uleb128 0x3b
 945 017c 0B       		.uleb128 0xb
 946 017d 27       		.uleb128 0x27
 947 017e 19       		.uleb128 0x19
 948 017f 3C       		.uleb128 0x3c
 949 0180 19       		.uleb128 0x19
 950 0181 00       		.byte	0
 951 0182 00       		.byte	0
 952 0183 00       		.byte	0
 953              		.section	.debug_loc,"",%progbits
 954              	.Ldebug_loc0:
 955              	.LLST0:
 956 0000 00000000 		.4byte	.LVL0
 957 0004 11000000 		.4byte	.LVL1-1
ARM GAS  C:\Users\Terence\AppData\Local\Temp\ccW00jMa.s 			page 26


 958 0008 0100     		.2byte	0x1
 959 000a 50       		.byte	0x50
 960 000b 11000000 		.4byte	.LVL1-1
 961 000f 3E000000 		.4byte	.LVL8
 962 0013 0100     		.2byte	0x1
 963 0015 55       		.byte	0x55
 964 0016 3E000000 		.4byte	.LVL8
 965 001a 44000000 		.4byte	.LFE32
 966 001e 0400     		.2byte	0x4
 967 0020 F3       		.byte	0xf3
 968 0021 01       		.uleb128 0x1
 969 0022 50       		.byte	0x50
 970 0023 9F       		.byte	0x9f
 971 0024 00000000 		.4byte	0
 972 0028 00000000 		.4byte	0
 973              	.LLST1:
 974 002c 00000000 		.4byte	.LVL0
 975 0030 11000000 		.4byte	.LVL1-1
 976 0034 0100     		.2byte	0x1
 977 0036 51       		.byte	0x51
 978 0037 11000000 		.4byte	.LVL1-1
 979 003b 3E000000 		.4byte	.LVL7
 980 003f 0100     		.2byte	0x1
 981 0041 54       		.byte	0x54
 982 0042 3E000000 		.4byte	.LVL7
 983 0046 44000000 		.4byte	.LFE32
 984 004a 0400     		.2byte	0x4
 985 004c F3       		.byte	0xf3
 986 004d 01       		.uleb128 0x1
 987 004e 51       		.byte	0x51
 988 004f 9F       		.byte	0x9f
 989 0050 00000000 		.4byte	0
 990 0054 00000000 		.4byte	0
 991              	.LLST2:
 992 0058 1C000000 		.4byte	.LVL2
 993 005c 3E000000 		.4byte	.LVL8
 994 0060 0100     		.2byte	0x1
 995 0062 55       		.byte	0x55
 996 0063 3E000000 		.4byte	.LVL8
 997 0067 44000000 		.4byte	.LFE32
 998 006b 0400     		.2byte	0x4
 999 006d F3       		.byte	0xf3
 1000 006e 01       		.uleb128 0x1
 1001 006f 50       		.byte	0x50
 1002 0070 9F       		.byte	0x9f
 1003 0071 00000000 		.4byte	0
 1004 0075 00000000 		.4byte	0
 1005              	.LLST3:
 1006 0079 26000000 		.4byte	.LVL3
 1007 007d 3E000000 		.4byte	.LVL7
 1008 0081 0100     		.2byte	0x1
 1009 0083 54       		.byte	0x54
 1010 0084 3E000000 		.4byte	.LVL7
 1011 0088 44000000 		.4byte	.LFE32
 1012 008c 0400     		.2byte	0x4
 1013 008e F3       		.byte	0xf3
 1014 008f 01       		.uleb128 0x1
ARM GAS  C:\Users\Terence\AppData\Local\Temp\ccW00jMa.s 			page 27


 1015 0090 51       		.byte	0x51
 1016 0091 9F       		.byte	0x9f
 1017 0092 00000000 		.4byte	0
 1018 0096 00000000 		.4byte	0
 1019              		.section	.debug_aranges,"",%progbits
 1020 0000 24000000 		.4byte	0x24
 1021 0004 0200     		.2byte	0x2
 1022 0006 00000000 		.4byte	.Ldebug_info0
 1023 000a 04       		.byte	0x4
 1024 000b 00       		.byte	0
 1025 000c 0000     		.2byte	0
 1026 000e 0000     		.2byte	0
 1027 0010 00000000 		.4byte	.LFB33
 1028 0014 20000000 		.4byte	.LFE33-.LFB33
 1029 0018 00000000 		.4byte	.LFB32
 1030 001c 44000000 		.4byte	.LFE32-.LFB32
 1031 0020 00000000 		.4byte	0
 1032 0024 00000000 		.4byte	0
 1033              		.section	.debug_ranges,"",%progbits
 1034              	.Ldebug_ranges0:
 1035 0000 00000000 		.4byte	.LFB33
 1036 0004 20000000 		.4byte	.LFE33
 1037 0008 00000000 		.4byte	.LFB32
 1038 000c 44000000 		.4byte	.LFE32
 1039 0010 00000000 		.4byte	0
 1040 0014 00000000 		.4byte	0
 1041              		.section	.debug_line,"",%progbits
 1042              	.Ldebug_line0:
 1043 0000 A5000000 		.section	.debug_str,"MS",%progbits,1
 1043      02006200 
 1043      00000201 
 1043      FB0E0D00 
 1043      01010101 
 1044              	.LASF22:
 1045 0000 5553424F 		.ascii	"USBOutDMA_SetSrcAddress\000"
 1045      7574444D 
 1045      415F5365 
 1045      74537263 
 1045      41646472 
 1046              	.LASF24:
 1047 0018 64737441 		.ascii	"dstAddress\000"
 1047      64647265 
 1047      737300
 1048              	.LASF28:
 1049 0023 4379446D 		.ascii	"CyDmaValidateDescriptor\000"
 1049      6156616C 
 1049      69646174 
 1049      65446573 
 1049      63726970 
 1050              	.LASF26:
 1051 003b 4379446D 		.ascii	"CyDmaSetSrcAddress\000"
 1051      61536574 
 1051      53726341 
 1051      64647265 
 1051      737300
 1052              	.LASF2:
 1053 004e 73686F72 		.ascii	"short int\000"
ARM GAS  C:\Users\Terence\AppData\Local\Temp\ccW00jMa.s 			page 28


 1053      7420696E 
 1053      7400
 1054              	.LASF15:
 1055 0058 73697A65 		.ascii	"sizetype\000"
 1055      74797065 
 1055      00
 1056              	.LASF36:
 1057 0061 5553424F 		.ascii	"USBOutDMA_initVar\000"
 1057      7574444D 
 1057      415F696E 
 1057      69745661 
 1057      7200
 1058              	.LASF33:
 1059 0073 5553424F 		.ascii	"USBOutDMA_ChEnable\000"
 1059      7574444D 
 1059      415F4368 
 1059      456E6162 
 1059      6C6500
 1060              	.LASF16:
 1061 0086 6379646D 		.ascii	"cydma_channel_ctl_struct\000"
 1061      615F6368 
 1061      616E6E65 
 1061      6C5F6374 
 1061      6C5F7374 
 1062              	.LASF9:
 1063 009f 75696E74 		.ascii	"uint8\000"
 1063      3800
 1064              	.LASF12:
 1065 00a5 666C6F61 		.ascii	"float\000"
 1065      7400
 1066              	.LASF6:
 1067 00ab 6C6F6E67 		.ascii	"long long int\000"
 1067      206C6F6E 
 1067      6720696E 
 1067      7400
 1068              	.LASF31:
 1069 00b9 2E5C4765 		.ascii	".\\Generated_Source\\PSoC4\\USBOutDMA.c\000"
 1069      6E657261 
 1069      7465645F 
 1069      536F7572 
 1069      63655C50 
 1070              	.LASF23:
 1071 00de 5553424F 		.ascii	"USBOutDMA_SetDstAddress\000"
 1071      7574444D 
 1071      415F5365 
 1071      74447374 
 1071      41646472 
 1072              	.LASF4:
 1073 00f6 6C6F6E67 		.ascii	"long int\000"
 1073      20696E74 
 1073      00
 1074              	.LASF27:
 1075 00ff 4379446D 		.ascii	"CyDmaSetDstAddress\000"
 1075      61536574 
 1075      44737441 
 1075      64647265 
 1075      737300
ARM GAS  C:\Users\Terence\AppData\Local\Temp\ccW00jMa.s 			page 29


 1076              	.LASF30:
 1077 0112 474E5520 		.ascii	"GNU C 4.9.3 20150303 (release) [ARM/embedded-4_9-br"
 1077      4320342E 
 1077      392E3320 
 1077      32303135 
 1077      30333033 
 1078 0145 616E6368 		.ascii	"anch revision 221220] -mcpu=cortex-m0 -mthumb -g -O"
 1078      20726576 
 1078      6973696F 
 1078      6E203232 
 1078      31323230 
 1079 0178 67202D66 		.ascii	"g -ffunction-sections -ffat-lto-objects\000"
 1079      66756E63 
 1079      74696F6E 
 1079      2D736563 
 1079      74696F6E 
 1080              	.LASF25:
 1081 01a0 5553424F 		.ascii	"USBOutDMA_ValidateDescriptor\000"
 1081      7574444D 
 1081      415F5661 
 1081      6C696461 
 1081      74654465 
 1082              	.LASF34:
 1083 01bd 5553424F 		.ascii	"USBOutDMA_Init\000"
 1083      7574444D 
 1083      415F496E 
 1083      697400
 1084              	.LASF1:
 1085 01cc 756E7369 		.ascii	"unsigned char\000"
 1085      676E6564 
 1085      20636861 
 1085      7200
 1086              	.LASF0:
 1087 01da 7369676E 		.ascii	"signed char\000"
 1087      65642063 
 1087      68617200 
 1088              	.LASF7:
 1089 01e6 6C6F6E67 		.ascii	"long long unsigned int\000"
 1089      206C6F6E 
 1089      6720756E 
 1089      7369676E 
 1089      65642069 
 1090              	.LASF8:
 1091 01fd 756E7369 		.ascii	"unsigned int\000"
 1091      676E6564 
 1091      20696E74 
 1091      00
 1092              	.LASF3:
 1093 020a 73686F72 		.ascii	"short unsigned int\000"
 1093      7420756E 
 1093      7369676E 
 1093      65642069 
 1093      6E7400
 1094              	.LASF17:
 1095 021d 73746174 		.ascii	"status\000"
 1095      757300
 1096              	.LASF20:
ARM GAS  C:\Users\Terence\AppData\Local\Temp\ccW00jMa.s 			page 30


 1097 0224 6379646D 		.ascii	"cydma_descriptor_ram_struct\000"
 1097      615F6465 
 1097      73637269 
 1097      70746F72 
 1097      5F72616D 
 1098              	.LASF14:
 1099 0240 63686172 		.ascii	"char\000"
 1099      00
 1100              	.LASF18:
 1101 0245 6379646D 		.ascii	"cydma_descriptor_struct\000"
 1101      615F6465 
 1101      73637269 
 1101      70746F72 
 1101      5F737472 
 1102              	.LASF32:
 1103 025d 433A5C50 		.ascii	"C:\\Program Files (x86)\\Cypress\\CY8CKIT-046 PSoC "
 1103      726F6772 
 1103      616D2046 
 1103      696C6573 
 1103      20287838 
 1104 028d 34204C2D 		.ascii	"4 L-Series Pioneer Kit\\1.0\\Firmware\\PSoC 4200L\\"
 1104      53657269 
 1104      65732050 
 1104      696F6E65 
 1104      6572204B 
 1105 02bc 43593843 		.ascii	"CY8CKIT_046_USB_Audio\\CY8CKIT_046_USB_Audio.cydsn\000"
 1105      4B49545F 
 1105      3034365F 
 1105      5553425F 
 1105      41756469 
 1106              	.LASF21:
 1107 02ee 73726341 		.ascii	"srcAddress\000"
 1107      64647265 
 1107      737300
 1108              	.LASF10:
 1109 02f9 75696E74 		.ascii	"uint32\000"
 1109      333200
 1110              	.LASF5:
 1111 0300 6C6F6E67 		.ascii	"long unsigned int\000"
 1111      20756E73 
 1111      69676E65 
 1111      6420696E 
 1111      7400
 1112              	.LASF11:
 1113 0312 696E7433 		.ascii	"int32\000"
 1113      3200
 1114              	.LASF13:
 1115 0318 646F7562 		.ascii	"double\000"
 1115      6C6500
 1116              	.LASF35:
 1117 031f 5553424F 		.ascii	"USBOutDMA_Start\000"
 1117      7574444D 
 1117      415F5374 
 1117      61727400 
 1118              	.LASF29:
 1119 032f 4379446D 		.ascii	"CyDmaChEnable\000"
 1119      61436845 
ARM GAS  C:\Users\Terence\AppData\Local\Temp\ccW00jMa.s 			page 31


 1119      6E61626C 
 1119      6500
 1120              	.LASF37:
 1121 033d 4379446D 		.ascii	"CyDmaEnable\000"
 1121      61456E61 
 1121      626C6500 
 1122              	.LASF19:
 1123 0349 64657363 		.ascii	"descriptor\000"
 1123      72697074 
 1123      6F7200
 1124              		.ident	"GCC: (GNU Tools for ARM Embedded Processors) 4.9.3 20150303 (release) [ARM/embedded-4_9-br
