#***************************************************************************

#sjplacer

#Version:            1.1

#Build Date:         Apr 25 2016 12:55:34

#File Generated:     Jan 28 2018 21:56:00

#Purpose:            

#Copyright (C) 2010-2011 by Softjin Technologies Pvt Ltd. All rights reserved.

#***************************************************************************

Executing : C:\Program Files (x86)\Cypress\PSoC Creator\3.3\PSoC Creator\bin/sjplacer.exe --proj-name CY8CKIT_046_USB_Audio --netlist-vh2 CY8CKIT_046_USB_Audio_p.vh2 --arch-file C:\Program Files (x86)\Cypress\PSoC Creator\3.3\PSoC Creator\dev/arch/p4_udb2x4.ark --rrg-file C:\Program Files (x86)\Cypress\PSoC Creator\3.3\PSoC Creator\dev/psoc4/2/route_arch-rrg.cydata --irq-file C:\Program Files (x86)\Cypress\PSoC Creator\3.3\PSoC Creator\dev/psoc4/2/irqconn.cydata --drq-file C:\Program Files (x86)\Cypress\PSoC Creator\3.3\PSoC Creator\dev/psoc4/2/triggerconn.cydata --dsi-conn-file C:\Program Files (x86)\Cypress\PSoC Creator\3.3\PSoC Creator\dev/psoc4/2/dsiconn.cydata --pins-file pins_124-VFBGA.xml --lib-file CY8CKIT_046_USB_Audio_p.lib --sdc-file CY8CKIT_046_USB_Audio.sdc --io-pcf CY8CKIT_046_USB_Audio.pci --outdir .

		Softjin Techologies Placer, Version 1.1

Build Date : Apr 25 2016	12:53:53

D2004: Option and Settings Summary
=============================================================
Netlist vh2 file          - CY8CKIT_046_USB_Audio_p.vh2
Architecture file         - C:\Program Files (x86)\Cypress\PSoC Creator\3.3\PSoC Creator\dev/arch/p4_udb2x4.ark
Package                   - 
Defparam file             - 
SDC file                  - CY8CKIT_046_USB_Audio.sdc
Output directory          - .
Timing library            - CY8CKIT_046_USB_Audio_p.lib
IO Placement file         - CY8CKIT_046_USB_Audio.pci

D2050: Starting reading inputs for placer
=============================================================
D2065: Reading netlist file : "CY8CKIT_046_USB_Audio_p.vh2"
D2065: Reading arch file : "C:\Program Files (x86)\Cypress\PSoC Creator\3.3\PSoC Creator\dev/arch/p4_udb2x4.ark"
D2051: Reading of inputs for placer completed successfully

D2053: Starting placement of the design
=============================================================

Phase 2
Phase 3

Design Statistics after Packing
    Number of Combinational MCs 	:	5
    Number of Sequential MCs    	:	23
    Number of DPs               	:	3
    Number of Controls          	:	4
    Number of Status            	:	3
    Number of SyncCells         	:	5
    Number of count7cells       	:	1

Device Utilization Summary after Packing
    Macrocells                  :	28/64
    UDBS                        :	7/8
    IOs                         :	24/99


D2088: Phase 3, elapsed time : 0.0 (sec)

Phase 4
D2088: Phase 4, elapsed time : 0.0 (sec)

Phase 6

######################################################################
Placement Timing Summary

The timing summary is based on estimated routing delays after
placement. For final timing report, please carry out the timing
analysis after routing.
======================================================================

######################################################################
                     Clock Summary 
======================================================================
Number of clocks: 24
Clock: CapSense_SampleClk   | Frequency: N/A       | Target:   0.2 MHz
Clock: CapSense_SampleClk(FFB) | Frequency: N/A       | Target:   0.2 MHz
Clock: CapSense_SenseClk    | Frequency: N/A       | Target:   0.2 MHz
Clock: CapSense_SenseClk(FFB) | Frequency: N/A       | Target:   0.2 MHz
Clock: Clk_Counter          | Frequency: N/A       | Target:  48.0 MHz
Clock: Clk_Counter(FFB)     | Frequency: N/A       | Target:  48.0 MHz
Clock: Clk_I2S/q            | Frequency:  44.4 MHz | Target:   6.1 MHz
Clock: CodecI2CM_SCBCLK     | Frequency: N/A       | Target:   8.0 MHz
Clock: CodecI2CM_SCBCLK(FFB) | Frequency: N/A       | Target:   8.0 MHz
Clock: CyECO                | Frequency: N/A       | Target:  17.2 MHz
Clock: CyHFCLK              | Frequency:   0.0 MHz | Target:  48.0 MHz
Clock: CyILO                | Frequency: N/A       | Target:   0.0 MHz
Clock: CyIMO                | Frequency: N/A       | Target:  48.0 MHz
Clock: CyLFCLK              | Frequency: N/A       | Target:   0.0 MHz
Clock: CyPLL0               | Frequency: N/A       | Target:  24.6 MHz
Clock: CyPLL1               | Frequency: N/A       | Target:  22.6 MHz
Clock: CyRouted1            | Frequency: N/A       | Target:  48.0 MHz
Clock: CyRouted2            | Frequency: N/A       | Target:  22.6 MHz
Clock: CyRouted3            | Frequency: N/A       | Target:  24.6 MHz
Clock: CySYSCLK             | Frequency: N/A       | Target:  48.0 MHz
Clock: CyWCO                | Frequency: N/A       | Target:   0.0 MHz
Clock: Net_3641/q           | Frequency: N/A       | Target:  12.3 MHz
Clock: UART_SCBCLK          | Frequency: N/A       | Target:   1.4 MHz
Clock: UART_SCBCLK(FFB)     | Frequency: N/A       | Target:   1.4 MHz

======================================================================
                     End of Clock Summary
######################################################################

D2088: Phase 6, elapsed time : 0.1 (sec)

Phase 7
######################################################################
                     Clock Summary 
======================================================================
Number of clocks: 24
Clock: CapSense_SampleClk   | Frequency: N/A       | Target:   0.2 MHz
Clock: CapSense_SampleClk(FFB) | Frequency: N/A       | Target:   0.2 MHz
Clock: CapSense_SenseClk    | Frequency: N/A       | Target:   0.2 MHz
Clock: CapSense_SenseClk(FFB) | Frequency: N/A       | Target:   0.2 MHz
Clock: Clk_Counter          | Frequency: N/A       | Target:  48.0 MHz
Clock: Clk_Counter(FFB)     | Frequency: N/A       | Target:  48.0 MHz
Clock: Clk_I2S/q            | Frequency:  50.1 MHz | Target:   6.1 MHz
Clock: CodecI2CM_SCBCLK     | Frequency: N/A       | Target:   8.0 MHz
Clock: CodecI2CM_SCBCLK(FFB) | Frequency: N/A       | Target:   8.0 MHz
Clock: CyECO                | Frequency: N/A       | Target:  17.2 MHz
Clock: CyHFCLK              | Frequency:   0.0 MHz | Target:  48.0 MHz
Clock: CyILO                | Frequency: N/A       | Target:   0.0 MHz
Clock: CyIMO                | Frequency: N/A       | Target:  48.0 MHz
Clock: CyLFCLK              | Frequency: N/A       | Target:   0.0 MHz
Clock: CyPLL0               | Frequency: N/A       | Target:  24.6 MHz
Clock: CyPLL1               | Frequency: N/A       | Target:  22.6 MHz
Clock: CyRouted1            | Frequency: N/A       | Target:  48.0 MHz
Clock: CyRouted2            | Frequency: N/A       | Target:  22.6 MHz
Clock: CyRouted3            | Frequency: N/A       | Target:  24.6 MHz
Clock: CySYSCLK             | Frequency: N/A       | Target:  48.0 MHz
Clock: CyWCO                | Frequency: N/A       | Target:   0.0 MHz
Clock: Net_3641/q           | Frequency: N/A       | Target:  12.3 MHz
Clock: UART_SCBCLK          | Frequency: N/A       | Target:   1.4 MHz
Clock: UART_SCBCLK(FFB)     | Frequency: N/A       | Target:   1.4 MHz

======================================================================
                     End of Clock Summary
######################################################################
D2088: Phase 7, elapsed time : 0.6 (sec)

Final Design Statistics
    Number of Combinational MCs 	:	5
    Number of Sequential MCs    	:	23
    Number of DPs               	:	3
    Number of Controls          	:	4
    Number of Status            	:	3
    Number of SyncCells         	:	5
    Number of count7cells       	:	1
    Number of IOs       	:	24

Device Utilization Summary
    Macrocells                  :	28/64
    IOs                         :	24/99



######################################################################
Placement Timing Summary

The timing summary is based on estimated routing delays after
placement. For final timing report, please carry out the timing
analysis after routing.
======================================================================


######################################################################
                     Clock Summary 
======================================================================
Number of clocks: 24
Clock: CapSense_SampleClk   | Frequency: N/A       | Target:   0.2 MHz
Clock: CapSense_SampleClk(FFB) | Frequency: N/A       | Target:   0.2 MHz
Clock: CapSense_SenseClk    | Frequency: N/A       | Target:   0.2 MHz
Clock: CapSense_SenseClk(FFB) | Frequency: N/A       | Target:   0.2 MHz
Clock: Clk_Counter          | Frequency: N/A       | Target:  48.0 MHz
Clock: Clk_Counter(FFB)     | Frequency: N/A       | Target:  48.0 MHz
Clock: Clk_I2S/q            | Frequency:  58.4 MHz | Target:   6.1 MHz
Clock: CodecI2CM_SCBCLK     | Frequency: N/A       | Target:   8.0 MHz
Clock: CodecI2CM_SCBCLK(FFB) | Frequency: N/A       | Target:   8.0 MHz
Clock: CyECO                | Frequency: N/A       | Target:  17.2 MHz
Clock: CyHFCLK              | Frequency:   0.0 MHz | Target:  48.0 MHz
Clock: CyILO                | Frequency: N/A       | Target:   0.0 MHz
Clock: CyIMO                | Frequency: N/A       | Target:  48.0 MHz
Clock: CyLFCLK              | Frequency: N/A       | Target:   0.0 MHz
Clock: CyPLL0               | Frequency: N/A       | Target:  24.6 MHz
Clock: CyPLL1               | Frequency: N/A       | Target:  22.6 MHz
Clock: CyRouted1            | Frequency: N/A       | Target:  48.0 MHz
Clock: CyRouted2            | Frequency: N/A       | Target:  22.6 MHz
Clock: CyRouted3            | Frequency: N/A       | Target:  24.6 MHz
Clock: CySYSCLK             | Frequency: N/A       | Target:  48.0 MHz
Clock: CyWCO                | Frequency: N/A       | Target:   0.0 MHz
Clock: Net_3641/q           | Frequency: N/A       | Target:  12.3 MHz
Clock: UART_SCBCLK          | Frequency: N/A       | Target:   1.4 MHz
Clock: UART_SCBCLK(FFB)     | Frequency: N/A       | Target:   1.4 MHz

======================================================================
                     End of Clock Summary
######################################################################

Phase 8
D2088: Phase 8, elapsed time : 0.0 (sec)

D2054: Placement of the design completed successfully

I2076: Total run-time: 1.2 sec.

